1593,1593,2025-02-07 11:49:15.7969916,4907,LogAlways,Microsoft-Windows-Security-Auditing,Security,428,452,WIN-3M6ADARIMNH,17,,,,,,,,,,,,False,C:\Users\user\repos\memory-forensics-tool\artifacts\Security.evtx,Audit success,0,"{""EventData"":{""Data"":[{""@Name"":""SubjectUserSid"",""#text"":""S-1-5-18""},{""@Name"":""SubjectUserName"",""#text"":""WIN-3M6ADARIMNH$""},{""@Name"":""SubjectDomainName"",""#text"":""WORKGROUP""},{""@Name"":""SubjectLogonId"",""#text"":""0x3E7""},{""@Name"":""ObjectServer"",""#text"":""Security""},{""@Name"":""ObjectType"",""#text"":""File""},{""@Name"":""ObjectName"",""#text"":""C:\\Program Files\\Windows Sidebar\\Gadgets\\MediaCenter.Gadget\\images\\Gadget_Main_Gradient.png""},{""@Name"":""HandleId"",""#text"":""0x18""},{""@Name"":""OldSd""},{""@Name"":""NewSd"",""#text"":""S:ARAI(AU;SAFA;DCLCRPCRSDWDWO;;;WD)""},{""@Name"":""ProcessId"",""#text"":""0x41C""},{""@Name"":""ProcessName"",""#text"":""C:\\Windows\\System32\\poqexec.exe""}]}}"
1594,1594,2025-02-07 11:49:15.7969916,4907,LogAlways,Microsoft-Windows-Security-Auditing,Security,428,452,WIN-3M6ADARIMNH,17,,,,,,,,,,,,False,C:\Users\user\repos\memory-forensics-tool\artifacts\Security.evtx,Audit success,0,"{""EventData"":{""Data"":[{""@Name"":""SubjectUserSid"",""#text"":""S-1-5-18""},{""@Name"":""SubjectUserName"",""#text"":""WIN-3M6ADARIMNH$""},{""@Name"":""SubjectDomainName"",""#text"":""WORKGROUP""},{""@Name"":""SubjectLogonId"",""#text"":""0x3E7""},{""@Name"":""ObjectServer"",""#text"":""Security""},{""@Name"":""ObjectType"",""#text"":""File""},{""@Name"":""ObjectName"",""#text"":""C:\\Program Files\\Windows Sidebar\\Gadgets\\MediaCenter.Gadget\\images\\Gadget_Waitcursor.gif""},{""@Name"":""HandleId"",""#text"":""0x18""},{""@Name"":""OldSd""},{""@Name"":""NewSd"",""#text"":""S:ARAI(AU;SAFA;DCLCRPCRSDWDWO;;;WD)""},{""@Name"":""ProcessId"",""#text"":""0x41C""},{""@Name"":""ProcessName"",""#text"":""C:\\Windows\\System32\\poqexec.exe""}]}}"
1595,1595,2025-02-07 11:49:15.7969916,4907,LogAlways,Microsoft-Windows-Security-Auditing,Security,428,452,WIN-3M6ADARIMNH,17,,,,,,,,,,,,False,C:\Users\user\repos\memory-forensics-tool\artifacts\Security.evtx,Audit success,0,"{""EventData"":{""Data"":[{""@Name"":""SubjectUserSid"",""#text"":""S-1-5-18""},{""@Name"":""SubjectUserName"",""#text"":""WIN-3M6ADARIMNH$""},{""@Name"":""SubjectDomainName"",""#text"":""WORKGROUP""},{""@Name"":""SubjectLogonId"",""#text"":""0x3E7""},{""@Name"":""ObjectServer"",""#text"":""Security""},{""@Name"":""ObjectType"",""#text"":""File""},{""@Name"":""ObjectName"",""#text"":""C:\\Program Files\\Windows Sidebar\\Gadgets\\MediaCenter.Gadget\\images\\button_left_mouseout.png""},{""@Name"":""HandleId"",""#text"":""0x18""},{""@Name"":""OldSd""},{""@Name"":""NewSd"",""#text"":""S:ARAI(AU;SAFA;DCLCRPCRSDWDWO;;;WD)""},{""@Name"":""ProcessId"",""#text"":""0x41C""},{""@Name"":""ProcessName"",""#text"":""C:\\Windows\\System32\\poqexec.exe""}]}}"
1596,1596,2025-02-07 11:49:15.7969916,4907,LogAlways,Microsoft-Windows-Security-Auditing,Security,428,452,WIN-3M6ADARIMNH,17,,,,,,,,,,,,False,C:\Users\user\repos\memory-forensics-tool\artifacts\Security.evtx,Audit success,0,"{""EventData"":{""Data"":[{""@Name"":""SubjectUserSid"",""#text"":""S-1-5-18""},{""@Name"":""SubjectUserName"",""#text"":""WIN-3M6ADARIMNH$""},{""@Name"":""SubjectDomainName"",""#text"":""WORKGROUP""},{""@Name"":""SubjectLogonId"",""#text"":""0x3E7""},{""@Name"":""ObjectServer"",""#text"":""Security""},{""@Name"":""ObjectType"",""#text"":""File""},{""@Name"":""ObjectName"",""#text"":""C:\\Program Files\\Windows Sidebar\\Gadgets\\MediaCenter.Gadget\\images\\button_MCELogo_mouseout.png""},{""@Name"":""HandleId"",""#text"":""0x18""},{""@Name"":""OldSd""},{""@Name"":""NewSd"",""#text"":""S:ARAI(AU;SAFA;DCLCRPCRSDWDWO;;;WD)""},{""@Name"":""ProcessId"",""#text"":""0x41C""},{""@Name"":""ProcessName"",""#text"":""C:\\Windows\\System32\\poqexec.exe""}]}}"
1597,1597,2025-02-07 11:49:15.7969916,4907,LogAlways,Microsoft-Windows-Security-Auditing,Security,428,452,WIN-3M6ADARIMNH,17,,,,,,,,,,,,False,C:\Users\user\repos\memory-forensics-tool\artifacts\Security.evtx,Audit success,0,"{""EventData"":{""Data"":[{""@Name"":""SubjectUserSid"",""#text"":""S-1-5-18""},{""@Name"":""SubjectUserName"",""#text"":""WIN-3M6ADARIMNH$""},{""@Name"":""SubjectDomainName"",""#text"":""WORKGROUP""},{""@Name"":""SubjectLogonId"",""#text"":""0x3E7""},{""@Name"":""ObjectServer"",""#text"":""Security""},{""@Name"":""ObjectType"",""#text"":""File""},{""@Name"":""ObjectName"",""#text"":""C:\\Program Files\\Windows Sidebar\\Gadgets\\MediaCenter.Gadget\\images\\Gadget_Star_Full.png""},{""@Name"":""HandleId"",""#text"":""0x18""},{""@Name"":""OldSd""},{""@Name"":""NewSd"",""#text"":""S:ARAI(AU;SAFA;DCLCRPCRSDWDWO;;;WD)""},{""@Name"":""ProcessId"",""#text"":""0x41C""},{""@Name"":""ProcessName"",""#text"":""C:\\Windows\\System32\\poqexec.exe""}]}}"
1598,1598,2025-02-07 11:49:15.7969916,4907,LogAlways,Microsoft-Windows-Security-Auditing,Security,428,452,WIN-3M6ADARIMNH,17,,,,,,,,,,,,False,C:\Users\user\repos\memory-forensics-tool\artifacts\Security.evtx,Audit success,0,"{""EventData"":{""Data"":[{""@Name"":""SubjectUserSid"",""#text"":""S-1-5-18""},{""@Name"":""SubjectUserName"",""#text"":""WIN-3M6ADARIMNH$""},{""@Name"":""SubjectDomainName"",""#text"":""WORKGROUP""},{""@Name"":""SubjectLogonId"",""#text"":""0x3E7""},{""@Name"":""ObjectServer"",""#text"":""Security""},{""@Name"":""ObjectType"",""#text"":""File""},{""@Name"":""ObjectName"",""#text"":""C:\\Program Files\\Windows Sidebar\\Gadgets\\MediaCenter.Gadget\\images\\flyout_background.png""},{""@Name"":""HandleId"",""#text"":""0x18""},{""@Name"":""OldSd""},{""@Name"":""NewSd"",""#text"":""S:ARAI(AU;SAFA;DCLCRPCRSDWDWO;;;WD)""},{""@Name"":""ProcessId"",""#text"":""0x41C""},{""@Name"":""ProcessName"",""#text"":""C:\\Windows\\System32\\poqexec.exe""}]}}"
1599,1599,2025-02-07 11:49:15.8125916,4907,LogAlways,Microsoft-Windows-Security-Auditing,Security,428,452,WIN-3M6ADARIMNH,17,,,,,,,,,,,,False,C:\Users\user\repos\memory-forensics-tool\artifacts\Security.evtx,Audit success,0,"{""EventData"":{""Data"":[{""@Name"":""SubjectUserSid"",""#text"":""S-1-5-18""},{""@Name"":""SubjectUserName"",""#text"":""WIN-3M6ADARIMNH$""},{""@Name"":""SubjectDomainName"",""#text"":""WORKGROUP""},{""@Name"":""SubjectLogonId"",""#text"":""0x3E7""},{""@Name"":""ObjectServer"",""#text"":""Security""},{""@Name"":""ObjectType"",""#text"":""File""},{""@Name"":""ObjectName"",""#text"":""C:\\Program Files\\Windows Sidebar\\Gadgets\\MediaCenter.Gadget\\images\\button_play.png""},{""@Name"":""HandleId"",""#text"":""0x18""},{""@Name"":""OldSd""},{""@Name"":""NewSd"",""#text"":""S:ARAI(AU;SAFA;DCLCRPCRSDWDWO;;;WD)""},{""@Name"":""ProcessId"",""#text"":""0x41C""},{""@Name"":""ProcessName"",""#text"":""C:\\Windows\\System32\\poqexec.exe""}]}}"
1600,1600,2025-02-07 11:49:15.8125916,4907,LogAlways,Microsoft-Windows-Security-Auditing,Security,428,452,WIN-3M6ADARIMNH,17,,,,,,,,,,,,False,C:\Users\user\repos\memory-forensics-tool\artifacts\Security.evtx,Audit success,0,"{""EventData"":{""Data"":[{""@Name"":""SubjectUserSid"",""#text"":""S-1-5-18""},{""@Name"":""SubjectUserName"",""#text"":""WIN-3M6ADARIMNH$""},{""@Name"":""SubjectDomainName"",""#text"":""WORKGROUP""},{""@Name"":""SubjectLogonId"",""#text"":""0x3E7""},{""@Name"":""ObjectServer"",""#text"":""Security""},{""@Name"":""ObjectType"",""#text"":""File""},{""@Name"":""ObjectName"",""#text"":""C:\\Program Files\\Windows Sidebar\\Gadgets\\MediaCenter.Gadget\\images\\Gadget_Star_Empty.png""},{""@Name"":""HandleId"",""#text"":""0x18""},{""@Name"":""OldSd""},{""@Name"":""NewSd"",""#text"":""S:ARAI(AU;SAFA;DCLCRPCRSDWDWO;;;WD)""},{""@Name"":""ProcessId"",""#text"":""0x41C""},{""@Name"":""ProcessName"",""#text"":""C:\\Windows\\System32\\poqexec.exe""}]}}"
1601,1601,2025-02-07 11:49:15.8125916,4907,LogAlways,Microsoft-Windows-Security-Auditing,Security,428,452,WIN-3M6ADARIMNH,17,,,,,,,,,,,,False,C:\Users\user\repos\memory-forensics-tool\artifacts\Security.evtx,Audit success,0,"{""EventData"":{""Data"":[{""@Name"":""SubjectUserSid"",""#text"":""S-1-5-18""},{""@Name"":""SubjectUserName"",""#text"":""WIN-3M6ADARIMNH$""},{""@Name"":""SubjectDomainName"",""#text"":""WORKGROUP""},{""@Name"":""SubjectLogonId"",""#text"":""0x3E7""},{""@Name"":""ObjectServer"",""#text"":""Security""},{""@Name"":""ObjectType"",""#text"":""File""},{""@Name"":""ObjectName"",""#text"":""C:\\Program Files\\Windows Sidebar\\Gadgets\\MediaCenter.Gadget\\images\\Gadget_Flyout_Thumbnail_Shadow.png""},{""@Name"":""HandleId"",""#text"":""0x18""},{""@Name"":""OldSd""},{""@Name"":""NewSd"",""#text"":""S:ARAI(AU;SAFA;DCLCRPCRSDWDWO;;;WD)""},{""@Name"":""ProcessId"",""#text"":""0x41C""},{""@Name"":""ProcessName"",""#text"":""C:\\Windows\\System32\\poqexec.exe""}]}}"
1602,1602,2025-02-07 11:49:15.8125916,4907,LogAlways,Microsoft-Windows-Security-Auditing,Security,428,452,WIN-3M6ADARIMNH,17,,,,,,,,,,,,False,C:\Users\user\repos\memory-forensics-tool\artifacts\Security.evtx,Audit success,0,"{""EventData"":{""Data"":[{""@Name"":""SubjectUserSid"",""#text"":""S-1-5-18""},{""@Name"":""SubjectUserName"",""#text"":""WIN-3M6ADARIMNH$""},{""@Name"":""SubjectDomainName"",""#text"":""WORKGROUP""},{""@Name"":""SubjectLogonId"",""#text"":""0x3E7""},{""@Name"":""ObjectServer"",""#text"":""Security""},{""@Name"":""ObjectType"",""#text"":""File""},{""@Name"":""ObjectName"",""#text"":""C:\\Program Files\\Windows Sidebar\\Gadgets\\MediaCenter.Gadget\\images\\button_left_mousedown.png""},{""@Name"":""HandleId"",""#text"":""0x18""},{""@Name"":""OldSd""},{""@Name"":""NewSd"",""#text"":""S:ARAI(AU;SAFA;DCLCRPCRSDWDWO;;;WD)""},{""@Name"":""ProcessId"",""#text"":""0x41C""},{""@Name"":""ProcessName"",""#text"":""C:\\Windows\\System32\\poqexec.exe""}]}}"
1603,1603,2025-02-07 11:49:15.8125916,4907,LogAlways,Microsoft-Windows-Security-Auditing,Security,428,452,WIN-3M6ADARIMNH,17,,,,,,,,,,,,False,C:\Users\user\repos\memory-forensics-tool\artifacts\Security.evtx,Audit success,0,"{""EventData"":{""Data"":[{""@Name"":""SubjectUserSid"",""#text"":""S-1-5-18""},{""@Name"":""SubjectUserName"",""#text"":""WIN-3M6ADARIMNH$""},{""@Name"":""SubjectDomainName"",""#text"":""WORKGROUP""},{""@Name"":""SubjectLogonId"",""#text"":""0x3E7""},{""@Name"":""ObjectServer"",""#text"":""Security""},{""@Name"":""ObjectType"",""#text"":""File""},{""@Name"":""ObjectName"",""#text"":""C:\\Program Files\\Windows Sidebar\\Gadgets\\MediaCenter.Gadget\\js\\settings.js""},{""@Name"":""HandleId"",""#text"":""0x18""},{""@Name"":""OldSd""},{""@Name"":""NewSd"",""#text"":""S:ARAI(AU;SAFA;DCLCRPCRSDWDWO;;;WD)""},{""@Name"":""ProcessId"",""#text"":""0x41C""},{""@Name"":""ProcessName"",""#text"":""C:\\Windows\\System32\\poqexec.exe""}]}}"
1604,1604,2025-02-07 11:49:15.8125916,4907,LogAlways,Microsoft-Windows-Security-Auditing,Security,428,452,WIN-3M6ADARIMNH,17,,,,,,,,,,,,False,C:\Users\user\repos\memory-forensics-tool\artifacts\Security.evtx,Audit success,0,"{""EventData"":{""Data"":[{""@Name"":""SubjectUserSid"",""#text"":""S-1-5-18""},{""@Name"":""SubjectUserName"",""#text"":""WIN-3M6ADARIMNH$""},{""@Name"":""SubjectDomainName"",""#text"":""WORKGROUP""},{""@Name"":""SubjectLogonId"",""#text"":""0x3E7""},{""@Name"":""ObjectServer"",""#text"":""Security""},{""@Name"":""ObjectType"",""#text"":""File""},{""@Name"":""ObjectName"",""#text"":""C:\\Program Files\\Windows Sidebar\\Gadgets\\MediaCenter.Gadget\\js\\main.js""},{""@Name"":""HandleId"",""#text"":""0x18""},{""@Name"":""OldSd""},{""@Name"":""NewSd"",""#text"":""S:ARAI(AU;SAFA;DCLCRPCRSDWDWO;;;WD)""},{""@Name"":""ProcessId"",""#text"":""0x41C""},{""@Name"":""ProcessName"",""#text"":""C:\\Windows\\System32\\poqexec.exe""}]}}"
1605,1605,2025-02-07 11:49:15.8125916,4907,LogAlways,Microsoft-Windows-Security-Auditing,Security,428,452,WIN-3M6ADARIMNH,17,,,,,,,,,,,,False,C:\Users\user\repos\memory-forensics-tool\artifacts\Security.evtx,Audit success,0,"{""EventData"":{""Data"":[{""@Name"":""SubjectUserSid"",""#text"":""S-1-5-18""},{""@Name"":""SubjectUserName"",""#text"":""WIN-3M6ADARIMNH$""},{""@Name"":""SubjectDomainName"",""#text"":""WORKGROUP""},{""@Name"":""SubjectLogonId"",""#text"":""0x3E7""},{""@Name"":""ObjectServer"",""#text"":""Security""},{""@Name"":""ObjectType"",""#text"":""File""},{""@Name"":""ObjectName"",""#text"":""C:\\Program Files (x86)\\Common Files\\microsoft shared\\ink\\mraut.dll""},{""@Name"":""HandleId"",""#text"":""0x18""},{""@Name"":""OldSd""},{""@Name"":""NewSd"",""#text"":""S:ARAI(AU;SAFA;DCLCRPCRSDWDWO;;;WD)""},{""@Name"":""ProcessId"",""#text"":""0x41C""},{""@Name"":""ProcessName"",""#text"":""C:\\Windows\\System32\\poqexec.exe""}]}}"
1606,1606,2025-02-07 11:49:15.8125916,4907,LogAlways,Microsoft-Windows-Security-Auditing,Security,428,452,WIN-3M6ADARIMNH,17,,,,,,,,,,,,False,C:\Users\user\repos\memory-forensics-tool\artifacts\Security.evtx,Audit success,0,"{""EventData"":{""Data"":[{""@Name"":""SubjectUserSid"",""#text"":""S-1-5-18""},{""@Name"":""SubjectUserName"",""#text"":""WIN-3M6ADARIMNH$""},{""@Name"":""SubjectDomainName"",""#text"":""WORKGROUP""},{""@Name"":""SubjectLogonId"",""#text"":""0x3E7""},{""@Name"":""ObjectServer"",""#text"":""Security""},{""@Name"":""ObjectType"",""#text"":""File""},{""@Name"":""ObjectName"",""#text"":""C:\\Program Files (x86)\\Common Files\\microsoft shared\\ink\\tiptsf.dll""},{""@Name"":""HandleId"",""#text"":""0x18""},{""@Name"":""OldSd""},{""@Name"":""NewSd"",""#text"":""S:ARAI(AU;SAFA;DCLCRPCRSDWDWO;;;WD)""},{""@Name"":""ProcessId"",""#text"":""0x41C""},{""@Name"":""ProcessName"",""#text"":""C:\\Windows\\System32\\poqexec.exe""}]}}"
1607,1607,2025-02-07 11:49:15.8125916,4907,LogAlways,Microsoft-Windows-Security-Auditing,Security,428,452,WIN-3M6ADARIMNH,17,,,,,,,,,,,,False,C:\Users\user\repos\memory-forensics-tool\artifacts\Security.evtx,Audit success,0,"{""EventData"":{""Data"":[{""@Name"":""SubjectUserSid"",""#text"":""S-1-5-18""},{""@Name"":""SubjectUserName"",""#text"":""WIN-3M6ADARIMNH$""},{""@Name"":""SubjectDomainName"",""#text"":""WORKGROUP""},{""@Name"":""SubjectLogonId"",""#text"":""0x3E7""},{""@Name"":""ObjectServer"",""#text"":""Security""},{""@Name"":""ObjectType"",""#text"":""File""},{""@Name"":""ObjectName"",""#text"":""C:\\Program Files (x86)\\Common Files\\microsoft shared\\ink\\TabTip32.exe""},{""@Name"":""HandleId"",""#text"":""0x18""},{""@Name"":""OldSd""},{""@Name"":""NewSd"",""#text"":""S:ARAI(AU;SAFA;DCLCRPCRSDWDWO;;;WD)""},{""@Name"":""ProcessId"",""#text"":""0x41C""},{""@Name"":""ProcessName"",""#text"":""C:\\Windows\\System32\\poqexec.exe""}]}}"
1608,1608,2025-02-07 11:49:15.8281917,4907,LogAlways,Microsoft-Windows-Security-Auditing,Security,428,452,WIN-3M6ADARIMNH,17,,,,,,,,,,,,False,C:\Users\user\repos\memory-forensics-tool\artifacts\Security.evtx,Audit success,0,"{""EventData"":{""Data"":[{""@Name"":""SubjectUserSid"",""#text"":""S-1-5-18""},{""@Name"":""SubjectUserName"",""#text"":""WIN-3M6ADARIMNH$""},{""@Name"":""SubjectDomainName"",""#text"":""WORKGROUP""},{""@Name"":""SubjectLogonId"",""#text"":""0x3E7""},{""@Name"":""ObjectServer"",""#text"":""Security""},{""@Name"":""ObjectType"",""#text"":""File""},{""@Name"":""ObjectName"",""#text"":""C:\\Program Files (x86)\\Common Files\\microsoft shared\\ink\\mip.exe""},{""@Name"":""HandleId"",""#text"":""0x18""},{""@Name"":""OldSd""},{""@Name"":""NewSd"",""#text"":""S:ARAI(AU;SAFA;DCLCRPCRSDWDWO;;;WD)""},{""@Name"":""ProcessId"",""#text"":""0x41C""},{""@Name"":""ProcessName"",""#text"":""C:\\Windows\\System32\\poqexec.exe""}]}}"
1609,1609,2025-02-07 11:49:15.8281917,4907,LogAlways,Microsoft-Windows-Security-Auditing,Security,428,452,WIN-3M6ADARIMNH,17,,,,,,,,,,,,False,C:\Users\user\repos\memory-forensics-tool\artifacts\Security.evtx,Audit success,0,"{""EventData"":{""Data"":[{""@Name"":""SubjectUserSid"",""#text"":""S-1-5-18""},{""@Name"":""SubjectUserName"",""#text"":""WIN-3M6ADARIMNH$""},{""@Name"":""SubjectDomainName"",""#text"":""WORKGROUP""},{""@Name"":""SubjectLogonId"",""#text"":""0x3E7""},{""@Name"":""ObjectServer"",""#text"":""Security""},{""@Name"":""ObjectType"",""#text"":""File""},{""@Name"":""ObjectName"",""#text"":""C:\\Program Files (x86)\\Common Files\\microsoft shared\\ink\\mshwLatin.dll""},{""@Name"":""HandleId"",""#text"":""0x18""},{""@Name"":""OldSd""},{""@Name"":""NewSd"",""#text"":""S:ARAI(AU;SAFA;DCLCRPCRSDWDWO;;;WD)""},{""@Name"":""ProcessId"",""#text"":""0x41C""},{""@Name"":""ProcessName"",""#text"":""C:\\Windows\\System32\\poqexec.exe""}]}}"
1610,1610,2025-02-07 11:49:15.8281917,4907,LogAlways,Microsoft-Windows-Security-Auditing,Security,428,452,WIN-3M6ADARIMNH,17,,,,,,,,,,,,False,C:\Users\user\repos\memory-forensics-tool\artifacts\Security.evtx,Audit success,0,"{""EventData"":{""Data"":[{""@Name"":""SubjectUserSid"",""#text"":""S-1-5-18""},{""@Name"":""SubjectUserName"",""#text"":""WIN-3M6ADARIMNH$""},{""@Name"":""SubjectDomainName"",""#text"":""WORKGROUP""},{""@Name"":""SubjectLogonId"",""#text"":""0x3E7""},{""@Name"":""ObjectServer"",""#text"":""Security""},{""@Name"":""ObjectType"",""#text"":""File""},{""@Name"":""ObjectName"",""#text"":""C:\\Program Files (x86)\\Common Files\\microsoft shared\\ink\\micaut.dll""},{""@Name"":""HandleId"",""#text"":""0x18""},{""@Name"":""OldSd""},{""@Name"":""NewSd"",""#text"":""S:ARAI(AU;SAFA;DCLCRPCRSDWDWO;;;WD)""},{""@Name"":""ProcessId"",""#text"":""0x41C""},{""@Name"":""ProcessName"",""#text"":""C:\\Windows\\System32\\poqexec.exe""}]}}"
1611,1611,2025-02-07 11:49:15.8281917,4907,LogAlways,Microsoft-Windows-Security-Auditing,Security,428,452,WIN-3M6ADARIMNH,17,,,,,,,,,,,,False,C:\Users\user\repos\memory-forensics-tool\artifacts\Security.evtx,Audit success,0,"{""EventData"":{""Data"":[{""@Name"":""SubjectUserSid"",""#text"":""S-1-5-18""},{""@Name"":""SubjectUserName"",""#text"":""WIN-3M6ADARIMNH$""},{""@Name"":""SubjectDomainName"",""#text"":""WORKGROUP""},{""@Name"":""SubjectLogonId"",""#text"":""0x3E7""},{""@Name"":""ObjectServer"",""#text"":""Security""},{""@Name"":""ObjectType"",""#text"":""File""},{""@Name"":""ObjectName"",""#text"":""C:\\Program Files (x86)\\Common Files\\microsoft shared\\ink\\en-US\\mshwLatin.dll.mui""},{""@Name"":""HandleId"",""#text"":""0x18""},{""@Name"":""OldSd""},{""@Name"":""NewSd"",""#text"":""S:ARAI(AU;SAFA;DCLCRPCRSDWDWO;;;WD)""},{""@Name"":""ProcessId"",""#text"":""0x41C""},{""@Name"":""ProcessName"",""#text"":""C:\\Windows\\System32\\poqexec.exe""}]}}"
1612,1612,2025-02-07 11:49:15.8281917,4907,LogAlways,Microsoft-Windows-Security-Auditing,Security,428,452,WIN-3M6ADARIMNH,17,,,,,,,,,,,,False,C:\Users\user\repos\memory-forensics-tool\artifacts\Security.evtx,Audit success,0,"{""EventData"":{""Data"":[{""@Name"":""SubjectUserSid"",""#text"":""S-1-5-18""},{""@Name"":""SubjectUserName"",""#text"":""WIN-3M6ADARIMNH$""},{""@Name"":""SubjectDomainName"",""#text"":""WORKGROUP""},{""@Name"":""SubjectLogonId"",""#text"":""0x3E7""},{""@Name"":""ObjectServer"",""#text"":""Security""},{""@Name"":""ObjectType"",""#text"":""File""},{""@Name"":""ObjectName"",""#text"":""C:\\Program Files (x86)\\Common Files\\microsoft shared\\ink\\en-US\\micaut.dll.mui""},{""@Name"":""HandleId"",""#text"":""0x18""},{""@Name"":""OldSd""},{""@Name"":""NewSd"",""#text"":""S:ARAI(AU;SAFA;DCLCRPCRSDWDWO;;;WD)""},{""@Name"":""ProcessId"",""#text"":""0x41C""},{""@Name"":""ProcessName"",""#text"":""C:\\Windows\\System32\\poqexec.exe""}]}}"
1613,1613,2025-02-07 11:49:15.8281917,4907,LogAlways,Microsoft-Windows-Security-Auditing,Security,428,452,WIN-3M6ADARIMNH,17,,,,,,,,,,,,False,C:\Users\user\repos\memory-forensics-tool\artifacts\Security.evtx,Audit success,0,"{""EventData"":{""Data"":[{""@Name"":""SubjectUserSid"",""#text"":""S-1-5-18""},{""@Name"":""SubjectUserName"",""#text"":""WIN-3M6ADARIMNH$""},{""@Name"":""SubjectDomainName"",""#text"":""WORKGROUP""},{""@Name"":""SubjectLogonId"",""#text"":""0x3E7""},{""@Name"":""ObjectServer"",""#text"":""Security""},{""@Name"":""ObjectType"",""#text"":""File""},{""@Name"":""ObjectName"",""#text"":""C:\\Program Files (x86)\\Common Files\\microsoft shared\\ink\\en-US\\TipBand.dll.mui""},{""@Name"":""HandleId"",""#text"":""0x18""},{""@Name"":""OldSd""},{""@Name"":""NewSd"",""#text"":""S:ARAI(AU;SAFA;DCLCRPCRSDWDWO;;;WD)""},{""@Name"":""ProcessId"",""#text"":""0x41C""},{""@Name"":""ProcessName"",""#text"":""C:\\Windows\\System32\\poqexec.exe""}]}}"
1614,1614,2025-02-07 11:49:15.8281917,4907,LogAlways,Microsoft-Windows-Security-Auditing,Security,428,452,WIN-3M6ADARIMNH,17,,,,,,,,,,,,False,C:\Users\user\repos\memory-forensics-tool\artifacts\Security.evtx,Audit success,0,"{""EventData"":{""Data"":[{""@Name"":""SubjectUserSid"",""#text"":""S-1-5-18""},{""@Name"":""SubjectUserName"",""#text"":""WIN-3M6ADARIMNH$""},{""@Name"":""SubjectDomainName"",""#text"":""WORKGROUP""},{""@Name"":""SubjectLogonId"",""#text"":""0x3E7""},{""@Name"":""ObjectServer"",""#text"":""Security""},{""@Name"":""ObjectType"",""#text"":""File""},{""@Name"":""ObjectName"",""#text"":""C:\\Program Files (x86)\\Common Files\\microsoft shared\\ink\\en-US\\TipRes.dll.mui""},{""@Name"":""HandleId"",""#text"":""0x18""},{""@Name"":""OldSd""},{""@Name"":""NewSd"",""#text"":""S:ARAI(AU;SAFA;DCLCRPCRSDWDWO;;;WD)""},{""@Name"":""ProcessId"",""#text"":""0x41C""},{""@Name"":""ProcessName"",""#text"":""C:\\Windows\\System32\\poqexec.exe""}]}}"
1615,1615,2025-02-07 11:49:15.8281917,4907,LogAlways,Microsoft-Windows-Security-Auditing,Security,428,452,WIN-3M6ADARIMNH,17,,,,,,,,,,,,False,C:\Users\user\repos\memory-forensics-tool\artifacts\Security.evtx,Audit success,0,"{""EventData"":{""Data"":[{""@Name"":""SubjectUserSid"",""#text"":""S-1-5-18""},{""@Name"":""SubjectUserName"",""#text"":""WIN-3M6ADARIMNH$""},{""@Name"":""SubjectDomainName"",""#text"":""WORKGROUP""},{""@Name"":""SubjectLogonId"",""#text"":""0x3E7""},{""@Name"":""ObjectServer"",""#text"":""Security""},{""@Name"":""ObjectType"",""#text"":""File""},{""@Name"":""ObjectName"",""#text"":""C:\\Program Files (x86)\\Common Files\\microsoft shared\\ink\\en-US\\TipTsf.dll.mui""},{""@Name"":""HandleId"",""#text"":""0x18""},{""@Name"":""OldSd""},{""@Name"":""NewSd"",""#text"":""S:ARAI(AU;SAFA;DCLCRPCRSDWDWO;;;WD)""},{""@Name"":""ProcessId"",""#text"":""0x41C""},{""@Name"":""ProcessName"",""#text"":""C:\\Windows\\System32\\poqexec.exe""}]}}"
1616,1616,2025-02-07 11:49:15.8281917,4907,LogAlways,Microsoft-Windows-Security-Auditing,Security,428,452,WIN-3M6ADARIMNH,17,,,,,,,,,,,,False,C:\Users\user\repos\memory-forensics-tool\artifacts\Security.evtx,Audit success,0,"{""EventData"":{""Data"":[{""@Name"":""SubjectUserSid"",""#text"":""S-1-5-18""},{""@Name"":""SubjectUserName"",""#text"":""WIN-3M6ADARIMNH$""},{""@Name"":""SubjectDomainName"",""#text"":""WORKGROUP""},{""@Name"":""SubjectLogonId"",""#text"":""0x3E7""},{""@Name"":""ObjectServer"",""#text"":""Security""},{""@Name"":""ObjectType"",""#text"":""File""},{""@Name"":""ObjectName"",""#text"":""C:\\Program Files (x86)\\Common Files\\microsoft shared\\ink\\en-US\\mip.exe.mui""},{""@Name"":""HandleId"",""#text"":""0x18""},{""@Name"":""OldSd""},{""@Name"":""NewSd"",""#text"":""S:ARAI(AU;SAFA;DCLCRPCRSDWDWO;;;WD)""},{""@Name"":""ProcessId"",""#text"":""0x41C""},{""@Name"":""ProcessName"",""#text"":""C:\\Windows\\System32\\poqexec.exe""}]}}"
1617,1617,2025-02-07 11:49:15.9529919,4907,LogAlways,Microsoft-Windows-Security-Auditing,Security,428,452,WIN-3M6ADARIMNH,17,,,,,,,,,,,,False,C:\Users\user\repos\memory-forensics-tool\artifacts\Security.evtx,Audit success,0,"{""EventData"":{""Data"":[{""@Name"":""SubjectUserSid"",""#text"":""S-1-5-18""},{""@Name"":""SubjectUserName"",""#text"":""WIN-3M6ADARIMNH$""},{""@Name"":""SubjectDomainName"",""#text"":""WORKGROUP""},{""@Name"":""SubjectLogonId"",""#text"":""0x3E7""},{""@Name"":""ObjectServer"",""#text"":""Security""},{""@Name"":""ObjectType"",""#text"":""File""},{""@Name"":""ObjectName"",""#text"":""C:\\ProgramData\\Microsoft\\Windows\\Start Menu\\Programs\\Games\\desktop.ini""},{""@Name"":""HandleId"",""#text"":""0x18""},{""@Name"":""OldSd"",""#text"":""S:AI""},{""@Name"":""NewSd""},{""@Name"":""ProcessId"",""#text"":""0x41C""},{""@Name"":""ProcessName"",""#text"":""C:\\Windows\\System32\\poqexec.exe""}]}}"
1618,1618,2025-02-07 11:49:20.8826005,1100,Info,Microsoft-Windows-Eventlog,Security,660,2528,WIN-3M6ADARIMNH,17,,The event logging service has shut down,,,,,,,,,,False,C:\Users\user\repos\memory-forensics-tool\artifacts\Security.evtx,0x4020000000000000,0,"{""UserData"":{""ServiceShutdown"":""""}}"
1619,1619,2025-02-07 11:49:51.3000137,4608,LogAlways,Microsoft-Windows-Security-Auditing,Security,468,472,WIN-3M6ADARIMNH,17,,Windows is starting up,,,,,,,,,,False,C:\Users\user\repos\memory-forensics-tool\artifacts\Security.evtx,Audit success,0,"{""EventData"":""""}"
1620,1620,2025-02-07 11:49:51.3156137,4624,LogAlways,Microsoft-Windows-Security-Auditing,Security,468,472,WIN-3M6ADARIMNH,17,,Successful logon,-\-,- (-),Target: NT AUTHORITY\SYSTEM,LogonType 0,LogonId: 0x3E7,AuthenticationPackageName: -,LogonProcessName: -,,,False,C:\Users\user\repos\memory-forensics-tool\artifacts\Security.evtx,Audit success,0,"{""EventData"":{""Data"":[{""@Name"":""SubjectUserSid"",""#text"":""S-1-0-0""},{""@Name"":""SubjectUserName"",""#text"":""-""},{""@Name"":""SubjectDomainName"",""#text"":""-""},{""@Name"":""SubjectLogonId"",""#text"":""0x0""},{""@Name"":""TargetUserSid"",""#text"":""S-1-5-18""},{""@Name"":""TargetUserName"",""#text"":""SYSTEM""},{""@Name"":""TargetDomainName"",""#text"":""NT AUTHORITY""},{""@Name"":""TargetLogonId"",""#text"":""0x3E7""},{""@Name"":""LogonType"",""#text"":""0""},{""@Name"":""LogonProcessName"",""#text"":""-""},{""@Name"":""AuthenticationPackageName"",""#text"":""-""},{""@Name"":""WorkstationName"",""#text"":""-""},{""@Name"":""LogonGuid"",""#text"":""00000000-0000-0000-0000-000000000000""},{""@Name"":""TransmittedServices"",""#text"":""-""},{""@Name"":""LmPackageName"",""#text"":""-""},{""@Name"":""KeyLength"",""#text"":""0""},{""@Name"":""ProcessId"",""#text"":""0x4""},{""@Name"":""ProcessName""},{""@Name"":""IpAddress"",""#text"":""-""},{""@Name"":""IpPort"",""#text"":""-""}]}}"
1621,1621,2025-02-07 11:49:51.3156137,4902,LogAlways,Microsoft-Windows-Security-Auditing,Security,468,520,WIN-3M6ADARIMNH,17,,,,,,,,,,,,False,C:\Users\user\repos\memory-forensics-tool\artifacts\Security.evtx,Audit success,0,"{""EventData"":{""Data"":[{""@Name"":""PuaCount"",""#text"":""0""},{""@Name"":""PuaPolicyId"",""#text"":""0xAD93""}]}}"
1622,1622,2025-02-07 11:49:51.7368144,4624,LogAlways,Microsoft-Windows-Security-Auditing,Security,468,532,WIN-3M6ADARIMNH,17,,Successful logon,WORKGROUP\WIN-3M6ADARIMNH$," (-)",Target: NT AUTHORITY\SYSTEM,LogonType 5,LogonId: 0x3E7,AuthenticationPackageName: Negotiate,"LogonProcessName: Advapi  ",,C:\Windows\System32\services.exe,False,C:\Users\user\repos\memory-forensics-tool\artifacts\Security.evtx,Audit success,0,"{""EventData"":{""Data"":[{""@Name"":""SubjectUserSid"",""#text"":""S-1-5-18""},{""@Name"":""SubjectUserName"",""#text"":""WIN-3M6ADARIMNH$""},{""@Name"":""SubjectDomainName"",""#text"":""WORKGROUP""},{""@Name"":""SubjectLogonId"",""#text"":""0x3E7""},{""@Name"":""TargetUserSid"",""#text"":""S-1-5-18""},{""@Name"":""TargetUserName"",""#text"":""SYSTEM""},{""@Name"":""TargetDomainName"",""#text"":""NT AUTHORITY""},{""@Name"":""TargetLogonId"",""#text"":""0x3E7""},{""@Name"":""LogonType"",""#text"":""5""},{""@Name"":""LogonProcessName"",""#text"":""Advapi  ""},{""@Name"":""AuthenticationPackageName"",""#text"":""Negotiate""},{""@Name"":""WorkstationName""},{""@Name"":""LogonGuid"",""#text"":""00000000-0000-0000-0000-000000000000""},{""@Name"":""TransmittedServices"",""#text"":""-""},{""@Name"":""LmPackageName"",""#text"":""-""},{""@Name"":""KeyLength"",""#text"":""0""},{""@Name"":""ProcessId"",""#text"":""0x1CC""},{""@Name"":""ProcessName"",""#text"":""C:\\Windows\\System32\\services.exe""},{""@Name"":""IpAddress"",""#text"":""-""},{""@Name"":""IpPort"",""#text"":""-""}]}}"
1623,1623,2025-02-07 11:49:51.7368144,4672,LogAlways,Microsoft-Windows-Security-Auditing,Security,468,532,WIN-3M6ADARIMNH,17,,Administrative logon,NT AUTHORITY\SYSTEM (S-1-5-18),,"PrivilegeList: SeAssignPrimaryTokenPrivilege, SeTcbPrivilege, SeSecurityPrivilege, SeTakeOwnershipPrivilege, SeLoadDriverPrivilege, SeBackupPrivilege, SeRestorePrivilege, SeDebugPrivilege, SeAuditPrivilege, SeSystemEnvironmentPrivilege, SeImpersonatePrivilege",LogonId: 0x3E7,,,,,,False,C:\Users\user\repos\memory-forensics-tool\artifacts\Security.evtx,Audit success,0,"{""EventData"":{""Data"":[{""@Name"":""SubjectUserSid"",""#text"":""S-1-5-18""},{""@Name"":""SubjectUserName"",""#text"":""SYSTEM""},{""@Name"":""SubjectDomainName"",""#text"":""NT AUTHORITY""},{""@Name"":""SubjectLogonId"",""#text"":""0x3E7""},{""@Name"":""PrivilegeList"",""#text"":""SeAssignPrimaryTokenPrivilege, SeTcbPrivilege, SeSecurityPrivilege, SeTakeOwnershipPrivilege, SeLoadDriverPrivilege, SeBackupPrivilege, SeRestorePrivilege, SeDebugPrivilege, SeAuditPrivilege, SeSystemEnvironmentPrivilege, SeImpersonatePrivilege""}]}}"
1624,1624,2025-02-07 11:49:51.7836145,4624,LogAlways,Microsoft-Windows-Security-Auditing,Security,468,532,WIN-3M6ADARIMNH,17,,Successful logon,WORKGROUP\WIN-3M6ADARIMNH$," (-)",Target: NT AUTHORITY\NETWORK SERVICE,LogonType 5,LogonId: 0x3E4,AuthenticationPackageName: Negotiate,"LogonProcessName: Advapi  ",,C:\Windows\System32\services.exe,False,C:\Users\user\repos\memory-forensics-tool\artifacts\Security.evtx,Audit success,0,"{""EventData"":{""Data"":[{""@Name"":""SubjectUserSid"",""#text"":""S-1-5-18""},{""@Name"":""SubjectUserName"",""#text"":""WIN-3M6ADARIMNH$""},{""@Name"":""SubjectDomainName"",""#text"":""WORKGROUP""},{""@Name"":""SubjectLogonId"",""#text"":""0x3E7""},{""@Name"":""TargetUserSid"",""#text"":""S-1-5-20""},{""@Name"":""TargetUserName"",""#text"":""NETWORK SERVICE""},{""@Name"":""TargetDomainName"",""#text"":""NT AUTHORITY""},{""@Name"":""TargetLogonId"",""#text"":""0x3E4""},{""@Name"":""LogonType"",""#text"":""5""},{""@Name"":""LogonProcessName"",""#text"":""Advapi  ""},{""@Name"":""AuthenticationPackageName"",""#text"":""Negotiate""},{""@Name"":""WorkstationName""},{""@Name"":""LogonGuid"",""#text"":""00000000-0000-0000-0000-000000000000""},{""@Name"":""TransmittedServices"",""#text"":""-""},{""@Name"":""LmPackageName"",""#text"":""-""},{""@Name"":""KeyLength"",""#text"":""0""},{""@Name"":""ProcessId"",""#text"":""0x1CC""},{""@Name"":""ProcessName"",""#text"":""C:\\Windows\\System32\\services.exe""},{""@Name"":""IpAddress"",""#text"":""-""},{""@Name"":""IpPort"",""#text"":""-""}]}}"
1625,1625,2025-02-07 11:49:51.7836145,4672,LogAlways,Microsoft-Windows-Security-Auditing,Security,468,532,WIN-3M6ADARIMNH,17,,Administrative logon,NT AUTHORITY\NETWORK SERVICE (S-1-5-20),,"PrivilegeList: SeAssignPrimaryTokenPrivilege, SeAuditPrivilege, SeImpersonatePrivilege",LogonId: 0x3E4,,,,,,False,C:\Users\user\repos\memory-forensics-tool\artifacts\Security.evtx,Audit success,0,"{""EventData"":{""Data"":[{""@Name"":""SubjectUserSid"",""#text"":""S-1-5-20""},{""@Name"":""SubjectUserName"",""#text"":""NETWORK SERVICE""},{""@Name"":""SubjectDomainName"",""#text"":""NT AUTHORITY""},{""@Name"":""SubjectLogonId"",""#text"":""0x3E4""},{""@Name"":""PrivilegeList"",""#text"":""SeAssignPrimaryTokenPrivilege, SeAuditPrivilege, SeImpersonatePrivilege""}]}}"
1626,1626,2025-02-07 11:49:51.7992145,4624,LogAlways,Microsoft-Windows-Security-Auditing,Security,468,532,WIN-3M6ADARIMNH,17,,Successful logon,WORKGROUP\WIN-3M6ADARIMNH$," (-)",Target: NT AUTHORITY\LOCAL SERVICE,LogonType 5,LogonId: 0x3E5,AuthenticationPackageName: Negotiate,"LogonProcessName: Advapi  ",,C:\Windows\System32\services.exe,False,C:\Users\user\repos\memory-forensics-tool\artifacts\Security.evtx,Audit success,0,"{""EventData"":{""Data"":[{""@Name"":""SubjectUserSid"",""#text"":""S-1-5-18""},{""@Name"":""SubjectUserName"",""#text"":""WIN-3M6ADARIMNH$""},{""@Name"":""SubjectDomainName"",""#text"":""WORKGROUP""},{""@Name"":""SubjectLogonId"",""#text"":""0x3E7""},{""@Name"":""TargetUserSid"",""#text"":""S-1-5-19""},{""@Name"":""TargetUserName"",""#text"":""LOCAL SERVICE""},{""@Name"":""TargetDomainName"",""#text"":""NT AUTHORITY""},{""@Name"":""TargetLogonId"",""#text"":""0x3E5""},{""@Name"":""LogonType"",""#text"":""5""},{""@Name"":""LogonProcessName"",""#text"":""Advapi  ""},{""@Name"":""AuthenticationPackageName"",""#text"":""Negotiate""},{""@Name"":""WorkstationName""},{""@Name"":""LogonGuid"",""#text"":""00000000-0000-0000-0000-000000000000""},{""@Name"":""TransmittedServices"",""#text"":""-""},{""@Name"":""LmPackageName"",""#text"":""-""},{""@Name"":""KeyLength"",""#text"":""0""},{""@Name"":""ProcessId"",""#text"":""0x1CC""},{""@Name"":""ProcessName"",""#text"":""C:\\Windows\\System32\\services.exe""},{""@Name"":""IpAddress"",""#text"":""-""},{""@Name"":""IpPort"",""#text"":""-""}]}}"
1627,1627,2025-02-07 11:49:51.7992145,4672,LogAlways,Microsoft-Windows-Security-Auditing,Security,468,532,WIN-3M6ADARIMNH,18,,Administrative logon,NT AUTHORITY\LOCAL SERVICE (S-1-5-19),,"PrivilegeList: SeAssignPrimaryTokenPrivilege, SeAuditPrivilege, SeImpersonatePrivilege",LogonId: 0x3E5,,,,,,False,C:\Users\user\repos\memory-forensics-tool\artifacts\Security.evtx,Audit success,0,"{""EventData"":{""Data"":[{""@Name"":""SubjectUserSid"",""#text"":""S-1-5-19""},{""@Name"":""SubjectUserName"",""#text"":""LOCAL SERVICE""},{""@Name"":""SubjectDomainName"",""#text"":""NT AUTHORITY""},{""@Name"":""SubjectLogonId"",""#text"":""0x3E5""},{""@Name"":""PrivilegeList"",""#text"":""SeAssignPrimaryTokenPrivilege, SeAuditPrivilege, SeImpersonatePrivilege""}]}}"
1628,1628,2025-02-07 11:49:51.9708148,4624,LogAlways,Microsoft-Windows-Security-Auditing,Security,468,532,WIN-3M6ADARIMNH,18,,Successful logon,WORKGROUP\WIN-3M6ADARIMNH$," (-)",Target: NT AUTHORITY\SYSTEM,LogonType 5,LogonId: 0x3E7,AuthenticationPackageName: Negotiate,"LogonProcessName: Advapi  ",,C:\Windows\System32\services.exe,False,C:\Users\user\repos\memory-forensics-tool\artifacts\Security.evtx,Audit success,0,"{""EventData"":{""Data"":[{""@Name"":""SubjectUserSid"",""#text"":""S-1-5-18""},{""@Name"":""SubjectUserName"",""#text"":""WIN-3M6ADARIMNH$""},{""@Name"":""SubjectDomainName"",""#text"":""WORKGROUP""},{""@Name"":""SubjectLogonId"",""#text"":""0x3E7""},{""@Name"":""TargetUserSid"",""#text"":""S-1-5-18""},{""@Name"":""TargetUserName"",""#text"":""SYSTEM""},{""@Name"":""TargetDomainName"",""#text"":""NT AUTHORITY""},{""@Name"":""TargetLogonId"",""#text"":""0x3E7""},{""@Name"":""LogonType"",""#text"":""5""},{""@Name"":""LogonProcessName"",""#text"":""Advapi  ""},{""@Name"":""AuthenticationPackageName"",""#text"":""Negotiate""},{""@Name"":""WorkstationName""},{""@Name"":""LogonGuid"",""#text"":""00000000-0000-0000-0000-000000000000""},{""@Name"":""TransmittedServices"",""#text"":""-""},{""@Name"":""LmPackageName"",""#text"":""-""},{""@Name"":""KeyLength"",""#text"":""0""},{""@Name"":""ProcessId"",""#text"":""0x1CC""},{""@Name"":""ProcessName"",""#text"":""C:\\Windows\\System32\\services.exe""},{""@Name"":""IpAddress"",""#text"":""-""},{""@Name"":""IpPort"",""#text"":""-""}]}}"
1629,1629,2025-02-07 11:49:51.9708148,4672,LogAlways,Microsoft-Windows-Security-Auditing,Security,468,532,WIN-3M6ADARIMNH,18,,Administrative logon,NT AUTHORITY\SYSTEM (S-1-5-18),,"PrivilegeList: SeAssignPrimaryTokenPrivilege, SeTcbPrivilege, SeSecurityPrivilege, SeTakeOwnershipPrivilege, SeLoadDriverPrivilege, SeBackupPrivilege, SeRestorePrivilege, SeDebugPrivilege, SeAuditPrivilege, SeSystemEnvironmentPrivilege, SeImpersonatePrivilege",LogonId: 0x3E7,,,,,,False,C:\Users\user\repos\memory-forensics-tool\artifacts\Security.evtx,Audit success,0,"{""EventData"":{""Data"":[{""@Name"":""SubjectUserSid"",""#text"":""S-1-5-18""},{""@Name"":""SubjectUserName"",""#text"":""SYSTEM""},{""@Name"":""SubjectDomainName"",""#text"":""NT AUTHORITY""},{""@Name"":""SubjectLogonId"",""#text"":""0x3E7""},{""@Name"":""PrivilegeList"",""#text"":""SeAssignPrimaryTokenPrivilege, SeTcbPrivilege, SeSecurityPrivilege, SeTakeOwnershipPrivilege, SeLoadDriverPrivilege, SeBackupPrivilege, SeRestorePrivilege, SeDebugPrivilege, SeAuditPrivilege, SeSystemEnvironmentPrivilege, SeImpersonatePrivilege""}]}}"
1630,1630,2025-02-07 11:49:52.0332149,4624,LogAlways,Microsoft-Windows-Security-Auditing,Security,468,532,WIN-3M6ADARIMNH,18,,Successful logon,WORKGROUP\WIN-3M6ADARIMNH$," (-)",Target: NT AUTHORITY\SYSTEM,LogonType 5,LogonId: 0x3E7,AuthenticationPackageName: Negotiate,"LogonProcessName: Advapi  ",,C:\Windows\System32\services.exe,False,C:\Users\user\repos\memory-forensics-tool\artifacts\Security.evtx,Audit success,0,"{""EventData"":{""Data"":[{""@Name"":""SubjectUserSid"",""#text"":""S-1-5-18""},{""@Name"":""SubjectUserName"",""#text"":""WIN-3M6ADARIMNH$""},{""@Name"":""SubjectDomainName"",""#text"":""WORKGROUP""},{""@Name"":""SubjectLogonId"",""#text"":""0x3E7""},{""@Name"":""TargetUserSid"",""#text"":""S-1-5-18""},{""@Name"":""TargetUserName"",""#text"":""SYSTEM""},{""@Name"":""TargetDomainName"",""#text"":""NT AUTHORITY""},{""@Name"":""TargetLogonId"",""#text"":""0x3E7""},{""@Name"":""LogonType"",""#text"":""5""},{""@Name"":""LogonProcessName"",""#text"":""Advapi  ""},{""@Name"":""AuthenticationPackageName"",""#text"":""Negotiate""},{""@Name"":""WorkstationName""},{""@Name"":""LogonGuid"",""#text"":""00000000-0000-0000-0000-000000000000""},{""@Name"":""TransmittedServices"",""#text"":""-""},{""@Name"":""LmPackageName"",""#text"":""-""},{""@Name"":""KeyLength"",""#text"":""0""},{""@Name"":""ProcessId"",""#text"":""0x1CC""},{""@Name"":""ProcessName"",""#text"":""C:\\Windows\\System32\\services.exe""},{""@Name"":""IpAddress"",""#text"":""-""},{""@Name"":""IpPort"",""#text"":""-""}]}}"
1631,1631,2025-02-07 11:49:52.0332149,4672,LogAlways,Microsoft-Windows-Security-Auditing,Security,468,532,WIN-3M6ADARIMNH,18,,Administrative logon,NT AUTHORITY\SYSTEM (S-1-5-18),,"PrivilegeList: SeAssignPrimaryTokenPrivilege, SeTcbPrivilege, SeSecurityPrivilege, SeTakeOwnershipPrivilege, SeLoadDriverPrivilege, SeBackupPrivilege, SeRestorePrivilege, SeDebugPrivilege, SeAuditPrivilege, SeSystemEnvironmentPrivilege, SeImpersonatePrivilege",LogonId: 0x3E7,,,,,,False,C:\Users\user\repos\memory-forensics-tool\artifacts\Security.evtx,Audit success,0,"{""EventData"":{""Data"":[{""@Name"":""SubjectUserSid"",""#text"":""S-1-5-18""},{""@Name"":""SubjectUserName"",""#text"":""SYSTEM""},{""@Name"":""SubjectDomainName"",""#text"":""NT AUTHORITY""},{""@Name"":""SubjectLogonId"",""#text"":""0x3E7""},{""@Name"":""PrivilegeList"",""#text"":""SeAssignPrimaryTokenPrivilege, SeTcbPrivilege, SeSecurityPrivilege, SeTakeOwnershipPrivilege, SeLoadDriverPrivilege, SeBackupPrivilege, SeRestorePrivilege, SeDebugPrivilege, SeAuditPrivilege, SeSystemEnvironmentPrivilege, SeImpersonatePrivilege""}]}}"
1632,1632,2025-02-07 11:49:52.0956151,4624,LogAlways,Microsoft-Windows-Security-Auditing,Security,468,532,WIN-3M6ADARIMNH,18,,Successful logon,WORKGROUP\WIN-3M6ADARIMNH$," (-)",Target: NT AUTHORITY\SYSTEM,LogonType 5,LogonId: 0x3E7,AuthenticationPackageName: Negotiate,"LogonProcessName: Advapi  ",,C:\Windows\System32\services.exe,False,C:\Users\user\repos\memory-forensics-tool\artifacts\Security.evtx,Audit success,0,"{""EventData"":{""Data"":[{""@Name"":""SubjectUserSid"",""#text"":""S-1-5-18""},{""@Name"":""SubjectUserName"",""#text"":""WIN-3M6ADARIMNH$""},{""@Name"":""SubjectDomainName"",""#text"":""WORKGROUP""},{""@Name"":""SubjectLogonId"",""#text"":""0x3E7""},{""@Name"":""TargetUserSid"",""#text"":""S-1-5-18""},{""@Name"":""TargetUserName"",""#text"":""SYSTEM""},{""@Name"":""TargetDomainName"",""#text"":""NT AUTHORITY""},{""@Name"":""TargetLogonId"",""#text"":""0x3E7""},{""@Name"":""LogonType"",""#text"":""5""},{""@Name"":""LogonProcessName"",""#text"":""Advapi  ""},{""@Name"":""AuthenticationPackageName"",""#text"":""Negotiate""},{""@Name"":""WorkstationName""},{""@Name"":""LogonGuid"",""#text"":""00000000-0000-0000-0000-000000000000""},{""@Name"":""TransmittedServices"",""#text"":""-""},{""@Name"":""LmPackageName"",""#text"":""-""},{""@Name"":""KeyLength"",""#text"":""0""},{""@Name"":""ProcessId"",""#text"":""0x1CC""},{""@Name"":""ProcessName"",""#text"":""C:\\Windows\\System32\\services.exe""},{""@Name"":""IpAddress"",""#text"":""-""},{""@Name"":""IpPort"",""#text"":""-""}]}}"
1633,1633,2025-02-07 11:49:52.0956151,4672,LogAlways,Microsoft-Windows-Security-Auditing,Security,468,532,WIN-3M6ADARIMNH,18,,Administrative logon,NT AUTHORITY\SYSTEM (S-1-5-18),,"PrivilegeList: SeAssignPrimaryTokenPrivilege, SeTcbPrivilege, SeSecurityPrivilege, SeTakeOwnershipPrivilege, SeLoadDriverPrivilege, SeBackupPrivilege, SeRestorePrivilege, SeDebugPrivilege, SeAuditPrivilege, SeSystemEnvironmentPrivilege, SeImpersonatePrivilege",LogonId: 0x3E7,,,,,,False,C:\Users\user\repos\memory-forensics-tool\artifacts\Security.evtx,Audit success,0,"{""EventData"":{""Data"":[{""@Name"":""SubjectUserSid"",""#text"":""S-1-5-18""},{""@Name"":""SubjectUserName"",""#text"":""SYSTEM""},{""@Name"":""SubjectDomainName"",""#text"":""NT AUTHORITY""},{""@Name"":""SubjectLogonId"",""#text"":""0x3E7""},{""@Name"":""PrivilegeList"",""#text"":""SeAssignPrimaryTokenPrivilege, SeTcbPrivilege, SeSecurityPrivilege, SeTakeOwnershipPrivilege, SeLoadDriverPrivilege, SeBackupPrivilege, SeRestorePrivilege, SeDebugPrivilege, SeAuditPrivilege, SeSystemEnvironmentPrivilege, SeImpersonatePrivilege""}]}}"
1634,1634,2025-02-07 11:49:52.4544157,4624,LogAlways,Microsoft-Windows-Security-Auditing,Security,468,532,WIN-3M6ADARIMNH,18,,Successful logon,WORKGROUP\WIN-3M6ADARIMNH$," (-)",Target: NT AUTHORITY\SYSTEM,LogonType 5,LogonId: 0x3E7,AuthenticationPackageName: Negotiate,"LogonProcessName: Advapi  ",,C:\Windows\System32\services.exe,False,C:\Users\user\repos\memory-forensics-tool\artifacts\Security.evtx,Audit success,0,"{""EventData"":{""Data"":[{""@Name"":""SubjectUserSid"",""#text"":""S-1-5-18""},{""@Name"":""SubjectUserName"",""#text"":""WIN-3M6ADARIMNH$""},{""@Name"":""SubjectDomainName"",""#text"":""WORKGROUP""},{""@Name"":""SubjectLogonId"",""#text"":""0x3E7""},{""@Name"":""TargetUserSid"",""#text"":""S-1-5-18""},{""@Name"":""TargetUserName"",""#text"":""SYSTEM""},{""@Name"":""TargetDomainName"",""#text"":""NT AUTHORITY""},{""@Name"":""TargetLogonId"",""#text"":""0x3E7""},{""@Name"":""LogonType"",""#text"":""5""},{""@Name"":""LogonProcessName"",""#text"":""Advapi  ""},{""@Name"":""AuthenticationPackageName"",""#text"":""Negotiate""},{""@Name"":""WorkstationName""},{""@Name"":""LogonGuid"",""#text"":""00000000-0000-0000-0000-000000000000""},{""@Name"":""TransmittedServices"",""#text"":""-""},{""@Name"":""LmPackageName"",""#text"":""-""},{""@Name"":""KeyLength"",""#text"":""0""},{""@Name"":""ProcessId"",""#text"":""0x1CC""},{""@Name"":""ProcessName"",""#text"":""C:\\Windows\\System32\\services.exe""},{""@Name"":""IpAddress"",""#text"":""-""},{""@Name"":""IpPort"",""#text"":""-""}]}}"
1635,1635,2025-02-07 11:49:52.4544157,4672,LogAlways,Microsoft-Windows-Security-Auditing,Security,468,532,WIN-3M6ADARIMNH,18,,Administrative logon,NT AUTHORITY\SYSTEM (S-1-5-18),,"PrivilegeList: SeAssignPrimaryTokenPrivilege, SeTcbPrivilege, SeSecurityPrivilege, SeTakeOwnershipPrivilege, SeLoadDriverPrivilege, SeBackupPrivilege, SeRestorePrivilege, SeDebugPrivilege, SeAuditPrivilege, SeSystemEnvironmentPrivilege, SeImpersonatePrivilege",LogonId: 0x3E7,,,,,,False,C:\Users\user\repos\memory-forensics-tool\artifacts\Security.evtx,Audit success,0,"{""EventData"":{""Data"":[{""@Name"":""SubjectUserSid"",""#text"":""S-1-5-18""},{""@Name"":""SubjectUserName"",""#text"":""SYSTEM""},{""@Name"":""SubjectDomainName"",""#text"":""NT AUTHORITY""},{""@Name"":""SubjectLogonId"",""#text"":""0x3E7""},{""@Name"":""PrivilegeList"",""#text"":""SeAssignPrimaryTokenPrivilege, SeTcbPrivilege, SeSecurityPrivilege, SeTakeOwnershipPrivilege, SeLoadDriverPrivilege, SeBackupPrivilege, SeRestorePrivilege, SeDebugPrivilege, SeAuditPrivilege, SeSystemEnvironmentPrivilege, SeImpersonatePrivilege""}]}}"
1636,1636,2025-02-07 11:49:52.5168158,5033,LogAlways,Microsoft-Windows-Security-Auditing,Security,4,68,WIN-3M6ADARIMNH,18,,,,,,,,,,,,False,C:\Users\user\repos\memory-forensics-tool\artifacts\Security.evtx,Audit success,0,"{""EventData"":""""}"
1637,1637,2025-02-07 11:49:52.6884161,5024,LogAlways,Microsoft-Windows-Security-Auditing,Security,468,532,WIN-3M6ADARIMNH,18,,,,,,,,,,,,False,C:\Users\user\repos\memory-forensics-tool\artifacts\Security.evtx,Audit success,0,"{""EventData"":""""}"
1638,1638,2025-02-07 11:49:52.7508162,4624,LogAlways,Microsoft-Windows-Security-Auditing,Security,468,532,WIN-3M6ADARIMNH,18,,Successful logon,-\-," (-)",Target: NT AUTHORITY\ANONYMOUS LOGON,LogonType 3,LogonId: 0x195FC,AuthenticationPackageName: NTLM,"LogonProcessName: NtLmSsp ",,-,False,C:\Users\user\repos\memory-forensics-tool\artifacts\Security.evtx,Audit success,0,"{""EventData"":{""Data"":[{""@Name"":""SubjectUserSid"",""#text"":""S-1-0-0""},{""@Name"":""SubjectUserName"",""#text"":""-""},{""@Name"":""SubjectDomainName"",""#text"":""-""},{""@Name"":""SubjectLogonId"",""#text"":""0x0""},{""@Name"":""TargetUserSid"",""#text"":""S-1-5-7""},{""@Name"":""TargetUserName"",""#text"":""ANONYMOUS LOGON""},{""@Name"":""TargetDomainName"",""#text"":""NT AUTHORITY""},{""@Name"":""TargetLogonId"",""#text"":""0x195FC""},{""@Name"":""LogonType"",""#text"":""3""},{""@Name"":""LogonProcessName"",""#text"":""NtLmSsp ""},{""@Name"":""AuthenticationPackageName"",""#text"":""NTLM""},{""@Name"":""WorkstationName""},{""@Name"":""LogonGuid"",""#text"":""00000000-0000-0000-0000-000000000000""},{""@Name"":""TransmittedServices"",""#text"":""-""},{""@Name"":""LmPackageName"",""#text"":""NTLM V1""},{""@Name"":""KeyLength"",""#text"":""0""},{""@Name"":""ProcessId"",""#text"":""0x0""},{""@Name"":""ProcessName"",""#text"":""-""},{""@Name"":""IpAddress"",""#text"":""-""},{""@Name"":""IpPort"",""#text"":""-""}]}}"
1639,1639,2025-02-07 11:50:44.3245068,1100,Info,Microsoft-Windows-Eventlog,Security,696,736,WIN-3M6ADARIMNH,18,,The event logging service has shut down,,,,,,,,,,False,C:\Users\user\repos\memory-forensics-tool\artifacts\Security.evtx,0x4020000000000000,0,"{""UserData"":{""ServiceShutdown"":""""}}"
1640,1640,2025-02-07 11:51:10.1236186,4608,LogAlways,Microsoft-Windows-Security-Auditing,Security,476,480,WIN-3M6ADARIMNH,18,,Windows is starting up,,,,,,,,,,False,C:\Users\user\repos\memory-forensics-tool\artifacts\Security.evtx,Audit success,0,"{""EventData"":""""}"
1641,1641,2025-02-07 11:51:10.1236186,4624,LogAlways,Microsoft-Windows-Security-Auditing,Security,476,480,WIN-3M6ADARIMNH,18,,Successful logon,-\-,- (-),Target: NT AUTHORITY\SYSTEM,LogonType 0,LogonId: 0x3E7,AuthenticationPackageName: -,LogonProcessName: -,,,False,C:\Users\user\repos\memory-forensics-tool\artifacts\Security.evtx,Audit success,0,"{""EventData"":{""Data"":[{""@Name"":""SubjectUserSid"",""#text"":""S-1-0-0""},{""@Name"":""SubjectUserName"",""#text"":""-""},{""@Name"":""SubjectDomainName"",""#text"":""-""},{""@Name"":""SubjectLogonId"",""#text"":""0x0""},{""@Name"":""TargetUserSid"",""#text"":""S-1-5-18""},{""@Name"":""TargetUserName"",""#text"":""SYSTEM""},{""@Name"":""TargetDomainName"",""#text"":""NT AUTHORITY""},{""@Name"":""TargetLogonId"",""#text"":""0x3E7""},{""@Name"":""LogonType"",""#text"":""0""},{""@Name"":""LogonProcessName"",""#text"":""-""},{""@Name"":""AuthenticationPackageName"",""#text"":""-""},{""@Name"":""WorkstationName"",""#text"":""-""},{""@Name"":""LogonGuid"",""#text"":""00000000-0000-0000-0000-000000000000""},{""@Name"":""TransmittedServices"",""#text"":""-""},{""@Name"":""LmPackageName"",""#text"":""-""},{""@Name"":""KeyLength"",""#text"":""0""},{""@Name"":""ProcessId"",""#text"":""0x4""},{""@Name"":""ProcessName""},{""@Name"":""IpAddress"",""#text"":""-""},{""@Name"":""IpPort"",""#text"":""-""}]}}"
1642,1642,2025-02-07 11:51:10.1392187,4902,LogAlways,Microsoft-Windows-Security-Auditing,Security,476,532,WIN-3M6ADARIMNH,18,,,,,,,,,,,,False,C:\Users\user\repos\memory-forensics-tool\artifacts\Security.evtx,Audit success,0,"{""EventData"":{""Data"":[{""@Name"":""PuaCount"",""#text"":""0""},{""@Name"":""PuaPolicyId"",""#text"":""0xC12B""}]}}"
1643,1643,2025-02-07 11:51:10.1548187,4731,LogAlways,Microsoft-Windows-Security-Auditing,Security,476,480,WIN-3M6ADARIMNH,18,,A security-enabled local group was created,WORKGROUP\WIN-3M6ADARIMNH$ (S-1-5-18),,Target: Builtin\Backup Operators (S-1-5-32-551),SubjectLogonId: 0x3E7,SamAccountName: Backup Operators,SidHistory: -,PrivilegeList: -,,,False,C:\Users\user\repos\memory-forensics-tool\artifacts\Security.evtx,Audit success,0,"{""EventData"":{""Data"":[{""@Name"":""TargetUserName"",""#text"":""Backup Operators""},{""@Name"":""TargetDomainName"",""#text"":""Builtin""},{""@Name"":""TargetSid"",""#text"":""S-1-5-32-551""},{""@Name"":""SubjectUserSid"",""#text"":""S-1-5-18""},{""@Name"":""SubjectUserName"",""#text"":""WIN-3M6ADARIMNH$""},{""@Name"":""SubjectDomainName"",""#text"":""WORKGROUP""},{""@Name"":""SubjectLogonId"",""#text"":""0x3E7""},{""@Name"":""PrivilegeList"",""#text"":""-""},{""@Name"":""SamAccountName"",""#text"":""Backup Operators""},{""@Name"":""SidHistory"",""#text"":""-""}]}}"
