53,53,2025-02-07 11:22:08.6104160,5320,Info,Microsoft-Windows-GroupPolicy,Microsoft-Windows-GroupPolicy/Operational,816,856,WIN-3M6ADARIMNH,0,S-1-5-18,,,,,,,,,,,False,C:\Users\user\repos\memory-forensics-tool\artifacts\file.None.0xfffffa800343ff10.dat.evtx,0x4000000000000000,0,"{""EventData"":{""Data"":{""@Name"":""InfoDescription"",""#text"":""%%4160""}}}"
54,54,2025-02-07 11:22:08.6104160,5320,Info,Microsoft-Windows-GroupPolicy,Microsoft-Windows-GroupPolicy/Operational,816,856,WIN-3M6ADARIMNH,0,S-1-5-18,,,,,,,,,,,False,C:\Users\user\repos\memory-forensics-tool\artifacts\file.None.0xfffffa800343ff10.dat.evtx,0x4000000000000000,0,"{""EventData"":{""Data"":{""@Name"":""InfoDescription"",""#text"":""%%4166""}}}"
55,55,2025-02-07 11:22:08.6104160,5321,Info,Microsoft-Windows-GroupPolicy,Microsoft-Windows-GroupPolicy/Operational,816,856,WIN-3M6ADARIMNH,0,S-1-5-18,,,,,,,,,,,False,C:\Users\user\repos\memory-forensics-tool\artifacts\file.None.0xfffffa800343ff10.dat.evtx,0x4000000000000000,0,"{""EventData"":{""Data"":[{""@Name"":""InfoDescription"",""#text"":""%%4167""},{""@Name"":""OperationParameter1"",""#text"":""d2c3b887-a147-46fe-8e52-05a3aaf70fbf""}]}}"
56,56,2025-02-07 11:22:08.7040162,5324,Info,Microsoft-Windows-GroupPolicy,Microsoft-Windows-GroupPolicy/Operational,816,296,WIN-3M6ADARIMNH,0,S-1-5-18,,,,,,,,,,,False,C:\Users\user\repos\memory-forensics-tool\artifacts\file.None.0xfffffa800343ff10.dat.evtx,0x4000000000000000,0,"{""EventData"":{""Data"":[{""@Name"":""NotificationType"",""#text"":""0""},{""@Name"":""SessionId"",""#text"":""1""}]}}"
57,57,2025-02-07 11:22:08.7040162,4000,Info,Microsoft-Windows-GroupPolicy,Microsoft-Windows-GroupPolicy/Operational,816,284,WIN-3M6ADARIMNH,0,S-1-5-18,,,,,,,,,,,False,C:\Users\user\repos\memory-forensics-tool\artifacts\file.None.0xfffffa800343ff10.dat.evtx,0x4000000000000000,0,"{""EventData"":{""Data"":[{""@Name"":""PolicyActivityId"",""#text"":""53eff26d-36f3-466a-b41d-9f0e5455674f""},{""@Name"":""PrincipalSamName"",""#text"":""WORKGROUP\\WIN-3M6ADARIMNH$""},{""@Name"":""IsMachine"",""#text"":""1""},{""@Name"":""IsDomainJoined"",""#text"":""False""},{""@Name"":""IsBackgroundProcessing"",""#text"":""False""},{""@Name"":""IsAsyncProcessing"",""#text"":""True""},{""@Name"":""IsServiceRestart"",""#text"":""False""},{""@Name"":""ReasonForSyncProcessing"",""#text"":""0""}]}}"
58,58,2025-02-07 11:22:08.7040162,5311,Info,Microsoft-Windows-GroupPolicy,Microsoft-Windows-GroupPolicy/Operational,816,284,WIN-3M6ADARIMNH,0,S-1-5-18,,,,,,,,,,,False,C:\Users\user\repos\memory-forensics-tool\artifacts\file.None.0xfffffa800343ff10.dat.evtx,0x4000000000000000,0,"{""EventData"":{""Data"":{""@Name"":""PolicyProcessingMode"",""#text"":""0""}}}"
59,59,2025-02-07 11:22:08.7040162,5312,Info,Microsoft-Windows-GroupPolicy,Microsoft-Windows-GroupPolicy/Operational,816,284,WIN-3M6ADARIMNH,0,S-1-5-18,,,,,,,,,,,False,C:\Users\user\repos\memory-forensics-tool\artifacts\file.None.0xfffffa800343ff10.dat.evtx,0x4000000000000000,0,"{""EventData"":{""Data"":[{""@Name"":""DescriptionString"",""#text"":""None""},{""@Name"":""GPOInfoList""}]}}"
60,60,2025-02-07 11:22:08.7040162,5313,Info,Microsoft-Windows-GroupPolicy,Microsoft-Windows-GroupPolicy/Operational,816,284,WIN-3M6ADARIMNH,0,S-1-5-18,,,,,,,,,,,False,C:\Users\user\repos\memory-forensics-tool\artifacts\file.None.0xfffffa800343ff10.dat.evtx,0x4000000000000000,0,"{""EventData"":{""Data"":[{""@Name"":""DescriptionString"",""#text"":""Local Group Policy, Not Applied (Empty), ""},{""@Name"":""GPOInfoList"",""#text"":""&lt;GPO ID=\""Local Group Policy\""&gt;&lt;Name&gt;Local Group Policy&lt;/Name&gt;&lt;Version&gt;0&lt;/Version&gt;&lt;SOM&gt;Local&lt;/SOM&gt;&lt;FSPath&gt;C:\\Windows\\System32\\GroupPolicy\\Machine&lt;/FSPath&gt;&lt;Reason&gt;NOTAPPLIED-EMPTY&lt;/Reason&gt;&lt;/GPO&gt;""}]}}"
61,61,2025-02-07 11:22:08.7040162,5320,Info,Microsoft-Windows-GroupPolicy,Microsoft-Windows-GroupPolicy/Operational,816,284,WIN-3M6ADARIMNH,0,S-1-5-18,,,,,,,,,,,False,C:\Users\user\repos\memory-forensics-tool\artifacts\file.None.0xfffffa800343ff10.dat.evtx,0x4000000000000000,0,"{""EventData"":{""Data"":{""@Name"":""InfoDescription"",""#text"":""%%4161""}}}"
62,62,2025-02-07 11:22:08.7040162,5320,Info,Microsoft-Windows-GroupPolicy,Microsoft-Windows-GroupPolicy/Operational,816,284,WIN-3M6ADARIMNH,0,S-1-5-18,,,,,,,,,,,False,C:\Users\user\repos\memory-forensics-tool\artifacts\file.None.0xfffffa800343ff10.dat.evtx,0x4000000000000000,0,"{""EventData"":{""Data"":{""@Name"":""InfoDescription"",""#text"":""%%4163""}}}"
63,63,2025-02-07 11:22:08.7040162,5320,Info,Microsoft-Windows-GroupPolicy,Microsoft-Windows-GroupPolicy/Operational,816,284,WIN-3M6ADARIMNH,0,S-1-5-18,,,,,,,,,,,False,C:\Users\user\repos\memory-forensics-tool\artifacts\file.None.0xfffffa800343ff10.dat.evtx,0x4000000000000000,0,"{""EventData"":{""Data"":{""@Name"":""InfoDescription"",""#text"":""%%4165""}}}"
64,64,2025-02-07 11:22:08.7040162,8000,Info,Microsoft-Windows-GroupPolicy,Microsoft-Windows-GroupPolicy/Operational,816,284,WIN-3M6ADARIMNH,0,S-1-5-18,,,,,,,,,,,False,C:\Users\user\repos\memory-forensics-tool\artifacts\file.None.0xfffffa800343ff10.dat.evtx,0x4000000000000000,0,"{""EventData"":{""Data"":[{""@Name"":""PolicyElaspedTimeInSeconds"",""#text"":""0""},{""@Name"":""ErrorCode"",""#text"":""0""},{""@Name"":""PrincipalSamName"",""#text"":""WORKGROUP\\WIN-3M6ADARIMNH$""},{""@Name"":""IsMachine"",""#text"":""1""},{""@Name"":""IsConnectivityFailure"",""#text"":""False""}]}}"
65,65,2025-02-07 11:22:08.9380166,5324,Info,Microsoft-Windows-GroupPolicy,Microsoft-Windows-GroupPolicy/Operational,816,488,WIN-3M6ADARIMNH,0,S-1-5-18,,,,,,,,,,,False,C:\Users\user\repos\memory-forensics-tool\artifacts\file.None.0xfffffa800343ff10.dat.evtx,0x4000000000000000,0,"{""EventData"":{""Data"":[{""@Name"":""NotificationType"",""#text"":""1""},{""@Name"":""SessionId"",""#text"":""1""}]}}"
66,66,2025-02-07 11:22:08.9380166,4001,Info,Microsoft-Windows-GroupPolicy,Microsoft-Windows-GroupPolicy/Operational,816,1132,WIN-3M6ADARIMNH,0,S-1-5-18,,,,,,,,,,,False,C:\Users\user\repos\memory-forensics-tool\artifacts\file.None.0xfffffa800343ff10.dat.evtx,0x4000000000000000,0,"{""EventData"":{""Data"":[{""@Name"":""PolicyActivityId"",""#text"":""e5c78f8e-ff48-4243-9679-238007ff1386""},{""@Name"":""PrincipalSamName"",""#text"":""WIN-3M6ADARIMNH\\victim machine""},{""@Name"":""IsMachine"",""#text"":""0""},{""@Name"":""IsDomainJoined"",""#text"":""False""},{""@Name"":""IsBackgroundProcessing"",""#text"":""False""},{""@Name"":""IsAsyncProcessing"",""#text"":""True""},{""@Name"":""IsServiceRestart"",""#text"":""False""},{""@Name"":""ReasonForSyncProcessing"",""#text"":""0""}]}}"
67,67,2025-02-07 11:22:08.9380166,5311,Info,Microsoft-Windows-GroupPolicy,Microsoft-Windows-GroupPolicy/Operational,816,1132,WIN-3M6ADARIMNH,0,S-1-5-21-1074993871-1730380631-692495208-1000,,,,,,,,,,,False,C:\Users\user\repos\memory-forensics-tool\artifacts\file.None.0xfffffa800343ff10.dat.evtx,0x4000000000000000,0,"{""EventData"":{""Data"":{""@Name"":""PolicyProcessingMode"",""#text"":""0""}}}"
68,68,2025-02-07 11:22:08.9380166,5312,Info,Microsoft-Windows-GroupPolicy,Microsoft-Windows-GroupPolicy/Operational,816,1132,WIN-3M6ADARIMNH,0,S-1-5-18,,,,,,,,,,,False,C:\Users\user\repos\memory-forensics-tool\artifacts\file.None.0xfffffa800343ff10.dat.evtx,0x4000000000000000,0,"{""EventData"":{""Data"":[{""@Name"":""DescriptionString"",""#text"":""None""},{""@Name"":""GPOInfoList""}]}}"
69,69,2025-02-07 11:22:08.9380166,5313,Info,Microsoft-Windows-GroupPolicy,Microsoft-Windows-GroupPolicy/Operational,816,1132,WIN-3M6ADARIMNH,0,S-1-5-18,,,,,,,,,,,False,C:\Users\user\repos\memory-forensics-tool\artifacts\file.None.0xfffffa800343ff10.dat.evtx,0x4000000000000000,0,"{""EventData"":{""Data"":[{""@Name"":""DescriptionString"",""#text"":""Local Group Policy, Not Applied (Empty), ""},{""@Name"":""GPOInfoList"",""#text"":""&lt;GPO ID=\""Local Group Policy\""&gt;&lt;Name&gt;Local Group Policy&lt;/Name&gt;&lt;Version&gt;0&lt;/Version&gt;&lt;SOM&gt;Local&lt;/SOM&gt;&lt;FSPath&gt;C:\\Windows\\System32\\GroupPolicy\\User&lt;/FSPath&gt;&lt;Reason&gt;NOTAPPLIED-EMPTY&lt;/Reason&gt;&lt;/GPO&gt;""}]}}"
70,70,2025-02-07 11:22:09.0784169,5324,Info,Microsoft-Windows-GroupPolicy,Microsoft-Windows-GroupPolicy/Operational,816,296,WIN-3M6ADARIMNH,0,S-1-5-18,,,,,,,,,,,False,C:\Users\user\repos\memory-forensics-tool\artifacts\file.None.0xfffffa800343ff10.dat.evtx,0x4000000000000000,0,"{""EventData"":{""Data"":[{""@Name"":""NotificationType"",""#text"":""3""},{""@Name"":""SessionId"",""#text"":""1""}]}}"
71,71,2025-02-07 11:22:09.4840176,5320,Info,Microsoft-Windows-GroupPolicy,Microsoft-Windows-GroupPolicy/Operational,816,1132,WIN-3M6ADARIMNH,0,S-1-5-18,,,,,,,,,,,False,C:\Users\user\repos\memory-forensics-tool\artifacts\file.None.0xfffffa800343ff10.dat.evtx,0x4000000000000000,0,"{""EventData"":{""Data"":{""@Name"":""InfoDescription"",""#text"":""%%4161""}}}"
72,72,2025-02-07 11:22:09.4840176,5320,Info,Microsoft-Windows-GroupPolicy,Microsoft-Windows-GroupPolicy/Operational,816,1132,WIN-3M6ADARIMNH,0,S-1-5-18,,,,,,,,,,,False,C:\Users\user\repos\memory-forensics-tool\artifacts\file.None.0xfffffa800343ff10.dat.evtx,0x4000000000000000,0,"{""EventData"":{""Data"":{""@Name"":""InfoDescription"",""#text"":""%%4163""}}}"
73,73,2025-02-07 11:22:09.4840176,5320,Info,Microsoft-Windows-GroupPolicy,Microsoft-Windows-GroupPolicy/Operational,816,1132,WIN-3M6ADARIMNH,0,S-1-5-18,,,,,,,,,,,False,C:\Users\user\repos\memory-forensics-tool\artifacts\file.None.0xfffffa800343ff10.dat.evtx,0x4000000000000000,0,"{""EventData"":{""Data"":{""@Name"":""InfoDescription"",""#text"":""%%4165""}}}"
74,74,2025-02-07 11:22:09.4840176,8001,Info,Microsoft-Windows-GroupPolicy,Microsoft-Windows-GroupPolicy/Operational,816,1132,WIN-3M6ADARIMNH,0,S-1-5-18,,,,,,,,,,,False,C:\Users\user\repos\memory-forensics-tool\artifacts\file.None.0xfffffa800343ff10.dat.evtx,0x4000000000000000,0,"{""EventData"":{""Data"":[{""@Name"":""PolicyElaspedTimeInSeconds"",""#text"":""0""},{""@Name"":""ErrorCode"",""#text"":""0""},{""@Name"":""PrincipalSamName"",""#text"":""WIN-3M6ADARIMNH\\victim machine""},{""@Name"":""IsMachine"",""#text"":""0""},{""@Name"":""IsConnectivityFailure"",""#text"":""False""}]}}"
75,75,2025-02-07 11:49:10.7113827,5324,Info,Microsoft-Windows-GroupPolicy,Microsoft-Windows-GroupPolicy/Operational,816,2644,WIN-3M6ADARIMNH,0,S-1-5-18,,,,,,,,,,,False,C:\Users\user\repos\memory-forensics-tool\artifacts\file.None.0xfffffa800343ff10.dat.evtx,0x4000000000000000,0,"{""EventData"":{""Data"":[{""@Name"":""NotificationType"",""#text"":""4""},{""@Name"":""SessionId"",""#text"":""1""}]}}"
76,76,2025-02-07 11:49:11.3665838,5324,Info,Microsoft-Windows-GroupPolicy,Microsoft-Windows-GroupPolicy/Operational,816,2644,WIN-3M6ADARIMNH,0,S-1-5-18,,,,,,,,,,,False,C:\Users\user\repos\memory-forensics-tool\artifacts\file.None.0xfffffa800343ff10.dat.evtx,0x4000000000000000,0,"{""EventData"":{""Data"":[{""@Name"":""NotificationType"",""#text"":""2""},{""@Name"":""SessionId"",""#text"":""1""}]}}"
77,77,2025-02-07 11:49:11.6941844,5325,Info,Microsoft-Windows-GroupPolicy,Microsoft-Windows-GroupPolicy/Operational,816,820,WIN-3M6ADARIMNH,0,S-1-5-18,,,,,,,,,,,False,C:\Users\user\repos\memory-forensics-tool\artifacts\file.None.0xfffffa800343ff10.dat.evtx,0x4000000000000000,0,"{""EventData"":{""Data"":{""@Name"":""NotificationType"",""#text"":""0""}}}"
78,78,2025-02-07 11:49:52.0956151,5320,Info,Microsoft-Windows-GroupPolicy,Microsoft-Windows-GroupPolicy/Operational,852,876,WIN-3M6ADARIMNH,0,S-1-5-18,,,,,,,,,,,False,C:\Users\user\repos\memory-forensics-tool\artifacts\file.None.0xfffffa800343ff10.dat.evtx,0x4000000000000000,0,"{""EventData"":{""Data"":{""@Name"":""InfoDescription"",""#text"":""%%4168""}}}"
79,79,2025-02-07 11:49:52.0956151,5320,Info,Microsoft-Windows-GroupPolicy,Microsoft-Windows-GroupPolicy/Operational,852,876,WIN-3M6ADARIMNH,0,S-1-5-18,,,,,,,,,,,False,C:\Users\user\repos\memory-forensics-tool\artifacts\file.None.0xfffffa800343ff10.dat.evtx,0x4000000000000000,0,"{""EventData"":{""Data"":{""@Name"":""InfoDescription"",""#text"":""%%4160""}}}"
80,80,2025-02-07 11:49:52.0956151,5320,Info,Microsoft-Windows-GroupPolicy,Microsoft-Windows-GroupPolicy/Operational,852,876,WIN-3M6ADARIMNH,0,S-1-5-18,,,,,,,,,,,False,C:\Users\user\repos\memory-forensics-tool\artifacts\file.None.0xfffffa800343ff10.dat.evtx,0x4000000000000000,0,"{""EventData"":{""Data"":{""@Name"":""InfoDescription"",""#text"":""%%4166""}}}"
81,81,2025-02-07 11:49:52.0956151,5321,Info,Microsoft-Windows-GroupPolicy,Microsoft-Windows-GroupPolicy/Operational,852,876,WIN-3M6ADARIMNH,0,S-1-5-18,,,,,,,,,,,False,C:\Users\user\repos\memory-forensics-tool\artifacts\file.None.0xfffffa800343ff10.dat.evtx,0x4000000000000000,0,"{""EventData"":{""Data"":[{""@Name"":""InfoDescription"",""#text"":""%%4167""},{""@Name"":""OperationParameter1"",""#text"":""cb2d4383-5529-489d-9527-29337ae67898""}]}}"
82,82,2025-02-07 11:50:44.1841065,5325,Info,Microsoft-Windows-GroupPolicy,Microsoft-Windows-GroupPolicy/Operational,852,856,WIN-3M6ADARIMNH,0,S-1-5-18,,,,,,,,,,,False,C:\Users\user\repos\memory-forensics-tool\artifacts\file.None.0xfffffa800343ff10.dat.evtx,0x4000000000000000,0,"{""EventData"":{""Data"":{""@Name"":""NotificationType"",""#text"":""0""}}}"
83,83,2025-02-07 11:51:10.6696196,5320,Info,Microsoft-Windows-GroupPolicy,Microsoft-Windows-GroupPolicy/Operational,880,908,WIN-3M6ADARIMNH,0,S-1-5-18,,,,,,,,,,,False,C:\Users\user\repos\memory-forensics-tool\artifacts\file.None.0xfffffa800343ff10.dat.evtx,0x4000000000000000,0,"{""EventData"":{""Data"":{""@Name"":""InfoDescription"",""#text"":""%%4168""}}}"
84,84,2025-02-07 11:51:10.6696196,5320,Info,Microsoft-Windows-GroupPolicy,Microsoft-Windows-GroupPolicy/Operational,880,908,WIN-3M6ADARIMNH,0,S-1-5-18,,,,,,,,,,,False,C:\Users\user\repos\memory-forensics-tool\artifacts\file.None.0xfffffa800343ff10.dat.evtx,0x4000000000000000,0,"{""EventData"":{""Data"":{""@Name"":""InfoDescription"",""#text"":""%%4160""}}}"
85,85,2025-02-07 11:51:10.6696196,5320,Info,Microsoft-Windows-GroupPolicy,Microsoft-Windows-GroupPolicy/Operational,880,908,WIN-3M6ADARIMNH,0,S-1-5-18,,,,,,,,,,,False,C:\Users\user\repos\memory-forensics-tool\artifacts\file.None.0xfffffa800343ff10.dat.evtx,0x4000000000000000,0,"{""EventData"":{""Data"":{""@Name"":""InfoDescription"",""#text"":""%%4166""}}}"
86,86,2025-02-07 11:51:10.6696196,5321,Info,Microsoft-Windows-GroupPolicy,Microsoft-Windows-GroupPolicy/Operational,880,908,WIN-3M6ADARIMNH,0,S-1-5-18,,,,,,,,,,,False,C:\Users\user\repos\memory-forensics-tool\artifacts\file.None.0xfffffa800343ff10.dat.evtx,0x4000000000000000,0,"{""EventData"":{""Data"":[{""@Name"":""InfoDescription"",""#text"":""%%4167""},{""@Name"":""OperationParameter1"",""#text"":""5ad41389-3c6b-44e8-93d4-7bbce06a387a""}]}}"
87,87,2025-02-07 11:51:11.5120211,5324,Info,Microsoft-Windows-GroupPolicy,Microsoft-Windows-GroupPolicy/Operational,880,1080,WIN-3M6ADARIMNH,0,S-1-5-18,,,,,,,,,,,False,C:\Users\user\repos\memory-forensics-tool\artifacts\file.None.0xfffffa800343ff10.dat.evtx,0x4000000000000000,0,"{""EventData"":{""Data"":[{""@Name"":""NotificationType"",""#text"":""0""},{""@Name"":""SessionId"",""#text"":""1""}]}}"
88,88,2025-02-07 11:51:11.5432211,4000,Info,Microsoft-Windows-GroupPolicy,Microsoft-Windows-GroupPolicy/Operational,880,1436,WIN-3M6ADARIMNH,0,S-1-5-18,,,,,,,,,,,False,C:\Users\user\repos\memory-forensics-tool\artifacts\file.None.0xfffffa800343ff10.dat.evtx,0x4000000000000000,0,"{""EventData"":{""Data"":[{""@Name"":""PolicyActivityId"",""#text"":""8d60fbc6-0813-40ca-8a78-cd87e0bdf21c""},{""@Name"":""PrincipalSamName"",""#text"":""WORKGROUP\\WIN-3M6ADARIMNH$""},{""@Name"":""IsMachine"",""#text"":""1""},{""@Name"":""IsDomainJoined"",""#text"":""False""},{""@Name"":""IsBackgroundProcessing"",""#text"":""False""},{""@Name"":""IsAsyncProcessing"",""#text"":""True""},{""@Name"":""IsServiceRestart"",""#text"":""False""},{""@Name"":""ReasonForSyncProcessing"",""#text"":""0""}]}}"
89,89,2025-02-07 11:51:11.5432211,5311,Info,Microsoft-Windows-GroupPolicy,Microsoft-Windows-GroupPolicy/Operational,880,1436,WIN-3M6ADARIMNH,0,S-1-5-18,,,,,,,,,,,False,C:\Users\user\repos\memory-forensics-tool\artifacts\file.None.0xfffffa800343ff10.dat.evtx,0x4000000000000000,0,"{""EventData"":{""Data"":{""@Name"":""PolicyProcessingMode"",""#text"":""0""}}}"
90,90,2025-02-07 11:51:11.5432211,5312,Info,Microsoft-Windows-GroupPolicy,Microsoft-Windows-GroupPolicy/Operational,880,1436,WIN-3M6ADARIMNH,0,S-1-5-18,,,,,,,,,,,False,C:\Users\user\repos\memory-forensics-tool\artifacts\file.None.0xfffffa800343ff10.dat.evtx,0x4000000000000000,0,"{""EventData"":{""Data"":[{""@Name"":""DescriptionString"",""#text"":""None""},{""@Name"":""GPOInfoList""}]}}"
91,91,2025-02-07 11:51:11.5432211,5313,Info,Microsoft-Windows-GroupPolicy,Microsoft-Windows-GroupPolicy/Operational,880,1436,WIN-3M6ADARIMNH,0,S-1-5-18,,,,,,,,,,,False,C:\Users\user\repos\memory-forensics-tool\artifacts\file.None.0xfffffa800343ff10.dat.evtx,0x4000000000000000,0,"{""EventData"":{""Data"":[{""@Name"":""DescriptionString"",""#text"":""Local Group Policy, Not Applied (Empty), ""},{""@Name"":""GPOInfoList"",""#text"":""&lt;GPO ID=\""Local Group Policy\""&gt;&lt;Name&gt;Local Group Policy&lt;/Name&gt;&lt;Version&gt;0&lt;/Version&gt;&lt;SOM&gt;Local&lt;/SOM&gt;&lt;FSPath&gt;C:\\Windows\\System32\\GroupPolicy\\Machine&lt;/FSPath&gt;&lt;Reason&gt;NOTAPPLIED-EMPTY&lt;/Reason&gt;&lt;/GPO&gt;""}]}}"
92,92,2025-02-07 11:51:11.5432211,5320,Info,Microsoft-Windows-GroupPolicy,Microsoft-Windows-GroupPolicy/Operational,880,1436,WIN-3M6ADARIMNH,0,S-1-5-18,,,,,,,,,,,False,C:\Users\user\repos\memory-forensics-tool\artifacts\file.None.0xfffffa800343ff10.dat.evtx,0x4000000000000000,0,"{""EventData"":{""Data"":{""@Name"":""InfoDescription"",""#text"":""%%4161""}}}"
93,93,2025-02-07 11:51:11.5432211,5320,Info,Microsoft-Windows-GroupPolicy,Microsoft-Windows-GroupPolicy/Operational,880,1436,WIN-3M6ADARIMNH,0,S-1-5-18,,,,,,,,,,,False,C:\Users\user\repos\memory-forensics-tool\artifacts\file.None.0xfffffa800343ff10.dat.evtx,0x4000000000000000,0,"{""EventData"":{""Data"":{""@Name"":""InfoDescription"",""#text"":""%%4163""}}}"
94,94,2025-02-07 11:51:11.5432211,5320,Info,Microsoft-Windows-GroupPolicy,Microsoft-Windows-GroupPolicy/Operational,880,1436,WIN-3M6ADARIMNH,0,S-1-5-18,,,,,,,,,,,False,C:\Users\user\repos\memory-forensics-tool\artifacts\file.None.0xfffffa800343ff10.dat.evtx,0x4000000000000000,0,"{""EventData"":{""Data"":{""@Name"":""InfoDescription"",""#text"":""%%4165""}}}"
95,95,2025-02-07 11:51:11.5432211,8000,Info,Microsoft-Windows-GroupPolicy,Microsoft-Windows-GroupPolicy/Operational,880,1436,WIN-3M6ADARIMNH,0,S-1-5-18,,,,,,,,,,,False,C:\Users\user\repos\memory-forensics-tool\artifacts\file.None.0xfffffa800343ff10.dat.evtx,0x4000000000000000,0,"{""EventData"":{""Data"":[{""@Name"":""PolicyElaspedTimeInSeconds"",""#text"":""0""},{""@Name"":""ErrorCode"",""#text"":""0""},{""@Name"":""PrincipalSamName"",""#text"":""WORKGROUP\\WIN-3M6ADARIMNH$""},{""@Name"":""IsMachine"",""#text"":""1""},{""@Name"":""IsConnectivityFailure"",""#text"":""False""}]}}"
96,96,2025-02-07 11:51:11.7148214,5324,Info,Microsoft-Windows-GroupPolicy,Microsoft-Windows-GroupPolicy/Operational,880,1656,WIN-3M6ADARIMNH,0,S-1-5-18,,,,,,,,,,,False,C:\Users\user\repos\memory-forensics-tool\artifacts\file.None.0xfffffa800343ff10.dat.evtx,0x4000000000000000,0,"{""EventData"":{""Data"":[{""@Name"":""NotificationType"",""#text"":""1""},{""@Name"":""SessionId"",""#text"":""1""}]}}"
97,97,2025-02-07 11:51:11.7148214,4001,Info,Microsoft-Windows-GroupPolicy,Microsoft-Windows-GroupPolicy/Operational,880,1660,WIN-3M6ADARIMNH,0,S-1-5-18,,,,,,,,,,,False,C:\Users\user\repos\memory-forensics-tool\artifacts\file.None.0xfffffa800343ff10.dat.evtx,0x4000000000000000,0,"{""EventData"":{""Data"":[{""@Name"":""PolicyActivityId"",""#text"":""6281c8d9-8abb-41e4-977e-5c7816ed567c""},{""@Name"":""PrincipalSamName"",""#text"":""WIN-3M6ADARIMNH\\victim machine""},{""@Name"":""IsMachine"",""#text"":""0""},{""@Name"":""IsDomainJoined"",""#text"":""False""},{""@Name"":""IsBackgroundProcessing"",""#text"":""False""},{""@Name"":""IsAsyncProcessing"",""#text"":""True""},{""@Name"":""IsServiceRestart"",""#text"":""False""},{""@Name"":""ReasonForSyncProcessing"",""#text"":""0""}]}}"
98,98,2025-02-07 11:51:11.7148214,5311,Info,Microsoft-Windows-GroupPolicy,Microsoft-Windows-GroupPolicy/Operational,880,1660,WIN-3M6ADARIMNH,0,S-1-5-21-1074993871-1730380631-692495208-1000,,,,,,,,,,,False,C:\Users\user\repos\memory-forensics-tool\artifacts\file.None.0xfffffa800343ff10.dat.evtx,0x4000000000000000,0,"{""EventData"":{""Data"":{""@Name"":""PolicyProcessingMode"",""#text"":""0""}}}"
99,99,2025-02-07 11:51:11.7148214,5312,Info,Microsoft-Windows-GroupPolicy,Microsoft-Windows-GroupPolicy/Operational,880,1660,WIN-3M6ADARIMNH,0,S-1-5-18,,,,,,,,,,,False,C:\Users\user\repos\memory-forensics-tool\artifacts\file.None.0xfffffa800343ff10.dat.evtx,0x4000000000000000,0,"{""EventData"":{""Data"":[{""@Name"":""DescriptionString"",""#text"":""None""},{""@Name"":""GPOInfoList""}]}}"
100,100,2025-02-07 11:51:11.7148214,5313,Info,Microsoft-Windows-GroupPolicy,Microsoft-Windows-GroupPolicy/Operational,880,1660,WIN-3M6ADARIMNH,0,S-1-5-18,,,,,,,,,,,False,C:\Users\user\repos\memory-forensics-tool\artifacts\file.None.0xfffffa800343ff10.dat.evtx,0x4000000000000000,0,"{""EventData"":{""Data"":[{""@Name"":""DescriptionString"",""#text"":""Local Group Policy, Not Applied (Empty), ""},{""@Name"":""GPOInfoList"",""#text"":""&lt;GPO ID=\""Local Group Policy\""&gt;&lt;Name&gt;Local Group Policy&lt;/Name&gt;&lt;Version&gt;0&lt;/Version&gt;&lt;SOM&gt;Local&lt;/SOM&gt;&lt;FSPath&gt;C:\\Windows\\System32\\GroupPolicy\\User&lt;/FSPath&gt;&lt;Reason&gt;NOTAPPLIED-EMPTY&lt;/Reason&gt;&lt;/GPO&gt;""}]}}"
101,101,2025-02-07 11:51:11.7148214,5320,Info,Microsoft-Windows-GroupPolicy,Microsoft-Windows-GroupPolicy/Operational,880,1660,WIN-3M6ADARIMNH,0,S-1-5-18,,,,,,,,,,,False,C:\Users\user\repos\memory-forensics-tool\artifacts\file.None.0xfffffa800343ff10.dat.evtx,0x4000000000000000,0,"{""EventData"":{""Data"":{""@Name"":""InfoDescription"",""#text"":""%%4161""}}}"
102,102,2025-02-07 11:51:11.7148214,5320,Info,Microsoft-Windows-GroupPolicy,Microsoft-Windows-GroupPolicy/Operational,880,1660,WIN-3M6ADARIMNH,0,S-1-5-18,,,,,,,,,,,False,C:\Users\user\repos\memory-forensics-tool\artifacts\file.None.0xfffffa800343ff10.dat.evtx,0x4000000000000000,0,"{""EventData"":{""Data"":{""@Name"":""InfoDescription"",""#text"":""%%4163""}}}"
103,103,2025-02-07 11:51:11.7148214,5320,Info,Microsoft-Windows-GroupPolicy,Microsoft-Windows-GroupPolicy/Operational,880,1660,WIN-3M6ADARIMNH,0,S-1-5-18,,,,,,,,,,,False,C:\Users\user\repos\memory-forensics-tool\artifacts\file.None.0xfffffa800343ff10.dat.evtx,0x4000000000000000,0,"{""EventData"":{""Data"":{""@Name"":""InfoDescription"",""#text"":""%%4165""}}}"
104,104,2025-02-07 11:51:11.7148214,8001,Info,Microsoft-Windows-GroupPolicy,Microsoft-Windows-GroupPolicy/Operational,880,1660,WIN-3M6ADARIMNH,0,S-1-5-18,,,,,,,,,,,False,C:\Users\user\repos\memory-forensics-tool\artifacts\file.None.0xfffffa800343ff10.dat.evtx,0x4000000000000000,0,"{""EventData"":{""Data"":[{""@Name"":""PolicyElaspedTimeInSeconds"",""#text"":""0""},{""@Name"":""ErrorCode"",""#text"":""0""},{""@Name"":""PrincipalSamName"",""#text"":""WIN-3M6ADARIMNH\\victim machine""},{""@Name"":""IsMachine"",""#text"":""0""},{""@Name"":""IsConnectivityFailure"",""#text"":""False""}]}}"
105,105,2025-02-07 11:51:11.7304215,5324,Info,Microsoft-Windows-GroupPolicy,Microsoft-Windows-GroupPolicy/Operational,880,1656,WIN-3M6ADARIMNH,0,S-1-5-18,,,,,,,,,,,False,C:\Users\user\repos\memory-forensics-tool\artifacts\file.None.0xfffffa800343ff10.dat.evtx,0x4000000000000000,0,"{""EventData"":{""Data"":[{""@Name"":""NotificationType"",""#text"":""3""},{""@Name"":""SessionId"",""#text"":""1""}]}}"
106,106,2025-02-07 11:51:11.7928216,5315,Info,Microsoft-Windows-GroupPolicy,Microsoft-Windows-GroupPolicy/Operational,880,1456,WIN-3M6ADARIMNH,0,S-1-5-18,,,,,,,,,,,False,C:\Users\user\repos\memory-forensics-tool\artifacts\file.None.0xfffffa800343ff10.dat.evtx,0x4000000000000000,0,"{""EventData"":{""Data"":[{""@Name"":""PrincipalSamName"",""#text"":""WORKGROUP\\WIN-3M6ADARIMNH$""},{""@Name"":""NextPolicyApplicationTime"",""#text"":""100""},{""@Name"":""NextPolicyApplicationTimeUnit"",""#text"":""%%4100""}]}}"
107,107,2025-02-07 11:51:11.8240216,5315,Info,Microsoft-Windows-GroupPolicy,Microsoft-Windows-GroupPolicy/Operational,880,1664,WIN-3M6ADARIMNH,0,S-1-5-18,,,,,,,,,,,False,C:\Users\user\repos\memory-forensics-tool\artifacts\file.None.0xfffffa800343ff10.dat.evtx,0x4000000000000000,0,"{""EventData"":{""Data"":[{""@Name"":""PrincipalSamName"",""#text"":""WIN-3M6ADARIMNH\\victim machine""},{""@Name"":""NextPolicyApplicationTime"",""#text"":""102""},{""@Name"":""NextPolicyApplicationTimeUnit"",""#text"":""%%4100""}]}}"
108,108,2025-02-07 11:57:13.9332218,5320,Info,Microsoft-Windows-GroupPolicy,Microsoft-Windows-GroupPolicy/Operational,848,872,WIN-3M6ADARIMNH,0,S-1-5-18,,,,,,,,,,,False,C:\Users\user\repos\memory-forensics-tool\artifacts\file.None.0xfffffa800343ff10.dat.evtx,0x4000000000000000,0,"{""EventData"":{""Data"":{""@Name"":""InfoDescription"",""#text"":""%%4168""}}}"
109,109,2025-02-07 11:57:13.9332218,5320,Info,Microsoft-Windows-GroupPolicy,Microsoft-Windows-GroupPolicy/Operational,848,872,WIN-3M6ADARIMNH,0,S-1-5-18,,,,,,,,,,,False,C:\Users\user\repos\memory-forensics-tool\artifacts\file.None.0xfffffa800343ff10.dat.evtx,0x4000000000000000,0,"{""EventData"":{""Data"":{""@Name"":""InfoDescription"",""#text"":""%%4160""}}}"
110,110,2025-02-07 11:57:13.9332218,5320,Info,Microsoft-Windows-GroupPolicy,Microsoft-Windows-GroupPolicy/Operational,848,872,WIN-3M6ADARIMNH,0,S-1-5-18,,,,,,,,,,,False,C:\Users\user\repos\memory-forensics-tool\artifacts\file.None.0xfffffa800343ff10.dat.evtx,0x4000000000000000,0,"{""EventData"":{""Data"":{""@Name"":""InfoDescription"",""#text"":""%%4166""}}}"
111,111,2025-02-07 11:57:13.9332218,5321,Info,Microsoft-Windows-GroupPolicy,Microsoft-Windows-GroupPolicy/Operational,848,872,WIN-3M6ADARIMNH,0,S-1-5-18,,,,,,,,,,,False,C:\Users\user\repos\memory-forensics-tool\artifacts\file.None.0xfffffa800343ff10.dat.evtx,0x4000000000000000,0,"{""EventData"":{""Data"":[{""@Name"":""InfoDescription"",""#text"":""%%4167""},{""@Name"":""OperationParameter1"",""#text"":""470e4452-ad2a-4070-91fc-2ada23e47631""}]}}"
112,112,2025-02-07 11:57:14.0736221,5324,Info,Microsoft-Windows-GroupPolicy,Microsoft-Windows-GroupPolicy/Operational,848,868,WIN-3M6ADARIMNH,0,S-1-5-18,,,,,,,,,,,False,C:\Users\user\repos\memory-forensics-tool\artifacts\file.None.0xfffffa800343ff10.dat.evtx,0x4000000000000000,0,"{""EventData"":{""Data"":[{""@Name"":""NotificationType"",""#text"":""0""},{""@Name"":""SessionId"",""#text"":""1""}]}}"
113,113,2025-02-07 11:57:14.0736221,4000,Info,Microsoft-Windows-GroupPolicy,Microsoft-Windows-GroupPolicy/Operational,848,672,WIN-3M6ADARIMNH,0,S-1-5-18,,,,,,,,,,,False,C:\Users\user\repos\memory-forensics-tool\artifacts\file.None.0xfffffa800343ff10.dat.evtx,0x4000000000000000,0,"{""EventData"":{""Data"":[{""@Name"":""PolicyActivityId"",""#text"":""b7a34e54-a9e2-444a-afdb-e85fde572ce8""},{""@Name"":""PrincipalSamName"",""#text"":""WORKGROUP\\WIN-3M6ADARIMNH$""},{""@Name"":""IsMachine"",""#text"":""1""},{""@Name"":""IsDomainJoined"",""#text"":""False""},{""@Name"":""IsBackgroundProcessing"",""#text"":""False""},{""@Name"":""IsAsyncProcessing"",""#text"":""True""},{""@Name"":""IsServiceRestart"",""#text"":""False""},{""@Name"":""ReasonForSyncProcessing"",""#text"":""0""}]}}"
114,114,2025-02-07 11:57:14.0736221,5311,Info,Microsoft-Windows-GroupPolicy,Microsoft-Windows-GroupPolicy/Operational,848,672,WIN-3M6ADARIMNH,0,S-1-5-18,,,,,,,,,,,False,C:\Users\user\repos\memory-forensics-tool\artifacts\file.None.0xfffffa800343ff10.dat.evtx,0x4000000000000000,0,"{""EventData"":{""Data"":{""@Name"":""PolicyProcessingMode"",""#text"":""0""}}}"
115,115,2025-02-07 11:57:14.0736221,5312,Info,Microsoft-Windows-GroupPolicy,Microsoft-Windows-GroupPolicy/Operational,848,672,WIN-3M6ADARIMNH,0,S-1-5-18,,,,,,,,,,,False,C:\Users\user\repos\memory-forensics-tool\artifacts\file.None.0xfffffa800343ff10.dat.evtx,0x4000000000000000,0,"{""EventData"":{""Data"":[{""@Name"":""DescriptionString"",""#text"":""None""},{""@Name"":""GPOInfoList""}]}}"
116,116,2025-02-07 11:57:14.0736221,5313,Info,Microsoft-Windows-GroupPolicy,Microsoft-Windows-GroupPolicy/Operational,848,672,WIN-3M6ADARIMNH,0,S-1-5-18,,,,,,,,,,,False,C:\Users\user\repos\memory-forensics-tool\artifacts\file.None.0xfffffa800343ff10.dat.evtx,0x4000000000000000,0,"{""EventData"":{""Data"":[{""@Name"":""DescriptionString"",""#text"":""Local Group Policy, Not Applied (Empty), ""},{""@Name"":""GPOInfoList"",""#text"":""&lt;GPO ID=\""Local Group Policy\""&gt;&lt;Name&gt;Local Group Policy&lt;/Name&gt;&lt;Version&gt;0&lt;/Version&gt;&lt;SOM&gt;Local&lt;/SOM&gt;&lt;FSPath&gt;C:\\Windows\\System32\\GroupPolicy\\Machine&lt;/FSPath&gt;&lt;Reason&gt;NOTAPPLIED-EMPTY&lt;/Reason&gt;&lt;/GPO&gt;""}]}}"
117,117,2025-02-07 11:57:14.0736221,5320,Info,Microsoft-Windows-GroupPolicy,Microsoft-Windows-GroupPolicy/Operational,848,672,WIN-3M6ADARIMNH,0,S-1-5-18,,,,,,,,,,,False,C:\Users\user\repos\memory-forensics-tool\artifacts\file.None.0xfffffa800343ff10.dat.evtx,0x4000000000000000,0,"{""EventData"":{""Data"":{""@Name"":""InfoDescription"",""#text"":""%%4161""}}}"
118,118,2025-02-07 11:57:14.0736221,5320,Info,Microsoft-Windows-GroupPolicy,Microsoft-Windows-GroupPolicy/Operational,848,672,WIN-3M6ADARIMNH,0,S-1-5-18,,,,,,,,,,,False,C:\Users\user\repos\memory-forensics-tool\artifacts\file.None.0xfffffa800343ff10.dat.evtx,0x4000000000000000,0,"{""EventData"":{""Data"":{""@Name"":""InfoDescription"",""#text"":""%%4163""}}}"
119,119,2025-02-07 11:57:14.0736221,5320,Info,Microsoft-Windows-GroupPolicy,Microsoft-Windows-GroupPolicy/Operational,848,672,WIN-3M6ADARIMNH,0,S-1-5-18,,,,,,,,,,,False,C:\Users\user\repos\memory-forensics-tool\artifacts\file.None.0xfffffa800343ff10.dat.evtx,0x4000000000000000,0,"{""EventData"":{""Data"":{""@Name"":""InfoDescription"",""#text"":""%%4165""}}}"
120,120,2025-02-07 11:57:14.0736221,8000,Info,Microsoft-Windows-GroupPolicy,Microsoft-Windows-GroupPolicy/Operational,848,672,WIN-3M6ADARIMNH,0,S-1-5-18,,,,,,,,,,,False,C:\Users\user\repos\memory-forensics-tool\artifacts\file.None.0xfffffa800343ff10.dat.evtx,0x4000000000000000,0,"{""EventData"":{""Data"":[{""@Name"":""PolicyElaspedTimeInSeconds"",""#text"":""0""},{""@Name"":""ErrorCode"",""#text"":""0""},{""@Name"":""PrincipalSamName"",""#text"":""WORKGROUP\\WIN-3M6ADARIMNH$""},{""@Name"":""IsMachine"",""#text"":""1""},{""@Name"":""IsConnectivityFailure"",""#text"":""False""}]}}"
121,121,2025-02-07 11:57:14.5884230,5324,Info,Microsoft-Windows-GroupPolicy,Microsoft-Windows-GroupPolicy/Operational,848,868,WIN-3M6ADARIMNH,0,S-1-5-18,,,,,,,,,,,False,C:\Users\user\repos\memory-forensics-tool\artifacts\file.None.0xfffffa800343ff10.dat.evtx,0x4000000000000000,0,"{""EventData"":{""Data"":[{""@Name"":""NotificationType"",""#text"":""1""},{""@Name"":""SessionId"",""#text"":""1""}]}}"
122,122,2025-02-07 11:57:14.5884230,4001,Info,Microsoft-Windows-GroupPolicy,Microsoft-Windows-GroupPolicy/Operational,848,1144,WIN-3M6ADARIMNH,0,S-1-5-18,,,,,,,,,,,False,C:\Users\user\repos\memory-forensics-tool\artifacts\file.None.0xfffffa800343ff10.dat.evtx,0x4000000000000000,0,"{""EventData"":{""Data"":[{""@Name"":""PolicyActivityId"",""#text"":""71e6adb4-de8e-4abe-b02d-505b65af25e4""},{""@Name"":""PrincipalSamName"",""#text"":""WIN-3M6ADARIMNH\\victim machine""},{""@Name"":""IsMachine"",""#text"":""0""},{""@Name"":""IsDomainJoined"",""#text"":""False""},{""@Name"":""IsBackgroundProcessing"",""#text"":""False""},{""@Name"":""IsAsyncProcessing"",""#text"":""True""},{""@Name"":""IsServiceRestart"",""#text"":""False""},{""@Name"":""ReasonForSyncProcessing"",""#text"":""0""}]}}"
123,123,2025-02-07 11:57:14.5884230,5311,Info,Microsoft-Windows-GroupPolicy,Microsoft-Windows-GroupPolicy/Operational,848,1144,WIN-3M6ADARIMNH,0,S-1-5-21-1074993871-1730380631-692495208-1000,,,,,,,,,,,False,C:\Users\user\repos\memory-forensics-tool\artifacts\file.None.0xfffffa800343ff10.dat.evtx,0x4000000000000000,0,"{""EventData"":{""Data"":{""@Name"":""PolicyProcessingMode"",""#text"":""0""}}}"
124,124,2025-02-07 11:57:14.5884230,5312,Info,Microsoft-Windows-GroupPolicy,Microsoft-Windows-GroupPolicy/Operational,848,1144,WIN-3M6ADARIMNH,0,S-1-5-18,,,,,,,,,,,False,C:\Users\user\repos\memory-forensics-tool\artifacts\file.None.0xfffffa800343ff10.dat.evtx,0x4000000000000000,0,"{""EventData"":{""Data"":[{""@Name"":""DescriptionString"",""#text"":""None""},{""@Name"":""GPOInfoList""}]}}"
125,125,2025-02-07 11:57:14.5884230,5313,Info,Microsoft-Windows-GroupPolicy,Microsoft-Windows-GroupPolicy/Operational,848,1144,WIN-3M6ADARIMNH,0,S-1-5-18,,,,,,,,,,,False,C:\Users\user\repos\memory-forensics-tool\artifacts\file.None.0xfffffa800343ff10.dat.evtx,0x4000000000000000,0,"{""EventData"":{""Data"":[{""@Name"":""DescriptionString"",""#text"":""Local Group Policy, Not Applied (Empty), ""},{""@Name"":""GPOInfoList"",""#text"":""&lt;GPO ID=\""Local Group Policy\""&gt;&lt;Name&gt;Local Group Policy&lt;/Name&gt;&lt;Version&gt;0&lt;/Version&gt;&lt;SOM&gt;Local&lt;/SOM&gt;&lt;FSPath&gt;C:\\Windows\\System32\\GroupPolicy\\User&lt;/FSPath&gt;&lt;Reason&gt;NOTAPPLIED-EMPTY&lt;/Reason&gt;&lt;/GPO&gt;""}]}}"
126,126,2025-02-07 11:57:14.5884230,5320,Info,Microsoft-Windows-GroupPolicy,Microsoft-Windows-GroupPolicy/Operational,848,1144,WIN-3M6ADARIMNH,0,S-1-5-18,,,,,,,,,,,False,C:\Users\user\repos\memory-forensics-tool\artifacts\file.None.0xfffffa800343ff10.dat.evtx,0x4000000000000000,0,"{""EventData"":{""Data"":{""@Name"":""InfoDescription"",""#text"":""%%4161""}}}"
127,127,2025-02-07 11:57:14.5884230,5320,Info,Microsoft-Windows-GroupPolicy,Microsoft-Windows-GroupPolicy/Operational,848,1144,WIN-3M6ADARIMNH,0,S-1-5-18,,,,,,,,,,,False,C:\Users\user\repos\memory-forensics-tool\artifacts\file.None.0xfffffa800343ff10.dat.evtx,0x4000000000000000,0,"{""EventData"":{""Data"":{""@Name"":""InfoDescription"",""#text"":""%%4163""}}}"
128,128,2025-02-07 11:57:14.5884230,5320,Info,Microsoft-Windows-GroupPolicy,Microsoft-Windows-GroupPolicy/Operational,848,1144,WIN-3M6ADARIMNH,0,S-1-5-18,,,,,,,,,,,False,C:\Users\user\repos\memory-forensics-tool\artifacts\file.None.0xfffffa800343ff10.dat.evtx,0x4000000000000000,0,"{""EventData"":{""Data"":{""@Name"":""InfoDescription"",""#text"":""%%4165""}}}"
129,129,2025-02-07 11:57:14.5884230,8001,Info,Microsoft-Windows-GroupPolicy,Microsoft-Windows-GroupPolicy/Operational,848,1144,WIN-3M6ADARIMNH,0,S-1-5-18,,,,,,,,,,,False,C:\Users\user\repos\memory-forensics-tool\artifacts\file.None.0xfffffa800343ff10.dat.evtx,0x4000000000000000,0,"{""EventData"":{""Data"":[{""@Name"":""PolicyElaspedTimeInSeconds"",""#text"":""0""},{""@Name"":""ErrorCode"",""#text"":""0""},{""@Name"":""PrincipalSamName"",""#text"":""WIN-3M6ADARIMNH\\victim machine""},{""@Name"":""IsMachine"",""#text"":""0""},{""@Name"":""IsConnectivityFailure"",""#text"":""False""}]}}"
130,130,2025-02-07 11:57:14.6508231,5324,Info,Microsoft-Windows-GroupPolicy,Microsoft-Windows-GroupPolicy/Operational,848,872,WIN-3M6ADARIMNH,0,S-1-5-18,,,,,,,,,,,False,C:\Users\user\repos\memory-forensics-tool\artifacts\file.None.0xfffffa800343ff10.dat.evtx,0x4000000000000000,0,"{""EventData"":{""Data"":[{""@Name"":""NotificationType"",""#text"":""3""},{""@Name"":""SessionId"",""#text"":""1""}]}}"
131,131,2025-02-07 11:57:16.3624293,5315,Info,Microsoft-Windows-GroupPolicy,Microsoft-Windows-GroupPolicy/Operational,848,728,WIN-3M6ADARIMNH,0,S-1-5-18,,,,,,,,,,,False,C:\Users\user\repos\memory-forensics-tool\artifacts\file.None.0xfffffa800343ff10.dat.evtx,0x4000000000000000,0,"{""EventData"":{""Data"":[{""@Name"":""PrincipalSamName"",""#text"":""WORKGROUP\\WIN-3M6ADARIMNH$""},{""@Name"":""NextPolicyApplicationTime"",""#text"":""115""},{""@Name"":""NextPolicyApplicationTimeUnit"",""#text"":""%%4100""}]}}"
132,132,2025-02-07 11:57:16.3624293,5315,Info,Microsoft-Windows-GroupPolicy,Microsoft-Windows-GroupPolicy/Operational,848,1156,WIN-3M6ADARIMNH,0,S-1-5-18,,,,,,,,,,,False,C:\Users\user\repos\memory-forensics-tool\artifacts\file.None.0xfffffa800343ff10.dat.evtx,0x4000000000000000,0,"{""EventData"":{""Data"":[{""@Name"":""PrincipalSamName"",""#text"":""WIN-3M6ADARIMNH\\victim machine""},{""@Name"":""NextPolicyApplicationTime"",""#text"":""115""},{""@Name"":""NextPolicyApplicationTimeUnit"",""#text"":""%%4100""}]}}"
133,133,2025-02-07 12:13:32.6042761,5324,Info,Microsoft-Windows-GroupPolicy,Microsoft-Windows-GroupPolicy/Operational,848,1564,WIN-3M6ADARIMNH,0,S-1-5-18,,,,,,,,,,,False,C:\Users\user\repos\memory-forensics-tool\artifacts\file.None.0xfffffa800343ff10.dat.evtx,0x4000000000000000,0,"{""EventData"":{""Data"":[{""@Name"":""NotificationType"",""#text"":""4""},{""@Name"":""SessionId"",""#text"":""1""}]}}"
134,134,2025-02-07 12:13:33.2282772,5324,Info,Microsoft-Windows-GroupPolicy,Microsoft-Windows-GroupPolicy/Operational,848,2992,WIN-3M6ADARIMNH,0,S-1-5-18,,,,,,,,,,,False,C:\Users\user\repos\memory-forensics-tool\artifacts\file.None.0xfffffa800343ff10.dat.evtx,0x4000000000000000,0,"{""EventData"":{""Data"":[{""@Name"":""NotificationType"",""#text"":""2""},{""@Name"":""SessionId"",""#text"":""1""}]}}"
135,135,2025-02-07 12:13:33.4622776,5325,Info,Microsoft-Windows-GroupPolicy,Microsoft-Windows-GroupPolicy/Operational,848,852,WIN-3M6ADARIMNH,0,S-1-5-18,,,,,,,,,,,False,C:\Users\user\repos\memory-forensics-tool\artifacts\file.None.0xfffffa800343ff10.dat.evtx,0x4000000000000000,0,"{""EventData"":{""Data"":{""@Name"":""NotificationType"",""#text"":""0""}}}"
136,136,2025-02-07 12:13:56.0348132,5320,Info,Microsoft-Windows-GroupPolicy,Microsoft-Windows-GroupPolicy/Operational,876,908,WIN-3M6ADARIMNH,0,S-1-5-18,,,,,,,,,,,False,C:\Users\user\repos\memory-forensics-tool\artifacts\file.None.0xfffffa800343ff10.dat.evtx,0x4000000000000000,0,"{""EventData"":{""Data"":{""@Name"":""InfoDescription"",""#text"":""%%4168""}}}"
137,137,2025-02-07 12:13:56.0348132,5320,Info,Microsoft-Windows-GroupPolicy,Microsoft-Windows-GroupPolicy/Operational,876,908,WIN-3M6ADARIMNH,0,S-1-5-18,,,,,,,,,,,False,C:\Users\user\repos\memory-forensics-tool\artifacts\file.None.0xfffffa800343ff10.dat.evtx,0x4000000000000000,0,"{""EventData"":{""Data"":{""@Name"":""InfoDescription"",""#text"":""%%4160""}}}"
138,138,2025-02-07 12:13:56.0348132,5320,Info,Microsoft-Windows-GroupPolicy,Microsoft-Windows-GroupPolicy/Operational,876,908,WIN-3M6ADARIMNH,0,S-1-5-18,,,,,,,,,,,False,C:\Users\user\repos\memory-forensics-tool\artifacts\file.None.0xfffffa800343ff10.dat.evtx,0x4000000000000000,0,"{""EventData"":{""Data"":{""@Name"":""InfoDescription"",""#text"":""%%4166""}}}"
139,139,2025-02-07 12:13:56.0348132,5321,Info,Microsoft-Windows-GroupPolicy,Microsoft-Windows-GroupPolicy/Operational,876,908,WIN-3M6ADARIMNH,0,S-1-5-18,,,,,,,,,,,False,C:\Users\user\repos\memory-forensics-tool\artifacts\file.None.0xfffffa800343ff10.dat.evtx,0x4000000000000000,0,"{""EventData"":{""Data"":[{""@Name"":""InfoDescription"",""#text"":""%%4167""},{""@Name"":""OperationParameter1"",""#text"":""cba8105d-b88f-44f1-bf08-d8d10ce5197b""}]}}"
140,140,2025-02-07 12:13:56.0972133,5324,Info,Microsoft-Windows-GroupPolicy,Microsoft-Windows-GroupPolicy/Operational,876,976,WIN-3M6ADARIMNH,0,S-1-5-18,,,,,,,,,,,False,C:\Users\user\repos\memory-forensics-tool\artifacts\file.None.0xfffffa800343ff10.dat.evtx,0x4000000000000000,0,"{""EventData"":{""Data"":[{""@Name"":""NotificationType"",""#text"":""0""},{""@Name"":""SessionId"",""#text"":""1""}]}}"
141,141,2025-02-07 12:13:56.0972133,4000,Info,Microsoft-Windows-GroupPolicy,Microsoft-Windows-GroupPolicy/Operational,876,768,WIN-3M6ADARIMNH,0,S-1-5-18,,,,,,,,,,,False,C:\Users\user\repos\memory-forensics-tool\artifacts\file.None.0xfffffa800343ff10.dat.evtx,0x4000000000000000,0,"{""EventData"":{""Data"":[{""@Name"":""PolicyActivityId"",""#text"":""d1711024-fdd3-40b6-85b8-8823ba93ba6c""},{""@Name"":""PrincipalSamName"",""#text"":""WORKGROUP\\WIN-3M6ADARIMNH$""},{""@Name"":""IsMachine"",""#text"":""1""},{""@Name"":""IsDomainJoined"",""#text"":""False""},{""@Name"":""IsBackgroundProcessing"",""#text"":""False""},{""@Name"":""IsAsyncProcessing"",""#text"":""True""},{""@Name"":""IsServiceRestart"",""#text"":""False""},{""@Name"":""ReasonForSyncProcessing"",""#text"":""0""}]}}"
142,142,2025-02-07 12:13:56.0972133,5311,Info,Microsoft-Windows-GroupPolicy,Microsoft-Windows-GroupPolicy/Operational,876,768,WIN-3M6ADARIMNH,1,S-1-5-18,,,,,,,,,,,False,C:\Users\user\repos\memory-forensics-tool\artifacts\file.None.0xfffffa800343ff10.dat.evtx,0x4000000000000000,1720,"{""EventData"":{""Data"":{""@Name"":""PolicyProcessingMode"",""#text"":""0""}}}"
143,143,2025-02-07 12:13:56.0972133,5312,Info,Microsoft-Windows-GroupPolicy,Microsoft-Windows-GroupPolicy/Operational,876,768,WIN-3M6ADARIMNH,1,S-1-5-18,,,,,,,,,,,False,C:\Users\user\repos\memory-forensics-tool\artifacts\file.None.0xfffffa800343ff10.dat.evtx,0x4000000000000000,0,"{""EventData"":{""Data"":[{""@Name"":""DescriptionString"",""#text"":""None""},{""@Name"":""GPOInfoList""}]}}"
144,144,2025-02-07 12:13:56.0972133,5313,Info,Microsoft-Windows-GroupPolicy,Microsoft-Windows-GroupPolicy/Operational,876,768,WIN-3M6ADARIMNH,1,S-1-5-18,,,,,,,,,,,False,C:\Users\user\repos\memory-forensics-tool\artifacts\file.None.0xfffffa800343ff10.dat.evtx,0x4000000000000000,0,"{""EventData"":{""Data"":[{""@Name"":""DescriptionString"",""#text"":""Local Group Policy, Not Applied (Empty), ""},{""@Name"":""GPOInfoList"",""#text"":""&lt;GPO ID=\""Local Group Policy\""&gt;&lt;Name&gt;Local Group Policy&lt;/Name&gt;&lt;Version&gt;0&lt;/Version&gt;&lt;SOM&gt;Local&lt;/SOM&gt;&lt;FSPath&gt;C:\\Windows\\System32\\GroupPolicy\\Machine&lt;/FSPath&gt;&lt;Reason&gt;NOTAPPLIED-EMPTY&lt;/Reason&gt;&lt;/GPO&gt;""}]}}"
145,145,2025-02-07 12:13:56.0972133,5320,Info,Microsoft-Windows-GroupPolicy,Microsoft-Windows-GroupPolicy/Operational,876,768,WIN-3M6ADARIMNH,1,S-1-5-18,,,,,,,,,,,False,C:\Users\user\repos\memory-forensics-tool\artifacts\file.None.0xfffffa800343ff10.dat.evtx,0x4000000000000000,0,"{""EventData"":{""Data"":{""@Name"":""InfoDescription"",""#text"":""%%4161""}}}"
146,146,2025-02-07 12:13:56.0972133,5320,Info,Microsoft-Windows-GroupPolicy,Microsoft-Windows-GroupPolicy/Operational,876,768,WIN-3M6ADARIMNH,1,S-1-5-18,,,,,,,,,,,False,C:\Users\user\repos\memory-forensics-tool\artifacts\file.None.0xfffffa800343ff10.dat.evtx,0x4000000000000000,0,"{""EventData"":{""Data"":{""@Name"":""InfoDescription"",""#text"":""%%4163""}}}"
147,147,2025-02-07 12:13:56.0972133,5320,Info,Microsoft-Windows-GroupPolicy,Microsoft-Windows-GroupPolicy/Operational,876,768,WIN-3M6ADARIMNH,1,S-1-5-18,,,,,,,,,,,False,C:\Users\user\repos\memory-forensics-tool\artifacts\file.None.0xfffffa800343ff10.dat.evtx,0x4000000000000000,0,"{""EventData"":{""Data"":{""@Name"":""InfoDescription"",""#text"":""%%4165""}}}"
148,148,2025-02-07 12:13:56.0972133,8000,Info,Microsoft-Windows-GroupPolicy,Microsoft-Windows-GroupPolicy/Operational,876,768,WIN-3M6ADARIMNH,1,S-1-5-18,,,,,,,,,,,False,C:\Users\user\repos\memory-forensics-tool\artifacts\file.None.0xfffffa800343ff10.dat.evtx,0x4000000000000000,0,"{""EventData"":{""Data"":[{""@Name"":""PolicyElaspedTimeInSeconds"",""#text"":""0""},{""@Name"":""ErrorCode"",""#text"":""0""},{""@Name"":""PrincipalSamName"",""#text"":""WORKGROUP\\WIN-3M6ADARIMNH$""},{""@Name"":""IsMachine"",""#text"":""1""},{""@Name"":""IsConnectivityFailure"",""#text"":""False""}]}}"
149,149,2025-02-07 12:13:56.1908135,5315,Info,Microsoft-Windows-GroupPolicy,Microsoft-Windows-GroupPolicy/Operational,876,872,WIN-3M6ADARIMNH,1,S-1-5-18,,,,,,,,,,,False,C:\Users\user\repos\memory-forensics-tool\artifacts\file.None.0xfffffa800343ff10.dat.evtx,0x4000000000000000,0,"{""EventData"":{""Data"":[{""@Name"":""PrincipalSamName"",""#text"":""WORKGROUP\\WIN-3M6ADARIMNH$""},{""@Name"":""NextPolicyApplicationTime"",""#text"":""94""},{""@Name"":""NextPolicyApplicationTimeUnit"",""#text"":""%%4100""}]}}"
150,150,2025-02-07 12:14:00.6992214,5324,Info,Microsoft-Windows-GroupPolicy,Microsoft-Windows-GroupPolicy/Operational,876,1748,WIN-3M6ADARIMNH,1,S-1-5-18,,,,,,,,,,,False,C:\Users\user\repos\memory-forensics-tool\artifacts\file.None.0xfffffa800343ff10.dat.evtx,0x4000000000000000,0,"{""EventData"":{""Data"":[{""@Name"":""NotificationType"",""#text"":""1""},{""@Name"":""SessionId"",""#text"":""1""}]}}"
151,151,2025-02-07 12:14:00.7148214,4001,Info,Microsoft-Windows-GroupPolicy,Microsoft-Windows-GroupPolicy/Operational,876,1752,WIN-3M6ADARIMNH,1,S-1-5-18,,,,,,,,,,,False,C:\Users\user\repos\memory-forensics-tool\artifacts\file.None.0xfffffa800343ff10.dat.evtx,0x4000000000000000,0,"{""EventData"":{""Data"":[{""@Name"":""PolicyActivityId"",""#text"":""f4b6c695-b34a-4d7b-9cb3-09494301ac09""},{""@Name"":""PrincipalSamName"",""#text"":""WIN-3M6ADARIMNH\\victim machine""},{""@Name"":""IsMachine"",""#text"":""0""},{""@Name"":""IsDomainJoined"",""#text"":""False""},{""@Name"":""IsBackgroundProcessing"",""#text"":""False""},{""@Name"":""IsAsyncProcessing"",""#text"":""True""},{""@Name"":""IsServiceRestart"",""#text"":""False""},{""@Name"":""ReasonForSyncProcessing"",""#text"":""0""}]}}"
152,152,2025-02-07 12:14:00.7148214,5311,Info,Microsoft-Windows-GroupPolicy,Microsoft-Windows-GroupPolicy/Operational,876,1752,WIN-3M6ADARIMNH,1,S-1-5-21-1074993871-1730380631-692495208-1000,,,,,,,,,,,False,C:\Users\user\repos\memory-forensics-tool\artifacts\file.None.0xfffffa800343ff10.dat.evtx,0x4000000000000000,0,"{""EventData"":{""Data"":{""@Name"":""PolicyProcessingMode"",""#text"":""0""}}}"
153,153,2025-02-07 12:14:00.7148214,5312,Info,Microsoft-Windows-GroupPolicy,Microsoft-Windows-GroupPolicy/Operational,876,1752,WIN-3M6ADARIMNH,1,S-1-5-18,,,,,,,,,,,False,C:\Users\user\repos\memory-forensics-tool\artifacts\file.None.0xfffffa800343ff10.dat.evtx,0x4000000000000000,0,"{""EventData"":{""Data"":[{""@Name"":""DescriptionString"",""#text"":""None""},{""@Name"":""GPOInfoList""}]}}"
154,154,2025-02-07 12:14:00.7148214,5313,Info,Microsoft-Windows-GroupPolicy,Microsoft-Windows-GroupPolicy/Operational,876,1752,WIN-3M6ADARIMNH,1,S-1-5-18,,,,,,,,,,,False,C:\Users\user\repos\memory-forensics-tool\artifacts\file.None.0xfffffa800343ff10.dat.evtx,0x4000000000000000,0,"{""EventData"":{""Data"":[{""@Name"":""DescriptionString"",""#text"":""Local Group Policy, Not Applied (Empty), ""},{""@Name"":""GPOInfoList"",""#text"":""&lt;GPO ID=\""Local Group Policy\""&gt;&lt;Name&gt;Local Group Policy&lt;/Name&gt;&lt;Version&gt;0&lt;/Version&gt;&lt;SOM&gt;Local&lt;/SOM&gt;&lt;FSPath&gt;C:\\Windows\\System32\\GroupPolicy\\User&lt;/FSPath&gt;&lt;Reason&gt;NOTAPPLIED-EMPTY&lt;/Reason&gt;&lt;/GPO&gt;""}]}}"
155,155,2025-02-07 12:14:00.7148214,5320,Info,Microsoft-Windows-GroupPolicy,Microsoft-Windows-GroupPolicy/Operational,876,1752,WIN-3M6ADARIMNH,1,S-1-5-18,,,,,,,,,,,False,C:\Users\user\repos\memory-forensics-tool\artifacts\file.None.0xfffffa800343ff10.dat.evtx,0x4000000000000000,0,"{""EventData"":{""Data"":{""@Name"":""InfoDescription"",""#text"":""%%4161""}}}"
156,156,2025-02-07 12:14:00.7148214,5320,Info,Microsoft-Windows-GroupPolicy,Microsoft-Windows-GroupPolicy/Operational,876,1752,WIN-3M6ADARIMNH,1,S-1-5-18,,,,,,,,,,,False,C:\Users\user\repos\memory-forensics-tool\artifacts\file.None.0xfffffa800343ff10.dat.evtx,0x4000000000000000,0,"{""EventData"":{""Data"":{""@Name"":""InfoDescription"",""#text"":""%%4163""}}}"
157,157,2025-02-07 12:14:00.7148214,5320,Info,Microsoft-Windows-GroupPolicy,Microsoft-Windows-GroupPolicy/Operational,876,1752,WIN-3M6ADARIMNH,1,S-1-5-18,,,,,,,,,,,False,C:\Users\user\repos\memory-forensics-tool\artifacts\file.None.0xfffffa800343ff10.dat.evtx,0x4000000000000000,0,"{""EventData"":{""Data"":{""@Name"":""InfoDescription"",""#text"":""%%4165""}}}"
158,158,2025-02-07 12:14:00.7148214,8001,Info,Microsoft-Windows-GroupPolicy,Microsoft-Windows-GroupPolicy/Operational,876,1752,WIN-3M6ADARIMNH,1,S-1-5-18,,,,,,,,,,,False,C:\Users\user\repos\memory-forensics-tool\artifacts\file.None.0xfffffa800343ff10.dat.evtx,0x4000000000000000,0,"{""EventData"":{""Data"":[{""@Name"":""PolicyElaspedTimeInSeconds"",""#text"":""0""},{""@Name"":""ErrorCode"",""#text"":""0""},{""@Name"":""PrincipalSamName"",""#text"":""WIN-3M6ADARIMNH\\victim machine""},{""@Name"":""IsMachine"",""#text"":""0""},{""@Name"":""IsConnectivityFailure"",""#text"":""False""}]}}"
159,159,2025-02-07 12:14:00.7148214,5324,Info,Microsoft-Windows-GroupPolicy,Microsoft-Windows-GroupPolicy/Operational,876,1748,WIN-3M6ADARIMNH,1,S-1-5-18,,,,,,,,,,,False,C:\Users\user\repos\memory-forensics-tool\artifacts\file.None.0xfffffa800343ff10.dat.evtx,0x4000000000000000,0,"{""EventData"":{""Data"":[{""@Name"":""NotificationType"",""#text"":""3""},{""@Name"":""SessionId"",""#text"":""1""}]}}"
160,160,2025-02-07 12:14:00.8084216,5315,Info,Microsoft-Windows-GroupPolicy,Microsoft-Windows-GroupPolicy/Operational,876,1756,WIN-3M6ADARIMNH,1,S-1-5-18,,,,,,,,,,,False,C:\Users\user\repos\memory-forensics-tool\artifacts\file.None.0xfffffa800343ff10.dat.evtx,0x4000000000000000,0,"{""EventData"":{""Data"":[{""@Name"":""PrincipalSamName"",""#text"":""WIN-3M6ADARIMNH\\victim machine""},{""@Name"":""NextPolicyApplicationTime"",""#text"":""92""},{""@Name"":""NextPolicyApplicationTimeUnit"",""#text"":""%%4100""}]}}"
1,1,2025-02-07 12:13:56.1908135,5004,Error,Microsoft-Windows-Shell-AuthUI,Microsoft-Windows-Authentication User Interface/Operational,772,812,WIN-3M6ADARIMNH,0,S-1-5-18,,,,,,,,,,,False,C:\Users\user\repos\memory-forensics-tool\artifacts\file.None.0xfffffa8003479750.dat.evtx,Classic,0,"{""EventData"":{""Data"":{""@Name"":""Error"",""#text"":""???""}}}"
