1732,1732,2025-02-07 12:13:55.6916126,4672,LogAlways,Microsoft-Windows-Security-Auditing,Security,472,560,WIN-3M6ADARIMNH,19,,Administrative logon,NT AUTHORITY\SYSTEM (S-1-5-18),,"PrivilegeList: SeAssignPrimaryTokenPrivilege, SeTcbPrivilege, SeSecurityPrivilege, SeTakeOwnershipPrivilege, SeLoadDriverPrivilege, SeBackupPrivilege, SeRestorePrivilege, SeDebugPrivilege, SeAuditPrivilege, SeSystemEnvironmentPrivilege, SeImpersonatePrivilege",LogonId: 0x3E7,,,,,,False,C:\Users\user\repos\memory-forensics-tool\artifacts\Security.evtx,Audit success,0,"{""EventData"":{""Data"":[{""@Name"":""SubjectUserSid"",""#text"":""S-1-5-18""},{""@Name"":""SubjectUserName"",""#text"":""SYSTEM""},{""@Name"":""SubjectDomainName"",""#text"":""NT AUTHORITY""},{""@Name"":""SubjectLogonId"",""#text"":""0x3E7""},{""@Name"":""PrivilegeList"",""#text"":""SeAssignPrimaryTokenPrivilege, SeTcbPrivilege, SeSecurityPrivilege, SeTakeOwnershipPrivilege, SeLoadDriverPrivilege, SeBackupPrivilege, SeRestorePrivilege, SeDebugPrivilege, SeAuditPrivilege, SeSystemEnvironmentPrivilege, SeImpersonatePrivilege""}]}}"
1733,1733,2025-02-07 12:13:55.7384127,4624,LogAlways,Microsoft-Windows-Security-Auditing,Security,472,560,WIN-3M6ADARIMNH,19,,Successful logon,WORKGROUP\WIN-3M6ADARIMNH$," (-)",Target: NT AUTHORITY\NETWORK SERVICE,LogonType 5,LogonId: 0x3E4,AuthenticationPackageName: Negotiate,"LogonProcessName: Advapi  ",,C:\Windows\System32\services.exe,False,C:\Users\user\repos\memory-forensics-tool\artifacts\Security.evtx,Audit success,0,"{""EventData"":{""Data"":[{""@Name"":""SubjectUserSid"",""#text"":""S-1-5-18""},{""@Name"":""SubjectUserName"",""#text"":""WIN-3M6ADARIMNH$""},{""@Name"":""SubjectDomainName"",""#text"":""WORKGROUP""},{""@Name"":""SubjectLogonId"",""#text"":""0x3E7""},{""@Name"":""TargetUserSid"",""#text"":""S-1-5-20""},{""@Name"":""TargetUserName"",""#text"":""NETWORK SERVICE""},{""@Name"":""TargetDomainName"",""#text"":""NT AUTHORITY""},{""@Name"":""TargetLogonId"",""#text"":""0x3E4""},{""@Name"":""LogonType"",""#text"":""5""},{""@Name"":""LogonProcessName"",""#text"":""Advapi  ""},{""@Name"":""AuthenticationPackageName"",""#text"":""Negotiate""},{""@Name"":""WorkstationName""},{""@Name"":""LogonGuid"",""#text"":""00000000-0000-0000-0000-000000000000""},{""@Name"":""TransmittedServices"",""#text"":""-""},{""@Name"":""LmPackageName"",""#text"":""-""},{""@Name"":""KeyLength"",""#text"":""0""},{""@Name"":""ProcessId"",""#text"":""0x1D0""},{""@Name"":""ProcessName"",""#text"":""C:\\Windows\\System32\\services.exe""},{""@Name"":""IpAddress"",""#text"":""-""},{""@Name"":""IpPort"",""#text"":""-""}]}}"
1734,1734,2025-02-07 12:13:55.7384127,4672,LogAlways,Microsoft-Windows-Security-Auditing,Security,472,560,WIN-3M6ADARIMNH,19,,Administrative logon,NT AUTHORITY\NETWORK SERVICE (S-1-5-20),,"PrivilegeList: SeAssignPrimaryTokenPrivilege, SeAuditPrivilege, SeImpersonatePrivilege",LogonId: 0x3E4,,,,,,False,C:\Users\user\repos\memory-forensics-tool\artifacts\Security.evtx,Audit success,0,"{""EventData"":{""Data"":[{""@Name"":""SubjectUserSid"",""#text"":""S-1-5-20""},{""@Name"":""SubjectUserName"",""#text"":""NETWORK SERVICE""},{""@Name"":""SubjectDomainName"",""#text"":""NT AUTHORITY""},{""@Name"":""SubjectLogonId"",""#text"":""0x3E4""},{""@Name"":""PrivilegeList"",""#text"":""SeAssignPrimaryTokenPrivilege, SeAuditPrivilege, SeImpersonatePrivilege""}]}}"
1735,1735,2025-02-07 12:13:55.7540127,4624,LogAlways,Microsoft-Windows-Security-Auditing,Security,472,560,WIN-3M6ADARIMNH,19,,Successful logon,WORKGROUP\WIN-3M6ADARIMNH$," (-)",Target: NT AUTHORITY\LOCAL SERVICE,LogonType 5,LogonId: 0x3E5,AuthenticationPackageName: Negotiate,"LogonProcessName: Advapi  ",,C:\Windows\System32\services.exe,False,C:\Users\user\repos\memory-forensics-tool\artifacts\Security.evtx,Audit success,0,"{""EventData"":{""Data"":[{""@Name"":""SubjectUserSid"",""#text"":""S-1-5-18""},{""@Name"":""SubjectUserName"",""#text"":""WIN-3M6ADARIMNH$""},{""@Name"":""SubjectDomainName"",""#text"":""WORKGROUP""},{""@Name"":""SubjectLogonId"",""#text"":""0x3E7""},{""@Name"":""TargetUserSid"",""#text"":""S-1-5-19""},{""@Name"":""TargetUserName"",""#text"":""LOCAL SERVICE""},{""@Name"":""TargetDomainName"",""#text"":""NT AUTHORITY""},{""@Name"":""TargetLogonId"",""#text"":""0x3E5""},{""@Name"":""LogonType"",""#text"":""5""},{""@Name"":""LogonProcessName"",""#text"":""Advapi  ""},{""@Name"":""AuthenticationPackageName"",""#text"":""Negotiate""},{""@Name"":""WorkstationName""},{""@Name"":""LogonGuid"",""#text"":""00000000-0000-0000-0000-000000000000""},{""@Name"":""TransmittedServices"",""#text"":""-""},{""@Name"":""LmPackageName"",""#text"":""-""},{""@Name"":""KeyLength"",""#text"":""0""},{""@Name"":""ProcessId"",""#text"":""0x1D0""},{""@Name"":""ProcessName"",""#text"":""C:\\Windows\\System32\\services.exe""},{""@Name"":""IpAddress"",""#text"":""-""},{""@Name"":""IpPort"",""#text"":""-""}]}}"
1736,1736,2025-02-07 12:13:55.7540127,4672,LogAlways,Microsoft-Windows-Security-Auditing,Security,472,560,WIN-3M6ADARIMNH,19,,Administrative logon,NT AUTHORITY\LOCAL SERVICE (S-1-5-19),,"PrivilegeList: SeAssignPrimaryTokenPrivilege, SeAuditPrivilege, SeImpersonatePrivilege",LogonId: 0x3E5,,,,,,False,C:\Users\user\repos\memory-forensics-tool\artifacts\Security.evtx,Audit success,0,"{""EventData"":{""Data"":[{""@Name"":""SubjectUserSid"",""#text"":""S-1-5-19""},{""@Name"":""SubjectUserName"",""#text"":""LOCAL SERVICE""},{""@Name"":""SubjectDomainName"",""#text"":""NT AUTHORITY""},{""@Name"":""SubjectLogonId"",""#text"":""0x3E5""},{""@Name"":""PrivilegeList"",""#text"":""SeAssignPrimaryTokenPrivilege, SeAuditPrivilege, SeImpersonatePrivilege""}]}}"
1737,1737,2025-02-07 12:13:55.8008128,4624,LogAlways,Microsoft-Windows-Security-Auditing,Security,472,560,WIN-3M6ADARIMNH,19,,Successful logon,WORKGROUP\WIN-3M6ADARIMNH$," (-)",Target: NT AUTHORITY\SYSTEM,LogonType 5,LogonId: 0x3E7,AuthenticationPackageName: Negotiate,"LogonProcessName: Advapi  ",,C:\Windows\System32\services.exe,False,C:\Users\user\repos\memory-forensics-tool\artifacts\Security.evtx,Audit success,0,"{""EventData"":{""Data"":[{""@Name"":""SubjectUserSid"",""#text"":""S-1-5-18""},{""@Name"":""SubjectUserName"",""#text"":""WIN-3M6ADARIMNH$""},{""@Name"":""SubjectDomainName"",""#text"":""WORKGROUP""},{""@Name"":""SubjectLogonId"",""#text"":""0x3E7""},{""@Name"":""TargetUserSid"",""#text"":""S-1-5-18""},{""@Name"":""TargetUserName"",""#text"":""SYSTEM""},{""@Name"":""TargetDomainName"",""#text"":""NT AUTHORITY""},{""@Name"":""TargetLogonId"",""#text"":""0x3E7""},{""@Name"":""LogonType"",""#text"":""5""},{""@Name"":""LogonProcessName"",""#text"":""Advapi  ""},{""@Name"":""AuthenticationPackageName"",""#text"":""Negotiate""},{""@Name"":""WorkstationName""},{""@Name"":""LogonGuid"",""#text"":""00000000-0000-0000-0000-000000000000""},{""@Name"":""TransmittedServices"",""#text"":""-""},{""@Name"":""LmPackageName"",""#text"":""-""},{""@Name"":""KeyLength"",""#text"":""0""},{""@Name"":""ProcessId"",""#text"":""0x1D0""},{""@Name"":""ProcessName"",""#text"":""C:\\Windows\\System32\\services.exe""},{""@Name"":""IpAddress"",""#text"":""-""},{""@Name"":""IpPort"",""#text"":""-""}]}}"
1738,1738,2025-02-07 12:13:55.8008128,4672,LogAlways,Microsoft-Windows-Security-Auditing,Security,472,560,WIN-3M6ADARIMNH,19,,Administrative logon,NT AUTHORITY\SYSTEM (S-1-5-18),,"PrivilegeList: SeAssignPrimaryTokenPrivilege, SeTcbPrivilege, SeSecurityPrivilege, SeTakeOwnershipPrivilege, SeLoadDriverPrivilege, SeBackupPrivilege, SeRestorePrivilege, SeDebugPrivilege, SeAuditPrivilege, SeSystemEnvironmentPrivilege, SeImpersonatePrivilege",LogonId: 0x3E7,,,,,,False,C:\Users\user\repos\memory-forensics-tool\artifacts\Security.evtx,Audit success,0,"{""EventData"":{""Data"":[{""@Name"":""SubjectUserSid"",""#text"":""S-1-5-18""},{""@Name"":""SubjectUserName"",""#text"":""SYSTEM""},{""@Name"":""SubjectDomainName"",""#text"":""NT AUTHORITY""},{""@Name"":""SubjectLogonId"",""#text"":""0x3E7""},{""@Name"":""PrivilegeList"",""#text"":""SeAssignPrimaryTokenPrivilege, SeTcbPrivilege, SeSecurityPrivilege, SeTakeOwnershipPrivilege, SeLoadDriverPrivilege, SeBackupPrivilege, SeRestorePrivilege, SeDebugPrivilege, SeAuditPrivilege, SeSystemEnvironmentPrivilege, SeImpersonatePrivilege""}]}}"
1739,1739,2025-02-07 12:13:55.9412130,4624,LogAlways,Microsoft-Windows-Security-Auditing,Security,472,560,WIN-3M6ADARIMNH,19,,Successful logon,WORKGROUP\WIN-3M6ADARIMNH$," (-)",Target: NT AUTHORITY\SYSTEM,LogonType 5,LogonId: 0x3E7,AuthenticationPackageName: Negotiate,"LogonProcessName: Advapi  ",,C:\Windows\System32\services.exe,False,C:\Users\user\repos\memory-forensics-tool\artifacts\Security.evtx,Audit success,0,"{""EventData"":{""Data"":[{""@Name"":""SubjectUserSid"",""#text"":""S-1-5-18""},{""@Name"":""SubjectUserName"",""#text"":""WIN-3M6ADARIMNH$""},{""@Name"":""SubjectDomainName"",""#text"":""WORKGROUP""},{""@Name"":""SubjectLogonId"",""#text"":""0x3E7""},{""@Name"":""TargetUserSid"",""#text"":""S-1-5-18""},{""@Name"":""TargetUserName"",""#text"":""SYSTEM""},{""@Name"":""TargetDomainName"",""#text"":""NT AUTHORITY""},{""@Name"":""TargetLogonId"",""#text"":""0x3E7""},{""@Name"":""LogonType"",""#text"":""5""},{""@Name"":""LogonProcessName"",""#text"":""Advapi  ""},{""@Name"":""AuthenticationPackageName"",""#text"":""Negotiate""},{""@Name"":""WorkstationName""},{""@Name"":""LogonGuid"",""#text"":""00000000-0000-0000-0000-000000000000""},{""@Name"":""TransmittedServices"",""#text"":""-""},{""@Name"":""LmPackageName"",""#text"":""-""},{""@Name"":""KeyLength"",""#text"":""0""},{""@Name"":""ProcessId"",""#text"":""0x1D0""},{""@Name"":""ProcessName"",""#text"":""C:\\Windows\\System32\\services.exe""},{""@Name"":""IpAddress"",""#text"":""-""},{""@Name"":""IpPort"",""#text"":""-""}]}}"
1740,1740,2025-02-07 12:13:55.9412130,4672,LogAlways,Microsoft-Windows-Security-Auditing,Security,472,560,WIN-3M6ADARIMNH,19,,Administrative logon,NT AUTHORITY\SYSTEM (S-1-5-18),,"PrivilegeList: SeAssignPrimaryTokenPrivilege, SeTcbPrivilege, SeSecurityPrivilege, SeTakeOwnershipPrivilege, SeLoadDriverPrivilege, SeBackupPrivilege, SeRestorePrivilege, SeDebugPrivilege, SeAuditPrivilege, SeSystemEnvironmentPrivilege, SeImpersonatePrivilege",LogonId: 0x3E7,,,,,,False,C:\Users\user\repos\memory-forensics-tool\artifacts\Security.evtx,Audit success,0,"{""EventData"":{""Data"":[{""@Name"":""SubjectUserSid"",""#text"":""S-1-5-18""},{""@Name"":""SubjectUserName"",""#text"":""SYSTEM""},{""@Name"":""SubjectDomainName"",""#text"":""NT AUTHORITY""},{""@Name"":""SubjectLogonId"",""#text"":""0x3E7""},{""@Name"":""PrivilegeList"",""#text"":""SeAssignPrimaryTokenPrivilege, SeTcbPrivilege, SeSecurityPrivilege, SeTakeOwnershipPrivilege, SeLoadDriverPrivilege, SeBackupPrivilege, SeRestorePrivilege, SeDebugPrivilege, SeAuditPrivilege, SeSystemEnvironmentPrivilege, SeImpersonatePrivilege""}]}}"
1741,1741,2025-02-07 12:13:56.2220135,4624,LogAlways,Microsoft-Windows-Security-Auditing,Security,472,560,WIN-3M6ADARIMNH,19,,Successful logon,WORKGROUP\WIN-3M6ADARIMNH$," (-)",Target: NT AUTHORITY\SYSTEM,LogonType 5,LogonId: 0x3E7,AuthenticationPackageName: Negotiate,"LogonProcessName: Advapi  ",,C:\Windows\System32\services.exe,False,C:\Users\user\repos\memory-forensics-tool\artifacts\Security.evtx,Audit success,0,"{""EventData"":{""Data"":[{""@Name"":""SubjectUserSid"",""#text"":""S-1-5-18""},{""@Name"":""SubjectUserName"",""#text"":""WIN-3M6ADARIMNH$""},{""@Name"":""SubjectDomainName"",""#text"":""WORKGROUP""},{""@Name"":""SubjectLogonId"",""#text"":""0x3E7""},{""@Name"":""TargetUserSid"",""#text"":""S-1-5-18""},{""@Name"":""TargetUserName"",""#text"":""SYSTEM""},{""@Name"":""TargetDomainName"",""#text"":""NT AUTHORITY""},{""@Name"":""TargetLogonId"",""#text"":""0x3E7""},{""@Name"":""LogonType"",""#text"":""5""},{""@Name"":""LogonProcessName"",""#text"":""Advapi  ""},{""@Name"":""AuthenticationPackageName"",""#text"":""Negotiate""},{""@Name"":""WorkstationName""},{""@Name"":""LogonGuid"",""#text"":""00000000-0000-0000-0000-000000000000""},{""@Name"":""TransmittedServices"",""#text"":""-""},{""@Name"":""LmPackageName"",""#text"":""-""},{""@Name"":""KeyLength"",""#text"":""0""},{""@Name"":""ProcessId"",""#text"":""0x1D0""},{""@Name"":""ProcessName"",""#text"":""C:\\Windows\\System32\\services.exe""},{""@Name"":""IpAddress"",""#text"":""-""},{""@Name"":""IpPort"",""#text"":""-""}]}}"
1742,1742,2025-02-07 12:13:56.2220135,4672,LogAlways,Microsoft-Windows-Security-Auditing,Security,472,560,WIN-3M6ADARIMNH,19,,Administrative logon,NT AUTHORITY\SYSTEM (S-1-5-18),,"PrivilegeList: SeAssignPrimaryTokenPrivilege, SeTcbPrivilege, SeSecurityPrivilege, SeTakeOwnershipPrivilege, SeLoadDriverPrivilege, SeBackupPrivilege, SeRestorePrivilege, SeDebugPrivilege, SeAuditPrivilege, SeSystemEnvironmentPrivilege, SeImpersonatePrivilege",LogonId: 0x3E7,,,,,,False,C:\Users\user\repos\memory-forensics-tool\artifacts\Security.evtx,Audit success,0,"{""EventData"":{""Data"":[{""@Name"":""SubjectUserSid"",""#text"":""S-1-5-18""},{""@Name"":""SubjectUserName"",""#text"":""SYSTEM""},{""@Name"":""SubjectDomainName"",""#text"":""NT AUTHORITY""},{""@Name"":""SubjectLogonId"",""#text"":""0x3E7""},{""@Name"":""PrivilegeList"",""#text"":""SeAssignPrimaryTokenPrivilege, SeTcbPrivilege, SeSecurityPrivilege, SeTakeOwnershipPrivilege, SeLoadDriverPrivilege, SeBackupPrivilege, SeRestorePrivilege, SeDebugPrivilege, SeAuditPrivilege, SeSystemEnvironmentPrivilege, SeImpersonatePrivilege""}]}}"
1743,1743,2025-02-07 12:13:56.2844136,5033,LogAlways,Microsoft-Windows-Security-Auditing,Security,4,44,WIN-3M6ADARIMNH,19,,,,,,,,,,,,False,C:\Users\user\repos\memory-forensics-tool\artifacts\Security.evtx,Audit success,0,"{""EventData"":""""}"
1744,1744,2025-02-07 12:13:56.5340141,5024,LogAlways,Microsoft-Windows-Security-Auditing,Security,472,560,WIN-3M6ADARIMNH,19,,,,,,,,,,,,False,C:\Users\user\repos\memory-forensics-tool\artifacts\Security.evtx,Audit success,0,"{""EventData"":""""}"
1745,1745,2025-02-07 12:13:56.5808142,4624,LogAlways,Microsoft-Windows-Security-Auditing,Security,472,560,WIN-3M6ADARIMNH,19,,Successful logon,-\-," (-)",Target: NT AUTHORITY\ANONYMOUS LOGON,LogonType 3,LogonId: 0x1A6E5,AuthenticationPackageName: NTLM,"LogonProcessName: NtLmSsp ",,-,False,C:\Users\user\repos\memory-forensics-tool\artifacts\Security.evtx,Audit success,0,"{""EventData"":{""Data"":[{""@Name"":""SubjectUserSid"",""#text"":""S-1-0-0""},{""@Name"":""SubjectUserName"",""#text"":""-""},{""@Name"":""SubjectDomainName"",""#text"":""-""},{""@Name"":""SubjectLogonId"",""#text"":""0x0""},{""@Name"":""TargetUserSid"",""#text"":""S-1-5-7""},{""@Name"":""TargetUserName"",""#text"":""ANONYMOUS LOGON""},{""@Name"":""TargetDomainName"",""#text"":""NT AUTHORITY""},{""@Name"":""TargetLogonId"",""#text"":""0x1A6E5""},{""@Name"":""LogonType"",""#text"":""3""},{""@Name"":""LogonProcessName"",""#text"":""NtLmSsp ""},{""@Name"":""AuthenticationPackageName"",""#text"":""NTLM""},{""@Name"":""WorkstationName""},{""@Name"":""LogonGuid"",""#text"":""00000000-0000-0000-0000-000000000000""},{""@Name"":""TransmittedServices"",""#text"":""-""},{""@Name"":""LmPackageName"",""#text"":""NTLM V1""},{""@Name"":""KeyLength"",""#text"":""0""},{""@Name"":""ProcessId"",""#text"":""0x0""},{""@Name"":""ProcessName"",""#text"":""-""},{""@Name"":""IpAddress"",""#text"":""-""},{""@Name"":""IpPort"",""#text"":""-""}]}}"
1746,1746,2025-02-07 12:14:00.6680213,4648,LogAlways,Microsoft-Windows-Security-Auditing,Security,472,788,WIN-3M6ADARIMNH,19,,A logon was attempted using explicit credentials,WORKGROUP\WIN-3M6ADARIMNH$,127.0.0.1:0,Target: WIN-3M6ADARIMNH\victim machine,TargetServerName: localhost,PID: 0x1A4,TargetInfo: localhost,,,C:\Windows\System32\winlogon.exe,False,C:\Users\user\repos\memory-forensics-tool\artifacts\Security.evtx,Audit success,0,"{""EventData"":{""Data"":[{""@Name"":""SubjectUserSid"",""#text"":""S-1-5-18""},{""@Name"":""SubjectUserName"",""#text"":""WIN-3M6ADARIMNH$""},{""@Name"":""SubjectDomainName"",""#text"":""WORKGROUP""},{""@Name"":""SubjectLogonId"",""#text"":""0x3E7""},{""@Name"":""LogonGuid"",""#text"":""00000000-0000-0000-0000-000000000000""},{""@Name"":""TargetUserName"",""#text"":""victim machine""},{""@Name"":""TargetDomainName"",""#text"":""WIN-3M6ADARIMNH""},{""@Name"":""TargetLogonGuid"",""#text"":""00000000-0000-0000-0000-000000000000""},{""@Name"":""TargetServerName"",""#text"":""localhost""},{""@Name"":""TargetInfo"",""#text"":""localhost""},{""@Name"":""ProcessId"",""#text"":""0x1A4""},{""@Name"":""ProcessName"",""#text"":""C:\\Windows\\System32\\winlogon.exe""},{""@Name"":""IpAddress"",""#text"":""127.0.0.1""},{""@Name"":""IpPort"",""#text"":""0""}]}}"
1747,1747,2025-02-07 12:14:00.6680213,4624,LogAlways,Microsoft-Windows-Security-Auditing,Security,472,788,WIN-3M6ADARIMNH,19,,Successful logon,WORKGROUP\WIN-3M6ADARIMNH$,WIN-3M6ADARIMNH (127.0.0.1),Target: WIN-3M6ADARIMNH\victim machine,LogonType 2,LogonId: 0x1E8DD,AuthenticationPackageName: Negotiate,"LogonProcessName: User32 ",,C:\Windows\System32\winlogon.exe,False,C:\Users\user\repos\memory-forensics-tool\artifacts\Security.evtx,Audit success,0,"{""EventData"":{""Data"":[{""@Name"":""SubjectUserSid"",""#text"":""S-1-5-18""},{""@Name"":""SubjectUserName"",""#text"":""WIN-3M6ADARIMNH$""},{""@Name"":""SubjectDomainName"",""#text"":""WORKGROUP""},{""@Name"":""SubjectLogonId"",""#text"":""0x3E7""},{""@Name"":""TargetUserSid"",""#text"":""S-1-5-21-1074993871-1730380631-692495208-1000""},{""@Name"":""TargetUserName"",""#text"":""victim machine""},{""@Name"":""TargetDomainName"",""#text"":""WIN-3M6ADARIMNH""},{""@Name"":""TargetLogonId"",""#text"":""0x1E8DD""},{""@Name"":""LogonType"",""#text"":""2""},{""@Name"":""LogonProcessName"",""#text"":""User32 ""},{""@Name"":""AuthenticationPackageName"",""#text"":""Negotiate""},{""@Name"":""WorkstationName"",""#text"":""WIN-3M6ADARIMNH""},{""@Name"":""LogonGuid"",""#text"":""00000000-0000-0000-0000-000000000000""},{""@Name"":""TransmittedServices"",""#text"":""-""},{""@Name"":""LmPackageName"",""#text"":""-""},{""@Name"":""KeyLength"",""#text"":""0""},{""@Name"":""ProcessId"",""#text"":""0x1A4""},{""@Name"":""ProcessName"",""#text"":""C:\\Windows\\System32\\winlogon.exe""},{""@Name"":""IpAddress"",""#text"":""127.0.0.1""},{""@Name"":""IpPort"",""#text"":""0""}]}}"
1748,1748,2025-02-07 12:14:00.6680213,4624,LogAlways,Microsoft-Windows-Security-Auditing,Security,472,788,WIN-3M6ADARIMNH,19,,Successful logon,WORKGROUP\WIN-3M6ADARIMNH$,WIN-3M6ADARIMNH (127.0.0.1),Target: WIN-3M6ADARIMNH\victim machine,LogonType 2,LogonId: 0x1E98C,AuthenticationPackageName: Negotiate,"LogonProcessName: User32 ",,C:\Windows\System32\winlogon.exe,False,C:\Users\user\repos\memory-forensics-tool\artifacts\Security.evtx,Audit success,0,"{""EventData"":{""Data"":[{""@Name"":""SubjectUserSid"",""#text"":""S-1-5-18""},{""@Name"":""SubjectUserName"",""#text"":""WIN-3M6ADARIMNH$""},{""@Name"":""SubjectDomainName"",""#text"":""WORKGROUP""},{""@Name"":""SubjectLogonId"",""#text"":""0x3E7""},{""@Name"":""TargetUserSid"",""#text"":""S-1-5-21-1074993871-1730380631-692495208-1000""},{""@Name"":""TargetUserName"",""#text"":""victim machine""},{""@Name"":""TargetDomainName"",""#text"":""WIN-3M6ADARIMNH""},{""@Name"":""TargetLogonId"",""#text"":""0x1E98C""},{""@Name"":""LogonType"",""#text"":""2""},{""@Name"":""LogonProcessName"",""#text"":""User32 ""},{""@Name"":""AuthenticationPackageName"",""#text"":""Negotiate""},{""@Name"":""WorkstationName"",""#text"":""WIN-3M6ADARIMNH""},{""@Name"":""LogonGuid"",""#text"":""00000000-0000-0000-0000-000000000000""},{""@Name"":""TransmittedServices"",""#text"":""-""},{""@Name"":""LmPackageName"",""#text"":""-""},{""@Name"":""KeyLength"",""#text"":""0""},{""@Name"":""ProcessId"",""#text"":""0x1A4""},{""@Name"":""ProcessName"",""#text"":""C:\\Windows\\System32\\winlogon.exe""},{""@Name"":""IpAddress"",""#text"":""127.0.0.1""},{""@Name"":""IpPort"",""#text"":""0""}]}}"
1749,1749,2025-02-07 12:14:00.6680213,4672,LogAlways,Microsoft-Windows-Security-Auditing,Security,472,788,WIN-3M6ADARIMNH,19,,Administrative logon,WIN-3M6ADARIMNH\victim machine (S-1-5-21-1074993871-1730380631-692495208-1000),,"PrivilegeList: SeSecurityPrivilege, SeTakeOwnershipPrivilege, SeLoadDriverPrivilege, SeBackupPrivilege, SeRestorePrivilege, SeDebugPrivilege, SeSystemEnvironmentPrivilege, SeImpersonatePrivilege",LogonId: 0x1E8DD,,,,,,False,C:\Users\user\repos\memory-forensics-tool\artifacts\Security.evtx,Audit success,0,"{""EventData"":{""Data"":[{""@Name"":""SubjectUserSid"",""#text"":""S-1-5-21-1074993871-1730380631-692495208-1000""},{""@Name"":""SubjectUserName"",""#text"":""victim machine""},{""@Name"":""SubjectDomainName"",""#text"":""WIN-3M6ADARIMNH""},{""@Name"":""SubjectLogonId"",""#text"":""0x1E8DD""},{""@Name"":""PrivilegeList"",""#text"":""SeSecurityPrivilege, SeTakeOwnershipPrivilege, SeLoadDriverPrivilege, SeBackupPrivilege, SeRestorePrivilege, SeDebugPrivilege, SeSystemEnvironmentPrivilege, SeImpersonatePrivilege""}]}}"
1750,1750,2025-02-07 12:14:07.0632350,4624,LogAlways,Microsoft-Windows-Security-Auditing,Security,472,520,WIN-3M6ADARIMNH,19,,Successful logon,WORKGROUP\WIN-3M6ADARIMNH$," (-)",Target: NT AUTHORITY\SYSTEM,LogonType 5,LogonId: 0x3E7,AuthenticationPackageName: Negotiate,"LogonProcessName: Advapi  ",,C:\Windows\System32\services.exe,False,C:\Users\user\repos\memory-forensics-tool\artifacts\Security.evtx,Audit success,0,"{""EventData"":{""Data"":[{""@Name"":""SubjectUserSid"",""#text"":""S-1-5-18""},{""@Name"":""SubjectUserName"",""#text"":""WIN-3M6ADARIMNH$""},{""@Name"":""SubjectDomainName"",""#text"":""WORKGROUP""},{""@Name"":""SubjectLogonId"",""#text"":""0x3E7""},{""@Name"":""TargetUserSid"",""#text"":""S-1-5-18""},{""@Name"":""TargetUserName"",""#text"":""SYSTEM""},{""@Name"":""TargetDomainName"",""#text"":""NT AUTHORITY""},{""@Name"":""TargetLogonId"",""#text"":""0x3E7""},{""@Name"":""LogonType"",""#text"":""5""},{""@Name"":""LogonProcessName"",""#text"":""Advapi  ""},{""@Name"":""AuthenticationPackageName"",""#text"":""Negotiate""},{""@Name"":""WorkstationName""},{""@Name"":""LogonGuid"",""#text"":""00000000-0000-0000-0000-000000000000""},{""@Name"":""TransmittedServices"",""#text"":""-""},{""@Name"":""LmPackageName"",""#text"":""-""},{""@Name"":""KeyLength"",""#text"":""0""},{""@Name"":""ProcessId"",""#text"":""0x1D0""},{""@Name"":""ProcessName"",""#text"":""C:\\Windows\\System32\\services.exe""},{""@Name"":""IpAddress"",""#text"":""-""},{""@Name"":""IpPort"",""#text"":""-""}]}}"
1751,1751,2025-02-07 12:14:07.0632350,4672,LogAlways,Microsoft-Windows-Security-Auditing,Security,472,520,WIN-3M6ADARIMNH,19,,Administrative logon,NT AUTHORITY\SYSTEM (S-1-5-18),,"PrivilegeList: SeAssignPrimaryTokenPrivilege, SeTcbPrivilege, SeSecurityPrivilege, SeTakeOwnershipPrivilege, SeLoadDriverPrivilege, SeBackupPrivilege, SeRestorePrivilege, SeDebugPrivilege, SeAuditPrivilege, SeSystemEnvironmentPrivilege, SeImpersonatePrivilege",LogonId: 0x3E7,,,,,,False,C:\Users\user\repos\memory-forensics-tool\artifacts\Security.evtx,Audit success,0,"{""EventData"":{""Data"":[{""@Name"":""SubjectUserSid"",""#text"":""S-1-5-18""},{""@Name"":""SubjectUserName"",""#text"":""SYSTEM""},{""@Name"":""SubjectDomainName"",""#text"":""NT AUTHORITY""},{""@Name"":""SubjectLogonId"",""#text"":""0x3E7""},{""@Name"":""PrivilegeList"",""#text"":""SeAssignPrimaryTokenPrivilege, SeTcbPrivilege, SeSecurityPrivilege, SeTakeOwnershipPrivilege, SeLoadDriverPrivilege, SeBackupPrivilege, SeRestorePrivilege, SeDebugPrivilege, SeAuditPrivilege, SeSystemEnvironmentPrivilege, SeImpersonatePrivilege""}]}}"
1752,1752,2025-02-07 12:15:22.6021674,5058,LogAlways,Microsoft-Windows-Security-Auditing,Security,472,2556,WIN-3M6ADARIMNH,19,,,,,,,,,,,,False,C:\Users\user\repos\memory-forensics-tool\artifacts\Security.evtx,Audit success,0,"{""EventData"":{""Data"":[{""@Name"":""SubjectUserSid"",""#text"":""S-1-5-20""},{""@Name"":""SubjectUserName"",""#text"":""WIN-3M6ADARIMNH$""},{""@Name"":""SubjectDomainName"",""#text"":""WORKGROUP""},{""@Name"":""SubjectLogonId"",""#text"":""0x3E4""},{""@Name"":""ProviderName"",""#text"":""Microsoft Software Key Storage Provider""},{""@Name"":""AlgorithmName"",""#text"":""%%2432""},{""@Name"":""KeyName"",""#text"":""TSSecKeySet1""},{""@Name"":""KeyType"",""#text"":""%%2499""},{""@Name"":""KeyFilePath"",""#text"":""C:\\ProgramData\\Microsoft\\Crypto\\RSA\\MachineKeys\\f686aace6942fb7f7ceb231212eef4a4_b072788c-7e75-4cf0-acfa-496ab7ad2041""},{""@Name"":""Operation"",""#text"":""%%2458""},{""@Name"":""ReturnCode"",""#text"":""0x0""}]}}"
1753,1753,2025-02-07 12:15:22.6177674,5061,LogAlways,Microsoft-Windows-Security-Auditing,Security,472,2556,WIN-3M6ADARIMNH,19,,,,,,,,,,,,False,C:\Users\user\repos\memory-forensics-tool\artifacts\Security.evtx,Audit success,0,"{""EventData"":{""Data"":[{""@Name"":""SubjectUserSid"",""#text"":""S-1-5-20""},{""@Name"":""SubjectUserName"",""#text"":""WIN-3M6ADARIMNH$""},{""@Name"":""SubjectDomainName"",""#text"":""WORKGROUP""},{""@Name"":""SubjectLogonId"",""#text"":""0x3E4""},{""@Name"":""ProviderName"",""#text"":""Microsoft Software Key Storage Provider""},{""@Name"":""AlgorithmName"",""#text"":""RSA""},{""@Name"":""KeyName"",""#text"":""TSSecKeySet1""},{""@Name"":""KeyType"",""#text"":""%%2499""},{""@Name"":""Operation"",""#text"":""%%2480""},{""@Name"":""ReturnCode"",""#text"":""0x0""}]}}"
1754,1754,2025-02-07 12:15:57.0938280,4624,LogAlways,Microsoft-Windows-Security-Auditing,Security,472,520,WIN-3M6ADARIMNH,19,,Successful logon,WORKGROUP\WIN-3M6ADARIMNH$," (-)",Target: NT AUTHORITY\SYSTEM,LogonType 5,LogonId: 0x3E7,AuthenticationPackageName: Negotiate,"LogonProcessName: Advapi  ",,C:\Windows\System32\services.exe,False,C:\Users\user\repos\memory-forensics-tool\artifacts\Security.evtx,Audit success,0,"{""EventData"":{""Data"":[{""@Name"":""SubjectUserSid"",""#text"":""S-1-5-18""},{""@Name"":""SubjectUserName"",""#text"":""WIN-3M6ADARIMNH$""},{""@Name"":""SubjectDomainName"",""#text"":""WORKGROUP""},{""@Name"":""SubjectLogonId"",""#text"":""0x3E7""},{""@Name"":""TargetUserSid"",""#text"":""S-1-5-18""},{""@Name"":""TargetUserName"",""#text"":""SYSTEM""},{""@Name"":""TargetDomainName"",""#text"":""NT AUTHORITY""},{""@Name"":""TargetLogonId"",""#text"":""0x3E7""},{""@Name"":""LogonType"",""#text"":""5""},{""@Name"":""LogonProcessName"",""#text"":""Advapi  ""},{""@Name"":""AuthenticationPackageName"",""#text"":""Negotiate""},{""@Name"":""WorkstationName""},{""@Name"":""LogonGuid"",""#text"":""00000000-0000-0000-0000-000000000000""},{""@Name"":""TransmittedServices"",""#text"":""-""},{""@Name"":""LmPackageName"",""#text"":""-""},{""@Name"":""KeyLength"",""#text"":""0""},{""@Name"":""ProcessId"",""#text"":""0x1D0""},{""@Name"":""ProcessName"",""#text"":""C:\\Windows\\System32\\services.exe""},{""@Name"":""IpAddress"",""#text"":""-""},{""@Name"":""IpPort"",""#text"":""-""}]}}"
1755,1755,2025-02-07 12:15:57.0938280,4672,LogAlways,Microsoft-Windows-Security-Auditing,Security,472,520,WIN-3M6ADARIMNH,19,,Administrative logon,NT AUTHORITY\SYSTEM (S-1-5-18),,"PrivilegeList: SeAssignPrimaryTokenPrivilege, SeTcbPrivilege, SeSecurityPrivilege, SeTakeOwnershipPrivilege, SeLoadDriverPrivilege, SeBackupPrivilege, SeRestorePrivilege, SeDebugPrivilege, SeAuditPrivilege, SeSystemEnvironmentPrivilege, SeImpersonatePrivilege",LogonId: 0x3E7,,,,,,False,C:\Users\user\repos\memory-forensics-tool\artifacts\Security.evtx,Audit success,0,"{""EventData"":{""Data"":[{""@Name"":""SubjectUserSid"",""#text"":""S-1-5-18""},{""@Name"":""SubjectUserName"",""#text"":""SYSTEM""},{""@Name"":""SubjectDomainName"",""#text"":""NT AUTHORITY""},{""@Name"":""SubjectLogonId"",""#text"":""0x3E7""},{""@Name"":""PrivilegeList"",""#text"":""SeAssignPrimaryTokenPrivilege, SeTcbPrivilege, SeSecurityPrivilege, SeTakeOwnershipPrivilege, SeLoadDriverPrivilege, SeBackupPrivilege, SeRestorePrivilege, SeDebugPrivilege, SeAuditPrivilege, SeSystemEnvironmentPrivilege, SeImpersonatePrivilege""}]}}"
1756,1756,2025-02-07 12:18:48.6317293,4624,LogAlways,Microsoft-Windows-Security-Auditing,Security,472,2776,WIN-3M6ADARIMNH,19,,Successful logon,-\-,7xEIHNyM87xc8yPj (192.168.186.135),Target: NT AUTHORITY\ANONYMOUS LOGON,LogonType 3,LogonId: 0x40447,AuthenticationPackageName: NTLM,"LogonProcessName: NtLmSsp ",,-,False,C:\Users\user\repos\memory-forensics-tool\artifacts\Security.evtx,Audit success,0,"{""EventData"":{""Data"":[{""@Name"":""SubjectUserSid"",""#text"":""S-1-0-0""},{""@Name"":""SubjectUserName"",""#text"":""-""},{""@Name"":""SubjectDomainName"",""#text"":""-""},{""@Name"":""SubjectLogonId"",""#text"":""0x0""},{""@Name"":""TargetUserSid"",""#text"":""S-1-5-7""},{""@Name"":""TargetUserName"",""#text"":""ANONYMOUS LOGON""},{""@Name"":""TargetDomainName"",""#text"":""NT AUTHORITY""},{""@Name"":""TargetLogonId"",""#text"":""0x40447""},{""@Name"":""LogonType"",""#text"":""3""},{""@Name"":""LogonProcessName"",""#text"":""NtLmSsp ""},{""@Name"":""AuthenticationPackageName"",""#text"":""NTLM""},{""@Name"":""WorkstationName"",""#text"":""7xEIHNyM87xc8yPj""},{""@Name"":""LogonGuid"",""#text"":""00000000-0000-0000-0000-000000000000""},{""@Name"":""TransmittedServices"",""#text"":""-""},{""@Name"":""LmPackageName"",""#text"":""NTLM V1""},{""@Name"":""KeyLength"",""#text"":""0""},{""@Name"":""ProcessId"",""#text"":""0x0""},{""@Name"":""ProcessName"",""#text"":""-""},{""@Name"":""IpAddress"",""#text"":""192.168.186.135""},{""@Name"":""IpPort"",""#text"":""41231""}]}}"
1757,1757,2025-02-07 12:18:49.2713304,4634,LogAlways,Microsoft-Windows-Security-Auditing,Security,472,2776,WIN-3M6ADARIMNH,19,,An account was logged off,,,Target: NT AUTHORITY\ANONYMOUS LOGON,LogonType 3,LogonId: 0x40447,,,,,False,C:\Users\user\repos\memory-forensics-tool\artifacts\Security.evtx,Audit success,0,"{""EventData"":{""Data"":[{""@Name"":""TargetUserSid"",""#text"":""S-1-5-7""},{""@Name"":""TargetUserName"",""#text"":""ANONYMOUS LOGON""},{""@Name"":""TargetDomainName"",""#text"":""NT AUTHORITY""},{""@Name"":""TargetLogonId"",""#text"":""0x40447""},{""@Name"":""LogonType"",""#text"":""3""}]}}"
1758,1758,2025-02-07 12:20:19.2366884,5058,LogAlways,Microsoft-Windows-Security-Auditing,Security,472,788,WIN-3M6ADARIMNH,19,,,,,,,,,,,,False,C:\Users\user\repos\memory-forensics-tool\artifacts\Security.evtx,Audit success,0,"{""EventData"":{""Data"":[{""@Name"":""SubjectUserSid"",""#text"":""S-1-5-20""},{""@Name"":""SubjectUserName"",""#text"":""WIN-3M6ADARIMNH$""},{""@Name"":""SubjectDomainName"",""#text"":""WORKGROUP""},{""@Name"":""SubjectLogonId"",""#text"":""0x3E4""},{""@Name"":""ProviderName"",""#text"":""Microsoft Software Key Storage Provider""},{""@Name"":""AlgorithmName"",""#text"":""%%2432""},{""@Name"":""KeyName"",""#text"":""TSSecKeySet1""},{""@Name"":""KeyType"",""#text"":""%%2499""},{""@Name"":""KeyFilePath"",""#text"":""C:\\ProgramData\\Microsoft\\Crypto\\RSA\\MachineKeys\\f686aace6942fb7f7ceb231212eef4a4_b072788c-7e75-4cf0-acfa-496ab7ad2041""},{""@Name"":""Operation"",""#text"":""%%2458""},{""@Name"":""ReturnCode"",""#text"":""0x0""}]}}"
1759,1759,2025-02-07 12:20:19.2366884,5061,LogAlways,Microsoft-Windows-Security-Auditing,Security,472,788,WIN-3M6ADARIMNH,19,,,,,,,,,,,,False,C:\Users\user\repos\memory-forensics-tool\artifacts\Security.evtx,Audit success,0,"{""EventData"":{""Data"":[{""@Name"":""SubjectUserSid"",""#text"":""S-1-5-20""},{""@Name"":""SubjectUserName"",""#text"":""WIN-3M6ADARIMNH$""},{""@Name"":""SubjectDomainName"",""#text"":""WORKGROUP""},{""@Name"":""SubjectLogonId"",""#text"":""0x3E4""},{""@Name"":""ProviderName"",""#text"":""Microsoft Software Key Storage Provider""},{""@Name"":""AlgorithmName"",""#text"":""RSA""},{""@Name"":""KeyName"",""#text"":""TSSecKeySet1""},{""@Name"":""KeyType"",""#text"":""%%2499""},{""@Name"":""Operation"",""#text"":""%%2480""},{""@Name"":""ReturnCode"",""#text"":""0x0""}]}}"
1760,1760,2025-02-07 12:20:32.1067110,4648,LogAlways,Microsoft-Windows-Security-Auditing,Security,472,788,WIN-3M6ADARIMNH,19,,A logon was attempted using explicit credentials,WORKGROUP\WIN-3M6ADARIMNH$,192.168.186.131:50126,Target: WIN-3M6ADARIMNH\victim machine,TargetServerName: localhost,PID: 0x10C,TargetInfo: localhost,,,C:\Windows\System32\winlogon.exe,False,C:\Users\user\repos\memory-forensics-tool\artifacts\Security.evtx,Audit success,0,"{""EventData"":{""Data"":[{""@Name"":""SubjectUserSid"",""#text"":""S-1-5-18""},{""@Name"":""SubjectUserName"",""#text"":""WIN-3M6ADARIMNH$""},{""@Name"":""SubjectDomainName"",""#text"":""WORKGROUP""},{""@Name"":""SubjectLogonId"",""#text"":""0x3E7""},{""@Name"":""LogonGuid"",""#text"":""00000000-0000-0000-0000-000000000000""},{""@Name"":""TargetUserName"",""#text"":""victim machine""},{""@Name"":""TargetDomainName"",""#text"":""WIN-3M6ADARIMNH""},{""@Name"":""TargetLogonGuid"",""#text"":""00000000-0000-0000-0000-000000000000""},{""@Name"":""TargetServerName"",""#text"":""localhost""},{""@Name"":""TargetInfo"",""#text"":""localhost""},{""@Name"":""ProcessId"",""#text"":""0x10C""},{""@Name"":""ProcessName"",""#text"":""C:\\Windows\\System32\\winlogon.exe""},{""@Name"":""IpAddress"",""#text"":""192.168.186.131""},{""@Name"":""IpPort"",""#text"":""50126""}]}}"
1761,1761,2025-02-07 12:20:32.1067110,4624,LogAlways,Microsoft-Windows-Security-Auditing,Security,472,788,WIN-3M6ADARIMNH,19,,Successful logon,WORKGROUP\WIN-3M6ADARIMNH$,WIN-3M6ADARIMNH (192.168.186.131),Target: WIN-3M6ADARIMNH\victim machine,LogonType 10,LogonId: 0x4478B,AuthenticationPackageName: Negotiate,"LogonProcessName: User32 ",,C:\Windows\System32\winlogon.exe,False,C:\Users\user\repos\memory-forensics-tool\artifacts\Security.evtx,Audit success,0,"{""EventData"":{""Data"":[{""@Name"":""SubjectUserSid"",""#text"":""S-1-5-18""},{""@Name"":""SubjectUserName"",""#text"":""WIN-3M6ADARIMNH$""},{""@Name"":""SubjectDomainName"",""#text"":""WORKGROUP""},{""@Name"":""SubjectLogonId"",""#text"":""0x3E7""},{""@Name"":""TargetUserSid"",""#text"":""S-1-5-21-1074993871-1730380631-692495208-1000""},{""@Name"":""TargetUserName"",""#text"":""victim machine""},{""@Name"":""TargetDomainName"",""#text"":""WIN-3M6ADARIMNH""},{""@Name"":""TargetLogonId"",""#text"":""0x4478B""},{""@Name"":""LogonType"",""#text"":""10""},{""@Name"":""LogonProcessName"",""#text"":""User32 ""},{""@Name"":""AuthenticationPackageName"",""#text"":""Negotiate""},{""@Name"":""WorkstationName"",""#text"":""WIN-3M6ADARIMNH""},{""@Name"":""LogonGuid"",""#text"":""00000000-0000-0000-0000-000000000000""},{""@Name"":""TransmittedServices"",""#text"":""-""},{""@Name"":""LmPackageName"",""#text"":""-""},{""@Name"":""KeyLength"",""#text"":""0""},{""@Name"":""ProcessId"",""#text"":""0x10C""},{""@Name"":""ProcessName"",""#text"":""C:\\Windows\\System32\\winlogon.exe""},{""@Name"":""IpAddress"",""#text"":""192.168.186.131""},{""@Name"":""IpPort"",""#text"":""50126""}]}}"
1762,1762,2025-02-07 12:20:32.1067110,4624,LogAlways,Microsoft-Windows-Security-Auditing,Security,472,788,WIN-3M6ADARIMNH,19,,Successful logon,WORKGROUP\WIN-3M6ADARIMNH$,WIN-3M6ADARIMNH (192.168.186.131),Target: WIN-3M6ADARIMNH\victim machine,LogonType 10,LogonId: 0x447A0,AuthenticationPackageName: Negotiate,"LogonProcessName: User32 ",,C:\Windows\System32\winlogon.exe,False,C:\Users\user\repos\memory-forensics-tool\artifacts\Security.evtx,Audit success,0,"{""EventData"":{""Data"":[{""@Name"":""SubjectUserSid"",""#text"":""S-1-5-18""},{""@Name"":""SubjectUserName"",""#text"":""WIN-3M6ADARIMNH$""},{""@Name"":""SubjectDomainName"",""#text"":""WORKGROUP""},{""@Name"":""SubjectLogonId"",""#text"":""0x3E7""},{""@Name"":""TargetUserSid"",""#text"":""S-1-5-21-1074993871-1730380631-692495208-1000""},{""@Name"":""TargetUserName"",""#text"":""victim machine""},{""@Name"":""TargetDomainName"",""#text"":""WIN-3M6ADARIMNH""},{""@Name"":""TargetLogonId"",""#text"":""0x447A0""},{""@Name"":""LogonType"",""#text"":""10""},{""@Name"":""LogonProcessName"",""#text"":""User32 ""},{""@Name"":""AuthenticationPackageName"",""#text"":""Negotiate""},{""@Name"":""WorkstationName"",""#text"":""WIN-3M6ADARIMNH""},{""@Name"":""LogonGuid"",""#text"":""00000000-0000-0000-0000-000000000000""},{""@Name"":""TransmittedServices"",""#text"":""-""},{""@Name"":""LmPackageName"",""#text"":""-""},{""@Name"":""KeyLength"",""#text"":""0""},{""@Name"":""ProcessId"",""#text"":""0x10C""},{""@Name"":""ProcessName"",""#text"":""C:\\Windows\\System32\\winlogon.exe""},{""@Name"":""IpAddress"",""#text"":""192.168.186.131""},{""@Name"":""IpPort"",""#text"":""50126""}]}}"
1763,1763,2025-02-07 12:20:32.1067110,4672,LogAlways,Microsoft-Windows-Security-Auditing,Security,472,788,WIN-3M6ADARIMNH,19,,Administrative logon,WIN-3M6ADARIMNH\victim machine (S-1-5-21-1074993871-1730380631-692495208-1000),,"PrivilegeList: SeSecurityPrivilege, SeTakeOwnershipPrivilege, SeLoadDriverPrivilege, SeBackupPrivilege, SeRestorePrivilege, SeDebugPrivilege, SeSystemEnvironmentPrivilege, SeImpersonatePrivilege",LogonId: 0x4478B,,,,,,False,C:\Users\user\repos\memory-forensics-tool\artifacts\Security.evtx,Audit success,0,"{""EventData"":{""Data"":[{""@Name"":""SubjectUserSid"",""#text"":""S-1-5-21-1074993871-1730380631-692495208-1000""},{""@Name"":""SubjectUserName"",""#text"":""victim machine""},{""@Name"":""SubjectDomainName"",""#text"":""WIN-3M6ADARIMNH""},{""@Name"":""SubjectLogonId"",""#text"":""0x4478B""},{""@Name"":""PrivilegeList"",""#text"":""SeSecurityPrivilege, SeTakeOwnershipPrivilege, SeLoadDriverPrivilege, SeBackupPrivilege, SeRestorePrivilege, SeDebugPrivilege, SeSystemEnvironmentPrivilege, SeImpersonatePrivilege""}]}}"
1764,1764,2025-02-07 12:20:33.2455130,4634,LogAlways,Microsoft-Windows-Security-Auditing,Security,472,788,WIN-3M6ADARIMNH,19,,An account was logged off,,,Target: WIN-3M6ADARIMNH\victim machine,LogonType 10,LogonId: 0x447A0,,,,,False,C:\Users\user\repos\memory-forensics-tool\artifacts\Security.evtx,Audit success,0,"{""EventData"":{""Data"":[{""@Name"":""TargetUserSid"",""#text"":""S-1-5-21-1074993871-1730380631-692495208-1000""},{""@Name"":""TargetUserName"",""#text"":""victim machine""},{""@Name"":""TargetDomainName"",""#text"":""WIN-3M6ADARIMNH""},{""@Name"":""TargetLogonId"",""#text"":""0x447A0""},{""@Name"":""LogonType"",""#text"":""10""}]}}"
1765,1765,2025-02-07 12:20:52.4803468,4648,LogAlways,Microsoft-Windows-Security-Auditing,Security,472,788,WIN-3M6ADARIMNH,19,,A logon was attempted using explicit credentials,WORKGROUP\WIN-3M6ADARIMNH$,127.0.0.1:0,Target: WIN-3M6ADARIMNH\victim machine,TargetServerName: localhost,PID: 0x6D4,TargetInfo: localhost,,,C:\Windows\System32\winlogon.exe,False,C:\Users\user\repos\memory-forensics-tool\artifacts\Security.evtx,Audit success,0,"{""EventData"":{""Data"":[{""@Name"":""SubjectUserSid"",""#text"":""S-1-5-18""},{""@Name"":""SubjectUserName"",""#text"":""WIN-3M6ADARIMNH$""},{""@Name"":""SubjectDomainName"",""#text"":""WORKGROUP""},{""@Name"":""SubjectLogonId"",""#text"":""0x3E7""},{""@Name"":""LogonGuid"",""#text"":""00000000-0000-0000-0000-000000000000""},{""@Name"":""TargetUserName"",""#text"":""victim machine""},{""@Name"":""TargetDomainName"",""#text"":""WIN-3M6ADARIMNH""},{""@Name"":""TargetLogonGuid"",""#text"":""00000000-0000-0000-0000-000000000000""},{""@Name"":""TargetServerName"",""#text"":""localhost""},{""@Name"":""TargetInfo"",""#text"":""localhost""},{""@Name"":""ProcessId"",""#text"":""0x6D4""},{""@Name"":""ProcessName"",""#text"":""C:\\Windows\\System32\\winlogon.exe""},{""@Name"":""IpAddress"",""#text"":""127.0.0.1""},{""@Name"":""IpPort"",""#text"":""0""}]}}"
1766,1766,2025-02-07 12:20:52.4803468,4624,LogAlways,Microsoft-Windows-Security-Auditing,Security,472,788,WIN-3M6ADARIMNH,19,,Successful logon,WORKGROUP\WIN-3M6ADARIMNH$,WIN-3M6ADARIMNH (127.0.0.1),Target: WIN-3M6ADARIMNH\victim machine,LogonType 2,LogonId: 0x49E88,AuthenticationPackageName: Negotiate,"LogonProcessName: User32 ",,C:\Windows\System32\winlogon.exe,False,C:\Users\user\repos\memory-forensics-tool\artifacts\Security.evtx,Audit success,0,"{""EventData"":{""Data"":[{""@Name"":""SubjectUserSid"",""#text"":""S-1-5-18""},{""@Name"":""SubjectUserName"",""#text"":""WIN-3M6ADARIMNH$""},{""@Name"":""SubjectDomainName"",""#text"":""WORKGROUP""},{""@Name"":""SubjectLogonId"",""#text"":""0x3E7""},{""@Name"":""TargetUserSid"",""#text"":""S-1-5-21-1074993871-1730380631-692495208-1000""},{""@Name"":""TargetUserName"",""#text"":""victim machine""},{""@Name"":""TargetDomainName"",""#text"":""WIN-3M6ADARIMNH""},{""@Name"":""TargetLogonId"",""#text"":""0x49E88""},{""@Name"":""LogonType"",""#text"":""2""},{""@Name"":""LogonProcessName"",""#text"":""User32 ""},{""@Name"":""AuthenticationPackageName"",""#text"":""Negotiate""},{""@Name"":""WorkstationName"",""#text"":""WIN-3M6ADARIMNH""},{""@Name"":""LogonGuid"",""#text"":""00000000-0000-0000-0000-000000000000""},{""@Name"":""TransmittedServices"",""#text"":""-""},{""@Name"":""LmPackageName"",""#text"":""-""},{""@Name"":""KeyLength"",""#text"":""0""},{""@Name"":""ProcessId"",""#text"":""0x6D4""},{""@Name"":""ProcessName"",""#text"":""C:\\Windows\\System32\\winlogon.exe""},{""@Name"":""IpAddress"",""#text"":""127.0.0.1""},{""@Name"":""IpPort"",""#text"":""0""}]}}"
1767,1767,2025-02-07 12:20:52.4803468,4624,LogAlways,Microsoft-Windows-Security-Auditing,Security,472,788,WIN-3M6ADARIMNH,19,,Successful logon,WORKGROUP\WIN-3M6ADARIMNH$,WIN-3M6ADARIMNH (127.0.0.1),Target: WIN-3M6ADARIMNH\victim machine,LogonType 2,LogonId: 0x49E9C,AuthenticationPackageName: Negotiate,"LogonProcessName: User32 ",,C:\Windows\System32\winlogon.exe,False,C:\Users\user\repos\memory-forensics-tool\artifacts\Security.evtx,Audit success,0,"{""EventData"":{""Data"":[{""@Name"":""SubjectUserSid"",""#text"":""S-1-5-18""},{""@Name"":""SubjectUserName"",""#text"":""WIN-3M6ADARIMNH$""},{""@Name"":""SubjectDomainName"",""#text"":""WORKGROUP""},{""@Name"":""SubjectLogonId"",""#text"":""0x3E7""},{""@Name"":""TargetUserSid"",""#text"":""S-1-5-21-1074993871-1730380631-692495208-1000""},{""@Name"":""TargetUserName"",""#text"":""victim machine""},{""@Name"":""TargetDomainName"",""#text"":""WIN-3M6ADARIMNH""},{""@Name"":""TargetLogonId"",""#text"":""0x49E9C""},{""@Name"":""LogonType"",""#text"":""2""},{""@Name"":""LogonProcessName"",""#text"":""User32 ""},{""@Name"":""AuthenticationPackageName"",""#text"":""Negotiate""},{""@Name"":""WorkstationName"",""#text"":""WIN-3M6ADARIMNH""},{""@Name"":""LogonGuid"",""#text"":""00000000-0000-0000-0000-000000000000""},{""@Name"":""TransmittedServices"",""#text"":""-""},{""@Name"":""LmPackageName"",""#text"":""-""},{""@Name"":""KeyLength"",""#text"":""0""},{""@Name"":""ProcessId"",""#text"":""0x6D4""},{""@Name"":""ProcessName"",""#text"":""C:\\Windows\\System32\\winlogon.exe""},{""@Name"":""IpAddress"",""#text"":""127.0.0.1""},{""@Name"":""IpPort"",""#text"":""0""}]}}"
1768,1768,2025-02-07 12:20:52.4803468,4672,LogAlways,Microsoft-Windows-Security-Auditing,Security,472,788,WIN-3M6ADARIMNH,19,,Administrative logon,WIN-3M6ADARIMNH\victim machine (S-1-5-21-1074993871-1730380631-692495208-1000),,"PrivilegeList: SeSecurityPrivilege, SeTakeOwnershipPrivilege, SeLoadDriverPrivilege, SeBackupPrivilege, SeRestorePrivilege, SeDebugPrivilege, SeSystemEnvironmentPrivilege, SeImpersonatePrivilege",LogonId: 0x49E88,,,,,,False,C:\Users\user\repos\memory-forensics-tool\artifacts\Security.evtx,Audit success,0,"{""EventData"":{""Data"":[{""@Name"":""SubjectUserSid"",""#text"":""S-1-5-21-1074993871-1730380631-692495208-1000""},{""@Name"":""SubjectUserName"",""#text"":""victim machine""},{""@Name"":""SubjectDomainName"",""#text"":""WIN-3M6ADARIMNH""},{""@Name"":""SubjectLogonId"",""#text"":""0x49E88""},{""@Name"":""PrivilegeList"",""#text"":""SeSecurityPrivilege, SeTakeOwnershipPrivilege, SeLoadDriverPrivilege, SeBackupPrivilege, SeRestorePrivilege, SeDebugPrivilege, SeSystemEnvironmentPrivilege, SeImpersonatePrivilege""}]}}"
1769,1769,2025-02-07 12:20:54.1651498,4634,LogAlways,Microsoft-Windows-Security-Auditing,Security,472,788,WIN-3M6ADARIMNH,19,,An account was logged off,,,Target: WIN-3M6ADARIMNH\victim machine,LogonType 2,LogonId: 0x49E9C,,,,,False,C:\Users\user\repos\memory-forensics-tool\artifacts\Security.evtx,Audit success,0,"{""EventData"":{""Data"":[{""@Name"":""TargetUserSid"",""#text"":""S-1-5-21-1074993871-1730380631-692495208-1000""},{""@Name"":""TargetUserName"",""#text"":""victim machine""},{""@Name"":""TargetDomainName"",""#text"":""WIN-3M6ADARIMNH""},{""@Name"":""TargetLogonId"",""#text"":""0x49E9C""},{""@Name"":""LogonType"",""#text"":""2""}]}}"
1770,1770,2025-02-07 12:20:54.1651498,4634,LogAlways,Microsoft-Windows-Security-Auditing,Security,472,788,WIN-3M6ADARIMNH,19,,An account was logged off,,,Target: WIN-3M6ADARIMNH\victim machine,LogonType 2,LogonId: 0x49E88,,,,,False,C:\Users\user\repos\memory-forensics-tool\artifacts\Security.evtx,Audit success,0,"{""EventData"":{""Data"":[{""@Name"":""TargetUserSid"",""#text"":""S-1-5-21-1074993871-1730380631-692495208-1000""},{""@Name"":""TargetUserName"",""#text"":""victim machine""},{""@Name"":""TargetDomainName"",""#text"":""WIN-3M6ADARIMNH""},{""@Name"":""TargetLogonId"",""#text"":""0x49E88""},{""@Name"":""LogonType"",""#text"":""2""}]}}"
1771,1771,2025-02-07 12:21:26.0756080,4634,LogAlways,Microsoft-Windows-Security-Auditing,Security,472,2776,WIN-3M6ADARIMNH,19,,An account was logged off,,,Target: WIN-3M6ADARIMNH\victim machine,LogonType 10,LogonId: 0x4478B,,,,,False,C:\Users\user\repos\memory-forensics-tool\artifacts\Security.evtx,Audit success,0,"{""EventData"":{""Data"":[{""@Name"":""TargetUserSid"",""#text"":""S-1-5-21-1074993871-1730380631-692495208-1000""},{""@Name"":""TargetUserName"",""#text"":""victim machine""},{""@Name"":""TargetDomainName"",""#text"":""WIN-3M6ADARIMNH""},{""@Name"":""TargetLogonId"",""#text"":""0x4478B""},{""@Name"":""LogonType"",""#text"":""10""}]}}"
1772,1772,2025-02-07 12:21:34.3352286,4624,LogAlways,Microsoft-Windows-Security-Auditing,Security,472,2776,WIN-3M6ADARIMNH,19,,Successful logon,WORKGROUP\WIN-3M6ADARIMNH$," (-)",Target: NT AUTHORITY\SYSTEM,LogonType 5,LogonId: 0x3E7,AuthenticationPackageName: Negotiate,"LogonProcessName: Advapi  ",,C:\Windows\System32\services.exe,False,C:\Users\user\repos\memory-forensics-tool\artifacts\Security.evtx,Audit success,0,"{""EventData"":{""Data"":[{""@Name"":""SubjectUserSid"",""#text"":""S-1-5-18""},{""@Name"":""SubjectUserName"",""#text"":""WIN-3M6ADARIMNH$""},{""@Name"":""SubjectDomainName"",""#text"":""WORKGROUP""},{""@Name"":""SubjectLogonId"",""#text"":""0x3E7""},{""@Name"":""TargetUserSid"",""#text"":""S-1-5-18""},{""@Name"":""TargetUserName"",""#text"":""SYSTEM""},{""@Name"":""TargetDomainName"",""#text"":""NT AUTHORITY""},{""@Name"":""TargetLogonId"",""#text"":""0x3E7""},{""@Name"":""LogonType"",""#text"":""5""},{""@Name"":""LogonProcessName"",""#text"":""Advapi  ""},{""@Name"":""AuthenticationPackageName"",""#text"":""Negotiate""},{""@Name"":""WorkstationName""},{""@Name"":""LogonGuid"",""#text"":""00000000-0000-0000-0000-000000000000""},{""@Name"":""TransmittedServices"",""#text"":""-""},{""@Name"":""LmPackageName"",""#text"":""-""},{""@Name"":""KeyLength"",""#text"":""0""},{""@Name"":""ProcessId"",""#text"":""0x1D0""},{""@Name"":""ProcessName"",""#text"":""C:\\Windows\\System32\\services.exe""},{""@Name"":""IpAddress"",""#text"":""-""},{""@Name"":""IpPort"",""#text"":""-""}]}}"
