49,49,2025-02-07 12:17:49.6636257,261,Info,Microsoft-Windows-TerminalServices-RemoteConnectionManager,Microsoft-Windows-TerminalServices-RemoteConnectionManager/Operational,340,1604,WIN-3M6ADARIMNH,0,S-1-5-20,RDP Listener received a connection,,,RDP-Tcp,,,,,,,False,C:\Users\user\repos\memory-forensics-tool\artifacts\file.None.0xfffffa800382aa10.dat.evtx,0x1000000000000000,0,"{""UserData"":{""EventXML"":{""listenerName"":""RDP-Tcp""}}}"
50,50,2025-02-07 12:17:54.6712345,261,Info,Microsoft-Windows-TerminalServices-RemoteConnectionManager,Microsoft-Windows-TerminalServices-RemoteConnectionManager/Operational,340,1604,WIN-3M6ADARIMNH,0,S-1-5-20,RDP Listener received a connection,,,RDP-Tcp,,,,,,,False,C:\Users\user\repos\memory-forensics-tool\artifacts\file.None.0xfffffa800382aa10.dat.evtx,0x1000000000000000,0,"{""UserData"":{""EventXML"":{""listenerName"":""RDP-Tcp""}}}"
51,51,2025-02-07 12:17:54.6712345,261,Info,Microsoft-Windows-TerminalServices-RemoteConnectionManager,Microsoft-Windows-TerminalServices-RemoteConnectionManager/Operational,340,1604,WIN-3M6ADARIMNH,0,S-1-5-20,RDP Listener received a connection,,,RDP-Tcp,,,,,,,False,C:\Users\user\repos\memory-forensics-tool\artifacts\file.None.0xfffffa800382aa10.dat.evtx,0x1000000000000000,0,"{""UserData"":{""EventXML"":{""listenerName"":""RDP-Tcp""}}}"
52,52,2025-02-07 12:17:59.6788433,261,Info,Microsoft-Windows-TerminalServices-RemoteConnectionManager,Microsoft-Windows-TerminalServices-RemoteConnectionManager/Operational,340,1604,WIN-3M6ADARIMNH,0,S-1-5-20,RDP Listener received a connection,,,RDP-Tcp,,,,,,,False,C:\Users\user\repos\memory-forensics-tool\artifacts\file.None.0xfffffa800382aa10.dat.evtx,0x1000000000000000,0,"{""UserData"":{""EventXML"":{""listenerName"":""RDP-Tcp""}}}"
53,53,2025-02-07 12:17:59.6944433,261,Info,Microsoft-Windows-TerminalServices-RemoteConnectionManager,Microsoft-Windows-TerminalServices-RemoteConnectionManager/Operational,340,1604,WIN-3M6ADARIMNH,0,S-1-5-20,RDP Listener received a connection,,,RDP-Tcp,,,,,,,False,C:\Users\user\repos\memory-forensics-tool\artifacts\file.None.0xfffffa800382aa10.dat.evtx,0x1000000000000000,0,"{""UserData"":{""EventXML"":{""listenerName"":""RDP-Tcp""}}}"
54,54,2025-02-07 12:18:04.7020521,261,Info,Microsoft-Windows-TerminalServices-RemoteConnectionManager,Microsoft-Windows-TerminalServices-RemoteConnectionManager/Operational,340,1604,WIN-3M6ADARIMNH,0,S-1-5-20,RDP Listener received a connection,,,RDP-Tcp,,,,,,,False,C:\Users\user\repos\memory-forensics-tool\artifacts\file.None.0xfffffa800382aa10.dat.evtx,0x1000000000000000,0,"{""UserData"":{""EventXML"":{""listenerName"":""RDP-Tcp""}}}"
55,55,2025-02-07 12:18:04.7020521,261,Info,Microsoft-Windows-TerminalServices-RemoteConnectionManager,Microsoft-Windows-TerminalServices-RemoteConnectionManager/Operational,340,1604,WIN-3M6ADARIMNH,0,S-1-5-20,RDP Listener received a connection,,,RDP-Tcp,,,,,,,False,C:\Users\user\repos\memory-forensics-tool\artifacts\file.None.0xfffffa800382aa10.dat.evtx,0x1000000000000000,0,"{""UserData"":{""EventXML"":{""listenerName"":""RDP-Tcp""}}}"
56,56,2025-02-07 12:18:04.7176522,261,Info,Microsoft-Windows-TerminalServices-RemoteConnectionManager,Microsoft-Windows-TerminalServices-RemoteConnectionManager/Operational,340,1604,WIN-3M6ADARIMNH,0,S-1-5-20,RDP Listener received a connection,,,RDP-Tcp,,,,,,,False,C:\Users\user\repos\memory-forensics-tool\artifacts\file.None.0xfffffa800382aa10.dat.evtx,0x1000000000000000,0,"{""UserData"":{""EventXML"":{""listenerName"":""RDP-Tcp""}}}"
57,57,2025-02-07 12:18:09.7408610,261,Info,Microsoft-Windows-TerminalServices-RemoteConnectionManager,Microsoft-Windows-TerminalServices-RemoteConnectionManager/Operational,340,1604,WIN-3M6ADARIMNH,0,S-1-5-20,RDP Listener received a connection,,,RDP-Tcp,,,,,,,False,C:\Users\user\repos\memory-forensics-tool\artifacts\file.None.0xfffffa800382aa10.dat.evtx,0x1000000000000000,0,"{""UserData"":{""EventXML"":{""listenerName"":""RDP-Tcp""}}}"
58,58,2025-02-07 12:20:10.0950724,261,Info,Microsoft-Windows-TerminalServices-RemoteConnectionManager,Microsoft-Windows-TerminalServices-RemoteConnectionManager/Operational,340,1604,WIN-3M6ADARIMNH,0,S-1-5-20,RDP Listener received a connection,,,RDP-Tcp,,,,,,,False,C:\Users\user\repos\memory-forensics-tool\artifacts\file.None.0xfffffa800382aa10.dat.evtx,0x1000000000000000,0,"{""UserData"":{""EventXML"":{""listenerName"":""RDP-Tcp""}}}"
59,59,2025-02-07 12:20:19.2366884,261,Info,Microsoft-Windows-TerminalServices-RemoteConnectionManager,Microsoft-Windows-TerminalServices-RemoteConnectionManager/Operational,340,1604,WIN-3M6ADARIMNH,0,S-1-5-20,RDP Listener received a connection,,,RDP-Tcp,,,,,,,False,C:\Users\user\repos\memory-forensics-tool\artifacts\file.None.0xfffffa800382aa10.dat.evtx,0x1000000000000000,0,"{""UserData"":{""EventXML"":{""listenerName"":""RDP-Tcp""}}}"
60,60,2025-02-07 12:20:22.7778946,261,Info,Microsoft-Windows-TerminalServices-RemoteConnectionManager,Microsoft-Windows-TerminalServices-RemoteConnectionManager/Operational,340,1604,WIN-3M6ADARIMNH,0,S-1-5-20,RDP Listener received a connection,,,RDP-Tcp,,,,,,,False,C:\Users\user\repos\memory-forensics-tool\artifacts\file.None.0xfffffa800382aa10.dat.evtx,0x1000000000000000,0,"{""UserData"":{""EventXML"":{""listenerName"":""RDP-Tcp""}}}"
61,61,2025-02-07 12:20:22.7934947,1149,Info,Microsoft-Windows-TerminalServices-RemoteConnectionManager,Microsoft-Windows-TerminalServices-RemoteConnectionManager/Operational,340,1928,WIN-3M6ADARIMNH,0,S-1-5-20,RDP network connection established,\victim machine,192.168.186.131,,,,,,,,False,C:\Users\user\repos\memory-forensics-tool\artifacts\file.None.0xfffffa800382aa10.dat.evtx,0x1000000000000000,0,"{""UserData"":{""EventXML"":{""Param1"":""victim machine"",""Param2"":"""",""Param3"":""192.168.186.131""}}}"
1,1,2025-01-15 06:18:00.8808622,100,Info,Microsoft-Windows-Diagnosis-DPS,Microsoft-Windows-Diagnosis-DPS/Operational,736,848,37L4247F27-25,0,S-1-5-19,,,,,,,,,,,False,C:\Users\user\repos\memory-forensics-tool\artifacts\file.None.0xfffffa8003837c80.dat.evtx,0x4000000800000000,0,"{""EventData"":{""Data"":[{""@Name"":""ScenarioId"",""#text"":""2698178d-fdad-40ae-9d3c-1371703adc5b""},{""@Name"":""InstanceId"",""#text"":""c2a2a1dc-e5fe-4b54-862a-2940777813f3""},{""@Name"":""OriginalActivityId"",""#text"":""2698178d-fdad-40ae-9d3c-1371703adc5b""},{""@Name"":""DiagnosticModuleImageName"",""#text"":""%SystemRoot%\\system32\\diagperf.dll""},{""@Name"":""DiagnosticModuleId"",""#text"":""15fba3b8-a37a-4f91-bdba-fbb98fe804bf""}]}}"
2,2,2025-01-15 06:18:00.8808622,105,Info,Microsoft-Windows-Diagnosis-DPS,Microsoft-Windows-Diagnosis-DPS/Operational,736,848,37L4247F27-25,0,S-1-5-19,,,,,,,,,,,False,C:\Users\user\repos\memory-forensics-tool\artifacts\file.None.0xfffffa8003837c80.dat.evtx,0x4000000800000000,0,"{""EventData"":{""Data"":[{""@Name"":""ScenarioId"",""#text"":""2698178d-fdad-40ae-9d3c-1371703adc5b""},{""@Name"":""InstanceId"",""#text"":""c2a2a1dc-e5fe-4b54-862a-2940777813f3""},{""@Name"":""OriginalActivityId"",""#text"":""2698178d-fdad-40ae-9d3c-1371703adc5b""},{""@Name"":""DiagnosticModuleImageName"",""#text"":""%SystemRoot%\\system32\\diagperf.dll""},{""@Name"":""DiagnosticModuleId"",""#text"":""15fba3b8-a37a-4f91-bdba-fbb98fe804bf""}]}}"
3,3,2025-01-14 14:20:33.1408100,100,Info,Microsoft-Windows-Diagnosis-DPS,Microsoft-Windows-Diagnosis-DPS/Operational,1100,1488,WIN-3M6ADARIMNH,0,S-1-5-19,,,,,,,,,,,False,C:\Users\user\repos\memory-forensics-tool\artifacts\file.None.0xfffffa8003837c80.dat.evtx,0x4000000800000000,0,"{""EventData"":{""Data"":[{""@Name"":""ScenarioId"",""#text"":""2698178d-fdad-40ae-9d3c-1371703adc5b""},{""@Name"":""InstanceId"",""#text"":""6169b93a-ae7e-4d21-8714-3bdfdcad1db2""},{""@Name"":""OriginalActivityId"",""#text"":""2698178d-fdad-40ae-9d3c-1371703adc5b""},{""@Name"":""DiagnosticModuleImageName"",""#text"":""%SystemRoot%\\system32\\diagperf.dll""},{""@Name"":""DiagnosticModuleId"",""#text"":""15fba3b8-a37a-4f91-bdba-fbb98fe804bf""}]}}"
4,4,2025-01-14 14:20:33.1408100,105,Info,Microsoft-Windows-Diagnosis-DPS,Microsoft-Windows-Diagnosis-DPS/Operational,1100,1488,WIN-3M6ADARIMNH,0,S-1-5-19,,,,,,,,,,,False,C:\Users\user\repos\memory-forensics-tool\artifacts\file.None.0xfffffa8003837c80.dat.evtx,0x4000000800000000,0,"{""EventData"":{""Data"":[{""@Name"":""ScenarioId"",""#text"":""2698178d-fdad-40ae-9d3c-1371703adc5b""},{""@Name"":""InstanceId"",""#text"":""6169b93a-ae7e-4d21-8714-3bdfdcad1db2""},{""@Name"":""OriginalActivityId"",""#text"":""2698178d-fdad-40ae-9d3c-1371703adc5b""},{""@Name"":""DiagnosticModuleImageName"",""#text"":""%SystemRoot%\\system32\\diagperf.dll""},{""@Name"":""DiagnosticModuleId"",""#text"":""15fba3b8-a37a-4f91-bdba-fbb98fe804bf""}]}}"
5,5,2025-01-14 14:22:16.4248729,100,Info,Microsoft-Windows-Diagnosis-DPS,Microsoft-Windows-Diagnosis-DPS/Operational,1100,1452,WIN-3M6ADARIMNH,0,S-1-5-19,,,,,,,,,,,False,C:\Users\user\repos\memory-forensics-tool\artifacts\file.None.0xfffffa8003837c80.dat.evtx,0x4000000800000000,0,"{""EventData"":{""Data"":[{""@Name"":""ScenarioId"",""#text"":""86432a0b-3c7d-4ddf-a89c-172faa90485d""},{""@Name"":""InstanceId"",""#text"":""483f048a-6944-4eea-a9cd-f16e634767f1""},{""@Name"":""OriginalActivityId"",""#text"":""86432a0b-3c7d-4ddf-a89c-172faa90485d""},{""@Name"":""DiagnosticModuleImageName"",""#text"":""%SystemRoot%\\system32\\diagperf.dll""},{""@Name"":""DiagnosticModuleId"",""#text"":""c8544339-5be9-4f25-862e-485f1b1a6935""}]}}"
6,6,2025-01-14 14:22:16.4248729,105,Info,Microsoft-Windows-Diagnosis-DPS,Microsoft-Windows-Diagnosis-DPS/Operational,1100,1452,WIN-3M6ADARIMNH,0,S-1-5-19,,,,,,,,,,,False,C:\Users\user\repos\memory-forensics-tool\artifacts\file.None.0xfffffa8003837c80.dat.evtx,0x4000000800000000,0,"{""EventData"":{""Data"":[{""@Name"":""ScenarioId"",""#text"":""86432a0b-3c7d-4ddf-a89c-172faa90485d""},{""@Name"":""InstanceId"",""#text"":""483f048a-6944-4eea-a9cd-f16e634767f1""},{""@Name"":""OriginalActivityId"",""#text"":""86432a0b-3c7d-4ddf-a89c-172faa90485d""},{""@Name"":""DiagnosticModuleImageName"",""#text"":""%SystemRoot%\\system32\\diagperf.dll""},{""@Name"":""DiagnosticModuleId"",""#text"":""c8544339-5be9-4f25-862e-485f1b1a6935""}]}}"
7,7,2025-01-14 14:22:16.5808732,110,Info,Microsoft-Windows-Diagnosis-DPS,Microsoft-Windows-Diagnosis-DPS/Operational,1100,1444,WIN-3M6ADARIMNH,0,S-1-5-19,,,,,,,,,,,False,C:\Users\user\repos\memory-forensics-tool\artifacts\file.None.0xfffffa8003837c80.dat.evtx,0x4000000800000000,0,"{""EventData"":{""Data"":[{""@Name"":""ScenarioId"",""#text"":""2698178d-fdad-40ae-9d3c-1371703adc5b""},{""@Name"":""InstanceId"",""#text"":""6169b93a-ae7e-4d21-8714-3bdfdcad1db2""},{""@Name"":""OriginalActivityId"",""#text"":""2698178d-fdad-40ae-9d3c-1371703adc5b""},{""@Name"":""DiagnosticModuleImageName"",""#text"":""%SystemRoot%\\system32\\diagperf.dll""},{""@Name"":""DiagnosticModuleId"",""#text"":""15fba3b8-a37a-4f91-bdba-fbb98fe804bf""}]}}"
8,8,2025-01-14 14:22:16.7524735,110,Info,Microsoft-Windows-Diagnosis-DPS,Microsoft-Windows-Diagnosis-DPS/Operational,1100,1452,WIN-3M6ADARIMNH,0,S-1-5-19,,,,,,,,,,,False,C:\Users\user\repos\memory-forensics-tool\artifacts\file.None.0xfffffa8003837c80.dat.evtx,0x4000000800000000,0,"{""EventData"":{""Data"":[{""@Name"":""ScenarioId"",""#text"":""86432a0b-3c7d-4ddf-a89c-172faa90485d""},{""@Name"":""InstanceId"",""#text"":""483f048a-6944-4eea-a9cd-f16e634767f1""},{""@Name"":""OriginalActivityId"",""#text"":""86432a0b-3c7d-4ddf-a89c-172faa90485d""},{""@Name"":""DiagnosticModuleImageName"",""#text"":""%SystemRoot%\\system32\\diagperf.dll""},{""@Name"":""DiagnosticModuleId"",""#text"":""c8544339-5be9-4f25-862e-485f1b1a6935""}]}}"
9,9,2025-01-14 15:04:47.4881904,100,Info,Microsoft-Windows-Diagnosis-DPS,Microsoft-Windows-Diagnosis-DPS/Operational,1096,1524,WIN-3M6ADARIMNH,0,S-1-5-19,,,,,,,,,,,False,C:\Users\user\repos\memory-forensics-tool\artifacts\file.None.0xfffffa8003837c80.dat.evtx,0x4000000800000000,0,"{""EventData"":{""Data"":[{""@Name"":""ScenarioId"",""#text"":""86432a0b-3c7d-4ddf-a89c-172faa90485d""},{""@Name"":""InstanceId"",""#text"":""2def4e9a-11b1-4d33-855a-20f11db0802e""},{""@Name"":""OriginalActivityId"",""#text"":""86432a0b-3c7d-4ddf-a89c-172faa90485d""},{""@Name"":""DiagnosticModuleImageName"",""#text"":""%SystemRoot%\\system32\\diagperf.dll""},{""@Name"":""DiagnosticModuleId"",""#text"":""c8544339-5be9-4f25-862e-485f1b1a6935""}]}}"
10,10,2025-01-14 15:04:47.4881904,105,Info,Microsoft-Windows-Diagnosis-DPS,Microsoft-Windows-Diagnosis-DPS/Operational,1096,1524,WIN-3M6ADARIMNH,0,S-1-5-19,,,,,,,,,,,False,C:\Users\user\repos\memory-forensics-tool\artifacts\file.None.0xfffffa8003837c80.dat.evtx,0x4000000800000000,0,"{""EventData"":{""Data"":[{""@Name"":""ScenarioId"",""#text"":""86432a0b-3c7d-4ddf-a89c-172faa90485d""},{""@Name"":""InstanceId"",""#text"":""2def4e9a-11b1-4d33-855a-20f11db0802e""},{""@Name"":""OriginalActivityId"",""#text"":""86432a0b-3c7d-4ddf-a89c-172faa90485d""},{""@Name"":""DiagnosticModuleImageName"",""#text"":""%SystemRoot%\\system32\\diagperf.dll""},{""@Name"":""DiagnosticModuleId"",""#text"":""c8544339-5be9-4f25-862e-485f1b1a6935""}]}}"
11,11,2025-01-14 15:04:47.6441907,110,Info,Microsoft-Windows-Diagnosis-DPS,Microsoft-Windows-Diagnosis-DPS/Operational,1096,1524,WIN-3M6ADARIMNH,0,S-1-5-19,,,,,,,,,,,False,C:\Users\user\repos\memory-forensics-tool\artifacts\file.None.0xfffffa8003837c80.dat.evtx,0x4000000800000000,0,"{""EventData"":{""Data"":[{""@Name"":""ScenarioId"",""#text"":""86432a0b-3c7d-4ddf-a89c-172faa90485d""},{""@Name"":""InstanceId"",""#text"":""2def4e9a-11b1-4d33-855a-20f11db0802e""},{""@Name"":""OriginalActivityId"",""#text"":""86432a0b-3c7d-4ddf-a89c-172faa90485d""},{""@Name"":""DiagnosticModuleImageName"",""#text"":""%SystemRoot%\\system32\\diagperf.dll""},{""@Name"":""DiagnosticModuleId"",""#text"":""c8544339-5be9-4f25-862e-485f1b1a6935""}]}}"
12,12,2025-02-07 11:23:42.1756061,100,Info,Microsoft-Windows-Diagnosis-DPS,Microsoft-Windows-Diagnosis-DPS/Operational,1016,2020,WIN-3M6ADARIMNH,0,S-1-5-19,,,,,,,,,,,False,C:\Users\user\repos\memory-forensics-tool\artifacts\file.None.0xfffffa8003837c80.dat.evtx,0x4000000800000000,0,"{""EventData"":{""Data"":[{""@Name"":""ScenarioId"",""#text"":""86432a0b-3c7d-4ddf-a89c-172faa90485d""},{""@Name"":""InstanceId"",""#text"":""6a73abea-1e6c-40a2-b84f-19d967150ef9""},{""@Name"":""OriginalActivityId"",""#text"":""86432a0b-3c7d-4ddf-a89c-172faa90485d""},{""@Name"":""DiagnosticModuleImageName"",""#text"":""%SystemRoot%\\system32\\diagperf.dll""},{""@Name"":""DiagnosticModuleId"",""#text"":""c8544339-5be9-4f25-862e-485f1b1a6935""}]}}"
13,13,2025-02-07 11:23:42.1756061,105,Info,Microsoft-Windows-Diagnosis-DPS,Microsoft-Windows-Diagnosis-DPS/Operational,1016,2020,WIN-3M6ADARIMNH,0,S-1-5-19,,,,,,,,,,,False,C:\Users\user\repos\memory-forensics-tool\artifacts\file.None.0xfffffa8003837c80.dat.evtx,0x4000000800000000,0,"{""EventData"":{""Data"":[{""@Name"":""ScenarioId"",""#text"":""86432a0b-3c7d-4ddf-a89c-172faa90485d""},{""@Name"":""InstanceId"",""#text"":""6a73abea-1e6c-40a2-b84f-19d967150ef9""},{""@Name"":""OriginalActivityId"",""#text"":""86432a0b-3c7d-4ddf-a89c-172faa90485d""},{""@Name"":""DiagnosticModuleImageName"",""#text"":""%SystemRoot%\\system32\\diagperf.dll""},{""@Name"":""DiagnosticModuleId"",""#text"":""c8544339-5be9-4f25-862e-485f1b1a6935""}]}}"
14,14,2025-02-07 11:23:42.2536062,110,Info,Microsoft-Windows-Diagnosis-DPS,Microsoft-Windows-Diagnosis-DPS/Operational,1016,2020,WIN-3M6ADARIMNH,0,S-1-5-19,,,,,,,,,,,False,C:\Users\user\repos\memory-forensics-tool\artifacts\file.None.0xfffffa8003837c80.dat.evtx,0x4000000800000000,0,"{""EventData"":{""Data"":[{""@Name"":""ScenarioId"",""#text"":""86432a0b-3c7d-4ddf-a89c-172faa90485d""},{""@Name"":""InstanceId"",""#text"":""6a73abea-1e6c-40a2-b84f-19d967150ef9""},{""@Name"":""OriginalActivityId"",""#text"":""86432a0b-3c7d-4ddf-a89c-172faa90485d""},{""@Name"":""DiagnosticModuleImageName"",""#text"":""%SystemRoot%\\system32\\diagperf.dll""},{""@Name"":""DiagnosticModuleId"",""#text"":""c8544339-5be9-4f25-862e-485f1b1a6935""}]}}"
15,15,2025-02-07 11:40:36.1681259,100,Info,Microsoft-Windows-Diagnosis-DPS,Microsoft-Windows-Diagnosis-DPS/Operational,1016,2524,WIN-3M6ADARIMNH,0,S-1-5-19,,,,,,,,,,,False,C:\Users\user\repos\memory-forensics-tool\artifacts\file.None.0xfffffa8003837c80.dat.evtx,0x4000000800000000,0,"{""EventData"":{""Data"":[{""@Name"":""ScenarioId"",""#text"":""4963e860-01ab-4d34-9ed3-a9ec3e54cc54""},{""@Name"":""InstanceId"",""#text"":""bf2aaada-e9b7-4bde-84d1-b926023fe74a""},{""@Name"":""OriginalActivityId"",""#text"":""00000000-0000-0000-0000-000000000000""},{""@Name"":""DiagnosticModuleImageName"",""#text"":""%windir%\\system32\\pcadm.dll""},{""@Name"":""DiagnosticModuleId"",""#text"":""50e3b0eb-5780-49de-9eb5-8d53a51fd146""}]}}"
16,16,2025-02-07 11:40:36.1681259,105,Info,Microsoft-Windows-Diagnosis-DPS,Microsoft-Windows-Diagnosis-DPS/Operational,1016,2524,WIN-3M6ADARIMNH,0,S-1-5-19,,,,,,,,,,,False,C:\Users\user\repos\memory-forensics-tool\artifacts\file.None.0xfffffa8003837c80.dat.evtx,0x4000000800000000,0,"{""EventData"":{""Data"":[{""@Name"":""ScenarioId"",""#text"":""4963e860-01ab-4d34-9ed3-a9ec3e54cc54""},{""@Name"":""InstanceId"",""#text"":""bf2aaada-e9b7-4bde-84d1-b926023fe74a""},{""@Name"":""OriginalActivityId"",""#text"":""00000000-0000-0000-0000-000000000000""},{""@Name"":""DiagnosticModuleImageName"",""#text"":""%windir%\\system32\\pcadm.dll""},{""@Name"":""DiagnosticModuleId"",""#text"":""50e3b0eb-5780-49de-9eb5-8d53a51fd146""}]}}"
17,17,2025-02-07 11:40:36.1681259,115,Info,Microsoft-Windows-Diagnosis-DPS,Microsoft-Windows-Diagnosis-DPS/Operational,1016,2524,WIN-3M6ADARIMNH,0,S-1-5-19,,,,,,,,,,,False,C:\Users\user\repos\memory-forensics-tool\artifacts\file.None.0xfffffa8003837c80.dat.evtx,0x4000000800000000,0,"{""EventData"":{""Data"":[{""@Name"":""ScenarioId"",""#text"":""4963e860-01ab-4d34-9ed3-a9ec3e54cc54""},{""@Name"":""InstanceId"",""#text"":""bf2aaada-e9b7-4bde-84d1-b926023fe74a""},{""@Name"":""OriginalActivityId"",""#text"":""00000000-0000-0000-0000-000000000000""},{""@Name"":""DiagnosticModuleImageName"",""#text"":""%windir%\\system32\\pcadm.dll""},{""@Name"":""ResolutionId"",""#text"":""50e3b0eb-5780-49de-9eb5-8d53a51fd146""},{""@Name"":""ResolutionSID"",""#text"":""S-1-5-21-1074993871-1730380631-692495208-1000""},{""@Name"":""ResolutionSessionId"",""#text"":""1""},{""@Name"":""ResolutionExpirationDate"",""#text"":""1601-01-01 00:00:00.0000000""},{""@Name"":""DiagnosticModuleId"",""#text"":""50e3b0eb-5780-49de-9eb5-8d53a51fd146""}]}}"
18,18,2025-02-07 11:40:36.1993259,125,Info,Microsoft-Windows-Diagnosis-DPS,Microsoft-Windows-Diagnosis-DPS/Operational,1016,2524,WIN-3M6ADARIMNH,0,S-1-5-19,,,,,,,,,,,False,C:\Users\user\repos\memory-forensics-tool\artifacts\file.None.0xfffffa8003837c80.dat.evtx,0x4000000800000000,0,"{""EventData"":{""Data"":[{""@Name"":""ScenarioId"",""#text"":""4963e860-01ab-4d34-9ed3-a9ec3e54cc54""},{""@Name"":""InstanceId"",""#text"":""bf2aaada-e9b7-4bde-84d1-b926023fe74a""},{""@Name"":""OriginalActivityId"",""#text"":""00000000-0000-0000-0000-000000000000""},{""@Name"":""DiagnosticModuleImageName"",""#text"":""%windir%\\system32\\pcadm.dll""},{""@Name"":""DiagnosticModuleId"",""#text"":""50e3b0eb-5780-49de-9eb5-8d53a51fd146""}]}}"
19,19,2025-02-07 11:40:38.4585719,130,Info,Microsoft-Windows-Diagnosis-DPS,Microsoft-Windows-Diagnosis-DPS/Operational,1016,2524,WIN-3M6ADARIMNH,0,S-1-5-19,,,,,,,,,,,False,C:\Users\user\repos\memory-forensics-tool\artifacts\file.None.0xfffffa8003837c80.dat.evtx,0x4000000800000000,0,"{""EventData"":{""Data"":[{""@Name"":""ScenarioId"",""#text"":""4963e860-01ab-4d34-9ed3-a9ec3e54cc54""},{""@Name"":""InstanceId"",""#text"":""bf2aaada-e9b7-4bde-84d1-b926023fe74a""},{""@Name"":""OriginalActivityId"",""#text"":""00000000-0000-0000-0000-000000000000""},{""@Name"":""DiagnosticModuleImageName"",""#text"":""%windir%\\system32\\pcadm.dll""},{""@Name"":""DiagnosticModuleId"",""#text"":""50e3b0eb-5780-49de-9eb5-8d53a51fd146""}]}}"
20,20,2025-02-07 11:49:53.3748173,100,Info,Microsoft-Windows-Diagnosis-DPS,Microsoft-Windows-Diagnosis-DPS/Operational,1036,1544,WIN-3M6ADARIMNH,0,S-1-5-19,,,,,,,,,,,False,C:\Users\user\repos\memory-forensics-tool\artifacts\file.None.0xfffffa8003837c80.dat.evtx,0x4000000800000000,0,"{""EventData"":{""Data"":[{""@Name"":""ScenarioId"",""#text"":""2698178d-fdad-40ae-9d3c-1371703adc5b""},{""@Name"":""InstanceId"",""#text"":""552c8ba8-f2ab-42ec-ad52-0879143d3646""},{""@Name"":""OriginalActivityId"",""#text"":""2698178d-fdad-40ae-9d3c-1371703adc5b""},{""@Name"":""DiagnosticModuleImageName"",""#text"":""%SystemRoot%\\system32\\diagperf.dll""},{""@Name"":""DiagnosticModuleId"",""#text"":""15fba3b8-a37a-4f91-bdba-fbb98fe804bf""}]}}"
21,21,2025-02-07 11:49:53.3748173,105,Info,Microsoft-Windows-Diagnosis-DPS,Microsoft-Windows-Diagnosis-DPS/Operational,1036,1544,WIN-3M6ADARIMNH,0,S-1-5-19,,,,,,,,,,,False,C:\Users\user\repos\memory-forensics-tool\artifacts\file.None.0xfffffa8003837c80.dat.evtx,0x4000000800000000,0,"{""EventData"":{""Data"":[{""@Name"":""ScenarioId"",""#text"":""2698178d-fdad-40ae-9d3c-1371703adc5b""},{""@Name"":""InstanceId"",""#text"":""552c8ba8-f2ab-42ec-ad52-0879143d3646""},{""@Name"":""OriginalActivityId"",""#text"":""2698178d-fdad-40ae-9d3c-1371703adc5b""},{""@Name"":""DiagnosticModuleImageName"",""#text"":""%SystemRoot%\\system32\\diagperf.dll""},{""@Name"":""DiagnosticModuleId"",""#text"":""15fba3b8-a37a-4f91-bdba-fbb98fe804bf""}]}}"
22,22,2025-02-07 11:51:11.6836214,100,Info,Microsoft-Windows-Diagnosis-DPS,Microsoft-Windows-Diagnosis-DPS/Operational,1052,1068,WIN-3M6ADARIMNH,0,S-1-5-19,,,,,,,,,,,False,C:\Users\user\repos\memory-forensics-tool\artifacts\file.None.0xfffffa8003837c80.dat.evtx,0x4000000800000000,0,"{""EventData"":{""Data"":[{""@Name"":""ScenarioId"",""#text"":""2698178d-fdad-40ae-9d3c-1371703adc5b""},{""@Name"":""InstanceId"",""#text"":""eb3e494f-6aec-489d-989c-259e63ba8ac5""},{""@Name"":""OriginalActivityId"",""#text"":""2698178d-fdad-40ae-9d3c-1371703adc5b""},{""@Name"":""DiagnosticModuleImageName"",""#text"":""%SystemRoot%\\system32\\diagperf.dll""},{""@Name"":""DiagnosticModuleId"",""#text"":""15fba3b8-a37a-4f91-bdba-fbb98fe804bf""}]}}"
23,23,2025-02-07 11:51:11.6836214,105,Info,Microsoft-Windows-Diagnosis-DPS,Microsoft-Windows-Diagnosis-DPS/Operational,1052,1068,WIN-3M6ADARIMNH,0,S-1-5-19,,,,,,,,,,,False,C:\Users\user\repos\memory-forensics-tool\artifacts\file.None.0xfffffa8003837c80.dat.evtx,0x4000000800000000,0,"{""EventData"":{""Data"":[{""@Name"":""ScenarioId"",""#text"":""2698178d-fdad-40ae-9d3c-1371703adc5b""},{""@Name"":""InstanceId"",""#text"":""eb3e494f-6aec-489d-989c-259e63ba8ac5""},{""@Name"":""OriginalActivityId"",""#text"":""2698178d-fdad-40ae-9d3c-1371703adc5b""},{""@Name"":""DiagnosticModuleImageName"",""#text"":""%SystemRoot%\\system32\\diagperf.dll""},{""@Name"":""DiagnosticModuleId"",""#text"":""15fba3b8-a37a-4f91-bdba-fbb98fe804bf""}]}}"
24,24,2025-02-07 11:52:44.5703881,100,Info,Microsoft-Windows-Diagnosis-DPS,Microsoft-Windows-Diagnosis-DPS/Operational,1052,2884,WIN-3M6ADARIMNH,0,S-1-5-19,,,,,,,,,,,False,C:\Users\user\repos\memory-forensics-tool\artifacts\file.None.0xfffffa8003837c80.dat.evtx,0x4000000800000000,0,"{""EventData"":{""Data"":[{""@Name"":""ScenarioId"",""#text"":""86432a0b-3c7d-4ddf-a89c-172faa90485d""},{""@Name"":""InstanceId"",""#text"":""f7abe390-1940-45dc-a773-b550926d8782""},{""@Name"":""OriginalActivityId"",""#text"":""86432a0b-3c7d-4ddf-a89c-172faa90485d""},{""@Name"":""DiagnosticModuleImageName"",""#text"":""%SystemRoot%\\system32\\diagperf.dll""},{""@Name"":""DiagnosticModuleId"",""#text"":""c8544339-5be9-4f25-862e-485f1b1a6935""}]}}"
25,25,2025-02-07 11:52:44.5703881,105,Info,Microsoft-Windows-Diagnosis-DPS,Microsoft-Windows-Diagnosis-DPS/Operational,1052,2884,WIN-3M6ADARIMNH,0,S-1-5-19,,,,,,,,,,,False,C:\Users\user\repos\memory-forensics-tool\artifacts\file.None.0xfffffa8003837c80.dat.evtx,0x4000000800000000,0,"{""EventData"":{""Data"":[{""@Name"":""ScenarioId"",""#text"":""86432a0b-3c7d-4ddf-a89c-172faa90485d""},{""@Name"":""InstanceId"",""#text"":""f7abe390-1940-45dc-a773-b550926d8782""},{""@Name"":""OriginalActivityId"",""#text"":""86432a0b-3c7d-4ddf-a89c-172faa90485d""},{""@Name"":""DiagnosticModuleImageName"",""#text"":""%SystemRoot%\\system32\\diagperf.dll""},{""@Name"":""DiagnosticModuleId"",""#text"":""c8544339-5be9-4f25-862e-485f1b1a6935""}]}}"
26,26,2025-02-07 11:52:44.6483882,110,Info,Microsoft-Windows-Diagnosis-DPS,Microsoft-Windows-Diagnosis-DPS/Operational,1052,2884,WIN-3M6ADARIMNH,0,S-1-5-19,,,,,,,,,,,False,C:\Users\user\repos\memory-forensics-tool\artifacts\file.None.0xfffffa8003837c80.dat.evtx,0x4000000800000000,0,"{""EventData"":{""Data"":[{""@Name"":""ScenarioId"",""#text"":""86432a0b-3c7d-4ddf-a89c-172faa90485d""},{""@Name"":""InstanceId"",""#text"":""f7abe390-1940-45dc-a773-b550926d8782""},{""@Name"":""OriginalActivityId"",""#text"":""86432a0b-3c7d-4ddf-a89c-172faa90485d""},{""@Name"":""DiagnosticModuleImageName"",""#text"":""%SystemRoot%\\system32\\diagperf.dll""},{""@Name"":""DiagnosticModuleId"",""#text"":""c8544339-5be9-4f25-862e-485f1b1a6935""}]}}"
27,27,2025-02-07 11:58:48.2615003,100,Info,Microsoft-Windows-Diagnosis-DPS,Microsoft-Windows-Diagnosis-DPS/Operational,1064,1960,WIN-3M6ADARIMNH,0,S-1-5-19,,,,,,,,,,,False,C:\Users\user\repos\memory-forensics-tool\artifacts\file.None.0xfffffa8003837c80.dat.evtx,0x4000000800000000,0,"{""EventData"":{""Data"":[{""@Name"":""ScenarioId"",""#text"":""86432a0b-3c7d-4ddf-a89c-172faa90485d""},{""@Name"":""InstanceId"",""#text"":""99d93f0a-8850-465e-90e7-90140fc2f11f""},{""@Name"":""OriginalActivityId"",""#text"":""86432a0b-3c7d-4ddf-a89c-172faa90485d""},{""@Name"":""DiagnosticModuleImageName"",""#text"":""%SystemRoot%\\system32\\diagperf.dll""},{""@Name"":""DiagnosticModuleId"",""#text"":""c8544339-5be9-4f25-862e-485f1b1a6935""}]}}"
28,28,2025-02-07 11:58:48.2615003,105,Info,Microsoft-Windows-Diagnosis-DPS,Microsoft-Windows-Diagnosis-DPS/Operational,1064,1960,WIN-3M6ADARIMNH,0,S-1-5-19,,,,,,,,,,,False,C:\Users\user\repos\memory-forensics-tool\artifacts\file.None.0xfffffa8003837c80.dat.evtx,0x4000000800000000,0,"{""EventData"":{""Data"":[{""@Name"":""ScenarioId"",""#text"":""86432a0b-3c7d-4ddf-a89c-172faa90485d""},{""@Name"":""InstanceId"",""#text"":""99d93f0a-8850-465e-90e7-90140fc2f11f""},{""@Name"":""OriginalActivityId"",""#text"":""86432a0b-3c7d-4ddf-a89c-172faa90485d""},{""@Name"":""DiagnosticModuleImageName"",""#text"":""%SystemRoot%\\system32\\diagperf.dll""},{""@Name"":""DiagnosticModuleId"",""#text"":""c8544339-5be9-4f25-862e-485f1b1a6935""}]}}"
29,29,2025-02-07 11:58:48.4487006,110,Info,Microsoft-Windows-Diagnosis-DPS,Microsoft-Windows-Diagnosis-DPS/Operational,1064,1960,WIN-3M6ADARIMNH,0,S-1-5-19,,,,,,,,,,,False,C:\Users\user\repos\memory-forensics-tool\artifacts\file.None.0xfffffa8003837c80.dat.evtx,0x4000000800000000,0,"{""EventData"":{""Data"":[{""@Name"":""ScenarioId"",""#text"":""86432a0b-3c7d-4ddf-a89c-172faa90485d""},{""@Name"":""InstanceId"",""#text"":""99d93f0a-8850-465e-90e7-90140fc2f11f""},{""@Name"":""OriginalActivityId"",""#text"":""86432a0b-3c7d-4ddf-a89c-172faa90485d""},{""@Name"":""DiagnosticModuleImageName"",""#text"":""%SystemRoot%\\system32\\diagperf.dll""},{""@Name"":""DiagnosticModuleId"",""#text"":""c8544339-5be9-4f25-862e-485f1b1a6935""}]}}"
30,30,2025-02-07 12:13:56.6432143,100,Info,Microsoft-Windows-Diagnosis-DPS,Microsoft-Windows-Diagnosis-DPS/Operational,1048,1528,WIN-3M6ADARIMNH,0,S-1-5-19,,,,,,,,,,,False,C:\Users\user\repos\memory-forensics-tool\artifacts\file.None.0xfffffa8003837c80.dat.evtx,0x4000000800000000,0,"{""EventData"":{""Data"":[{""@Name"":""ScenarioId"",""#text"":""2698178d-fdad-40ae-9d3c-1371703adc5b""},{""@Name"":""InstanceId"",""#text"":""354ece7d-2207-4339-aa1e-5fc5091551fc""},{""@Name"":""OriginalActivityId"",""#text"":""2698178d-fdad-40ae-9d3c-1371703adc5b""},{""@Name"":""DiagnosticModuleImageName"",""#text"":""%SystemRoot%\\system32\\diagperf.dll""},{""@Name"":""DiagnosticModuleId"",""#text"":""15fba3b8-a37a-4f91-bdba-fbb98fe804bf""}]}}"
31,31,2025-02-07 12:13:56.6432143,105,Info,Microsoft-Windows-Diagnosis-DPS,Microsoft-Windows-Diagnosis-DPS/Operational,1048,1528,WIN-3M6ADARIMNH,0,S-1-5-19,,,,,,,,,,,False,C:\Users\user\repos\memory-forensics-tool\artifacts\file.None.0xfffffa8003837c80.dat.evtx,0x4000000800000000,0,"{""EventData"":{""Data"":[{""@Name"":""ScenarioId"",""#text"":""2698178d-fdad-40ae-9d3c-1371703adc5b""},{""@Name"":""InstanceId"",""#text"":""354ece7d-2207-4339-aa1e-5fc5091551fc""},{""@Name"":""OriginalActivityId"",""#text"":""2698178d-fdad-40ae-9d3c-1371703adc5b""},{""@Name"":""DiagnosticModuleImageName"",""#text"":""%SystemRoot%\\system32\\diagperf.dll""},{""@Name"":""DiagnosticModuleId"",""#text"":""15fba3b8-a37a-4f91-bdba-fbb98fe804bf""}]}}"
32,32,2025-02-07 12:15:34.4113882,100,Info,Microsoft-Windows-Diagnosis-DPS,Microsoft-Windows-Diagnosis-DPS/Operational,1048,2604,WIN-3M6ADARIMNH,0,S-1-5-19,,,,,,,,,,,False,C:\Users\user\repos\memory-forensics-tool\artifacts\file.None.0xfffffa8003837c80.dat.evtx,0x4000000800000000,0,"{""EventData"":{""Data"":[{""@Name"":""ScenarioId"",""#text"":""86432a0b-3c7d-4ddf-a89c-172faa90485d""},{""@Name"":""InstanceId"",""#text"":""cea623eb-899b-4b5d-9170-9460e6f7b542""},{""@Name"":""OriginalActivityId"",""#text"":""86432a0b-3c7d-4ddf-a89c-172faa90485d""},{""@Name"":""DiagnosticModuleImageName"",""#text"":""%SystemRoot%\\system32\\diagperf.dll""},{""@Name"":""DiagnosticModuleId"",""#text"":""c8544339-5be9-4f25-862e-485f1b1a6935""}]}}"
33,33,2025-02-07 12:15:34.4113882,105,Info,Microsoft-Windows-Diagnosis-DPS,Microsoft-Windows-Diagnosis-DPS/Operational,1048,2604,WIN-3M6ADARIMNH,0,S-1-5-19,,,,,,,,,,,False,C:\Users\user\repos\memory-forensics-tool\artifacts\file.None.0xfffffa8003837c80.dat.evtx,0x4000000800000000,0,"{""EventData"":{""Data"":[{""@Name"":""ScenarioId"",""#text"":""86432a0b-3c7d-4ddf-a89c-172faa90485d""},{""@Name"":""InstanceId"",""#text"":""cea623eb-899b-4b5d-9170-9460e6f7b542""},{""@Name"":""OriginalActivityId"",""#text"":""86432a0b-3c7d-4ddf-a89c-172faa90485d""},{""@Name"":""DiagnosticModuleImageName"",""#text"":""%SystemRoot%\\system32\\diagperf.dll""},{""@Name"":""DiagnosticModuleId"",""#text"":""c8544339-5be9-4f25-862e-485f1b1a6935""}]}}"
34,34,2025-02-07 12:15:34.4581882,110,Info,Microsoft-Windows-Diagnosis-DPS,Microsoft-Windows-Diagnosis-DPS/Operational,1048,1528,WIN-3M6ADARIMNH,0,S-1-5-19,,,,,,,,,,,False,C:\Users\user\repos\memory-forensics-tool\artifacts\file.None.0xfffffa8003837c80.dat.evtx,0x4000000800000000,0,"{""EventData"":{""Data"":[{""@Name"":""ScenarioId"",""#text"":""2698178d-fdad-40ae-9d3c-1371703adc5b""},{""@Name"":""InstanceId"",""#text"":""354ece7d-2207-4339-aa1e-5fc5091551fc""},{""@Name"":""OriginalActivityId"",""#text"":""2698178d-fdad-40ae-9d3c-1371703adc5b""},{""@Name"":""DiagnosticModuleImageName"",""#text"":""%SystemRoot%\\system32\\diagperf.dll""},{""@Name"":""DiagnosticModuleId"",""#text"":""15fba3b8-a37a-4f91-bdba-fbb98fe804bf""}]}}"
35,35,2025-02-07 12:15:34.4581882,110,Info,Microsoft-Windows-Diagnosis-DPS,Microsoft-Windows-Diagnosis-DPS/Operational,1048,2604,WIN-3M6ADARIMNH,0,S-1-5-19,,,,,,,,,,,False,C:\Users\user\repos\memory-forensics-tool\artifacts\file.None.0xfffffa8003837c80.dat.evtx,0x4000000800000000,0,"{""EventData"":{""Data"":[{""@Name"":""ScenarioId"",""#text"":""86432a0b-3c7d-4ddf-a89c-172faa90485d""},{""@Name"":""InstanceId"",""#text"":""cea623eb-899b-4b5d-9170-9460e6f7b542""},{""@Name"":""OriginalActivityId"",""#text"":""86432a0b-3c7d-4ddf-a89c-172faa90485d""},{""@Name"":""DiagnosticModuleImageName"",""#text"":""%SystemRoot%\\system32\\diagperf.dll""},{""@Name"":""DiagnosticModuleId"",""#text"":""c8544339-5be9-4f25-862e-485f1b1a6935""}]}}"
1,1,2025-01-14 15:04:47.6441907,100,Warning,Microsoft-Windows-Diagnostics-Performance,Microsoft-Windows-Diagnostics-Performance/Operational,1096,1524,WIN-3M6ADARIMNH,0,S-1-5-19,Windows System was started,,,BootStartTime: 2025-01-14 15:03:01.6092002,BootEndTime: 2025-01-14 15:04:45.5141858,BootTime: 35523ms,,,,,False,C:\Users\user\repos\memory-forensics-tool\artifacts\file.None.0xfffffa8003845be0.dat.evtx,0x8000000000010000,0,"{""EventData"":{""Data"":[{""@Name"":""BootTsVersion"",""#text"":""2""},{""@Name"":""BootStartTime"",""#text"":""2025-01-14 15:03:01.6092002""},{""@Name"":""BootEndTime"",""#text"":""2025-01-14 15:04:45.5141858""},{""@Name"":""SystemBootInstance"",""#text"":""6""},{""@Name"":""UserBootInstance"",""#text"":""1""},{""@Name"":""BootTime"",""#text"":""35523""},{""@Name"":""MainPathBootTime"",""#text"":""24923""},{""@Name"":""BootKernelInitTime"",""#text"":""15""},{""@Name"":""BootDriverInitTime"",""#text"":""784""},{""@Name"":""BootDevicesInitTime"",""#text"":""5112""},{""@Name"":""BootPrefetchInitTime"",""#text"":""5616""},{""@Name"":""BootPrefetchBytes"",""#text"":""602300416""},{""@Name"":""BootAutoChkTime"",""#text"":""0""},{""@Name"":""BootSmssInitTime"",""#text"":""839""},{""@Name"":""BootCriticalServicesInitTime"",""#text"":""382""},{""@Name"":""BootUserProfileProcessingTime"",""#text"":""141""},{""@Name"":""BootMachineProfileProcessingTime"",""#text"":""176""},{""@Name"":""BootExplorerInitTime"",""#text"":""13170""},{""@Name"":""BootNumStartupApps"",""#text"":""22""},{""@Name"":""BootPostBootTime"",""#text"":""10600""},{""@Name"":""BootIsRebootAfterInstall"",""#text"":""False""},{""@Name"":""BootRootCauseStepImprovementBits"",""#text"":""0""},{""@Name"":""BootRootCauseGradualImprovementBits"",""#text"":""0""},{""@Name"":""BootRootCauseStepDegradationBits"",""#text"":""0""},{""@Name"":""BootRootCauseGradualDegradationBits"",""#text"":""0""},{""@Name"":""BootIsDegradation"",""#text"":""False""},{""@Name"":""BootIsStepDegradation"",""#text"":""False""},{""@Name"":""BootIsGradualDegradation"",""#text"":""False""},{""@Name"":""BootImprovementDelta"",""#text"":""0""},{""@Name"":""BootDegradationDelta"",""#text"":""0""},{""@Name"":""BootIsRootCauseIdentified"",""#text"":""False""},{""@Name"":""OSLoaderDuration"",""#text"":""847""},{""@Name"":""BootPNPInitStartTimeMS"",""#text"":""15""},{""@Name"":""BootPNPInitDuration"",""#text"":""5124""},{""@Name"":""OtherKernelInitDuration"",""#text"":""4156""},{""@Name"":""SystemPNPInitStartTimeMS"",""#text"":""9277""},{""@Name"":""SystemPNPInitDuration"",""#text"":""771""},{""@Name"":""SessionInitStartTimeMS"",""#text"":""10052""},{""@Name"":""Session0InitDuration"",""#text"":""82""},{""@Name"":""Session1InitDuration"",""#text"":""65""},{""@Name"":""SessionInitOtherDuration"",""#text"":""692""},{""@Name"":""WinLogonStartTimeMS"",""#text"":""10892""},{""@Name"":""OtherLogonInitActivityDuration"",""#text"":""542""},{""@Name"":""UserLogonWaitDuration"",""#text"":""156""}]}}"
2,2,2025-01-14 15:04:47.6441907,109,Warning,Microsoft-Windows-Diagnostics-Performance,Microsoft-Windows-Diagnostics-Performance/Operational,1096,1524,WIN-3M6ADARIMNH,0,S-1-5-19,,,,,,,,,,,False,C:\Users\user\repos\memory-forensics-tool\artifacts\file.None.0xfffffa8003845be0.dat.evtx,0x8000000000010000,0,"{""EventData"":{""Data"":[{""@Name"":""StartTime"",""#text"":""2025-01-14 15:03:01.6092002""},{""@Name"":""NameLength"",""#text"":""32""},{""@Name"":""Name"",""#text"":""PCIIDE\\IDEChannel\\4&amp;c5d1198&amp;0&amp;0""},{""@Name"":""FriendlyNameLength"",""#text"":""12""},{""@Name"":""FriendlyName"",""#text"":""IDE Channel""},{""@Name"":""VersionLength"",""#text"":""0""},{""@Name"":""Version""},{""@Name"":""TotalTime"",""#text"":""2513""},{""@Name"":""DegradationTime"",""#text"":""13""},{""@Name"":""PathLength"",""#text"":""0""},{""@Name"":""Path""},{""@Name"":""ProductNameLength"",""#text"":""0""},{""@Name"":""ProductName""},{""@Name"":""CompanyNameLength"",""#text"":""0""},{""@Name"":""CompanyName""}]}}"
3,3,2025-01-14 15:04:47.6441907,109,Warning,Microsoft-Windows-Diagnostics-Performance,Microsoft-Windows-Diagnostics-Performance/Operational,1096,1524,WIN-3M6ADARIMNH,0,S-1-5-19,,,,,,,,,,,False,C:\Users\user\repos\memory-forensics-tool\artifacts\file.None.0xfffffa8003845be0.dat.evtx,0x8000000000010000,0,"{""EventData"":{""Data"":[{""@Name"":""StartTime"",""#text"":""2025-01-14 15:03:01.6092002""},{""@Name"":""NameLength"",""#text"":""32""},{""@Name"":""Name"",""#text"":""PCIIDE\\IDEChannel\\4&amp;c5d1198&amp;0&amp;1""},{""@Name"":""FriendlyNameLength"",""#text"":""12""},{""@Name"":""FriendlyName"",""#text"":""IDE Channel""},{""@Name"":""VersionLength"",""#text"":""0""},{""@Name"":""Version""},{""@Name"":""TotalTime"",""#text"":""2511""},{""@Name"":""DegradationTime"",""#text"":""11""},{""@Name"":""PathLength"",""#text"":""0""},{""@Name"":""Path""},{""@Name"":""ProductNameLength"",""#text"":""0""},{""@Name"":""ProductName""},{""@Name"":""CompanyNameLength"",""#text"":""0""},{""@Name"":""CompanyName""}]}}"
4,4,2025-02-07 11:23:42.2536062,100,Warning,Microsoft-Windows-Diagnostics-Performance,Microsoft-Windows-Diagnostics-Performance/Operational,1016,2020,WIN-3M6ADARIMNH,0,S-1-5-19,Windows System was started,,,BootStartTime: 2025-02-07 11:21:59.5624001,BootEndTime: 2025-02-07 11:23:40.1944026,BootTime: 31308ms,,,,,False,C:\Users\user\repos\memory-forensics-tool\artifacts\file.None.0xfffffa8003845be0.dat.evtx,0x8000000000010000,0,"{""EventData"":{""Data"":[{""@Name"":""BootTsVersion"",""#text"":""2""},{""@Name"":""BootStartTime"",""#text"":""2025-02-07 11:21:59.5624001""},{""@Name"":""BootEndTime"",""#text"":""2025-02-07 11:23:40.1944026""},{""@Name"":""SystemBootInstance"",""#text"":""7""},{""@Name"":""UserBootInstance"",""#text"":""2""},{""@Name"":""BootTime"",""#text"":""31308""},{""@Name"":""MainPathBootTime"",""#text"":""20808""},{""@Name"":""BootKernelInitTime"",""#text"":""10""},{""@Name"":""BootDriverInitTime"",""#text"":""1151""},{""@Name"":""BootDevicesInitTime"",""#text"":""5386""},{""@Name"":""BootPrefetchInitTime"",""#text"":""5446""},{""@Name"":""BootPrefetchBytes"",""#text"":""635412480""},{""@Name"":""BootAutoChkTime"",""#text"":""0""},{""@Name"":""BootSmssInitTime"",""#text"":""1486""},{""@Name"":""BootCriticalServicesInitTime"",""#text"":""218""},{""@Name"":""BootUserProfileProcessingTime"",""#text"":""288""},{""@Name"":""BootMachineProfileProcessingTime"",""#text"":""169""},{""@Name"":""BootExplorerInitTime"",""#text"":""11386""},{""@Name"":""BootNumStartupApps"",""#text"":""22""},{""@Name"":""BootPostBootTime"",""#text"":""10500""},{""@Name"":""BootIsRebootAfterInstall"",""#text"":""False""},{""@Name"":""BootRootCauseStepImprovementBits"",""#text"":""0""},{""@Name"":""BootRootCauseGradualImprovementBits"",""#text"":""0""},{""@Name"":""BootRootCauseStepDegradationBits"",""#text"":""4194304""},{""@Name"":""BootRootCauseGradualDegradationBits"",""#text"":""4194304""},{""@Name"":""BootIsDegradation"",""#text"":""False""},{""@Name"":""BootIsStepDegradation"",""#text"":""False""},{""@Name"":""BootIsGradualDegradation"",""#text"":""False""},{""@Name"":""BootImprovementDelta"",""#text"":""0""},{""@Name"":""BootDegradationDelta"",""#text"":""0""},{""@Name"":""BootIsRootCauseIdentified"",""#text"":""True""},{""@Name"":""OSLoaderDuration"",""#text"":""1295""},{""@Name"":""BootPNPInitStartTimeMS"",""#text"":""10""},{""@Name"":""BootPNPInitDuration"",""#text"":""5394""},{""@Name"":""OtherKernelInitDuration"",""#text"":""319""},{""@Name"":""SystemPNPInitStartTimeMS"",""#text"":""5709""},{""@Name"":""SystemPNPInitDuration"",""#text"":""1143""},{""@Name"":""SessionInitStartTimeMS"",""#text"":""6858""},{""@Name"":""Session0InitDuration"",""#text"":""642""},{""@Name"":""Session1InitDuration"",""#text"":""64""},{""@Name"":""SessionInitOtherDuration"",""#text"":""780""},{""@Name"":""WinLogonStartTimeMS"",""#text"":""8345""},{""@Name"":""OtherLogonInitActivityDuration"",""#text"":""620""},{""@Name"":""UserLogonWaitDuration"",""#text"":""101""}]}}"
5,5,2025-02-07 11:23:42.2536062,109,Warning,Microsoft-Windows-Diagnostics-Performance,Microsoft-Windows-Diagnostics-Performance/Operational,1016,2020,WIN-3M6ADARIMNH,0,S-1-5-19,,,,,,,,,,,False,C:\Users\user\repos\memory-forensics-tool\artifacts\file.None.0xfffffa8003845be0.dat.evtx,0x8000000000010000,0,"{""EventData"":{""Data"":[{""@Name"":""StartTime"",""#text"":""2025-02-07 11:21:59.5624001""},{""@Name"":""NameLength"",""#text"":""32""},{""@Name"":""Name"",""#text"":""PCIIDE\\IDEChannel\\4&amp;c5d1198&amp;0&amp;0""},{""@Name"":""FriendlyNameLength"",""#text"":""12""},{""@Name"":""FriendlyName"",""#text"":""IDE Channel""},{""@Name"":""VersionLength"",""#text"":""0""},{""@Name"":""Version""},{""@Name"":""TotalTime"",""#text"":""2516""},{""@Name"":""DegradationTime"",""#text"":""16""},{""@Name"":""PathLength"",""#text"":""0""},{""@Name"":""Path""},{""@Name"":""ProductNameLength"",""#text"":""0""},{""@Name"":""ProductName""},{""@Name"":""CompanyNameLength"",""#text"":""0""},{""@Name"":""CompanyName""}]}}"
6,6,2025-02-07 11:23:42.2536062,109,Warning,Microsoft-Windows-Diagnostics-Performance,Microsoft-Windows-Diagnostics-Performance/Operational,1016,2020,WIN-3M6ADARIMNH,0,S-1-5-19,,,,,,,,,,,False,C:\Users\user\repos\memory-forensics-tool\artifacts\file.None.0xfffffa8003845be0.dat.evtx,0x8000000000010000,0,"{""EventData"":{""Data"":[{""@Name"":""StartTime"",""#text"":""2025-02-07 11:21:59.5624001""},{""@Name"":""NameLength"",""#text"":""32""},{""@Name"":""Name"",""#text"":""PCIIDE\\IDEChannel\\4&amp;c5d1198&amp;0&amp;1""},{""@Name"":""FriendlyNameLength"",""#text"":""12""},{""@Name"":""FriendlyName"",""#text"":""IDE Channel""},{""@Name"":""VersionLength"",""#text"":""0""},{""@Name"":""Version""},{""@Name"":""TotalTime"",""#text"":""2516""},{""@Name"":""DegradationTime"",""#text"":""16""},{""@Name"":""PathLength"",""#text"":""0""},{""@Name"":""Path""},{""@Name"":""ProductNameLength"",""#text"":""0""},{""@Name"":""ProductName""},{""@Name"":""CompanyNameLength"",""#text"":""0""},{""@Name"":""CompanyName""}]}}"
7,7,2025-02-07 11:52:44.6483882,100,Warning,Microsoft-Windows-Diagnostics-Performance,Microsoft-Windows-Diagnostics-Performance/Operational,1052,2884,WIN-3M6ADARIMNH,0,S-1-5-19,Windows System was started,,,BootStartTime: 2025-02-07 11:50:59.5780001,BootEndTime: 2025-02-07 11:52:42.5735846,BootTime: 23734ms,,,,,False,C:\Users\user\repos\memory-forensics-tool\artifacts\file.None.0xfffffa8003845be0.dat.evtx,0x8000000000010000,0,"{""EventData"":{""Data"":[{""@Name"":""BootTsVersion"",""#text"":""2""},{""@Name"":""BootStartTime"",""#text"":""2025-02-07 11:50:59.5780001""},{""@Name"":""BootEndTime"",""#text"":""2025-02-07 11:52:42.5735846""},{""@Name"":""SystemBootInstance"",""#text"":""8""},{""@Name"":""UserBootInstance"",""#text"":""3""},{""@Name"":""BootTime"",""#text"":""23734""},{""@Name"":""MainPathBootTime"",""#text"":""12534""},{""@Name"":""BootKernelInitTime"",""#text"":""8""},{""@Name"":""BootDriverInitTime"",""#text"":""138""},{""@Name"":""BootDevicesInitTime"",""#text"":""6358""},{""@Name"":""BootPrefetchInitTime"",""#text"":""1975""},{""@Name"":""BootPrefetchBytes"",""#text"":""250142720""},{""@Name"":""BootAutoChkTime"",""#text"":""0""},{""@Name"":""BootSmssInitTime"",""#text"":""3572""},{""@Name"":""BootCriticalServicesInitTime"",""#text"":""441""},{""@Name"":""BootUserProfileProcessingTime"",""#text"":""78""},{""@Name"":""BootMachineProfileProcessingTime"",""#text"":""1""},{""@Name"":""BootExplorerInitTime"",""#text"":""510""},{""@Name"":""BootNumStartupApps"",""#text"":""0""},{""@Name"":""BootPostBootTime"",""#text"":""11200""},{""@Name"":""BootIsRebootAfterInstall"",""#text"":""False""},{""@Name"":""BootRootCauseStepImprovementBits"",""#text"":""2309""},{""@Name"":""BootRootCauseGradualImprovementBits"",""#text"":""257""},{""@Name"":""BootRootCauseStepDegradationBits"",""#text"":""64""},{""@Name"":""BootRootCauseGradualDegradationBits"",""#text"":""0""},{""@Name"":""BootIsDegradation"",""#text"":""False""},{""@Name"":""BootIsStepDegradation"",""#text"":""False""},{""@Name"":""BootIsGradualDegradation"",""#text"":""False""},{""@Name"":""BootImprovementDelta"",""#text"":""82487""},{""@Name"":""BootDegradationDelta"",""#text"":""0""},{""@Name"":""BootIsRootCauseIdentified"",""#text"":""True""},{""@Name"":""OSLoaderDuration"",""#text"":""1069""},{""@Name"":""BootPNPInitStartTimeMS"",""#text"":""8""},{""@Name"":""BootPNPInitDuration"",""#text"":""6365""},{""@Name"":""OtherKernelInitDuration"",""#text"":""64""},{""@Name"":""SystemPNPInitStartTimeMS"",""#text"":""6428""},{""@Name"":""SystemPNPInitDuration"",""#text"":""131""},{""@Name"":""SessionInitStartTimeMS"",""#text"":""6561""},{""@Name"":""Session0InitDuration"",""#text"":""2392""},{""@Name"":""Session1InitDuration"",""#text"":""211""},{""@Name"":""SessionInitOtherDuration"",""#text"":""967""},{""@Name"":""WinLogonStartTimeMS"",""#text"":""10133""},{""@Name"":""OtherLogonInitActivityDuration"",""#text"":""1809""},{""@Name"":""UserLogonWaitDuration"",""#text"":""129""}]}}"
8,8,2025-02-07 11:52:44.6483882,109,Warning,Microsoft-Windows-Diagnostics-Performance,Microsoft-Windows-Diagnostics-Performance/Operational,1052,2884,WIN-3M6ADARIMNH,0,S-1-5-19,,,,,,,,,,,False,C:\Users\user\repos\memory-forensics-tool\artifacts\file.None.0xfffffa8003845be0.dat.evtx,0x8000000000010000,0,"{""EventData"":{""Data"":[{""@Name"":""StartTime"",""#text"":""2025-02-07 11:50:59.5780001""},{""@Name"":""NameLength"",""#text"":""19""},{""@Name"":""Name"",""#text"":""ACPI_HAL\\PNP0C08\\0""},{""@Name"":""FriendlyNameLength"",""#text"":""32""},{""@Name"":""FriendlyName"",""#text"":""Microsoft ACPI-Compliant System""},{""@Name"":""VersionLength"",""#text"":""0""},{""@Name"":""Version""},{""@Name"":""TotalTime"",""#text"":""1022""},{""@Name"":""DegradationTime"",""#text"":""909""},{""@Name"":""PathLength"",""#text"":""0""},{""@Name"":""Path""},{""@Name"":""ProductNameLength"",""#text"":""0""},{""@Name"":""ProductName""},{""@Name"":""CompanyNameLength"",""#text"":""0""},{""@Name"":""CompanyName""}]}}"
9,9,2025-02-07 11:52:44.6483882,106,Warning,Microsoft-Windows-Diagnostics-Performance,Microsoft-Windows-Diagnostics-Performance/Operational,1052,2884,WIN-3M6ADARIMNH,0,S-1-5-19,,,,,,,,,,,False,C:\Users\user\repos\memory-forensics-tool\artifacts\file.None.0xfffffa8003845be0.dat.evtx,0x8000000000010000,0,"{""EventData"":{""Data"":[{""@Name"":""StartTime"",""#text"":""2025-02-07 11:50:59.5780001""},{""@Name"":""NameLength"",""#text"":""23""},{""@Name"":""Name"",""#text"":""BackgroundPrefetchTime""},{""@Name"":""TotalTime"",""#text"":""1975""},{""@Name"":""DegradationTime"",""#text"":""5446""}]}}"
10,10,2025-02-07 11:58:48.4487006,100,Warning,Microsoft-Windows-Diagnostics-Performance,Microsoft-Windows-Diagnostics-Performance/Operational,1064,1960,WIN-3M6ADARIMNH,0,S-1-5-19,Windows System was started,,,BootStartTime: 2025-02-07 11:57:01.5624001,BootEndTime: 2025-02-07 11:58:46.4518971,BootTime: 26420ms,,,,,False,C:\Users\user\repos\memory-forensics-tool\artifacts\file.None.0xfffffa8003845be0.dat.evtx,0x8000000000010000,0,"{""EventData"":{""Data"":[{""@Name"":""BootTsVersion"",""#text"":""2""},{""@Name"":""BootStartTime"",""#text"":""2025-02-07 11:57:01.5624001""},{""@Name"":""BootEndTime"",""#text"":""2025-02-07 11:58:46.4518971""},{""@Name"":""SystemBootInstance"",""#text"":""9""},{""@Name"":""UserBootInstance"",""#text"":""4""},{""@Name"":""BootTime"",""#text"":""26420""},{""@Name"":""MainPathBootTime"",""#text"":""14120""},{""@Name"":""BootKernelInitTime"",""#text"":""10""},{""@Name"":""BootDriverInitTime"",""#text"":""203""},{""@Name"":""BootDevicesInitTime"",""#text"":""5885""},{""@Name"":""BootPrefetchInitTime"",""#text"":""5776""},{""@Name"":""BootPrefetchBytes"",""#text"":""596033536""},{""@Name"":""BootAutoChkTime"",""#text"":""0""},{""@Name"":""BootSmssInitTime"",""#text"":""4827""},{""@Name"":""BootCriticalServicesInitTime"",""#text"":""307""},{""@Name"":""BootUserProfileProcessingTime"",""#text"":""325""},{""@Name"":""BootMachineProfileProcessingTime"",""#text"":""346""},{""@Name"":""BootExplorerInitTime"",""#text"":""1290""},{""@Name"":""BootNumStartupApps"",""#text"":""0""},{""@Name"":""BootPostBootTime"",""#text"":""12300""},{""@Name"":""BootIsRebootAfterInstall"",""#text"":""False""},{""@Name"":""BootRootCauseStepImprovementBits"",""#text"":""16384""},{""@Name"":""BootRootCauseGradualImprovementBits"",""#text"":""16384""},{""@Name"":""BootRootCauseStepDegradationBits"",""#text"":""136""},{""@Name"":""BootRootCauseGradualDegradationBits"",""#text"":""128""},{""@Name"":""BootIsDegradation"",""#text"":""False""},{""@Name"":""BootIsStepDegradation"",""#text"":""False""},{""@Name"":""BootIsGradualDegradation"",""#text"":""False""},{""@Name"":""BootImprovementDelta"",""#text"":""0""},{""@Name"":""BootDegradationDelta"",""#text"":""0""},{""@Name"":""BootIsRootCauseIdentified"",""#text"":""True""},{""@Name"":""OSLoaderDuration"",""#text"":""1277""},{""@Name"":""BootPNPInitStartTimeMS"",""#text"":""10""},{""@Name"":""BootPNPInitDuration"",""#text"":""5895""},{""@Name"":""OtherKernelInitDuration"",""#text"":""108""},{""@Name"":""SystemPNPInitStartTimeMS"",""#text"":""6000""},{""@Name"":""SystemPNPInitDuration"",""#text"":""194""},{""@Name"":""SessionInitStartTimeMS"",""#text"":""6197""},{""@Name"":""Session0InitDuration"",""#text"":""132""},{""@Name"":""Session1InitDuration"",""#text"":""77""},{""@Name"":""SessionInitOtherDuration"",""#text"":""4616""},{""@Name"":""WinLogonStartTimeMS"",""#text"":""11025""},{""@Name"":""OtherLogonInitActivityDuration"",""#text"":""1133""},{""@Name"":""UserLogonWaitDuration"",""#text"":""291""}]}}"
