1,1,2010-11-21 03:58:31.0931721,1002,Info,Microsoft-Windows-Resource-Exhaustion-Detector,Microsoft-Windows-Resource-Exhaustion-Detector/Operational,1048,1576,37L4247F27-25,0,S-1-5-19,,,,,,,,,,,False,C:\Users\user\repos\memory-forensics-tool\artifacts\file.None.0xfffffa80034f38c0.dat.evtx,0x4000000010000000,0,"{""EventData"":""""}"
2,2,2025-01-14 14:20:44.6536303,1001,Info,Microsoft-Windows-Resource-Exhaustion-Detector,Microsoft-Windows-Resource-Exhaustion-Detector/Operational,1100,1452,WIN-3M6ADARIMNH,0,S-1-5-19,,,,,,,,,,,False,C:\Users\user\repos\memory-forensics-tool\artifacts\file.None.0xfffffa80034f38c0.dat.evtx,0x4000000010000000,0,"{""EventData"":""""}"
3,3,2025-01-14 15:03:15.5088246,1001,Info,Microsoft-Windows-Resource-Exhaustion-Detector,Microsoft-Windows-Resource-Exhaustion-Detector/Operational,1096,1548,WIN-3M6ADARIMNH,0,S-1-5-19,,,,,,,,,,,False,C:\Users\user\repos\memory-forensics-tool\artifacts\file.None.0xfffffa80034f38c0.dat.evtx,0x4000000010000000,0,"{""EventData"":""""}"
4,4,2025-02-07 11:22:10.1704188,1001,Info,Microsoft-Windows-Resource-Exhaustion-Detector,Microsoft-Windows-Resource-Exhaustion-Detector/Operational,1016,1044,WIN-3M6ADARIMNH,0,S-1-5-19,,,,,,,,,,,False,C:\Users\user\repos\memory-forensics-tool\artifacts\file.None.0xfffffa80034f38c0.dat.evtx,0x4000000010000000,0,"{""EventData"":""""}"
5,5,2025-02-07 11:49:20.9450006,1002,Info,Microsoft-Windows-Resource-Exhaustion-Detector,Microsoft-Windows-Resource-Exhaustion-Detector/Operational,1016,2224,WIN-3M6ADARIMNH,0,S-1-5-19,,,,,,,,,,,False,C:\Users\user\repos\memory-forensics-tool\artifacts\file.None.0xfffffa80034f38c0.dat.evtx,0x4000000010000000,0,"{""EventData"":""""}"
6,6,2025-02-07 11:51:12.5600245,1001,Info,Microsoft-Windows-Resource-Exhaustion-Detector,Microsoft-Windows-Resource-Exhaustion-Detector/Operational,1052,1596,WIN-3M6ADARIMNH,0,S-1-5-19,,,,,,,,,,,False,C:\Users\user\repos\memory-forensics-tool\artifacts\file.None.0xfffffa80034f38c0.dat.evtx,0x4000000010000000,0,"{""EventData"":""""}"
7,7,2025-02-07 11:57:16.3654295,1001,Info,Microsoft-Windows-Resource-Exhaustion-Detector,Microsoft-Windows-Resource-Exhaustion-Detector/Operational,1064,1848,WIN-3M6ADARIMNH,0,S-1-5-19,,,,,,,,,,,False,C:\Users\user\repos\memory-forensics-tool\artifacts\file.None.0xfffffa80034f38c0.dat.evtx,0x4000000010000000,0,"{""EventData"":""""}"
8,8,2025-02-07 12:13:33.6026778,1002,Info,Microsoft-Windows-Resource-Exhaustion-Detector,Microsoft-Windows-Resource-Exhaustion-Detector/Operational,1064,2996,WIN-3M6ADARIMNH,0,S-1-5-19,,,,,,,,,,,False,C:\Users\user\repos\memory-forensics-tool\artifacts\file.None.0xfffffa80034f38c0.dat.evtx,0x4000000010000000,0,"{""EventData"":""""}"
9,9,2025-02-07 12:14:02.4076280,1001,Info,Microsoft-Windows-Resource-Exhaustion-Detector,Microsoft-Windows-Resource-Exhaustion-Detector/Operational,1048,1060,WIN-3M6ADARIMNH,0,S-1-5-19,,,,,,,,,,,False,C:\Users\user\repos\memory-forensics-tool\artifacts\file.None.0xfffffa80034f38c0.dat.evtx,0x4000000010000000,0,"{""EventData"":""""}"
1,1,2025-02-07 11:23:18.4167643,1000,Info,Microsoft-Windows-DriverFrameworks-UserMode,Microsoft-Windows-DriverFrameworks-UserMode/Operational,768,1572,WIN-3M6ADARIMNH,0,S-1-5-18,,,,,,,,,,,False,C:\Users\user\repos\memory-forensics-tool\artifacts\file.None.0xfffffa8003652010.dat.evtx,Classic,0,"{""UserData"":{""UMDFDriverManagerStart"":{""Version"":""6.1.7601.17514. (win7sp1_rtm.101119-1850)""}}}"
2,2,2025-02-07 11:23:18.6195647,1003,Info,Microsoft-Windows-DriverFrameworks-UserMode,Microsoft-Windows-DriverFrameworks-UserMode/Operational,768,1044,WIN-3M6ADARIMNH,0,S-1-5-18,,,,,,,,,,,False,C:\Users\user\repos\memory-forensics-tool\artifacts\file.None.0xfffffa8003652010.dat.evtx,Classic,0,"{""UserData"":{""UMDFDriverManagerHostCreateStart"":{""@lifetime"":""0c06be96-6cf6-43a2-ab24-5e25d128fc86"",""HostGuid"":""{193a1820-d9ac-4997-8c55-be817523f6aa}"",""DeviceInstanceId"":""WPDBUSENUMROOT.UMB.2&amp;37C186B&amp;0&amp;STORAGE#VOLUME#_??_USBSTOR#DISK&amp;VEN_GENERAL&amp;PROD_UDISK&amp;REV_5.00#7&amp;B84678D&amp;0&amp;_&amp;0#""}}}"
3,3,2025-02-07 11:23:18.6351647,2000,Info,Microsoft-Windows-DriverFrameworks-UserMode,Microsoft-Windows-DriverFrameworks-UserMode/Operational,1780,1432,WIN-3M6ADARIMNH,0,S-1-5-19,,,,,,,,,,,False,C:\Users\user\repos\memory-forensics-tool\artifacts\file.None.0xfffffa8003652010.dat.evtx,Classic,0,"{""UserData"":{""UMDFHostStartupBegin"":{""@lifetime"":""0c06be96-6cf6-43a2-ab24-5e25d128fc86""}}}"
4,4,2025-02-07 11:23:18.6351647,2001,Info,Microsoft-Windows-DriverFrameworks-UserMode,Microsoft-Windows-DriverFrameworks-UserMode/Operational,1780,1432,WIN-3M6ADARIMNH,0,S-1-5-19,,,,,,,,,,,False,C:\Users\user\repos\memory-forensics-tool\artifacts\file.None.0xfffffa8003652010.dat.evtx,Classic,0,"{""UserData"":{""UMDFHostStartupEnd"":{""@lifetime"":""0c06be96-6cf6-43a2-ab24-5e25d128fc86"",""FinalStatus"":""0""}}}"
5,5,2025-02-07 11:23:18.6663648,1004,Info,Microsoft-Windows-DriverFrameworks-UserMode,Microsoft-Windows-DriverFrameworks-UserMode/Operational,768,1044,WIN-3M6ADARIMNH,0,S-1-5-18,,,,,,,,,,,False,C:\Users\user\repos\memory-forensics-tool\artifacts\file.None.0xfffffa8003652010.dat.evtx,Classic,0,"{""UserData"":{""UMDFDriverManagerHostCreateEnd"":{""@lifetime"":""0c06be96-6cf6-43a2-ab24-5e25d128fc86"",""FinalStatus"":""0""}}}"
6,6,2025-02-07 11:23:18.6663648,2003,Info,Microsoft-Windows-DriverFrameworks-UserMode,Microsoft-Windows-DriverFrameworks-UserMode/Operational,1780,1984,WIN-3M6ADARIMNH,0,S-1-5-19,,,,,,,,,,,False,C:\Users\user\repos\memory-forensics-tool\artifacts\file.None.0xfffffa8003652010.dat.evtx,Classic,0,"{""UserData"":{""UMDFHostDeviceArrivalBegin"":{""@instance"":""WPDBUSENUMROOT\\UMB\\2&37C186B&0&STORAGE#VOLUME#_??_USBSTOR#DISK&VEN_GENERAL&PROD_UDISK&REV_5.00#7&B84678D&0&_&0#"",""@lifetime"":""0c06be96-6cf6-43a2-ab24-5e25d128fc86""}}}"
7,7,2025-02-07 11:23:18.6663648,2010,Info,Microsoft-Windows-DriverFrameworks-UserMode,Microsoft-Windows-DriverFrameworks-UserMode/Operational,1780,1984,WIN-3M6ADARIMNH,0,S-1-5-19,,,,,,,,,,,False,C:\Users\user\repos\memory-forensics-tool\artifacts\file.None.0xfffffa8003652010.dat.evtx,Classic,0,"{""UserData"":{""UMDFHostDeviceArrivalEnd"":{""@instance"":""WPDBUSENUMROOT\\UMB\\2&37C186B&0&STORAGE#VOLUME#_??_USBSTOR#DISK&VEN_GENERAL&PROD_UDISK&REV_5.00#7&B84678D&0&_&0#"",""@lifetime"":""0c06be96-6cf6-43a2-ab24-5e25d128fc86"",""FinalStatus"":""0""}}}"
8,8,2025-02-07 11:23:18.6663648,2004,Verbose,Microsoft-Windows-DriverFrameworks-UserMode,Microsoft-Windows-DriverFrameworks-UserMode/Operational,1780,1984,WIN-3M6ADARIMNH,0,S-1-5-19,,,,,,,,,,,False,C:\Users\user\repos\memory-forensics-tool\artifacts\file.None.0xfffffa8003652010.dat.evtx,Classic,0,"{""UserData"":{""UMDFHostAddDeviceBegin"":{""@instance"":""WPDBUSENUMROOT\\UMB\\2&37C186B&0&STORAGE#VOLUME#_??_USBSTOR#DISK&VEN_GENERAL&PROD_UDISK&REV_5.00#7&B84678D&0&_&0#"",""@lifetime"":""0c06be96-6cf6-43a2-ab24-5e25d128fc86"",""Level"":""0"",""Service"":""WpdFs"",""DriverClsid"":""112de495-ac4c-46f8-b663-6a4266c53313""}}}"
9,9,2025-02-07 11:23:18.6819648,2005,Verbose,Microsoft-Windows-DriverFrameworks-UserMode,Microsoft-Windows-DriverFrameworks-UserMode/Operational,1780,1984,WIN-3M6ADARIMNH,0,S-1-5-19,,,,,,,,,,,False,C:\Users\user\repos\memory-forensics-tool\artifacts\file.None.0xfffffa8003652010.dat.evtx,Classic,0,"{""UserData"":{""UMDFHostModuleLoad"":{""@instance"":""WPDBUSENUMROOT\\UMB\\2&37C186B&0&STORAGE#VOLUME#_??_USBSTOR#DISK&VEN_GENERAL&PROD_UDISK&REV_5.00#7&B84678D&0&_&0#"",""@lifetime"":""0c06be96-6cf6-43a2-ab24-5e25d128fc86"",""ModulePath"":""C:\\Windows\\system32\\WUDFx.dll"",""CompanyName"":""Microsoft Corporation"",""FileDescription"":""WDF:UMDF Framework Library"",""FileVersion"":""6.1.7601.17514 (win7sp1_rtm.101119-1850)""}}}"
10,10,2025-02-07 11:23:18.6819648,2005,Verbose,Microsoft-Windows-DriverFrameworks-UserMode,Microsoft-Windows-DriverFrameworks-UserMode/Operational,1780,1984,WIN-3M6ADARIMNH,0,S-1-5-19,,,,,,,,,,,False,C:\Users\user\repos\memory-forensics-tool\artifacts\file.None.0xfffffa8003652010.dat.evtx,Classic,0,"{""UserData"":{""UMDFHostModuleLoad"":{""@instance"":""WPDBUSENUMROOT\\UMB\\2&37C186B&0&STORAGE#VOLUME#_??_USBSTOR#DISK&VEN_GENERAL&PROD_UDISK&REV_5.00#7&B84678D&0&_&0#"",""@lifetime"":""0c06be96-6cf6-43a2-ab24-5e25d128fc86"",""ModulePath"":""C:\\Windows\\System32\\drivers\\UMDF\\WpdFs.dll"",""CompanyName"":""Microsoft Corporation"",""FileDescription"":""Windows Portable Device File System Driver"",""FileVersion"":""6.1.7600.16385 (win7_rtm.090713-1255)""}}}"
11,11,2025-02-07 11:23:18.6819648,2005,Verbose,Microsoft-Windows-DriverFrameworks-UserMode,Microsoft-Windows-DriverFrameworks-UserMode/Operational,1780,1984,WIN-3M6ADARIMNH,0,S-1-5-19,,,,,,,,,,,False,C:\Users\user\repos\memory-forensics-tool\artifacts\file.None.0xfffffa8003652010.dat.evtx,Classic,0,"{""UserData"":{""UMDFHostModuleLoad"":{""@instance"":""WPDBUSENUMROOT\\UMB\\2&37C186B&0&STORAGE#VOLUME#_??_USBSTOR#DISK&VEN_GENERAL&PROD_UDISK&REV_5.00#7&B84678D&0&_&0#"",""@lifetime"":""0c06be96-6cf6-43a2-ab24-5e25d128fc86"",""ModulePath"":""C:\\Windows\\system32\\wmvcore.dll"",""CompanyName"":""Microsoft Corporation"",""FileDescription"":""Windows Media Playback/Authoring DLL"",""FileVersion"":""12.0.7601.17514 (win7sp1_rtm.101119-1850)""}}}"
12,12,2025-02-07 11:23:18.6819648,2005,Verbose,Microsoft-Windows-DriverFrameworks-UserMode,Microsoft-Windows-DriverFrameworks-UserMode/Operational,1780,1984,WIN-3M6ADARIMNH,0,S-1-5-19,,,,,,,,,,,False,C:\Users\user\repos\memory-forensics-tool\artifacts\file.None.0xfffffa8003652010.dat.evtx,Classic,0,"{""UserData"":{""UMDFHostModuleLoad"":{""@instance"":""WPDBUSENUMROOT\\UMB\\2&37C186B&0&STORAGE#VOLUME#_??_USBSTOR#DISK&VEN_GENERAL&PROD_UDISK&REV_5.00#7&B84678D&0&_&0#"",""@lifetime"":""0c06be96-6cf6-43a2-ab24-5e25d128fc86"",""ModulePath"":""C:\\Windows\\system32\\WMASF.DLL"",""CompanyName"":""Microsoft Corporation"",""FileDescription"":""Windows Media ASF DLL"",""FileVersion"":""12.0.7600.16385 (win7_rtm.090713-1255)""}}}"
13,13,2025-02-07 11:23:18.6819648,2005,Verbose,Microsoft-Windows-DriverFrameworks-UserMode,Microsoft-Windows-DriverFrameworks-UserMode/Operational,1780,1984,WIN-3M6ADARIMNH,0,S-1-5-19,,,,,,,,,,,False,C:\Users\user\repos\memory-forensics-tool\artifacts\file.None.0xfffffa8003652010.dat.evtx,Classic,0,"{""UserData"":{""UMDFHostModuleLoad"":{""@instance"":""WPDBUSENUMROOT\\UMB\\2&37C186B&0&STORAGE#VOLUME#_??_USBSTOR#DISK&VEN_GENERAL&PROD_UDISK&REV_5.00#7&B84678D&0&_&0#"",""@lifetime"":""0c06be96-6cf6-43a2-ab24-5e25d128fc86"",""ModulePath"":""C:\\Windows\\WinSxS\\amd64_microsoft.windows.gdiplus_6595b64144ccf1df_1.1.7601.17514_none_2b24536c71ed437a\\gdiplus.dll"",""CompanyName"":""Microsoft Corporation"",""FileDescription"":""Microsoft GDI+"",""FileVersion"":""6.1.7601.17514 (win7sp1_rtm.101119-1850)""}}}"
14,14,2025-02-07 11:23:18.6819648,2006,Verbose,Microsoft-Windows-DriverFrameworks-UserMode,Microsoft-Windows-DriverFrameworks-UserMode/Operational,1780,1984,WIN-3M6ADARIMNH,0,S-1-5-19,,,,,,,,,,,False,C:\Users\user\repos\memory-forensics-tool\artifacts\file.None.0xfffffa8003652010.dat.evtx,Classic,0,"{""UserData"":{""UMDFHostAddDeviceEnd"":{""@instance"":""WPDBUSENUMROOT\\UMB\\2&37C186B&0&STORAGE#VOLUME#_??_USBSTOR#DISK&VEN_GENERAL&PROD_UDISK&REV_5.00#7&B84678D&0&_&0#"",""@lifetime"":""0c06be96-6cf6-43a2-ab24-5e25d128fc86"",""Level"":""0"",""FinalStatus"":""0""}}}"
15,15,2025-02-07 11:23:18.6819648,2100,Info,Microsoft-Windows-DriverFrameworks-UserMode,Microsoft-Windows-DriverFrameworks-UserMode/Operational,1780,1984,WIN-3M6ADARIMNH,0,S-1-5-19,USB Connection,,,"InstanceId: ","LifetimeId: ",,,,,,False,C:\Users\user\repos\memory-forensics-tool\artifacts\file.None.0xfffffa8003652010.dat.evtx,Classic,0,"{""UserData"":{""UMDFHostDeviceRequest"":{""@instance"":""WPDBUSENUMROOT\\UMB\\2&37C186B&0&STORAGE#VOLUME#_??_USBSTOR#DISK&VEN_GENERAL&PROD_UDISK&REV_5.00#7&B84678D&0&_&0#"",""@lifetime"":""0c06be96-6cf6-43a2-ab24-5e25d128fc86"",""Request"":{""@major"":""27"",""@minor"":""0"",""Argument"":[""0x0"",""0x0"",""0x0"",""0x0""]},""Status"":""3221225659""}}}"
16,16,2025-02-07 11:23:18.6819648,2105,Info,Microsoft-Windows-DriverFrameworks-UserMode,Microsoft-Windows-DriverFrameworks-UserMode/Operational,1780,1984,WIN-3M6ADARIMNH,0,S-1-5-19,,,,,,,,,,,False,C:\Users\user\repos\memory-forensics-tool\artifacts\file.None.0xfffffa8003652010.dat.evtx,Classic,0,"{""UserData"":{""UMDFHostDeviceRequest"":{""@instance"":""WPDBUSENUMROOT\\UMB\\2&37C186B&0&STORAGE#VOLUME#_??_USBSTOR#DISK&VEN_GENERAL&PROD_UDISK&REV_5.00#7&B84678D&0&_&0#"",""@lifetime"":""0c06be96-6cf6-43a2-ab24-5e25d128fc86"",""Request"":{""@major"":""27"",""@minor"":""0"",""Argument"":[""0x0"",""0x0"",""0x0"",""0x0""]},""Status"":""3221225659""}}}"
17,17,2025-02-07 11:23:18.6819648,2106,Info,Microsoft-Windows-DriverFrameworks-UserMode,Microsoft-Windows-DriverFrameworks-UserMode/Operational,1780,1984,WIN-3M6ADARIMNH,0,S-1-5-19,,,,,,,,,,,False,C:\Users\user\repos\memory-forensics-tool\artifacts\file.None.0xfffffa8003652010.dat.evtx,Classic,0,"{""UserData"":{""UMDFHostDeviceRequest"":{""@instance"":""WPDBUSENUMROOT\\UMB\\2&37C186B&0&STORAGE#VOLUME#_??_USBSTOR#DISK&VEN_GENERAL&PROD_UDISK&REV_5.00#7&B84678D&0&_&0#"",""@lifetime"":""0c06be96-6cf6-43a2-ab24-5e25d128fc86"",""Request"":{""@major"":""27"",""@minor"":""0"",""Argument"":[""0x0"",""0x0"",""0x0"",""0x0""]},""Status"":""0""}}}"
18,18,2025-02-07 11:23:18.9003652,2101,Info,Microsoft-Windows-DriverFrameworks-UserMode,Microsoft-Windows-DriverFrameworks-UserMode/Operational,1780,1984,WIN-3M6ADARIMNH,0,S-1-5-19,,,,,,,,,,,False,C:\Users\user\repos\memory-forensics-tool\artifacts\file.None.0xfffffa8003652010.dat.evtx,Classic,0,"{""UserData"":{""UMDFHostDeviceRequest"":{""@instance"":""WPDBUSENUMROOT\\UMB\\2&37C186B&0&STORAGE#VOLUME#_??_USBSTOR#DISK&VEN_GENERAL&PROD_UDISK&REV_5.00#7&B84678D&0&_&0#"",""@lifetime"":""0c06be96-6cf6-43a2-ab24-5e25d128fc86"",""Request"":{""@major"":""27"",""@minor"":""0"",""Argument"":[""0x0"",""0x1B"",""0x0"",""0x0""]},""Status"":""0""}}}"
19,19,2025-02-07 11:23:18.9003652,2100,Info,Microsoft-Windows-DriverFrameworks-UserMode,Microsoft-Windows-DriverFrameworks-UserMode/Operational,1780,1368,WIN-3M6ADARIMNH,0,S-1-5-19,USB Connection,,,"InstanceId: ","LifetimeId: ",,,,,,False,C:\Users\user\repos\memory-forensics-tool\artifacts\file.None.0xfffffa8003652010.dat.evtx,Classic,0,"{""UserData"":{""UMDFHostDeviceRequest"":{""@instance"":""WPDBUSENUMROOT\\UMB\\2&37C186B&0&STORAGE#VOLUME#_??_USBSTOR#DISK&VEN_GENERAL&PROD_UDISK&REV_5.00#7&B84678D&0&_&0#"",""@lifetime"":""0c06be96-6cf6-43a2-ab24-5e25d128fc86"",""Request"":{""@major"":""27"",""@minor"":""9"",""Argument"":[""0x10040"",""0xFFFFFFFFFFFFFFFF"",""0x0"",""0x0""]},""Status"":""3221225659""}}}"
20,20,2025-02-07 11:23:18.9003652,2105,Info,Microsoft-Windows-DriverFrameworks-UserMode,Microsoft-Windows-DriverFrameworks-UserMode/Operational,1780,1368,WIN-3M6ADARIMNH,0,S-1-5-19,,,,,,,,,,,False,C:\Users\user\repos\memory-forensics-tool\artifacts\file.None.0xfffffa8003652010.dat.evtx,Classic,0,"{""UserData"":{""UMDFHostDeviceRequest"":{""@instance"":""WPDBUSENUMROOT\\UMB\\2&37C186B&0&STORAGE#VOLUME#_??_USBSTOR#DISK&VEN_GENERAL&PROD_UDISK&REV_5.00#7&B84678D&0&_&0#"",""@lifetime"":""0c06be96-6cf6-43a2-ab24-5e25d128fc86"",""Request"":{""@major"":""27"",""@minor"":""9"",""Argument"":[""0x10040"",""0xFFFFFFFFFFFFFFFF"",""0x0"",""0x0""]},""Status"":""3221225659""}}}"
21,21,2025-02-07 11:23:18.9003652,2106,Info,Microsoft-Windows-DriverFrameworks-UserMode,Microsoft-Windows-DriverFrameworks-UserMode/Operational,1780,1368,WIN-3M6ADARIMNH,0,S-1-5-19,,,,,,,,,,,False,C:\Users\user\repos\memory-forensics-tool\artifacts\file.None.0xfffffa8003652010.dat.evtx,Classic,0,"{""UserData"":{""UMDFHostDeviceRequest"":{""@instance"":""WPDBUSENUMROOT\\UMB\\2&37C186B&0&STORAGE#VOLUME#_??_USBSTOR#DISK&VEN_GENERAL&PROD_UDISK&REV_5.00#7&B84678D&0&_&0#"",""@lifetime"":""0c06be96-6cf6-43a2-ab24-5e25d128fc86"",""Request"":{""@major"":""27"",""@minor"":""9"",""Argument"":[""0x10040"",""0xFFFFFFFFFFFFFFFF"",""0x0"",""0x0""]},""Status"":""0""}}}"
22,22,2025-02-07 11:23:18.9003652,2101,Info,Microsoft-Windows-DriverFrameworks-UserMode,Microsoft-Windows-DriverFrameworks-UserMode/Operational,1780,1368,WIN-3M6ADARIMNH,0,S-1-5-19,,,,,,,,,,,False,C:\Users\user\repos\memory-forensics-tool\artifacts\file.None.0xfffffa8003652010.dat.evtx,Classic,0,"{""UserData"":{""UMDFHostDeviceRequest"":{""@instance"":""WPDBUSENUMROOT\\UMB\\2&37C186B&0&STORAGE#VOLUME#_??_USBSTOR#DISK&VEN_GENERAL&PROD_UDISK&REV_5.00#7&B84678D&0&_&0#"",""@lifetime"":""0c06be96-6cf6-43a2-ab24-5e25d128fc86"",""Request"":{""@major"":""27"",""@minor"":""9"",""Argument"":[""0xA9100010040"",""0xFFFFFFFFFFFFFFFF"",""0x200000000"",""0x300000002""]},""Status"":""0""}}}"
23,23,2025-02-07 11:23:18.9003652,2100,Info,Microsoft-Windows-DriverFrameworks-UserMode,Microsoft-Windows-DriverFrameworks-UserMode/Operational,1780,1984,WIN-3M6ADARIMNH,0,S-1-5-19,USB Connection,,,"InstanceId: ","LifetimeId: ",,,,,,False,C:\Users\user\repos\memory-forensics-tool\artifacts\file.None.0xfffffa8003652010.dat.evtx,Classic,0,"{""UserData"":{""UMDFHostDeviceRequest"":{""@instance"":""WPDBUSENUMROOT\\UMB\\2&37C186B&0&STORAGE#VOLUME#_??_USBSTOR#DISK&VEN_GENERAL&PROD_UDISK&REV_5.00#7&B84678D&0&_&0#"",""@lifetime"":""0c06be96-6cf6-43a2-ab24-5e25d128fc86"",""Request"":{""@major"":""27"",""@minor"":""20"",""Argument"":[""0x0"",""0x0"",""0x0"",""0x0""]},""Status"":""3221225659""}}}"
24,24,2025-02-07 11:23:18.9003652,2105,Info,Microsoft-Windows-DriverFrameworks-UserMode,Microsoft-Windows-DriverFrameworks-UserMode/Operational,1780,1984,WIN-3M6ADARIMNH,0,S-1-5-19,,,,,,,,,,,False,C:\Users\user\repos\memory-forensics-tool\artifacts\file.None.0xfffffa8003652010.dat.evtx,Classic,0,"{""UserData"":{""UMDFHostDeviceRequest"":{""@instance"":""WPDBUSENUMROOT\\UMB\\2&37C186B&0&STORAGE#VOLUME#_??_USBSTOR#DISK&VEN_GENERAL&PROD_UDISK&REV_5.00#7&B84678D&0&_&0#"",""@lifetime"":""0c06be96-6cf6-43a2-ab24-5e25d128fc86"",""Request"":{""@major"":""27"",""@minor"":""20"",""Argument"":[""0x0"",""0x0"",""0x0"",""0x0""]},""Status"":""3221225659""}}}"
25,25,2025-02-07 11:23:18.9003652,2106,Info,Microsoft-Windows-DriverFrameworks-UserMode,Microsoft-Windows-DriverFrameworks-UserMode/Operational,1780,1984,WIN-3M6ADARIMNH,0,S-1-5-19,,,,,,,,,,,False,C:\Users\user\repos\memory-forensics-tool\artifacts\file.None.0xfffffa8003652010.dat.evtx,Classic,0,"{""UserData"":{""UMDFHostDeviceRequest"":{""@instance"":""WPDBUSENUMROOT\\UMB\\2&37C186B&0&STORAGE#VOLUME#_??_USBSTOR#DISK&VEN_GENERAL&PROD_UDISK&REV_5.00#7&B84678D&0&_&0#"",""@lifetime"":""0c06be96-6cf6-43a2-ab24-5e25d128fc86"",""Request"":{""@major"":""27"",""@minor"":""20"",""Argument"":[""0x0"",""0x0"",""0x0"",""0x0""]},""Status"":""0""}}}"
26,26,2025-02-07 11:23:18.9003652,2101,Info,Microsoft-Windows-DriverFrameworks-UserMode,Microsoft-Windows-DriverFrameworks-UserMode/Operational,1780,1984,WIN-3M6ADARIMNH,0,S-1-5-19,,,,,,,,,,,False,C:\Users\user\repos\memory-forensics-tool\artifacts\file.None.0xfffffa8003652010.dat.evtx,Classic,0,"{""UserData"":{""UMDFHostDeviceRequest"":{""@instance"":""WPDBUSENUMROOT\\UMB\\2&37C186B&0&STORAGE#VOLUME#_??_USBSTOR#DISK&VEN_GENERAL&PROD_UDISK&REV_5.00#7&B84678D&0&_&0#"",""@lifetime"":""0c06be96-6cf6-43a2-ab24-5e25d128fc86"",""Request"":{""@major"":""27"",""@minor"":""20"",""Argument"":[""0x0"",""0x141B"",""0x0"",""0x0""]},""Status"":""0""}}}"
27,27,2025-02-07 11:23:51.8944231,2100,Info,Microsoft-Windows-DriverFrameworks-UserMode,Microsoft-Windows-DriverFrameworks-UserMode/Operational,1780,1984,WIN-3M6ADARIMNH,0,S-1-5-19,USB Connection,,,"InstanceId: ","LifetimeId: ",,,,,,False,C:\Users\user\repos\memory-forensics-tool\artifacts\file.None.0xfffffa8003652010.dat.evtx,Classic,0,"{""UserData"":{""UMDFHostDeviceRequest"":{""@instance"":""WPDBUSENUMROOT\\UMB\\2&37C186B&0&STORAGE#VOLUME#_??_USBSTOR#DISK&VEN_GENERAL&PROD_UDISK&REV_5.00#7&B84678D&0&_&0#"",""@lifetime"":""0c06be96-6cf6-43a2-ab24-5e25d128fc86"",""Request"":{""@major"":""27"",""@minor"":""23"",""Argument"":[""0x0"",""0x0"",""0x0"",""0x0""]},""Status"":""3221225659""}}}"
28,28,2025-02-07 11:23:51.9100232,2102,Info,Microsoft-Windows-DriverFrameworks-UserMode,Microsoft-Windows-DriverFrameworks-UserMode/Operational,1780,1984,WIN-3M6ADARIMNH,0,S-1-5-19,,,,,,,,,,,False,C:\Users\user\repos\memory-forensics-tool\artifacts\file.None.0xfffffa8003652010.dat.evtx,Classic,0,"{""UserData"":{""UMDFHostDeviceRequest"":{""@instance"":""WPDBUSENUMROOT\\UMB\\2&37C186B&0&STORAGE#VOLUME#_??_USBSTOR#DISK&VEN_GENERAL&PROD_UDISK&REV_5.00#7&B84678D&0&_&0#"",""@lifetime"":""0c06be96-6cf6-43a2-ab24-5e25d128fc86"",""Request"":{""@major"":""27"",""@minor"":""23"",""Argument"":[""0x0"",""0x0"",""0x0"",""0x0""]},""Status"":""3221225659""}}}"
29,29,2025-02-07 11:23:51.9568232,2100,Info,Microsoft-Windows-DriverFrameworks-UserMode,Microsoft-Windows-DriverFrameworks-UserMode/Operational,1780,1984,WIN-3M6ADARIMNH,0,S-1-5-19,USB Connection,,,"InstanceId: ","LifetimeId: ",,,,,,False,C:\Users\user\repos\memory-forensics-tool\artifacts\file.None.0xfffffa8003652010.dat.evtx,Classic,0,"{""UserData"":{""UMDFHostDeviceRequest"":{""@instance"":""WPDBUSENUMROOT\\UMB\\2&37C186B&0&STORAGE#VOLUME#_??_USBSTOR#DISK&VEN_GENERAL&PROD_UDISK&REV_5.00#7&B84678D&0&_&0#"",""@lifetime"":""0c06be96-6cf6-43a2-ab24-5e25d128fc86"",""Request"":{""@major"":""27"",""@minor"":""2"",""Argument"":[""0x0"",""0x0"",""0x0"",""0x0""]},""Status"":""3221225659""}}}"
30,30,2025-02-07 11:23:51.9568232,2102,Info,Microsoft-Windows-DriverFrameworks-UserMode,Microsoft-Windows-DriverFrameworks-UserMode/Operational,1780,1984,WIN-3M6ADARIMNH,0,S-1-5-19,,,,,,,,,,,False,C:\Users\user\repos\memory-forensics-tool\artifacts\file.None.0xfffffa8003652010.dat.evtx,Classic,0,"{""UserData"":{""UMDFHostDeviceRequest"":{""@instance"":""WPDBUSENUMROOT\\UMB\\2&37C186B&0&STORAGE#VOLUME#_??_USBSTOR#DISK&VEN_GENERAL&PROD_UDISK&REV_5.00#7&B84678D&0&_&0#"",""@lifetime"":""0c06be96-6cf6-43a2-ab24-5e25d128fc86"",""Request"":{""@major"":""27"",""@minor"":""2"",""Argument"":[""0x0"",""0x0"",""0x0"",""0x0""]},""Status"":""3221225659""}}}"
31,31,2025-02-07 11:23:51.9568232,1006,Info,Microsoft-Windows-DriverFrameworks-UserMode,Microsoft-Windows-DriverFrameworks-UserMode/Operational,768,1044,WIN-3M6ADARIMNH,0,S-1-5-18,,,,,,,,,,,False,C:\Users\user\repos\memory-forensics-tool\artifacts\file.None.0xfffffa8003652010.dat.evtx,Classic,0,"{""UserData"":{""UMDFDriverManagerHostShutdown"":{""@lifetime"":""0c06be96-6cf6-43a2-ab24-5e25d128fc86""}}}"
32,32,2025-02-07 11:23:51.9568232,2900,Info,Microsoft-Windows-DriverFrameworks-UserMode,Microsoft-Windows-DriverFrameworks-UserMode/Operational,1780,1984,WIN-3M6ADARIMNH,0,S-1-5-19,,,,,,,,,,,False,C:\Users\user\repos\memory-forensics-tool\artifacts\file.None.0xfffffa8003652010.dat.evtx,Classic,0,"{""UserData"":{""UMDFHostShutdown"":{""@lifetime"":""0c06be96-6cf6-43a2-ab24-5e25d128fc86""}}}"
33,33,2025-02-07 11:23:51.9568232,2901,Info,Microsoft-Windows-DriverFrameworks-UserMode,Microsoft-Windows-DriverFrameworks-UserMode/Operational,1780,1432,WIN-3M6ADARIMNH,0,S-1-5-19,,,,,,,,,,,False,C:\Users\user\repos\memory-forensics-tool\artifacts\file.None.0xfffffa8003652010.dat.evtx,Classic,0,"{""UserData"":{""UMDFHostShutdown"":{""@lifetime"":""0c06be96-6cf6-43a2-ab24-5e25d128fc86""}}}"
34,34,2025-02-07 11:23:51.9568232,1008,Info,Microsoft-Windows-DriverFrameworks-UserMode,Microsoft-Windows-DriverFrameworks-UserMode/Operational,768,1044,WIN-3M6ADARIMNH,0,S-1-5-18,,,,,,,,,,,False,C:\Users\user\repos\memory-forensics-tool\artifacts\file.None.0xfffffa8003652010.dat.evtx,Classic,0,"{""UserData"":{""UMDFDriverManagerHostShutdown"":{""@lifetime"":""0c06be96-6cf6-43a2-ab24-5e25d128fc86"",""TerminateStatus"":""0"",""ExitCode"":""0""}}}"
35,35,2025-02-07 11:49:52.2828154,1000,Info,Microsoft-Windows-DriverFrameworks-UserMode,Microsoft-Windows-DriverFrameworks-UserMode/Operational,804,288,WIN-3M6ADARIMNH,0,S-1-5-18,,,,,,,,,,,False,C:\Users\user\repos\memory-forensics-tool\artifacts\file.None.0xfffffa8003652010.dat.evtx,Classic,0,"{""UserData"":{""UMDFDriverManagerStart"":{""Version"":""6.1.7601.17514. (win7sp1_rtm.101119-1850)""}}}"
36,36,2025-02-07 11:51:10.9348201,1000,Info,Microsoft-Windows-DriverFrameworks-UserMode,Microsoft-Windows-DriverFrameworks-UserMode/Operational,828,332,WIN-3M6ADARIMNH,0,S-1-5-18,,,,,,,,,,,False,C:\Users\user\repos\memory-forensics-tool\artifacts\file.None.0xfffffa8003652010.dat.evtx,Classic,0,"{""UserData"":{""UMDFDriverManagerStart"":{""Version"":""6.1.7601.17514. (win7sp1_rtm.101119-1850)""}}}"
37,37,2025-02-07 11:57:13.9800219,1000,Info,Microsoft-Windows-DriverFrameworks-UserMode,Microsoft-Windows-DriverFrameworks-UserMode/Operational,820,1020,WIN-3M6ADARIMNH,0,S-1-5-18,,,,,,,,,,,False,C:\Users\user\repos\memory-forensics-tool\artifacts\file.None.0xfffffa8003652010.dat.evtx,Classic,0,"{""UserData"":{""UMDFDriverManagerStart"":{""Version"":""6.1.7601.17514. (win7sp1_rtm.101119-1850)""}}}"
38,38,2025-02-07 12:13:56.0504132,1000,Info,Microsoft-Windows-DriverFrameworks-UserMode,Microsoft-Windows-DriverFrameworks-UserMode/Operational,792,276,WIN-3M6ADARIMNH,0,S-1-5-18,,,,,,,,,,,False,C:\Users\user\repos\memory-forensics-tool\artifacts\file.None.0xfffffa8003652010.dat.evtx,Classic,0,"{""UserData"":{""UMDFDriverManagerStart"":{""Version"":""6.1.7601.17514. (win7sp1_rtm.101119-1850)""}}}"
1,1,2025-01-15 06:19:14.9497923,1006,Info,Microsoft-Windows-DHCPv6-Client,Microsoft-Windows-Dhcpv6-Client/Admin,792,804,37L4247F27-25,0,S-1-5-19,,,,,,,,,,,False,C:\Users\user\repos\memory-forensics-tool\artifacts\file.None.0xfffffa8003680610.dat.evtx,Classic,0,"{""EventData"":{""Data"":[{""@Name"":""InterfaceId"",""#text"":""14""},{""@Name"":""Flag1"",""#text"":""True""},{""@Name"":""Flag2"",""#text"":""True""}]}}"
2,2,2025-01-14 15:03:24.3696402,1006,Info,Microsoft-Windows-DHCPv6-Client,Microsoft-Windows-Dhcpv6-Client/Admin,660,1568,WIN-3M6ADARIMNH,0,S-1-5-19,,,,,,,,,,,False,C:\Users\user\repos\memory-forensics-tool\artifacts\file.None.0xfffffa8003680610.dat.evtx,Classic,0,"{""EventData"":{""Data"":[{""@Name"":""InterfaceId"",""#text"":""11""},{""@Name"":""Flag1"",""#text"":""True""},{""@Name"":""Flag2"",""#text"":""True""}]}}"
3,3,2025-02-07 11:22:19.9828360,1006,Info,Microsoft-Windows-DHCPv6-Client,Microsoft-Windows-Dhcpv6-Client/Admin,660,692,WIN-3M6ADARIMNH,0,S-1-5-19,,,,,,,,,,,False,C:\Users\user\repos\memory-forensics-tool\artifacts\file.None.0xfffffa8003680610.dat.evtx,Classic,0,"{""EventData"":{""Data"":[{""@Name"":""InterfaceId"",""#text"":""11""},{""@Name"":""Flag1"",""#text"":""True""},{""@Name"":""Flag2"",""#text"":""True""}]}}"
4,4,2025-02-07 11:50:03.2808347,1006,Info,Microsoft-Windows-DHCPv6-Client,Microsoft-Windows-Dhcpv6-Client/Admin,696,736,WIN-3M6ADARIMNH,0,S-1-5-19,,,,,,,,,,,False,C:\Users\user\repos\memory-forensics-tool\artifacts\file.None.0xfffffa8003680610.dat.evtx,Classic,0,"{""EventData"":{""Data"":[{""@Name"":""InterfaceId"",""#text"":""11""},{""@Name"":""Flag1"",""#text"":""True""},{""@Name"":""Flag2"",""#text"":""True""}]}}"
5,5,2025-02-07 11:51:19.0926363,1006,Info,Microsoft-Windows-DHCPv6-Client,Microsoft-Windows-Dhcpv6-Client/Admin,724,1960,WIN-3M6ADARIMNH,0,S-1-5-19,,,,,,,,,,,False,C:\Users\user\repos\memory-forensics-tool\artifacts\file.None.0xfffffa8003680610.dat.evtx,Classic,0,"{""EventData"":{""Data"":[{""@Name"":""InterfaceId"",""#text"":""11""},{""@Name"":""Flag1"",""#text"":""True""},{""@Name"":""Flag2"",""#text"":""True""}]}}"
6,6,2025-02-07 11:57:24.8705509,1006,Info,Microsoft-Windows-DHCPv6-Client,Microsoft-Windows-Dhcpv6-Client/Admin,744,1864,WIN-3M6ADARIMNH,0,S-1-5-19,,,,,,,,,,,False,C:\Users\user\repos\memory-forensics-tool\artifacts\file.None.0xfffffa8003680610.dat.evtx,Classic,0,"{""EventData"":{""Data"":[{""@Name"":""InterfaceId"",""#text"":""11""},{""@Name"":""Flag1"",""#text"":""True""},{""@Name"":""Flag2"",""#text"":""True""}]}}"
7,7,2025-02-07 12:14:07.8588364,1006,Info,Microsoft-Windows-DHCPv6-Client,Microsoft-Windows-Dhcpv6-Client/Admin,704,1120,WIN-3M6ADARIMNH,0,S-1-5-19,,,,,,,,,,,False,C:\Users\user\repos\memory-forensics-tool\artifacts\file.None.0xfffffa8003680610.dat.evtx,Classic,0,"{""EventData"":{""Data"":[{""@Name"":""InterfaceId"",""#text"":""11""},{""@Name"":""Flag1"",""#text"":""True""},{""@Name"":""Flag2"",""#text"":""True""}]}}"
1,1,2025-02-07 11:40:36.1993259,102,Info,Microsoft-Windows-Application-Experience,Microsoft-Windows-Application-Experience/Program-Compatibility-Assistant,2960,2932,WIN-3M6ADARIMNH,0,S-1-5-21-1074993871-1730380631-692495208-1000,,,,,,,,,,,False,C:\Users\user\repos\memory-forensics-tool\artifacts\file.None.0xfffffa80038064b0.dat.evtx,0x2000000000000000,0,"{""UserData"":{""HelpedUserWithUnsignedDriverEvent"":{""DriverName"":""VMware Pointing USB Device Driver"",""ServiceName"":""VMware USB Pointing Device"",""PublisherName"":""VMware, Inc."",""DriverPath"":""C:\\Windows\\System32\\drivers\\vmusbmouse.sys"",""DriverVersion"":""12.5.12.0""}}}"
1,1,2025-02-07 12:12:45.3929732,1155,Info,Microsoft-Windows-TerminalServices-RemoteConnectionManager,Microsoft-Windows-TerminalServices-RemoteConnectionManager/Operational,200,1864,WIN-3M6ADARIMNH,0,S-1-5-20,,,,,,,,,,,False,C:\Users\user\repos\memory-forensics-tool\artifacts\file.None.0xfffffa800382aa10.dat.evtx,0x1000000000000000,0,"{""EventData"":""""}"
2,2,2025-02-07 12:12:45.8141739,258,Info,Microsoft-Windows-TerminalServices-RemoteConnectionManager,Microsoft-Windows-TerminalServices-RemoteConnectionManager/Operational,200,1864,WIN-3M6ADARIMNH,0,S-1-5-20,,,,,,,,,,,False,C:\Users\user\repos\memory-forensics-tool\artifacts\file.None.0xfffffa800382aa10.dat.evtx,0x1000000000000000,0,"{""UserData"":{""EventXML"":{""listenerName"":""RDP-Tcp""}}}"
3,3,2025-02-07 12:12:45.8453740,1136,Info,Microsoft-Windows-TerminalServices-RemoteConnectionManager,Microsoft-Windows-TerminalServices-RemoteConnectionManager/Operational,848,2064,WIN-3M6ADARIMNH,0,S-1-5-18,,,,,,,,,,,False,C:\Users\user\repos\memory-forensics-tool\artifacts\file.None.0xfffffa800382aa10.dat.evtx,0x1000000000000000,0,"{""EventData"":""""}"
4,4,2025-02-07 12:13:56.6588143,1155,Info,Microsoft-Windows-TerminalServices-RemoteConnectionManager,Microsoft-Windows-TerminalServices-RemoteConnectionManager/Operational,340,364,WIN-3M6ADARIMNH,0,S-1-5-20,,,,,,,,,,,False,C:\Users\user\repos\memory-forensics-tool\artifacts\file.None.0xfffffa800382aa10.dat.evtx,0x1000000000000000,0,"{""EventData"":""""}"
5,5,2025-02-07 12:13:56.8928147,258,Info,Microsoft-Windows-TerminalServices-RemoteConnectionManager,Microsoft-Windows-TerminalServices-RemoteConnectionManager/Operational,340,364,WIN-3M6ADARIMNH,0,S-1-5-20,,,,,,,,,,,False,C:\Users\user\repos\memory-forensics-tool\artifacts\file.None.0xfffffa800382aa10.dat.evtx,0x1000000000000000,0,"{""UserData"":{""EventXML"":{""listenerName"":""RDP-Tcp""}}}"
6,6,2025-02-07 12:13:56.9240148,1136,Info,Microsoft-Windows-TerminalServices-RemoteConnectionManager,Microsoft-Windows-TerminalServices-RemoteConnectionManager/Operational,876,1612,WIN-3M6ADARIMNH,0,S-1-5-18,,,,,,,,,,,False,C:\Users\user\repos\memory-forensics-tool\artifacts\file.None.0xfffffa800382aa10.dat.evtx,0x1000000000000000,0,"{""EventData"":""""}"
7,7,2025-02-07 12:15:14.5681533,261,Info,Microsoft-Windows-TerminalServices-RemoteConnectionManager,Microsoft-Windows-TerminalServices-RemoteConnectionManager/Operational,340,1604,WIN-3M6ADARIMNH,0,S-1-5-20,RDP Listener received a connection,,,RDP-Tcp,,,,,,,False,C:\Users\user\repos\memory-forensics-tool\artifacts\file.None.0xfffffa800382aa10.dat.evtx,0x1000000000000000,0,"{""UserData"":{""EventXML"":{""listenerName"":""RDP-Tcp""}}}"
8,8,2025-02-07 12:15:16.5805568,261,Info,Microsoft-Windows-TerminalServices-RemoteConnectionManager,Microsoft-Windows-TerminalServices-RemoteConnectionManager/Operational,340,1604,WIN-3M6ADARIMNH,0,S-1-5-20,RDP Listener received a connection,,,RDP-Tcp,,,,,,,False,C:\Users\user\repos\memory-forensics-tool\artifacts\file.None.0xfffffa800382aa10.dat.evtx,0x1000000000000000,0,"{""UserData"":{""EventXML"":{""listenerName"":""RDP-Tcp""}}}"
9,9,2025-02-07 12:15:27.5941762,261,Info,Microsoft-Windows-TerminalServices-RemoteConnectionManager,Microsoft-Windows-TerminalServices-RemoteConnectionManager/Operational,340,1604,WIN-3M6ADARIMNH,0,S-1-5-20,RDP Listener received a connection,,,RDP-Tcp,,,,,,,False,C:\Users\user\repos\memory-forensics-tool\artifacts\file.None.0xfffffa800382aa10.dat.evtx,0x1000000000000000,0,"{""UserData"":{""EventXML"":{""listenerName"":""RDP-Tcp""}}}"
10,10,2025-02-07 12:15:27.5941762,261,Info,Microsoft-Windows-TerminalServices-RemoteConnectionManager,Microsoft-Windows-TerminalServices-RemoteConnectionManager/Operational,340,1604,WIN-3M6ADARIMNH,0,S-1-5-20,RDP Listener received a connection,,,RDP-Tcp,,,,,,,False,C:\Users\user\repos\memory-forensics-tool\artifacts\file.None.0xfffffa800382aa10.dat.evtx,0x1000000000000000,0,"{""UserData"":{""EventXML"":{""listenerName"":""RDP-Tcp""}}}"
11,11,2025-02-07 12:15:38.6077955,261,Info,Microsoft-Windows-TerminalServices-RemoteConnectionManager,Microsoft-Windows-TerminalServices-RemoteConnectionManager/Operational,340,1604,WIN-3M6ADARIMNH,0,S-1-5-20,RDP Listener received a connection,,,RDP-Tcp,,,,,,,False,C:\Users\user\repos\memory-forensics-tool\artifacts\file.None.0xfffffa800382aa10.dat.evtx,0x1000000000000000,0,"{""UserData"":{""EventXML"":{""listenerName"":""RDP-Tcp""}}}"
12,12,2025-02-07 12:15:43.6154043,261,Info,Microsoft-Windows-TerminalServices-RemoteConnectionManager,Microsoft-Windows-TerminalServices-RemoteConnectionManager/Operational,340,1604,WIN-3M6ADARIMNH,0,S-1-5-20,RDP Listener received a connection,,,RDP-Tcp,,,,,,,False,C:\Users\user\repos\memory-forensics-tool\artifacts\file.None.0xfffffa800382aa10.dat.evtx,0x1000000000000000,0,"{""UserData"":{""EventXML"":{""listenerName"":""RDP-Tcp""}}}"
13,13,2025-02-07 12:15:48.6230131,261,Info,Microsoft-Windows-TerminalServices-RemoteConnectionManager,Microsoft-Windows-TerminalServices-RemoteConnectionManager/Operational,340,1604,WIN-3M6ADARIMNH,0,S-1-5-20,RDP Listener received a connection,,,RDP-Tcp,,,,,,,False,C:\Users\user\repos\memory-forensics-tool\artifacts\file.None.0xfffffa800382aa10.dat.evtx,0x1000000000000000,0,"{""UserData"":{""EventXML"":{""listenerName"":""RDP-Tcp""}}}"
14,14,2025-02-07 12:15:53.6306219,261,Info,Microsoft-Windows-TerminalServices-RemoteConnectionManager,Microsoft-Windows-TerminalServices-RemoteConnectionManager/Operational,340,1604,WIN-3M6ADARIMNH,0,S-1-5-20,RDP Listener received a connection,,,RDP-Tcp,,,,,,,False,C:\Users\user\repos\memory-forensics-tool\artifacts\file.None.0xfffffa800382aa10.dat.evtx,0x1000000000000000,0,"{""UserData"":{""EventXML"":{""listenerName"":""RDP-Tcp""}}}"
15,15,2025-02-07 12:15:53.6306219,261,Info,Microsoft-Windows-TerminalServices-RemoteConnectionManager,Microsoft-Windows-TerminalServices-RemoteConnectionManager/Operational,340,1604,WIN-3M6ADARIMNH,0,S-1-5-20,RDP Listener received a connection,,,RDP-Tcp,,,,,,,False,C:\Users\user\repos\memory-forensics-tool\artifacts\file.None.0xfffffa800382aa10.dat.evtx,0x1000000000000000,0,"{""UserData"":{""EventXML"":{""listenerName"":""RDP-Tcp""}}}"
16,16,2025-02-07 12:15:53.6306219,261,Info,Microsoft-Windows-TerminalServices-RemoteConnectionManager,Microsoft-Windows-TerminalServices-RemoteConnectionManager/Operational,340,1604,WIN-3M6ADARIMNH,0,S-1-5-20,RDP Listener received a connection,,,RDP-Tcp,,,,,,,False,C:\Users\user\repos\memory-forensics-tool\artifacts\file.None.0xfffffa800382aa10.dat.evtx,0x1000000000000000,0,"{""UserData"":{""EventXML"":{""listenerName"":""RDP-Tcp""}}}"
17,17,2025-02-07 12:15:53.6462219,261,Info,Microsoft-Windows-TerminalServices-RemoteConnectionManager,Microsoft-Windows-TerminalServices-RemoteConnectionManager/Operational,340,1604,WIN-3M6ADARIMNH,0,S-1-5-20,RDP Listener received a connection,,,RDP-Tcp,,,,,,,False,C:\Users\user\repos\memory-forensics-tool\artifacts\file.None.0xfffffa800382aa10.dat.evtx,0x1000000000000000,0,"{""UserData"":{""EventXML"":{""listenerName"":""RDP-Tcp""}}}"
18,18,2025-02-07 12:16:01.1498351,261,Info,Microsoft-Windows-TerminalServices-RemoteConnectionManager,Microsoft-Windows-TerminalServices-RemoteConnectionManager/Operational,340,1604,WIN-3M6ADARIMNH,0,S-1-5-20,RDP Listener received a connection,,,RDP-Tcp,,,,,,,False,C:\Users\user\repos\memory-forensics-tool\artifacts\file.None.0xfffffa800382aa10.dat.evtx,0x1000000000000000,0,"{""UserData"":{""EventXML"":{""listenerName"":""RDP-Tcp""}}}"
19,19,2025-02-07 12:16:01.1498351,261,Info,Microsoft-Windows-TerminalServices-RemoteConnectionManager,Microsoft-Windows-TerminalServices-RemoteConnectionManager/Operational,340,1604,WIN-3M6ADARIMNH,0,S-1-5-20,RDP Listener received a connection,,,RDP-Tcp,,,,,,,False,C:\Users\user\repos\memory-forensics-tool\artifacts\file.None.0xfffffa800382aa10.dat.evtx,0x1000000000000000,0,"{""UserData"":{""EventXML"":{""listenerName"":""RDP-Tcp""}}}"
20,20,2025-02-07 12:16:01.1498351,261,Info,Microsoft-Windows-TerminalServices-RemoteConnectionManager,Microsoft-Windows-TerminalServices-RemoteConnectionManager/Operational,340,1604,WIN-3M6ADARIMNH,0,S-1-5-20,RDP Listener received a connection,,,RDP-Tcp,,,,,,,False,C:\Users\user\repos\memory-forensics-tool\artifacts\file.None.0xfffffa800382aa10.dat.evtx,0x1000000000000000,0,"{""UserData"":{""EventXML"":{""listenerName"":""RDP-Tcp""}}}"
21,21,2025-02-07 12:16:01.1654351,261,Info,Microsoft-Windows-TerminalServices-RemoteConnectionManager,Microsoft-Windows-TerminalServices-RemoteConnectionManager/Operational,340,1604,WIN-3M6ADARIMNH,0,S-1-5-20,RDP Listener received a connection,,,RDP-Tcp,,,,,,,False,C:\Users\user\repos\memory-forensics-tool\artifacts\file.None.0xfffffa800382aa10.dat.evtx,0x1000000000000000,0,"{""UserData"":{""EventXML"":{""listenerName"":""RDP-Tcp""}}}"
22,22,2025-02-07 12:16:01.1654351,261,Info,Microsoft-Windows-TerminalServices-RemoteConnectionManager,Microsoft-Windows-TerminalServices-RemoteConnectionManager/Operational,340,1604,WIN-3M6ADARIMNH,0,S-1-5-20,RDP Listener received a connection,,,RDP-Tcp,,,,,,,False,C:\Users\user\repos\memory-forensics-tool\artifacts\file.None.0xfffffa800382aa10.dat.evtx,0x1000000000000000,0,"{""UserData"":{""EventXML"":{""listenerName"":""RDP-Tcp""}}}"
23,23,2025-02-07 12:16:01.1654351,261,Info,Microsoft-Windows-TerminalServices-RemoteConnectionManager,Microsoft-Windows-TerminalServices-RemoteConnectionManager/Operational,340,1604,WIN-3M6ADARIMNH,0,S-1-5-20,RDP Listener received a connection,,,RDP-Tcp,,,,,,,False,C:\Users\user\repos\memory-forensics-tool\artifacts\file.None.0xfffffa800382aa10.dat.evtx,0x1000000000000000,0,"{""UserData"":{""EventXML"":{""listenerName"":""RDP-Tcp""}}}"
24,24,2025-02-07 12:16:01.1810352,261,Info,Microsoft-Windows-TerminalServices-RemoteConnectionManager,Microsoft-Windows-TerminalServices-RemoteConnectionManager/Operational,340,1604,WIN-3M6ADARIMNH,0,S-1-5-20,RDP Listener received a connection,,,RDP-Tcp,,,,,,,False,C:\Users\user\repos\memory-forensics-tool\artifacts\file.None.0xfffffa800382aa10.dat.evtx,0x1000000000000000,0,"{""UserData"":{""EventXML"":{""listenerName"":""RDP-Tcp""}}}"
25,25,2025-02-07 12:16:48.1995178,261,Info,Microsoft-Windows-TerminalServices-RemoteConnectionManager,Microsoft-Windows-TerminalServices-RemoteConnectionManager/Operational,340,1604,WIN-3M6ADARIMNH,0,S-1-5-20,RDP Listener received a connection,,,RDP-Tcp,,,,,,,False,C:\Users\user\repos\memory-forensics-tool\artifacts\file.None.0xfffffa800382aa10.dat.evtx,0x1000000000000000,0,"{""UserData"":{""EventXML"":{""listenerName"":""RDP-Tcp""}}}"
26,26,2025-02-07 12:16:50.0247210,261,Info,Microsoft-Windows-TerminalServices-RemoteConnectionManager,Microsoft-Windows-TerminalServices-RemoteConnectionManager/Operational,340,1604,WIN-3M6ADARIMNH,0,S-1-5-20,RDP Listener received a connection,,,RDP-Tcp,,,,,,,False,C:\Users\user\repos\memory-forensics-tool\artifacts\file.None.0xfffffa800382aa10.dat.evtx,0x1000000000000000,0,"{""UserData"":{""EventXML"":{""listenerName"":""RDP-Tcp""}}}"
27,27,2025-02-07 12:17:01.0383403,261,Info,Microsoft-Windows-TerminalServices-RemoteConnectionManager,Microsoft-Windows-TerminalServices-RemoteConnectionManager/Operational,340,1604,WIN-3M6ADARIMNH,0,S-1-5-20,RDP Listener received a connection,,,RDP-Tcp,,,,,,,False,C:\Users\user\repos\memory-forensics-tool\artifacts\file.None.0xfffffa800382aa10.dat.evtx,0x1000000000000000,0,"{""UserData"":{""EventXML"":{""listenerName"":""RDP-Tcp""}}}"
28,28,2025-02-07 12:17:01.0383403,261,Info,Microsoft-Windows-TerminalServices-RemoteConnectionManager,Microsoft-Windows-TerminalServices-RemoteConnectionManager/Operational,340,1604,WIN-3M6ADARIMNH,0,S-1-5-20,RDP Listener received a connection,,,RDP-Tcp,,,,,,,False,C:\Users\user\repos\memory-forensics-tool\artifacts\file.None.0xfffffa800382aa10.dat.evtx,0x1000000000000000,0,"{""UserData"":{""EventXML"":{""listenerName"":""RDP-Tcp""}}}"
29,29,2025-02-07 12:17:12.0519597,261,Info,Microsoft-Windows-TerminalServices-RemoteConnectionManager,Microsoft-Windows-TerminalServices-RemoteConnectionManager/Operational,340,1604,WIN-3M6ADARIMNH,0,S-1-5-20,RDP Listener received a connection,,,RDP-Tcp,,,,,,,False,C:\Users\user\repos\memory-forensics-tool\artifacts\file.None.0xfffffa800382aa10.dat.evtx,0x1000000000000000,0,"{""UserData"":{""EventXML"":{""listenerName"":""RDP-Tcp""}}}"
30,30,2025-02-07 12:17:17.0595685,261,Info,Microsoft-Windows-TerminalServices-RemoteConnectionManager,Microsoft-Windows-TerminalServices-RemoteConnectionManager/Operational,340,1604,WIN-3M6ADARIMNH,0,S-1-5-20,RDP Listener received a connection,,,RDP-Tcp,,,,,,,False,C:\Users\user\repos\memory-forensics-tool\artifacts\file.None.0xfffffa800382aa10.dat.evtx,0x1000000000000000,0,"{""UserData"":{""EventXML"":{""listenerName"":""RDP-Tcp""}}}"
31,31,2025-02-07 12:17:22.0671772,261,Info,Microsoft-Windows-TerminalServices-RemoteConnectionManager,Microsoft-Windows-TerminalServices-RemoteConnectionManager/Operational,340,1604,WIN-3M6ADARIMNH,0,S-1-5-20,RDP Listener received a connection,,,RDP-Tcp,,,,,,,False,C:\Users\user\repos\memory-forensics-tool\artifacts\file.None.0xfffffa800382aa10.dat.evtx,0x1000000000000000,0,"{""UserData"":{""EventXML"":{""listenerName"":""RDP-Tcp""}}}"
32,32,2025-02-07 12:17:27.0747860,261,Info,Microsoft-Windows-TerminalServices-RemoteConnectionManager,Microsoft-Windows-TerminalServices-RemoteConnectionManager/Operational,340,1604,WIN-3M6ADARIMNH,0,S-1-5-20,RDP Listener received a connection,,,RDP-Tcp,,,,,,,False,C:\Users\user\repos\memory-forensics-tool\artifacts\file.None.0xfffffa800382aa10.dat.evtx,0x1000000000000000,0,"{""UserData"":{""EventXML"":{""listenerName"":""RDP-Tcp""}}}"
33,33,2025-02-07 12:17:27.0747860,261,Info,Microsoft-Windows-TerminalServices-RemoteConnectionManager,Microsoft-Windows-TerminalServices-RemoteConnectionManager/Operational,340,1604,WIN-3M6ADARIMNH,0,S-1-5-20,RDP Listener received a connection,,,RDP-Tcp,,,,,,,False,C:\Users\user\repos\memory-forensics-tool\artifacts\file.None.0xfffffa800382aa10.dat.evtx,0x1000000000000000,0,"{""UserData"":{""EventXML"":{""listenerName"":""RDP-Tcp""}}}"
34,34,2025-02-07 12:17:27.0903861,261,Info,Microsoft-Windows-TerminalServices-RemoteConnectionManager,Microsoft-Windows-TerminalServices-RemoteConnectionManager/Operational,340,1604,WIN-3M6ADARIMNH,0,S-1-5-20,RDP Listener received a connection,,,RDP-Tcp,,,,,,,False,C:\Users\user\repos\memory-forensics-tool\artifacts\file.None.0xfffffa800382aa10.dat.evtx,0x1000000000000000,0,"{""UserData"":{""EventXML"":{""listenerName"":""RDP-Tcp""}}}"
35,35,2025-02-07 12:17:27.0903861,261,Info,Microsoft-Windows-TerminalServices-RemoteConnectionManager,Microsoft-Windows-TerminalServices-RemoteConnectionManager/Operational,340,1604,WIN-3M6ADARIMNH,0,S-1-5-20,RDP Listener received a connection,,,RDP-Tcp,,,,,,,False,C:\Users\user\repos\memory-forensics-tool\artifacts\file.None.0xfffffa800382aa10.dat.evtx,0x1000000000000000,0,"{""UserData"":{""EventXML"":{""listenerName"":""RDP-Tcp""}}}"
36,36,2025-02-07 12:17:34.5939992,261,Info,Microsoft-Windows-TerminalServices-RemoteConnectionManager,Microsoft-Windows-TerminalServices-RemoteConnectionManager/Operational,340,1604,WIN-3M6ADARIMNH,0,S-1-5-20,RDP Listener received a connection,,,RDP-Tcp,,,,,,,False,C:\Users\user\repos\memory-forensics-tool\artifacts\file.None.0xfffffa800382aa10.dat.evtx,0x1000000000000000,0,"{""UserData"":{""EventXML"":{""listenerName"":""RDP-Tcp""}}}"
37,37,2025-02-07 12:17:34.5939992,261,Info,Microsoft-Windows-TerminalServices-RemoteConnectionManager,Microsoft-Windows-TerminalServices-RemoteConnectionManager/Operational,340,1604,WIN-3M6ADARIMNH,0,S-1-5-20,RDP Listener received a connection,,,RDP-Tcp,,,,,,,False,C:\Users\user\repos\memory-forensics-tool\artifacts\file.None.0xfffffa800382aa10.dat.evtx,0x1000000000000000,0,"{""UserData"":{""EventXML"":{""listenerName"":""RDP-Tcp""}}}"
38,38,2025-02-07 12:17:34.6095993,261,Info,Microsoft-Windows-TerminalServices-RemoteConnectionManager,Microsoft-Windows-TerminalServices-RemoteConnectionManager/Operational,340,1604,WIN-3M6ADARIMNH,0,S-1-5-20,RDP Listener received a connection,,,RDP-Tcp,,,,,,,False,C:\Users\user\repos\memory-forensics-tool\artifacts\file.None.0xfffffa800382aa10.dat.evtx,0x1000000000000000,0,"{""UserData"":{""EventXML"":{""listenerName"":""RDP-Tcp""}}}"
39,39,2025-02-07 12:17:34.6095993,261,Info,Microsoft-Windows-TerminalServices-RemoteConnectionManager,Microsoft-Windows-TerminalServices-RemoteConnectionManager/Operational,340,1604,WIN-3M6ADARIMNH,0,S-1-5-20,RDP Listener received a connection,,,RDP-Tcp,,,,,,,False,C:\Users\user\repos\memory-forensics-tool\artifacts\file.None.0xfffffa800382aa10.dat.evtx,0x1000000000000000,0,"{""UserData"":{""EventXML"":{""listenerName"":""RDP-Tcp""}}}"
40,40,2025-02-07 12:17:34.6095993,261,Info,Microsoft-Windows-TerminalServices-RemoteConnectionManager,Microsoft-Windows-TerminalServices-RemoteConnectionManager/Operational,340,1604,WIN-3M6ADARIMNH,0,S-1-5-20,RDP Listener received a connection,,,RDP-Tcp,,,,,,,False,C:\Users\user\repos\memory-forensics-tool\artifacts\file.None.0xfffffa800382aa10.dat.evtx,0x1000000000000000,0,"{""UserData"":{""EventXML"":{""listenerName"":""RDP-Tcp""}}}"
41,41,2025-02-07 12:17:34.6251993,261,Info,Microsoft-Windows-TerminalServices-RemoteConnectionManager,Microsoft-Windows-TerminalServices-RemoteConnectionManager/Operational,340,1604,WIN-3M6ADARIMNH,0,S-1-5-20,RDP Listener received a connection,,,RDP-Tcp,,,,,,,False,C:\Users\user\repos\memory-forensics-tool\artifacts\file.None.0xfffffa800382aa10.dat.evtx,0x1000000000000000,0,"{""UserData"":{""EventXML"":{""listenerName"":""RDP-Tcp""}}}"
42,42,2025-02-07 12:17:34.6251993,261,Info,Microsoft-Windows-TerminalServices-RemoteConnectionManager,Microsoft-Windows-TerminalServices-RemoteConnectionManager/Operational,340,1604,WIN-3M6ADARIMNH,0,S-1-5-20,RDP Listener received a connection,,,RDP-Tcp,,,,,,,False,C:\Users\user\repos\memory-forensics-tool\artifacts\file.None.0xfffffa800382aa10.dat.evtx,0x1000000000000000,0,"{""UserData"":{""EventXML"":{""listenerName"":""RDP-Tcp""}}}"
43,43,2025-02-07 12:17:39.6328081,261,Info,Microsoft-Windows-TerminalServices-RemoteConnectionManager,Microsoft-Windows-TerminalServices-RemoteConnectionManager/Operational,340,1604,WIN-3M6ADARIMNH,0,S-1-5-20,RDP Listener received a connection,,,RDP-Tcp,,,,,,,False,C:\Users\user\repos\memory-forensics-tool\artifacts\file.None.0xfffffa800382aa10.dat.evtx,0x1000000000000000,0,"{""UserData"":{""EventXML"":{""listenerName"":""RDP-Tcp""}}}"
44,44,2025-02-07 12:17:44.6404169,261,Info,Microsoft-Windows-TerminalServices-RemoteConnectionManager,Microsoft-Windows-TerminalServices-RemoteConnectionManager/Operational,340,1604,WIN-3M6ADARIMNH,0,S-1-5-20,RDP Listener received a connection,,,RDP-Tcp,,,,,,,False,C:\Users\user\repos\memory-forensics-tool\artifacts\file.None.0xfffffa800382aa10.dat.evtx,0x1000000000000000,0,"{""UserData"":{""EventXML"":{""listenerName"":""RDP-Tcp""}}}"
45,45,2025-02-07 12:17:44.6404169,261,Info,Microsoft-Windows-TerminalServices-RemoteConnectionManager,Microsoft-Windows-TerminalServices-RemoteConnectionManager/Operational,340,1604,WIN-3M6ADARIMNH,0,S-1-5-20,RDP Listener received a connection,,,RDP-Tcp,,,,,,,False,C:\Users\user\repos\memory-forensics-tool\artifacts\file.None.0xfffffa800382aa10.dat.evtx,0x1000000000000000,0,"{""UserData"":{""EventXML"":{""listenerName"":""RDP-Tcp""}}}"
46,46,2025-02-07 12:17:44.6404169,261,Info,Microsoft-Windows-TerminalServices-RemoteConnectionManager,Microsoft-Windows-TerminalServices-RemoteConnectionManager/Operational,340,1604,WIN-3M6ADARIMNH,0,S-1-5-20,RDP Listener received a connection,,,RDP-Tcp,,,,,,,False,C:\Users\user\repos\memory-forensics-tool\artifacts\file.None.0xfffffa800382aa10.dat.evtx,0x1000000000000000,0,"{""UserData"":{""EventXML"":{""listenerName"":""RDP-Tcp""}}}"
47,47,2025-02-07 12:17:44.6560169,261,Info,Microsoft-Windows-TerminalServices-RemoteConnectionManager,Microsoft-Windows-TerminalServices-RemoteConnectionManager/Operational,340,1604,WIN-3M6ADARIMNH,0,S-1-5-20,RDP Listener received a connection,,,RDP-Tcp,,,,,,,False,C:\Users\user\repos\memory-forensics-tool\artifacts\file.None.0xfffffa800382aa10.dat.evtx,0x1000000000000000,0,"{""UserData"":{""EventXML"":{""listenerName"":""RDP-Tcp""}}}"
48,48,2025-02-07 12:17:49.6480257,261,Info,Microsoft-Windows-TerminalServices-RemoteConnectionManager,Microsoft-Windows-TerminalServices-RemoteConnectionManager/Operational,340,1604,WIN-3M6ADARIMNH,0,S-1-5-20,RDP Listener received a connection,,,RDP-Tcp,,,,,,,False,C:\Users\user\repos\memory-forensics-tool\artifacts\file.None.0xfffffa800382aa10.dat.evtx,0x1000000000000000,0,"{""UserData"":{""EventXML"":{""listenerName"":""RDP-Tcp""}}}"
