2025-02-07 11:31:30.336514900+00:00,Evtx,,8.0,1016.0,Info,Microsoft-Windows-ReadyBoost,Microsoft-Windows-ReadyBoost/Operational,768.0,2804.0,WIN-3M6ADARIMNH,S-1-5-18,,,,False,"{""EventData"":{""Data"":[{""@Name"":""BootPlanTimestamp"",""#text"":""2025-02-07 19:31:30.1805146""},{""@Name"":""ErrorCode"",""#text"":""0""},{""@Name"":""Duration (ms)"",""#text"":""156""},{""@Name"":""Reason"",""#text"":""1""}]}}",,,,,,,,,,
2025-02-07 11:32:26.683813900+00:00,Evtx,Service started or stopped,762.0,7036.0,Info,Service Control Manager,System,420.0,1788.0,WIN-3M6ADARIMNH,,,,,False,"{""EventData"":{""Data"":[{""@Name"":""param1"",""#text"":""Volume Shadow Copy""},{""@Name"":""param2"",""#text"":""stopped""}],""Binary"":""56-00-53-00-53-00-2F-00-31-00-00-00""}}",,,,,,,,,,
2025-02-07 11:33:06.791484300+00:00,Evtx,Service started or stopped,763.0,7036.0,Info,Service Control Manager,System,420.0,2172.0,WIN-3M6ADARIMNH,,,,,False,"{""EventData"":{""Data"":[{""@Name"":""param1"",""#text"":""Multimedia Class Scheduler""},{""@Name"":""param2"",""#text"":""stopped""}],""Binary"":""4D-00-4D-00-43-00-53-00-53-00-2F-00-31-00-00-00""}}",,,,,,,,,,
2025-02-07 11:35:26.692530100+00:00,Evtx,Service started or stopped,764.0,7036.0,Info,Service Control Manager,System,420.0,2664.0,WIN-3M6ADARIMNH,,,,,False,"{""EventData"":{""Data"":[{""@Name"":""param1"",""#text"":""Microsoft Software Shadow Copy Provider""},{""@Name"":""param2"",""#text"":""stopped""}],""Binary"":""73-00-77-00-70-00-72-00-76-00-2F-00-31-00-00-00""}}",,,,,,,,,,
2025-02-07 11:38:04.986008100+00:00,Evtx,Service started or stopped,765.0,7036.0,Info,Service Control Manager,System,420.0,2824.0,WIN-3M6ADARIMNH,,,,,False,"{""EventData"":{""Data"":[{""@Name"":""param1"",""#text"":""Multimedia Class Scheduler""},{""@Name"":""param2"",""#text"":""running""}],""Binary"":""4D-00-4D-00-43-00-53-00-53-00-2F-00-34-00-00-00""}}",,,,,,,,,,
2025-02-07 11:38:22.314852500+00:00,Evtx,Start type of a service has changed,766.0,7040.0,Info,Service Control Manager,System,420.0,2664.0,WIN-3M6ADARIMNH,S-1-5-18,,,TrustedInstaller,False,"{""EventData"":{""Data"":[{""@Name"":""param1"",""#text"":""Windows Modules Installer""},{""@Name"":""param2"",""#text"":""demand start""},{""@Name"":""param3"",""#text"":""auto start""},{""@Name"":""param4"",""#text"":""TrustedInstaller""}]}}",,,,,,,,,,
2025-02-07 11:38:32.922871200+00:00,Evtx,,17.0,10002.0,Info,Microsoft-Windows-NetworkProfile,Microsoft-Windows-NetworkProfile/Operational,924.0,1744.0,WIN-3M6ADARIMNH,S-1-5-19,,,,False,"{""EventData"":{""Data"":[{""@Name"":""Name"",""#text"":""Network  2""},{""@Name"":""Description"",""#text"":""Network""},{""@Name"":""Guid"",""#text"":""d9924b3a-c80c-4681-b155-8760addc5445""},{""@Name"":""Type"",""#text"":""0""},{""@Name"":""State"",""#text"":""25""},{""@Name"":""Category"",""#text"":""1""}]}}",,,,,,,,,,
2025-02-07 11:38:33+00:00,Evtx,,767.0,14204.0,Info,Microsoft-Windows-WMPNSS-Service,System,0.0,0.0,WIN-3M6ADARIMNH,,,,,False,"{""EventData"":{""Data"":{""@Name"":""ServiceName"",""#text"":""WMPNetworkSvc""}}}",,,,,,,,,,
2025-02-07 11:38:33.172471600+00:00,Evtx,Service started or stopped,768.0,7036.0,Info,Service Control Manager,System,420.0,2488.0,WIN-3M6ADARIMNH,,,,,False,"{""EventData"":{""Data"":[{""@Name"":""param1"",""#text"":""Function Discovery Resource Publication""},{""@Name"":""param2"",""#text"":""running""}],""Binary"":""46-00-44-00-52-00-65-00-73-00-50-00-75-00-62-00-2F-00-34-00-00-00""}}",,,,,,,,,,
2025-02-07 11:38:33.203671700+00:00,Evtx,Service started or stopped,769.0,7036.0,Info,Service Control Manager,System,420.0,2488.0,WIN-3M6ADARIMNH,,,,,False,"{""EventData"":{""Data"":[{""@Name"":""param1"",""#text"":""HomeGroup Provider""},{""@Name"":""param2"",""#text"":""running""}],""Binary"":""48-00-6F-00-6D-00-65-00-47-00-72-00-6F-00-75-00-70-00-50-00-72-00-6F-00-76-00-69-00-64-00-65-00-72-00-2F-00-34-00-00-00""}}",,,,,,,,,,
2025-02-07 11:38:33.219271700+00:00,Evtx,,1.0,5013.0,Info,Microsoft-Windows-HomeGroup-ProviderService,Microsoft-Windows-HomeGroup Provider Service/Operational,660.0,2988.0,WIN-3M6ADARIMNH,S-1-5-19,,,,False,"{""EventData"":{""Data"":[{""@Name"":""OldStatus"",""#text"":""0""},{""@Name"":""NewStatus"",""#text"":""2""}]}}",,,,,,,,,,
2025-02-07 11:38:33.219271700+00:00,Evtx,,2.0,5013.0,Info,Microsoft-Windows-HomeGroup-ProviderService,Microsoft-Windows-HomeGroup Provider Service/Operational,660.0,2988.0,WIN-3M6ADARIMNH,S-1-5-19,,,,False,"{""EventData"":{""Data"":[{""@Name"":""OldStatus"",""#text"":""2""},{""@Name"":""NewStatus"",""#text"":""4""}]}}",,,,,,,,,,
2025-02-07 11:38:33.234871700+00:00,Evtx,Service started or stopped,770.0,7036.0,Info,Service Control Manager,System,420.0,2664.0,WIN-3M6ADARIMNH,,,,,False,"{""EventData"":{""Data"":[{""@Name"":""param1"",""#text"":""Windows Media Player Network Sharing Service""},{""@Name"":""param2"",""#text"":""running""}],""Binary"":""57-00-4D-00-50-00-4E-00-65-00-74-00-77-00-6F-00-72-00-6B-00-53-00-76-00-63-00-2F-00-34-00-00-00""}}",,,,,,,,,,
2025-02-07 11:38:44.825692100+00:00,Evtx,Successful logon,214.0,4624.0,LogAlways,Microsoft-Windows-Security-Auditing,Security,428.0,500.0,WIN-3M6ADARIMNH,,WORKGROUP\WIN-3M6ADARIMNH$, (-),C:\Windows\System32\services.exe,False,"{""EventData"":{""Data"":[{""@Name"":""SubjectUserSid"",""#text"":""S-1-5-18""},{""@Name"":""SubjectUserName"",""#text"":""WIN-3M6ADARIMNH$""},{""@Name"":""SubjectDomainName"",""#text"":""WORKGROUP""},{""@Name"":""SubjectLogonId"",""#text"":""0x3E7""},{""@Name"":""TargetUserSid"",""#text"":""S-1-5-18""},{""@Name"":""TargetUserName"",""#text"":""SYSTEM""},{""@Name"":""TargetDomainName"",""#text"":""NT AUTHORITY""},{""@Name"":""TargetLogonId"",""#text"":""0x3E7""},{""@Name"":""LogonType"",""#text"":""5""},{""@Name"":""LogonProcessName"",""#text"":""Advapi  ""},{""@Name"":""AuthenticationPackageName"",""#text"":""Negotiate""},{""@Name"":""WorkstationName""},{""@Name"":""LogonGuid"",""#text"":""00000000-0000-0000-0000-000000000000""},{""@Name"":""TransmittedServices"",""#text"":""-""},{""@Name"":""LmPackageName"",""#text"":""-""},{""@Name"":""KeyLength"",""#text"":""0""},{""@Name"":""ProcessId"",""#text"":""0x1A4""},{""@Name"":""ProcessName"",""#text"":""C:\\Windows\\System32\\services.exe""},{""@Name"":""IpAddress"",""#text"":""-""},{""@Name"":""IpPort"",""#text"":""-""}]}}",,,,,,,,,,
2025-02-07 11:38:44.825692100+00:00,Evtx,Administrative logon,215.0,4672.0,LogAlways,Microsoft-Windows-Security-Auditing,Security,428.0,500.0,WIN-3M6ADARIMNH,,NT AUTHORITY\SYSTEM (S-1-5-18),,,False,"{""EventData"":{""Data"":[{""@Name"":""SubjectUserSid"",""#text"":""S-1-5-18""},{""@Name"":""SubjectUserName"",""#text"":""SYSTEM""},{""@Name"":""SubjectDomainName"",""#text"":""NT AUTHORITY""},{""@Name"":""SubjectLogonId"",""#text"":""0x3E7""},{""@Name"":""PrivilegeList"",""#text"":""SeAssignPrimaryTokenPrivilege, SeTcbPrivilege, SeSecurityPrivilege, SeTakeOwnershipPrivilege, SeLoadDriverPrivilege, SeBackupPrivilege, SeRestorePrivilege, SeDebugPrivilege, SeAuditPrivilege, SeSystemEnvironmentPrivilege, SeImpersonatePrivilege""}]}}",,,,,,,,,,
2025-02-07 11:38:44.841292100+00:00,Evtx,Service started or stopped,771.0,7036.0,Info,Service Control Manager,System,420.0,2664.0,WIN-3M6ADARIMNH,,,,,False,"{""EventData"":{""Data"":[{""@Name"":""param1"",""#text"":""Volume Shadow Copy""},{""@Name"":""param2"",""#text"":""running""}],""Binary"":""56-00-53-00-53-00-2F-00-34-00-00-00""}}",,,,,,,,,,
2025-02-07 11:38:44.872492200+00:00,Evtx,Successful logon,216.0,4624.0,LogAlways,Microsoft-Windows-Security-Auditing,Security,428.0,500.0,WIN-3M6ADARIMNH,,WORKGROUP\WIN-3M6ADARIMNH$, (-),C:\Windows\System32\services.exe,False,"{""EventData"":{""Data"":[{""@Name"":""SubjectUserSid"",""#text"":""S-1-5-18""},{""@Name"":""SubjectUserName"",""#text"":""WIN-3M6ADARIMNH$""},{""@Name"":""SubjectDomainName"",""#text"":""WORKGROUP""},{""@Name"":""SubjectLogonId"",""#text"":""0x3E7""},{""@Name"":""TargetUserSid"",""#text"":""S-1-5-18""},{""@Name"":""TargetUserName"",""#text"":""SYSTEM""},{""@Name"":""TargetDomainName"",""#text"":""NT AUTHORITY""},{""@Name"":""TargetLogonId"",""#text"":""0x3E7""},{""@Name"":""LogonType"",""#text"":""5""},{""@Name"":""LogonProcessName"",""#text"":""Advapi  ""},{""@Name"":""AuthenticationPackageName"",""#text"":""Negotiate""},{""@Name"":""WorkstationName""},{""@Name"":""LogonGuid"",""#text"":""00000000-0000-0000-0000-000000000000""},{""@Name"":""TransmittedServices"",""#text"":""-""},{""@Name"":""LmPackageName"",""#text"":""-""},{""@Name"":""KeyLength"",""#text"":""0""},{""@Name"":""ProcessId"",""#text"":""0x1A4""},{""@Name"":""ProcessName"",""#text"":""C:\\Windows\\System32\\services.exe""},{""@Name"":""IpAddress"",""#text"":""-""},{""@Name"":""IpPort"",""#text"":""-""}]}}",,,,,,,,,,
2025-02-07 11:38:44.872492200+00:00,Evtx,Administrative logon,217.0,4672.0,LogAlways,Microsoft-Windows-Security-Auditing,Security,428.0,500.0,WIN-3M6ADARIMNH,,NT AUTHORITY\SYSTEM (S-1-5-18),,,False,"{""EventData"":{""Data"":[{""@Name"":""SubjectUserSid"",""#text"":""S-1-5-18""},{""@Name"":""SubjectUserName"",""#text"":""SYSTEM""},{""@Name"":""SubjectDomainName"",""#text"":""NT AUTHORITY""},{""@Name"":""SubjectLogonId"",""#text"":""0x3E7""},{""@Name"":""PrivilegeList"",""#text"":""SeAssignPrimaryTokenPrivilege, SeTcbPrivilege, SeSecurityPrivilege, SeTakeOwnershipPrivilege, SeLoadDriverPrivilege, SeBackupPrivilege, SeRestorePrivilege, SeDebugPrivilege, SeAuditPrivilege, SeSystemEnvironmentPrivilege, SeImpersonatePrivilege""}]}}",,,,,,,,,,
2025-02-07 11:38:44.888092200+00:00,Evtx,Service started or stopped,772.0,7036.0,Info,Service Control Manager,System,420.0,2488.0,WIN-3M6ADARIMNH,,,,,False,"{""EventData"":{""Data"":[{""@Name"":""param1"",""#text"":""Microsoft Software Shadow Copy Provider""},{""@Name"":""param2"",""#text"":""running""}],""Binary"":""73-00-77-00-70-00-72-00-76-00-2F-00-34-00-00-00""}}",,,,,,,,,,
2025-02-07 11:38:44.981692300+00:00,Evtx,,773.0,1014.0,Warning,Microsoft-Windows-DNS-Client,System,992.0,1256.0,WIN-3M6ADARIMNH,S-1-5-20,,,,False,"{""EventData"":{""Data"":[{""@Name"":""QueryName"",""#text"":""isatap.localdomain""},{""@Name"":""AddressLength"",""#text"":""16""},{""@Name"":""Address"",""#text"":""02-00-00-35-C0-A8-BA-02-00-00-00-00-00-00-00-00""}]}}",,,,,,,,,,
2025-02-07 11:38:48.912899300+00:00,Evtx,,774.0,33.0,Info,volsnap,System,0.0,0.0,WIN-3M6ADARIMNH,,,,,False,"{""EventData"":{""Data"":""\\Device\\HarddiskVolumeShadowCopy3, C:"",""Binary"":""00-00-00-00-02-00-30-00-00-00-00-00-21-00-06-40-02-00-00-00-00-00-00-00-02-00-00-00-00-00-00-00-00-00-00-00-00-00-00-00""}}",,,,,,,,,,
2025-02-07 11:38:49.895701+00:00,Evtx,,218.0,4904.0,LogAlways,Microsoft-Windows-Security-Auditing,Security,428.0,500.0,WIN-3M6ADARIMNH,,,,,False,"{""EventData"":{""Data"":[{""@Name"":""SubjectUserSid"",""#text"":""S-1-5-18""},{""@Name"":""SubjectUserName"",""#text"":""WIN-3M6ADARIMNH$""},{""@Name"":""SubjectDomainName"",""#text"":""WORKGROUP""},{""@Name"":""SubjectLogonId"",""#text"":""0x3E7""},{""@Name"":""AuditSourceName"",""#text"":""VSSAudit""},{""@Name"":""EventSourceId"",""#text"":""0x10FC6E""},{""@Name"":""ProcessId"",""#text"":""0x6FC""},{""@Name"":""ProcessName"",""#text"":""C:\\Windows\\System32\\VSSVC.exe""}]}}",,,,,,,,,,
2025-02-07 11:38:49.895701+00:00,Evtx,,219.0,4905.0,LogAlways,Microsoft-Windows-Security-Auditing,Security,428.0,500.0,WIN-3M6ADARIMNH,,,,,False,"{""EventData"":{""Data"":[{""@Name"":""SubjectUserSid"",""#text"":""S-1-5-18""},{""@Name"":""SubjectUserName"",""#text"":""WIN-3M6ADARIMNH$""},{""@Name"":""SubjectDomainName"",""#text"":""WORKGROUP""},{""@Name"":""SubjectLogonId"",""#text"":""0x3E7""},{""@Name"":""AuditSourceName"",""#text"":""VSSAudit""},{""@Name"":""EventSourceId"",""#text"":""0x10FC6E""},{""@Name"":""ProcessId"",""#text"":""0x6FC""},{""@Name"":""ProcessName"",""#text"":""C:\\Windows\\System32\\VSSVC.exe""}]}}",,,,,,,,,,
2025-02-07 11:38:50.410501900+00:00,Registry,MountPoints2 | Mount Points - NTUSER,,,,,,,,,,,,,,,NtUser,Devices,CMI-CreateHive{D43B12B8-09B5-40DB-B4F6-F6DFEB78DAEC}\Software\Microsoft\Windows\CurrentVersion\Explorer\MountPoints2\{63d6815e-d308-11ef-a184-806e6f6e6963},,,,,,True,False
2025-02-07 11:38:52.102115600+00:00,Evtx,A new service was installed in the system,775.0,7045.0,Info,Service Control Manager,System,420.0,2824.0,WIN-3M6ADARIMNH,S-1-5-18,,,"""C:\Program Files\VMware\VMware Tools\VMware VGAuth\VGAuthService.exe""",False,"{""EventData"":{""Data"":[{""@Name"":""ServiceName"",""#text"":""VMware Alias Manager and Ticket Service""},{""@Name"":""ImagePath"",""#text"":""\""C:\\Program Files\\VMware\\VMware Tools\\VMware VGAuth\\VGAuthService.exe\""""},{""@Name"":""ServiceType"",""#text"":""user mode service""},{""@Name"":""StartType"",""#text"":""auto start""},{""@Name"":""AccountName"",""#text"":""LocalSystem""}]}}",,,,,,,,,,
2025-02-07 11:38:58.532127+00:00,Evtx,,11.0,1002.0,Warning,Microsoft-Windows-KnownFolders,Microsoft-Windows-Known Folders API Service,868.0,2460.0,WIN-3M6ADARIMNH,S-1-5-18,,,,False,"{""EventData"":{""Data"":[{""@Name"":""hrError"",""#text"":""0x80070002""},{""@Name"":""FolderId"",""#text"":""fdd39ad0-238f-46af-adb4-6c85480369c7""},{""@Name"":""Path"",""#text"":""C:\\Windows\\system32\\config\\systemprofile\\Documents""}]}}",,,,,,,,,,
2025-02-07 11:38:58.532127+00:00,Evtx,,11.0,1002.0,Warning,Microsoft-Windows-KnownFolders,Microsoft-Windows-Known Folders API Service,868.0,2460.0,WIN-3M6ADARIMNH,S-1-5-18,,,,False,"{""EventData"":{""Data"":[{""@Name"":""hrError"",""#text"":""0x80070002""},{""@Name"":""FolderId"",""#text"":""fdd39ad0-238f-46af-adb4-6c85480369c7""},{""@Name"":""Path"",""#text"":""C:\\Windows\\system32\\config\\systemprofile\\Documents""}]}}",,,,,,,,,,
2025-02-07 11:38:58.547727+00:00,Evtx,A new service was installed in the system,776.0,7045.0,Info,Service Control Manager,System,420.0,2824.0,WIN-3M6ADARIMNH,S-1-5-18,,,system32\DRIVERS\vmci.sys,False,"{""EventData"":{""Data"":[{""@Name"":""ServiceName"",""#text"":""VMware VMCI Bus Driver""},{""@Name"":""ImagePath"",""#text"":""system32\\DRIVERS\\vmci.sys""},{""@Name"":""ServiceType"",""#text"":""kernel mode driver""},{""@Name"":""StartType"",""#text"":""boot start""},{""@Name"":""AccountName""}]}}",,,,,,,,,,
2025-02-07 11:38:58.594527100+00:00,Evtx,Service installation,777.0,20003.0,Info,Microsoft-Windows-UserPnp,System,868.0,2460.0,WIN-3M6ADARIMNH,S-1-5-18,,,system32\DRIVERS\vmci.sys,False,"{""UserData"":{""AddServiceID"":{""ServiceName"":""vmci"",""DriverFileName"":""system32\\DRIVERS\\vmci.sys"",""DeviceInstanceID"":""PCI\\VEN_15AD&amp;DEV_0740&amp;SUBSYS_074015AD&amp;REV_10\\3&amp;2B8E0B4B&amp;0&amp;3F"",""PrimaryService"":""True"",""UpdateService"":""False"",""AddServiceStatus"":""0""}}}",,,,,,,,,,
2025-02-07 11:38:58.625727100+00:00,Evtx,Device installation,781.0,20001.0,Info,Microsoft-Windows-UserPnp,System,868.0,2460.0,WIN-3M6ADARIMNH,S-1-5-18,,,FileRepository\vmci.inf_amd64_neutral_3634f6f3865df877\vmci.inf,False,"{""UserData"":{""InstallDeviceID"":{""DriverName"":""FileRepository\\vmci.inf_amd64_neutral_3634f6f3865df877\\vmci.inf"",""DriverVersion"":""9.8.18.0"",""DriverProvider"":""VMware, Inc."",""DeviceInstanceID"":""PCI\\VEN_15AD&amp;DEV_0740&amp;SUBSYS_074015AD&amp;REV_10\\3&amp;2B8E0B4B&amp;0&amp;3F"",""SetupClass"":""4d36e97d-e325-11ce-bfc1-08002be10318"",""RebootOption"":""False"",""UpgradeDevice"":""False"",""IsDriverOEM"":""True"",""InstallStatus"":""0x0"",""DriverDescription"":""VMware VMCI Bus Device""}}}",,,,,,,,,,
2025-02-07 11:38:58.625727100+00:00,Evtx,,220.0,5038.0,LogAlways,Microsoft-Windows-Security-Auditing,Security,4.0,64.0,WIN-3M6ADARIMNH,,,,,False,"{""EventData"":{""Data"":{""@Name"":""param1"",""#text"":""\\Device\\HarddiskVolume1\\Windows\\System32\\drivers\\vmci.sys""}}}",,,,,,,,,,
2025-02-07 11:38:58.625727100+00:00,Evtx,Application Error,780.0,26.0,Info,Application Popup,System,0.0,0.0,WIN-3M6ADARIMNH,,,,,False,"{""EventData"":{""Data"":""\\SystemRoot\\system32\\DRIVERS\\vmci.sys failed to load"",""Binary"":""00-00-00-00-02-00-30-00-00-00-00-00-1A-00-00-40-28-04-00-C0-6C-02-00-C0-00-00-00-00-00-00-00-00-00-00-00-00-00-00-00-00""}}",,,,,,,,,,
2025-02-07 11:38:58.625727100+00:00,Evtx,,779.0,219.0,Warning,Microsoft-Windows-Kernel-PnP,System,4.0,56.0,WIN-3M6ADARIMNH,S-1-5-18,,,,False,"{""EventData"":{""Data"":[{""@Name"":""DriverNameLength"",""#text"":""60""},{""@Name"":""DriverName"",""#text"":""PCI\\VEN_15AD&amp;DEV_0740&amp;SUBSYS_074015AD&amp;REV_10\\3&amp;2b8e0b4b&amp;0&amp;3F""},{""@Name"":""Status"",""#text"":""3221226536""},{""@Name"":""FailureNameLength"",""#text"":""12""},{""@Name"":""FailureName"",""#text"":""\\Driver\\vmci""},{""@Name"":""Version"",""#text"":""0""}]}}",,,,,,,,,,
2025-02-07 11:38:58.625727100+00:00,Evtx,,221.0,5038.0,LogAlways,Microsoft-Windows-Security-Auditing,Security,4.0,56.0,WIN-3M6ADARIMNH,,,,,False,"{""EventData"":{""Data"":{""@Name"":""param1"",""#text"":""\\Device\\HarddiskVolume1\\Windows\\System32\\drivers\\vmci.sys""}}}",,,,,,,,,,
2025-02-07 11:38:58.906527600+00:00,Evtx,Service installation,782.0,20003.0,Info,Microsoft-Windows-UserPnp,System,2396.0,1824.0,WIN-3M6ADARIMNH,S-1-5-18,,,system32\DRIVERS\vmci.sys,False,"{""UserData"":{""AddServiceID"":{""ServiceName"":""vmci"",""DriverFileName"":""system32\\DRIVERS\\vmci.sys"",""DeviceInstanceID"":""PCI\\VEN_15AD&amp;DEV_0740&amp;SUBSYS_074015AD&amp;REV_10\\3&amp;2B8E0B4B&amp;0&amp;3F"",""PrimaryService"":""True"",""UpdateService"":""True"",""AddServiceStatus"":""0""}}}",,,,,,,,,,
2025-02-07 11:38:58.984527800+00:00,Evtx,,783.0,219.0,Warning,Microsoft-Windows-Kernel-PnP,System,4.0,68.0,WIN-3M6ADARIMNH,S-1-5-18,,,,False,"{""EventData"":{""Data"":[{""@Name"":""DriverNameLength"",""#text"":""60""},{""@Name"":""DriverName"",""#text"":""PCI\\VEN_15AD&amp;DEV_0740&amp;SUBSYS_074015AD&amp;REV_10\\3&amp;2b8e0b4b&amp;0&amp;3F""},{""@Name"":""Status"",""#text"":""3221226536""},{""@Name"":""FailureNameLength"",""#text"":""12""},{""@Name"":""FailureName"",""#text"":""\\Driver\\vmci""},{""@Name"":""Version"",""#text"":""0""}]}}",,,,,,,,,,
2025-02-07 11:38:58.984527800+00:00,Evtx,,222.0,5038.0,LogAlways,Microsoft-Windows-Security-Auditing,Security,4.0,64.0,WIN-3M6ADARIMNH,,,,,False,"{""EventData"":{""Data"":{""@Name"":""param1"",""#text"":""\\Device\\HarddiskVolume1\\Windows\\System32\\drivers\\vmci.sys""}}}",,,,,,,,,,
2025-02-07 11:38:58.984527800+00:00,Evtx,Device installation,785.0,20001.0,Info,Microsoft-Windows-UserPnp,System,2396.0,1824.0,WIN-3M6ADARIMNH,S-1-5-18,,,FileRepository\vmci.inf_amd64_neutral_3634f6f3865df877\vmci.inf,False,"{""UserData"":{""InstallDeviceID"":{""DriverName"":""FileRepository\\vmci.inf_amd64_neutral_3634f6f3865df877\\vmci.inf"",""DriverVersion"":""9.8.18.0"",""DriverProvider"":""VMware, Inc."",""DeviceInstanceID"":""PCI\\VEN_15AD&amp;DEV_0740&amp;SUBSYS_074015AD&amp;REV_10\\3&amp;2B8E0B4B&amp;0&amp;3F"",""SetupClass"":""4d36e97d-e325-11ce-bfc1-08002be10318"",""RebootOption"":""False"",""UpgradeDevice"":""True"",""IsDriverOEM"":""True"",""InstallStatus"":""0x0"",""DriverDescription"":""VMware VMCI Bus Device""}}}",,,,,,,,,,
2025-02-07 11:38:58.984527800+00:00,Evtx,,223.0,5038.0,LogAlways,Microsoft-Windows-Security-Auditing,Security,4.0,68.0,WIN-3M6ADARIMNH,,,,,False,"{""EventData"":{""Data"":{""@Name"":""param1"",""#text"":""\\Device\\HarddiskVolume1\\Windows\\System32\\drivers\\vmci.sys""}}}",,,,,,,,,,
2025-02-07 11:38:58.984527800+00:00,Evtx,Application Error,784.0,26.0,Info,Application Popup,System,0.0,0.0,WIN-3M6ADARIMNH,,,,,False,"{""EventData"":{""Data"":""\\SystemRoot\\system32\\DRIVERS\\vmci.sys failed to load"",""Binary"":""00-00-00-00-02-00-30-00-00-00-00-00-1A-00-00-40-28-04-00-C0-6C-02-00-C0-00-00-00-00-00-00-00-00-00-00-00-00-00-00-00-00""}}",,,,,,,,,,
2025-02-07 11:38:59+00:00,Evtx,Application Error,778.0,26.0,Info,Application Popup,System,0.0,0.0,WIN-3M6ADARIMNH,,,,,False,"{""EventData"":{""Data"":""VMware Tools Installation, Setup failed to install the VSock Virtual Machine Communication Interface Sockets driver automatically.  This driver will have to be installed manually."",""Binary"":""""}}",,,,,,,,,,
2025-02-07 11:38:59.234128200+00:00,Evtx,Service installation,786.0,20003.0,Info,Microsoft-Windows-UserPnp,System,2136.0,2660.0,WIN-3M6ADARIMNH,S-1-5-18,,,system32\DRIVERS\vmci.sys,False,"{""UserData"":{""AddServiceID"":{""ServiceName"":""vmci"",""DriverFileName"":""system32\\DRIVERS\\vmci.sys"",""DeviceInstanceID"":""ROOT\\VMWVMCIHOSTDEV\\0000"",""PrimaryService"":""True"",""UpdateService"":""True"",""AddServiceStatus"":""0""}}}",,,,,,,,,,
2025-02-07 11:38:59.312128300+00:00,Evtx,,225.0,5038.0,LogAlways,Microsoft-Windows-Security-Auditing,Security,4.0,56.0,WIN-3M6ADARIMNH,,,,,False,"{""EventData"":{""Data"":{""@Name"":""param1"",""#text"":""\\Device\\HarddiskVolume1\\Windows\\System32\\drivers\\vmci.sys""}}}",,,,,,,,,,
2025-02-07 11:38:59.312128300+00:00,Evtx,,224.0,5038.0,LogAlways,Microsoft-Windows-Security-Auditing,Security,4.0,64.0,WIN-3M6ADARIMNH,,,,,False,"{""EventData"":{""Data"":{""@Name"":""param1"",""#text"":""\\Device\\HarddiskVolume1\\Windows\\System32\\drivers\\vmci.sys""}}}",,,,,,,,,,
2025-02-07 11:38:59.312128300+00:00,Evtx,,787.0,219.0,Warning,Microsoft-Windows-Kernel-PnP,System,4.0,56.0,WIN-3M6ADARIMNH,S-1-5-18,,,,False,"{""EventData"":{""Data"":[{""@Name"":""DriverNameLength"",""#text"":""24""},{""@Name"":""DriverName"",""#text"":""ROOT\\VMWVMCIHOSTDEV\\0000""},{""@Name"":""Status"",""#text"":""3221226536""},{""@Name"":""FailureNameLength"",""#text"":""12""},{""@Name"":""FailureName"",""#text"":""\\Driver\\vmci""},{""@Name"":""Version"",""#text"":""0""}]}}",,,,,,,,,,
2025-02-07 11:38:59.312128300+00:00,Evtx,Application Error,788.0,26.0,Info,Application Popup,System,0.0,0.0,WIN-3M6ADARIMNH,,,,,False,"{""EventData"":{""Data"":""\\SystemRoot\\system32\\DRIVERS\\vmci.sys failed to load"",""Binary"":""00-00-00-00-02-00-30-00-00-00-00-00-1A-00-00-40-28-04-00-C0-6C-02-00-C0-00-00-00-00-00-00-00-00-00-00-00-00-00-00-00-00""}}",,,,,,,,,,
2025-02-07 11:38:59.312128300+00:00,Evtx,Device installation,789.0,20001.0,Info,Microsoft-Windows-UserPnp,System,2136.0,2660.0,WIN-3M6ADARIMNH,S-1-5-18,,,FileRepository\vmci.inf_amd64_neutral_3634f6f3865df877\vmci.inf,False,"{""UserData"":{""InstallDeviceID"":{""DriverName"":""FileRepository\\vmci.inf_amd64_neutral_3634f6f3865df877\\vmci.inf"",""DriverVersion"":""9.8.18.0"",""DriverProvider"":""VMware, Inc."",""DeviceInstanceID"":""ROOT\\VMWVMCIHOSTDEV\\0000"",""SetupClass"":""4d36e97d-e325-11ce-bfc1-08002be10318"",""RebootOption"":""False"",""UpgradeDevice"":""False"",""IsDriverOEM"":""True"",""InstallStatus"":""0x0"",""DriverDescription"":""VMware VMCI Host Device""}}}",,,,,,,,,,
2025-02-07 11:39:01.207742700+00:00,Evtx,Service started or stopped,790.0,7036.0,Info,Service Control Manager,System,420.0,2824.0,WIN-3M6ADARIMNH,,,,,False,"{""EventData"":{""Data"":[{""@Name"":""param1"",""#text"":""VMware Alias Manager and Ticket Service""},{""@Name"":""param2"",""#text"":""running""}],""Binary"":""56-00-47-00-41-00-75-00-74-00-68-00-53-00-65-00-72-00-76-00-69-00-63-00-65-00-2F-00-34-00-00-00""}}",,,,,,,,,,
2025-02-07 11:39:28.039789800+00:00,Evtx,Start type of a service has changed,791.0,7040.0,Info,Service Control Manager,System,420.0,2664.0,WIN-3M6ADARIMNH,S-1-5-18,,,TrustedInstaller,False,"{""EventData"":{""Data"":[{""@Name"":""param1"",""#text"":""Windows Modules Installer""},{""@Name"":""param2"",""#text"":""auto start""},{""@Name"":""param3"",""#text"":""demand start""},{""@Name"":""param4"",""#text"":""TrustedInstaller""}]}}",,,,,,,,,,
2025-02-07 11:39:28.148990+00:00,Evtx,Service started or stopped,792.0,7036.0,Info,Service Control Manager,System,420.0,2664.0,WIN-3M6ADARIMNH,,,,,False,"{""EventData"":{""Data"":[{""@Name"":""param1"",""#text"":""Windows Modules Installer""},{""@Name"":""param2"",""#text"":""stopped""}],""Binary"":""54-00-72-00-75-00-73-00-74-00-65-00-64-00-49-00-6E-00-73-00-74-00-61-00-6C-00-6C-00-65-00-72-00-2F-00-31-00-00-00""}}",,,,,,,,,,
2025-02-07 11:40:25.702107800+00:00,Evtx,,12.0,1002.0,Warning,Microsoft-Windows-KnownFolders,Microsoft-Windows-Known Folders API Service,2892.0,1584.0,WIN-3M6ADARIMNH,S-1-5-18,,,,False,"{""EventData"":{""Data"":[{""@Name"":""hrError"",""#text"":""0x80070002""},{""@Name"":""FolderId"",""#text"":""fdd39ad0-238f-46af-adb4-6c85480369c7""},{""@Name"":""Path"",""#text"":""C:\\Windows\\system32\\config\\systemprofile\\Documents""}]}}",,,,,,,,,,
2025-02-07 11:40:25.702107800+00:00,Evtx,,12.0,1002.0,Warning,Microsoft-Windows-KnownFolders,Microsoft-Windows-Known Folders API Service,2892.0,1584.0,WIN-3M6ADARIMNH,S-1-5-18,,,,False,"{""EventData"":{""Data"":[{""@Name"":""hrError"",""#text"":""0x80070002""},{""@Name"":""FolderId"",""#text"":""fdd39ad0-238f-46af-adb4-6c85480369c7""},{""@Name"":""Path"",""#text"":""C:\\Windows\\system32\\config\\systemprofile\\Documents""}]}}",,,,,,,,,,
2025-02-07 11:40:25.733307900+00:00,Evtx,A new service was installed in the system,793.0,7045.0,Info,Service Control Manager,System,420.0,1036.0,WIN-3M6ADARIMNH,S-1-5-18,,,system32\DRIVERS\vmusbmouse.sys,False,"{""EventData"":{""Data"":[{""@Name"":""ServiceName"",""#text"":""VMware USB Pointing Device""},{""@Name"":""ImagePath"",""#text"":""system32\\DRIVERS\\vmusbmouse.sys""},{""@Name"":""ServiceType"",""#text"":""kernel mode driver""},{""@Name"":""StartType"",""#text"":""demand start""},{""@Name"":""AccountName""}]}}",,,,,,,,,,
2025-02-07 11:40:25.764507900+00:00,Evtx,Service installation,794.0,20003.0,Info,Microsoft-Windows-UserPnp,System,2892.0,1584.0,WIN-3M6ADARIMNH,S-1-5-18,,,system32\DRIVERS\vmusbmouse.sys,False,"{""UserData"":{""AddServiceID"":{""ServiceName"":""vmusbmouse"",""DriverFileName"":""system32\\DRIVERS\\vmusbmouse.sys"",""DeviceInstanceID"":""HID\\VID_0E0F&amp;PID_0003&amp;MI_00\\8&amp;17BE0303&amp;0&amp;0000"",""PrimaryService"":""False"",""UpdateService"":""False"",""AddServiceStatus"":""0""}}}",,,,,,,,,,
2025-02-07 11:40:25.764507900+00:00,Evtx,Service installation,795.0,20003.0,Info,Microsoft-Windows-UserPnp,System,2892.0,1584.0,WIN-3M6ADARIMNH,S-1-5-18,,,system32\DRIVERS\mouhid.sys,False,"{""UserData"":{""AddServiceID"":{""ServiceName"":""mouhid"",""DriverFileName"":""system32\\DRIVERS\\mouhid.sys"",""DeviceInstanceID"":""HID\\VID_0E0F&amp;PID_0003&amp;MI_00\\8&amp;17BE0303&amp;0&amp;0000"",""PrimaryService"":""True"",""UpdateService"":""True"",""AddServiceStatus"":""0""}}}",,,,,,,,,,
2025-02-07 11:40:25.764507900+00:00,Evtx,Service installation,796.0,20003.0,Info,Microsoft-Windows-UserPnp,System,2892.0,1584.0,WIN-3M6ADARIMNH,S-1-5-18,,,system32\DRIVERS\mouclass.sys,False,"{""UserData"":{""AddServiceID"":{""ServiceName"":""mouclass"",""DriverFileName"":""system32\\DRIVERS\\mouclass.sys"",""DeviceInstanceID"":""HID\\VID_0E0F&amp;PID_0003&amp;MI_00\\8&amp;17BE0303&amp;0&amp;0000"",""PrimaryService"":""False"",""UpdateService"":""True"",""AddServiceStatus"":""0""}}}",,,,,,,,,,
2025-02-07 11:40:25.795708+00:00,Evtx,,227.0,5038.0,LogAlways,Microsoft-Windows-Security-Auditing,Security,4.0,56.0,WIN-3M6ADARIMNH,,,,,False,"{""EventData"":{""Data"":{""@Name"":""param1"",""#text"":""\\Device\\HarddiskVolume1\\Windows\\System32\\drivers\\vmusbmouse.sys""}}}",,,,,,,,,,
2025-02-07 11:40:25.795708+00:00,Evtx,,226.0,5038.0,LogAlways,Microsoft-Windows-Security-Auditing,Security,4.0,68.0,WIN-3M6ADARIMNH,,,,,False,"{""EventData"":{""Data"":{""@Name"":""param1"",""#text"":""\\Device\\HarddiskVolume1\\Windows\\System32\\drivers\\vmusbmouse.sys""}}}",,,,,,,,,,
2025-02-07 11:40:25.795708+00:00,Evtx,,797.0,219.0,Warning,Microsoft-Windows-Kernel-PnP,System,4.0,56.0,WIN-3M6ADARIMNH,S-1-5-18,,,,False,"{""EventData"":{""Data"":[{""@Name"":""DriverNameLength"",""#text"":""45""},{""@Name"":""DriverName"",""#text"":""HID\\VID_0E0F&amp;PID_0003&amp;MI_00\\8&amp;17be0303&amp;0&amp;0000""},{""@Name"":""Status"",""#text"":""3221226536""},{""@Name"":""FailureNameLength"",""#text"":""18""},{""@Name"":""FailureName"",""#text"":""\\Driver\\vmusbmouse""},{""@Name"":""Version"",""#text"":""0""}]}}",,,,,,,,,,
2025-02-07 11:40:25.795708+00:00,Evtx,Application Error,798.0,26.0,Info,Application Popup,System,0.0,0.0,WIN-3M6ADARIMNH,,,,,False,"{""EventData"":{""Data"":""\\SystemRoot\\system32\\DRIVERS\\vmusbmouse.sys failed to load"",""Binary"":""00-00-00-00-02-00-30-00-00-00-00-00-1A-00-00-40-28-04-00-C0-6C-02-00-C0-00-00-00-00-00-00-00-00-00-00-00-00-00-00-00-00""}}",,,,,,,,,,
2025-02-07 11:40:25.795708+00:00,Evtx,Device installation,799.0,20001.0,Info,Microsoft-Windows-UserPnp,System,2892.0,1584.0,WIN-3M6ADARIMNH,S-1-5-18,,,FileRepository\vmusbmouse.inf_amd64_neutral_589bb84d9702f3eb\vmusbmouse.inf,False,"{""UserData"":{""InstallDeviceID"":{""DriverName"":""FileRepository\\vmusbmouse.inf_amd64_neutral_589bb84d9702f3eb\\vmusbmouse.inf"",""DriverVersion"":""12.5.12.0"",""DriverProvider"":""VMware, Inc."",""DeviceInstanceID"":""HID\\VID_0E0F&amp;PID_0003&amp;MI_00\\8&amp;17BE0303&amp;0&amp;0000"",""SetupClass"":""4d36e96f-e325-11ce-bfc1-08002be10318"",""RebootOption"":""False"",""UpgradeDevice"":""True"",""IsDriverOEM"":""True"",""InstallStatus"":""0x0"",""DriverDescription"":""VMware USB Pointing Device""}}}",,,,,,,,,,
2025-02-07 11:40:26.950110+00:00,Evtx,,13.0,1002.0,Warning,Microsoft-Windows-KnownFolders,Microsoft-Windows-Known Folders API Service,484.0,1580.0,WIN-3M6ADARIMNH,S-1-5-18,,,,False,"{""EventData"":{""Data"":[{""@Name"":""hrError"",""#text"":""0x80070002""},{""@Name"":""FolderId"",""#text"":""fdd39ad0-238f-46af-adb4-6c85480369c7""},{""@Name"":""Path"",""#text"":""C:\\Windows\\system32\\config\\systemprofile\\Documents""}]}}",,,,,,,,,,
2025-02-07 11:40:26.950110+00:00,Evtx,,13.0,1002.0,Warning,Microsoft-Windows-KnownFolders,Microsoft-Windows-Known Folders API Service,484.0,1580.0,WIN-3M6ADARIMNH,S-1-5-18,,,,False,"{""EventData"":{""Data"":[{""@Name"":""hrError"",""#text"":""0x80070002""},{""@Name"":""FolderId"",""#text"":""fdd39ad0-238f-46af-adb4-6c85480369c7""},{""@Name"":""Path"",""#text"":""C:\\Windows\\system32\\config\\systemprofile\\Documents""}]}}",,,,,,,,,,
2025-02-07 11:40:26.981310100+00:00,Evtx,A new service was installed in the system,801.0,7045.0,Info,Service Control Manager,System,420.0,2824.0,WIN-3M6ADARIMNH,S-1-5-18,,,system32\DRIVERS\vmmouse.sys,False,"{""EventData"":{""Data"":[{""@Name"":""ServiceName"",""#text"":""VMware Pointing Device""},{""@Name"":""ImagePath"",""#text"":""system32\\DRIVERS\\vmmouse.sys""},{""@Name"":""ServiceType"",""#text"":""kernel mode driver""},{""@Name"":""StartType"",""#text"":""demand start""},{""@Name"":""AccountName""}]}}",,,,,,,,,,
2025-02-07 11:40:26.996910100+00:00,Evtx,Service installation,804.0,20003.0,Info,Microsoft-Windows-UserPnp,System,484.0,1580.0,WIN-3M6ADARIMNH,S-1-5-18,,,system32\DRIVERS\mouclass.sys,False,"{""UserData"":{""AddServiceID"":{""ServiceName"":""mouclass"",""DriverFileName"":""system32\\DRIVERS\\mouclass.sys"",""DeviceInstanceID"":""ACPI\\VMW0003\\4&amp;205AD762&amp;0"",""PrimaryService"":""False"",""UpdateService"":""True"",""AddServiceStatus"":""0""}}}",,,,,,,,,,
2025-02-07 11:40:26.996910100+00:00,Evtx,Service installation,802.0,20003.0,Info,Microsoft-Windows-UserPnp,System,484.0,1580.0,WIN-3M6ADARIMNH,S-1-5-18,,,system32\DRIVERS\vmmouse.sys,False,"{""UserData"":{""AddServiceID"":{""ServiceName"":""vmmouse"",""DriverFileName"":""system32\\DRIVERS\\vmmouse.sys"",""DeviceInstanceID"":""ACPI\\VMW0003\\4&amp;205AD762&amp;0"",""PrimaryService"":""False"",""UpdateService"":""False"",""AddServiceStatus"":""0""}}}",,,,,,,,,,
2025-02-07 11:40:26.996910100+00:00,Evtx,Service installation,803.0,20003.0,Info,Microsoft-Windows-UserPnp,System,484.0,1580.0,WIN-3M6ADARIMNH,S-1-5-18,,,system32\DRIVERS\i8042prt.sys,False,"{""UserData"":{""AddServiceID"":{""ServiceName"":""i8042prt"",""DriverFileName"":""system32\\DRIVERS\\i8042prt.sys"",""DeviceInstanceID"":""ACPI\\VMW0003\\4&amp;205AD762&amp;0"",""PrimaryService"":""True"",""UpdateService"":""True"",""AddServiceStatus"":""0""}}}",,,,,,,,,,
2025-02-07 11:40:27+00:00,Evtx,Application Error,800.0,26.0,Info,Application Popup,System,0.0,0.0,WIN-3M6ADARIMNH,,,,,False,"{""EventData"":{""Data"":""VMware Tools Installation, Setup failed to install the Memory Control driver automatically.  This driver will have to be installed manually."",""Binary"":""""}}",,,,,,,,,,
2025-02-07 11:40:27.090510300+00:00,Evtx,Device installation,805.0,20001.0,Info,Microsoft-Windows-UserPnp,System,484.0,1580.0,WIN-3M6ADARIMNH,S-1-5-18,,,FileRepository\vmmouse.inf_amd64_neutral_550f4ea2f87d6cef\vmmouse.inf,False,"{""UserData"":{""InstallDeviceID"":{""DriverName"":""FileRepository\\vmmouse.inf_amd64_neutral_550f4ea2f87d6cef\\vmmouse.inf"",""DriverVersion"":""12.5.12.0"",""DriverProvider"":""VMware, Inc."",""DeviceInstanceID"":""ACPI\\VMW0003\\4&amp;205AD762&amp;0"",""SetupClass"":""4d36e96f-e325-11ce-bfc1-08002be10318"",""RebootOption"":""False"",""UpgradeDevice"":""True"",""IsDriverOEM"":""True"",""InstallStatus"":""0x0"",""DriverDescription"":""VMware Pointing Device""}}}",,,,,,,,,,
2025-02-07 11:40:36.152525800+00:00,Evtx,Service installation,807.0,20003.0,Info,Microsoft-Windows-UserPnp,System,1740.0,2384.0,WIN-3M6ADARIMNH,S-1-5-18,,,system32\DRIVERS\mouclass.sys,False,"{""UserData"":{""AddServiceID"":{""ServiceName"":""mouclass"",""DriverFileName"":""system32\\DRIVERS\\mouclass.sys"",""DeviceInstanceID"":""ACPI\\VMW0003\\4&amp;205AD762&amp;0"",""PrimaryService"":""False"",""UpdateService"":""True"",""AddServiceStatus"":""0""}}}",,,,,,,,,,
2025-02-07 11:40:36.152525800+00:00,Evtx,Service installation,806.0,20003.0,Info,Microsoft-Windows-UserPnp,System,1740.0,2384.0,WIN-3M6ADARIMNH,S-1-5-18,,,system32\DRIVERS\i8042prt.sys,False,"{""UserData"":{""AddServiceID"":{""ServiceName"":""i8042prt"",""DriverFileName"":""system32\\DRIVERS\\i8042prt.sys"",""DeviceInstanceID"":""ACPI\\VMW0003\\4&amp;205AD762&amp;0"",""PrimaryService"":""True"",""UpdateService"":""True"",""AddServiceStatus"":""0""}}}",,,,,,,,,,
2025-02-07 11:40:36.168125900+00:00,Evtx,,17.0,115.0,Info,Microsoft-Windows-Diagnosis-DPS,Microsoft-Windows-Diagnosis-DPS/Operational,1016.0,2524.0,WIN-3M6ADARIMNH,S-1-5-19,,,,False,"{""EventData"":{""Data"":[{""@Name"":""ScenarioId"",""#text"":""4963e860-01ab-4d34-9ed3-a9ec3e54cc54""},{""@Name"":""InstanceId"",""#text"":""bf2aaada-e9b7-4bde-84d1-b926023fe74a""},{""@Name"":""OriginalActivityId"",""#text"":""00000000-0000-0000-0000-000000000000""},{""@Name"":""DiagnosticModuleImageName"",""#text"":""%windir%\\system32\\pcadm.dll""},{""@Name"":""ResolutionId"",""#text"":""50e3b0eb-5780-49de-9eb5-8d53a51fd146""},{""@Name"":""ResolutionSID"",""#text"":""S-1-5-21-1074993871-1730380631-692495208-1000""},{""@Name"":""ResolutionSessionId"",""#text"":""1""},{""@Name"":""ResolutionExpirationDate"",""#text"":""1601-01-01 00:00:00.0000000""},{""@Name"":""DiagnosticModuleId"",""#text"":""50e3b0eb-5780-49de-9eb5-8d53a51fd146""}]}}",,,,,,,,,,
2025-02-07 11:40:36.168125900+00:00,Evtx,,15.0,100.0,Info,Microsoft-Windows-Diagnosis-DPS,Microsoft-Windows-Diagnosis-DPS/Operational,1016.0,2524.0,WIN-3M6ADARIMNH,S-1-5-19,,,,False,"{""EventData"":{""Data"":[{""@Name"":""ScenarioId"",""#text"":""4963e860-01ab-4d34-9ed3-a9ec3e54cc54""},{""@Name"":""InstanceId"",""#text"":""bf2aaada-e9b7-4bde-84d1-b926023fe74a""},{""@Name"":""OriginalActivityId"",""#text"":""00000000-0000-0000-0000-000000000000""},{""@Name"":""DiagnosticModuleImageName"",""#text"":""%windir%\\system32\\pcadm.dll""},{""@Name"":""DiagnosticModuleId"",""#text"":""50e3b0eb-5780-49de-9eb5-8d53a51fd146""}]}}",,,,,,,,,,
2025-02-07 11:40:36.168125900+00:00,Evtx,,16.0,105.0,Info,Microsoft-Windows-Diagnosis-DPS,Microsoft-Windows-Diagnosis-DPS/Operational,1016.0,2524.0,WIN-3M6ADARIMNH,S-1-5-19,,,,False,"{""EventData"":{""Data"":[{""@Name"":""ScenarioId"",""#text"":""4963e860-01ab-4d34-9ed3-a9ec3e54cc54""},{""@Name"":""InstanceId"",""#text"":""bf2aaada-e9b7-4bde-84d1-b926023fe74a""},{""@Name"":""OriginalActivityId"",""#text"":""00000000-0000-0000-0000-000000000000""},{""@Name"":""DiagnosticModuleImageName"",""#text"":""%windir%\\system32\\pcadm.dll""},{""@Name"":""DiagnosticModuleId"",""#text"":""50e3b0eb-5780-49de-9eb5-8d53a51fd146""}]}}",,,,,,,,,,
2025-02-07 11:40:36.199325900+00:00,Evtx,,18.0,125.0,Info,Microsoft-Windows-Diagnosis-DPS,Microsoft-Windows-Diagnosis-DPS/Operational,1016.0,2524.0,WIN-3M6ADARIMNH,S-1-5-19,,,,False,"{""EventData"":{""Data"":[{""@Name"":""ScenarioId"",""#text"":""4963e860-01ab-4d34-9ed3-a9ec3e54cc54""},{""@Name"":""InstanceId"",""#text"":""bf2aaada-e9b7-4bde-84d1-b926023fe74a""},{""@Name"":""OriginalActivityId"",""#text"":""00000000-0000-0000-0000-000000000000""},{""@Name"":""DiagnosticModuleImageName"",""#text"":""%windir%\\system32\\pcadm.dll""},{""@Name"":""DiagnosticModuleId"",""#text"":""50e3b0eb-5780-49de-9eb5-8d53a51fd146""}]}}",,,,,,,,,,
2025-02-07 11:40:36.199325900+00:00,Evtx,,1.0,102.0,Info,Microsoft-Windows-Application-Experience,Microsoft-Windows-Application-Experience/Program-Compatibility-Assistant,2960.0,2932.0,WIN-3M6ADARIMNH,S-1-5-21-1074993871-1730380631-692495208-1000,,,,False,"{""UserData"":{""HelpedUserWithUnsignedDriverEvent"":{""DriverName"":""VMware Pointing USB Device Driver"",""ServiceName"":""VMware USB Pointing Device"",""PublisherName"":""VMware, Inc."",""DriverPath"":""C:\\Windows\\System32\\drivers\\vmusbmouse.sys"",""DriverVersion"":""12.5.12.0""}}}",,,,,,,,,,
2025-02-07 11:40:36.277326100+00:00,Evtx,Device installation,808.0,20001.0,Info,Microsoft-Windows-UserPnp,System,1740.0,2384.0,WIN-3M6ADARIMNH,S-1-5-18,,,FileRepository\msmouse.inf_amd64_neutral_7a5f47d3150cc0eb\msmouse.inf,False,"{""UserData"":{""InstallDeviceID"":{""DriverName"":""FileRepository\\msmouse.inf_amd64_neutral_7a5f47d3150cc0eb\\msmouse.inf"",""DriverVersion"":""6.1.7600.16385"",""DriverProvider"":""Microsoft"",""DeviceInstanceID"":""ACPI\\VMW0003\\4&amp;205AD762&amp;0"",""SetupClass"":""4d36e96f-e325-11ce-bfc1-08002be10318"",""RebootOption"":""True"",""UpgradeDevice"":""True"",""IsDriverOEM"":""False"",""InstallStatus"":""0x0"",""DriverDescription"":""PS/2 Compatible Mouse""}}}",,,,,,,,,,
2025-02-07 11:40:36.585740200+00:00,Evtx,Service installation,809.0,20003.0,Info,Microsoft-Windows-UserPnp,System,2284.0,2340.0,WIN-3M6ADARIMNH,S-1-5-18,,,system32\DRIVERS\mouhid.sys,False,"{""UserData"":{""AddServiceID"":{""ServiceName"":""mouhid"",""DriverFileName"":""system32\\DRIVERS\\mouhid.sys"",""DeviceInstanceID"":""HID\\VID_0E0F&amp;PID_0003&amp;MI_00\\8&amp;17BE0303&amp;0&amp;0000"",""PrimaryService"":""True"",""UpdateService"":""True"",""AddServiceStatus"":""0""}}}",,,,,,,,,,
2025-02-07 11:40:36.588740400+00:00,Evtx,Service installation,810.0,20003.0,Info,Microsoft-Windows-UserPnp,System,2284.0,2340.0,WIN-3M6ADARIMNH,S-1-5-18,,,system32\DRIVERS\mouclass.sys,False,"{""UserData"":{""AddServiceID"":{""ServiceName"":""mouclass"",""DriverFileName"":""system32\\DRIVERS\\mouclass.sys"",""DeviceInstanceID"":""HID\\VID_0E0F&amp;PID_0003&amp;MI_00\\8&amp;17BE0303&amp;0&amp;0000"",""PrimaryService"":""False"",""UpdateService"":""True"",""AddServiceStatus"":""0""}}}",,,,,,,,,,
2025-02-07 11:40:36.639741600+00:00,Evtx,Device installation,811.0,20001.0,Info,Microsoft-Windows-UserPnp,System,2284.0,2340.0,WIN-3M6ADARIMNH,S-1-5-18,,,FileRepository\msmouse.inf_amd64_neutral_7a5f47d3150cc0eb\msmouse.inf,False,"{""UserData"":{""InstallDeviceID"":{""DriverName"":""FileRepository\\msmouse.inf_amd64_neutral_7a5f47d3150cc0eb\\msmouse.inf"",""DriverVersion"":""6.1.7600.16385"",""DriverProvider"":""Microsoft"",""DeviceInstanceID"":""HID\\VID_0E0F&amp;PID_0003&amp;MI_00\\8&amp;17BE0303&amp;0&amp;0000"",""SetupClass"":""4d36e96f-e325-11ce-bfc1-08002be10318"",""RebootOption"":""False"",""UpgradeDevice"":""True"",""IsDriverOEM"":""False"",""InstallStatus"":""0x0"",""DriverDescription"":""HID-compliant mouse""}}}",,,,,,,,,,
2025-02-07 11:40:37.150768100+00:00,Evtx,Service started or stopped,812.0,7036.0,Info,Service Control Manager,System,420.0,2824.0,WIN-3M6ADARIMNH,,,,,False,"{""EventData"":{""Data"":[{""@Name"":""param1"",""#text"":""VMware Alias Manager and Ticket Service""},{""@Name"":""param2"",""#text"":""stopped""}],""Binary"":""56-00-47-00-41-00-75-00-74-00-68-00-53-00-65-00-72-00-76-00-69-00-63-00-65-00-2F-00-31-00-00-00""}}",,,,,,,,,,
2025-02-07 11:40:38.458571900+00:00,Evtx,,19.0,130.0,Info,Microsoft-Windows-Diagnosis-DPS,Microsoft-Windows-Diagnosis-DPS/Operational,1016.0,2524.0,WIN-3M6ADARIMNH,S-1-5-19,,,,False,"{""EventData"":{""Data"":[{""@Name"":""ScenarioId"",""#text"":""4963e860-01ab-4d34-9ed3-a9ec3e54cc54""},{""@Name"":""InstanceId"",""#text"":""bf2aaada-e9b7-4bde-84d1-b926023fe74a""},{""@Name"":""OriginalActivityId"",""#text"":""00000000-0000-0000-0000-000000000000""},{""@Name"":""DiagnosticModuleImageName"",""#text"":""%windir%\\system32\\pcadm.dll""},{""@Name"":""DiagnosticModuleId"",""#text"":""50e3b0eb-5780-49de-9eb5-8d53a51fd146""}]}}",,,,,,,,,,
2025-02-07 11:40:48.411389400+00:00,Registry,TypedPaths | Displays paths that were typed by the user in Windows Explorer,,,,,,,,,,,,,,,NtUser,User Activity,CMI-CreateHive{D43B12B8-09B5-40DB-B4F6-F6DFEB78DAEC}\Software\Microsoft\Windows\CurrentVersion\Explorer\TypedPaths,,,,,,False,False
2025-02-07 11:40:49.284991+00:00,Registry,MountPoints2 | Mount Points - NTUSER,,,,,,,,,,,,,,,NtUser,Devices,CMI-CreateHive{D43B12B8-09B5-40DB-B4F6-F6DFEB78DAEC}\Software\Microsoft\Windows\CurrentVersion\Explorer\MountPoints2\{63d68161-d308-11ef-a184-806e6f6e6963},,,,,,True,False
2025-02-07 11:40:49.284991+00:00,Registry,MountPoints2 | Mount Points - NTUSER,,,,,,,,,,,,,,,NtUser,Devices,CMI-CreateHive{D43B12B8-09B5-40DB-B4F6-F6DFEB78DAEC}\Software\Microsoft\Windows\CurrentVersion\Explorer\MountPoints2\{63d68161-d308-11ef-a184-806e6f6e6963}\shell,(default),RegSz,AutoRun,,,True,False
2025-02-07 11:40:49.284991+00:00,Registry,MountPoints2 | Mount Points - NTUSER,,,,,,,,,,,,,,,NtUser,Devices,CMI-CreateHive{D43B12B8-09B5-40DB-B4F6-F6DFEB78DAEC}\Software\Microsoft\Windows\CurrentVersion\Explorer\MountPoints2\{63d68161-d308-11ef-a184-806e6f6e6963}\shell\AutoRun,(default),RegSz,Install or run program from your media,,,True,False
2025-02-07 11:40:49.284991+00:00,Registry,MountPoints2 | Mount Points - NTUSER,,,,,,,,,,,,,,,NtUser,Devices,CMI-CreateHive{D43B12B8-09B5-40DB-B4F6-F6DFEB78DAEC}\Software\Microsoft\Windows\CurrentVersion\Explorer\MountPoints2\{63d68161-d308-11ef-a184-806e6f6e6963}\shell\AutoRun,SetWorkingDirectoryFromTarget,RegSz,,,,True,False
2025-02-07 11:40:49.284991+00:00,Registry,MountPoints2 | Mount Points - NTUSER,,,,,,,,,,,,,,,NtUser,Devices,CMI-CreateHive{D43B12B8-09B5-40DB-B4F6-F6DFEB78DAEC}\Software\Microsoft\Windows\CurrentVersion\Explorer\MountPoints2\{63d68161-d308-11ef-a184-806e6f6e6963}\shell\AutoRun\command,(default),RegSz,D:\setup.exe,,,True,False
2025-02-07 11:40:49.284991+00:00,Registry,MountPoints2 | Mount Points - NTUSER,,,,,,,,,,,,,,,NtUser,Devices,CMI-CreateHive{D43B12B8-09B5-40DB-B4F6-F6DFEB78DAEC}\Software\Microsoft\Windows\CurrentVersion\Explorer\MountPoints2\{63d68161-d308-11ef-a184-806e6f6e6963}\shell\Autoplay\DropTarget,CLSID,RegSz,{F26A669A-BCBB-4E37-ABF9-7325DA15F931},,,True,False
2025-02-07 11:40:49.284991+00:00,Registry,MountPoints2 | Mount Points - NTUSER,,,,,,,,,,,,,,,NtUser,Devices,CMI-CreateHive{D43B12B8-09B5-40DB-B4F6-F6DFEB78DAEC}\Software\Microsoft\Windows\CurrentVersion\Explorer\MountPoints2\{63d68161-d308-11ef-a184-806e6f6e6963}\_Autorun\DefaultIcon,(default),RegSz,"D:\setup.exe,0",,,True,False
2025-02-07 11:40:49.284991+00:00,Registry,MountPoints2 | Mount Points - NTUSER,,,,,,,,,,,,,,,NtUser,Devices,CMI-CreateHive{D43B12B8-09B5-40DB-B4F6-F6DFEB78DAEC}\Software\Microsoft\Windows\CurrentVersion\Explorer\MountPoints2\{63d68161-d308-11ef-a184-806e6f6e6963}\_Autorun,,,,,,True,False
2025-02-07 11:40:49.284991+00:00,Registry,MountPoints2 | Mount Points - NTUSER,,,,,,,,,,,,,,,NtUser,Devices,CMI-CreateHive{D43B12B8-09B5-40DB-B4F6-F6DFEB78DAEC}\Software\Microsoft\Windows\CurrentVersion\Explorer\MountPoints2\{63d68161-d308-11ef-a184-806e6f6e6963}\shell\Autoplay,MUIVerb,RegSz,"@shell32.dll,-8507",,,True,False
2025-02-07 11:41:10.279039700+00:00,Evtx,,9.0,1016.0,Info,Microsoft-Windows-ReadyBoost,Microsoft-Windows-ReadyBoost/Operational,768.0,572.0,WIN-3M6ADARIMNH,S-1-5-18,,,,False,"{""EventData"":{""Data"":[{""@Name"":""BootPlanTimestamp"",""#text"":""2025-02-07 19:41:10.1854395""},{""@Name"":""ErrorCode"",""#text"":""0""},{""@Name"":""Duration (ms)"",""#text"":""93""},{""@Name"":""Reason"",""#text"":""1""}]}}",,,,,,,,,,
2025-02-07 11:41:10.279039700+00:00,Evtx,,9.0,1016.0,Info,Microsoft-Windows-ReadyBoost,Microsoft-Windows-ReadyBoost/Operational,768.0,572.0,WIN-3M6ADARIMNH,S-1-5-18,,,,False,"{""EventData"":{""Data"":[{""@Name"":""BootPlanTimestamp"",""#text"":""2025-02-07 19:41:10.1854395""},{""@Name"":""ErrorCode"",""#text"":""0""},{""@Name"":""Duration (ms)"",""#text"":""93""},{""@Name"":""Reason"",""#text"":""1""}]}}",,,,,,,,,,
2025-02-07 11:41:17+00:00,Evtx,,813.0,3.0,Info,Virtual Disk Service,System,0.0,0.0,WIN-3M6ADARIMNH,,,,,False,"{""EventData"":{""Data"":""@2010005"",""Binary"":""""}}",,,,,,,,,,
2025-02-07 11:41:17.425055100+00:00,Evtx,Administrative logon,229.0,4672.0,LogAlways,Microsoft-Windows-Security-Auditing,Security,428.0,500.0,WIN-3M6ADARIMNH,,NT AUTHORITY\SYSTEM (S-1-5-18),,,False,"{""EventData"":{""Data"":[{""@Name"":""SubjectUserSid"",""#text"":""S-1-5-18""},{""@Name"":""SubjectUserName"",""#text"":""SYSTEM""},{""@Name"":""SubjectDomainName"",""#text"":""NT AUTHORITY""},{""@Name"":""SubjectLogonId"",""#text"":""0x3E7""},{""@Name"":""PrivilegeList"",""#text"":""SeAssignPrimaryTokenPrivilege, SeTcbPrivilege, SeSecurityPrivilege, SeTakeOwnershipPrivilege, SeLoadDriverPrivilege, SeBackupPrivilege, SeRestorePrivilege, SeDebugPrivilege, SeAuditPrivilege, SeSystemEnvironmentPrivilege, SeImpersonatePrivilege""}]}}",,,,,,,,,,
2025-02-07 11:41:17.425055100+00:00,Evtx,Successful logon,228.0,4624.0,LogAlways,Microsoft-Windows-Security-Auditing,Security,428.0,500.0,WIN-3M6ADARIMNH,,WORKGROUP\WIN-3M6ADARIMNH$, (-),C:\Windows\System32\services.exe,False,"{""EventData"":{""Data"":[{""@Name"":""SubjectUserSid"",""#text"":""S-1-5-18""},{""@Name"":""SubjectUserName"",""#text"":""WIN-3M6ADARIMNH$""},{""@Name"":""SubjectDomainName"",""#text"":""WORKGROUP""},{""@Name"":""SubjectLogonId"",""#text"":""0x3E7""},{""@Name"":""TargetUserSid"",""#text"":""S-1-5-18""},{""@Name"":""TargetUserName"",""#text"":""SYSTEM""},{""@Name"":""TargetDomainName"",""#text"":""NT AUTHORITY""},{""@Name"":""TargetLogonId"",""#text"":""0x3E7""},{""@Name"":""LogonType"",""#text"":""5""},{""@Name"":""LogonProcessName"",""#text"":""Advapi  ""},{""@Name"":""AuthenticationPackageName"",""#text"":""Negotiate""},{""@Name"":""WorkstationName""},{""@Name"":""LogonGuid"",""#text"":""00000000-0000-0000-0000-000000000000""},{""@Name"":""TransmittedServices"",""#text"":""-""},{""@Name"":""LmPackageName"",""#text"":""-""},{""@Name"":""KeyLength"",""#text"":""0""},{""@Name"":""ProcessId"",""#text"":""0x1A4""},{""@Name"":""ProcessName"",""#text"":""C:\\Windows\\System32\\services.exe""},{""@Name"":""IpAddress"",""#text"":""-""},{""@Name"":""IpPort"",""#text"":""-""}]}}",,,,,,,,,,
2025-02-07 11:41:17.440655200+00:00,Evtx,Service started or stopped,814.0,7036.0,Info,Service Control Manager,System,420.0,2824.0,WIN-3M6ADARIMNH,,,,,False,"{""EventData"":{""Data"":[{""@Name"":""param1"",""#text"":""Virtual Disk""},{""@Name"":""param2"",""#text"":""running""}],""Binary"":""76-00-64-00-73-00-2F-00-34-00-00-00""}}",,,,,,,,,,
2025-02-07 11:41:49.919912200+00:00,Evtx,Service started or stopped,815.0,7036.0,Info,Service Control Manager,System,420.0,2824.0,WIN-3M6ADARIMNH,,,,,False,"{""EventData"":{""Data"":[{""@Name"":""param1"",""#text"":""Volume Shadow Copy""},{""@Name"":""param2"",""#text"":""stopped""}],""Binary"":""56-00-53-00-53-00-2F-00-31-00-00-00""}}",,,,,,,,,,
2025-02-07 11:42:39.880000900+00:00,Evtx,,10.0,1020.0,Info,Microsoft-Windows-ReadyBoost,Microsoft-Windows-ReadyBoost/Operational,768.0,2840.0,WIN-3M6ADARIMNH,S-1-5-18,,,,False,"{""EventData"":{""Data"":{""@Name"":""DeviceName"",""#text"":""Unknown Unknown""}}}",,,,,,,,,,
2025-02-07 11:42:39.880000900+00:00,Evtx,,10.0,1020.0,Info,Microsoft-Windows-ReadyBoost,Microsoft-Windows-ReadyBoost/Operational,768.0,2840.0,WIN-3M6ADARIMNH,S-1-5-18,,,,False,"{""EventData"":{""Data"":{""@Name"":""DeviceName"",""#text"":""Unknown Unknown""}}}",,,,,,,,,,
2025-02-07 11:44:49.926634+00:00,Evtx,Service started or stopped,816.0,7036.0,Info,Service Control Manager,System,420.0,2052.0,WIN-3M6ADARIMNH,,,,,False,"{""EventData"":{""Data"":[{""@Name"":""param1"",""#text"":""Microsoft Software Shadow Copy Provider""},{""@Name"":""param2"",""#text"":""stopped""}],""Binary"":""73-00-77-00-70-00-72-00-76-00-2F-00-31-00-00-00""}}",,,,,,,,,,
2025-02-07 11:46:19.318829500+00:00,Evtx,,817.0,206.0,Info,Microsoft-Windows-Application-Experience,System,768.0,808.0,WIN-3M6ADARIMNH,S-1-5-18,,,,False,"{""EventData"":""""}",,,,,,,,,,
2025-02-07 11:46:19.334429500+00:00,Registry,AppCompatFlags | Displays programs that are configured to run in Compatibility Mode in Windows,,,,,,,,,,,,,,,NtUser,Program Execution,CMI-CreateHive{D43B12B8-09B5-40DB-B4F6-F6DFEB78DAEC}\Software\Microsoft\Windows NT\CurrentVersion\AppCompatFlags,Multiple,(plugin),Path: C:\Users\victim machine\Desktop\Exterro_FTK_Imager_(x64)-4.7.3.81.exe,,,False,False
2025-02-07 11:46:19.334429500+00:00,Registry,AppCompatFlags | Displays programs that are configured to run in Compatibility Mode in Windows,,,,,,,,,,,,,,,NtUser,Program Execution,CMI-CreateHive{D43B12B8-09B5-40DB-B4F6-F6DFEB78DAEC}\Software\Microsoft\Windows NT\CurrentVersion\AppCompatFlags,Multiple,(plugin),Path: C:\Users\victim machine\Desktop\AccessData_FTK_Imager_4.7.1.exe,,,False,False
