2025-01-15 06:17:57.589256400+00:00,Evtx,,4.0,5321.0,Info,Microsoft-Windows-GroupPolicy,Microsoft-Windows-GroupPolicy/Operational,852.0,880.0,37L4247F27-25,S-1-5-18,,,,False,"{""EventData"":{""Data"":[{""@Name"":""InfoDescription"",""#text"":""%%4167""},{""@Name"":""OperationParameter1"",""#text"":""baccaddc-0dcb-4c5a-9dc1-ba8821187bea""}]}}",,,,,,,,,,
2025-01-15 06:17:58.572058100+00:00,Evtx,Service started or stopped,83.0,7036.0,Info,Service Control Manager,System,436.0,556.0,37L4247F27-25,,,,,False,"{""EventData"":{""Data"":[{""@Name"":""param1"",""#text"":""COM+ Event System""},{""@Name"":""param2"",""#text"":""running""}],""Binary"":""45-00-76-00-65-00-6E-00-74-00-53-00-79-00-73-00-74-00-65-00-6D-00-2F-00-34-00-00-00""}}",,,,,,,,,,
2025-01-15 06:17:58.587658100+00:00,Evtx,Service started or stopped,84.0,7036.0,Info,Service Control Manager,System,436.0,556.0,37L4247F27-25,,,,,False,"{""EventData"":{""Data"":[{""@Name"":""param1"",""#text"":""System Event Notification Service""},{""@Name"":""param2"",""#text"":""running""}],""Binary"":""53-00-45-00-4E-00-53-00-2F-00-34-00-00-00""}}",,,,,,,,,,
2025-01-15 06:17:58.634458200+00:00,Evtx,Service started or stopped,85.0,7036.0,Info,Service Control Manager,System,436.0,556.0,37L4247F27-25,,,,,False,"{""EventData"":{""Data"":[{""@Name"":""param1"",""#text"":""Windows Modules Installer""},{""@Name"":""param2"",""#text"":""running""}],""Binary"":""54-00-72-00-75-00-73-00-74-00-65-00-64-00-49-00-6E-00-73-00-74-00-61-00-6C-00-6C-00-65-00-72-00-2F-00-34-00-00-00""}}",,,,,,,,,,
2025-01-15 06:17:58.634458200+00:00,Evtx,Service started or stopped,86.0,7036.0,Info,Service Control Manager,System,436.0,556.0,37L4247F27-25,,,,,False,"{""EventData"":{""Data"":[{""@Name"":""param1"",""#text"":""Desktop Window Manager Session Manager""},{""@Name"":""param2"",""#text"":""running""}],""Binary"":""55-00-78-00-53-00-6D-00-73-00-2F-00-34-00-00-00""}}",,,,,,,,,,
2025-01-15 06:17:58.634458200+00:00,Evtx,Service started or stopped,87.0,7036.0,Info,Service Control Manager,System,436.0,548.0,37L4247F27-25,,,,,False,"{""EventData"":{""Data"":[{""@Name"":""param1"",""#text"":""Security Accounts Manager""},{""@Name"":""param2"",""#text"":""running""}],""Binary"":""53-00-61-00-6D-00-53-00-73-00-2F-00-34-00-00-00""}}",,,,,,,,,,
2025-01-15 06:17:58.774858500+00:00,Evtx,Service started or stopped,88.0,7036.0,Info,Service Control Manager,System,436.0,548.0,37L4247F27-25,,,,,False,"{""EventData"":{""Data"":[{""@Name"":""param1"",""#text"":""Network Store Interface Service""},{""@Name"":""param2"",""#text"":""running""}],""Binary"":""6E-00-73-00-69-00-2F-00-34-00-00-00""}}",,,,,,,,,,
2025-01-15 06:17:58.774858500+00:00,Evtx,Service started or stopped,89.0,7036.0,Info,Service Control Manager,System,436.0,548.0,37L4247F27-25,,,,,False,"{""EventData"":{""Data"":[{""@Name"":""param1"",""#text"":""TCP/IP NetBIOS Helper""},{""@Name"":""param2"",""#text"":""running""}],""Binary"":""6C-00-6D-00-68-00-6F-00-73-00-74-00-73-00-2F-00-34-00-00-00""}}",,,,,,,,,,
2025-01-15 06:17:58.790458500+00:00,Evtx,,90.0,50036.0,Info,Microsoft-Windows-Dhcp-Client,System,792.0,100.0,37L4247F27-25,S-1-5-19,,,,False,"{""EventData"":""""}",,,,,,,,,,
2025-01-15 06:17:58.806058500+00:00,Evtx,,91.0,51046.0,Info,Microsoft-Windows-DHCPv6-Client,System,792.0,268.0,37L4247F27-25,S-1-5-19,,,,False,"{""EventData"":""""}",,,,,,,,,,
2025-01-15 06:17:58.806058500+00:00,Evtx,Service started or stopped,92.0,7036.0,Info,Service Control Manager,System,436.0,548.0,37L4247F27-25,,,,,False,"{""EventData"":{""Data"":[{""@Name"":""param1"",""#text"":""DHCP Client""},{""@Name"":""param2"",""#text"":""running""}],""Binary"":""44-00-68-00-63-00-70-00-2F-00-34-00-00-00""}}",,,,,,,,,,
2025-01-15 06:17:58.821658600+00:00,Evtx,Service started or stopped,93.0,7036.0,Info,Service Control Manager,System,436.0,548.0,37L4247F27-25,,,,,False,"{""EventData"":{""Data"":[{""@Name"":""param1"",""#text"":""DNS Client""},{""@Name"":""param2"",""#text"":""running""}],""Binary"":""44-00-6E-00-73-00-63-00-61-00-63-00-68-00-65-00-2F-00-34-00-00-00""}}",,,,,,,,,,
2025-01-15 06:17:58.821658600+00:00,Evtx,Service started or stopped,94.0,7036.0,Info,Service Control Manager,System,436.0,548.0,37L4247F27-25,,,,,False,"{""EventData"":{""Data"":[{""@Name"":""param1"",""#text"":""Shell Hardware Detection""},{""@Name"":""param2"",""#text"":""running""}],""Binary"":""53-00-68-00-65-00-6C-00-6C-00-48-00-57-00-44-00-65-00-74-00-65-00-63-00-74-00-69-00-6F-00-6E-00-2F-00-34-00-00-00""}}",,,,,,,,,,
2025-01-15 06:17:58.837258600+00:00,Evtx,Service started or stopped,95.0,7036.0,Info,Service Control Manager,System,436.0,548.0,37L4247F27-25,,,,,False,"{""EventData"":{""Data"":[{""@Name"":""param1"",""#text"":""Shell Hardware Detection""},{""@Name"":""param2"",""#text"":""stopped""}],""Binary"":""53-00-68-00-65-00-6C-00-6C-00-48-00-57-00-44-00-65-00-74-00-65-00-63-00-74-00-69-00-6F-00-6E-00-2F-00-31-00-00-00""}}",,,,,,,,,,
2025-01-15 06:17:58.993258900+00:00,Evtx,Service started or stopped,96.0,7036.0,Info,Service Control Manager,System,436.0,548.0,37L4247F27-25,,,,,False,"{""EventData"":{""Data"":[{""@Name"":""param1"",""#text"":""Task Scheduler""},{""@Name"":""param2"",""#text"":""running""}],""Binary"":""53-00-63-00-68-00-65-00-64-00-75-00-6C-00-65-00-2F-00-34-00-00-00""}}",,,,,,,,,,
2025-01-15 06:17:59.040058900+00:00,Evtx,Successful logon,16.0,4624.0,LogAlways,Microsoft-Windows-Security-Auditing,Security,452.0,516.0,37L4247F27-25,,WORKGROUP\37L4247F27-25$, (-),C:\Windows\System32\services.exe,False,"{""EventData"":{""Data"":[{""@Name"":""SubjectUserSid"",""#text"":""S-1-5-18""},{""@Name"":""SubjectUserName"",""#text"":""37L4247F27-25$""},{""@Name"":""SubjectDomainName"",""#text"":""WORKGROUP""},{""@Name"":""SubjectLogonId"",""#text"":""0x3E7""},{""@Name"":""TargetUserSid"",""#text"":""S-1-5-18""},{""@Name"":""TargetUserName"",""#text"":""SYSTEM""},{""@Name"":""TargetDomainName"",""#text"":""NT AUTHORITY""},{""@Name"":""TargetLogonId"",""#text"":""0x3E7""},{""@Name"":""LogonType"",""#text"":""5""},{""@Name"":""LogonProcessName"",""#text"":""Advapi  ""},{""@Name"":""AuthenticationPackageName"",""#text"":""Negotiate""},{""@Name"":""WorkstationName""},{""@Name"":""LogonGuid"",""#text"":""00000000-0000-0000-0000-000000000000""},{""@Name"":""TransmittedServices"",""#text"":""-""},{""@Name"":""LmPackageName"",""#text"":""-""},{""@Name"":""KeyLength"",""#text"":""0""},{""@Name"":""ProcessId"",""#text"":""0x1B4""},{""@Name"":""ProcessName"",""#text"":""C:\\Windows\\System32\\services.exe""},{""@Name"":""IpAddress"",""#text"":""-""},{""@Name"":""IpPort"",""#text"":""-""}]}}",,,,,,,,,,
2025-01-15 06:17:59.040058900+00:00,Evtx,Administrative logon,17.0,4672.0,LogAlways,Microsoft-Windows-Security-Auditing,Security,452.0,516.0,37L4247F27-25,,NT AUTHORITY\SYSTEM (S-1-5-18),,,False,"{""EventData"":{""Data"":[{""@Name"":""SubjectUserSid"",""#text"":""S-1-5-18""},{""@Name"":""SubjectUserName"",""#text"":""SYSTEM""},{""@Name"":""SubjectDomainName"",""#text"":""NT AUTHORITY""},{""@Name"":""SubjectLogonId"",""#text"":""0x3E7""},{""@Name"":""PrivilegeList"",""#text"":""SeAssignPrimaryTokenPrivilege, SeTcbPrivilege, SeSecurityPrivilege, SeTakeOwnershipPrivilege, SeLoadDriverPrivilege, SeBackupPrivilege, SeRestorePrivilege, SeDebugPrivilege, SeAuditPrivilege, SeSystemEnvironmentPrivilege, SeImpersonatePrivilege""}]}}",,,,,,,,,,
2025-01-15 06:17:59.086859+00:00,Evtx,Service started or stopped,97.0,7036.0,Info,Service Control Manager,System,436.0,556.0,37L4247F27-25,,,,,False,"{""EventData"":{""Data"":[{""@Name"":""param1"",""#text"":""Print Spooler""},{""@Name"":""param2"",""#text"":""running""}],""Binary"":""53-00-70-00-6F-00-6F-00-6C-00-65-00-72-00-2F-00-34-00-00-00""}}",,,,,,,,,,
2025-01-15 06:17:59.164859200+00:00,Evtx,Service started or stopped,98.0,7036.0,Info,Service Control Manager,System,436.0,556.0,37L4247F27-25,,,,,False,"{""EventData"":{""Data"":[{""@Name"":""param1"",""#text"":""Base Filtering Engine""},{""@Name"":""param2"",""#text"":""running""}],""Binary"":""42-00-46-00-45-00-2F-00-34-00-00-00""}}",,,,,,,,,,
2025-01-15 06:17:59.180459200+00:00,Evtx,,18.0,5033.0,LogAlways,Microsoft-Windows-Security-Auditing,Security,4.0,56.0,37L4247F27-25,,,,,False,"{""EventData"":""""}",,,,,,,,,,
2025-01-15 06:17:59.461259700+00:00,Evtx,Service started or stopped,99.0,7036.0,Info,Service Control Manager,System,436.0,556.0,37L4247F27-25,,,,,False,"{""EventData"":{""Data"":[{""@Name"":""param1"",""#text"":""Windows Firewall""},{""@Name"":""param2"",""#text"":""running""}],""Binary"":""4D-00-70-00-73-00-53-00-76-00-63-00-2F-00-34-00-00-00""}}",,,,,,,,,,
2025-01-15 06:17:59.476859700+00:00,Evtx,Service started or stopped,100.0,7036.0,Info,Service Control Manager,System,436.0,556.0,37L4247F27-25,,,,,False,"{""EventData"":{""Data"":[{""@Name"":""param1"",""#text"":""Workstation""},{""@Name"":""param2"",""#text"":""running""}],""Binary"":""4C-00-61-00-6E-00-6D-00-61-00-6E-00-57-00-6F-00-72-00-6B-00-73-00-74-00-61-00-74-00-69-00-6F-00-6E-00-2F-00-34-00-00-00""}}",,,,,,,,,,
2025-01-15 06:17:59.570459900+00:00,Evtx,Service started or stopped,101.0,7036.0,Info,Service Control Manager,System,436.0,556.0,37L4247F27-25,,,,,False,"{""EventData"":{""Data"":[{""@Name"":""param1"",""#text"":""Cryptographic Services""},{""@Name"":""param2"",""#text"":""running""}],""Binary"":""43-00-72-00-79-00-70-00-74-00-53-00-76-00-63-00-2F-00-34-00-00-00""}}",,,,,,,,,,
2025-01-15 06:17:59.570459900+00:00,Evtx,,102.0,201.0,Info,Microsoft-Windows-Application-Experience,System,828.0,1040.0,37L4247F27-25,S-1-5-18,,,,False,"{""EventData"":""""}",,,,,,,,,,
2025-01-15 06:17:59.570459900+00:00,Evtx,Service started or stopped,103.0,7036.0,Info,Service Control Manager,System,436.0,524.0,37L4247F27-25,,,,,False,"{""EventData"":{""Data"":[{""@Name"":""param1"",""#text"":""Program Compatibility Assistant Service""},{""@Name"":""param2"",""#text"":""running""}],""Binary"":""50-00-63-00-61-00-53-00-76-00-63-00-2F-00-34-00-00-00""}}",,,,,,,,,,
2025-01-15 06:17:59.601659900+00:00,Evtx,Service started or stopped,104.0,7036.0,Info,Service Control Manager,System,436.0,556.0,37L4247F27-25,,,,,False,"{""EventData"":{""Data"":[{""@Name"":""param1"",""#text"":""Diagnostic Policy Service""},{""@Name"":""param2"",""#text"":""running""}],""Binary"":""44-00-50-00-53-00-2F-00-34-00-00-00""}}",,,,,,,,,,
2025-01-15 06:17:59.679660100+00:00,Evtx,Service started or stopped,105.0,7036.0,Info,Service Control Manager,System,436.0,556.0,37L4247F27-25,,,,,False,"{""EventData"":{""Data"":[{""@Name"":""param1"",""#text"":""Superfetch""},{""@Name"":""param2"",""#text"":""running""}],""Binary"":""53-00-79-00-73-00-4D-00-61-00-69-00-6E-00-2F-00-34-00-00-00""}}",,,,,,,,,,
2025-01-15 06:17:59.695260100+00:00,Evtx,Service started or stopped,106.0,7036.0,Info,Service Control Manager,System,436.0,548.0,37L4247F27-25,,,,,False,"{""EventData"":{""Data"":[{""@Name"":""param1"",""#text"":""Distributed Link Tracking Client""},{""@Name"":""param2"",""#text"":""running""}],""Binary"":""54-00-72-00-6B-00-57-00-6B-00-73-00-2F-00-34-00-00-00""}}",,,,,,,,,,
2025-01-15 06:17:59.710860100+00:00,Evtx,Service started or stopped,107.0,7036.0,Info,Service Control Manager,System,436.0,548.0,37L4247F27-25,,,,,False,"{""EventData"":{""Data"":[{""@Name"":""param1"",""#text"":""Network Location Awareness""},{""@Name"":""param2"",""#text"":""running""}],""Binary"":""4E-00-6C-00-61-00-53-00-76-00-63-00-2F-00-34-00-00-00""}}",,,,,,,,,,
2025-01-15 06:17:59.773260200+00:00,Evtx,,19.0,5024.0,LogAlways,Microsoft-Windows-Security-Auditing,Security,452.0,516.0,37L4247F27-25,,,,,False,"{""EventData"":""""}",,,,,,,,,,
2025-01-15 06:17:59.788860300+00:00,Evtx,Service started or stopped,108.0,7036.0,Info,Service Control Manager,System,436.0,556.0,37L4247F27-25,,,,,False,"{""EventData"":{""Data"":[{""@Name"":""param1"",""#text"":""Windows Management Instrumentation""},{""@Name"":""param2"",""#text"":""running""}],""Binary"":""57-00-69-00-6E-00-6D-00-67-00-6D-00-74-00-2F-00-34-00-00-00""}}",,,,,,,,,,
2025-01-15 06:17:59.835660300+00:00,Evtx,Service started or stopped,109.0,7036.0,Info,Service Control Manager,System,436.0,548.0,37L4247F27-25,,,,,False,"{""EventData"":{""Data"":[{""@Name"":""param1"",""#text"":""IP Helper""},{""@Name"":""param2"",""#text"":""running""}],""Binary"":""69-00-70-00-68-00-6C-00-70-00-73-00-76-00-63-00-2F-00-34-00-00-00""}}",,,,,,,,,,
2025-01-15 06:17:59.913660500+00:00,Evtx,Successful logon,20.0,4624.0,LogAlways,Microsoft-Windows-Security-Auditing,Security,452.0,516.0,37L4247F27-25,,-\-, (-),-,False,"{""EventData"":{""Data"":[{""@Name"":""SubjectUserSid"",""#text"":""S-1-0-0""},{""@Name"":""SubjectUserName"",""#text"":""-""},{""@Name"":""SubjectDomainName"",""#text"":""-""},{""@Name"":""SubjectLogonId"",""#text"":""0x0""},{""@Name"":""TargetUserSid"",""#text"":""S-1-5-7""},{""@Name"":""TargetUserName"",""#text"":""ANONYMOUS LOGON""},{""@Name"":""TargetDomainName"",""#text"":""NT AUTHORITY""},{""@Name"":""TargetLogonId"",""#text"":""0x41A7E""},{""@Name"":""LogonType"",""#text"":""3""},{""@Name"":""LogonProcessName"",""#text"":""NtLmSsp ""},{""@Name"":""AuthenticationPackageName"",""#text"":""NTLM""},{""@Name"":""WorkstationName""},{""@Name"":""LogonGuid"",""#text"":""00000000-0000-0000-0000-000000000000""},{""@Name"":""TransmittedServices"",""#text"":""-""},{""@Name"":""LmPackageName"",""#text"":""NTLM V1""},{""@Name"":""KeyLength"",""#text"":""0""},{""@Name"":""ProcessId"",""#text"":""0x0""},{""@Name"":""ProcessName"",""#text"":""-""},{""@Name"":""IpAddress"",""#text"":""-""},{""@Name"":""IpPort"",""#text"":""-""}]}}",,,,,,,,,,
2025-01-15 06:17:59.929260500+00:00,Evtx,Service started or stopped,110.0,7036.0,Info,Service Control Manager,System,436.0,548.0,37L4247F27-25,,,,,False,"{""EventData"":{""Data"":[{""@Name"":""param1"",""#text"":""Server""},{""@Name"":""param2"",""#text"":""running""}],""Binary"":""4C-00-61-00-6E-00-6D-00-61-00-6E-00-53-00-65-00-72-00-76-00-65-00-72-00-2F-00-34-00-00-00""}}",,,,,,,,,,
2025-01-15 06:18:00.194461+00:00,Evtx,Service started or stopped,111.0,7036.0,Info,Service Control Manager,System,436.0,524.0,37L4247F27-25,,,,,False,"{""EventData"":{""Data"":[{""@Name"":""param1"",""#text"":""Diagnostic Service Host""},{""@Name"":""param2"",""#text"":""running""}],""Binary"":""57-00-64-00-69-00-53-00-65-00-72-00-76-00-69-00-63-00-65-00-48-00-6F-00-73-00-74-00-2F-00-34-00-00-00""}}",,,,,,,,,,
2025-01-15 06:18:00.412861400+00:00,Evtx,Service started or stopped,113.0,7036.0,Info,Service Control Manager,System,436.0,532.0,37L4247F27-25,,,,,False,"{""EventData"":{""Data"":[{""@Name"":""param1"",""#text"":""Application Experience""},{""@Name"":""param2"",""#text"":""running""}],""Binary"":""41-00-65-00-4C-00-6F-00-6F-00-6B-00-75-00-70-00-53-00-76-00-63-00-2F-00-34-00-00-00""}}",,,,,,,,,,
2025-01-15 06:18:00.412861400+00:00,Evtx,Service started or stopped,112.0,7036.0,Info,Service Control Manager,System,436.0,524.0,37L4247F27-25,,,,,False,"{""EventData"":{""Data"":[{""@Name"":""param1"",""#text"":""Network List Service""},{""@Name"":""param2"",""#text"":""running""}],""Binary"":""6E-00-65-00-74-00-70-00-72-00-6F-00-66-00-6D-00-2F-00-34-00-00-00""}}",,,,,,,,,,
2025-01-15 06:18:00.522061500+00:00,Evtx,Service started or stopped,114.0,7036.0,Info,Service Control Manager,System,436.0,532.0,37L4247F27-25,,,,,False,"{""EventData"":{""Data"":[{""@Name"":""param1"",""#text"":""Diagnostic System Host""},{""@Name"":""param2"",""#text"":""running""}],""Binary"":""57-00-64-00-69-00-53-00-79-00-73-00-74-00-65-00-6D-00-48-00-6F-00-73-00-74-00-2F-00-34-00-00-00""}}",,,,,,,,,,
2025-01-15 06:18:00.880862200+00:00,Evtx,,2.0,105.0,Info,Microsoft-Windows-Diagnosis-DPS,Microsoft-Windows-Diagnosis-DPS/Operational,736.0,848.0,37L4247F27-25,S-1-5-19,,,,False,"{""EventData"":{""Data"":[{""@Name"":""ScenarioId"",""#text"":""2698178d-fdad-40ae-9d3c-1371703adc5b""},{""@Name"":""InstanceId"",""#text"":""c2a2a1dc-e5fe-4b54-862a-2940777813f3""},{""@Name"":""OriginalActivityId"",""#text"":""2698178d-fdad-40ae-9d3c-1371703adc5b""},{""@Name"":""DiagnosticModuleImageName"",""#text"":""%SystemRoot%\\system32\\diagperf.dll""},{""@Name"":""DiagnosticModuleId"",""#text"":""15fba3b8-a37a-4f91-bdba-fbb98fe804bf""}]}}",,,,,,,,,,
2025-01-15 06:18:00.880862200+00:00,Evtx,,1.0,100.0,Info,Microsoft-Windows-Diagnosis-DPS,Microsoft-Windows-Diagnosis-DPS/Operational,736.0,848.0,37L4247F27-25,S-1-5-19,,,,False,"{""EventData"":{""Data"":[{""@Name"":""ScenarioId"",""#text"":""2698178d-fdad-40ae-9d3c-1371703adc5b""},{""@Name"":""InstanceId"",""#text"":""c2a2a1dc-e5fe-4b54-862a-2940777813f3""},{""@Name"":""OriginalActivityId"",""#text"":""2698178d-fdad-40ae-9d3c-1371703adc5b""},{""@Name"":""DiagnosticModuleImageName"",""#text"":""%SystemRoot%\\system32\\diagperf.dll""},{""@Name"":""DiagnosticModuleId"",""#text"":""15fba3b8-a37a-4f91-bdba-fbb98fe804bf""}]}}",,,,,,,,,,
2025-01-15 06:18:01.083662500+00:00,Evtx,Service started or stopped,115.0,7036.0,Info,Service Control Manager,System,436.0,524.0,37L4247F27-25,,,,,False,"{""EventData"":{""Data"":[{""@Name"":""param1"",""#text"":""Portable Device Enumerator Service""},{""@Name"":""param2"",""#text"":""running""}],""Binary"":""57-00-50-00-44-00-42-00-75-00-73-00-45-00-6E-00-75-00-6D-00-2F-00-34-00-00-00""}}",,,,,,,,,,
2025-01-15 06:18:01.333263+00:00,Evtx,Service installation,116.0,20003.0,Info,Microsoft-Windows-UserPnp,System,1284.0,1300.0,37L4247F27-25,S-1-5-18,,,system32\DRIVERS\volmgr.sys,False,"{""UserData"":{""AddServiceID"":{""ServiceName"":""volmgr"",""DriverFileName"":""system32\\DRIVERS\\volmgr.sys"",""DeviceInstanceID"":""ROOT\\VOLMGR\\0000"",""PrimaryService"":""True"",""UpdateService"":""True"",""AddServiceStatus"":""0""}}}",,,,,,,,,,
2025-01-15 06:18:01.348863+00:00,Evtx,Device installation,117.0,20001.0,Info,Microsoft-Windows-UserPnp,System,1284.0,1300.0,37L4247F27-25,S-1-5-18,,,FileRepository\machine.inf_amd64_neutral_a2f120466549d68b\machine.inf,False,"{""UserData"":{""InstallDeviceID"":{""DriverName"":""FileRepository\\machine.inf_amd64_neutral_a2f120466549d68b\\machine.inf"",""DriverVersion"":""6.1.7601.17514"",""DriverProvider"":""Microsoft"",""DeviceInstanceID"":""ROOT\\VOLMGR\\0000"",""SetupClass"":""4d36e97d-e325-11ce-bfc1-08002be10318"",""RebootOption"":""True"",""UpgradeDevice"":""True"",""IsDriverOEM"":""False"",""InstallStatus"":""0x0"",""DriverDescription"":""Volume Manager""}}}",,,,,,,,,,
2025-01-15 06:18:01.442463200+00:00,Evtx,Service installation,118.0,20003.0,Info,Microsoft-Windows-UserPnp,System,1344.0,1352.0,37L4247F27-25,S-1-5-18,,,system32\DRIVERS\blbdrive.sys,False,"{""UserData"":{""AddServiceID"":{""ServiceName"":""blbdrive"",""DriverFileName"":""system32\\DRIVERS\\blbdrive.sys"",""DeviceInstanceID"":""ROOT\\BLBDRIVE\\0000"",""PrimaryService"":""True"",""UpdateService"":""True"",""AddServiceStatus"":""0""}}}",,,,,,,,,,
2025-01-15 06:18:01.536063300+00:00,Evtx,Device installation,119.0,20001.0,Info,Microsoft-Windows-UserPnp,System,1344.0,1352.0,37L4247F27-25,S-1-5-18,,,FileRepository\blbdrive.inf_amd64_neutral_1aa816fe7dc98c3f\blbdrive.inf,False,"{""UserData"":{""InstallDeviceID"":{""DriverName"":""FileRepository\\blbdrive.inf_amd64_neutral_1aa816fe7dc98c3f\\blbdrive.inf"",""DriverVersion"":""6.1.7600.16385"",""DriverProvider"":""Microsoft"",""DeviceInstanceID"":""ROOT\\BLBDRIVE\\0000"",""SetupClass"":""4d36e97d-e325-11ce-bfc1-08002be10318"",""RebootOption"":""True"",""UpgradeDevice"":""True"",""IsDriverOEM"":""False"",""InstallStatus"":""0x0"",""DriverDescription"":""File as Volume Driver""}}}",,,,,,,,,,
2025-01-15 06:18:01.676463600+00:00,Evtx,Device installation,120.0,20001.0,Info,Microsoft-Windows-UserPnp,System,1304.0,1336.0,37L4247F27-25,S-1-5-18,,,FileRepository\hal.inf_amd64_neutral_232b95977cf6d84c\hal.inf,False,"{""UserData"":{""InstallDeviceID"":{""DriverName"":""FileRepository\\hal.inf_amd64_neutral_232b95977cf6d84c\\hal.inf"",""DriverVersion"":""6.1.7600.16385"",""DriverProvider"":""Microsoft"",""DeviceInstanceID"":""ROOT\\ACPI_HAL\\0000"",""SetupClass"":""4d36e966-e325-11ce-bfc1-08002be10318"",""RebootOption"":""True"",""UpgradeDevice"":""True"",""IsDriverOEM"":""False"",""InstallStatus"":""0x0"",""DriverDescription"":""ACPI x64-based PC""}}}",,,,,,,,,,
2025-01-15 06:18:01.785663800+00:00,Evtx,Service installation,121.0,20003.0,Info,Microsoft-Windows-UserPnp,System,1312.0,1340.0,37L4247F27-25,S-1-5-18,,,system32\DRIVERS\mssmbios.sys,False,"{""UserData"":{""AddServiceID"":{""ServiceName"":""mssmbios"",""DriverFileName"":""system32\\DRIVERS\\mssmbios.sys"",""DeviceInstanceID"":""ROOT\\MSSMBIOS\\0000"",""PrimaryService"":""True"",""UpdateService"":""True"",""AddServiceStatus"":""0""}}}",,,,,,,,,,
2025-01-15 06:18:01.972864100+00:00,Evtx,Device installation,122.0,20001.0,Info,Microsoft-Windows-UserPnp,System,1312.0,1340.0,37L4247F27-25,S-1-5-18,,,FileRepository\machine.inf_amd64_neutral_a2f120466549d68b\machine.inf,False,"{""UserData"":{""InstallDeviceID"":{""DriverName"":""FileRepository\\machine.inf_amd64_neutral_a2f120466549d68b\\machine.inf"",""DriverVersion"":""6.1.7601.17514"",""DriverProvider"":""Microsoft"",""DeviceInstanceID"":""ROOT\\MSSMBIOS\\0000"",""SetupClass"":""4d36e97d-e325-11ce-bfc1-08002be10318"",""RebootOption"":""False"",""UpgradeDevice"":""False"",""IsDriverOEM"":""False"",""InstallStatus"":""0x0"",""DriverDescription"":""Microsoft System Management BIOS Driver""}}}",,,,,,,,,,
2025-01-15 06:18:02.269264600+00:00,Evtx,Service installation,123.0,20003.0,Info,Microsoft-Windows-UserPnp,System,1540.0,1564.0,37L4247F27-25,S-1-5-18,,,system32\DRIVERS\CompositeBus.sys,False,"{""UserData"":{""AddServiceID"":{""ServiceName"":""CompositeBus"",""DriverFileName"":""system32\\DRIVERS\\CompositeBus.sys"",""DeviceInstanceID"":""ROOT\\COMPOSITEBUS\\0000"",""PrimaryService"":""True"",""UpdateService"":""True"",""AddServiceStatus"":""0""}}}",,,,,,,,,,
2025-01-15 06:18:02.425264900+00:00,Evtx,Device installation,124.0,20001.0,Info,Microsoft-Windows-UserPnp,System,1540.0,1564.0,37L4247F27-25,S-1-5-18,,,FileRepository\compositebus.inf_amd64_neutral_b9280780a8000d4b\compositebus.inf,False,"{""UserData"":{""InstallDeviceID"":{""DriverName"":""FileRepository\\compositebus.inf_amd64_neutral_b9280780a8000d4b\\compositebus.inf"",""DriverVersion"":""6.1.7601.17514"",""DriverProvider"":""Microsoft"",""DeviceInstanceID"":""ROOT\\COMPOSITEBUS\\0000"",""SetupClass"":""4d36e97d-e325-11ce-bfc1-08002be10318"",""RebootOption"":""False"",""UpgradeDevice"":""True"",""IsDriverOEM"":""False"",""InstallStatus"":""0x0"",""DriverDescription"":""Composite Bus Enumerator""}}}",,,,,,,,,,
2025-01-15 06:18:03.002465900+00:00,Evtx,Service installation,125.0,20003.0,Info,Microsoft-Windows-UserPnp,System,1572.0,1580.0,37L4247F27-25,S-1-5-18,,,system32\DRIVERS\rasl2tp.sys,False,"{""UserData"":{""AddServiceID"":{""ServiceName"":""Rasl2tp"",""DriverFileName"":""system32\\DRIVERS\\rasl2tp.sys"",""DeviceInstanceID"":""ROOT\\MS_L2TPMINIPORT\\0000"",""PrimaryService"":""True"",""UpdateService"":""True"",""AddServiceStatus"":""0""}}}",,,,,,,,,,
2025-01-15 06:18:03.267666400+00:00,Evtx,Device installation,126.0,20001.0,Info,Microsoft-Windows-UserPnp,System,1572.0,1580.0,37L4247F27-25,S-1-5-18,,,,False,"{""UserData"":{""InstallDeviceID"":{""DriverName"":"""",""DriverVersion"":""6.1.7601.17514"",""DriverProvider"":""Microsoft"",""DeviceInstanceID"":""ROOT\\MS_L2TPMINIPORT\\0000"",""SetupClass"":""4d36e972-e325-11ce-bfc1-08002be10318"",""RebootOption"":""False"",""UpgradeDevice"":""True"",""IsDriverOEM"":""False"",""InstallStatus"":""0x0"",""DriverDescription"":""WAN Miniport (L2TP)""}}}",,,,,,,,,,
2025-01-15 06:18:03.454866700+00:00,Evtx,Service installation,127.0,20003.0,Info,Microsoft-Windows-UserPnp,System,1596.0,1604.0,37L4247F27-25,S-1-5-18,,,system32\DRIVERS\ndiswan.sys,False,"{""UserData"":{""AddServiceID"":{""ServiceName"":""NdisWan"",""DriverFileName"":""system32\\DRIVERS\\ndiswan.sys"",""DeviceInstanceID"":""ROOT\\MS_NDISWANBH\\0000"",""PrimaryService"":""True"",""UpdateService"":""True"",""AddServiceStatus"":""0""}}}",,,,,,,,,,
2025-01-15 06:18:03.470466700+00:00,Evtx,Service installation,128.0,20003.0,Info,Microsoft-Windows-UserPnp,System,1596.0,1604.0,37L4247F27-25,S-1-5-18,,,system32\DRIVERS\ndistapi.sys,False,"{""UserData"":{""AddServiceID"":{""ServiceName"":""NdisTapi"",""DriverFileName"":""system32\\DRIVERS\\ndistapi.sys"",""DeviceInstanceID"":""ROOT\\MS_NDISWANBH\\0000"",""PrimaryService"":""False"",""UpdateService"":""True"",""AddServiceStatus"":""0""}}}",,,,,,,,,,
2025-01-15 06:18:03.657667100+00:00,Evtx,Device installation,129.0,20001.0,Info,Microsoft-Windows-UserPnp,System,1596.0,1604.0,37L4247F27-25,S-1-5-18,,,,False,"{""UserData"":{""InstallDeviceID"":{""DriverName"":"""",""DriverVersion"":""6.1.7601.17514"",""DriverProvider"":""Microsoft"",""DeviceInstanceID"":""ROOT\\MS_NDISWANBH\\0000"",""SetupClass"":""4d36e972-e325-11ce-bfc1-08002be10318"",""RebootOption"":""False"",""UpgradeDevice"":""True"",""IsDriverOEM"":""False"",""InstallStatus"":""0x0"",""DriverDescription"":""WAN Miniport (Network Monitor)""}}}",,,,,,,,,,
2025-01-15 06:18:03.704467100+00:00,Evtx,Service installation,130.0,20003.0,Info,Microsoft-Windows-UserPnp,System,1656.0,1664.0,37L4247F27-25,S-1-5-18,,,system32\DRIVERS\ndiswan.sys,False,"{""UserData"":{""AddServiceID"":{""ServiceName"":""NdisWan"",""DriverFileName"":""system32\\DRIVERS\\ndiswan.sys"",""DeviceInstanceID"":""ROOT\\MS_NDISWANIP\\0000"",""PrimaryService"":""True"",""UpdateService"":""True"",""AddServiceStatus"":""0""}}}",,,,,,,,,,
2025-01-15 06:18:03.704467100+00:00,Evtx,Service installation,131.0,20003.0,Info,Microsoft-Windows-UserPnp,System,1656.0,1664.0,37L4247F27-25,S-1-5-18,,,system32\DRIVERS\ndistapi.sys,False,"{""UserData"":{""AddServiceID"":{""ServiceName"":""NdisTapi"",""DriverFileName"":""system32\\DRIVERS\\ndistapi.sys"",""DeviceInstanceID"":""ROOT\\MS_NDISWANIP\\0000"",""PrimaryService"":""False"",""UpdateService"":""True"",""AddServiceStatus"":""0""}}}",,,,,,,,,,
2025-01-15 06:18:04.047667700+00:00,Evtx,Device installation,132.0,20001.0,Info,Microsoft-Windows-UserPnp,System,1656.0,1664.0,37L4247F27-25,S-1-5-18,,,,False,"{""UserData"":{""InstallDeviceID"":{""DriverName"":"""",""DriverVersion"":""6.1.7601.17514"",""DriverProvider"":""Microsoft"",""DeviceInstanceID"":""ROOT\\MS_NDISWANIP\\0000"",""SetupClass"":""4d36e972-e325-11ce-bfc1-08002be10318"",""RebootOption"":""False"",""UpgradeDevice"":""True"",""IsDriverOEM"":""False"",""InstallStatus"":""0x0"",""DriverDescription"":""WAN Miniport (IP)""}}}",,,,,,,,,,
2025-01-15 06:18:04.141267900+00:00,Evtx,Service installation,133.0,20003.0,Info,Microsoft-Windows-UserPnp,System,1508.0,1516.0,37L4247F27-25,S-1-5-18,,,system32\DRIVERS\AgileVpn.sys,False,"{""UserData"":{""AddServiceID"":{""ServiceName"":""RasAgileVpn"",""DriverFileName"":""system32\\DRIVERS\\AgileVpn.sys"",""DeviceInstanceID"":""ROOT\\MS_AGILEVPNMINIPORT\\0000"",""PrimaryService"":""True"",""UpdateService"":""True"",""AddServiceStatus"":""0""}}}",,,,,,,,,,
2025-01-15 06:18:04.328468200+00:00,Evtx,Device installation,134.0,20001.0,Info,Microsoft-Windows-UserPnp,System,1508.0,1516.0,37L4247F27-25,S-1-5-18,,,,False,"{""UserData"":{""InstallDeviceID"":{""DriverName"":"""",""DriverVersion"":""6.1.7601.17514"",""DriverProvider"":""Microsoft"",""DeviceInstanceID"":""ROOT\\MS_AGILEVPNMINIPORT\\0000"",""SetupClass"":""4d36e972-e325-11ce-bfc1-08002be10318"",""RebootOption"":""False"",""UpgradeDevice"":""True"",""IsDriverOEM"":""False"",""InstallStatus"":""0x0"",""DriverDescription"":""WAN Miniport (IKEv2)""}}}",,,,,,,,,,
2025-01-15 06:18:04.422068400+00:00,Evtx,Service installation,136.0,20003.0,Info,Microsoft-Windows-UserPnp,System,1684.0,1692.0,37L4247F27-25,S-1-5-18,,,system32\DRIVERS\ndistapi.sys,False,"{""UserData"":{""AddServiceID"":{""ServiceName"":""NdisTapi"",""DriverFileName"":""system32\\DRIVERS\\ndistapi.sys"",""DeviceInstanceID"":""ROOT\\MS_NDISWANIPV6\\0000"",""PrimaryService"":""False"",""UpdateService"":""True"",""AddServiceStatus"":""0""}}}",,,,,,,,,,
2025-01-15 06:18:04.422068400+00:00,Evtx,Service installation,135.0,20003.0,Info,Microsoft-Windows-UserPnp,System,1684.0,1692.0,37L4247F27-25,S-1-5-18,,,system32\DRIVERS\ndiswan.sys,False,"{""UserData"":{""AddServiceID"":{""ServiceName"":""NdisWan"",""DriverFileName"":""system32\\DRIVERS\\ndiswan.sys"",""DeviceInstanceID"":""ROOT\\MS_NDISWANIPV6\\0000"",""PrimaryService"":""True"",""UpdateService"":""True"",""AddServiceStatus"":""0""}}}",,,,,,,,,,
2025-01-15 06:18:04.702868900+00:00,Evtx,Device installation,137.0,20001.0,Info,Microsoft-Windows-UserPnp,System,1684.0,1692.0,37L4247F27-25,S-1-5-18,,,,False,"{""UserData"":{""InstallDeviceID"":{""DriverName"":"""",""DriverVersion"":""6.1.7601.17514"",""DriverProvider"":""Microsoft"",""DeviceInstanceID"":""ROOT\\MS_NDISWANIPV6\\0000"",""SetupClass"":""4d36e972-e325-11ce-bfc1-08002be10318"",""RebootOption"":""False"",""UpgradeDevice"":""True"",""IsDriverOEM"":""False"",""InstallStatus"":""0x0"",""DriverDescription"":""WAN Miniport (IPv6)""}}}",,,,,,,,,,
2025-01-15 06:18:04.843269100+00:00,Evtx,Service installation,138.0,20003.0,Info,Microsoft-Windows-UserPnp,System,1712.0,1720.0,37L4247F27-25,S-1-5-18,,,system32\DRIVERS\raspppoe.sys,False,"{""UserData"":{""AddServiceID"":{""ServiceName"":""RasPppoe"",""DriverFileName"":""system32\\DRIVERS\\raspppoe.sys"",""DeviceInstanceID"":""ROOT\\MS_PPPOEMINIPORT\\0000"",""PrimaryService"":""True"",""UpdateService"":""True"",""AddServiceStatus"":""0""}}}",,,,,,,,,,
2025-01-15 06:18:05.467270200+00:00,Evtx,Device installation,139.0,20001.0,Info,Microsoft-Windows-UserPnp,System,1712.0,1720.0,37L4247F27-25,S-1-5-18,,,,False,"{""UserData"":{""InstallDeviceID"":{""DriverName"":"""",""DriverVersion"":""6.1.7601.17514"",""DriverProvider"":""Microsoft"",""DeviceInstanceID"":""ROOT\\MS_PPPOEMINIPORT\\0000"",""SetupClass"":""4d36e972-e325-11ce-bfc1-08002be10318"",""RebootOption"":""False"",""UpgradeDevice"":""True"",""IsDriverOEM"":""False"",""InstallStatus"":""0x0"",""DriverDescription"":""WAN Miniport (PPPOE)""}}}",,,,,,,,,,
2025-01-15 06:18:05.623270500+00:00,Evtx,Service installation,140.0,20003.0,Info,Microsoft-Windows-UserPnp,System,1748.0,1756.0,37L4247F27-25,S-1-5-18,,,system32\DRIVERS\raspptp.sys,False,"{""UserData"":{""AddServiceID"":{""ServiceName"":""PptpMiniport"",""DriverFileName"":""system32\\DRIVERS\\raspptp.sys"",""DeviceInstanceID"":""ROOT\\MS_PPTPMINIPORT\\0000"",""PrimaryService"":""True"",""UpdateService"":""True"",""AddServiceStatus"":""0""}}}",,,,,,,,,,
2025-01-15 06:18:05.841670900+00:00,Evtx,Device installation,141.0,20001.0,Info,Microsoft-Windows-UserPnp,System,1748.0,1756.0,37L4247F27-25,S-1-5-18,,,,False,"{""UserData"":{""InstallDeviceID"":{""DriverName"":"""",""DriverVersion"":""6.1.7601.17514"",""DriverProvider"":""Microsoft"",""DeviceInstanceID"":""ROOT\\MS_PPTPMINIPORT\\0000"",""SetupClass"":""4d36e972-e325-11ce-bfc1-08002be10318"",""RebootOption"":""False"",""UpgradeDevice"":""True"",""IsDriverOEM"":""False"",""InstallStatus"":""0x0"",""DriverDescription"":""WAN Miniport (PPTP)""}}}",,,,,,,,,,
2025-01-15 06:18:06.606072200+00:00,Evtx,Service installation,142.0,20003.0,Info,Microsoft-Windows-UserPnp,System,1796.0,1804.0,37L4247F27-25,S-1-5-18,,,system32\DRIVERS\termdd.sys,False,"{""UserData"":{""AddServiceID"":{""ServiceName"":""TermDD"",""DriverFileName"":""system32\\DRIVERS\\termdd.sys"",""DeviceInstanceID"":""ROOT\\RDP_KBD\\0000"",""PrimaryService"":""True"",""UpdateService"":""True"",""AddServiceStatus"":""0""}}}",,,,,,,,,,
2025-01-15 06:18:06.606072200+00:00,Evtx,Service installation,143.0,20003.0,Info,Microsoft-Windows-UserPnp,System,1796.0,1804.0,37L4247F27-25,S-1-5-18,,,system32\DRIVERS\kbdclass.sys,False,"{""UserData"":{""AddServiceID"":{""ServiceName"":""kbdclass"",""DriverFileName"":""system32\\DRIVERS\\kbdclass.sys"",""DeviceInstanceID"":""ROOT\\RDP_KBD\\0000"",""PrimaryService"":""False"",""UpdateService"":""True"",""AddServiceStatus"":""0""}}}",,,,,,,,,,
2025-01-15 06:18:06.699672400+00:00,Evtx,Device installation,144.0,20001.0,Info,Microsoft-Windows-UserPnp,System,1796.0,1804.0,37L4247F27-25,S-1-5-18,,,FileRepository\machine.inf_amd64_neutral_a2f120466549d68b\machine.inf,False,"{""UserData"":{""InstallDeviceID"":{""DriverName"":""FileRepository\\machine.inf_amd64_neutral_a2f120466549d68b\\machine.inf"",""DriverVersion"":""6.1.7601.17514"",""DriverProvider"":""Microsoft"",""DeviceInstanceID"":""ROOT\\RDP_KBD\\0000"",""SetupClass"":""4d36e97d-e325-11ce-bfc1-08002be10318"",""RebootOption"":""True"",""UpgradeDevice"":""True"",""IsDriverOEM"":""False"",""InstallStatus"":""0x0"",""DriverDescription"":""Terminal Server Keyboard Driver""}}}",,,,,,,,,,
2025-01-15 06:18:06.871272700+00:00,Evtx,Service installation,145.0,20003.0,Info,Microsoft-Windows-UserPnp,System,1824.0,1832.0,37L4247F27-25,S-1-5-18,,,system32\DRIVERS\termdd.sys,False,"{""UserData"":{""AddServiceID"":{""ServiceName"":""TermDD"",""DriverFileName"":""system32\\DRIVERS\\termdd.sys"",""DeviceInstanceID"":""ROOT\\RDP_MOU\\0000"",""PrimaryService"":""True"",""UpdateService"":""True"",""AddServiceStatus"":""0""}}}",,,,,,,,,,
2025-01-15 06:18:06.886872700+00:00,Evtx,Service installation,146.0,20003.0,Info,Microsoft-Windows-UserPnp,System,1824.0,1832.0,37L4247F27-25,S-1-5-18,,,system32\DRIVERS\mouclass.sys,False,"{""UserData"":{""AddServiceID"":{""ServiceName"":""mouclass"",""DriverFileName"":""system32\\DRIVERS\\mouclass.sys"",""DeviceInstanceID"":""ROOT\\RDP_MOU\\0000"",""PrimaryService"":""False"",""UpdateService"":""True"",""AddServiceStatus"":""0""}}}",,,,,,,,,,
2025-01-15 06:18:06.964872900+00:00,Evtx,Device installation,147.0,20001.0,Info,Microsoft-Windows-UserPnp,System,1824.0,1832.0,37L4247F27-25,S-1-5-18,,,FileRepository\machine.inf_amd64_neutral_a2f120466549d68b\machine.inf,False,"{""UserData"":{""InstallDeviceID"":{""DriverName"":""FileRepository\\machine.inf_amd64_neutral_a2f120466549d68b\\machine.inf"",""DriverVersion"":""6.1.7601.17514"",""DriverProvider"":""Microsoft"",""DeviceInstanceID"":""ROOT\\RDP_MOU\\0000"",""SetupClass"":""4d36e97d-e325-11ce-bfc1-08002be10318"",""RebootOption"":""True"",""UpgradeDevice"":""True"",""IsDriverOEM"":""False"",""InstallStatus"":""0x0"",""DriverDescription"":""Terminal Server Mouse Driver""}}}",,,,,,,,,,
2025-01-15 06:18:07.011672900+00:00,Evtx,Service installation,148.0,20003.0,Info,Microsoft-Windows-UserPnp,System,1776.0,1784.0,37L4247F27-25,S-1-5-18,,,system32\DRIVERS\rassstp.sys,False,"{""UserData"":{""AddServiceID"":{""ServiceName"":""RasSstp"",""DriverFileName"":""system32\\DRIVERS\\rassstp.sys"",""DeviceInstanceID"":""ROOT\\MS_SSTPMINIPORT\\0000"",""PrimaryService"":""True"",""UpdateService"":""True"",""AddServiceStatus"":""0""}}}",,,,,,,,,,
2025-01-15 06:18:07.214473300+00:00,Evtx,Device installation,149.0,20001.0,Info,Microsoft-Windows-UserPnp,System,1776.0,1784.0,37L4247F27-25,S-1-5-18,,,,False,"{""UserData"":{""InstallDeviceID"":{""DriverName"":"""",""DriverVersion"":""6.1.7601.17514"",""DriverProvider"":""Microsoft"",""DeviceInstanceID"":""ROOT\\MS_SSTPMINIPORT\\0000"",""SetupClass"":""4d36e972-e325-11ce-bfc1-08002be10318"",""RebootOption"":""False"",""UpgradeDevice"":""True"",""IsDriverOEM"":""False"",""InstallStatus"":""0x0"",""DriverDescription"":""WAN Miniport (SSTP)""}}}",,,,,,,,,,
2025-01-15 06:18:07.276873400+00:00,Evtx,Service installation,150.0,20003.0,Info,Microsoft-Windows-UserPnp,System,1860.0,1868.0,37L4247F27-25,S-1-5-18,,,system32\DRIVERS\swenum.sys,False,"{""UserData"":{""AddServiceID"":{""ServiceName"":""swenum"",""DriverFileName"":""system32\\DRIVERS\\swenum.sys"",""DeviceInstanceID"":""ROOT\\SYSTEM\\0000"",""PrimaryService"":""True"",""UpdateService"":""True"",""AddServiceStatus"":""0""}}}",,,,,,,,,,
2025-01-15 06:18:07.432873700+00:00,Evtx,Device installation,151.0,20001.0,Info,Microsoft-Windows-UserPnp,System,1860.0,1868.0,37L4247F27-25,S-1-5-18,,,FileRepository\machine.inf_amd64_neutral_a2f120466549d68b\machine.inf,False,"{""UserData"":{""InstallDeviceID"":{""DriverName"":""FileRepository\\machine.inf_amd64_neutral_a2f120466549d68b\\machine.inf"",""DriverVersion"":""6.1.7601.17514"",""DriverProvider"":""Microsoft"",""DeviceInstanceID"":""ROOT\\SYSTEM\\0000"",""SetupClass"":""4d36e97d-e325-11ce-bfc1-08002be10318"",""RebootOption"":""False"",""UpgradeDevice"":""True"",""IsDriverOEM"":""False"",""InstallStatus"":""0x0"",""DriverDescription"":""Plug and Play Software Device Enumerator""}}}",,,,,,,,,,
2025-01-15 06:18:07.635674+00:00,Evtx,Service installation,152.0,20003.0,Info,Microsoft-Windows-UserPnp,System,1888.0,1896.0,37L4247F27-25,S-1-5-18,,,system32\DRIVERS\umbus.sys,False,"{""UserData"":{""AddServiceID"":{""ServiceName"":""umbus"",""DriverFileName"":""system32\\DRIVERS\\umbus.sys"",""DeviceInstanceID"":""ROOT\\UMBUS\\0000"",""PrimaryService"":""True"",""UpdateService"":""True"",""AddServiceStatus"":""0""}}}",,,,,,,,,,
2025-01-15 06:18:07.807274300+00:00,Evtx,Device installation,153.0,20001.0,Info,Microsoft-Windows-UserPnp,System,1888.0,1896.0,37L4247F27-25,S-1-5-18,,,FileRepository\umbus.inf_amd64_neutral_2d4257afa2e35253\umbus.inf,False,"{""UserData"":{""InstallDeviceID"":{""DriverName"":""FileRepository\\umbus.inf_amd64_neutral_2d4257afa2e35253\\umbus.inf"",""DriverVersion"":""6.1.7601.17514"",""DriverProvider"":""Microsoft"",""DeviceInstanceID"":""ROOT\\UMBUS\\0000"",""SetupClass"":""4d36e97d-e325-11ce-bfc1-08002be10318"",""RebootOption"":""False"",""UpgradeDevice"":""True"",""IsDriverOEM"":""False"",""InstallStatus"":""0x0"",""DriverDescription"":""UMBus Root Bus Enumerator""}}}",,,,,,,,,,
2025-01-15 06:18:07.978874600+00:00,Evtx,Service installation,154.0,20003.0,Info,Microsoft-Windows-UserPnp,System,1916.0,1928.0,37L4247F27-25,S-1-5-18,,,system32\DRIVERS\vdrvroot.sys,False,"{""UserData"":{""AddServiceID"":{""ServiceName"":""vdrvroot"",""DriverFileName"":""system32\\DRIVERS\\vdrvroot.sys"",""DeviceInstanceID"":""ROOT\\VDRVROOT\\0000"",""PrimaryService"":""True"",""UpdateService"":""True"",""AddServiceStatus"":""0""}}}",,,,,,,,,,
2025-01-15 06:18:08.150474900+00:00,Evtx,Device installation,155.0,20001.0,Info,Microsoft-Windows-UserPnp,System,1916.0,1928.0,37L4247F27-25,S-1-5-18,,,FileRepository\machine.inf_amd64_neutral_a2f120466549d68b\machine.inf,False,"{""UserData"":{""InstallDeviceID"":{""DriverName"":""FileRepository\\machine.inf_amd64_neutral_a2f120466549d68b\\machine.inf"",""DriverVersion"":""6.1.7601.17514"",""DriverProvider"":""Microsoft"",""DeviceInstanceID"":""ROOT\\VDRVROOT\\0000"",""SetupClass"":""4d36e97d-e325-11ce-bfc1-08002be10318"",""RebootOption"":""False"",""UpgradeDevice"":""False"",""IsDriverOEM"":""False"",""InstallStatus"":""0x0"",""DriverDescription"":""Microsoft Virtual Drive Enumerator Driver""}}}",,,,,,,,,,
2025-01-15 06:18:08.212875100+00:00,Evtx,Service installation,156.0,20003.0,Info,Microsoft-Windows-UserPnp,System,1952.0,1964.0,37L4247F27-25,S-1-5-18,,,system32\DRIVERS\volsnap.sys,False,"{""UserData"":{""AddServiceID"":{""ServiceName"":""volsnap"",""DriverFileName"":""system32\\DRIVERS\\volsnap.sys"",""DeviceInstanceID"":""STORAGE\\VOLUME\\{63D6815C-D308-11EF-A184-806E6F6E6963}#0000000000100000"",""PrimaryService"":""True"",""UpdateService"":""True"",""AddServiceStatus"":""0""}}}",,,,,,,,,,
2025-01-15 06:18:08.212875100+00:00,Evtx,Device installation,157.0,20001.0,Info,Microsoft-Windows-UserPnp,System,1952.0,1964.0,37L4247F27-25,S-1-5-18,,,FileRepository\volume.inf_amd64_neutral_df8bea40ac96ca21\volume.inf,False,"{""UserData"":{""InstallDeviceID"":{""DriverName"":""FileRepository\\volume.inf_amd64_neutral_df8bea40ac96ca21\\volume.inf"",""DriverVersion"":""6.1.7601.17514"",""DriverProvider"":""Microsoft"",""DeviceInstanceID"":""STORAGE\\VOLUME\\{63D6815C-D308-11EF-A184-806E6F6E6963}#0000000000100000"",""SetupClass"":""71a27cdd-812a-11d0-bec7-08002be2092f"",""RebootOption"":""False"",""UpgradeDevice"":""False"",""IsDriverOEM"":""False"",""InstallStatus"":""0x0"",""DriverDescription"":""Generic volume""}}}",,,,,,,,,,
2025-01-15 06:18:08.275275200+00:00,Evtx,Service installation,158.0,20003.0,Info,Microsoft-Windows-UserPnp,System,1968.0,1976.0,37L4247F27-25,S-1-5-18,,,system32\DRIVERS\ACPI.sys,False,"{""UserData"":{""AddServiceID"":{""ServiceName"":""ACPI"",""DriverFileName"":""system32\\DRIVERS\\ACPI.sys"",""DeviceInstanceID"":""ACPI_HAL\\PNP0C08\\0"",""PrimaryService"":""True"",""UpdateService"":""True"",""AddServiceStatus"":""0""}}}",,,,,,,,,,
2025-01-15 06:18:08.275275200+00:00,Evtx,Device installation,159.0,20001.0,Info,Microsoft-Windows-UserPnp,System,1968.0,1976.0,37L4247F27-25,S-1-5-18,,,FileRepository\acpi.inf_amd64_neutral_aed2e7a487803437\acpi.inf,False,"{""UserData"":{""InstallDeviceID"":{""DriverName"":""FileRepository\\acpi.inf_amd64_neutral_aed2e7a487803437\\acpi.inf"",""DriverVersion"":""6.1.7601.17514"",""DriverProvider"":""Microsoft"",""DeviceInstanceID"":""ACPI_HAL\\PNP0C08\\0"",""SetupClass"":""4d36e97d-e325-11ce-bfc1-08002be10318"",""RebootOption"":""True"",""UpgradeDevice"":""False"",""IsDriverOEM"":""False"",""InstallStatus"":""0x0"",""DriverDescription"":""Microsoft ACPI-Compliant System""}}}",,,,,,,,,,
2025-01-15 06:18:09.102076600+00:00,Evtx,Device installation,160.0,20001.0,Info,Microsoft-Windows-UserPnp,System,2028.0,2036.0,37L4247F27-25,S-1-5-18,,,FileRepository\machine.inf_amd64_neutral_a2f120466549d68b\machine.inf,False,"{""UserData"":{""InstallDeviceID"":{""DriverName"":""FileRepository\\machine.inf_amd64_neutral_a2f120466549d68b\\machine.inf"",""DriverVersion"":""6.1.7601.17514"",""DriverProvider"":""Microsoft"",""DeviceInstanceID"":""ACPI\\PNP0A05\\11"",""SetupClass"":""4d36e97d-e325-11ce-bfc1-08002be10318"",""RebootOption"":""False"",""UpgradeDevice"":""False"",""IsDriverOEM"":""False"",""InstallStatus"":""0x0"",""DriverDescription"":""Generic Bus""}}}",,,,,,,,,,
2025-01-15 06:18:09.336077+00:00,Evtx,Device installation,161.0,20001.0,Info,Microsoft-Windows-UserPnp,System,2040.0,864.0,37L4247F27-25,S-1-5-18,,,FileRepository\machine.inf_amd64_neutral_a2f120466549d68b\machine.inf,False,"{""UserData"":{""InstallDeviceID"":{""DriverName"":""FileRepository\\machine.inf_amd64_neutral_a2f120466549d68b\\machine.inf"",""DriverVersion"":""6.1.7601.17514"",""DriverProvider"":""Microsoft"",""DeviceInstanceID"":""ACPI\\PNP0A05\\12"",""SetupClass"":""4d36e97d-e325-11ce-bfc1-08002be10318"",""RebootOption"":""False"",""UpgradeDevice"":""False"",""IsDriverOEM"":""False"",""InstallStatus"":""0x0"",""DriverDescription"":""Generic Bus""}}}",,,,,,,,,,
2025-01-15 06:18:09.538877400+00:00,Evtx,Device installation,162.0,20001.0,Info,Microsoft-Windows-UserPnp,System,1068.0,1096.0,37L4247F27-25,S-1-5-18,,,FileRepository\machine.inf_amd64_neutral_a2f120466549d68b\machine.inf,False,"{""UserData"":{""InstallDeviceID"":{""DriverName"":""FileRepository\\machine.inf_amd64_neutral_a2f120466549d68b\\machine.inf"",""DriverVersion"":""6.1.7601.17514"",""DriverProvider"":""Microsoft"",""DeviceInstanceID"":""ACPI\\PNP0A05\\14"",""SetupClass"":""4d36e97d-e325-11ce-bfc1-08002be10318"",""RebootOption"":""False"",""UpgradeDevice"":""False"",""IsDriverOEM"":""False"",""InstallStatus"":""0x0"",""DriverDescription"":""Generic Bus""}}}",,,,,,,,,,
2025-01-15 06:18:09.757277800+00:00,Evtx,Device installation,163.0,20001.0,Info,Microsoft-Windows-UserPnp,System,1040.0,1060.0,37L4247F27-25,S-1-5-18,,,FileRepository\machine.inf_amd64_neutral_a2f120466549d68b\machine.inf,False,"{""UserData"":{""InstallDeviceID"":{""DriverName"":""FileRepository\\machine.inf_amd64_neutral_a2f120466549d68b\\machine.inf"",""DriverVersion"":""6.1.7601.17514"",""DriverProvider"":""Microsoft"",""DeviceInstanceID"":""ACPI\\PNP0A05\\13"",""SetupClass"":""4d36e97d-e325-11ce-bfc1-08002be10318"",""RebootOption"":""False"",""UpgradeDevice"":""False"",""IsDriverOEM"":""False"",""InstallStatus"":""0x0"",""DriverDescription"":""Generic Bus""}}}",,,,,,,,,,
2025-01-15 06:18:10.287678700+00:00,Evtx,Device installation,164.0,20001.0,Info,Microsoft-Windows-UserPnp,System,1504.0,1344.0,37L4247F27-25,S-1-5-18,,,FileRepository\machine.inf_amd64_neutral_a2f120466549d68b\machine.inf,False,"{""UserData"":{""InstallDeviceID"":{""DriverName"":""FileRepository\\machine.inf_amd64_neutral_a2f120466549d68b\\machine.inf"",""DriverVersion"":""6.1.7601.17514"",""DriverProvider"":""Microsoft"",""DeviceInstanceID"":""ACPI\\PNP0A05\\17"",""SetupClass"":""4d36e97d-e325-11ce-bfc1-08002be10318"",""RebootOption"":""False"",""UpgradeDevice"":""False"",""IsDriverOEM"":""False"",""InstallStatus"":""0x0"",""DriverDescription"":""Generic Bus""}}}",,,,,,,,,,
2025-01-15 06:18:10.521679100+00:00,Evtx,Device installation,165.0,20001.0,Info,Microsoft-Windows-UserPnp,System,1360.0,1364.0,37L4247F27-25,S-1-5-18,,,FileRepository\machine.inf_amd64_neutral_a2f120466549d68b\machine.inf,False,"{""UserData"":{""InstallDeviceID"":{""DriverName"":""FileRepository\\machine.inf_amd64_neutral_a2f120466549d68b\\machine.inf"",""DriverVersion"":""6.1.7601.17514"",""DriverProvider"":""Microsoft"",""DeviceInstanceID"":""ACPI\\PNP0A05\\15"",""SetupClass"":""4d36e97d-e325-11ce-bfc1-08002be10318"",""RebootOption"":""False"",""UpgradeDevice"":""False"",""IsDriverOEM"":""False"",""InstallStatus"":""0x0"",""DriverDescription"":""Generic Bus""}}}",,,,,,,,,,
2025-01-15 06:18:11.052080+00:00,Evtx,Start type of a service has changed,166.0,7040.0,Info,Service Control Manager,System,436.0,532.0,37L4247F27-25,S-1-5-18,,,Compbatt,False,"{""EventData"":{""Data"":[{""@Name"":""param1"",""#text"":""Microsoft Composite Battery Driver""},{""@Name"":""param2"",""#text"":""demand start""},{""@Name"":""param3"",""#text"":""boot start""},{""@Name"":""param4"",""#text"":""Compbatt""}]}}",,,,,,,,,,
2025-01-15 06:18:11.067680100+00:00,Evtx,Service installation,167.0,20003.0,Info,Microsoft-Windows-UserPnp,System,1336.0,1548.0,37L4247F27-25,S-1-5-18,,,system32\DRIVERS\compbatt.sys,False,"{""UserData"":{""AddServiceID"":{""ServiceName"":""Compbatt"",""DriverFileName"":""system32\\DRIVERS\\compbatt.sys"",""DeviceInstanceID"":""ROOT\\COMPOSITE_BATTERY\\0000"",""PrimaryService"":""True"",""UpdateService"":""True"",""AddServiceStatus"":""0""}}}",,,,,,,,,,
2025-01-15 06:18:11.161280200+00:00,Evtx,Service installation,168.0,20003.0,Info,Microsoft-Windows-UserPnp,System,1336.0,1548.0,37L4247F27-25,S-1-5-18,,,system32\DRIVERS\CmBatt.sys,False,"{""UserData"":{""AddServiceID"":{""ServiceName"":""CmBatt"",""DriverFileName"":""system32\\DRIVERS\\CmBatt.sys"",""DeviceInstanceID"":""ACPI\\ACPI0003\\1"",""PrimaryService"":""True"",""UpdateService"":""True"",""AddServiceStatus"":""0""}}}",,,,,,,,,,
2025-01-15 06:18:12.253282200+00:00,Evtx,Device installation,169.0,20001.0,Info,Microsoft-Windows-UserPnp,System,1336.0,1548.0,37L4247F27-25,S-1-5-18,,,FileRepository\battery.inf_amd64_neutral_cb8fa151a7b7cb80\battery.inf,False,"{""UserData"":{""InstallDeviceID"":{""DriverName"":""FileRepository\\battery.inf_amd64_neutral_cb8fa151a7b7cb80\\battery.inf"",""DriverVersion"":""6.1.7600.16385"",""DriverProvider"":""Microsoft"",""DeviceInstanceID"":""ACPI\\ACPI0003\\1"",""SetupClass"":""72631e54-78a4-11d0-bcf7-00aa00b7b32a"",""RebootOption"":""False"",""UpgradeDevice"":""False"",""IsDriverOEM"":""False"",""InstallStatus"":""0x0"",""DriverDescription"":""Microsoft AC Adapter""}}}",,,,,,,,,,
2025-01-15 06:18:12.471682500+00:00,Evtx,Device installation,170.0,20001.0,Info,Microsoft-Windows-UserPnp,System,1492.0,1288.0,37L4247F27-25,S-1-5-18,,,FileRepository\machine.inf_amd64_neutral_a2f120466549d68b\machine.inf,False,"{""UserData"":{""InstallDeviceID"":{""DriverName"":""FileRepository\\machine.inf_amd64_neutral_a2f120466549d68b\\machine.inf"",""DriverVersion"":""6.1.7601.17514"",""DriverProvider"":""Microsoft"",""DeviceInstanceID"":""ACPI\\PNP0A05\\16"",""SetupClass"":""4d36e97d-e325-11ce-bfc1-08002be10318"",""RebootOption"":""False"",""UpgradeDevice"":""False"",""IsDriverOEM"":""False"",""InstallStatus"":""0x0"",""DriverDescription"":""Generic Bus""}}}",,,,,,,,,,
2025-01-15 06:18:12.580882700+00:00,Evtx,Device installation,171.0,20001.0,Info,Microsoft-Windows-UserPnp,System,1640.0,1540.0,37L4247F27-25,S-1-5-18,,,FileRepository\machine.inf_amd64_neutral_a2f120466549d68b\machine.inf,False,"{""UserData"":{""InstallDeviceID"":{""DriverName"":""FileRepository\\machine.inf_amd64_neutral_a2f120466549d68b\\machine.inf"",""DriverVersion"":""6.1.7601.17514"",""DriverProvider"":""Microsoft"",""DeviceInstanceID"":""ACPI\\FIXEDBUTTON\\2&amp;DABA3FF&amp;2"",""SetupClass"":""4d36e97d-e325-11ce-bfc1-08002be10318"",""RebootOption"":""True"",""UpgradeDevice"":""False"",""IsDriverOEM"":""False"",""InstallStatus"":""0x0"",""DriverDescription"":""ACPI Fixed Feature Button""}}}",,,,,,,,,,
2025-01-15 06:18:12.736883+00:00,Evtx,Service installation,172.0,20003.0,Info,Microsoft-Windows-UserPnp,System,1592.0,1564.0,37L4247F27-25,S-1-5-18,,,system32\DRIVERS\amdppm.sys,False,"{""UserData"":{""AddServiceID"":{""ServiceName"":""AmdPPM"",""DriverFileName"":""system32\\DRIVERS\\amdppm.sys"",""DeviceInstanceID"":""ACPI\\AUTHENTICAMD_-_AMD64_FAMILY_23_MODEL_24_-_AMD_RYZEN_5_3550H_WITH_RADEON_VEGA_MOBILE_GFX__\\_0"",""PrimaryService"":""True"",""UpdateService"":""True"",""AddServiceStatus"":""0""}}}",,,,,,,,,,
2025-01-15 06:18:13.048883500+00:00,Evtx,Device installation,173.0,20001.0,Info,Microsoft-Windows-UserPnp,System,1592.0,1564.0,37L4247F27-25,S-1-5-18,,,FileRepository\cpu.inf_amd64_neutral_ae5de2e1bf2793c3\cpu.inf,False,"{""UserData"":{""InstallDeviceID"":{""DriverName"":""FileRepository\\cpu.inf_amd64_neutral_ae5de2e1bf2793c3\\cpu.inf"",""DriverVersion"":""6.1.7600.16385"",""DriverProvider"":""Microsoft"",""DeviceInstanceID"":""ACPI\\AUTHENTICAMD_-_AMD64_FAMILY_23_MODEL_24_-_AMD_RYZEN_5_3550H_WITH_RADEON_VEGA_MOBILE_GFX__\\_0"",""SetupClass"":""50127dc3-0f36-415e-a6cc-4cb3be910b65"",""RebootOption"":""True"",""UpgradeDevice"":""False"",""IsDriverOEM"":""False"",""InstallStatus"":""0x0"",""DriverDescription"":""AMD Processor""}}}",,,,,,,,,,
