2025-01-15 06:17:42.160829300+00:00,Evtx,,1.0,5.0,Info,Microsoft-Windows-Kernel-WHEA,Microsoft-Windows-Kernel-WHEA/Operational,4.0,8.0,37L4247F27-25,S-1-5-18,,,,False,"{""EventData"":{""Data"":[{""@Name"":""ErrorSourceCount"",""#text"":""4""},{""@Name"":""ErrorRecordFormat"",""#text"":""10""},{""@Name"":""ErrorSourceTableLength"",""#text"":""4256""},{""@Name"":""ErrorSourceTable"",""#text"":""D0-5B-64-02-80-FA-FF-FF-A8-3B-85-02-00-F8-FF-FF-00-00-00-00-00-00-00-80-00-00-00-00-01-00-00-00-28-07-00-00-57-68-65-61-00-00-00-00-00-00-00-00-90-D4-64-02-80-FA-FF-FF-00-00-00-00-00-00-00-00-04-00-00-00-58-01-00-00-00-00-00-00-00-00-00-00-00-00-00-00-00-00-00-00-00-CC-03-00-00-0A-00-00-00-00-00-00-00-02-00-00-00-41-01-00-00-01-00-00-00-04-00-00-00-00-00-00-00-00-00-00-80-00-00-00-00-00-00-01-06-00-00-00-00-00-00-00-00-00-00-00-00-FF-FF-FF-FF-FF-FF-FF-FF-00-01-00-00-00-04-00-00-01-04-00-00-02-04-00-00-03-04-00-00-FF-FF-FF-FF-FF-FF-FF-FF-01-01-00-00-04-04-00-00-05-04-00-00-06-04-00-00-07-04-00-00-FF-FF-FF-FF-FF-FF-FF-FF-02-01-00-00-08-04-00-00-09-04-00-00-0A-04-00-00-0B-04-00-00-FF-FF-FF-FF-FF-FF-FF-FF-03-01-00-00-0C-04-00-00-0D-04-00-00-0E-04-00-00-0F-04-00-00-FF-FF-FF-FF-FF-FF-FF-FF-04-01-00-00-10-04-00-00-11-04-00-00-12-04-00-00-13-04-00-00-FF-FF-FF-FF-FF-FF-FF-FF-05-01-00-00-14-04-00-00-15-04-00-00-16-04-00-00-17-04-00-00-FF-FF-FF-FF-FF-FF-FF-FF-06-01-00-00-18-04-00-00-19-04-00-00-1A-04-00-00-1B-04-00-00-FF-FF-FF-FF-FF-FF-FF-FF-07-01-00-00-1C-04-00-00-1D-04-00-00-1E-04-00-00-1F-04-00-00-FF-FF-FF-FF-FF-FF-FF-FF-08-01-00-00-20-04-00-00-21-04-00-00-22-04-00-00-23-04-00-00-FF-FF-FF-FF-FF-FF-FF-FF-09-01-00-00-24-04-00-00-25-04-00-00-26-04-00-00-27-04-00-00-FF-FF-FF-FF-FF-FF-FF-FF-0A-01-00-00-28-04-00-00-29-04-00-00-2A-04-00-00-2B-04-00-00-FF-FF-FF-FF-FF-FF-FF-FF-0B-01-00-00-2C-04-00-00-2D-04-00-00-2E-04-00-00-2F-04-00-00-FF-FF-FF-FF-FF-FF-FF-FF-0C-01-00-00-30-04-00-00-31-04-00-00-32-04-00-00-33-04-00-00-FF-FF-FF-FF-FF-FF-FF-FF-0D-01-00-00-34-04-00-00-35-04-00-00-36-04-00-00-37-04-00-00-FF-FF-FF-FF-FF-FF-FF-FF-0E-01-00-00-38-04-00-00-39-04-00-00-3A-04-00-00-3B-04-00-00-FF-FF-FF-FF-FF-FF-FF-FF-0F-01-00-00-3C-04-00-00-3D-04-00-00-3E-04-00-00-3F-04-00-00-FF-FF-FF-FF-FF-FF-FF-FF-00-00-00-00-00-00-00-00-00-00-00-00-00-00-00-00-00-00-00-00-00-00-00-00-00-00-00-00-00-00-00-00-00-00-00-00-00-00-00-00-00-00-00-00-00-00-00-00-00-00-00-00-00-00-00-00-00-00-00-00-00-00-00-00-00-00-00-00-00-00-00-00-00-00-00-00-00-00-00-00-00-00-00-00-00-00-00-00-00-00-00-00-00-00-00-00-00-00-00-00-00-00-00-00-00-00-00-00-00-00-00-00-00-00-00-00-00-00-00-00-00-00-00-00-00-00-00-00-00-00-00-00-00-00-00-00-00-00-00-00-00-00-00-00-00-00-00-00-00-00-00-00-00-00-00-00-00-00-00-00-00-00-00-00-00-00-00-00-00-00-00-00-00-00-00-00-00-00-00-00-00-00-00-00-00-00-00-00-00-00-00-00-00-00-00-00-00-00-00-00-00-00-00-00-00-00-00-00-00-00-00-00-00-00-00-00-00-00-00-00-00-00-00-00-00-00-00-00-00-00-00-00-00-00-00-00-00-00-00-00-00-00-00-00-00-00-00-00-00-00-00-00-00-00-00-00-00-00-00-00-00-00-00-00-00-00-00-00-00-00-00-00-00-00-00-00-00-00-00-00-00-00-00-00-00-00-00-00-00-00-00-00-00-00-00-00-00-00-00-00-00-00-00-00-00-00-00-00-00-00-00-00-00-00-00-00-00-00-00-00-00-00-00-00-00-00-00-00-00-00-00-00-00-00-00-00-00-00-00-00-00-00-00-00-00-00-00-00-00-00-00-00-00-00-00-00-00-00-00-00-00-00-00-00-00-00-00-00-00-00-00-00-00-00-00-00-00-00-00-00-00-00-00-00-00-00-00-00-00-00-00-00-00-00-00-00-00-00-00-00-00-00-00-00-00-00-00-00-00-00-00-00-00-00-00-00-00-00-00-00-00-00-00-00-00-00-00-00-00-00-00-00-00-00-00-00-00-00-00-00-00-00-00-00-00-00-00-00-00-00-00-00-00-00-00-00-00-00-00-00-00-00-00-90-57-64-02-80-FA-FF-FF-D0-DB-64-02-80-FA-FF-FF-00-00-00-00-00-00-00-80-00-00-00-00-03-00-00-00-28-07-00-00-57-68-65-61-01-00-00-00-00-00-00-00-00-70-94-02-80-FA-FF-FF-00-00-00-00-00-00-00-00-04-00-00-00-58-01-00-00-00-00-00-00-00-00-00-00-00-00-00-00-00-00-00-00-00-CC-03-00-00-0A-00-00-00-01-00-00-00-02-00-00-00-41-01-00-00-03-00-00-00-04-00-00-00-01-00-00-00-00-00-00-80-00-00-00-00-01-00-01-06-00-00-00-00-00-1C-00-00-60-EA-00-00-00-00-00-00-00-00-00-00-00-00-00-00-00-00-00-00-00-00-00-00-00-01-00-00-00-04-00-00-01-04-00-00-02-04-00-00-03-04-00-00-FF-FF-FF-FF-FF-FF-FF-FF-01-01-00-00-04-04-00-00-05-04-00-00-06-04-00-00-07-04-00-00-FF-FF-FF-FF-FF-FF-FF-FF-02-01-00-00-08-04-00-00-09-04-00-00-0A-04-00-00-0B-04-00-00-FF-FF-FF-FF-FF-FF-FF-FF-03-01-00-00-0C-04-00-00-0D-04-00-00-0E-04-00-00-0F-04-00-00-FF-FF-FF-FF-FF-FF-FF-FF-04-01-00-00-10-04-00-00-11-04-00-00-12-04-00-00-13-04-00-00-FF-FF-FF-FF-FF-FF-FF-FF-05-01-00-00-14-04-00-00-15-04-00-00-16-04-00-00-17-04-00-00-FF-FF-FF-FF-FF-FF-FF-FF-06-01-00-00-18-04-00-00-19-04-00-00-1A-04-00-00-1B-04-00-00-FF-FF-FF-FF-FF-FF-FF-FF-07-01-00-00-1C-04-00-00-1D-04-00-00-1E-04-00-00-1F-04-00-00-FF-FF-FF-FF-FF-FF-FF-FF-08-01-00-00-20-04-00-00-21-04-00-00-22-04-00-00-23-04-00-00-FF-FF-FF-FF-FF-FF-FF-FF-09-01-00-00-24-04-00-00-25-04-00-00-26-04-00-00-27-04-00-00-FF-FF-FF-FF-FF-FF-FF-FF-0A-01-00-00-28-04-00-00-29-04-00-00-2A-04-00-00-2B-04-00-00-FF-FF-FF-FF-FF-FF-FF-FF-0B-01-00-00-2C-04-00-00-2D-04-00-00-2E-04-00-00-2F-04-00-00-FF-FF-FF-FF-FF-FF-FF-FF-0C-01-00-00-30-04-00-00-31-04-00-00-32-04-00-00-33-04-00-00-FF-FF-FF-FF-FF-FF-FF-FF-0D-01-00-00-34-04-00-00-35-04-00-00-36-04-00-00-37-04-00-00-FF-FF-FF-FF-FF-FF-FF-FF-0E-01-00-00-38-04-00-00-39-04-00-00-3A-04-00-00-3B-04-00-00-FF-FF-FF-FF-FF-FF-FF-FF-0F-01-00-00-3C-04-00-00-3D-04-00-00-3E-04-00-00-3F-04-00-00-FF-FF-FF-FF-FF-FF-FF-FF-00-00-00-00-00-00-00-00-00-00-00-00-00-00-00-00-00-00-00-00-00-00-00-00-00-00-00-00-00-00-00-00-00-00-00-00-00-00-00-00-00-00-00-00-00-00-00-00-00-00-00-00-00-00-00-00-00-00-00-00-00-00-00-00-00-00-00-00-00-00-00-00-00-00-00-00-00-00-00-00-00-00-00-00-00-00-00-00-00-00-00-00-00-00-00-00-00-00-00-00-00-00-00-00-00-00-00-00-00-00-00-00-00-00-00-00-00-00-00-00-00-00-00-00-00-00-00-00-00-00-00-00-00-00-00-00-00-00-00-00-00-00-00-00-00-00-00-00-00-00-00-00-00-00-00-00-00-00-00-00-00-00-00-00-00-00-00-00-00-00-00-00-00-00-00-00-00-00-00-00-00-00-00-00-00-00-00-00-00-00-00-00-00-00-00-00-00-00-00-00-00-00-00-00-00-00-00-00-00-00-00-00-00-00-00-00-00-00-00-00-00-00-00-00-00-00-00-00-00-00-00-00-00-00-00-00-00-00-00-00-00-00-00-00-00-00-00-00-00-00-00-00-00-00-00-00-00-00-00-00-00-00-00-00-00-00-00-00-00-00-00-00-00-00-00-00-00-00-00-00-00-00-00-00-00-00-00-00-00-00-00-00-00-00-00-00-00-00-00-00-00-00-00-00-00-00-00-00-00-00-00-00-00-00-00-00-00-00-00-00-00-00-00-00-00-00-00-00-00-00-00-00-00-00-00-00-00-00-00-00-00-00-00-00-00-00-00-00-00-00-00-00-00-00-00-00-00-00-00-00-00-00-00-00-00-00-00-00-00-00-00-00-00-00-00-00-00-00-00-00-00-00-00-00-00-00-00-00-00-00-00-00-00-00-00-00-00-00-00-00-00-00-00-00-00-00-00-00-00-00-00-00-00-00-00-00-00-00-00-00-00-00-00-00-00-00-00-00-00-00-00-00-00-00-00-00-00-00-00-00-00-00-00-00-00-00-00-00-00-00-00-50-53-64-02-80-FA-FF-FF-D0-5B-64-02-80-FA-FF-FF-00-00-00-00-00-00-00-80-00-00-00-00-01-00-00-00-C0-06-00-00-57-68-65-61-03-00-00-00-00-00-00-00-40-89-94-02-80-FA-FF-FF-00-00-00-00-00-00-00-00-03-00-00-00-C0-01-00-00-00-00-00-00-00-00-00-00-00-00-00-00-00-00-00-00-00-CC-03-00-00-0A-00-00-00-03-00-00-00-02-00-00-00-00-01-00-00-01-00-00-00-03-00-00-00-02-00-00-00-00-00-00-80-00-00-00-00-02-00-01-00-00-00-00-00-00-00-00-00-00-00-00-00-00-00-00-00-00-00-00-00-00-00-00-00-00-00-00-00-00-00-00-00-00-00-00-00-00-00-00-00-00-00-00-00-00-00-00-00-00-00-00-00-00-00-00-00-00-00-00-00-00-00-00-00-00-00-00-00-00-00-00-00-00-00-00-00-00-00-00-00-00-00-00-00-00-00-00-00-00-00-00-00-00-00-00-00-00-00-00-00-00-00-00-00-00-00-00-00-00-00-00-00-00-00-00-00-00-00-00-00-00-00-00-00-00-00-00-00-00-00-00-00-00-00-00-00-00-00-00-00-00-00-00-00-00-00-00-00-00-00-00-00-00-00-00-00-00-00-00-00-00-00-00-00-00-00-00-00-00-00-00-00-00-00-00-00-00-00-00-00-00-00-00-00-00-00-00-00-00-00-00-00-00-00-00-00-00-00-00-00-00-00-00-00-00-00-00-00-00-00-00-00-00-00-00-00-00-00-00-00-00-00-00-00-00-00-00-00-00-00-00-00-00-00-00-00-00-00-00-00-00-00-00-00-00-00-00-00-00-00-00-00-00-00-00-00-00-00-00-00-00-00-00-00-00-00-00-00-00-00-00-00-00-00-00-00-00-00-00-00-00-00-00-00-00-00-00-00-00-00-00-00-00-00-00-00-00-00-00-00-00-00-00-00-00-00-00-00-00-00-00-00-00-00-00-00-00-00-00-00-00-00-00-00-00-00-00-00-00-00-00-00-00-00-00-00-00-00-00-00-00-00-00-00-00-00-00-00-00-00-00-00-00-00-00-00-00-00-00-00-00-00-00-00-00-00-00-00-00-00-00-00-00-00-00-00-00-00-00-00-00-00-00-00-00-00-00-00-00-00-00-00-00-00-00-00-00-00-00-00-00-00-00-00-00-00-00-00-00-00-00-00-00-00-00-00-00-00-00-00-00-00-00-00-00-00-00-00-00-00-00-00-00-00-00-00-00-00-00-00-00-00-00-00-00-00-00-00-00-00-00-00-00-00-00-00-00-00-00-00-00-00-00-00-00-00-00-00-00-00-00-00-00-00-00-00-00-00-00-00-00-00-00-00-00-00-00-00-00-00-00-00-00-00-00-00-00-00-00-00-00-00-00-00-00-00-00-00-00-00-00-00-00-00-00-00-00-00-00-00-00-00-00-00-00-00-00-00-00-00-00-00-00-00-00-00-00-00-00-00-00-00-00-00-00-00-00-00-00-00-00-00-00-00-00-00-00-00-00-00-00-00-00-00-00-00-00-00-00-00-00-00-00-00-00-00-00-00-00-00-00-00-00-00-00-00-00-00-00-00-00-00-00-00-00-00-00-00-00-00-00-00-00-00-00-00-00-00-00-00-00-00-00-00-00-00-00-00-00-00-00-00-00-00-00-00-00-00-00-00-00-00-00-00-00-00-00-00-00-00-00-00-00-00-00-00-00-00-00-00-00-00-00-00-00-00-00-00-00-00-00-00-00-00-00-00-00-00-00-00-00-00-00-00-00-00-00-00-00-00-00-00-00-00-00-00-00-00-00-00-00-00-00-00-00-00-00-00-00-00-00-00-00-00-00-00-00-00-00-00-00-00-00-00-00-00-00-00-00-00-00-00-00-00-00-00-00-00-00-00-00-00-00-00-00-00-00-00-00-00-00-00-00-00-00-00-00-00-00-00-00-00-00-00-00-00-00-00-00-00-00-00-00-00-00-00-00-00-00-00-00-00-00-00-00-00-00-00-00-00-00-00-00-00-00-00-00-00-00-00-00-00-00-00-00-00-00-00-00-00-00-00-00-00-00-00-00-00-00-00-00-00-00-00-00-00-00-00-00-00-00-00-00-00-00-00-00-00-00-00-00-00-00-00-00-00-00-00-00-00-00-00-00-00-00-00-00-00-00-00-00-00-00-00-00-00-00-00-00-00-00-00-00-00-00-00-00-00-00-00-00-00-00-00-00-00-00-00-00-00-00-00-00-00-00-00-00-00-00-00-00-00-00-00-00-00-00-00-00-00-00-00-00-00-00-00-00-00-00-00-00-00-00-00-00-00-00-00-00-00-00-00-00-00-00-00-00-00-00-00-00-A8-3B-85-02-00-F8-FF-FF-90-57-64-02-80-FA-FF-FF-00-00-00-00-00-00-00-00-00-00-00-00-00-00-00-00-00-00-00-00-00-00-00-00-07-00-00-00-00-00-00-00-00-00-00-00-00-00-00-00-00-00-00-00-00-00-00-00-00-00-00-00-00-00-00-00-00-00-00-00-00-00-00-00-00-00-00-00-00-00-00-00-01-CC-03-00-00-0A-00-00-00-07-00-00-00-02-00-00-00-00-04-00-00-01-00-00-00-01-00-00-00-03-00-00-00-00-00-00-80-00-00-00-00-00-00-00-00-00-00-00-00-00-00-00-00-00-00-00-00-00-00-00-00-00-00-00-00-00-00-00-00-00-00-00-00-00-00-00-00-00-00-00-00-00-00-00-00-00-00-00-00-00-00-00-00-00-00-00-00-00-00-00-00-00-00-00-00-00-00-00-00-00-00-00-00-00-00-00-00-00-00-00-00-00-00-00-00-00-00-00-00-00-00-00-00-00-00-00-00-00-00-00-00-00-00-00-00-00-00-00-00-00-00-00-00-00-00-00-00-00-00-00-00-00-00-00-00-00-00-00-00-00-00-00-00-00-00-00-00-00-00-00-00-00-00-00-00-00-00-00-00-00-00-00-00-00-00-00-00-00-00-00-00-00-00-00-00-00-00-00-00-00-00-00-00-00-00-00-00-00-00-00-00-00-00-00-00-00-00-00-00-00-00-00-00-00-00-00-00-00-00-00-00-00-00-00-00-00-00-00-00-00-00-00-00-00-00-00-00-00-00-00-00-00-00-00-00-00-00-00-00-00-00-00-00-00-00-00-00-00-00-00-00-00-00-00-00-00-00-00-00-00-00-00-00-00-00-00-00-00-00-00-00-00-00-00-00-00-00-00-00-00-00-00-00-00-00-00-00-00-00-00-00-00-00-00-00-00-00-00-00-00-00-00-00-00-00-00-00-00-00-00-00-00-00-00-00-00-00-00-00-00-00-00-00-00-00-00-00-00-00-00-00-00-00-00-00-00-00-00-00-00-00-00-00-00-00-00-00-00-00-00-00-00-00-00-00-00-00-00-00-00-00-00-00-00-00-00-00-00-00-00-00-00-00-00-00-00-00-00-00-00-00-00-00-00-00-00-00-00-00-00-00-00-00-00-00-00-00-00-00-00-00-00-00-00-00-00-00-00-00-00-00-00-00-00-00-00-00-00-00-00-00-00-00-00-00-00-00-00-00-00-00-00-00-00-00-00-00-00-00-00-00-00-00-00-00-00-00-00-00-00-00-00-00-00-00-00-00-00-00-00-00-00-00-00-00-00-00-00-00-00-00-00-00-00-00-00-00-00-00-00-00-00-00-00-00-00-00-00-00-00-00-00-00-00-00-00-00-00-00-00-00-00-00-00-00-00-00-00-00-00-00-00-00-00-00-00-00-00-00-00-00-00-00-00-00-00-00-00-00-00-00-00-00-00-00-00-00-00-00-00-00-00-00-00-00-00-00-00-00-00-00-00-00-00-00-00-00-00-00-00-00-00-00-00-00-00-00-00-00-00-00-00-00-00-00-00-00-00-00-00-00-00-00-00-00-00-00-00-00-00-00-00-00-00-00-00-00-00-00-00-00-00-00-00-00-00-00-00-00-00-00-00-00-00-00-00-00-00-00-00-00-00-00-00-00-00-00-00-00-00-00-00-00-00-00-00-00-00-00-00-00-00-00-00-00-00-00-00-00-00-00-00-00-00-00-00-00-00-00-00-00-00-00-00-00-00-00-00-00-00-00-00-00-00-00-00-00-00-00-00-00-00-00-00-00-00-00-00-00-00-00-00-00-00-00-00-00-00-00-00-00-00-00-00-00-00-00-00-00-00-00-00-00-00-00-00-00-00-00-00-00-00-00-00-00-00-00-00-00-00-00-00-00-00-00-00-00-00-00-00-00-00-00-00-00-00-00-00-00-00-00-00-00-00-00-00-00-00-00-00-00-00-00-00-00-00-00-00-00-00-00-00-00-00-00-00-00-00-00-00-00-00-00-00-00-00-00-00-00-00-00-00-00-00-00-00-00-00-00-00-00-00-00-00-00-00-00-00-00-00-00-00-00-00-00-00-00-00-00-00-00-00-00-00-00-00-00-00-00-00-00-00-00-00-00-00-00-00-00-00-00-00-00-00-00-00-00-00-00-00-00-00-00-00-00-00-00-00-00-00-00-00-00-00-00-00-00-00-00-00-00-00-00-00-00-00-00-00-00-00-00-00-00-00-00-00-00-00-00-00-00-00-00-00-00-00-00-00-00-00-00-00-00-00-00-00-00-00-00-00-00-00-00-00-00-00-00-00-00-00-00-00-00-00-00-00-00-00-00-00-00-00-00-00-00-00-00-00-00-00-00-00-00-00-00-00""}]}}",,,,,,,,,,
2025-01-15 06:17:44.142032800+00:00,Evtx,,31.0,26.0,Info,Microsoft-Windows-Kernel-Processor-Power,System,4.0,52.0,37L4247F27-25,S-1-5-18,,,,False,"{""EventData"":{""Data"":[{""@Name"":""Group"",""#text"":""0""},{""@Name"":""Number"",""#text"":""0""},{""@Name"":""IdleStateCount"",""#text"":""1""},{""@Name"":""PerfStateCount"",""#text"":""0""},{""@Name"":""ThrottleStateCount"",""#text"":""0""}],""ComplexData"":[{""@Name"":""IdleState"",""#text"":""01""},{""@Name"":""PerfState""}]}}",,,,,,,,,,
2025-01-15 06:17:45.187234600+00:00,Registry,User Accounts (SECURITY) | Built-in accounts in SECURITY hive,,,,,,,,,,,,,,,Security,User Accounts,CMI-CreateHive{0297523D-E529-4E42-8BE7-E1AABC063C84}\Policy\Accounts\S-1-5-21-1074993871-1730380631-692495208-501,(default),RegBinary,,,,False,False
2025-01-15 06:17:54.063650200+00:00,Evtx,Windows is starting up,1.0,4608.0,LogAlways,Microsoft-Windows-Security-Auditing,Security,452.0,456.0,37L4247F27-25,,,,,False,"{""EventData"":""""}",,,,,,,,,,
2025-01-15 06:17:54.063650200+00:00,Evtx,Successful logon,2.0,4624.0,LogAlways,Microsoft-Windows-Security-Auditing,Security,452.0,456.0,37L4247F27-25,,-\-,- (-),,False,"{""EventData"":{""Data"":[{""@Name"":""SubjectUserSid"",""#text"":""S-1-0-0""},{""@Name"":""SubjectUserName"",""#text"":""-""},{""@Name"":""SubjectDomainName"",""#text"":""-""},{""@Name"":""SubjectLogonId"",""#text"":""0x0""},{""@Name"":""TargetUserSid"",""#text"":""S-1-5-18""},{""@Name"":""TargetUserName"",""#text"":""SYSTEM""},{""@Name"":""TargetDomainName"",""#text"":""NT AUTHORITY""},{""@Name"":""TargetLogonId"",""#text"":""0x3E7""},{""@Name"":""LogonType"",""#text"":""0""},{""@Name"":""LogonProcessName"",""#text"":""-""},{""@Name"":""AuthenticationPackageName"",""#text"":""-""},{""@Name"":""WorkstationName"",""#text"":""-""},{""@Name"":""LogonGuid"",""#text"":""00000000-0000-0000-0000-000000000000""},{""@Name"":""TransmittedServices"",""#text"":""-""},{""@Name"":""LmPackageName"",""#text"":""-""},{""@Name"":""KeyLength"",""#text"":""0""},{""@Name"":""ProcessId"",""#text"":""0x4""},{""@Name"":""ProcessName""},{""@Name"":""IpAddress"",""#text"":""-""},{""@Name"":""IpPort"",""#text"":""-""}]}}",,,,,,,,,,
2025-01-15 06:17:54.250850500+00:00,Evtx,,3.0,4902.0,LogAlways,Microsoft-Windows-Security-Auditing,Security,452.0,504.0,37L4247F27-25,,,,,False,"{""EventData"":{""Data"":[{""@Name"":""PuaCount"",""#text"":""0""},{""@Name"":""PuaPolicyId"",""#text"":""0x33671""}]}}",,,,,,,,,,
2025-01-15 06:17:54.391250800+00:00,Evtx,Successful logon,4.0,4624.0,LogAlways,Microsoft-Windows-Security-Auditing,Security,452.0,516.0,37L4247F27-25,,WORKGROUP\37L4247F27-25$, (-),C:\Windows\System32\services.exe,False,"{""EventData"":{""Data"":[{""@Name"":""SubjectUserSid"",""#text"":""S-1-5-18""},{""@Name"":""SubjectUserName"",""#text"":""37L4247F27-25$""},{""@Name"":""SubjectDomainName"",""#text"":""WORKGROUP""},{""@Name"":""SubjectLogonId"",""#text"":""0x3E7""},{""@Name"":""TargetUserSid"",""#text"":""S-1-5-18""},{""@Name"":""TargetUserName"",""#text"":""SYSTEM""},{""@Name"":""TargetDomainName"",""#text"":""NT AUTHORITY""},{""@Name"":""TargetLogonId"",""#text"":""0x3E7""},{""@Name"":""LogonType"",""#text"":""5""},{""@Name"":""LogonProcessName"",""#text"":""Advapi  ""},{""@Name"":""AuthenticationPackageName"",""#text"":""Negotiate""},{""@Name"":""WorkstationName""},{""@Name"":""LogonGuid"",""#text"":""00000000-0000-0000-0000-000000000000""},{""@Name"":""TransmittedServices"",""#text"":""-""},{""@Name"":""LmPackageName"",""#text"":""-""},{""@Name"":""KeyLength"",""#text"":""0""},{""@Name"":""ProcessId"",""#text"":""0x1B4""},{""@Name"":""ProcessName"",""#text"":""C:\\Windows\\System32\\services.exe""},{""@Name"":""IpAddress"",""#text"":""-""},{""@Name"":""IpPort"",""#text"":""-""}]}}",,,,,,,,,,
2025-01-15 06:17:54.391250800+00:00,Evtx,Administrative logon,5.0,4672.0,LogAlways,Microsoft-Windows-Security-Auditing,Security,452.0,516.0,37L4247F27-25,,NT AUTHORITY\SYSTEM (S-1-5-18),,,False,"{""EventData"":{""Data"":[{""@Name"":""SubjectUserSid"",""#text"":""S-1-5-18""},{""@Name"":""SubjectUserName"",""#text"":""SYSTEM""},{""@Name"":""SubjectDomainName"",""#text"":""NT AUTHORITY""},{""@Name"":""SubjectLogonId"",""#text"":""0x3E7""},{""@Name"":""PrivilegeList"",""#text"":""SeAssignPrimaryTokenPrivilege, SeTcbPrivilege, SeSecurityPrivilege, SeTakeOwnershipPrivilege, SeLoadDriverPrivilege, SeBackupPrivilege, SeRestorePrivilege, SeDebugPrivilege, SeAuditPrivilege, SeSystemEnvironmentPrivilege, SeImpersonatePrivilege""}]}}",,,,,,,,,,
2025-01-15 06:17:54.469250900+00:00,Evtx,,33.0,20010.0,Info,Microsoft-Windows-UserPnp,System,564.0,580.0,37L4247F27-25,S-1-5-18,,,,False,"{""UserData"":{""INFO_PNP_STATE"":{""InstallSubsystemState"":""True"",""CachingSubsystemState"":""True""}}}",,,,,,,,,,
2025-01-15 06:17:54.469250900+00:00,Evtx,Service started or stopped,32.0,7036.0,Info,Service Control Manager,System,436.0,556.0,37L4247F27-25,,,,,False,"{""EventData"":{""Data"":[{""@Name"":""param1"",""#text"":""Plug and Play""},{""@Name"":""param2"",""#text"":""running""}],""Binary"":""50-00-6C-00-75-00-67-00-50-00-6C-00-61-00-79-00-2F-00-34-00-00-00""}}",,,,,,,,,,
2025-01-15 06:17:54.547251100+00:00,Evtx,Service started or stopped,34.0,7036.0,Info,Service Control Manager,System,436.0,556.0,37L4247F27-25,,,,,False,"{""EventData"":{""Data"":[{""@Name"":""param1"",""#text"":""Power""},{""@Name"":""param2"",""#text"":""running""}],""Binary"":""50-00-6F-00-77-00-65-00-72-00-2F-00-34-00-00-00""}}",,,,,,,,,,
2025-01-15 06:17:54.562851100+00:00,Evtx,Successful logon,6.0,4624.0,LogAlways,Microsoft-Windows-Security-Auditing,Security,452.0,516.0,37L4247F27-25,,WORKGROUP\37L4247F27-25$, (-),C:\Windows\System32\services.exe,False,"{""EventData"":{""Data"":[{""@Name"":""SubjectUserSid"",""#text"":""S-1-5-18""},{""@Name"":""SubjectUserName"",""#text"":""37L4247F27-25$""},{""@Name"":""SubjectDomainName"",""#text"":""WORKGROUP""},{""@Name"":""SubjectLogonId"",""#text"":""0x3E7""},{""@Name"":""TargetUserSid"",""#text"":""S-1-5-20""},{""@Name"":""TargetUserName"",""#text"":""NETWORK SERVICE""},{""@Name"":""TargetDomainName"",""#text"":""NT AUTHORITY""},{""@Name"":""TargetLogonId"",""#text"":""0x3E4""},{""@Name"":""LogonType"",""#text"":""5""},{""@Name"":""LogonProcessName"",""#text"":""Advapi  ""},{""@Name"":""AuthenticationPackageName"",""#text"":""Negotiate""},{""@Name"":""WorkstationName""},{""@Name"":""LogonGuid"",""#text"":""00000000-0000-0000-0000-000000000000""},{""@Name"":""TransmittedServices"",""#text"":""-""},{""@Name"":""LmPackageName"",""#text"":""-""},{""@Name"":""KeyLength"",""#text"":""0""},{""@Name"":""ProcessId"",""#text"":""0x1B4""},{""@Name"":""ProcessName"",""#text"":""C:\\Windows\\System32\\services.exe""},{""@Name"":""IpAddress"",""#text"":""-""},{""@Name"":""IpPort"",""#text"":""-""}]}}",,,,,,,,,,
2025-01-15 06:17:54.562851100+00:00,Evtx,Administrative logon,7.0,4672.0,LogAlways,Microsoft-Windows-Security-Auditing,Security,452.0,516.0,37L4247F27-25,,NT AUTHORITY\NETWORK SERVICE (S-1-5-20),,,False,"{""EventData"":{""Data"":[{""@Name"":""SubjectUserSid"",""#text"":""S-1-5-20""},{""@Name"":""SubjectUserName"",""#text"":""NETWORK SERVICE""},{""@Name"":""SubjectDomainName"",""#text"":""NT AUTHORITY""},{""@Name"":""SubjectLogonId"",""#text"":""0x3E4""},{""@Name"":""PrivilegeList"",""#text"":""SeAssignPrimaryTokenPrivilege, SeAuditPrivilege, SeImpersonatePrivilege""}]}}",,,,,,,,,,
2025-01-15 06:17:54.594051100+00:00,Evtx,Service started or stopped,35.0,7036.0,Info,Service Control Manager,System,436.0,556.0,37L4247F27-25,,,,,False,"{""EventData"":{""Data"":[{""@Name"":""param1"",""#text"":""DCOM Server Process Launcher""},{""@Name"":""param2"",""#text"":""running""}],""Binary"":""44-00-63-00-6F-00-6D-00-4C-00-61-00-75-00-6E-00-63-00-68-00-2F-00-34-00-00-00""}}",,,,,,,,,,
2025-01-15 06:17:54.609651200+00:00,Evtx,Service started or stopped,36.0,7036.0,Info,Service Control Manager,System,436.0,556.0,37L4247F27-25,,,,,False,"{""EventData"":{""Data"":[{""@Name"":""param1"",""#text"":""RPC Endpoint Mapper""},{""@Name"":""param2"",""#text"":""running""}],""Binary"":""52-00-70-00-63-00-45-00-70-00-74-00-4D-00-61-00-70-00-70-00-65-00-72-00-2F-00-34-00-00-00""}}",,,,,,,,,,
2025-01-15 06:17:54.640851200+00:00,Evtx,Service started or stopped,37.0,7036.0,Info,Service Control Manager,System,436.0,556.0,37L4247F27-25,,,,,False,"{""EventData"":{""Data"":[{""@Name"":""param1"",""#text"":""Remote Procedure Call (RPC)""},{""@Name"":""param2"",""#text"":""running""}],""Binary"":""52-00-70-00-63-00-53-00-73-00-2F-00-34-00-00-00""}}",,,,,,,,,,
2025-01-15 06:17:56.497254500+00:00,Evtx,Start type of a service has changed,38.0,7040.0,Info,Service Control Manager,System,436.0,556.0,37L4247F27-25,S-1-5-18,,,msdsm,False,"{""EventData"":{""Data"":[{""@Name"":""param1"",""#text"":""msdsm""},{""@Name"":""param2"",""#text"":""boot start""},{""@Name"":""param3"",""#text"":""demand start""},{""@Name"":""param4"",""#text"":""msdsm""}]}}",,,,,,,,,,
2025-01-15 06:17:56.497254500+00:00,Evtx,Start type of a service has changed,39.0,7040.0,Info,Service Control Manager,System,436.0,556.0,37L4247F27-25,S-1-5-18,,,mpio,False,"{""EventData"":{""Data"":[{""@Name"":""param1"",""#text"":""mpio""},{""@Name"":""param2"",""#text"":""boot start""},{""@Name"":""param3"",""#text"":""demand start""},{""@Name"":""param4"",""#text"":""mpio""}]}}",,,,,,,,,,
2025-01-15 06:17:56.497254500+00:00,Evtx,Start type of a service has changed,40.0,7040.0,Info,Service Control Manager,System,436.0,556.0,37L4247F27-25,S-1-5-18,,,adpu320,False,"{""EventData"":{""Data"":[{""@Name"":""param1"",""#text"":""adpu320""},{""@Name"":""param2"",""#text"":""boot start""},{""@Name"":""param3"",""#text"":""demand start""},{""@Name"":""param4"",""#text"":""adpu320""}]}}",,,,,,,,,,
2025-01-15 06:17:56.512854500+00:00,Evtx,Start type of a service has changed,41.0,7040.0,Info,Service Control Manager,System,436.0,556.0,37L4247F27-25,S-1-5-18,,,adp94xx,False,"{""EventData"":{""Data"":[{""@Name"":""param1"",""#text"":""adp94xx""},{""@Name"":""param2"",""#text"":""boot start""},{""@Name"":""param3"",""#text"":""demand start""},{""@Name"":""param4"",""#text"":""adp94xx""}]}}",,,,,,,,,,
2025-01-15 06:17:56.512854500+00:00,Evtx,Start type of a service has changed,43.0,7040.0,Info,Service Control Manager,System,436.0,556.0,37L4247F27-25,S-1-5-18,,,arc,False,"{""EventData"":{""Data"":[{""@Name"":""param1"",""#text"":""arc""},{""@Name"":""param2"",""#text"":""boot start""},{""@Name"":""param3"",""#text"":""demand start""},{""@Name"":""param4"",""#text"":""arc""}]}}",,,,,,,,,,
2025-01-15 06:17:56.512854500+00:00,Evtx,Start type of a service has changed,42.0,7040.0,Info,Service Control Manager,System,436.0,556.0,37L4247F27-25,S-1-5-18,,,arcsas,False,"{""EventData"":{""Data"":[{""@Name"":""param1"",""#text"":""arcsas""},{""@Name"":""param2"",""#text"":""boot start""},{""@Name"":""param3"",""#text"":""demand start""},{""@Name"":""param4"",""#text"":""arcsas""}]}}",,,,,,,,,,
2025-01-15 06:17:56.528454500+00:00,Evtx,Start type of a service has changed,44.0,7040.0,Info,Service Control Manager,System,436.0,556.0,37L4247F27-25,S-1-5-18,,,adpahci,False,"{""EventData"":{""Data"":[{""@Name"":""param1"",""#text"":""adpahci""},{""@Name"":""param2"",""#text"":""boot start""},{""@Name"":""param3"",""#text"":""demand start""},{""@Name"":""param4"",""#text"":""adpahci""}]}}",,,,,,,,,,
2025-01-15 06:17:56.528454500+00:00,Evtx,Start type of a service has changed,45.0,7040.0,Info,Service Control Manager,System,436.0,556.0,37L4247F27-25,S-1-5-18,,,iaStorV,False,"{""EventData"":{""Data"":[{""@Name"":""param1"",""#text"":""iaStorV""},{""@Name"":""param2"",""#text"":""boot start""},{""@Name"":""param3"",""#text"":""demand start""},{""@Name"":""param4"",""#text"":""iaStorV""}]}}",,,,,,,,,,
2025-01-15 06:17:56.528454500+00:00,Evtx,Start type of a service has changed,46.0,7040.0,Info,Service Control Manager,System,436.0,556.0,37L4247F27-25,S-1-5-18,,,iirsp,False,"{""EventData"":{""Data"":[{""@Name"":""param1"",""#text"":""iirsp""},{""@Name"":""param2"",""#text"":""boot start""},{""@Name"":""param3"",""#text"":""demand start""},{""@Name"":""param4"",""#text"":""iirsp""}]}}",,,,,,,,,,
2025-01-15 06:17:56.544054600+00:00,Evtx,Start type of a service has changed,47.0,7040.0,Info,Service Control Manager,System,436.0,556.0,37L4247F27-25,S-1-5-18,,,vsmraid,False,"{""EventData"":{""Data"":[{""@Name"":""param1"",""#text"":""vsmraid""},{""@Name"":""param2"",""#text"":""boot start""},{""@Name"":""param3"",""#text"":""demand start""},{""@Name"":""param4"",""#text"":""vsmraid""}]}}",,,,,,,,,,
2025-01-15 06:17:56.544054600+00:00,Evtx,Start type of a service has changed,48.0,7040.0,Info,Service Control Manager,System,436.0,556.0,37L4247F27-25,S-1-5-18,,,viaide,False,"{""EventData"":{""Data"":[{""@Name"":""param1"",""#text"":""viaide""},{""@Name"":""param2"",""#text"":""boot start""},{""@Name"":""param3"",""#text"":""demand start""},{""@Name"":""param4"",""#text"":""viaide""}]}}",,,,,,,,,,
2025-01-15 06:17:56.559654600+00:00,Evtx,Start type of a service has changed,49.0,7040.0,Info,Service Control Manager,System,436.0,556.0,37L4247F27-25,S-1-5-18,,,elxstor,False,"{""EventData"":{""Data"":[{""@Name"":""param1"",""#text"":""elxstor""},{""@Name"":""param2"",""#text"":""boot start""},{""@Name"":""param3"",""#text"":""demand start""},{""@Name"":""param4"",""#text"":""elxstor""}]}}",,,,,,,,,,
2025-01-15 06:17:56.559654600+00:00,Evtx,Start type of a service has changed,50.0,7040.0,Info,Service Control Manager,System,436.0,556.0,37L4247F27-25,S-1-5-18,,,nvstor,False,"{""EventData"":{""Data"":[{""@Name"":""param1"",""#text"":""nvstor""},{""@Name"":""param2"",""#text"":""boot start""},{""@Name"":""param3"",""#text"":""demand start""},{""@Name"":""param4"",""#text"":""nvstor""}]}}",,,,,,,,,,
2025-01-15 06:17:56.559654600+00:00,Evtx,Start type of a service has changed,51.0,7040.0,Info,Service Control Manager,System,436.0,556.0,37L4247F27-25,S-1-5-18,,,aliide,False,"{""EventData"":{""Data"":[{""@Name"":""param1"",""#text"":""aliide""},{""@Name"":""param2"",""#text"":""boot start""},{""@Name"":""param3"",""#text"":""demand start""},{""@Name"":""param4"",""#text"":""aliide""}]}}",,,,,,,,,,
2025-01-15 06:17:56.559654600+00:00,Evtx,Start type of a service has changed,52.0,7040.0,Info,Service Control Manager,System,436.0,556.0,37L4247F27-25,S-1-5-18,,,cmdide,False,"{""EventData"":{""Data"":[{""@Name"":""param1"",""#text"":""cmdide""},{""@Name"":""param2"",""#text"":""boot start""},{""@Name"":""param3"",""#text"":""demand start""},{""@Name"":""param4"",""#text"":""cmdide""}]}}",,,,,,,,,,
2025-01-15 06:17:56.575254600+00:00,Evtx,Start type of a service has changed,55.0,7040.0,Info,Service Control Manager,System,436.0,556.0,37L4247F27-25,S-1-5-18,,,stexstor,False,"{""EventData"":{""Data"":[{""@Name"":""param1"",""#text"":""stexstor""},{""@Name"":""param2"",""#text"":""boot start""},{""@Name"":""param3"",""#text"":""demand start""},{""@Name"":""param4"",""#text"":""stexstor""}]}}",,,,,,,,,,
2025-01-15 06:17:56.575254600+00:00,Evtx,Start type of a service has changed,54.0,7040.0,Info,Service Control Manager,System,436.0,556.0,37L4247F27-25,S-1-5-18,,,ql2300,False,"{""EventData"":{""Data"":[{""@Name"":""param1"",""#text"":""ql2300""},{""@Name"":""param2"",""#text"":""boot start""},{""@Name"":""param3"",""#text"":""demand start""},{""@Name"":""param4"",""#text"":""ql2300""}]}}",,,,,,,,,,
2025-01-15 06:17:56.575254600+00:00,Evtx,Start type of a service has changed,53.0,7040.0,Info,Service Control Manager,System,436.0,556.0,37L4247F27-25,S-1-5-18,,,ql40xx,False,"{""EventData"":{""Data"":[{""@Name"":""param1"",""#text"":""ql40xx""},{""@Name"":""param2"",""#text"":""boot start""},{""@Name"":""param3"",""#text"":""demand start""},{""@Name"":""param4"",""#text"":""ql40xx""}]}}",,,,,,,,,,
2025-01-15 06:17:56.590854600+00:00,Evtx,Start type of a service has changed,56.0,7040.0,Info,Service Control Manager,System,436.0,556.0,37L4247F27-25,S-1-5-18,,,SiSRaid4,False,"{""EventData"":{""Data"":[{""@Name"":""param1"",""#text"":""SiSRaid4""},{""@Name"":""param2"",""#text"":""boot start""},{""@Name"":""param3"",""#text"":""demand start""},{""@Name"":""param4"",""#text"":""SiSRaid4""}]}}",,,,,,,,,,
2025-01-15 06:17:56.590854600+00:00,Evtx,Start type of a service has changed,58.0,7040.0,Info,Service Control Manager,System,436.0,556.0,37L4247F27-25,S-1-5-18,,,amdide,False,"{""EventData"":{""Data"":[{""@Name"":""param1"",""#text"":""amdide""},{""@Name"":""param2"",""#text"":""boot start""},{""@Name"":""param3"",""#text"":""demand start""},{""@Name"":""param4"",""#text"":""amdide""}]}}",,,,,,,,,,
2025-01-15 06:17:56.590854600+00:00,Evtx,Start type of a service has changed,57.0,7040.0,Info,Service Control Manager,System,436.0,556.0,37L4247F27-25,S-1-5-18,,,SiSRaid2,False,"{""EventData"":{""Data"":[{""@Name"":""param1"",""#text"":""SiSRaid2""},{""@Name"":""param2"",""#text"":""boot start""},{""@Name"":""param3"",""#text"":""demand start""},{""@Name"":""param4"",""#text"":""SiSRaid2""}]}}",,,,,,,,,,
2025-01-15 06:17:56.606454700+00:00,Evtx,Start type of a service has changed,59.0,7040.0,Info,Service Control Manager,System,436.0,556.0,37L4247F27-25,S-1-5-18,,,nfrd960,False,"{""EventData"":{""Data"":[{""@Name"":""param1"",""#text"":""nfrd960""},{""@Name"":""param2"",""#text"":""boot start""},{""@Name"":""param3"",""#text"":""demand start""},{""@Name"":""param4"",""#text"":""nfrd960""}]}}",,,,,,,,,,
2025-01-15 06:17:56.622054700+00:00,Evtx,Start type of a service has changed,60.0,7040.0,Info,Service Control Manager,System,436.0,556.0,37L4247F27-25,S-1-5-18,,,amdsata,False,"{""EventData"":{""Data"":[{""@Name"":""param1"",""#text"":""amdsata""},{""@Name"":""param2"",""#text"":""boot start""},{""@Name"":""param3"",""#text"":""demand start""},{""@Name"":""param4"",""#text"":""amdsata""}]}}",,,,,,,,,,
2025-01-15 06:17:56.637654700+00:00,Evtx,Start type of a service has changed,62.0,7040.0,Info,Service Control Manager,System,436.0,556.0,37L4247F27-25,S-1-5-18,,,LSI_FC,False,"{""EventData"":{""Data"":[{""@Name"":""param1"",""#text"":""LSI_FC""},{""@Name"":""param2"",""#text"":""boot start""},{""@Name"":""param3"",""#text"":""demand start""},{""@Name"":""param4"",""#text"":""LSI_FC""}]}}",,,,,,,,,,
2025-01-15 06:17:56.637654700+00:00,Evtx,Start type of a service has changed,61.0,7040.0,Info,Service Control Manager,System,436.0,556.0,37L4247F27-25,S-1-5-18,,,amdsbs,False,"{""EventData"":{""Data"":[{""@Name"":""param1"",""#text"":""amdsbs""},{""@Name"":""param2"",""#text"":""boot start""},{""@Name"":""param3"",""#text"":""demand start""},{""@Name"":""param4"",""#text"":""amdsbs""}]}}",,,,,,,,,,
2025-01-15 06:17:56.637654700+00:00,Evtx,Start type of a service has changed,63.0,7040.0,Info,Service Control Manager,System,436.0,556.0,37L4247F27-25,S-1-5-18,,,LSI_SAS2,False,"{""EventData"":{""Data"":[{""@Name"":""param1"",""#text"":""LSI_SAS2""},{""@Name"":""param2"",""#text"":""boot start""},{""@Name"":""param3"",""#text"":""demand start""},{""@Name"":""param4"",""#text"":""LSI_SAS2""}]}}",,,,,,,,,,
2025-01-15 06:17:56.668854800+00:00,Evtx,Start type of a service has changed,64.0,7040.0,Info,Service Control Manager,System,436.0,556.0,37L4247F27-25,S-1-5-18,,,megasas,False,"{""EventData"":{""Data"":[{""@Name"":""param1"",""#text"":""megasas""},{""@Name"":""param2"",""#text"":""boot start""},{""@Name"":""param3"",""#text"":""demand start""},{""@Name"":""param4"",""#text"":""megasas""}]}}",,,,,,,,,,
2025-01-15 06:17:56.684454800+00:00,Evtx,Start type of a service has changed,65.0,7040.0,Info,Service Control Manager,System,436.0,556.0,37L4247F27-25,S-1-5-18,,,MegaSR,False,"{""EventData"":{""Data"":[{""@Name"":""param1"",""#text"":""MegaSR""},{""@Name"":""param2"",""#text"":""boot start""},{""@Name"":""param3"",""#text"":""demand start""},{""@Name"":""param4"",""#text"":""MegaSR""}]}}",,,,,,,,,,
2025-01-15 06:17:56.684454800+00:00,Evtx,Start type of a service has changed,66.0,7040.0,Info,Service Control Manager,System,436.0,556.0,37L4247F27-25,S-1-5-18,,,LSI_SCSI,False,"{""EventData"":{""Data"":[{""@Name"":""param1"",""#text"":""LSI_SCSI""},{""@Name"":""param2"",""#text"":""boot start""},{""@Name"":""param3"",""#text"":""demand start""},{""@Name"":""param4"",""#text"":""LSI_SCSI""}]}}",,,,,,,,,,
2025-01-15 06:17:56.715654900+00:00,Evtx,Start type of a service has changed,68.0,7040.0,Info,Service Control Manager,System,436.0,556.0,37L4247F27-25,S-1-5-18,,,pciide,False,"{""EventData"":{""Data"":[{""@Name"":""param1"",""#text"":""pciide""},{""@Name"":""param2"",""#text"":""boot start""},{""@Name"":""param3"",""#text"":""demand start""},{""@Name"":""param4"",""#text"":""pciide""}]}}",,,,,,,,,,
2025-01-15 06:17:56.715654900+00:00,Evtx,Start type of a service has changed,67.0,7040.0,Info,Service Control Manager,System,436.0,556.0,37L4247F27-25,S-1-5-18,,,HpSAMD,False,"{""EventData"":{""Data"":[{""@Name"":""param1"",""#text"":""HpSAMD""},{""@Name"":""param2"",""#text"":""boot start""},{""@Name"":""param3"",""#text"":""demand start""},{""@Name"":""param4"",""#text"":""HpSAMD""}]}}",,,,,,,,,,
2025-01-15 06:17:56.731254900+00:00,Evtx,Start type of a service has changed,69.0,7040.0,Info,Service Control Manager,System,436.0,556.0,37L4247F27-25,S-1-5-18,,,Compbatt,False,"{""EventData"":{""Data"":[{""@Name"":""param1"",""#text"":""Compbatt""},{""@Name"":""param2"",""#text"":""boot start""},{""@Name"":""param3"",""#text"":""demand start""},{""@Name"":""param4"",""#text"":""Compbatt""}]}}",,,,,,,,,,
2025-01-15 06:17:56.746854900+00:00,Evtx,Start type of a service has changed,70.0,7040.0,Info,Service Control Manager,System,436.0,556.0,37L4247F27-25,S-1-5-18,,,sbp2port,False,"{""EventData"":{""Data"":[{""@Name"":""param1"",""#text"":""sbp2port""},{""@Name"":""param2"",""#text"":""boot start""},{""@Name"":""param3"",""#text"":""demand start""},{""@Name"":""param4"",""#text"":""sbp2port""}]}}",,,,,,,,,,
2025-01-15 06:17:56.746854900+00:00,Evtx,Start type of a service has changed,71.0,7040.0,Info,Service Control Manager,System,436.0,556.0,37L4247F27-25,S-1-5-18,,,Wd,False,"{""EventData"":{""Data"":[{""@Name"":""param1"",""#text"":""Wd""},{""@Name"":""param2"",""#text"":""boot start""},{""@Name"":""param3"",""#text"":""demand start""},{""@Name"":""param4"",""#text"":""Wd""}]}}",,,,,,,,,,
2025-01-15 06:17:56.746854900+00:00,Evtx,Start type of a service has changed,72.0,7040.0,Info,Service Control Manager,System,436.0,556.0,37L4247F27-25,S-1-5-18,,,nvraid,False,"{""EventData"":{""Data"":[{""@Name"":""param1"",""#text"":""nvraid""},{""@Name"":""param2"",""#text"":""boot start""},{""@Name"":""param3"",""#text"":""demand start""},{""@Name"":""param4"",""#text"":""nvraid""}]}}",,,,,,,,,,
2025-01-15 06:17:56.778055+00:00,Evtx,Start type of a service has changed,73.0,7040.0,Info,Service Control Manager,System,436.0,556.0,37L4247F27-25,S-1-5-18,,,isapnp,False,"{""EventData"":{""Data"":[{""@Name"":""param1"",""#text"":""isapnp""},{""@Name"":""param2"",""#text"":""boot start""},{""@Name"":""param3"",""#text"":""demand start""},{""@Name"":""param4"",""#text"":""isapnp""}]}}",,,,,,,,,,
2025-01-15 06:17:56.778055+00:00,Evtx,Start type of a service has changed,74.0,7040.0,Info,Service Control Manager,System,436.0,556.0,37L4247F27-25,S-1-5-18,,,Serial,False,"{""EventData"":{""Data"":[{""@Name"":""param1"",""#text"":""Serial""},{""@Name"":""param2"",""#text"":""system start""},{""@Name"":""param3"",""#text"":""demand start""},{""@Name"":""param4"",""#text"":""Serial""}]}}",,,,,,,,,,
2025-01-15 06:17:57+00:00,Evtx,System Name Changed,1.0,6011.0,Info,EventLog,System,0.0,0.0,37L4247F27-25,,,,,False,"{""EventData"":{""Data"":""37L4247F27-25, WIN-3M6ADARIMNH"",""Binary"":""""}}",,,,,,,,,,
2025-01-15 06:17:57+00:00,Evtx,,2.0,6009.0,Info,EventLog,System,0.0,0.0,37L4247F27-25,,,,,False,"{""EventData"":{""Data"":""6.01., 7601, Service Pack 1, Multiprocessor Free, 17514"",""Binary"":""""}}",,,,,,,,,,
2025-01-15 06:17:57+00:00,Evtx,The Event log service was started,3.0,6005.0,Info,EventLog,System,0.0,0.0,37L4247F27-25,,,,,False,"{""EventData"":{""Data"":"""",""Binary"":""E9-07-01-00-03-00-0F-00-06-00-11-00-39-00-72-01-00-00-00-00-00-00-00-00""}}",,,,,,,,,,
2025-01-15 06:17:57.090055500+00:00,Evtx,,75.0,6.0,Info,Microsoft-Windows-FilterManager,System,4.0,56.0,37L4247F27-25,S-1-5-18,,,,False,"{""EventData"":{""Data"":[{""@Name"":""FinalStatus"",""#text"":""0x0""},{""@Name"":""DeviceVersionMajor"",""#text"":""6""},{""@Name"":""DeviceVersionMinor"",""#text"":""1""},{""@Name"":""DeviceNameLength"",""#text"":""5""},{""@Name"":""DeviceName"",""#text"":""luafv""},{""@Name"":""DeviceTime"",""#text"":""2009-07-13 15:26:13.0000000""}]}}",,,,,,,,,,
2025-01-15 06:17:57.121255600+00:00,Evtx,Successful logon,8.0,4624.0,LogAlways,Microsoft-Windows-Security-Auditing,Security,452.0,516.0,37L4247F27-25,,WORKGROUP\37L4247F27-25$, (-),C:\Windows\System32\services.exe,False,"{""EventData"":{""Data"":[{""@Name"":""SubjectUserSid"",""#text"":""S-1-5-18""},{""@Name"":""SubjectUserName"",""#text"":""37L4247F27-25$""},{""@Name"":""SubjectDomainName"",""#text"":""WORKGROUP""},{""@Name"":""SubjectLogonId"",""#text"":""0x3E7""},{""@Name"":""TargetUserSid"",""#text"":""S-1-5-19""},{""@Name"":""TargetUserName"",""#text"":""LOCAL SERVICE""},{""@Name"":""TargetDomainName"",""#text"":""NT AUTHORITY""},{""@Name"":""TargetLogonId"",""#text"":""0x3E5""},{""@Name"":""LogonType"",""#text"":""5""},{""@Name"":""LogonProcessName"",""#text"":""Advapi  ""},{""@Name"":""AuthenticationPackageName"",""#text"":""Negotiate""},{""@Name"":""WorkstationName""},{""@Name"":""LogonGuid"",""#text"":""00000000-0000-0000-0000-000000000000""},{""@Name"":""TransmittedServices"",""#text"":""-""},{""@Name"":""LmPackageName"",""#text"":""-""},{""@Name"":""KeyLength"",""#text"":""0""},{""@Name"":""ProcessId"",""#text"":""0x1B4""},{""@Name"":""ProcessName"",""#text"":""C:\\Windows\\System32\\services.exe""},{""@Name"":""IpAddress"",""#text"":""-""},{""@Name"":""IpPort"",""#text"":""-""}]}}",,,,,,,,,,
2025-01-15 06:17:57.121255600+00:00,Evtx,Administrative logon,9.0,4672.0,LogAlways,Microsoft-Windows-Security-Auditing,Security,452.0,516.0,37L4247F27-25,,NT AUTHORITY\LOCAL SERVICE (S-1-5-19),,,False,"{""EventData"":{""Data"":[{""@Name"":""SubjectUserSid"",""#text"":""S-1-5-19""},{""@Name"":""SubjectUserName"",""#text"":""LOCAL SERVICE""},{""@Name"":""SubjectDomainName"",""#text"":""NT AUTHORITY""},{""@Name"":""SubjectLogonId"",""#text"":""0x3E5""},{""@Name"":""PrivilegeList"",""#text"":""SeAssignPrimaryTokenPrivilege, SeAuditPrivilege, SeImpersonatePrivilege""}]}}",,,,,,,,,,
2025-01-15 06:17:57.370856+00:00,Evtx,Service started or stopped,76.0,7036.0,Info,Service Control Manager,System,436.0,556.0,37L4247F27-25,,,,,False,"{""EventData"":{""Data"":[{""@Name"":""param1"",""#text"":""Windows Event Log""},{""@Name"":""param2"",""#text"":""running""}],""Binary"":""65-00-76-00-65-00-6E-00-74-00-6C-00-6F-00-67-00-2F-00-34-00-00-00""}}",,,,,,,,,,
2025-01-15 06:17:57.370856+00:00,Evtx,Successful logon,10.0,4624.0,LogAlways,Microsoft-Windows-Security-Auditing,Security,452.0,516.0,37L4247F27-25,,WORKGROUP\37L4247F27-25$, (-),C:\Windows\System32\services.exe,False,"{""EventData"":{""Data"":[{""@Name"":""SubjectUserSid"",""#text"":""S-1-5-18""},{""@Name"":""SubjectUserName"",""#text"":""37L4247F27-25$""},{""@Name"":""SubjectDomainName"",""#text"":""WORKGROUP""},{""@Name"":""SubjectLogonId"",""#text"":""0x3E7""},{""@Name"":""TargetUserSid"",""#text"":""S-1-5-18""},{""@Name"":""TargetUserName"",""#text"":""SYSTEM""},{""@Name"":""TargetDomainName"",""#text"":""NT AUTHORITY""},{""@Name"":""TargetLogonId"",""#text"":""0x3E7""},{""@Name"":""LogonType"",""#text"":""5""},{""@Name"":""LogonProcessName"",""#text"":""Advapi  ""},{""@Name"":""AuthenticationPackageName"",""#text"":""Negotiate""},{""@Name"":""WorkstationName""},{""@Name"":""LogonGuid"",""#text"":""00000000-0000-0000-0000-000000000000""},{""@Name"":""TransmittedServices"",""#text"":""-""},{""@Name"":""LmPackageName"",""#text"":""-""},{""@Name"":""KeyLength"",""#text"":""0""},{""@Name"":""ProcessId"",""#text"":""0x1B4""},{""@Name"":""ProcessName"",""#text"":""C:\\Windows\\System32\\services.exe""},{""@Name"":""IpAddress"",""#text"":""-""},{""@Name"":""IpPort"",""#text"":""-""}]}}",,,,,,,,,,
2025-01-15 06:17:57.370856+00:00,Evtx,Administrative logon,11.0,4672.0,LogAlways,Microsoft-Windows-Security-Auditing,Security,452.0,516.0,37L4247F27-25,,NT AUTHORITY\SYSTEM (S-1-5-18),,,False,"{""EventData"":{""Data"":[{""@Name"":""SubjectUserSid"",""#text"":""S-1-5-18""},{""@Name"":""SubjectUserName"",""#text"":""SYSTEM""},{""@Name"":""SubjectDomainName"",""#text"":""NT AUTHORITY""},{""@Name"":""SubjectLogonId"",""#text"":""0x3E7""},{""@Name"":""PrivilegeList"",""#text"":""SeAssignPrimaryTokenPrivilege, SeTcbPrivilege, SeSecurityPrivilege, SeTakeOwnershipPrivilege, SeLoadDriverPrivilege, SeBackupPrivilege, SeRestorePrivilege, SeDebugPrivilege, SeAuditPrivilege, SeSystemEnvironmentPrivilege, SeImpersonatePrivilege""}]}}",,,,,,,,,,
2025-01-15 06:17:57.402056100+00:00,Evtx,Administrative logon,13.0,4672.0,LogAlways,Microsoft-Windows-Security-Auditing,Security,452.0,516.0,37L4247F27-25,,NT AUTHORITY\SYSTEM (S-1-5-18),,,False,"{""EventData"":{""Data"":[{""@Name"":""SubjectUserSid"",""#text"":""S-1-5-18""},{""@Name"":""SubjectUserName"",""#text"":""SYSTEM""},{""@Name"":""SubjectDomainName"",""#text"":""NT AUTHORITY""},{""@Name"":""SubjectLogonId"",""#text"":""0x3E7""},{""@Name"":""PrivilegeList"",""#text"":""SeAssignPrimaryTokenPrivilege, SeTcbPrivilege, SeSecurityPrivilege, SeTakeOwnershipPrivilege, SeLoadDriverPrivilege, SeBackupPrivilege, SeRestorePrivilege, SeDebugPrivilege, SeAuditPrivilege, SeSystemEnvironmentPrivilege, SeImpersonatePrivilege""}]}}",,,,,,,,,,
2025-01-15 06:17:57.402056100+00:00,Evtx,Successful logon,12.0,4624.0,LogAlways,Microsoft-Windows-Security-Auditing,Security,452.0,516.0,37L4247F27-25,,WORKGROUP\37L4247F27-25$, (-),C:\Windows\System32\services.exe,False,"{""EventData"":{""Data"":[{""@Name"":""SubjectUserSid"",""#text"":""S-1-5-18""},{""@Name"":""SubjectUserName"",""#text"":""37L4247F27-25$""},{""@Name"":""SubjectDomainName"",""#text"":""WORKGROUP""},{""@Name"":""SubjectLogonId"",""#text"":""0x3E7""},{""@Name"":""TargetUserSid"",""#text"":""S-1-5-18""},{""@Name"":""TargetUserName"",""#text"":""SYSTEM""},{""@Name"":""TargetDomainName"",""#text"":""NT AUTHORITY""},{""@Name"":""TargetLogonId"",""#text"":""0x3E7""},{""@Name"":""LogonType"",""#text"":""5""},{""@Name"":""LogonProcessName"",""#text"":""Advapi  ""},{""@Name"":""AuthenticationPackageName"",""#text"":""Negotiate""},{""@Name"":""WorkstationName""},{""@Name"":""LogonGuid"",""#text"":""00000000-0000-0000-0000-000000000000""},{""@Name"":""TransmittedServices"",""#text"":""-""},{""@Name"":""LmPackageName"",""#text"":""-""},{""@Name"":""KeyLength"",""#text"":""0""},{""@Name"":""ProcessId"",""#text"":""0x1B4""},{""@Name"":""ProcessName"",""#text"":""C:\\Windows\\System32\\services.exe""},{""@Name"":""IpAddress"",""#text"":""-""},{""@Name"":""IpPort"",""#text"":""-""}]}}",,,,,,,,,,
2025-01-15 06:17:57.448856100+00:00,Evtx,Service started or stopped,77.0,7036.0,Info,Service Control Manager,System,436.0,548.0,37L4247F27-25,,,,,False,"{""EventData"":{""Data"":[{""@Name"":""param1"",""#text"":""Multimedia Class Scheduler""},{""@Name"":""param2"",""#text"":""running""}],""Binary"":""4D-00-4D-00-43-00-53-00-53-00-2F-00-34-00-00-00""}}",,,,,,,,,,
2025-01-15 06:17:57.511256300+00:00,Evtx,Successful logon,14.0,4624.0,LogAlways,Microsoft-Windows-Security-Auditing,Security,452.0,516.0,37L4247F27-25,,WORKGROUP\37L4247F27-25$, (-),C:\Windows\System32\services.exe,False,"{""EventData"":{""Data"":[{""@Name"":""SubjectUserSid"",""#text"":""S-1-5-18""},{""@Name"":""SubjectUserName"",""#text"":""37L4247F27-25$""},{""@Name"":""SubjectDomainName"",""#text"":""WORKGROUP""},{""@Name"":""SubjectLogonId"",""#text"":""0x3E7""},{""@Name"":""TargetUserSid"",""#text"":""S-1-5-18""},{""@Name"":""TargetUserName"",""#text"":""SYSTEM""},{""@Name"":""TargetDomainName"",""#text"":""NT AUTHORITY""},{""@Name"":""TargetLogonId"",""#text"":""0x3E7""},{""@Name"":""LogonType"",""#text"":""5""},{""@Name"":""LogonProcessName"",""#text"":""Advapi  ""},{""@Name"":""AuthenticationPackageName"",""#text"":""Negotiate""},{""@Name"":""WorkstationName""},{""@Name"":""LogonGuid"",""#text"":""00000000-0000-0000-0000-000000000000""},{""@Name"":""TransmittedServices"",""#text"":""-""},{""@Name"":""LmPackageName"",""#text"":""-""},{""@Name"":""KeyLength"",""#text"":""0""},{""@Name"":""ProcessId"",""#text"":""0x1B4""},{""@Name"":""ProcessName"",""#text"":""C:\\Windows\\System32\\services.exe""},{""@Name"":""IpAddress"",""#text"":""-""},{""@Name"":""IpPort"",""#text"":""-""}]}}",,,,,,,,,,
2025-01-15 06:17:57.511256300+00:00,Evtx,Service started or stopped,78.0,7036.0,Info,Service Control Manager,System,436.0,548.0,37L4247F27-25,,,,,False,"{""EventData"":{""Data"":[{""@Name"":""param1"",""#text"":""Windows Audio Endpoint Builder""},{""@Name"":""param2"",""#text"":""running""}],""Binary"":""41-00-75-00-64-00-69-00-6F-00-45-00-6E-00-64-00-70-00-6F-00-69-00-6E-00-74-00-42-00-75-00-69-00-6C-00-64-00-65-00-72-00-2F-00-34-00-00-00""}}",,,,,,,,,,
2025-01-15 06:17:57.511256300+00:00,Evtx,Administrative logon,15.0,4672.0,LogAlways,Microsoft-Windows-Security-Auditing,Security,452.0,516.0,37L4247F27-25,,NT AUTHORITY\SYSTEM (S-1-5-18),,,False,"{""EventData"":{""Data"":[{""@Name"":""SubjectUserSid"",""#text"":""S-1-5-18""},{""@Name"":""SubjectUserName"",""#text"":""SYSTEM""},{""@Name"":""SubjectDomainName"",""#text"":""NT AUTHORITY""},{""@Name"":""SubjectLogonId"",""#text"":""0x3E7""},{""@Name"":""PrivilegeList"",""#text"":""SeAssignPrimaryTokenPrivilege, SeTcbPrivilege, SeSecurityPrivilege, SeTakeOwnershipPrivilege, SeLoadDriverPrivilege, SeBackupPrivilege, SeRestorePrivilege, SeDebugPrivilege, SeAuditPrivilege, SeSystemEnvironmentPrivilege, SeImpersonatePrivilege""}]}}",,,,,,,,,,
2025-01-15 06:17:57.511256300+00:00,Evtx,Service started or stopped,79.0,7036.0,Info,Service Control Manager,System,436.0,556.0,37L4247F27-25,,,,,False,"{""EventData"":{""Data"":[{""@Name"":""param1"",""#text"":""Windows Audio""},{""@Name"":""param2"",""#text"":""running""}],""Binary"":""41-00-75-00-64-00-69-00-6F-00-53-00-72-00-76-00-2F-00-34-00-00-00""}}",,,,,,,,,,
2025-01-15 06:17:57.558056300+00:00,Evtx,Service started or stopped,80.0,7036.0,Info,Service Control Manager,System,436.0,548.0,37L4247F27-25,,,,,False,"{""EventData"":{""Data"":[{""@Name"":""param1"",""#text"":""Themes""},{""@Name"":""param2"",""#text"":""running""}],""Binary"":""54-00-68-00-65-00-6D-00-65-00-73-00-2F-00-34-00-00-00""}}",,,,,,,,,,
2025-01-15 06:17:57.558056300+00:00,Evtx,Service started or stopped,81.0,7036.0,Info,Service Control Manager,System,436.0,556.0,37L4247F27-25,,,,,False,"{""EventData"":{""Data"":[{""@Name"":""param1"",""#text"":""User Profile Service""},{""@Name"":""param2"",""#text"":""running""}],""Binary"":""50-00-72-00-6F-00-66-00-53-00-76-00-63-00-2F-00-34-00-00-00""}}",,,,,,,,,,
2025-01-15 06:17:57.589256400+00:00,Evtx,Service started or stopped,82.0,7036.0,Info,Service Control Manager,System,436.0,556.0,37L4247F27-25,,,,,False,"{""EventData"":{""Data"":[{""@Name"":""param1"",""#text"":""Group Policy Client""},{""@Name"":""param2"",""#text"":""running""}],""Binary"":""67-00-70-00-73-00-76-00-63-00-2F-00-34-00-00-00""}}",,,,,,,,,,
2025-01-15 06:17:57.589256400+00:00,Evtx,,3.0,5320.0,Info,Microsoft-Windows-GroupPolicy,Microsoft-Windows-GroupPolicy/Operational,852.0,880.0,37L4247F27-25,S-1-5-18,,,,False,"{""EventData"":{""Data"":{""@Name"":""InfoDescription"",""#text"":""%%4166""}}}",,,,,,,,,,
2025-01-15 06:17:57.589256400+00:00,Evtx,,2.0,5320.0,Info,Microsoft-Windows-GroupPolicy,Microsoft-Windows-GroupPolicy/Operational,852.0,880.0,37L4247F27-25,S-1-5-18,,,,False,"{""EventData"":{""Data"":{""@Name"":""InfoDescription"",""#text"":""%%4160""}}}",,,,,,,,,,
2025-01-15 06:17:57.589256400+00:00,Evtx,,1.0,5320.0,Info,Microsoft-Windows-GroupPolicy,Microsoft-Windows-GroupPolicy/Operational,852.0,880.0,37L4247F27-25,S-1-5-18,,,,False,"{""EventData"":{""Data"":{""@Name"":""InfoDescription"",""#text"":""%%4168""}}}",,,,,,,,,,
