2025-01-15 06:18:36.511324800+00:00,Evtx,Device installation,249.0,20001.0,Info,Microsoft-Windows-UserPnp,System,1656.0,1764.0,37L4247F27-25,S-1-5-18,,,FileRepository\machine.inf_amd64_neutral_a2f120466549d68b\machine.inf,False,"{""UserData"":{""InstallDeviceID"":{""DriverName"":""FileRepository\\machine.inf_amd64_neutral_a2f120466549d68b\\machine.inf"",""DriverVersion"":""6.1.7601.17514"",""DriverProvider"":""Microsoft"",""DeviceInstanceID"":""ACPI\\PNP0A05\\5E"",""SetupClass"":""4d36e97d-e325-11ce-bfc1-08002be10318"",""RebootOption"":""False"",""UpgradeDevice"":""False"",""IsDriverOEM"":""False"",""InstallStatus"":""0x0"",""DriverDescription"":""Generic Bus""}}}",,,,,,,,,,
2025-01-15 06:18:37.104125800+00:00,Evtx,Device installation,250.0,20001.0,Info,Microsoft-Windows-UserPnp,System,1948.0,1784.0,37L4247F27-25,S-1-5-18,,,FileRepository\machine.inf_amd64_neutral_a2f120466549d68b\machine.inf,False,"{""UserData"":{""InstallDeviceID"":{""DriverName"":""FileRepository\\machine.inf_amd64_neutral_a2f120466549d68b\\machine.inf"",""DriverVersion"":""6.1.7601.17514"",""DriverProvider"":""Microsoft"",""DeviceInstanceID"":""ACPI\\PNP0A05\\5F"",""SetupClass"":""4d36e97d-e325-11ce-bfc1-08002be10318"",""RebootOption"":""False"",""UpgradeDevice"":""False"",""IsDriverOEM"":""False"",""InstallStatus"":""0x0"",""DriverDescription"":""Generic Bus""}}}",,,,,,,,,,
2025-01-15 06:18:37.306926200+00:00,Evtx,Device installation,251.0,20001.0,Info,Microsoft-Windows-UserPnp,System,1908.0,1996.0,37L4247F27-25,S-1-5-18,,,FileRepository\machine.inf_amd64_neutral_a2f120466549d68b\machine.inf,False,"{""UserData"":{""InstallDeviceID"":{""DriverName"":""FileRepository\\machine.inf_amd64_neutral_a2f120466549d68b\\machine.inf"",""DriverVersion"":""6.1.7601.17514"",""DriverProvider"":""Microsoft"",""DeviceInstanceID"":""ACPI\\PNP0A05\\28"",""SetupClass"":""4d36e97d-e325-11ce-bfc1-08002be10318"",""RebootOption"":""False"",""UpgradeDevice"":""False"",""IsDriverOEM"":""False"",""InstallStatus"":""0x0"",""DriverDescription"":""Generic Bus""}}}",,,,,,,,,,
2025-01-15 06:18:37.603326700+00:00,Evtx,Service installation,252.0,20003.0,Info,Microsoft-Windows-UserPnp,System,1984.0,1968.0,37L4247F27-25,S-1-5-18,,,system32\DRIVERS\pci.sys,False,"{""UserData"":{""AddServiceID"":{""ServiceName"":""pci"",""DriverFileName"":""system32\\DRIVERS\\pci.sys"",""DeviceInstanceID"":""PCI\\VEN_15AD&amp;DEV_07A0&amp;SUBSYS_07A015AD&amp;REV_01\\3&amp;2B8E0B4B&amp;0&amp;AB"",""PrimaryService"":""True"",""UpdateService"":""True"",""AddServiceStatus"":""0""}}}",,,,,,,,,,
2025-01-15 06:18:37.993327400+00:00,Evtx,Device installation,253.0,20001.0,Info,Microsoft-Windows-UserPnp,System,1984.0,1968.0,37L4247F27-25,S-1-5-18,,,FileRepository\machine.inf_amd64_neutral_a2f120466549d68b\machine.inf,False,"{""UserData"":{""InstallDeviceID"":{""DriverName"":""FileRepository\\machine.inf_amd64_neutral_a2f120466549d68b\\machine.inf"",""DriverVersion"":""6.1.7601.17514"",""DriverProvider"":""Microsoft"",""DeviceInstanceID"":""PCI\\VEN_15AD&amp;DEV_07A0&amp;SUBSYS_07A015AD&amp;REV_01\\3&amp;2B8E0B4B&amp;0&amp;AB"",""SetupClass"":""4d36e97d-e325-11ce-bfc1-08002be10318"",""RebootOption"":""False"",""UpgradeDevice"":""False"",""IsDriverOEM"":""False"",""InstallStatus"":""0x0"",""DriverDescription"":""PCI Express standard Root Port""}}}",,,,,,,,,,
2025-01-15 06:18:38.086927500+00:00,Evtx,Service installation,254.0,20003.0,Info,Microsoft-Windows-UserPnp,System,2032.0,992.0,37L4247F27-25,S-1-5-18,,,system32\DRIVERS\pci.sys,False,"{""UserData"":{""AddServiceID"":{""ServiceName"":""pci"",""DriverFileName"":""system32\\DRIVERS\\pci.sys"",""DeviceInstanceID"":""PCI\\VEN_15AD&amp;DEV_07A0&amp;SUBSYS_07A015AD&amp;REV_01\\3&amp;2B8E0B4B&amp;0&amp;B3"",""PrimaryService"":""True"",""UpdateService"":""True"",""AddServiceStatus"":""0""}}}",,,,,,,,,,
2025-01-15 06:18:38.305327900+00:00,Evtx,Device installation,255.0,20001.0,Info,Microsoft-Windows-UserPnp,System,2032.0,992.0,37L4247F27-25,S-1-5-18,,,FileRepository\machine.inf_amd64_neutral_a2f120466549d68b\machine.inf,False,"{""UserData"":{""InstallDeviceID"":{""DriverName"":""FileRepository\\machine.inf_amd64_neutral_a2f120466549d68b\\machine.inf"",""DriverVersion"":""6.1.7601.17514"",""DriverProvider"":""Microsoft"",""DeviceInstanceID"":""PCI\\VEN_15AD&amp;DEV_07A0&amp;SUBSYS_07A015AD&amp;REV_01\\3&amp;2B8E0B4B&amp;0&amp;B3"",""SetupClass"":""4d36e97d-e325-11ce-bfc1-08002be10318"",""RebootOption"":""False"",""UpgradeDevice"":""False"",""IsDriverOEM"":""False"",""InstallStatus"":""0x0"",""DriverDescription"":""PCI Express standard Root Port""}}}",,,,,,,,,,
2025-01-15 06:18:38.508128300+00:00,Evtx,Device installation,256.0,20001.0,Info,Microsoft-Windows-UserPnp,System,1976.0,1924.0,37L4247F27-25,S-1-5-18,,,FileRepository\machine.inf_amd64_neutral_a2f120466549d68b\machine.inf,False,"{""UserData"":{""InstallDeviceID"":{""DriverName"":""FileRepository\\machine.inf_amd64_neutral_a2f120466549d68b\\machine.inf"",""DriverVersion"":""6.1.7601.17514"",""DriverProvider"":""Microsoft"",""DeviceInstanceID"":""ACPI\\PNP0A05\\43"",""SetupClass"":""4d36e97d-e325-11ce-bfc1-08002be10318"",""RebootOption"":""False"",""UpgradeDevice"":""False"",""IsDriverOEM"":""False"",""InstallStatus"":""0x0"",""DriverDescription"":""Generic Bus""}}}",,,,,,,,,,
2025-01-15 06:18:38.601728400+00:00,Evtx,Service installation,257.0,20003.0,Info,Microsoft-Windows-UserPnp,System,1292.0,864.0,37L4247F27-25,S-1-5-18,,,system32\DRIVERS\pci.sys,False,"{""UserData"":{""AddServiceID"":{""ServiceName"":""pci"",""DriverFileName"":""system32\\DRIVERS\\pci.sys"",""DeviceInstanceID"":""PCI\\VEN_15AD&amp;DEV_07A0&amp;SUBSYS_07A015AD&amp;REV_01\\3&amp;2B8E0B4B&amp;0&amp;BB"",""PrimaryService"":""True"",""UpdateService"":""True"",""AddServiceStatus"":""0""}}}",,,,,,,,,,
2025-01-15 06:18:39.085329300+00:00,Evtx,Device installation,258.0,20001.0,Info,Microsoft-Windows-UserPnp,System,1292.0,864.0,37L4247F27-25,S-1-5-18,,,FileRepository\machine.inf_amd64_neutral_a2f120466549d68b\machine.inf,False,"{""UserData"":{""InstallDeviceID"":{""DriverName"":""FileRepository\\machine.inf_amd64_neutral_a2f120466549d68b\\machine.inf"",""DriverVersion"":""6.1.7601.17514"",""DriverProvider"":""Microsoft"",""DeviceInstanceID"":""PCI\\VEN_15AD&amp;DEV_07A0&amp;SUBSYS_07A015AD&amp;REV_01\\3&amp;2B8E0B4B&amp;0&amp;BB"",""SetupClass"":""4d36e97d-e325-11ce-bfc1-08002be10318"",""RebootOption"":""False"",""UpgradeDevice"":""False"",""IsDriverOEM"":""False"",""InstallStatus"":""0x0"",""DriverDescription"":""PCI Express standard Root Port""}}}",,,,,,,,,,
2025-01-15 06:18:39.178929400+00:00,Evtx,Service installation,259.0,20003.0,Info,Microsoft-Windows-UserPnp,System,1068.0,1400.0,37L4247F27-25,S-1-5-18,,,system32\DRIVERS\msisadrv.sys,False,"{""UserData"":{""AddServiceID"":{""ServiceName"":""msisadrv"",""DriverFileName"":""system32\\DRIVERS\\msisadrv.sys"",""DeviceInstanceID"":""PCI\\VEN_8086&amp;DEV_7110&amp;SUBSYS_197615AD&amp;REV_08\\3&amp;2B8E0B4B&amp;0&amp;38"",""PrimaryService"":""True"",""UpdateService"":""True"",""AddServiceStatus"":""0""}}}",,,,,,,,,,
2025-01-15 06:18:39.272529600+00:00,Evtx,Device installation,260.0,20001.0,Info,Microsoft-Windows-UserPnp,System,1068.0,1400.0,37L4247F27-25,S-1-5-18,,,FileRepository\machine.inf_amd64_neutral_a2f120466549d68b\machine.inf,False,"{""UserData"":{""InstallDeviceID"":{""DriverName"":""FileRepository\\machine.inf_amd64_neutral_a2f120466549d68b\\machine.inf"",""DriverVersion"":""6.1.7601.17514"",""DriverProvider"":""Microsoft"",""DeviceInstanceID"":""PCI\\VEN_8086&amp;DEV_7110&amp;SUBSYS_197615AD&amp;REV_08\\3&amp;2B8E0B4B&amp;0&amp;38"",""SetupClass"":""4d36e97d-e325-11ce-bfc1-08002be10318"",""RebootOption"":""True"",""UpgradeDevice"":""False"",""IsDriverOEM"":""False"",""InstallStatus"":""0x0"",""DriverDescription"":""Intel 82371AB/EB PCI to ISA bridge (ISA mode)""}}}",,,,,,,,,,
2025-01-15 06:18:39.522130+00:00,Evtx,Device installation,261.0,20001.0,Info,Microsoft-Windows-UserPnp,System,1560.0,1316.0,37L4247F27-25,S-1-5-18,,,FileRepository\machine.inf_amd64_neutral_a2f120466549d68b\machine.inf,False,"{""UserData"":{""InstallDeviceID"":{""DriverName"":""FileRepository\\machine.inf_amd64_neutral_a2f120466549d68b\\machine.inf"",""DriverVersion"":""6.1.7601.17514"",""DriverProvider"":""Microsoft"",""DeviceInstanceID"":""ACPI\\PNP0A05\\29"",""SetupClass"":""4d36e97d-e325-11ce-bfc1-08002be10318"",""RebootOption"":""False"",""UpgradeDevice"":""False"",""IsDriverOEM"":""False"",""InstallStatus"":""0x0"",""DriverDescription"":""Generic Bus""}}}",,,,,,,,,,
2025-01-15 06:18:39.678130300+00:00,Evtx,Service installation,262.0,20003.0,Info,Microsoft-Windows-UserPnp,System,1200.0,1100.0,37L4247F27-25,S-1-5-18,,,system32\DRIVERS\pci.sys,False,"{""UserData"":{""AddServiceID"":{""ServiceName"":""pci"",""DriverFileName"":""system32\\DRIVERS\\pci.sys"",""DeviceInstanceID"":""PCI\\VEN_15AD&amp;DEV_07A0&amp;SUBSYS_07A015AD&amp;REV_01\\3&amp;2B8E0B4B&amp;0&amp;C3"",""PrimaryService"":""True"",""UpdateService"":""True"",""AddServiceStatus"":""0""}}}",,,,,,,,,,
2025-01-15 06:18:40.146131100+00:00,Evtx,Device installation,263.0,20001.0,Info,Microsoft-Windows-UserPnp,System,1200.0,1100.0,37L4247F27-25,S-1-5-18,,,FileRepository\machine.inf_amd64_neutral_a2f120466549d68b\machine.inf,False,"{""UserData"":{""InstallDeviceID"":{""DriverName"":""FileRepository\\machine.inf_amd64_neutral_a2f120466549d68b\\machine.inf"",""DriverVersion"":""6.1.7601.17514"",""DriverProvider"":""Microsoft"",""DeviceInstanceID"":""PCI\\VEN_15AD&amp;DEV_07A0&amp;SUBSYS_07A015AD&amp;REV_01\\3&amp;2B8E0B4B&amp;0&amp;C3"",""SetupClass"":""4d36e97d-e325-11ce-bfc1-08002be10318"",""RebootOption"":""False"",""UpgradeDevice"":""False"",""IsDriverOEM"":""False"",""InstallStatus"":""0x0"",""DriverDescription"":""PCI Express standard Root Port""}}}",,,,,,,,,,
2025-01-15 06:18:40.380131600+00:00,Evtx,Device installation,264.0,20001.0,Info,Microsoft-Windows-UserPnp,System,1636.0,1324.0,37L4247F27-25,S-1-5-18,,,FileRepository\machine.inf_amd64_neutral_a2f120466549d68b\machine.inf,False,"{""UserData"":{""InstallDeviceID"":{""DriverName"":""FileRepository\\machine.inf_amd64_neutral_a2f120466549d68b\\machine.inf"",""DriverVersion"":""6.1.7601.17514"",""DriverProvider"":""Microsoft"",""DeviceInstanceID"":""ACPI\\PNP0A05\\44"",""SetupClass"":""4d36e97d-e325-11ce-bfc1-08002be10318"",""RebootOption"":""False"",""UpgradeDevice"":""False"",""IsDriverOEM"":""False"",""InstallStatus"":""0x0"",""DriverDescription"":""Generic Bus""}}}",,,,,,,,,,
2025-01-15 06:18:40.582931900+00:00,Evtx,Device installation,265.0,20001.0,Info,Microsoft-Windows-UserPnp,System,1312.0,1588.0,37L4247F27-25,S-1-5-18,,,FileRepository\machine.inf_amd64_neutral_a2f120466549d68b\machine.inf,False,"{""UserData"":{""InstallDeviceID"":{""DriverName"":""FileRepository\\machine.inf_amd64_neutral_a2f120466549d68b\\machine.inf"",""DriverVersion"":""6.1.7601.17514"",""DriverProvider"":""Microsoft"",""DeviceInstanceID"":""ACPI\\PNP0A05\\2A"",""SetupClass"":""4d36e97d-e325-11ce-bfc1-08002be10318"",""RebootOption"":""False"",""UpgradeDevice"":""False"",""IsDriverOEM"":""False"",""InstallStatus"":""0x0"",""DriverDescription"":""Generic Bus""}}}",,,,,,,,,,
2025-01-15 06:18:40.816932300+00:00,Evtx,Device installation,266.0,20001.0,Info,Microsoft-Windows-UserPnp,System,1308.0,1576.0,37L4247F27-25,S-1-5-18,,,FileRepository\machine.inf_amd64_neutral_a2f120466549d68b\machine.inf,False,"{""UserData"":{""InstallDeviceID"":{""DriverName"":""FileRepository\\machine.inf_amd64_neutral_a2f120466549d68b\\machine.inf"",""DriverVersion"":""6.1.7601.17514"",""DriverProvider"":""Microsoft"",""DeviceInstanceID"":""ACPI\\PNP0A05\\45"",""SetupClass"":""4d36e97d-e325-11ce-bfc1-08002be10318"",""RebootOption"":""False"",""UpgradeDevice"":""False"",""IsDriverOEM"":""False"",""InstallStatus"":""0x0"",""DriverDescription"":""Generic Bus""}}}",,,,,,,,,,
2025-01-15 06:18:41.269333100+00:00,Evtx,Device installation,267.0,20001.0,Info,Microsoft-Windows-UserPnp,System,1696.0,1700.0,37L4247F27-25,S-1-5-18,,,NULL Driver,False,"{""UserData"":{""InstallDeviceID"":{""DriverName"":""NULL Driver"",""DriverVersion"":""0"",""DriverProvider"":"""",""DeviceInstanceID"":""PCI\\VEN_15AD&amp;DEV_0740&amp;SUBSYS_074015AD&amp;REV_10\\3&amp;2B8E0B4B&amp;0&amp;3F"",""SetupClass"":""00000000-0000-0000-0000-000000000000"",""RebootOption"":""False"",""UpgradeDevice"":""False"",""IsDriverOEM"":""False"",""InstallStatus"":""0x0"",""DriverDescription"":""""}}}",,,,,,,,,,
2025-01-15 06:18:41.472133500+00:00,Evtx,Device installation,268.0,20001.0,Info,Microsoft-Windows-UserPnp,System,1644.0,1492.0,37L4247F27-25,S-1-5-18,,,FileRepository\machine.inf_amd64_neutral_a2f120466549d68b\machine.inf,False,"{""UserData"":{""InstallDeviceID"":{""DriverName"":""FileRepository\\machine.inf_amd64_neutral_a2f120466549d68b\\machine.inf"",""DriverVersion"":""6.1.7601.17514"",""DriverProvider"":""Microsoft"",""DeviceInstanceID"":""ACPI\\PNP0A05\\46"",""SetupClass"":""4d36e97d-e325-11ce-bfc1-08002be10318"",""RebootOption"":""False"",""UpgradeDevice"":""False"",""IsDriverOEM"":""False"",""InstallStatus"":""0x0"",""DriverDescription"":""Generic Bus""}}}",,,,,,,,,,
2025-01-15 06:18:41.659333800+00:00,Evtx,Device installation,269.0,20001.0,Info,Microsoft-Windows-UserPnp,System,1724.0,1528.0,37L4247F27-25,S-1-5-18,,,FileRepository\machine.inf_amd64_neutral_a2f120466549d68b\machine.inf,False,"{""UserData"":{""InstallDeviceID"":{""DriverName"":""FileRepository\\machine.inf_amd64_neutral_a2f120466549d68b\\machine.inf"",""DriverVersion"":""6.1.7601.17514"",""DriverProvider"":""Microsoft"",""DeviceInstanceID"":""ACPI\\PNP0A05\\2B"",""SetupClass"":""4d36e97d-e325-11ce-bfc1-08002be10318"",""RebootOption"":""False"",""UpgradeDevice"":""False"",""IsDriverOEM"":""False"",""InstallStatus"":""0x0"",""DriverDescription"":""Generic Bus""}}}",,,,,,,,,,
2025-01-15 06:18:41.768534+00:00,Evtx,Device installation,270.0,20001.0,Info,Microsoft-Windows-UserPnp,System,1532.0,1688.0,37L4247F27-25,S-1-5-18,,,FileRepository\machine.inf_amd64_neutral_a2f120466549d68b\machine.inf,False,"{""UserData"":{""InstallDeviceID"":{""DriverName"":""FileRepository\\machine.inf_amd64_neutral_a2f120466549d68b\\machine.inf"",""DriverVersion"":""6.1.7601.17514"",""DriverProvider"":""Microsoft"",""DeviceInstanceID"":""ACPI\\PNP0C02\\4"",""SetupClass"":""4d36e97d-e325-11ce-bfc1-08002be10318"",""RebootOption"":""False"",""UpgradeDevice"":""False"",""IsDriverOEM"":""False"",""InstallStatus"":""0x0"",""DriverDescription"":""Motherboard resources""}}}",,,,,,,,,,
2025-01-15 06:18:42.018134400+00:00,Evtx,Service installation,271.0,20003.0,Info,Microsoft-Windows-UserPnp,System,1628.0,1852.0,37L4247F27-25,S-1-5-18,,,system32\DRIVERS\pci.sys,False,"{""UserData"":{""AddServiceID"":{""ServiceName"":""pci"",""DriverFileName"":""system32\\DRIVERS\\pci.sys"",""DeviceInstanceID"":""PCI\\VEN_15AD&amp;DEV_07A0&amp;SUBSYS_07A015AD&amp;REV_01\\3&amp;2B8E0B4B&amp;0&amp;B4"",""PrimaryService"":""True"",""UpdateService"":""True"",""AddServiceStatus"":""0""}}}",,,,,,,,,,
2025-01-15 06:18:42.392535100+00:00,Evtx,Device installation,272.0,20001.0,Info,Microsoft-Windows-UserPnp,System,1628.0,1852.0,37L4247F27-25,S-1-5-18,,,FileRepository\machine.inf_amd64_neutral_a2f120466549d68b\machine.inf,False,"{""UserData"":{""InstallDeviceID"":{""DriverName"":""FileRepository\\machine.inf_amd64_neutral_a2f120466549d68b\\machine.inf"",""DriverVersion"":""6.1.7601.17514"",""DriverProvider"":""Microsoft"",""DeviceInstanceID"":""PCI\\VEN_15AD&amp;DEV_07A0&amp;SUBSYS_07A015AD&amp;REV_01\\3&amp;2B8E0B4B&amp;0&amp;B4"",""SetupClass"":""4d36e97d-e325-11ce-bfc1-08002be10318"",""RebootOption"":""False"",""UpgradeDevice"":""False"",""IsDriverOEM"":""False"",""InstallStatus"":""0x0"",""DriverDescription"":""PCI Express standard Root Port""}}}",,,,,,,,,,
2025-01-15 06:18:42.470535200+00:00,Evtx,Service installation,273.0,20003.0,Info,Microsoft-Windows-UserPnp,System,1816.0,1496.0,37L4247F27-25,S-1-5-18,,,system32\DRIVERS\pci.sys,False,"{""UserData"":{""AddServiceID"":{""ServiceName"":""pci"",""DriverFileName"":""system32\\DRIVERS\\pci.sys"",""DeviceInstanceID"":""PCI\\VEN_15AD&amp;DEV_07A0&amp;SUBSYS_07A015AD&amp;REV_01\\3&amp;2B8E0B4B&amp;0&amp;AC"",""PrimaryService"":""True"",""UpdateService"":""True"",""AddServiceStatus"":""0""}}}",,,,,,,,,,
2025-01-15 06:18:42.688935600+00:00,Evtx,Device installation,274.0,20001.0,Info,Microsoft-Windows-UserPnp,System,1816.0,1496.0,37L4247F27-25,S-1-5-18,,,FileRepository\machine.inf_amd64_neutral_a2f120466549d68b\machine.inf,False,"{""UserData"":{""InstallDeviceID"":{""DriverName"":""FileRepository\\machine.inf_amd64_neutral_a2f120466549d68b\\machine.inf"",""DriverVersion"":""6.1.7601.17514"",""DriverProvider"":""Microsoft"",""DeviceInstanceID"":""PCI\\VEN_15AD&amp;DEV_07A0&amp;SUBSYS_07A015AD&amp;REV_01\\3&amp;2B8E0B4B&amp;0&amp;AC"",""SetupClass"":""4d36e97d-e325-11ce-bfc1-08002be10318"",""RebootOption"":""False"",""UpgradeDevice"":""False"",""IsDriverOEM"":""False"",""InstallStatus"":""0x0"",""DriverDescription"":""PCI Express standard Root Port""}}}",,,,,,,,,,
2025-01-15 06:18:42.891736+00:00,Evtx,Device installation,275.0,20001.0,Info,Microsoft-Windows-UserPnp,System,1736.0,1792.0,37L4247F27-25,S-1-5-18,,,FileRepository\machine.inf_amd64_neutral_a2f120466549d68b\machine.inf,False,"{""UserData"":{""InstallDeviceID"":{""DriverName"":""FileRepository\\machine.inf_amd64_neutral_a2f120466549d68b\\machine.inf"",""DriverVersion"":""6.1.7601.17514"",""DriverProvider"":""Microsoft"",""DeviceInstanceID"":""ACPI\\PNP0A05\\2C"",""SetupClass"":""4d36e97d-e325-11ce-bfc1-08002be10318"",""RebootOption"":""False"",""UpgradeDevice"":""False"",""IsDriverOEM"":""False"",""InstallStatus"":""0x0"",""DriverDescription"":""Generic Bus""}}}",,,,,,,,,,
2025-01-15 06:18:43.000936200+00:00,Evtx,Service installation,276.0,20003.0,Info,Microsoft-Windows-UserPnp,System,1720.0,1752.0,37L4247F27-25,S-1-5-18,,,system32\DRIVERS\pci.sys,False,"{""UserData"":{""AddServiceID"":{""ServiceName"":""pci"",""DriverFileName"":""system32\\DRIVERS\\pci.sys"",""DeviceInstanceID"":""PCI\\VEN_15AD&amp;DEV_07A0&amp;SUBSYS_07A015AD&amp;REV_01\\3&amp;2B8E0B4B&amp;0&amp;BC"",""PrimaryService"":""True"",""UpdateService"":""True"",""AddServiceStatus"":""0""}}}",,,,,,,,,,
2025-01-15 06:18:43.312936700+00:00,Evtx,Device installation,277.0,20001.0,Info,Microsoft-Windows-UserPnp,System,1720.0,1752.0,37L4247F27-25,S-1-5-18,,,FileRepository\machine.inf_amd64_neutral_a2f120466549d68b\machine.inf,False,"{""UserData"":{""InstallDeviceID"":{""DriverName"":""FileRepository\\machine.inf_amd64_neutral_a2f120466549d68b\\machine.inf"",""DriverVersion"":""6.1.7601.17514"",""DriverProvider"":""Microsoft"",""DeviceInstanceID"":""PCI\\VEN_15AD&amp;DEV_07A0&amp;SUBSYS_07A015AD&amp;REV_01\\3&amp;2B8E0B4B&amp;0&amp;BC"",""SetupClass"":""4d36e97d-e325-11ce-bfc1-08002be10318"",""RebootOption"":""False"",""UpgradeDevice"":""False"",""IsDriverOEM"":""False"",""InstallStatus"":""0x0"",""DriverDescription"":""PCI Express standard Root Port""}}}",,,,,,,,,,
2025-01-15 06:18:43.375336800+00:00,Evtx,Service installation,278.0,20003.0,Info,Microsoft-Windows-UserPnp,System,1944.0,1808.0,37L4247F27-25,S-1-5-18,,,system32\DRIVERS\pci.sys,False,"{""UserData"":{""AddServiceID"":{""ServiceName"":""pci"",""DriverFileName"":""system32\\DRIVERS\\pci.sys"",""DeviceInstanceID"":""PCI\\VEN_15AD&amp;DEV_07A0&amp;SUBSYS_07A015AD&amp;REV_01\\3&amp;2B8E0B4B&amp;0&amp;C4"",""PrimaryService"":""True"",""UpdateService"":""True"",""AddServiceStatus"":""0""}}}",,,,,,,,,,
2025-01-15 06:18:43.656137300+00:00,Evtx,Device installation,279.0,20001.0,Info,Microsoft-Windows-UserPnp,System,1944.0,1808.0,37L4247F27-25,S-1-5-18,,,FileRepository\machine.inf_amd64_neutral_a2f120466549d68b\machine.inf,False,"{""UserData"":{""InstallDeviceID"":{""DriverName"":""FileRepository\\machine.inf_amd64_neutral_a2f120466549d68b\\machine.inf"",""DriverVersion"":""6.1.7601.17514"",""DriverProvider"":""Microsoft"",""DeviceInstanceID"":""PCI\\VEN_15AD&amp;DEV_07A0&amp;SUBSYS_07A015AD&amp;REV_01\\3&amp;2B8E0B4B&amp;0&amp;C4"",""SetupClass"":""4d36e97d-e325-11ce-bfc1-08002be10318"",""RebootOption"":""False"",""UpgradeDevice"":""False"",""IsDriverOEM"":""False"",""InstallStatus"":""0x0"",""DriverDescription"":""PCI Express standard Root Port""}}}",,,,,,,,,,
2025-01-15 06:18:43.858937700+00:00,Evtx,Device installation,280.0,20001.0,Info,Microsoft-Windows-UserPnp,System,1932.0,1936.0,37L4247F27-25,S-1-5-18,,,FileRepository\machine.inf_amd64_neutral_a2f120466549d68b\machine.inf,False,"{""UserData"":{""InstallDeviceID"":{""DriverName"":""FileRepository\\machine.inf_amd64_neutral_a2f120466549d68b\\machine.inf"",""DriverVersion"":""6.1.7601.17514"",""DriverProvider"":""Microsoft"",""DeviceInstanceID"":""ACPI\\PNP0A05\\47"",""SetupClass"":""4d36e97d-e325-11ce-bfc1-08002be10318"",""RebootOption"":""False"",""UpgradeDevice"":""False"",""IsDriverOEM"":""False"",""InstallStatus"":""0x0"",""DriverDescription"":""Generic Bus""}}}",,,,,,,,,,
2025-01-15 06:18:44.061738+00:00,Evtx,Device installation,281.0,20001.0,Info,Microsoft-Windows-UserPnp,System,2000.0,1904.0,37L4247F27-25,S-1-5-18,,,FileRepository\machine.inf_amd64_neutral_a2f120466549d68b\machine.inf,False,"{""UserData"":{""InstallDeviceID"":{""DriverName"":""FileRepository\\machine.inf_amd64_neutral_a2f120466549d68b\\machine.inf"",""DriverVersion"":""6.1.7601.17514"",""DriverProvider"":""Microsoft"",""DeviceInstanceID"":""ACPI\\PNP0A05\\2D"",""SetupClass"":""4d36e97d-e325-11ce-bfc1-08002be10318"",""RebootOption"":""False"",""UpgradeDevice"":""False"",""IsDriverOEM"":""False"",""InstallStatus"":""0x0"",""DriverDescription"":""Generic Bus""}}}",,,,,,,,,,
2025-01-15 06:18:44.420538600+00:00,Evtx,Service installation,282.0,20003.0,Info,Microsoft-Windows-UserPnp,System,1892.0,1848.0,37L4247F27-25,S-1-5-18,,,system32\DRIVERS\intelide.sys,False,"{""UserData"":{""AddServiceID"":{""ServiceName"":""intelide"",""DriverFileName"":""system32\\DRIVERS\\intelide.sys"",""DeviceInstanceID"":""PCI\\VEN_8086&amp;DEV_7111&amp;SUBSYS_197615AD&amp;REV_01\\3&amp;2B8E0B4B&amp;0&amp;39"",""PrimaryService"":""True"",""UpdateService"":""True"",""AddServiceStatus"":""0""}}}",,,,,,,,,,
2025-01-15 06:18:47.088143300+00:00,Evtx,Device installation,283.0,20001.0,Info,Microsoft-Windows-UserPnp,System,1892.0,1848.0,37L4247F27-25,S-1-5-18,,,FileRepository\mshdc.inf_amd64_neutral_aad30bdeec04ea5e\mshdc.inf,False,"{""UserData"":{""InstallDeviceID"":{""DriverName"":""FileRepository\\mshdc.inf_amd64_neutral_aad30bdeec04ea5e\\mshdc.inf"",""DriverVersion"":""6.1.7601.17514"",""DriverProvider"":""Microsoft"",""DeviceInstanceID"":""PCI\\VEN_8086&amp;DEV_7111&amp;SUBSYS_197615AD&amp;REV_01\\3&amp;2B8E0B4B&amp;0&amp;39"",""SetupClass"":""4d36e96a-e325-11ce-bfc1-08002be10318"",""RebootOption"":""False"",""UpgradeDevice"":""False"",""IsDriverOEM"":""False"",""InstallStatus"":""0x0"",""DriverDescription"":""Intel(R) 82371AB/EB PCI Bus Master IDE Controller""}}}",,,,,,,,,,
2025-01-15 06:18:47.228543600+00:00,Evtx,Device installation,284.0,20001.0,Info,Microsoft-Windows-UserPnp,System,1996.0,2028.0,37L4247F27-25,S-1-5-18,,,FileRepository\machine.inf_amd64_neutral_a2f120466549d68b\machine.inf,False,"{""UserData"":{""InstallDeviceID"":{""DriverName"":""FileRepository\\machine.inf_amd64_neutral_a2f120466549d68b\\machine.inf"",""DriverVersion"":""6.1.7601.17514"",""DriverProvider"":""Microsoft"",""DeviceInstanceID"":""ACPI\\PNP0A05\\2E"",""SetupClass"":""4d36e97d-e325-11ce-bfc1-08002be10318"",""RebootOption"":""False"",""UpgradeDevice"":""False"",""IsDriverOEM"":""False"",""InstallStatus"":""0x0"",""DriverDescription"":""Generic Bus""}}}",,,,,,,,,,
2025-01-15 06:18:47.431343900+00:00,Evtx,Device installation,285.0,20001.0,Info,Microsoft-Windows-UserPnp,System,1956.0,1876.0,37L4247F27-25,S-1-5-18,,,FileRepository\machine.inf_amd64_neutral_a2f120466549d68b\machine.inf,False,"{""UserData"":{""InstallDeviceID"":{""DriverName"":""FileRepository\\machine.inf_amd64_neutral_a2f120466549d68b\\machine.inf"",""DriverVersion"":""6.1.7601.17514"",""DriverProvider"":""Microsoft"",""DeviceInstanceID"":""ACPI\\PNP0A05\\48"",""SetupClass"":""4d36e97d-e325-11ce-bfc1-08002be10318"",""RebootOption"":""False"",""UpgradeDevice"":""False"",""IsDriverOEM"":""False"",""InstallStatus"":""0x0"",""DriverDescription"":""Generic Bus""}}}",,,,,,,,,,
2025-01-15 06:18:47.634144300+00:00,Evtx,Device installation,286.0,20001.0,Info,Microsoft-Windows-UserPnp,System,1916.0,1948.0,37L4247F27-25,S-1-5-18,,,FileRepository\machine.inf_amd64_neutral_a2f120466549d68b\machine.inf,False,"{""UserData"":{""InstallDeviceID"":{""DriverName"":""FileRepository\\machine.inf_amd64_neutral_a2f120466549d68b\\machine.inf"",""DriverVersion"":""6.1.7601.17514"",""DriverProvider"":""Microsoft"",""DeviceInstanceID"":""ACPI\\PNP0A05\\49"",""SetupClass"":""4d36e97d-e325-11ce-bfc1-08002be10318"",""RebootOption"":""False"",""UpgradeDevice"":""False"",""IsDriverOEM"":""False"",""InstallStatus"":""0x0"",""DriverDescription"":""Generic Bus""}}}",,,,,,,,,,
2025-01-15 06:18:48.024145+00:00,Evtx,Device installation,287.0,20001.0,Info,Microsoft-Windows-UserPnp,System,2040.0,1972.0,37L4247F27-25,S-1-5-18,,,FileRepository\machine.inf_amd64_neutral_a2f120466549d68b\machine.inf,False,"{""UserData"":{""InstallDeviceID"":{""DriverName"":""FileRepository\\machine.inf_amd64_neutral_a2f120466549d68b\\machine.inf"",""DriverVersion"":""6.1.7601.17514"",""DriverProvider"":""Microsoft"",""DeviceInstanceID"":""ACPI\\PNP0A05\\2F"",""SetupClass"":""4d36e97d-e325-11ce-bfc1-08002be10318"",""RebootOption"":""False"",""UpgradeDevice"":""False"",""IsDriverOEM"":""False"",""InstallStatus"":""0x0"",""DriverDescription"":""Generic Bus""}}}",,,,,,,,,,
2025-01-15 06:18:48.273745400+00:00,Evtx,Device installation,288.0,20001.0,Info,Microsoft-Windows-UserPnp,System,1348.0,1504.0,37L4247F27-25,S-1-5-18,,,FileRepository\machine.inf_amd64_neutral_a2f120466549d68b\machine.inf,False,"{""UserData"":{""InstallDeviceID"":{""DriverName"":""FileRepository\\machine.inf_amd64_neutral_a2f120466549d68b\\machine.inf"",""DriverVersion"":""6.1.7601.17514"",""DriverProvider"":""Microsoft"",""DeviceInstanceID"":""ACPI\\PNP0A05\\4A"",""SetupClass"":""4d36e97d-e325-11ce-bfc1-08002be10318"",""RebootOption"":""False"",""UpgradeDevice"":""False"",""IsDriverOEM"":""False"",""InstallStatus"":""0x0"",""DriverDescription"":""Generic Bus""}}}",,,,,,,,,,
2025-01-15 06:18:48.585746+00:00,Evtx,Service installation,289.0,20003.0,Info,Microsoft-Windows-UserPnp,System,2032.0,1060.0,37L4247F27-25,S-1-5-18,,,system32\DRIVERS\pci.sys,False,"{""UserData"":{""AddServiceID"":{""ServiceName"":""pci"",""DriverFileName"":""system32\\DRIVERS\\pci.sys"",""DeviceInstanceID"":""PCI\\VEN_15AD&amp;DEV_07A0&amp;SUBSYS_07A015AD&amp;REV_01\\3&amp;2B8E0B4B&amp;0&amp;AD"",""PrimaryService"":""True"",""UpdateService"":""True"",""AddServiceStatus"":""0""}}}",,,,,,,,,,
2025-01-15 06:18:48.804146300+00:00,Evtx,Device installation,290.0,20001.0,Info,Microsoft-Windows-UserPnp,System,2032.0,1060.0,37L4247F27-25,S-1-5-18,,,FileRepository\machine.inf_amd64_neutral_a2f120466549d68b\machine.inf,False,"{""UserData"":{""InstallDeviceID"":{""DriverName"":""FileRepository\\machine.inf_amd64_neutral_a2f120466549d68b\\machine.inf"",""DriverVersion"":""6.1.7601.17514"",""DriverProvider"":""Microsoft"",""DeviceInstanceID"":""PCI\\VEN_15AD&amp;DEV_07A0&amp;SUBSYS_07A015AD&amp;REV_01\\3&amp;2B8E0B4B&amp;0&amp;AD"",""SetupClass"":""4d36e97d-e325-11ce-bfc1-08002be10318"",""RebootOption"":""False"",""UpgradeDevice"":""False"",""IsDriverOEM"":""False"",""InstallStatus"":""0x0"",""DriverDescription"":""PCI Express standard Root Port""}}}",,,,,,,,,,
2025-01-15 06:18:48.866546500+00:00,Evtx,Service installation,291.0,20003.0,Info,Microsoft-Windows-UserPnp,System,1344.0,1668.0,37L4247F27-25,S-1-5-18,,,system32\DRIVERS\pci.sys,False,"{""UserData"":{""AddServiceID"":{""ServiceName"":""pci"",""DriverFileName"":""system32\\DRIVERS\\pci.sys"",""DeviceInstanceID"":""PCI\\VEN_15AD&amp;DEV_07A0&amp;SUBSYS_07A015AD&amp;REV_01\\3&amp;2B8E0B4B&amp;0&amp;BD"",""PrimaryService"":""True"",""UpdateService"":""True"",""AddServiceStatus"":""0""}}}",,,,,,,,,,
2025-01-15 06:18:49.084946800+00:00,Evtx,Device installation,292.0,20001.0,Info,Microsoft-Windows-UserPnp,System,1344.0,1668.0,37L4247F27-25,S-1-5-18,,,FileRepository\machine.inf_amd64_neutral_a2f120466549d68b\machine.inf,False,"{""UserData"":{""InstallDeviceID"":{""DriverName"":""FileRepository\\machine.inf_amd64_neutral_a2f120466549d68b\\machine.inf"",""DriverVersion"":""6.1.7601.17514"",""DriverProvider"":""Microsoft"",""DeviceInstanceID"":""PCI\\VEN_15AD&amp;DEV_07A0&amp;SUBSYS_07A015AD&amp;REV_01\\3&amp;2B8E0B4B&amp;0&amp;BD"",""SetupClass"":""4d36e97d-e325-11ce-bfc1-08002be10318"",""RebootOption"":""False"",""UpgradeDevice"":""False"",""IsDriverOEM"":""False"",""InstallStatus"":""0x0"",""DriverDescription"":""PCI Express standard Root Port""}}}",,,,,,,,,,
2025-01-15 06:18:49.131746900+00:00,Evtx,Service installation,293.0,20003.0,Info,Microsoft-Windows-UserPnp,System,1500.0,1388.0,37L4247F27-25,S-1-5-18,,,system32\DRIVERS\pci.sys,False,"{""UserData"":{""AddServiceID"":{""ServiceName"":""pci"",""DriverFileName"":""system32\\DRIVERS\\pci.sys"",""DeviceInstanceID"":""PCI\\VEN_15AD&amp;DEV_07A0&amp;SUBSYS_07A015AD&amp;REV_01\\3&amp;2B8E0B4B&amp;0&amp;B5"",""PrimaryService"":""True"",""UpdateService"":""True"",""AddServiceStatus"":""0""}}}",,,,,,,,,,
2025-01-15 06:18:49.474947500+00:00,Evtx,Device installation,294.0,20001.0,Info,Microsoft-Windows-UserPnp,System,1500.0,1388.0,37L4247F27-25,S-1-5-18,,,FileRepository\machine.inf_amd64_neutral_a2f120466549d68b\machine.inf,False,"{""UserData"":{""InstallDeviceID"":{""DriverName"":""FileRepository\\machine.inf_amd64_neutral_a2f120466549d68b\\machine.inf"",""DriverVersion"":""6.1.7601.17514"",""DriverProvider"":""Microsoft"",""DeviceInstanceID"":""PCI\\VEN_15AD&amp;DEV_07A0&amp;SUBSYS_07A015AD&amp;REV_01\\3&amp;2B8E0B4B&amp;0&amp;B5"",""SetupClass"":""4d36e97d-e325-11ce-bfc1-08002be10318"",""RebootOption"":""False"",""UpgradeDevice"":""False"",""IsDriverOEM"":""False"",""InstallStatus"":""0x0"",""DriverDescription"":""PCI Express standard Root Port""}}}",,,,,,,,,,
2025-01-15 06:18:49.537347600+00:00,Evtx,Service installation,295.0,20003.0,Info,Microsoft-Windows-UserPnp,System,1288.0,1556.0,37L4247F27-25,S-1-5-18,,,system32\DRIVERS\pci.sys,False,"{""UserData"":{""AddServiceID"":{""ServiceName"":""pci"",""DriverFileName"":""system32\\DRIVERS\\pci.sys"",""DeviceInstanceID"":""PCI\\VEN_15AD&amp;DEV_07A0&amp;SUBSYS_07A015AD&amp;REV_01\\3&amp;2B8E0B4B&amp;0&amp;C5"",""PrimaryService"":""True"",""UpdateService"":""True"",""AddServiceStatus"":""0""}}}",,,,,,,,,,
2025-01-15 06:18:49.771348+00:00,Evtx,Device installation,296.0,20001.0,Info,Microsoft-Windows-UserPnp,System,1288.0,1556.0,37L4247F27-25,S-1-5-18,,,FileRepository\machine.inf_amd64_neutral_a2f120466549d68b\machine.inf,False,"{""UserData"":{""InstallDeviceID"":{""DriverName"":""FileRepository\\machine.inf_amd64_neutral_a2f120466549d68b\\machine.inf"",""DriverVersion"":""6.1.7601.17514"",""DriverProvider"":""Microsoft"",""DeviceInstanceID"":""PCI\\VEN_15AD&amp;DEV_07A0&amp;SUBSYS_07A015AD&amp;REV_01\\3&amp;2B8E0B4B&amp;0&amp;C5"",""SetupClass"":""4d36e97d-e325-11ce-bfc1-08002be10318"",""RebootOption"":""False"",""UpgradeDevice"":""False"",""IsDriverOEM"":""False"",""InstallStatus"":""0x0"",""DriverDescription"":""PCI Express standard Root Port""}}}",,,,,,,,,,
2025-01-15 06:18:49.974148400+00:00,Evtx,,1.0,1016.0,Info,Microsoft-Windows-ReadyBoost,Microsoft-Windows-ReadyBoost/Operational,828.0,1680.0,37L4247F27-25,S-1-5-18,,,,False,"{""EventData"":{""Data"":[{""@Name"":""BootPlanTimestamp"",""#text"":""2025-01-14 22:18:49.8961483""},{""@Name"":""ErrorCode"",""#text"":""232""},{""@Name"":""Duration (ms)"",""#text"":""78""},{""@Name"":""Reason"",""#text"":""0""}]}}",,,,,,,,,,
2025-01-15 06:18:49.974148400+00:00,Evtx,,1.0,1016.0,Info,Microsoft-Windows-ReadyBoost,Microsoft-Windows-ReadyBoost/Operational,828.0,1680.0,37L4247F27-25,S-1-5-18,,,,False,"{""EventData"":{""Data"":[{""@Name"":""BootPlanTimestamp"",""#text"":""2025-01-14 22:18:49.8961483""},{""@Name"":""ErrorCode"",""#text"":""232""},{""@Name"":""Duration (ms)"",""#text"":""78""},{""@Name"":""Reason"",""#text"":""0""}]}}",,,,,,,,,,
2025-01-15 06:18:49.989748400+00:00,Evtx,Device installation,297.0,20001.0,Info,Microsoft-Windows-UserPnp,System,1368.0,1304.0,37L4247F27-25,S-1-5-18,,,FileRepository\machine.inf_amd64_neutral_a2f120466549d68b\machine.inf,False,"{""UserData"":{""InstallDeviceID"":{""DriverName"":""FileRepository\\machine.inf_amd64_neutral_a2f120466549d68b\\machine.inf"",""DriverVersion"":""6.1.7601.17514"",""DriverProvider"":""Microsoft"",""DeviceInstanceID"":""ACPI\\PNP0A05\\30"",""SetupClass"":""4d36e97d-e325-11ce-bfc1-08002be10318"",""RebootOption"":""False"",""UpgradeDevice"":""False"",""IsDriverOEM"":""False"",""InstallStatus"":""0x0"",""DriverDescription"":""Generic Bus""}}}",,,,,,,,,,
2025-01-15 06:18:50.176948800+00:00,Evtx,Device installation,298.0,20001.0,Info,Microsoft-Windows-UserPnp,System,1340.0,1200.0,37L4247F27-25,S-1-5-18,,,FileRepository\machine.inf_amd64_neutral_a2f120466549d68b\machine.inf,False,"{""UserData"":{""InstallDeviceID"":{""DriverName"":""FileRepository\\machine.inf_amd64_neutral_a2f120466549d68b\\machine.inf"",""DriverVersion"":""6.1.7601.17514"",""DriverProvider"":""Microsoft"",""DeviceInstanceID"":""PCI\\VEN_8086&amp;DEV_7190&amp;SUBSYS_197615AD&amp;REV_01\\3&amp;2B8E0B4B&amp;0&amp;00"",""SetupClass"":""4d36e97d-e325-11ce-bfc1-08002be10318"",""RebootOption"":""False"",""UpgradeDevice"":""False"",""IsDriverOEM"":""False"",""InstallStatus"":""0x0"",""DriverDescription"":""Intel 82443BX Pentium(R) II Processor to PCI Bridge""}}}",,,,,,,,,,
2025-01-15 06:18:50.613749500+00:00,Evtx,Device installation,299.0,20001.0,Info,Microsoft-Windows-UserPnp,System,1336.0,1696.0,37L4247F27-25,S-1-5-18,,,FileRepository\machine.inf_amd64_neutral_a2f120466549d68b\machine.inf,False,"{""UserData"":{""InstallDeviceID"":{""DriverName"":""FileRepository\\machine.inf_amd64_neutral_a2f120466549d68b\\machine.inf"",""DriverVersion"":""6.1.7601.17514"",""DriverProvider"":""Microsoft"",""DeviceInstanceID"":""ACPI\\PNP0A05\\4C"",""SetupClass"":""4d36e97d-e325-11ce-bfc1-08002be10318"",""RebootOption"":""False"",""UpgradeDevice"":""False"",""IsDriverOEM"":""False"",""InstallStatus"":""0x0"",""DriverDescription"":""Generic Bus""}}}",,,,,,,,,,
2025-01-15 06:18:50.800949900+00:00,Evtx,Device installation,300.0,20001.0,Info,Microsoft-Windows-UserPnp,System,1312.0,1604.0,37L4247F27-25,S-1-5-18,,,FileRepository\machine.inf_amd64_neutral_a2f120466549d68b\machine.inf,False,"{""UserData"":{""InstallDeviceID"":{""DriverName"":""FileRepository\\machine.inf_amd64_neutral_a2f120466549d68b\\machine.inf"",""DriverVersion"":""6.1.7601.17514"",""DriverProvider"":""Microsoft"",""DeviceInstanceID"":""ACPI\\PNP0A05\\31"",""SetupClass"":""4d36e97d-e325-11ce-bfc1-08002be10318"",""RebootOption"":""False"",""UpgradeDevice"":""False"",""IsDriverOEM"":""False"",""InstallStatus"":""0x0"",""DriverDescription"":""Generic Bus""}}}",,,,,,,,,,
2025-01-15 06:18:51.081750300+00:00,Evtx,Device installation,301.0,20001.0,Info,Microsoft-Windows-UserPnp,System,1708.0,1548.0,37L4247F27-25,S-1-5-18,,,FileRepository\machine.inf_amd64_neutral_a2f120466549d68b\machine.inf,False,"{""UserData"":{""InstallDeviceID"":{""DriverName"":""FileRepository\\machine.inf_amd64_neutral_a2f120466549d68b\\machine.inf"",""DriverVersion"":""6.1.7601.17514"",""DriverProvider"":""Microsoft"",""DeviceInstanceID"":""ACPI\\PNP0A05\\4B"",""SetupClass"":""4d36e97d-e325-11ce-bfc1-08002be10318"",""RebootOption"":""False"",""UpgradeDevice"":""False"",""IsDriverOEM"":""False"",""InstallStatus"":""0x0"",""DriverDescription"":""Generic Bus""}}}",,,,,,,,,,
2025-01-15 06:18:51.346950800+00:00,Evtx,Device installation,302.0,20001.0,Info,Microsoft-Windows-UserPnp,System,1688.0,1584.0,37L4247F27-25,S-1-5-18,,,FileRepository\machine.inf_amd64_neutral_a2f120466549d68b\machine.inf,False,"{""UserData"":{""InstallDeviceID"":{""DriverName"":""FileRepository\\machine.inf_amd64_neutral_a2f120466549d68b\\machine.inf"",""DriverVersion"":""6.1.7601.17514"",""DriverProvider"":""Microsoft"",""DeviceInstanceID"":""ACPI\\PNP0A05\\4D"",""SetupClass"":""4d36e97d-e325-11ce-bfc1-08002be10318"",""RebootOption"":""False"",""UpgradeDevice"":""False"",""IsDriverOEM"":""False"",""InstallStatus"":""0x0"",""DriverDescription"":""Generic Bus""}}}",,,,,,,,,,
2025-01-15 06:18:51.674551400+00:00,Evtx,Service installation,303.0,20003.0,Info,Microsoft-Windows-UserPnp,System,1376.0,1532.0,37L4247F27-25,S-1-5-18,,,system32\DRIVERS\pci.sys,False,"{""UserData"":{""AddServiceID"":{""ServiceName"":""pci"",""DriverFileName"":""system32\\DRIVERS\\pci.sys"",""DeviceInstanceID"":""PCI\\VEN_15AD&amp;DEV_07A0&amp;SUBSYS_07A015AD&amp;REV_01\\3&amp;2B8E0B4B&amp;0&amp;AE"",""PrimaryService"":""True"",""UpdateService"":""True"",""AddServiceStatus"":""0""}}}",,,,,,,,,,
2025-01-15 06:18:51.924151800+00:00,Evtx,Device installation,304.0,20001.0,Info,Microsoft-Windows-UserPnp,System,1376.0,1532.0,37L4247F27-25,S-1-5-18,,,FileRepository\machine.inf_amd64_neutral_a2f120466549d68b\machine.inf,False,"{""UserData"":{""InstallDeviceID"":{""DriverName"":""FileRepository\\machine.inf_amd64_neutral_a2f120466549d68b\\machine.inf"",""DriverVersion"":""6.1.7601.17514"",""DriverProvider"":""Microsoft"",""DeviceInstanceID"":""PCI\\VEN_15AD&amp;DEV_07A0&amp;SUBSYS_07A015AD&amp;REV_01\\3&amp;2B8E0B4B&amp;0&amp;AE"",""SetupClass"":""4d36e97d-e325-11ce-bfc1-08002be10318"",""RebootOption"":""False"",""UpgradeDevice"":""False"",""IsDriverOEM"":""False"",""InstallStatus"":""0x0"",""DriverDescription"":""PCI Express standard Root Port""}}}",,,,,,,,,,
2025-01-15 06:18:52.189352300+00:00,Evtx,Device installation,305.0,20001.0,Info,Microsoft-Windows-UserPnp,System,1684.0,1716.0,37L4247F27-25,S-1-5-18,,,FileRepository\machine.inf_amd64_neutral_a2f120466549d68b\machine.inf,False,"{""UserData"":{""InstallDeviceID"":{""DriverName"":""FileRepository\\machine.inf_amd64_neutral_a2f120466549d68b\\machine.inf"",""DriverVersion"":""6.1.7601.17514"",""DriverProvider"":""Microsoft"",""DeviceInstanceID"":""ACPI\\PNP0A05\\32"",""SetupClass"":""4d36e97d-e325-11ce-bfc1-08002be10318"",""RebootOption"":""False"",""UpgradeDevice"":""False"",""IsDriverOEM"":""False"",""InstallStatus"":""0x0"",""DriverDescription"":""Generic Bus""}}}",,,,,,,,,,
2025-01-15 06:18:52.267352400+00:00,Evtx,Service installation,306.0,20003.0,Info,Microsoft-Windows-UserPnp,System,1796.0,1888.0,37L4247F27-25,S-1-5-18,,,system32\DRIVERS\pci.sys,False,"{""UserData"":{""AddServiceID"":{""ServiceName"":""pci"",""DriverFileName"":""system32\\DRIVERS\\pci.sys"",""DeviceInstanceID"":""PCI\\VEN_15AD&amp;DEV_07A0&amp;SUBSYS_07A015AD&amp;REV_01\\3&amp;2B8E0B4B&amp;0&amp;B6"",""PrimaryService"":""True"",""UpdateService"":""True"",""AddServiceStatus"":""0""}}}",,,,,,,,,,
2025-01-15 06:18:52.610553+00:00,Evtx,Device installation,307.0,20001.0,Info,Microsoft-Windows-UserPnp,System,1796.0,1888.0,37L4247F27-25,S-1-5-18,,,FileRepository\machine.inf_amd64_neutral_a2f120466549d68b\machine.inf,False,"{""UserData"":{""InstallDeviceID"":{""DriverName"":""FileRepository\\machine.inf_amd64_neutral_a2f120466549d68b\\machine.inf"",""DriverVersion"":""6.1.7601.17514"",""DriverProvider"":""Microsoft"",""DeviceInstanceID"":""PCI\\VEN_15AD&amp;DEV_07A0&amp;SUBSYS_07A015AD&amp;REV_01\\3&amp;2B8E0B4B&amp;0&amp;B6"",""SetupClass"":""4d36e97d-e325-11ce-bfc1-08002be10318"",""RebootOption"":""False"",""UpgradeDevice"":""False"",""IsDriverOEM"":""False"",""InstallStatus"":""0x0"",""DriverDescription"":""PCI Express standard Root Port""}}}",,,,,,,,,,
2025-01-15 06:18:52.813353400+00:00,Evtx,Device installation,308.0,20001.0,Info,Microsoft-Windows-UserPnp,System,1864.0,1596.0,37L4247F27-25,S-1-5-18,,,FileRepository\machine.inf_amd64_neutral_a2f120466549d68b\machine.inf,False,"{""UserData"":{""InstallDeviceID"":{""DriverName"":""FileRepository\\machine.inf_amd64_neutral_a2f120466549d68b\\machine.inf"",""DriverVersion"":""6.1.7601.17514"",""DriverProvider"":""Microsoft"",""DeviceInstanceID"":""ACPI\\PNP0A05\\33"",""SetupClass"":""4d36e97d-e325-11ce-bfc1-08002be10318"",""RebootOption"":""False"",""UpgradeDevice"":""False"",""IsDriverOEM"":""False"",""InstallStatus"":""0x0"",""DriverDescription"":""Generic Bus""}}}",,,,,,,,,,
2025-01-15 06:18:52.906953600+00:00,Evtx,Service installation,309.0,20003.0,Info,Microsoft-Windows-UserPnp,System,1828.0,1900.0,37L4247F27-25,S-1-5-18,,,system32\DRIVERS\pci.sys,False,"{""UserData"":{""AddServiceID"":{""ServiceName"":""pci"",""DriverFileName"":""system32\\DRIVERS\\pci.sys"",""DeviceInstanceID"":""PCI\\VEN_15AD&amp;DEV_07A0&amp;SUBSYS_07A015AD&amp;REV_01\\3&amp;2B8E0B4B&amp;0&amp;C6"",""PrimaryService"":""True"",""UpdateService"":""True"",""AddServiceStatus"":""0""}}}",,,,,,,,,,
2025-01-15 06:18:53.156554+00:00,Evtx,Device installation,310.0,20001.0,Info,Microsoft-Windows-UserPnp,System,1828.0,1900.0,37L4247F27-25,S-1-5-18,,,FileRepository\machine.inf_amd64_neutral_a2f120466549d68b\machine.inf,False,"{""UserData"":{""InstallDeviceID"":{""DriverName"":""FileRepository\\machine.inf_amd64_neutral_a2f120466549d68b\\machine.inf"",""DriverVersion"":""6.1.7601.17514"",""DriverProvider"":""Microsoft"",""DeviceInstanceID"":""PCI\\VEN_15AD&amp;DEV_07A0&amp;SUBSYS_07A015AD&amp;REV_01\\3&amp;2B8E0B4B&amp;0&amp;C6"",""SetupClass"":""4d36e97d-e325-11ce-bfc1-08002be10318"",""RebootOption"":""False"",""UpgradeDevice"":""False"",""IsDriverOEM"":""False"",""InstallStatus"":""0x0"",""DriverDescription"":""PCI Express standard Root Port""}}}",,,,,,,,,,
2025-01-15 06:18:53.218954100+00:00,Evtx,Service installation,311.0,20003.0,Info,Microsoft-Windows-UserPnp,System,1780.0,1800.0,37L4247F27-25,S-1-5-18,,,system32\DRIVERS\pci.sys,False,"{""UserData"":{""AddServiceID"":{""ServiceName"":""pci"",""DriverFileName"":""system32\\DRIVERS\\pci.sys"",""DeviceInstanceID"":""PCI\\VEN_15AD&amp;DEV_07A0&amp;SUBSYS_07A015AD&amp;REV_01\\3&amp;2B8E0B4B&amp;0&amp;BE"",""PrimaryService"":""True"",""UpdateService"":""True"",""AddServiceStatus"":""0""}}}",,,,,,,,,,
2025-01-15 06:18:53.484154600+00:00,Evtx,Device installation,312.0,20001.0,Info,Microsoft-Windows-UserPnp,System,1780.0,1800.0,37L4247F27-25,S-1-5-18,,,FileRepository\machine.inf_amd64_neutral_a2f120466549d68b\machine.inf,False,"{""UserData"":{""InstallDeviceID"":{""DriverName"":""FileRepository\\machine.inf_amd64_neutral_a2f120466549d68b\\machine.inf"",""DriverVersion"":""6.1.7601.17514"",""DriverProvider"":""Microsoft"",""DeviceInstanceID"":""PCI\\VEN_15AD&amp;DEV_07A0&amp;SUBSYS_07A015AD&amp;REV_01\\3&amp;2B8E0B4B&amp;0&amp;BE"",""SetupClass"":""4d36e97d-e325-11ce-bfc1-08002be10318"",""RebootOption"":""False"",""UpgradeDevice"":""False"",""IsDriverOEM"":""False"",""InstallStatus"":""0x0"",""DriverDescription"":""PCI Express standard Root Port""}}}",,,,,,,,,,
2025-01-15 06:18:53.593354800+00:00,Evtx,Service installation,313.0,20003.0,Info,Microsoft-Windows-UserPnp,System,1656.0,1932.0,37L4247F27-25,S-1-5-18,,,system32\DRIVERS\pci.sys,False,"{""UserData"":{""AddServiceID"":{""ServiceName"":""pci"",""DriverFileName"":""system32\\DRIVERS\\pci.sys"",""DeviceInstanceID"":""PCI\\VEN_8086&amp;DEV_7191&amp;SUBSYS_00000000&amp;REV_01\\3&amp;2B8E0B4B&amp;0&amp;08"",""PrimaryService"":""True"",""UpdateService"":""True"",""AddServiceStatus"":""0""}}}",,,,,,,,,,
2025-01-15 06:18:53.811755100+00:00,Evtx,Device installation,314.0,20001.0,Info,Microsoft-Windows-UserPnp,System,1656.0,1932.0,37L4247F27-25,S-1-5-18,,,FileRepository\machine.inf_amd64_neutral_a2f120466549d68b\machine.inf,False,"{""UserData"":{""InstallDeviceID"":{""DriverName"":""FileRepository\\machine.inf_amd64_neutral_a2f120466549d68b\\machine.inf"",""DriverVersion"":""6.1.7601.17514"",""DriverProvider"":""Microsoft"",""DeviceInstanceID"":""PCI\\VEN_8086&amp;DEV_7191&amp;SUBSYS_00000000&amp;REV_01\\3&amp;2B8E0B4B&amp;0&amp;08"",""SetupClass"":""4d36e97d-e325-11ce-bfc1-08002be10318"",""RebootOption"":""False"",""UpgradeDevice"":""False"",""IsDriverOEM"":""False"",""InstallStatus"":""0x0"",""DriverDescription"":""PCI standard PCI-to-PCI bridge""}}}",,,,,,,,,,
2025-01-15 06:18:54.108155700+00:00,Evtx,Device installation,315.0,20001.0,Info,Microsoft-Windows-UserPnp,System,1940.0,1964.0,37L4247F27-25,S-1-5-18,,,FileRepository\machine.inf_amd64_neutral_a2f120466549d68b\machine.inf,False,"{""UserData"":{""InstallDeviceID"":{""DriverName"":""FileRepository\\machine.inf_amd64_neutral_a2f120466549d68b\\machine.inf"",""DriverVersion"":""6.1.7601.17514"",""DriverProvider"":""Microsoft"",""DeviceInstanceID"":""ACPI\\PNP0A05\\34"",""SetupClass"":""4d36e97d-e325-11ce-bfc1-08002be10318"",""RebootOption"":""False"",""UpgradeDevice"":""False"",""IsDriverOEM"":""False"",""InstallStatus"":""0x0"",""DriverDescription"":""Generic Bus""}}}",,,,,,,,,,
2025-01-15 06:18:54.326556+00:00,Evtx,Device installation,316.0,20001.0,Info,Microsoft-Windows-UserPnp,System,1936.0,1744.0,37L4247F27-25,S-1-5-18,,,FileRepository\machine.inf_amd64_neutral_a2f120466549d68b\machine.inf,False,"{""UserData"":{""InstallDeviceID"":{""DriverName"":""FileRepository\\machine.inf_amd64_neutral_a2f120466549d68b\\machine.inf"",""DriverVersion"":""6.1.7601.17514"",""DriverProvider"":""Microsoft"",""DeviceInstanceID"":""ACPI\\PNP0A05\\4E"",""SetupClass"":""4d36e97d-e325-11ce-bfc1-08002be10318"",""RebootOption"":""False"",""UpgradeDevice"":""False"",""IsDriverOEM"":""False"",""InstallStatus"":""0x0"",""DriverDescription"":""Generic Bus""}}}",,,,,,,,,,
2025-01-15 06:18:54.747756800+00:00,Evtx,Device installation,317.0,20001.0,Info,Microsoft-Windows-UserPnp,System,1988.0,1892.0,37L4247F27-25,S-1-5-18,,,FileRepository\machine.inf_amd64_neutral_a2f120466549d68b\machine.inf,False,"{""UserData"":{""InstallDeviceID"":{""DriverName"":""FileRepository\\machine.inf_amd64_neutral_a2f120466549d68b\\machine.inf"",""DriverVersion"":""6.1.7601.17514"",""DriverProvider"":""Microsoft"",""DeviceInstanceID"":""ACPI\\PNP0A05\\4F"",""SetupClass"":""4d36e97d-e325-11ce-bfc1-08002be10318"",""RebootOption"":""False"",""UpgradeDevice"":""False"",""IsDriverOEM"":""False"",""InstallStatus"":""0x0"",""DriverDescription"":""Generic Bus""}}}",,,,,,,,,,
2025-01-15 06:18:54.950557100+00:00,Evtx,Service installation,318.0,20003.0,Info,Microsoft-Windows-UserPnp,System,588.0,1872.0,37L4247F27-25,S-1-5-18,,,system32\DRIVERS\atapi.sys,False,"{""UserData"":{""AddServiceID"":{""ServiceName"":""atapi"",""DriverFileName"":""system32\\DRIVERS\\atapi.sys"",""DeviceInstanceID"":""PCIIDE\\IDECHANNEL\\4&amp;C5D1198&amp;0&amp;1"",""PrimaryService"":""True"",""UpdateService"":""True"",""AddServiceStatus"":""0""}}}",,,,,,,,,,
2025-01-15 06:18:57.555761700+00:00,Evtx,Device installation,319.0,20001.0,Info,Microsoft-Windows-UserPnp,System,588.0,1872.0,37L4247F27-25,S-1-5-18,,,FileRepository\mshdc.inf_amd64_neutral_aad30bdeec04ea5e\mshdc.inf,False,"{""UserData"":{""InstallDeviceID"":{""DriverName"":""FileRepository\\mshdc.inf_amd64_neutral_aad30bdeec04ea5e\\mshdc.inf"",""DriverVersion"":""6.1.7601.17514"",""DriverProvider"":""Microsoft"",""DeviceInstanceID"":""PCIIDE\\IDECHANNEL\\4&amp;C5D1198&amp;0&amp;1"",""SetupClass"":""4d36e96a-e325-11ce-bfc1-08002be10318"",""RebootOption"":""False"",""UpgradeDevice"":""False"",""IsDriverOEM"":""False"",""InstallStatus"":""0x0"",""DriverDescription"":""IDE Channel""}}}",,,,,,,,,,
2025-01-15 06:18:57.696162+00:00,Evtx,Service installation,320.0,20003.0,Info,Microsoft-Windows-UserPnp,System,1956.0,1972.0,37L4247F27-25,S-1-5-18,,,system32\DRIVERS\msahci.sys,False,"{""UserData"":{""AddServiceID"":{""ServiceName"":""msahci"",""DriverFileName"":""system32\\DRIVERS\\msahci.sys"",""DeviceInstanceID"":""PCI\\VEN_15AD&amp;DEV_07E0&amp;SUBSYS_07E015AD&amp;REV_00\\4&amp;3AD87E0A&amp;0&amp;2088"",""PrimaryService"":""True"",""UpdateService"":""True"",""AddServiceStatus"":""0""}}}",,,,,,,,,,
2025-01-15 06:18:57.696162+00:00,Evtx,Service installation,321.0,20003.0,Info,Microsoft-Windows-UserPnp,System,1956.0,1972.0,37L4247F27-25,S-1-5-18,,,system32\DRIVERS\atapi.sys,False,"{""UserData"":{""AddServiceID"":{""ServiceName"":""atapi"",""DriverFileName"":""system32\\DRIVERS\\atapi.sys"",""DeviceInstanceID"":""PCI\\VEN_15AD&amp;DEV_07E0&amp;SUBSYS_07E015AD&amp;REV_00\\4&amp;3AD87E0A&amp;0&amp;2088"",""PrimaryService"":""False"",""UpdateService"":""True"",""AddServiceStatus"":""0""}}}",,,,,,,,,,
2025-01-15 06:18:58.054962600+00:00,Evtx,Device installation,322.0,20001.0,Info,Microsoft-Windows-UserPnp,System,1956.0,1972.0,37L4247F27-25,S-1-5-18,,,FileRepository\mshdc.inf_amd64_neutral_aad30bdeec04ea5e\mshdc.inf,False,"{""UserData"":{""InstallDeviceID"":{""DriverName"":""FileRepository\\mshdc.inf_amd64_neutral_aad30bdeec04ea5e\\mshdc.inf"",""DriverVersion"":""6.1.7601.17514"",""DriverProvider"":""Microsoft"",""DeviceInstanceID"":""PCI\\VEN_15AD&amp;DEV_07E0&amp;SUBSYS_07E015AD&amp;REV_00\\4&amp;3AD87E0A&amp;0&amp;2088"",""SetupClass"":""4d36e96a-e325-11ce-bfc1-08002be10318"",""RebootOption"":""False"",""UpgradeDevice"":""False"",""IsDriverOEM"":""False"",""InstallStatus"":""0x0"",""DriverDescription"":""Standard AHCI 1.0 Serial ATA Controller""}}}",,,,,,,,,,
2025-01-15 06:18:58.164162800+00:00,Evtx,Service installation,323.0,20003.0,Info,Microsoft-Windows-UserPnp,System,1876.0,1948.0,37L4247F27-25,S-1-5-18,,,system32\DRIVERS\atapi.sys,False,"{""UserData"":{""AddServiceID"":{""ServiceName"":""atapi"",""DriverFileName"":""system32\\DRIVERS\\atapi.sys"",""DeviceInstanceID"":""PCIIDE\\IDECHANNEL\\4&amp;C5D1198&amp;0&amp;0"",""PrimaryService"":""True"",""UpdateService"":""True"",""AddServiceStatus"":""0""}}}",,,,,,,,,,
