2025-01-15 06:19:18.054197700+00:00,Evtx,Service installation,400.0,20003.0,Info,Microsoft-Windows-UserPnp,System,1204.0,1220.0,37L4247F27-25,S-1-5-18,,,system32\DRIVERS\atapi.sys,False,"{""UserData"":{""AddServiceID"":{""ServiceName"":""atapi"",""DriverFileName"":""system32\\DRIVERS\\atapi.sys"",""DeviceInstanceID"":""PCIIDE\\IDECHANNEL\\5&amp;12368B4A&amp;0&amp;15"",""PrimaryService"":""True"",""UpdateService"":""True"",""AddServiceStatus"":""0""}}}",,,,,,,,,,
2025-01-15 06:19:18.256998100+00:00,Evtx,Device installation,401.0,20001.0,Info,Microsoft-Windows-UserPnp,System,1204.0,1220.0,37L4247F27-25,S-1-5-18,,,FileRepository\mshdc.inf_amd64_neutral_aad30bdeec04ea5e\mshdc.inf,False,"{""UserData"":{""InstallDeviceID"":{""DriverName"":""FileRepository\\mshdc.inf_amd64_neutral_aad30bdeec04ea5e\\mshdc.inf"",""DriverVersion"":""6.1.7601.17514"",""DriverProvider"":""Microsoft"",""DeviceInstanceID"":""PCIIDE\\IDECHANNEL\\5&amp;12368B4A&amp;0&amp;15"",""SetupClass"":""4d36e96a-e325-11ce-bfc1-08002be10318"",""RebootOption"":""False"",""UpgradeDevice"":""False"",""IsDriverOEM"":""False"",""InstallStatus"":""0x0"",""DriverDescription"":""IDE Channel""}}}",,,,,,,,,,
2025-01-15 06:19:18.334998200+00:00,Evtx,Service installation,402.0,20003.0,Info,Microsoft-Windows-UserPnp,System,516.0,1320.0,37L4247F27-25,S-1-5-18,,,system32\DRIVERS\atapi.sys,False,"{""UserData"":{""AddServiceID"":{""ServiceName"":""atapi"",""DriverFileName"":""system32\\DRIVERS\\atapi.sys"",""DeviceInstanceID"":""PCIIDE\\IDECHANNEL\\5&amp;12368B4A&amp;0&amp;28"",""PrimaryService"":""True"",""UpdateService"":""True"",""AddServiceStatus"":""0""}}}",,,,,,,,,,
2025-01-15 06:19:18.568998600+00:00,Evtx,Device installation,403.0,20001.0,Info,Microsoft-Windows-UserPnp,System,516.0,1320.0,37L4247F27-25,S-1-5-18,,,FileRepository\mshdc.inf_amd64_neutral_aad30bdeec04ea5e\mshdc.inf,False,"{""UserData"":{""InstallDeviceID"":{""DriverName"":""FileRepository\\mshdc.inf_amd64_neutral_aad30bdeec04ea5e\\mshdc.inf"",""DriverVersion"":""6.1.7601.17514"",""DriverProvider"":""Microsoft"",""DeviceInstanceID"":""PCIIDE\\IDECHANNEL\\5&amp;12368B4A&amp;0&amp;28"",""SetupClass"":""4d36e96a-e325-11ce-bfc1-08002be10318"",""RebootOption"":""False"",""UpgradeDevice"":""False"",""IsDriverOEM"":""False"",""InstallStatus"":""0x0"",""DriverDescription"":""IDE Channel""}}}",,,,,,,,,,
2025-01-15 06:19:18.693798800+00:00,Evtx,Service installation,404.0,20003.0,Info,Microsoft-Windows-UserPnp,System,1892.0,2028.0,37L4247F27-25,S-1-5-18,,,system32\DRIVERS\atapi.sys,False,"{""UserData"":{""AddServiceID"":{""ServiceName"":""atapi"",""DriverFileName"":""system32\\DRIVERS\\atapi.sys"",""DeviceInstanceID"":""PCIIDE\\IDECHANNEL\\5&amp;12368B4A&amp;0&amp;16"",""PrimaryService"":""True"",""UpdateService"":""True"",""AddServiceStatus"":""0""}}}",,,,,,,,,,
2025-01-15 06:19:19.005799400+00:00,Evtx,Device installation,405.0,20001.0,Info,Microsoft-Windows-UserPnp,System,1892.0,2028.0,37L4247F27-25,S-1-5-18,,,FileRepository\mshdc.inf_amd64_neutral_aad30bdeec04ea5e\mshdc.inf,False,"{""UserData"":{""InstallDeviceID"":{""DriverName"":""FileRepository\\mshdc.inf_amd64_neutral_aad30bdeec04ea5e\\mshdc.inf"",""DriverVersion"":""6.1.7601.17514"",""DriverProvider"":""Microsoft"",""DeviceInstanceID"":""PCIIDE\\IDECHANNEL\\5&amp;12368B4A&amp;0&amp;16"",""SetupClass"":""4d36e96a-e325-11ce-bfc1-08002be10318"",""RebootOption"":""False"",""UpgradeDevice"":""False"",""IsDriverOEM"":""False"",""InstallStatus"":""0x0"",""DriverDescription"":""IDE Channel""}}}",,,,,,,,,,
2025-01-15 06:19:19.083799500+00:00,Evtx,Service installation,406.0,20003.0,Info,Microsoft-Windows-UserPnp,System,1240.0,976.0,37L4247F27-25,S-1-5-18,,,system32\DRIVERS\atapi.sys,False,"{""UserData"":{""AddServiceID"":{""ServiceName"":""atapi"",""DriverFileName"":""system32\\DRIVERS\\atapi.sys"",""DeviceInstanceID"":""PCIIDE\\IDECHANNEL\\5&amp;12368B4A&amp;0&amp;29"",""PrimaryService"":""True"",""UpdateService"":""True"",""AddServiceStatus"":""0""}}}",,,,,,,,,,
2025-01-15 06:19:19.317799900+00:00,Evtx,Device installation,407.0,20001.0,Info,Microsoft-Windows-UserPnp,System,1240.0,976.0,37L4247F27-25,S-1-5-18,,,FileRepository\mshdc.inf_amd64_neutral_aad30bdeec04ea5e\mshdc.inf,False,"{""UserData"":{""InstallDeviceID"":{""DriverName"":""FileRepository\\mshdc.inf_amd64_neutral_aad30bdeec04ea5e\\mshdc.inf"",""DriverVersion"":""6.1.7601.17514"",""DriverProvider"":""Microsoft"",""DeviceInstanceID"":""PCIIDE\\IDECHANNEL\\5&amp;12368B4A&amp;0&amp;29"",""SetupClass"":""4d36e96a-e325-11ce-bfc1-08002be10318"",""RebootOption"":""False"",""UpgradeDevice"":""False"",""IsDriverOEM"":""False"",""InstallStatus"":""0x0"",""DriverDescription"":""IDE Channel""}}}",,,,,,,,,,
2025-01-15 06:19:19.489400200+00:00,Evtx,Service installation,408.0,20003.0,Info,Microsoft-Windows-UserPnp,System,344.0,1324.0,37L4247F27-25,S-1-5-18,,,system32\DRIVERS\fdc.sys,False,"{""UserData"":{""AddServiceID"":{""ServiceName"":""fdc"",""DriverFileName"":""system32\\DRIVERS\\fdc.sys"",""DeviceInstanceID"":""ACPI\\PNP0700\\5&amp;27D1C488&amp;0"",""PrimaryService"":""True"",""UpdateService"":""True"",""AddServiceStatus"":""0""}}}",,,,,,,,,,
2025-01-15 06:19:19.661000500+00:00,Evtx,Device installation,409.0,20001.0,Info,Microsoft-Windows-UserPnp,System,344.0,1324.0,37L4247F27-25,S-1-5-18,,,FileRepository\fdc.inf_amd64_neutral_bbcfca39fdc02275\fdc.inf,False,"{""UserData"":{""InstallDeviceID"":{""DriverName"":""FileRepository\\fdc.inf_amd64_neutral_bbcfca39fdc02275\\fdc.inf"",""DriverVersion"":""6.1.7600.16385"",""DriverProvider"":""Microsoft"",""DeviceInstanceID"":""ACPI\\PNP0700\\5&amp;27D1C488&amp;0"",""SetupClass"":""4d36e969-e325-11ce-bfc1-08002be10318"",""RebootOption"":""False"",""UpgradeDevice"":""False"",""IsDriverOEM"":""False"",""InstallStatus"":""0x0"",""DriverDescription"":""Standard floppy disk controller""}}}",,,,,,,,,,
2025-01-15 06:19:19.723400700+00:00,Evtx,Service installation,410.0,20003.0,Info,Microsoft-Windows-UserPnp,System,1392.0,552.0,37L4247F27-25,S-1-5-18,,,system32\DRIVERS\atapi.sys,False,"{""UserData"":{""AddServiceID"":{""ServiceName"":""atapi"",""DriverFileName"":""system32\\DRIVERS\\atapi.sys"",""DeviceInstanceID"":""PCIIDE\\IDECHANNEL\\5&amp;12368B4A&amp;0&amp;3"",""PrimaryService"":""True"",""UpdateService"":""True"",""AddServiceStatus"":""0""}}}",,,,,,,,,,
2025-01-15 06:19:20.066601300+00:00,Evtx,Device installation,411.0,20001.0,Info,Microsoft-Windows-UserPnp,System,1392.0,552.0,37L4247F27-25,S-1-5-18,,,FileRepository\mshdc.inf_amd64_neutral_aad30bdeec04ea5e\mshdc.inf,False,"{""UserData"":{""InstallDeviceID"":{""DriverName"":""FileRepository\\mshdc.inf_amd64_neutral_aad30bdeec04ea5e\\mshdc.inf"",""DriverVersion"":""6.1.7601.17514"",""DriverProvider"":""Microsoft"",""DeviceInstanceID"":""PCIIDE\\IDECHANNEL\\5&amp;12368B4A&amp;0&amp;3"",""SetupClass"":""4d36e96a-e325-11ce-bfc1-08002be10318"",""RebootOption"":""False"",""UpgradeDevice"":""False"",""IsDriverOEM"":""False"",""InstallStatus"":""0x0"",""DriverDescription"":""IDE Channel""}}}",,,,,,,,,,
2025-01-15 06:19:20.144601400+00:00,Evtx,Service installation,412.0,20003.0,Info,Microsoft-Windows-UserPnp,System,1556.0,232.0,37L4247F27-25,S-1-5-18,,,system32\DRIVERS\atapi.sys,False,"{""UserData"":{""AddServiceID"":{""ServiceName"":""atapi"",""DriverFileName"":""system32\\DRIVERS\\atapi.sys"",""DeviceInstanceID"":""PCIIDE\\IDECHANNEL\\5&amp;12368B4A&amp;0&amp;17"",""PrimaryService"":""True"",""UpdateService"":""True"",""AddServiceStatus"":""0""}}}",,,,,,,,,,
2025-01-15 06:19:20.378601800+00:00,Evtx,Device installation,413.0,20001.0,Info,Microsoft-Windows-UserPnp,System,1556.0,232.0,37L4247F27-25,S-1-5-18,,,FileRepository\mshdc.inf_amd64_neutral_aad30bdeec04ea5e\mshdc.inf,False,"{""UserData"":{""InstallDeviceID"":{""DriverName"":""FileRepository\\mshdc.inf_amd64_neutral_aad30bdeec04ea5e\\mshdc.inf"",""DriverVersion"":""6.1.7601.17514"",""DriverProvider"":""Microsoft"",""DeviceInstanceID"":""PCIIDE\\IDECHANNEL\\5&amp;12368B4A&amp;0&amp;17"",""SetupClass"":""4d36e96a-e325-11ce-bfc1-08002be10318"",""RebootOption"":""False"",""UpgradeDevice"":""False"",""IsDriverOEM"":""False"",""InstallStatus"":""0x0"",""DriverDescription"":""IDE Channel""}}}",,,,,,,,,,
2025-01-15 06:19:20.534602100+00:00,Evtx,Service installation,414.0,20003.0,Info,Microsoft-Windows-UserPnp,System,1108.0,1620.0,37L4247F27-25,S-1-5-18,,,system32\DRIVERS\atapi.sys,False,"{""UserData"":{""AddServiceID"":{""ServiceName"":""atapi"",""DriverFileName"":""system32\\DRIVERS\\atapi.sys"",""DeviceInstanceID"":""PCIIDE\\IDECHANNEL\\5&amp;12368B4A&amp;0&amp;4"",""PrimaryService"":""True"",""UpdateService"":""True"",""AddServiceStatus"":""0""}}}",,,,,,,,,,
2025-01-15 06:19:20.784202500+00:00,Evtx,Device installation,415.0,20001.0,Info,Microsoft-Windows-UserPnp,System,1108.0,1620.0,37L4247F27-25,S-1-5-18,,,FileRepository\mshdc.inf_amd64_neutral_aad30bdeec04ea5e\mshdc.inf,False,"{""UserData"":{""InstallDeviceID"":{""DriverName"":""FileRepository\\mshdc.inf_amd64_neutral_aad30bdeec04ea5e\\mshdc.inf"",""DriverVersion"":""6.1.7601.17514"",""DriverProvider"":""Microsoft"",""DeviceInstanceID"":""PCIIDE\\IDECHANNEL\\5&amp;12368B4A&amp;0&amp;4"",""SetupClass"":""4d36e96a-e325-11ce-bfc1-08002be10318"",""RebootOption"":""False"",""UpgradeDevice"":""False"",""IsDriverOEM"":""False"",""InstallStatus"":""0x0"",""DriverDescription"":""IDE Channel""}}}",,,,,,,,,,
2025-01-15 06:19:20.955802800+00:00,Evtx,,2.0,1002.0,Warning,Microsoft-Windows-KnownFolders,Microsoft-Windows-Known Folders API Service,668.0,1948.0,37L4247F27-25,S-1-5-18,,,,False,"{""EventData"":{""Data"":[{""@Name"":""hrError"",""#text"":""0x80070002""},{""@Name"":""FolderId"",""#text"":""fdd39ad0-238f-46af-adb4-6c85480369c7""},{""@Name"":""Path"",""#text"":""C:\\Windows\\system32\\config\\systemprofile\\Documents""}]}}",,,,,,,,,,
2025-01-15 06:19:20.955802800+00:00,Evtx,,2.0,1002.0,Warning,Microsoft-Windows-KnownFolders,Microsoft-Windows-Known Folders API Service,668.0,1948.0,37L4247F27-25,S-1-5-18,,,,False,"{""EventData"":{""Data"":[{""@Name"":""hrError"",""#text"":""0x80070002""},{""@Name"":""FolderId"",""#text"":""fdd39ad0-238f-46af-adb4-6c85480369c7""},{""@Name"":""Path"",""#text"":""C:\\Windows\\system32\\config\\systemprofile\\Documents""}]}}",,,,,,,,,,
2025-01-15 06:19:21.657804100+00:00,Evtx,A new service was installed in the system,416.0,7045.0,Info,Service Control Manager,System,436.0,524.0,37L4247F27-25,S-1-5-18,,,system32\drivers\HdAudio.sys,False,"{""EventData"":{""Data"":[{""@Name"":""ServiceName"",""#text"":""Microsoft 1.1 UAA Function Driver for High Definition Audio Service""},{""@Name"":""ImagePath"",""#text"":""system32\\drivers\\HdAudio.sys""},{""@Name"":""ServiceType"",""#text"":""kernel mode driver""},{""@Name"":""StartType"",""#text"":""demand start""},{""@Name"":""AccountName""}]}}",,,,,,,,,,
2025-01-15 06:19:21.689004100+00:00,Evtx,Service installation,417.0,20003.0,Info,Microsoft-Windows-UserPnp,System,668.0,1948.0,37L4247F27-25,S-1-5-18,,,system32\drivers\HdAudio.sys,False,"{""UserData"":{""AddServiceID"":{""ServiceName"":""HdAudAddService"",""DriverFileName"":""system32\\drivers\\HdAudio.sys"",""DeviceInstanceID"":""HDAUDIO\\FUNC_01&amp;VEN_15AD&amp;DEV_1975&amp;SUBSYS_15AD1975&amp;REV_1001\\5&amp;8A7C455&amp;0&amp;0001"",""PrimaryService"":""True"",""UpdateService"":""False"",""AddServiceStatus"":""0""}}}",,,,,,,,,,
2025-01-15 06:19:21.798204300+00:00,Evtx,Device installation,418.0,20001.0,Info,Microsoft-Windows-UserPnp,System,668.0,1948.0,37L4247F27-25,S-1-5-18,,,FileRepository\hdaudio.inf_amd64_neutral_ce7bc199c85ae0a0\hdaudio.inf,False,"{""UserData"":{""InstallDeviceID"":{""DriverName"":""FileRepository\\hdaudio.inf_amd64_neutral_ce7bc199c85ae0a0\\hdaudio.inf"",""DriverVersion"":""6.1.7601.17514"",""DriverProvider"":""Microsoft"",""DeviceInstanceID"":""HDAUDIO\\FUNC_01&amp;VEN_15AD&amp;DEV_1975&amp;SUBSYS_15AD1975&amp;REV_1001\\5&amp;8A7C455&amp;0&amp;0001"",""SetupClass"":""4d36e96c-e325-11ce-bfc1-08002be10318"",""RebootOption"":""False"",""UpgradeDevice"":""False"",""IsDriverOEM"":""False"",""InstallStatus"":""0x0"",""DriverDescription"":""High Definition Audio Device""}}}",,,,,,,,,,
2025-01-15 06:19:21.891804500+00:00,Evtx,Service installation,419.0,20003.0,Info,Microsoft-Windows-UserPnp,System,1668.0,1636.0,37L4247F27-25,S-1-5-18,,,system32\DRIVERS\atapi.sys,False,"{""UserData"":{""AddServiceID"":{""ServiceName"":""atapi"",""DriverFileName"":""system32\\DRIVERS\\atapi.sys"",""DeviceInstanceID"":""PCIIDE\\IDECHANNEL\\5&amp;12368B4A&amp;0&amp;18"",""PrimaryService"":""True"",""UpdateService"":""True"",""AddServiceStatus"":""0""}}}",,,,,,,,,,
2025-01-15 06:19:22.125804900+00:00,Evtx,Device installation,420.0,20001.0,Info,Microsoft-Windows-UserPnp,System,1668.0,1636.0,37L4247F27-25,S-1-5-18,,,FileRepository\mshdc.inf_amd64_neutral_aad30bdeec04ea5e\mshdc.inf,False,"{""UserData"":{""InstallDeviceID"":{""DriverName"":""FileRepository\\mshdc.inf_amd64_neutral_aad30bdeec04ea5e\\mshdc.inf"",""DriverVersion"":""6.1.7601.17514"",""DriverProvider"":""Microsoft"",""DeviceInstanceID"":""PCIIDE\\IDECHANNEL\\5&amp;12368B4A&amp;0&amp;18"",""SetupClass"":""4d36e96a-e325-11ce-bfc1-08002be10318"",""RebootOption"":""False"",""UpgradeDevice"":""False"",""IsDriverOEM"":""False"",""InstallStatus"":""0x0"",""DriverDescription"":""IDE Channel""}}}",,,,,,,,,,
2025-01-15 06:19:22.203805+00:00,Evtx,Service installation,421.0,20003.0,Info,Microsoft-Windows-UserPnp,System,1200.0,704.0,37L4247F27-25,S-1-5-18,,,system32\DRIVERS\atapi.sys,False,"{""UserData"":{""AddServiceID"":{""ServiceName"":""atapi"",""DriverFileName"":""system32\\DRIVERS\\atapi.sys"",""DeviceInstanceID"":""PCIIDE\\IDECHANNEL\\5&amp;12368B4A&amp;0&amp;5"",""PrimaryService"":""True"",""UpdateService"":""True"",""AddServiceStatus"":""0""}}}",,,,,,,,,,
2025-01-15 06:19:22.531405600+00:00,Evtx,Device installation,422.0,20001.0,Info,Microsoft-Windows-UserPnp,System,1200.0,704.0,37L4247F27-25,S-1-5-18,,,FileRepository\mshdc.inf_amd64_neutral_aad30bdeec04ea5e\mshdc.inf,False,"{""UserData"":{""InstallDeviceID"":{""DriverName"":""FileRepository\\mshdc.inf_amd64_neutral_aad30bdeec04ea5e\\mshdc.inf"",""DriverVersion"":""6.1.7601.17514"",""DriverProvider"":""Microsoft"",""DeviceInstanceID"":""PCIIDE\\IDECHANNEL\\5&amp;12368B4A&amp;0&amp;5"",""SetupClass"":""4d36e96a-e325-11ce-bfc1-08002be10318"",""RebootOption"":""False"",""UpgradeDevice"":""False"",""IsDriverOEM"":""False"",""InstallStatus"":""0x0"",""DriverDescription"":""IDE Channel""}}}",,,,,,,,,,
2025-01-15 06:19:22.656205800+00:00,Evtx,Service installation,423.0,20003.0,Info,Microsoft-Windows-UserPnp,System,1640.0,1284.0,37L4247F27-25,S-1-5-18,,,system32\DRIVERS\atapi.sys,False,"{""UserData"":{""AddServiceID"":{""ServiceName"":""atapi"",""DriverFileName"":""system32\\DRIVERS\\atapi.sys"",""DeviceInstanceID"":""PCIIDE\\IDECHANNEL\\5&amp;12368B4A&amp;0&amp;19"",""PrimaryService"":""True"",""UpdateService"":""True"",""AddServiceStatus"":""0""}}}",,,,,,,,,,
2025-01-15 06:19:22.921406300+00:00,Evtx,Device installation,424.0,20001.0,Info,Microsoft-Windows-UserPnp,System,1640.0,1284.0,37L4247F27-25,S-1-5-18,,,FileRepository\mshdc.inf_amd64_neutral_aad30bdeec04ea5e\mshdc.inf,False,"{""UserData"":{""InstallDeviceID"":{""DriverName"":""FileRepository\\mshdc.inf_amd64_neutral_aad30bdeec04ea5e\\mshdc.inf"",""DriverVersion"":""6.1.7601.17514"",""DriverProvider"":""Microsoft"",""DeviceInstanceID"":""PCIIDE\\IDECHANNEL\\5&amp;12368B4A&amp;0&amp;19"",""SetupClass"":""4d36e96a-e325-11ce-bfc1-08002be10318"",""RebootOption"":""False"",""UpgradeDevice"":""False"",""IsDriverOEM"":""False"",""InstallStatus"":""0x0"",""DriverDescription"":""IDE Channel""}}}",,,,,,,,,,
2025-01-15 06:19:23.108606600+00:00,Evtx,Service installation,425.0,20003.0,Info,Microsoft-Windows-UserPnp,System,148.0,1304.0,37L4247F27-25,S-1-5-18,,,system32\DRIVERS\cdrom.sys,False,"{""UserData"":{""AddServiceID"":{""ServiceName"":""cdrom"",""DriverFileName"":""system32\\DRIVERS\\cdrom.sys"",""DeviceInstanceID"":""IDE\\CDROMNECVMWAR_VMWARE_SATA_CD01_______________1.00____\\6&amp;2848384C&amp;0&amp;1.0.0"",""PrimaryService"":""True"",""UpdateService"":""True"",""AddServiceStatus"":""0""}}}",,,,,,,,,,
2025-01-15 06:19:23.280206900+00:00,Evtx,Device installation,426.0,20001.0,Info,Microsoft-Windows-UserPnp,System,148.0,1304.0,37L4247F27-25,S-1-5-18,,,FileRepository\cdrom.inf_amd64_neutral_0b3d0d1942ab684b\cdrom.inf,False,"{""UserData"":{""InstallDeviceID"":{""DriverName"":""FileRepository\\cdrom.inf_amd64_neutral_0b3d0d1942ab684b\\cdrom.inf"",""DriverVersion"":""6.1.7601.17514"",""DriverProvider"":""Microsoft"",""DeviceInstanceID"":""IDE\\CDROMNECVMWAR_VMWARE_SATA_CD01_______________1.00____\\6&amp;2848384C&amp;0&amp;1.0.0"",""SetupClass"":""4d36e965-e325-11ce-bfc1-08002be10318"",""RebootOption"":""False"",""UpgradeDevice"":""False"",""IsDriverOEM"":""False"",""InstallStatus"":""0x0"",""DriverDescription"":""CD-ROM Drive""}}}",,,,,,,,,,
2025-01-15 06:19:23.342607+00:00,Evtx,Service installation,428.0,20003.0,Info,Microsoft-Windows-UserPnp,System,1792.0,1900.0,37L4247F27-25,S-1-5-18,,,system32\drivers\MSPCLOCK.sys,False,"{""UserData"":{""AddServiceID"":{""ServiceName"":""MSPCLOCK"",""DriverFileName"":""system32\\drivers\\MSPCLOCK.sys"",""DeviceInstanceID"":""SW\\{97EBAACC-95BD-11D0-A3EA-00A0C9223196}\\{53172480-4791-11D0-A5D6-28DB04C10000}"",""PrimaryService"":""True"",""UpdateService"":""False"",""AddServiceStatus"":""0""}}}",,,,,,,,,,
2025-01-15 06:19:23.342607+00:00,Evtx,A new service was installed in the system,427.0,7045.0,Info,Service Control Manager,System,436.0,532.0,37L4247F27-25,S-1-5-18,,,system32\drivers\MSPCLOCK.sys,False,"{""EventData"":{""Data"":[{""@Name"":""ServiceName"",""#text"":""Microsoft Streaming Clock Proxy""},{""@Name"":""ImagePath"",""#text"":""system32\\drivers\\MSPCLOCK.sys""},{""@Name"":""ServiceType"",""#text"":""kernel mode driver""},{""@Name"":""StartType"",""#text"":""demand start""},{""@Name"":""AccountName""}]}}",,,,,,,,,,
2025-01-15 06:19:23.420607100+00:00,Evtx,Device installation,429.0,20001.0,Info,Microsoft-Windows-UserPnp,System,1792.0,1900.0,37L4247F27-25,S-1-5-18,,,FileRepository\ksfilter.inf_amd64_neutral_86311fdf78a07678\ksfilter.inf,False,"{""UserData"":{""InstallDeviceID"":{""DriverName"":""FileRepository\\ksfilter.inf_amd64_neutral_86311fdf78a07678\\ksfilter.inf"",""DriverVersion"":""6.1.7600.16385"",""DriverProvider"":""Microsoft"",""DeviceInstanceID"":""SW\\{97EBAACC-95BD-11D0-A3EA-00A0C9223196}\\{53172480-4791-11D0-A5D6-28DB04C10000}"",""SetupClass"":""4d36e96c-e325-11ce-bfc1-08002be10318"",""RebootOption"":""False"",""UpgradeDevice"":""False"",""IsDriverOEM"":""False"",""InstallStatus"":""0x0"",""DriverDescription"":""Microsoft Streaming Clock Proxy""}}}",,,,,,,,,,
2025-01-15 06:19:23.483007300+00:00,Evtx,A new service was installed in the system,430.0,7045.0,Info,Service Control Manager,System,436.0,524.0,37L4247F27-25,S-1-5-18,,,system32\drivers\MSPQM.sys,False,"{""EventData"":{""Data"":[{""@Name"":""ServiceName"",""#text"":""Microsoft Streaming Quality Manager Proxy""},{""@Name"":""ImagePath"",""#text"":""system32\\drivers\\MSPQM.sys""},{""@Name"":""ServiceType"",""#text"":""kernel mode driver""},{""@Name"":""StartType"",""#text"":""demand start""},{""@Name"":""AccountName""}]}}",,,,,,,,,,
2025-01-15 06:19:23.498607300+00:00,Evtx,Service installation,431.0,20003.0,Info,Microsoft-Windows-UserPnp,System,1904.0,1660.0,37L4247F27-25,S-1-5-18,,,system32\drivers\MSPQM.sys,False,"{""UserData"":{""AddServiceID"":{""ServiceName"":""MSPQM"",""DriverFileName"":""system32\\drivers\\MSPQM.sys"",""DeviceInstanceID"":""SW\\{DDF4358E-BB2C-11D0-A42F-00A0C9223196}\\{97EBAACB-95BD-11D0-A3EA-00A0C9223196}"",""PrimaryService"":""True"",""UpdateService"":""False"",""AddServiceStatus"":""0""}}}",,,,,,,,,,
2025-01-15 06:19:23.576607400+00:00,Evtx,Device installation,432.0,20001.0,Info,Microsoft-Windows-UserPnp,System,1904.0,1660.0,37L4247F27-25,S-1-5-18,,,FileRepository\ksfilter.inf_amd64_neutral_86311fdf78a07678\ksfilter.inf,False,"{""UserData"":{""InstallDeviceID"":{""DriverName"":""FileRepository\\ksfilter.inf_amd64_neutral_86311fdf78a07678\\ksfilter.inf"",""DriverVersion"":""6.1.7600.16385"",""DriverProvider"":""Microsoft"",""DeviceInstanceID"":""SW\\{DDF4358E-BB2C-11D0-A42F-00A0C9223196}\\{97EBAACB-95BD-11D0-A3EA-00A0C9223196}"",""SetupClass"":""4d36e96c-e325-11ce-bfc1-08002be10318"",""RebootOption"":""False"",""UpgradeDevice"":""False"",""IsDriverOEM"":""False"",""InstallStatus"":""0x0"",""DriverDescription"":""Microsoft Streaming Quality Manager Proxy""}}}",,,,,,,,,,
2025-01-15 06:19:23.623407500+00:00,Evtx,A new service was installed in the system,433.0,7045.0,Info,Service Control Manager,System,436.0,524.0,37L4247F27-25,S-1-5-18,,,system32\drivers\MSKSSRV.sys,False,"{""EventData"":{""Data"":[{""@Name"":""ServiceName"",""#text"":""Microsoft Streaming Service Proxy""},{""@Name"":""ImagePath"",""#text"":""system32\\drivers\\MSKSSRV.sys""},{""@Name"":""ServiceType"",""#text"":""kernel mode driver""},{""@Name"":""StartType"",""#text"":""demand start""},{""@Name"":""AccountName""}]}}",,,,,,,,,,
2025-01-15 06:19:23.670207600+00:00,Evtx,Service installation,434.0,20003.0,Info,Microsoft-Windows-UserPnp,System,1740.0,1864.0,37L4247F27-25,S-1-5-18,,,system32\drivers\MSKSSRV.sys,False,"{""UserData"":{""AddServiceID"":{""ServiceName"":""MSKSSRV"",""DriverFileName"":""system32\\drivers\\MSKSSRV.sys"",""DeviceInstanceID"":""SW\\{96E080C7-143C-11D1-B40F-00A0C9223196}\\{3C0D501A-140B-11D1-B40F-00A0C9223196}"",""PrimaryService"":""True"",""UpdateService"":""False"",""AddServiceStatus"":""0""}}}",,,,,,,,,,
2025-01-15 06:19:23.795007800+00:00,Evtx,Device installation,435.0,20001.0,Info,Microsoft-Windows-UserPnp,System,1740.0,1864.0,37L4247F27-25,S-1-5-18,,,FileRepository\ksfilter.inf_amd64_neutral_86311fdf78a07678\ksfilter.inf,False,"{""UserData"":{""InstallDeviceID"":{""DriverName"":""FileRepository\\ksfilter.inf_amd64_neutral_86311fdf78a07678\\ksfilter.inf"",""DriverVersion"":""6.1.7600.16385"",""DriverProvider"":""Microsoft"",""DeviceInstanceID"":""SW\\{96E080C7-143C-11D1-B40F-00A0C9223196}\\{3C0D501A-140B-11D1-B40F-00A0C9223196}"",""SetupClass"":""4d36e96c-e325-11ce-bfc1-08002be10318"",""RebootOption"":""False"",""UpgradeDevice"":""False"",""IsDriverOEM"":""False"",""InstallStatus"":""0x0"",""DriverDescription"":""Microsoft Streaming Service Proxy""}}}",,,,,,,,,,
2025-01-15 06:19:23.966608100+00:00,Evtx,A new service was installed in the system,436.0,7045.0,Info,Service Control Manager,System,436.0,524.0,37L4247F27-25,S-1-5-18,,,system32\drivers\MSTEE.sys,False,"{""EventData"":{""Data"":[{""@Name"":""ServiceName"",""#text"":""Microsoft Streaming Tee/Sink-to-Sink Converter""},{""@Name"":""ImagePath"",""#text"":""system32\\drivers\\MSTEE.sys""},{""@Name"":""ServiceType"",""#text"":""kernel mode driver""},{""@Name"":""StartType"",""#text"":""demand start""},{""@Name"":""AccountName""}]}}",,,,,,,,,,
2025-01-15 06:19:23.982208100+00:00,Evtx,Service installation,437.0,20003.0,Info,Microsoft-Windows-UserPnp,System,1796.0,1884.0,37L4247F27-25,S-1-5-18,,,system32\drivers\MSTEE.sys,False,"{""UserData"":{""AddServiceID"":{""ServiceName"":""MSTEE"",""DriverFileName"":""system32\\drivers\\MSTEE.sys"",""DeviceInstanceID"":""SW\\{CFD669F1-9BC2-11D0-8299-0000F822FE8A}\\{CF1DDA2C-9743-11D0-A3EE-00A0C9223196}"",""PrimaryService"":""True"",""UpdateService"":""False"",""AddServiceStatus"":""0""}}}",,,,,,,,,,
2025-01-15 06:19:24.216208500+00:00,Evtx,Device installation,438.0,20001.0,Info,Microsoft-Windows-UserPnp,System,1796.0,1884.0,37L4247F27-25,S-1-5-18,,,FileRepository\ksfilter.inf_amd64_neutral_86311fdf78a07678\ksfilter.inf,False,"{""UserData"":{""InstallDeviceID"":{""DriverName"":""FileRepository\\ksfilter.inf_amd64_neutral_86311fdf78a07678\\ksfilter.inf"",""DriverVersion"":""6.1.7600.16385"",""DriverProvider"":""Microsoft"",""DeviceInstanceID"":""SW\\{CFD669F1-9BC2-11D0-8299-0000F822FE8A}\\{CF1DDA2C-9743-11D0-A3EE-00A0C9223196}"",""SetupClass"":""4d36e96c-e325-11ce-bfc1-08002be10318"",""RebootOption"":""False"",""UpgradeDevice"":""False"",""IsDriverOEM"":""False"",""InstallStatus"":""0x0"",""DriverDescription"":""Microsoft Streaming Tee/Sink-to-Sink Converter""}}}",,,,,,,,,,
2025-01-15 06:19:24.247408600+00:00,Evtx,,3.0,1002.0,Warning,Microsoft-Windows-KnownFolders,Microsoft-Windows-Known Folders API Service,1944.0,1800.0,37L4247F27-25,S-1-5-18,,,,False,"{""EventData"":{""Data"":[{""@Name"":""hrError"",""#text"":""0x80070002""},{""@Name"":""FolderId"",""#text"":""fdd39ad0-238f-46af-adb4-6c85480369c7""},{""@Name"":""Path"",""#text"":""C:\\Windows\\system32\\config\\systemprofile\\Documents""}]}}",,,,,,,,,,
2025-01-15 06:19:24.247408600+00:00,Evtx,,3.0,1002.0,Warning,Microsoft-Windows-KnownFolders,Microsoft-Windows-Known Folders API Service,1944.0,1800.0,37L4247F27-25,S-1-5-18,,,,False,"{""EventData"":{""Data"":[{""@Name"":""hrError"",""#text"":""0x80070002""},{""@Name"":""FolderId"",""#text"":""fdd39ad0-238f-46af-adb4-6c85480369c7""},{""@Name"":""Path"",""#text"":""C:\\Windows\\system32\\config\\systemprofile\\Documents""}]}}",,,,,,,,,,
2025-01-15 06:19:24.278608700+00:00,Evtx,A new service was installed in the system,439.0,7045.0,Info,Service Control Manager,System,436.0,524.0,37L4247F27-25,S-1-5-18,,,system32\drivers\drmkaud.sys,False,"{""EventData"":{""Data"":[{""@Name"":""ServiceName"",""#text"":""Microsoft Trusted Audio Drivers""},{""@Name"":""ImagePath"",""#text"":""system32\\drivers\\drmkaud.sys""},{""@Name"":""ServiceType"",""#text"":""kernel mode driver""},{""@Name"":""StartType"",""#text"":""demand start""},{""@Name"":""AccountName""}]}}",,,,,,,,,,
2025-01-15 06:19:24.294208700+00:00,Evtx,Service installation,440.0,20003.0,Info,Microsoft-Windows-UserPnp,System,1944.0,1800.0,37L4247F27-25,S-1-5-18,,,system32\drivers\drmkaud.sys,False,"{""UserData"":{""AddServiceID"":{""ServiceName"":""drmkaud"",""DriverFileName"":""system32\\drivers\\drmkaud.sys"",""DeviceInstanceID"":""SW\\{EEC12DB6-AD9C-4168-8658-B03DAEF417FE}\\{ABD61E00-9350-47E2-A632-4438B90C6641}"",""PrimaryService"":""True"",""UpdateService"":""False"",""AddServiceStatus"":""0""}}}",,,,,,,,,,
2025-01-15 06:19:24.372208800+00:00,Evtx,Device installation,441.0,20001.0,Info,Microsoft-Windows-UserPnp,System,1944.0,1800.0,37L4247F27-25,S-1-5-18,,,FileRepository\wdmaudio.inf_amd64_neutral_423894ded0ba8fdf\wdmaudio.inf,False,"{""UserData"":{""InstallDeviceID"":{""DriverName"":""FileRepository\\wdmaudio.inf_amd64_neutral_423894ded0ba8fdf\\wdmaudio.inf"",""DriverVersion"":""6.1.7600.16385"",""DriverProvider"":""Microsoft"",""DeviceInstanceID"":""SW\\{EEC12DB6-AD9C-4168-8658-B03DAEF417FE}\\{ABD61E00-9350-47E2-A632-4438B90C6641}"",""SetupClass"":""4d36e96c-e325-11ce-bfc1-08002be10318"",""RebootOption"":""False"",""UpgradeDevice"":""False"",""IsDriverOEM"":""False"",""InstallStatus"":""0x0"",""DriverDescription"":""Microsoft Trusted Audio Drivers""}}}",,,,,,,,,,
2025-01-15 06:19:24.481409+00:00,Evtx,Service installation,442.0,20003.0,Info,Microsoft-Windows-UserPnp,System,1816.0,1912.0,37L4247F27-25,S-1-5-18,,,system32\DRIVERS\usbhub.sys,False,"{""UserData"":{""AddServiceID"":{""ServiceName"":""usbhub"",""DriverFileName"":""system32\\DRIVERS\\usbhub.sys"",""DeviceInstanceID"":""USB\\VID_0E0F&amp;PID_0002\\6&amp;B77DA92&amp;0&amp;2"",""PrimaryService"":""True"",""UpdateService"":""True"",""AddServiceStatus"":""0""}}}",,,,,,,,,,
2025-01-15 06:19:26.696612900+00:00,Evtx,Device installation,443.0,20001.0,Info,Microsoft-Windows-UserPnp,System,1816.0,1912.0,37L4247F27-25,S-1-5-18,,,FileRepository\usb.inf_amd64_neutral_269d7150439b3372\usb.inf,False,"{""UserData"":{""InstallDeviceID"":{""DriverName"":""FileRepository\\usb.inf_amd64_neutral_269d7150439b3372\\usb.inf"",""DriverVersion"":""6.1.7601.17514"",""DriverProvider"":""Microsoft"",""DeviceInstanceID"":""USB\\VID_0E0F&amp;PID_0002\\6&amp;B77DA92&amp;0&amp;2"",""SetupClass"":""36fc9e60-c465-11cf-8056-444553540000"",""RebootOption"":""False"",""UpgradeDevice"":""False"",""IsDriverOEM"":""False"",""InstallStatus"":""0x0"",""DriverDescription"":""Generic USB Hub""}}}",,,,,,,,,,
2025-01-15 06:19:26.759013+00:00,Evtx,Service installation,444.0,20003.0,Info,Microsoft-Windows-UserPnp,System,1848.0,1716.0,37L4247F27-25,S-1-5-18,,,system32\drivers\MSTEE.sys,False,"{""UserData"":{""AddServiceID"":{""ServiceName"":""MSTEE"",""DriverFileName"":""system32\\drivers\\MSTEE.sys"",""DeviceInstanceID"":""SW\\{CFD669F1-9BC2-11D0-8299-0000F822FE8A}\\{0A4252A0-7E70-11D0-A5D6-28DB04C10000}"",""PrimaryService"":""True"",""UpdateService"":""True"",""AddServiceStatus"":""0""}}}",,,,,,,,,,
2025-01-15 06:19:26.837013200+00:00,Evtx,Device installation,445.0,20001.0,Info,Microsoft-Windows-UserPnp,System,1848.0,1716.0,37L4247F27-25,S-1-5-18,,,FileRepository\ksfilter.inf_amd64_neutral_86311fdf78a07678\ksfilter.inf,False,"{""UserData"":{""InstallDeviceID"":{""DriverName"":""FileRepository\\ksfilter.inf_amd64_neutral_86311fdf78a07678\\ksfilter.inf"",""DriverVersion"":""6.1.7600.16385"",""DriverProvider"":""Microsoft"",""DeviceInstanceID"":""SW\\{CFD669F1-9BC2-11D0-8299-0000F822FE8A}\\{0A4252A0-7E70-11D0-A5D6-28DB04C10000}"",""SetupClass"":""4d36e96c-e325-11ce-bfc1-08002be10318"",""RebootOption"":""False"",""UpgradeDevice"":""False"",""IsDriverOEM"":""False"",""InstallStatus"":""0x0"",""DriverDescription"":""Microsoft Streaming Tee/Sink-to-Sink Converter""}}}",,,,,,,,,,
2025-01-15 06:19:26.899413300+00:00,Evtx,Service installation,446.0,20003.0,Info,Microsoft-Windows-UserPnp,System,1984.0,1300.0,37L4247F27-25,S-1-5-18,,,system32\DRIVERS\flpydisk.sys,False,"{""UserData"":{""AddServiceID"":{""ServiceName"":""flpydisk"",""DriverFileName"":""system32\\DRIVERS\\flpydisk.sys"",""DeviceInstanceID"":""FDC\\GENERIC_FLOPPY_DRIVE\\6&amp;3B4C39BD&amp;0&amp;0"",""PrimaryService"":""True"",""UpdateService"":""True"",""AddServiceStatus"":""0""}}}",,,,,,,,,,
2025-01-15 06:19:27.055413500+00:00,Evtx,Device installation,447.0,20001.0,Info,Microsoft-Windows-UserPnp,System,1984.0,1300.0,37L4247F27-25,S-1-5-18,,,FileRepository\flpydisk.inf_amd64_neutral_f54222cc59267e1e\flpydisk.inf,False,"{""UserData"":{""InstallDeviceID"":{""DriverName"":""FileRepository\\flpydisk.inf_amd64_neutral_f54222cc59267e1e\\flpydisk.inf"",""DriverVersion"":""6.1.7600.16385"",""DriverProvider"":""Microsoft"",""DeviceInstanceID"":""FDC\\GENERIC_FLOPPY_DRIVE\\6&amp;3B4C39BD&amp;0&amp;0"",""SetupClass"":""4d36e980-e325-11ce-bfc1-08002be10318"",""RebootOption"":""False"",""UpgradeDevice"":""False"",""IsDriverOEM"":""False"",""InstallStatus"":""0x0"",""DriverDescription"":""Floppy disk drive""}}}",,,,,,,,,,
2025-01-15 06:19:27.102213600+00:00,Evtx,Service installation,448.0,20003.0,Info,Microsoft-Windows-UserPnp,System,1888.0,2016.0,37L4247F27-25,S-1-5-18,,,system32\DRIVERS\usbccgp.sys,False,"{""UserData"":{""AddServiceID"":{""ServiceName"":""usbccgp"",""DriverFileName"":""system32\\DRIVERS\\usbccgp.sys"",""DeviceInstanceID"":""USB\\VID_0E0F&amp;PID_0003\\6&amp;B77DA92&amp;0&amp;1"",""PrimaryService"":""True"",""UpdateService"":""True"",""AddServiceStatus"":""0""}}}",,,,,,,,,,
2025-01-15 06:19:27.492214300+00:00,Evtx,Device installation,449.0,20001.0,Info,Microsoft-Windows-UserPnp,System,1888.0,2016.0,37L4247F27-25,S-1-5-18,,,FileRepository\usb.inf_amd64_neutral_269d7150439b3372\usb.inf,False,"{""UserData"":{""InstallDeviceID"":{""DriverName"":""FileRepository\\usb.inf_amd64_neutral_269d7150439b3372\\usb.inf"",""DriverVersion"":""6.1.7601.17514"",""DriverProvider"":""Microsoft"",""DeviceInstanceID"":""USB\\VID_0E0F&amp;PID_0003\\6&amp;B77DA92&amp;0&amp;1"",""SetupClass"":""36fc9e60-c465-11cf-8056-444553540000"",""RebootOption"":""False"",""UpgradeDevice"":""False"",""IsDriverOEM"":""False"",""InstallStatus"":""0x0"",""DriverDescription"":""USB Composite Device""}}}",,,,,,,,,,
2025-01-15 06:19:27.819814900+00:00,Evtx,Service installation,450.0,20003.0,Info,Microsoft-Windows-UserPnp,System,556.0,1764.0,37L4247F27-25,S-1-5-18,,,system32\DRIVERS\hidusb.sys,False,"{""UserData"":{""AddServiceID"":{""ServiceName"":""HidUsb"",""DriverFileName"":""system32\\DRIVERS\\hidusb.sys"",""DeviceInstanceID"":""USB\\VID_0E0F&amp;PID_0003&amp;MI_00\\7&amp;2A7D3009&amp;0&amp;0000"",""PrimaryService"":""True"",""UpdateService"":""True"",""AddServiceStatus"":""0""}}}",,,,,,,,,,
2025-01-15 06:19:27.975815200+00:00,Evtx,Device installation,451.0,20001.0,Info,Microsoft-Windows-UserPnp,System,556.0,1764.0,37L4247F27-25,S-1-5-18,,,FileRepository\input.inf_amd64_neutral_8693053514b10ee9\input.inf,False,"{""UserData"":{""InstallDeviceID"":{""DriverName"":""FileRepository\\input.inf_amd64_neutral_8693053514b10ee9\\input.inf"",""DriverVersion"":""6.1.7601.17514"",""DriverProvider"":""Microsoft"",""DeviceInstanceID"":""USB\\VID_0E0F&amp;PID_0003&amp;MI_00\\7&amp;2A7D3009&amp;0&amp;0000"",""SetupClass"":""745a17a0-74d3-11d0-b6fe-00a0c90f57da"",""RebootOption"":""False"",""UpgradeDevice"":""False"",""IsDriverOEM"":""False"",""InstallStatus"":""0x0"",""DriverDescription"":""USB Input Device""}}}",,,,,,,,,,
2025-01-15 06:19:28.069415300+00:00,Evtx,Service installation,452.0,20003.0,Info,Microsoft-Windows-UserPnp,System,1872.0,332.0,37L4247F27-25,S-1-5-18,,,system32\DRIVERS\hidusb.sys,False,"{""UserData"":{""AddServiceID"":{""ServiceName"":""HidUsb"",""DriverFileName"":""system32\\DRIVERS\\hidusb.sys"",""DeviceInstanceID"":""USB\\VID_0E0F&amp;PID_0003&amp;MI_01\\7&amp;2A7D3009&amp;0&amp;0001"",""PrimaryService"":""True"",""UpdateService"":""True"",""AddServiceStatus"":""0""}}}",,,,,,,,,,
2025-01-15 06:19:28.225415600+00:00,Evtx,Device installation,453.0,20001.0,Info,Microsoft-Windows-UserPnp,System,1872.0,332.0,37L4247F27-25,S-1-5-18,,,FileRepository\input.inf_amd64_neutral_8693053514b10ee9\input.inf,False,"{""UserData"":{""InstallDeviceID"":{""DriverName"":""FileRepository\\input.inf_amd64_neutral_8693053514b10ee9\\input.inf"",""DriverVersion"":""6.1.7601.17514"",""DriverProvider"":""Microsoft"",""DeviceInstanceID"":""USB\\VID_0E0F&amp;PID_0003&amp;MI_01\\7&amp;2A7D3009&amp;0&amp;0001"",""SetupClass"":""745a17a0-74d3-11d0-b6fe-00a0c90f57da"",""RebootOption"":""False"",""UpgradeDevice"":""False"",""IsDriverOEM"":""False"",""InstallStatus"":""0x0"",""DriverDescription"":""USB Input Device""}}}",,,,,,,,,,
2025-01-15 06:19:28.490616100+00:00,Evtx,Service installation,454.0,20003.0,Info,Microsoft-Windows-UserPnp,System,1180.0,1552.0,37L4247F27-25,S-1-5-18,,,system32\DRIVERS\mouhid.sys,False,"{""UserData"":{""AddServiceID"":{""ServiceName"":""mouhid"",""DriverFileName"":""system32\\DRIVERS\\mouhid.sys"",""DeviceInstanceID"":""HID\\VID_0E0F&amp;PID_0003&amp;MI_01\\8&amp;2F818F48&amp;0&amp;0000"",""PrimaryService"":""True"",""UpdateService"":""True"",""AddServiceStatus"":""0""}}}",,,,,,,,,,
2025-01-15 06:19:28.490616100+00:00,Evtx,Service installation,455.0,20003.0,Info,Microsoft-Windows-UserPnp,System,1180.0,1552.0,37L4247F27-25,S-1-5-18,,,system32\DRIVERS\mouclass.sys,False,"{""UserData"":{""AddServiceID"":{""ServiceName"":""mouclass"",""DriverFileName"":""system32\\DRIVERS\\mouclass.sys"",""DeviceInstanceID"":""HID\\VID_0E0F&amp;PID_0003&amp;MI_01\\8&amp;2F818F48&amp;0&amp;0000"",""PrimaryService"":""False"",""UpdateService"":""True"",""AddServiceStatus"":""0""}}}",,,,,,,,,,
2025-01-15 06:19:28.662216400+00:00,Evtx,Device installation,456.0,20001.0,Info,Microsoft-Windows-UserPnp,System,1180.0,1552.0,37L4247F27-25,S-1-5-18,,,FileRepository\msmouse.inf_amd64_neutral_7a5f47d3150cc0eb\msmouse.inf,False,"{""UserData"":{""InstallDeviceID"":{""DriverName"":""FileRepository\\msmouse.inf_amd64_neutral_7a5f47d3150cc0eb\\msmouse.inf"",""DriverVersion"":""6.1.7600.16385"",""DriverProvider"":""Microsoft"",""DeviceInstanceID"":""HID\\VID_0E0F&amp;PID_0003&amp;MI_01\\8&amp;2F818F48&amp;0&amp;0000"",""SetupClass"":""4d36e96f-e325-11ce-bfc1-08002be10318"",""RebootOption"":""False"",""UpgradeDevice"":""False"",""IsDriverOEM"":""False"",""InstallStatus"":""0x0"",""DriverDescription"":""HID-compliant mouse""}}}",,,,,,,,,,
2025-01-15 06:19:28.787016600+00:00,Evtx,Service installation,458.0,20003.0,Info,Microsoft-Windows-UserPnp,System,1908.0,528.0,37L4247F27-25,S-1-5-18,,,system32\DRIVERS\mouclass.sys,False,"{""UserData"":{""AddServiceID"":{""ServiceName"":""mouclass"",""DriverFileName"":""system32\\DRIVERS\\mouclass.sys"",""DeviceInstanceID"":""HID\\VID_0E0F&amp;PID_0003&amp;MI_00\\8&amp;17BE0303&amp;0&amp;0000"",""PrimaryService"":""False"",""UpdateService"":""True"",""AddServiceStatus"":""0""}}}",,,,,,,,,,
2025-01-15 06:19:28.787016600+00:00,Evtx,Service installation,457.0,20003.0,Info,Microsoft-Windows-UserPnp,System,1908.0,528.0,37L4247F27-25,S-1-5-18,,,system32\DRIVERS\mouhid.sys,False,"{""UserData"":{""AddServiceID"":{""ServiceName"":""mouhid"",""DriverFileName"":""system32\\DRIVERS\\mouhid.sys"",""DeviceInstanceID"":""HID\\VID_0E0F&amp;PID_0003&amp;MI_00\\8&amp;17BE0303&amp;0&amp;0000"",""PrimaryService"":""True"",""UpdateService"":""True"",""AddServiceStatus"":""0""}}}",,,,,,,,,,
2025-01-15 06:19:28.943016800+00:00,Evtx,Device installation,459.0,20001.0,Info,Microsoft-Windows-UserPnp,System,1908.0,528.0,37L4247F27-25,S-1-5-18,,,FileRepository\msmouse.inf_amd64_neutral_7a5f47d3150cc0eb\msmouse.inf,False,"{""UserData"":{""InstallDeviceID"":{""DriverName"":""FileRepository\\msmouse.inf_amd64_neutral_7a5f47d3150cc0eb\\msmouse.inf"",""DriverVersion"":""6.1.7600.16385"",""DriverProvider"":""Microsoft"",""DeviceInstanceID"":""HID\\VID_0E0F&amp;PID_0003&amp;MI_00\\8&amp;17BE0303&amp;0&amp;0000"",""SetupClass"":""4d36e96f-e325-11ce-bfc1-08002be10318"",""RebootOption"":""False"",""UpgradeDevice"":""False"",""IsDriverOEM"":""False"",""InstallStatus"":""0x0"",""DriverDescription"":""HID-compliant mouse""}}}",,,,,,,,,,
2025-01-15 06:19:30.487419600+00:00,Evtx,A user account was changed,21.0,4738.0,LogAlways,Microsoft-Windows-Security-Auditing,Security,452.0,500.0,37L4247F27-25,,WORKGROUP\37L4247F27-25$,,,False,"{""EventData"":{""Data"":[{""@Name"":""Dummy"",""#text"":""-""},{""@Name"":""TargetUserName"",""#text"":""Administrator""},{""@Name"":""TargetDomainName"",""#text"":""37L4247F27-25""},{""@Name"":""TargetSid"",""#text"":""S-1-5-21-1074993871-1730380631-692495208-500""},{""@Name"":""SubjectUserSid"",""#text"":""S-1-5-18""},{""@Name"":""SubjectUserName"",""#text"":""37L4247F27-25$""},{""@Name"":""SubjectDomainName"",""#text"":""WORKGROUP""},{""@Name"":""SubjectLogonId"",""#text"":""0x3E7""},{""@Name"":""PrivilegeList"",""#text"":""-""},{""@Name"":""SamAccountName"",""#text"":""-""},{""@Name"":""DisplayName"",""#text"":""-""},{""@Name"":""UserPrincipalName"",""#text"":""-""},{""@Name"":""HomeDirectory"",""#text"":""-""},{""@Name"":""HomePath"",""#text"":""-""},{""@Name"":""ScriptPath"",""#text"":""-""},{""@Name"":""ProfilePath"",""#text"":""-""},{""@Name"":""UserWorkstations"",""#text"":""-""},{""@Name"":""PasswordLastSet"",""#text"":""-""},{""@Name"":""AccountExpires"",""#text"":""-""},{""@Name"":""PrimaryGroupId"",""#text"":""-""},{""@Name"":""AllowedToDelegateTo"",""#text"":""-""},{""@Name"":""OldUacValue"",""#text"":""0x211""},{""@Name"":""NewUacValue"",""#text"":""0x211""},{""@Name"":""UserAccountControl"",""#text"":""-""},{""@Name"":""UserParameters"",""#text"":""-""},{""@Name"":""SidHistory"",""#text"":""-""},{""@Name"":""LogonHours"",""#text"":""-""}]}}",,,,,,,,,,
2025-01-15 06:19:33.888225500+00:00,Evtx,Service started or stopped,460.0,7036.0,Info,Service Control Manager,System,436.0,532.0,37L4247F27-25,,,,,False,"{""EventData"":{""Data"":[{""@Name"":""param1"",""#text"":""Software Protection""},{""@Name"":""param2"",""#text"":""running""}],""Binary"":""73-00-70-00-70-00-73-00-76-00-63-00-2F-00-34-00-00-00""}}",,,,,,,,,,
2025-01-15 06:19:46.071846900+00:00,Evtx,Service started or stopped,461.0,7036.0,Info,Service Control Manager,System,436.0,864.0,37L4247F27-25,,,,,False,"{""EventData"":{""Data"":[{""@Name"":""param1"",""#text"":""Microsoft .NET Framework NGEN v2.0.50727_X86""},{""@Name"":""param2"",""#text"":""running""}],""Binary"":""63-00-6C-00-72-00-5F-00-6F-00-70-00-74-00-69-00-6D-00-69-00-7A-00-61-00-74-00-69-00-6F-00-6E-00-5F-00-76-00-32-00-2E-00-30-00-2E-00-35-00-30-00-37-00-32-00-37-00-5F-00-33-00-32-00-2F-00-34-00-00-00""}}",,,,,,,,,,
2025-01-15 06:19:46.103047+00:00,Evtx,Start type of a service has changed,462.0,7040.0,Info,Service Control Manager,System,436.0,864.0,37L4247F27-25,S-1-5-18,,,clr_optimization_v2.0.50727_32,False,"{""EventData"":{""Data"":[{""@Name"":""param1"",""#text"":""Microsoft .NET Framework NGEN v2.0.50727_X86""},{""@Name"":""param2"",""#text"":""demand start""},{""@Name"":""param3"",""#text"":""auto start""},{""@Name"":""param4"",""#text"":""clr_optimization_v2.0.50727_32""}]}}",,,,,,,,,,
2025-01-15 06:19:46.149847100+00:00,Evtx,,463.0,20010.0,Info,Microsoft-Windows-UserPnp,System,564.0,572.0,37L4247F27-25,S-1-5-18,,,,False,"{""UserData"":{""INFO_PNP_STATE"":{""InstallSubsystemState"":""True"",""CachingSubsystemState"":""True""}}}",,,,,,,,,,
2025-01-15 06:19:46.149847100+00:00,Evtx,Service started or stopped,464.0,7036.0,Info,Service Control Manager,System,436.0,532.0,37L4247F27-25,,,,,False,"{""EventData"":{""Data"":[{""@Name"":""param1"",""#text"":""Microsoft .NET Framework NGEN v2.0.50727_X64""},{""@Name"":""param2"",""#text"":""running""}],""Binary"":""63-00-6C-00-72-00-5F-00-6F-00-70-00-74-00-69-00-6D-00-69-00-7A-00-61-00-74-00-69-00-6F-00-6E-00-5F-00-76-00-32-00-2E-00-30-00-2E-00-35-00-30-00-37-00-32-00-37-00-5F-00-36-00-34-00-2F-00-34-00-00-00""}}",,,,,,,,,,
2025-01-15 06:19:46.165447100+00:00,Evtx,Start type of a service has changed,465.0,7040.0,Info,Service Control Manager,System,436.0,1128.0,37L4247F27-25,S-1-5-18,,,clr_optimization_v2.0.50727_64,False,"{""EventData"":{""Data"":[{""@Name"":""param1"",""#text"":""Microsoft .NET Framework NGEN v2.0.50727_X64""},{""@Name"":""param2"",""#text"":""demand start""},{""@Name"":""param3"",""#text"":""auto start""},{""@Name"":""param4"",""#text"":""clr_optimization_v2.0.50727_64""}]}}",,,,,,,,,,
2025-01-15 06:19:50+00:00,Evtx,A user initiated a system restart,466.0,1074.0,Info,USER32,System,0.0,0.0,37L4247F27-25,S-1-5-18,,,,False,"{""EventData"":{""Data"":""C:\\Windows\\system32\\winlogon.exe (37L4247F27-25), WIN-3M6ADARIMNH, Operating System: Upgrade (Planned), 0x80020003, restart, NT AUTHORITY\\SYSTEM"",""Binary"":""03-00-02-80-00-00-00-00-00-00-00-00-00-00-00-00-00-00-00-00-00-00-00-00-00-00-00-00-00-00-00-00-00-00-00-00-00-00-00-00""}}",,,,,,,,,,
2025-01-15 06:19:50.127854100+00:00,Evtx,Successful logon,23.0,4624.0,LogAlways,Microsoft-Windows-Security-Auditing,Security,452.0,500.0,37L4247F27-25,,WORKGROUP\37L4247F27-25$, (-),C:\Windows\System32\services.exe,False,"{""EventData"":{""Data"":[{""@Name"":""SubjectUserSid"",""#text"":""S-1-5-18""},{""@Name"":""SubjectUserName"",""#text"":""37L4247F27-25$""},{""@Name"":""SubjectDomainName"",""#text"":""WORKGROUP""},{""@Name"":""SubjectLogonId"",""#text"":""0x3E7""},{""@Name"":""TargetUserSid"",""#text"":""S-1-5-18""},{""@Name"":""TargetUserName"",""#text"":""SYSTEM""},{""@Name"":""TargetDomainName"",""#text"":""NT AUTHORITY""},{""@Name"":""TargetLogonId"",""#text"":""0x3E7""},{""@Name"":""LogonType"",""#text"":""5""},{""@Name"":""LogonProcessName"",""#text"":""Advapi  ""},{""@Name"":""AuthenticationPackageName"",""#text"":""Negotiate""},{""@Name"":""WorkstationName""},{""@Name"":""LogonGuid"",""#text"":""00000000-0000-0000-0000-000000000000""},{""@Name"":""TransmittedServices"",""#text"":""-""},{""@Name"":""LmPackageName"",""#text"":""-""},{""@Name"":""KeyLength"",""#text"":""0""},{""@Name"":""ProcessId"",""#text"":""0x1B4""},{""@Name"":""ProcessName"",""#text"":""C:\\Windows\\System32\\services.exe""},{""@Name"":""IpAddress"",""#text"":""-""},{""@Name"":""IpPort"",""#text"":""-""}]}}",,,,,,,,,,
2025-01-15 06:19:50.127854100+00:00,Evtx,Administrative logon,24.0,4672.0,LogAlways,Microsoft-Windows-Security-Auditing,Security,452.0,500.0,37L4247F27-25,,NT AUTHORITY\SYSTEM (S-1-5-18),,,False,"{""EventData"":{""Data"":[{""@Name"":""SubjectUserSid"",""#text"":""S-1-5-18""},{""@Name"":""SubjectUserName"",""#text"":""SYSTEM""},{""@Name"":""SubjectDomainName"",""#text"":""NT AUTHORITY""},{""@Name"":""SubjectLogonId"",""#text"":""0x3E7""},{""@Name"":""PrivilegeList"",""#text"":""SeAssignPrimaryTokenPrivilege, SeTcbPrivilege, SeSecurityPrivilege, SeTakeOwnershipPrivilege, SeLoadDriverPrivilege, SeBackupPrivilege, SeRestorePrivilege, SeDebugPrivilege, SeAuditPrivilege, SeSystemEnvironmentPrivilege, SeImpersonatePrivilege""}]}}",,,,,,,,,,
2025-01-15 06:19:50.252654300+00:00,Evtx,Service started or stopped,468.0,7036.0,Info,Service Control Manager,System,436.0,532.0,37L4247F27-25,,,,,False,"{""EventData"":{""Data"":[{""@Name"":""param1"",""#text"":""Volume Shadow Copy""},{""@Name"":""param2"",""#text"":""running""}],""Binary"":""56-00-53-00-53-00-2F-00-34-00-00-00""}}",,,,,,,,,,
2025-01-15 06:19:50.268254300+00:00,Evtx,Successful logon,25.0,4624.0,LogAlways,Microsoft-Windows-Security-Auditing,Security,452.0,500.0,37L4247F27-25,,WORKGROUP\37L4247F27-25$, (-),C:\Windows\System32\services.exe,False,"{""EventData"":{""Data"":[{""@Name"":""SubjectUserSid"",""#text"":""S-1-5-18""},{""@Name"":""SubjectUserName"",""#text"":""37L4247F27-25$""},{""@Name"":""SubjectDomainName"",""#text"":""WORKGROUP""},{""@Name"":""SubjectLogonId"",""#text"":""0x3E7""},{""@Name"":""TargetUserSid"",""#text"":""S-1-5-18""},{""@Name"":""TargetUserName"",""#text"":""SYSTEM""},{""@Name"":""TargetDomainName"",""#text"":""NT AUTHORITY""},{""@Name"":""TargetLogonId"",""#text"":""0x3E7""},{""@Name"":""LogonType"",""#text"":""5""},{""@Name"":""LogonProcessName"",""#text"":""Advapi  ""},{""@Name"":""AuthenticationPackageName"",""#text"":""Negotiate""},{""@Name"":""WorkstationName""},{""@Name"":""LogonGuid"",""#text"":""00000000-0000-0000-0000-000000000000""},{""@Name"":""TransmittedServices"",""#text"":""-""},{""@Name"":""LmPackageName"",""#text"":""-""},{""@Name"":""KeyLength"",""#text"":""0""},{""@Name"":""ProcessId"",""#text"":""0x1B4""},{""@Name"":""ProcessName"",""#text"":""C:\\Windows\\System32\\services.exe""},{""@Name"":""IpAddress"",""#text"":""-""},{""@Name"":""IpPort"",""#text"":""-""}]}}",,,,,,,,,,
2025-01-15 06:19:50.268254300+00:00,Evtx,Administrative logon,26.0,4672.0,LogAlways,Microsoft-Windows-Security-Auditing,Security,452.0,500.0,37L4247F27-25,,NT AUTHORITY\SYSTEM (S-1-5-18),,,False,"{""EventData"":{""Data"":[{""@Name"":""SubjectUserSid"",""#text"":""S-1-5-18""},{""@Name"":""SubjectUserName"",""#text"":""SYSTEM""},{""@Name"":""SubjectDomainName"",""#text"":""NT AUTHORITY""},{""@Name"":""SubjectLogonId"",""#text"":""0x3E7""},{""@Name"":""PrivilegeList"",""#text"":""SeAssignPrimaryTokenPrivilege, SeTcbPrivilege, SeSecurityPrivilege, SeTakeOwnershipPrivilege, SeLoadDriverPrivilege, SeBackupPrivilege, SeRestorePrivilege, SeDebugPrivilege, SeAuditPrivilege, SeSystemEnvironmentPrivilege, SeImpersonatePrivilege""}]}}",,,,,,,,,,
2025-01-15 06:19:50.330654400+00:00,Evtx,Service started or stopped,469.0,7036.0,Info,Service Control Manager,System,436.0,1128.0,37L4247F27-25,,,,,False,"{""EventData"":{""Data"":[{""@Name"":""param1"",""#text"":""Microsoft Software Shadow Copy Provider""},{""@Name"":""param2"",""#text"":""running""}],""Binary"":""73-00-77-00-70-00-72-00-76-00-2F-00-34-00-00-00""}}",,,,,,,,,,
2025-01-15 06:19:50.517854700+00:00,Evtx,,471.0,2004.0,Info,Microsoft-Windows-Setup,System,724.0,728.0,37L4247F27-25,S-1-5-18,,,,False,"{""EventData"":{""Data"":[{""@Name"":""OS Name"",""#text"":""Windows 7 Home Basic""},{""@Name"":""OS EditionID"",""#text"":""HomeBasic""},{""@Name"":""OS major version"",""#text"":""6""},{""@Name"":""OS minor version"",""#text"":""1""},{""@Name"":""OS build version"",""#text"":""7601""},{""@Name"":""OS service pack Name"",""#text"":""Service Pack 1""},{""@Name"":""OS service pack major version"",""#text"":""1""},{""@Name"":""OS service pack minor version"",""#text"":""0""}]}}",,,,,,,,,,
2025-01-15 06:19:50.517854700+00:00,Evtx,,470.0,2003.0,Info,Microsoft-Windows-Setup,System,724.0,728.0,37L4247F27-25,S-1-5-18,,,,False,"{""EventData"":{""Data"":[{""@Name"":""Host OS Name"",""#text"":""Windows (TM) Code Name \""Longhorn\"" Preinstallation Environment""},{""@Name"":""Install was an upgrade"",""#text"":""False""},{""@Name"":""Host OS was Windows PE"",""#text"":""True""},{""@Name"":""Host OS major version"",""#text"":""6""},{""@Name"":""Host OS minor version"",""#text"":""1""},{""@Name"":""Host OS build version"",""#text"":""7601""},{""@Name"":""Host OS service pack Name"",""#text"":""Service Pack 1""},{""@Name"":""Host OS service pack major version"",""#text"":""1""},{""@Name"":""Host OS service pack minor version"",""#text"":""0""}]}}",,,,,,,,,,
