2025-01-14 14:20:42.563226600+00:00,Evtx,,2.0,5.0,Info,Microsoft-Windows-User Profiles Service,Microsoft-Windows-User Profile Service/Operational,904.0,828.0,WIN-3M6ADARIMNH,S-1-5-18,,,,False,"{""EventData"":{""Data"":[{""@Name"":""File"",""#text"":""C:\\Users\\victim machine\\ntuser.dat""},{""@Name"":""Key"",""#text"":""S-1-5-21-1074993871-1730380631-692495208-1000""}]}}",,,,,,,,,,
2025-01-14 14:20:42.563226600+00:00,Registry,User Shell Folders | Displays where a user's Shell folders are mapped to,,,,,,,,,,,,,,,NtUser,User Activity,CMI-CreateHive{D43B12B8-09B5-40DB-B4F6-F6DFEB78DAEC}\Software\Microsoft\Windows\CurrentVersion\Explorer\User Shell Folders,AppData,RegExpandSz,%USERPROFILE%\AppData\Roaming,,,False,False
2025-01-14 14:20:42.563226600+00:00,Registry,User Shell Folders | Displays where a user's Shell folders are mapped to,,,,,,,,,,,,,,,NtUser,User Activity,CMI-CreateHive{D43B12B8-09B5-40DB-B4F6-F6DFEB78DAEC}\Software\Microsoft\Windows\CurrentVersion\Explorer\User Shell Folders,SendTo,RegExpandSz,%USERPROFILE%\AppData\Roaming\Microsoft\Windows\SendTo,,,False,False
2025-01-14 14:20:42.563226600+00:00,Registry,User Shell Folders | Displays where a user's Shell folders are mapped to,,,,,,,,,,,,,,,NtUser,User Activity,CMI-CreateHive{D43B12B8-09B5-40DB-B4F6-F6DFEB78DAEC}\Software\Microsoft\Windows\CurrentVersion\Explorer\User Shell Folders,PrintHood,RegExpandSz,%USERPROFILE%\AppData\Roaming\Microsoft\Windows\Printer Shortcuts,,,False,False
2025-01-14 14:20:42.563226600+00:00,Registry,User Shell Folders | Displays where a user's Shell folders are mapped to,,,,,,,,,,,,,,,NtUser,User Activity,CMI-CreateHive{D43B12B8-09B5-40DB-B4F6-F6DFEB78DAEC}\Software\Microsoft\Windows\CurrentVersion\Explorer\User Shell Folders,Start Menu,RegExpandSz,%USERPROFILE%\AppData\Roaming\Microsoft\Windows\Start Menu,,,False,False
2025-01-14 14:20:42.563226600+00:00,Registry,User Shell Folders | Displays where a user's Shell folders are mapped to,,,,,,,,,,,,,,,NtUser,User Activity,CMI-CreateHive{D43B12B8-09B5-40DB-B4F6-F6DFEB78DAEC}\Software\Microsoft\Windows\CurrentVersion\Explorer\User Shell Folders,Templates,RegExpandSz,%USERPROFILE%\AppData\Roaming\Microsoft\Windows\Templates,,,False,False
2025-01-14 14:20:42.563226600+00:00,Registry,User Shell Folders | Displays where a user's Shell folders are mapped to,,,,,,,,,,,,,,,NtUser,User Activity,CMI-CreateHive{D43B12B8-09B5-40DB-B4F6-F6DFEB78DAEC}\Software\Microsoft\Windows\CurrentVersion\Explorer\User Shell Folders,Startup,RegExpandSz,%USERPROFILE%\AppData\Roaming\Microsoft\Windows\Start Menu\Programs\Startup,,,False,False
2025-01-14 14:20:42.563226600+00:00,Registry,User Shell Folders | Displays where a user's Shell folders are mapped to,,,,,,,,,,,,,,,NtUser,User Activity,CMI-CreateHive{D43B12B8-09B5-40DB-B4F6-F6DFEB78DAEC}\Software\Microsoft\Windows\CurrentVersion\Explorer\User Shell Folders,Recent,RegExpandSz,%USERPROFILE%\AppData\Roaming\Microsoft\Windows\Recent,,,False,False
2025-01-14 14:20:42.563226600+00:00,Registry,User Shell Folders | Displays where a user's Shell folders are mapped to,,,,,,,,,,,,,,,NtUser,User Activity,CMI-CreateHive{D43B12B8-09B5-40DB-B4F6-F6DFEB78DAEC}\Software\Microsoft\Windows\CurrentVersion\Explorer\User Shell Folders,Programs,RegExpandSz,%USERPROFILE%\AppData\Roaming\Microsoft\Windows\Start Menu\Programs,,,False,False
2025-01-14 14:20:42.563226600+00:00,Registry,User Shell Folders | Displays where a user's Shell folders are mapped to,,,,,,,,,,,,,,,NtUser,User Activity,CMI-CreateHive{D43B12B8-09B5-40DB-B4F6-F6DFEB78DAEC}\Software\Microsoft\Windows\CurrentVersion\Explorer\User Shell Folders,Personal,RegExpandSz,%USERPROFILE%\Documents,,,False,False
2025-01-14 14:20:42.563226600+00:00,Registry,User Shell Folders | Displays where a user's Shell folders are mapped to,,,,,,,,,,,,,,,NtUser,User Activity,CMI-CreateHive{D43B12B8-09B5-40DB-B4F6-F6DFEB78DAEC}\Software\Microsoft\Windows\CurrentVersion\Explorer\User Shell Folders,My Video,RegExpandSz,%USERPROFILE%\Videos,,,False,False
2025-01-14 14:20:42.563226600+00:00,Registry,User Shell Folders | Displays where a user's Shell folders are mapped to,,,,,,,,,,,,,,,NtUser,User Activity,CMI-CreateHive{D43B12B8-09B5-40DB-B4F6-F6DFEB78DAEC}\Software\Microsoft\Windows\CurrentVersion\Explorer\User Shell Folders,My Pictures,RegExpandSz,%USERPROFILE%\Pictures,,,False,False
2025-01-14 14:20:42.563226600+00:00,Registry,User Shell Folders | Displays where a user's Shell folders are mapped to,,,,,,,,,,,,,,,NtUser,User Activity,CMI-CreateHive{D43B12B8-09B5-40DB-B4F6-F6DFEB78DAEC}\Software\Microsoft\Windows\CurrentVersion\Explorer\User Shell Folders,NetHood,RegExpandSz,%USERPROFILE%\AppData\Roaming\Microsoft\Windows\Network Shortcuts,,,False,False
2025-01-14 14:20:42.563226600+00:00,Registry,User Shell Folders | Displays where a user's Shell folders are mapped to,,,,,,,,,,,,,,,NtUser,User Activity,CMI-CreateHive{D43B12B8-09B5-40DB-B4F6-F6DFEB78DAEC}\Software\Microsoft\Windows\CurrentVersion\Explorer\User Shell Folders,Local AppData,RegExpandSz,%USERPROFILE%\AppData\Local,,,False,False
2025-01-14 14:20:42.563226600+00:00,Registry,User Shell Folders | Displays where a user's Shell folders are mapped to,,,,,,,,,,,,,,,NtUser,User Activity,CMI-CreateHive{D43B12B8-09B5-40DB-B4F6-F6DFEB78DAEC}\Software\Microsoft\Windows\CurrentVersion\Explorer\User Shell Folders,History,RegExpandSz,%USERPROFILE%\AppData\Local\Microsoft\Windows\History,,,False,False
2025-01-14 14:20:42.563226600+00:00,Registry,User Shell Folders | Displays where a user's Shell folders are mapped to,,,,,,,,,,,,,,,NtUser,User Activity,CMI-CreateHive{D43B12B8-09B5-40DB-B4F6-F6DFEB78DAEC}\Software\Microsoft\Windows\CurrentVersion\Explorer\User Shell Folders,Favorites,RegExpandSz,%USERPROFILE%\Favorites,,,False,False
2025-01-14 14:20:42.563226600+00:00,Registry,User Shell Folders | Displays where a user's Shell folders are mapped to,,,,,,,,,,,,,,,NtUser,User Activity,CMI-CreateHive{D43B12B8-09B5-40DB-B4F6-F6DFEB78DAEC}\Software\Microsoft\Windows\CurrentVersion\Explorer\User Shell Folders,Desktop,RegExpandSz,%USERPROFILE%\Desktop,,,False,False
2025-01-14 14:20:42.563226600+00:00,Registry,User Shell Folders | Displays where a user's Shell folders are mapped to,,,,,,,,,,,,,,,NtUser,User Activity,CMI-CreateHive{D43B12B8-09B5-40DB-B4F6-F6DFEB78DAEC}\Software\Microsoft\Windows\CurrentVersion\Explorer\User Shell Folders,Cookies,RegExpandSz,%USERPROFILE%\AppData\Roaming\Microsoft\Windows\Cookies,,,False,False
2025-01-14 14:20:42.563226600+00:00,Registry,User Shell Folders | Displays where a user's Shell folders are mapped to,,,,,,,,,,,,,,,NtUser,User Activity,CMI-CreateHive{D43B12B8-09B5-40DB-B4F6-F6DFEB78DAEC}\Software\Microsoft\Windows\CurrentVersion\Explorer\User Shell Folders,Cache,RegExpandSz,%USERPROFILE%\AppData\Local\Microsoft\Windows\Temporary Internet Files,,,False,False
2025-01-14 14:20:42.563226600+00:00,Registry,User Shell Folders | Displays where a user's Shell folders are mapped to,,,,,,,,,,,,,,,NtUser,User Activity,CMI-CreateHive{D43B12B8-09B5-40DB-B4F6-F6DFEB78DAEC}\Software\Microsoft\Windows\CurrentVersion\Explorer\User Shell Folders,{374DE290-123F-4565-9164-39C4925E467B},RegExpandSz,%USERPROFILE%\Downloads,,,False,False
2025-01-14 14:20:42.563226600+00:00,Registry,User Shell Folders | Displays where a user's Shell folders are mapped to,,,,,,,,,,,,,,,NtUser,User Activity,CMI-CreateHive{D43B12B8-09B5-40DB-B4F6-F6DFEB78DAEC}\Software\Microsoft\Windows\CurrentVersion\Explorer\User Shell Folders,My Music,RegExpandSz,%USERPROFILE%\Music,,,False,False
2025-01-14 14:20:43.015627400+00:00,Evtx,,3.0,5.0,Info,Microsoft-Windows-User Profiles Service,Microsoft-Windows-User Profile Service/Operational,904.0,828.0,WIN-3M6ADARIMNH,S-1-5-18,,,,False,"{""EventData"":{""Data"":[{""@Name"":""File"",""#text"":""C:\\Users\\victim machine\\AppData\\Local\\Microsoft\\Windows\\\\UsrClass.dat""},{""@Name"":""Key"",""#text"":""S-1-5-21-1074993871-1730380631-692495208-1000_Classes""}]}}",,,,,,,,,,
2025-01-14 14:20:43.046827400+00:00,Evtx,,22.0,5312.0,Info,Microsoft-Windows-GroupPolicy,Microsoft-Windows-GroupPolicy/Operational,904.0,1896.0,WIN-3M6ADARIMNH,S-1-5-18,,,,False,"{""EventData"":{""Data"":[{""@Name"":""DescriptionString"",""#text"":""None""},{""@Name"":""GPOInfoList""}]}}",,,,,,,,,,
2025-01-14 14:20:43.046827400+00:00,Evtx,,23.0,5313.0,Info,Microsoft-Windows-GroupPolicy,Microsoft-Windows-GroupPolicy/Operational,904.0,1896.0,WIN-3M6ADARIMNH,S-1-5-18,,,,False,"{""EventData"":{""Data"":[{""@Name"":""DescriptionString"",""#text"":""Local Group Policy, Not Applied (Empty), ""},{""@Name"":""GPOInfoList"",""#text"":""&lt;GPO ID=\""Local Group Policy\""&gt;&lt;Name&gt;Local Group Policy&lt;/Name&gt;&lt;Version&gt;0&lt;/Version&gt;&lt;SOM&gt;Local&lt;/SOM&gt;&lt;FSPath&gt;C:\\Windows\\System32\\GroupPolicy\\User&lt;/FSPath&gt;&lt;Reason&gt;NOTAPPLIED-EMPTY&lt;/Reason&gt;&lt;/GPO&gt;""}]}}",,,,,,,,,,
2025-01-14 14:20:43.046827400+00:00,Evtx,An account was logged on,4.0,2.0,Info,Microsoft-Windows-User Profiles Service,Microsoft-Windows-User Profile Service/Operational,904.0,1140.0,WIN-3M6ADARIMNH,S-1-5-21-1074993871-1730380631-692495208-1000,,,,False,"{""EventData"":{""Data"":{""@Name"":""Session"",""#text"":""1""}}}",,,,,,,,,,
2025-01-14 14:20:43.046827400+00:00,Evtx,,19.0,5324.0,Info,Microsoft-Windows-GroupPolicy,Microsoft-Windows-GroupPolicy/Operational,904.0,1140.0,WIN-3M6ADARIMNH,S-1-5-18,,,,False,"{""EventData"":{""Data"":[{""@Name"":""NotificationType"",""#text"":""1""},{""@Name"":""SessionId"",""#text"":""1""}]}}",,,,,,,,,,
2025-01-14 14:20:43.046827400+00:00,Evtx,,20.0,4001.0,Info,Microsoft-Windows-GroupPolicy,Microsoft-Windows-GroupPolicy/Operational,904.0,1896.0,WIN-3M6ADARIMNH,S-1-5-18,,,,False,"{""EventData"":{""Data"":[{""@Name"":""PolicyActivityId"",""#text"":""0121f283-ce32-4307-81f4-9641706966f3""},{""@Name"":""PrincipalSamName"",""#text"":""WIN-3M6ADARIMNH\\victim machine""},{""@Name"":""IsMachine"",""#text"":""0""},{""@Name"":""IsDomainJoined"",""#text"":""False""},{""@Name"":""IsBackgroundProcessing"",""#text"":""False""},{""@Name"":""IsAsyncProcessing"",""#text"":""False""},{""@Name"":""IsServiceRestart"",""#text"":""False""},{""@Name"":""ReasonForSyncProcessing"",""#text"":""1""}]}}",,,,,,,,,,
2025-01-14 14:20:43.046827400+00:00,Evtx,,21.0,5311.0,Info,Microsoft-Windows-GroupPolicy,Microsoft-Windows-GroupPolicy/Operational,904.0,1896.0,WIN-3M6ADARIMNH,S-1-5-21-1074993871-1730380631-692495208-1000,,,,False,"{""EventData"":{""Data"":{""@Name"":""PolicyProcessingMode"",""#text"":""0""}}}",,,,,,,,,,
2025-01-14 14:20:43.124827600+00:00,Evtx,,24.0,5320.0,Info,Microsoft-Windows-GroupPolicy,Microsoft-Windows-GroupPolicy/Operational,904.0,1896.0,WIN-3M6ADARIMNH,S-1-5-18,,,,False,"{""EventData"":{""Data"":{""@Name"":""InfoDescription"",""#text"":""%%4161""}}}",,,,,,,,,,
2025-01-14 14:20:43.124827600+00:00,Evtx,,25.0,5320.0,Info,Microsoft-Windows-GroupPolicy,Microsoft-Windows-GroupPolicy/Operational,904.0,1896.0,WIN-3M6ADARIMNH,S-1-5-18,,,,False,"{""EventData"":{""Data"":{""@Name"":""InfoDescription"",""#text"":""%%4163""}}}",,,,,,,,,,
2025-01-14 14:20:43.124827600+00:00,Evtx,,26.0,5320.0,Info,Microsoft-Windows-GroupPolicy,Microsoft-Windows-GroupPolicy/Operational,904.0,1896.0,WIN-3M6ADARIMNH,S-1-5-18,,,,False,"{""EventData"":{""Data"":{""@Name"":""InfoDescription"",""#text"":""%%4165""}}}",,,,,,,,,,
2025-01-14 14:20:43.140427600+00:00,Evtx,Group Policy Settings processed successfully for USER,555.0,1501.0,Info,Microsoft-Windows-GroupPolicy,System,904.0,1896.0,WIN-3M6ADARIMNH,S-1-5-21-1074993871-1730380631-692495208-1000,,,,False,"{""EventData"":{""Data"":[{""@Name"":""SupportInfo1"",""#text"":""1""},{""@Name"":""SupportInfo2"",""#text"":""3182""},{""@Name"":""ProcessingMode"",""#text"":""1""},{""@Name"":""ProcessingTimeInMilliseconds"",""#text"":""78""},{""@Name"":""DCName""}]}}",,,,,,,,,,
2025-01-14 14:20:43.140427600+00:00,Evtx,Remote Desktop Services: Session logon succeeded,1.0,21.0,Info,Microsoft-Windows-TerminalServices-LocalSessionManager,Microsoft-Windows-TerminalServices-LocalSessionManager/Operational,460.0,704.0,WIN-3M6ADARIMNH,S-1-5-18,WIN-3M6ADARIMNH\victim machine,LOCAL,,False,"{""UserData"":{""EventXML"":{""User"":""WIN-3M6ADARIMNH\\victim machine"",""SessionID"":""1"",""Address"":""LOCAL""}}}",,,,,,,,,,
2025-01-14 14:20:43.140427600+00:00,Evtx,,27.0,8001.0,Info,Microsoft-Windows-GroupPolicy,Microsoft-Windows-GroupPolicy/Operational,904.0,1896.0,WIN-3M6ADARIMNH,S-1-5-18,,,,False,"{""EventData"":{""Data"":[{""@Name"":""PolicyElaspedTimeInSeconds"",""#text"":""0""},{""@Name"":""ErrorCode"",""#text"":""0""},{""@Name"":""PrincipalSamName"",""#text"":""WIN-3M6ADARIMNH\\victim machine""},{""@Name"":""IsMachine"",""#text"":""0""},{""@Name"":""IsConnectivityFailure"",""#text"":""False""}]}}",,,,,,,,,,
2025-01-14 14:20:43.826828800+00:00,Evtx,,28.0,5324.0,Info,Microsoft-Windows-GroupPolicy,Microsoft-Windows-GroupPolicy/Operational,904.0,828.0,WIN-3M6ADARIMNH,S-1-5-18,,,,False,"{""EventData"":{""Data"":[{""@Name"":""NotificationType"",""#text"":""3""},{""@Name"":""SessionId"",""#text"":""1""}]}}",,,,,,,,,,
2025-01-14 14:20:43.858028900+00:00,Evtx,Remote Desktop Services: Shell start notification received,2.0,22.0,Info,Microsoft-Windows-TerminalServices-LocalSessionManager,Microsoft-Windows-TerminalServices-LocalSessionManager/Operational,460.0,1912.0,WIN-3M6ADARIMNH,S-1-5-18,WIN-3M6ADARIMNH\victim machine,LOCAL,,False,"{""UserData"":{""EventXML"":{""User"":""WIN-3M6ADARIMNH\\victim machine"",""SessionID"":""1"",""Address"":""LOCAL""}}}",,,,,,,,,,
2025-01-14 14:20:44.653630300+00:00,Evtx,,2.0,1001.0,Info,Microsoft-Windows-Resource-Exhaustion-Detector,Microsoft-Windows-Resource-Exhaustion-Detector/Operational,1100.0,1452.0,WIN-3M6ADARIMNH,S-1-5-19,,,,False,"{""EventData"":""""}",,,,,,,,,,
2025-01-14 14:20:45.043630900+00:00,Evtx,Service started or stopped,556.0,7036.0,Info,Service Control Manager,System,432.0,1432.0,WIN-3M6ADARIMNH,,,,,False,"{""EventData"":{""Data"":[{""@Name"":""param1"",""#text"":""Application Information""},{""@Name"":""param2"",""#text"":""running""}],""Binary"":""41-00-70-00-70-00-69-00-6E-00-66-00-6F-00-2F-00-34-00-00-00""}}",,,,,,,,,,
2025-01-14 14:20:46.915634200+00:00,Evtx,Service installation,557.0,20003.0,Info,Microsoft-Windows-UserPnp,System,1988.0,1996.0,WIN-3M6ADARIMNH,S-1-5-18,,,system32\DRIVERS\umbus.sys,False,"{""UserData"":{""AddServiceID"":{""ServiceName"":""umbus"",""DriverFileName"":""system32\\DRIVERS\\umbus.sys"",""DeviceInstanceID"":""UMB\\UMB\\1&amp;841921D&amp;0&amp;PRINTERBUSENUMERATOR"",""PrimaryService"":""True"",""UpdateService"":""True"",""AddServiceStatus"":""0""}}}",,,,,,,,,,
2025-01-14 14:20:47.087234500+00:00,Evtx,Device installation,558.0,20001.0,Info,Microsoft-Windows-UserPnp,System,1988.0,1996.0,WIN-3M6ADARIMNH,S-1-5-18,,,FileRepository\umbus.inf_amd64_neutral_2d4257afa2e35253\umbus.inf,False,"{""UserData"":{""InstallDeviceID"":{""DriverName"":""FileRepository\\umbus.inf_amd64_neutral_2d4257afa2e35253\\umbus.inf"",""DriverVersion"":""6.1.7601.17514"",""DriverProvider"":""Microsoft"",""DeviceInstanceID"":""UMB\\UMB\\1&amp;841921D&amp;0&amp;PRINTERBUSENUMERATOR"",""SetupClass"":""4d36e97d-e325-11ce-bfc1-08002be10318"",""RebootOption"":""False"",""UpgradeDevice"":""False"",""IsDriverOEM"":""False"",""InstallStatus"":""0x0"",""DriverDescription"":""UMBus Enumerator""}}}",,,,,,,,,,
2025-01-14 14:20:47.383635100+00:00,Evtx,Service installation,559.0,20003.0,Info,Microsoft-Windows-UserPnp,System,876.0,832.0,WIN-3M6ADARIMNH,S-1-5-18,,,system32\DRIVERS\asyncmac.sys,False,"{""UserData"":{""AddServiceID"":{""ServiceName"":""AsyncMac"",""DriverFileName"":""system32\\DRIVERS\\asyncmac.sys"",""DeviceInstanceID"":""SW\\{EEAB7790-C514-11D1-B42B-00805FC1270E}\\ASYNCMAC"",""PrimaryService"":""True"",""UpdateService"":""True"",""AddServiceStatus"":""0""}}}",,,,,,,,,,
2025-01-14 14:20:48.070036300+00:00,Evtx,Device installation,560.0,20001.0,Info,Microsoft-Windows-UserPnp,System,876.0,832.0,WIN-3M6ADARIMNH,S-1-5-18,,,,False,"{""UserData"":{""InstallDeviceID"":{""DriverName"":"""",""DriverVersion"":""6.1.7601.17514"",""DriverProvider"":""Microsoft"",""DeviceInstanceID"":""SW\\{EEAB7790-C514-11D1-B42B-00805FC1270E}\\ASYNCMAC"",""SetupClass"":""4d36e972-e325-11ce-bfc1-08002be10318"",""RebootOption"":""False"",""UpgradeDevice"":""True"",""IsDriverOEM"":""False"",""InstallStatus"":""0x0"",""DriverDescription"":""RAS Async Adapter""}}}",,,,,,,,,,
2025-01-14 14:20:48.101236300+00:00,Evtx,Service started or stopped,561.0,7036.0,Info,Service Control Manager,System,432.0,532.0,WIN-3M6ADARIMNH,,,,,False,"{""EventData"":{""Data"":[{""@Name"":""param1"",""#text"":""Windows Search""},{""@Name"":""param2"",""#text"":""running""}],""Binary"":""57-00-53-00-65-00-61-00-72-00-63-00-68-00-2F-00-34-00-00-00""}}",,,,,,,,,,
2025-01-14 14:20:48.522437100+00:00,Evtx,,91.0,4739.0,LogAlways,Microsoft-Windows-Security-Auditing,Security,452.0,504.0,WIN-3M6ADARIMNH,,,,,False,"{""EventData"":{""Data"":[{""@Name"":""DomainPolicyChanged"",""#text"":""Password Policy""},{""@Name"":""DomainName"",""#text"":""WIN-3M6ADARIMNH""},{""@Name"":""DomainSid"",""#text"":""S-1-5-21-1074993871-1730380631-692495208""},{""@Name"":""SubjectUserSid"",""#text"":""S-1-5-21-1074993871-1730380631-692495208-1000""},{""@Name"":""SubjectUserName"",""#text"":""victim machine""},{""@Name"":""SubjectDomainName"",""#text"":""WIN-3M6ADARIMNH""},{""@Name"":""SubjectLogonId"",""#text"":""0x2DB11""},{""@Name"":""PrivilegeList"",""#text"":""-""},{""@Name"":""MinPasswordAge""},{""@Name"":""MaxPasswordAge""},{""@Name"":""ForceLogoff""},{""@Name"":""LockoutThreshold""},{""@Name"":""LockoutObservationWindow"",""#text"":""-""},{""@Name"":""LockoutDuration"",""#text"":""-""},{""@Name"":""PasswordProperties"",""#text"":""-""},{""@Name"":""MinPasswordLength"",""#text"":""-""},{""@Name"":""PasswordHistoryLength"",""#text"":""-""},{""@Name"":""MachineAccountQuota"",""#text"":""0""},{""@Name"":""MixedDomainMode"",""#text"":""0""},{""@Name"":""DomainBehaviorVersion"",""#text"":""0""},{""@Name"":""OemInformation"",""#text"":""-""}]}}",,,,,,,,,,
2025-01-14 14:20:48.522437100+00:00,Evtx,,92.0,4739.0,LogAlways,Microsoft-Windows-Security-Auditing,Security,452.0,504.0,WIN-3M6ADARIMNH,,,,,False,"{""EventData"":{""Data"":[{""@Name"":""DomainPolicyChanged"",""#text"":""Logoff Policy""},{""@Name"":""DomainName"",""#text"":""WIN-3M6ADARIMNH""},{""@Name"":""DomainSid"",""#text"":""S-1-5-21-1074993871-1730380631-692495208""},{""@Name"":""SubjectUserSid"",""#text"":""S-1-5-21-1074993871-1730380631-692495208-1000""},{""@Name"":""SubjectUserName"",""#text"":""victim machine""},{""@Name"":""SubjectDomainName"",""#text"":""WIN-3M6ADARIMNH""},{""@Name"":""SubjectLogonId"",""#text"":""0x2DB11""},{""@Name"":""PrivilegeList"",""#text"":""-""},{""@Name"":""MinPasswordAge"",""#text"":""-""},{""@Name"":""MaxPasswordAge"",""#text"":""-""},{""@Name"":""ForceLogoff"",""#text"":""-""},{""@Name"":""LockoutThreshold"",""#text"":""-""},{""@Name"":""LockoutObservationWindow"",""#text"":""-""},{""@Name"":""LockoutDuration"",""#text"":""-""},{""@Name"":""PasswordProperties"",""#text"":""-""},{""@Name"":""MinPasswordLength"",""#text"":""-""},{""@Name"":""PasswordHistoryLength"",""#text"":""-""},{""@Name"":""MachineAccountQuota"",""#text"":""-""},{""@Name"":""MixedDomainMode"",""#text"":""-""},{""@Name"":""DomainBehaviorVersion"",""#text"":""-""},{""@Name"":""OemInformation"",""#text"":""-""}]}}",,,,,,,,,,
2025-01-14 14:20:49.754839200+00:00,Evtx,,4.0,1002.0,Warning,Microsoft-Windows-KnownFolders,Microsoft-Windows-Known Folders API Service,832.0,1780.0,WIN-3M6ADARIMNH,S-1-5-21-1074993871-1730380631-692495208-1000,,,,False,"{""EventData"":{""Data"":[{""@Name"":""hrError"",""#text"":""0x80070003""},{""@Name"":""FolderId"",""#text"":""7b0db17d-9cd2-4a93-9733-46cc89022e7c""},{""@Name"":""Path"",""#text"":""C:\\Users\\victim machine\\AppData\\Roaming\\Microsoft\\Windows\\Libraries\\Documents.library-ms""}]}}",,,,,,,,,,
2025-01-14 14:20:49.754839200+00:00,Evtx,,4.0,1002.0,Warning,Microsoft-Windows-KnownFolders,Microsoft-Windows-Known Folders API Service,832.0,1780.0,WIN-3M6ADARIMNH,S-1-5-21-1074993871-1730380631-692495208-1000,,,,False,"{""EventData"":{""Data"":[{""@Name"":""hrError"",""#text"":""0x80070003""},{""@Name"":""FolderId"",""#text"":""7b0db17d-9cd2-4a93-9733-46cc89022e7c""},{""@Name"":""Path"",""#text"":""C:\\Users\\victim machine\\AppData\\Roaming\\Microsoft\\Windows\\Libraries\\Documents.library-ms""}]}}",,,,,,,,,,
2025-01-14 14:20:55.620449500+00:00,Evtx,Service started or stopped,562.0,7036.0,Info,Service Control Manager,System,432.0,1432.0,WIN-3M6ADARIMNH,,,,,False,"{""EventData"":{""Data"":[{""@Name"":""param1"",""#text"":""Protected Storage""},{""@Name"":""param2"",""#text"":""running""}],""Binary"":""50-00-72-00-6F-00-74-00-65-00-63-00-74-00-65-00-64-00-53-00-74-00-6F-00-72-00-61-00-67-00-65-00-2F-00-34-00-00-00""}}",,,,,,,,,,
2025-01-14 14:21:15.974766800+00:00,Evtx,Service started or stopped,563.0,7036.0,Info,Service Control Manager,System,432.0,1432.0,WIN-3M6ADARIMNH,,,,,False,"{""EventData"":{""Data"":[{""@Name"":""param1"",""#text"":""Network Connections""},{""@Name"":""param2"",""#text"":""running""}],""Binary"":""4E-00-65-00-74-00-6D-00-61-00-6E-00-2F-00-34-00-00-00""}}",,,,,,,,,,
2025-01-14 14:21:23.306779600+00:00,Evtx,,2.0,1015.0,Info,Microsoft-Windows-ReadyBoost,Microsoft-Windows-ReadyBoost/Operational,880.0,1768.0,WIN-3M6ADARIMNH,S-1-5-18,,,,False,"{""EventData"":{""Data"":[{""@Name"":""RB_IoReadBytes"",""#text"":""749826560""},{""@Name"":""RB_CacheHitBytes"",""#text"":""0""},{""@Name"":""RB_PrefetchBytes"",""#text"":""0""},{""@Name"":""RB_CacheHitPercentage"",""#text"":""0""},{""@Name"":""RB_IoReadCount"",""#text"":""26466""},{""@Name"":""RB_CacheHitCount"",""#text"":""0""},{""@Name"":""RB_PrefetchReadCount"",""#text"":""0""},{""@Name"":""RB_PrefetchDiskTimeUs"",""#text"":""0""}]}}",,,,,,,,,,
2025-01-14 14:21:23.306779600+00:00,Evtx,,2.0,1015.0,Info,Microsoft-Windows-ReadyBoost,Microsoft-Windows-ReadyBoost/Operational,880.0,1768.0,WIN-3M6ADARIMNH,S-1-5-18,,,,False,"{""EventData"":{""Data"":[{""@Name"":""RB_IoReadBytes"",""#text"":""749826560""},{""@Name"":""RB_CacheHitBytes"",""#text"":""0""},{""@Name"":""RB_PrefetchBytes"",""#text"":""0""},{""@Name"":""RB_CacheHitPercentage"",""#text"":""0""},{""@Name"":""RB_IoReadCount"",""#text"":""26466""},{""@Name"":""RB_CacheHitCount"",""#text"":""0""},{""@Name"":""RB_PrefetchReadCount"",""#text"":""0""},{""@Name"":""RB_PrefetchDiskTimeUs"",""#text"":""0""}]}}",,,,,,,,,,
2025-01-14 14:21:24.632782+00:00,Evtx,,3.0,1016.0,Info,Microsoft-Windows-ReadyBoost,Microsoft-Windows-ReadyBoost/Operational,880.0,1768.0,WIN-3M6ADARIMNH,S-1-5-18,,,,False,"{""EventData"":{""Data"":[{""@Name"":""BootPlanTimestamp"",""#text"":""2025-01-14 22:21:22.9791791""},{""@Name"":""ErrorCode"",""#text"":""0""},{""@Name"":""Duration (ms)"",""#text"":""1654""},{""@Name"":""Reason"",""#text"":""0""}]}}",,,,,,,,,,
2025-01-14 14:21:24.632782+00:00,Evtx,,3.0,1016.0,Info,Microsoft-Windows-ReadyBoost,Microsoft-Windows-ReadyBoost/Operational,880.0,1768.0,WIN-3M6ADARIMNH,S-1-5-18,,,,False,"{""EventData"":{""Data"":[{""@Name"":""BootPlanTimestamp"",""#text"":""2025-01-14 22:21:22.9791791""},{""@Name"":""ErrorCode"",""#text"":""0""},{""@Name"":""Duration (ms)"",""#text"":""1654""},{""@Name"":""Reason"",""#text"":""0""}]}}",,,,,,,,,,
2025-01-14 14:22:16.424872900+00:00,Evtx,,6.0,105.0,Info,Microsoft-Windows-Diagnosis-DPS,Microsoft-Windows-Diagnosis-DPS/Operational,1100.0,1452.0,WIN-3M6ADARIMNH,S-1-5-19,,,,False,"{""EventData"":{""Data"":[{""@Name"":""ScenarioId"",""#text"":""86432a0b-3c7d-4ddf-a89c-172faa90485d""},{""@Name"":""InstanceId"",""#text"":""483f048a-6944-4eea-a9cd-f16e634767f1""},{""@Name"":""OriginalActivityId"",""#text"":""86432a0b-3c7d-4ddf-a89c-172faa90485d""},{""@Name"":""DiagnosticModuleImageName"",""#text"":""%SystemRoot%\\system32\\diagperf.dll""},{""@Name"":""DiagnosticModuleId"",""#text"":""c8544339-5be9-4f25-862e-485f1b1a6935""}]}}",,,,,,,,,,
2025-01-14 14:22:16.424872900+00:00,Evtx,,5.0,100.0,Info,Microsoft-Windows-Diagnosis-DPS,Microsoft-Windows-Diagnosis-DPS/Operational,1100.0,1452.0,WIN-3M6ADARIMNH,S-1-5-19,,,,False,"{""EventData"":{""Data"":[{""@Name"":""ScenarioId"",""#text"":""86432a0b-3c7d-4ddf-a89c-172faa90485d""},{""@Name"":""InstanceId"",""#text"":""483f048a-6944-4eea-a9cd-f16e634767f1""},{""@Name"":""OriginalActivityId"",""#text"":""86432a0b-3c7d-4ddf-a89c-172faa90485d""},{""@Name"":""DiagnosticModuleImageName"",""#text"":""%SystemRoot%\\system32\\diagperf.dll""},{""@Name"":""DiagnosticModuleId"",""#text"":""c8544339-5be9-4f25-862e-485f1b1a6935""}]}}",,,,,,,,,,
2025-01-14 14:22:16.580873200+00:00,Evtx,,7.0,110.0,Info,Microsoft-Windows-Diagnosis-DPS,Microsoft-Windows-Diagnosis-DPS/Operational,1100.0,1444.0,WIN-3M6ADARIMNH,S-1-5-19,,,,False,"{""EventData"":{""Data"":[{""@Name"":""ScenarioId"",""#text"":""2698178d-fdad-40ae-9d3c-1371703adc5b""},{""@Name"":""InstanceId"",""#text"":""6169b93a-ae7e-4d21-8714-3bdfdcad1db2""},{""@Name"":""OriginalActivityId"",""#text"":""2698178d-fdad-40ae-9d3c-1371703adc5b""},{""@Name"":""DiagnosticModuleImageName"",""#text"":""%SystemRoot%\\system32\\diagperf.dll""},{""@Name"":""DiagnosticModuleId"",""#text"":""15fba3b8-a37a-4f91-bdba-fbb98fe804bf""}]}}",,,,,,,,,,
2025-01-14 14:22:16.752473500+00:00,Evtx,,8.0,110.0,Info,Microsoft-Windows-Diagnosis-DPS,Microsoft-Windows-Diagnosis-DPS/Operational,1100.0,1452.0,WIN-3M6ADARIMNH,S-1-5-19,,,,False,"{""EventData"":{""Data"":[{""@Name"":""ScenarioId"",""#text"":""86432a0b-3c7d-4ddf-a89c-172faa90485d""},{""@Name"":""InstanceId"",""#text"":""483f048a-6944-4eea-a9cd-f16e634767f1""},{""@Name"":""OriginalActivityId"",""#text"":""86432a0b-3c7d-4ddf-a89c-172faa90485d""},{""@Name"":""DiagnosticModuleImageName"",""#text"":""%SystemRoot%\\system32\\diagperf.dll""},{""@Name"":""DiagnosticModuleId"",""#text"":""c8544339-5be9-4f25-862e-485f1b1a6935""}]}}",,,,,,,,,,
2025-01-14 14:22:33.070102200+00:00,Evtx,Service started or stopped,564.0,7036.0,Info,Service Control Manager,System,432.0,532.0,WIN-3M6ADARIMNH,,,,,False,"{""EventData"":{""Data"":[{""@Name"":""param1"",""#text"":""Background Intelligent Transfer Service""},{""@Name"":""param2"",""#text"":""running""}],""Binary"":""42-00-49-00-54-00-53-00-2F-00-34-00-00-00""}}",,,,,,,,,,
2025-01-14 14:22:33.272902500+00:00,Evtx,Service started or stopped,565.0,7036.0,Info,Service Control Manager,System,432.0,876.0,WIN-3M6ADARIMNH,,,,,False,"{""EventData"":{""Data"":[{""@Name"":""param1"",""#text"":""SSDP Discovery""},{""@Name"":""param2"",""#text"":""running""}],""Binary"":""53-00-53-00-44-00-50-00-53-00-52-00-56-00-2F-00-34-00-00-00""}}",,,,,,,,,,
2025-01-14 14:22:33.366502700+00:00,Evtx,Service started or stopped,566.0,7036.0,Info,Service Control Manager,System,432.0,876.0,WIN-3M6ADARIMNH,,,,,False,"{""EventData"":{""Data"":[{""@Name"":""param1"",""#text"":""Microsoft .NET Framework NGEN v2.0.50727_X86""},{""@Name"":""param2"",""#text"":""running""}],""Binary"":""63-00-6C-00-72-00-5F-00-6F-00-70-00-74-00-69-00-6D-00-69-00-7A-00-61-00-74-00-69-00-6F-00-6E-00-5F-00-76-00-32-00-2E-00-30-00-2E-00-35-00-30-00-37-00-32-00-37-00-5F-00-33-00-32-00-2F-00-34-00-00-00""}}",,,,,,,,,,
2025-01-14 14:22:33.616103100+00:00,Evtx,,1.0,306.0,Verbose,Microsoft-Windows-Bits-Client,Microsoft-Windows-Bits-Client/Operational,904.0,540.0,WIN-3M6ADARIMNH,S-1-5-18,,,,False,"{""EventData"":""""}",,,,,,,,,,
2025-01-14 14:22:33.616103100+00:00,Evtx,,1.0,306.0,Verbose,Microsoft-Windows-Bits-Client,Microsoft-Windows-Bits-Client/Operational,904.0,540.0,WIN-3M6ADARIMNH,S-1-5-18,,,,False,"{""EventData"":""""}",,,,,,,,,,
2025-01-14 14:22:33.709703300+00:00,Evtx,Service started or stopped,567.0,7036.0,Info,Service Control Manager,System,432.0,876.0,WIN-3M6ADARIMNH,,,,,False,"{""EventData"":{""Data"":[{""@Name"":""param1"",""#text"":""Microsoft .NET Framework NGEN v2.0.50727_X64""},{""@Name"":""param2"",""#text"":""running""}],""Binary"":""63-00-6C-00-72-00-5F-00-6F-00-70-00-74-00-69-00-6D-00-69-00-7A-00-61-00-74-00-69-00-6F-00-6E-00-5F-00-76-00-32-00-2E-00-30-00-2E-00-35-00-30-00-37-00-32-00-37-00-5F-00-36-00-34-00-2F-00-34-00-00-00""}}",,,,,,,,,,
2025-01-14 14:22:33.834503500+00:00,Evtx,Service started or stopped,568.0,7036.0,Info,Service Control Manager,System,432.0,876.0,WIN-3M6ADARIMNH,,,,,False,"{""EventData"":{""Data"":[{""@Name"":""param1"",""#text"":""Windows Font Cache Service""},{""@Name"":""param2"",""#text"":""running""}],""Binary"":""46-00-6F-00-6E-00-74-00-43-00-61-00-63-00-68-00-65-00-2F-00-34-00-00-00""}}",,,,,,,,,,
2025-01-14 14:22:33.865703600+00:00,Evtx,Successful logon,93.0,4624.0,LogAlways,Microsoft-Windows-Security-Auditing,Security,452.0,1832.0,WIN-3M6ADARIMNH,,WORKGROUP\WIN-3M6ADARIMNH$, (-),C:\Windows\System32\services.exe,False,"{""EventData"":{""Data"":[{""@Name"":""SubjectUserSid"",""#text"":""S-1-5-18""},{""@Name"":""SubjectUserName"",""#text"":""WIN-3M6ADARIMNH$""},{""@Name"":""SubjectDomainName"",""#text"":""WORKGROUP""},{""@Name"":""SubjectLogonId"",""#text"":""0x3E7""},{""@Name"":""TargetUserSid"",""#text"":""S-1-5-18""},{""@Name"":""TargetUserName"",""#text"":""SYSTEM""},{""@Name"":""TargetDomainName"",""#text"":""NT AUTHORITY""},{""@Name"":""TargetLogonId"",""#text"":""0x3E7""},{""@Name"":""LogonType"",""#text"":""5""},{""@Name"":""LogonProcessName"",""#text"":""Advapi  ""},{""@Name"":""AuthenticationPackageName"",""#text"":""Negotiate""},{""@Name"":""WorkstationName""},{""@Name"":""LogonGuid"",""#text"":""00000000-0000-0000-0000-000000000000""},{""@Name"":""TransmittedServices"",""#text"":""-""},{""@Name"":""LmPackageName"",""#text"":""-""},{""@Name"":""KeyLength"",""#text"":""0""},{""@Name"":""ProcessId"",""#text"":""0x1B0""},{""@Name"":""ProcessName"",""#text"":""C:\\Windows\\System32\\services.exe""},{""@Name"":""IpAddress"",""#text"":""-""},{""@Name"":""IpPort"",""#text"":""-""}]}}",,,,,,,,,,
2025-01-14 14:22:33.865703600+00:00,Evtx,Administrative logon,94.0,4672.0,LogAlways,Microsoft-Windows-Security-Auditing,Security,452.0,1832.0,WIN-3M6ADARIMNH,,NT AUTHORITY\SYSTEM (S-1-5-18),,,False,"{""EventData"":{""Data"":[{""@Name"":""SubjectUserSid"",""#text"":""S-1-5-18""},{""@Name"":""SubjectUserName"",""#text"":""SYSTEM""},{""@Name"":""SubjectDomainName"",""#text"":""NT AUTHORITY""},{""@Name"":""SubjectLogonId"",""#text"":""0x3E7""},{""@Name"":""PrivilegeList"",""#text"":""SeAssignPrimaryTokenPrivilege, SeTcbPrivilege, SeSecurityPrivilege, SeTakeOwnershipPrivilege, SeLoadDriverPrivilege, SeBackupPrivilege, SeRestorePrivilege, SeDebugPrivilege, SeAuditPrivilege, SeSystemEnvironmentPrivilege, SeImpersonatePrivilege""}]}}",,,,,,,,,,
2025-01-14 14:22:34.084103900+00:00,Evtx,Service started or stopped,569.0,7036.0,Info,Service Control Manager,System,432.0,876.0,WIN-3M6ADARIMNH,,,,,False,"{""EventData"":{""Data"":[{""@Name"":""param1"",""#text"":""Windows Defender""},{""@Name"":""param2"",""#text"":""running""}],""Binary"":""57-00-69-00-6E-00-44-00-65-00-66-00-65-00-6E-00-64-00-2F-00-34-00-00-00""}}",,,,,,,,,,
2025-01-14 14:22:34.224504200+00:00,Evtx,Service started or stopped,570.0,7036.0,Info,Service Control Manager,System,432.0,876.0,WIN-3M6ADARIMNH,,,,,False,"{""EventData"":{""Data"":[{""@Name"":""param1"",""#text"":""Security Center""},{""@Name"":""param2"",""#text"":""running""}],""Binary"":""77-00-73-00-63-00-73-00-76-00-63-00-2F-00-34-00-00-00""}}",,,,,,,,,,
2025-01-14 14:22:34.427304500+00:00,Evtx,,2.0,101.0,LogAlways,Microsoft-Windows-Windows Defender,Microsoft-Windows-Windows Defender/WHC,1512.0,716.0,WIN-3M6ADARIMNH,S-1-5-18,,,,False,"{""EventData"":{""Data"":{""@Name"":""hc_stateid"",""#text"":""10""}}}",,,,,,,,,,
2025-01-14 14:22:36.486508200+00:00,Evtx,Service started or stopped,571.0,7036.0,Info,Service Control Manager,System,432.0,876.0,WIN-3M6ADARIMNH,,,,,False,"{""EventData"":{""Data"":[{""@Name"":""param1"",""#text"":""Windows Update""},{""@Name"":""param2"",""#text"":""running""}],""Binary"":""77-00-75-00-61-00-75-00-73-00-65-00-72-00-76-00-2F-00-34-00-00-00""}}",,,,,,,,,,
2025-01-14 14:22:38.498911700+00:00,Evtx,,3.0,101.0,LogAlways,Microsoft-Windows-Windows Defender,Microsoft-Windows-Windows Defender/WHC,1512.0,1300.0,WIN-3M6ADARIMNH,S-1-5-18,,,,False,"{""EventData"":{""Data"":{""@Name"":""hc_stateid"",""#text"":""10""}}}",,,,,,,,,,
2025-01-14 14:22:39.949714200+00:00,Evtx,Start type of a service has changed,572.0,7040.0,Info,Service Control Manager,System,432.0,1868.0,WIN-3M6ADARIMNH,S-1-5-18,,,clr_optimization_v2.0.50727_32,False,"{""EventData"":{""Data"":[{""@Name"":""param1"",""#text"":""Microsoft .NET Framework NGEN v2.0.50727_X86""},{""@Name"":""param2"",""#text"":""auto start""},{""@Name"":""param3"",""#text"":""demand start""},{""@Name"":""param4"",""#text"":""clr_optimization_v2.0.50727_32""}]}}",,,,,,,,,,
2025-01-14 14:22:39.965314300+00:00,Evtx,Service started or stopped,573.0,7036.0,Info,Service Control Manager,System,432.0,1868.0,WIN-3M6ADARIMNH,,,,,False,"{""EventData"":{""Data"":[{""@Name"":""param1"",""#text"":""Microsoft .NET Framework NGEN v2.0.50727_X86""},{""@Name"":""param2"",""#text"":""stopped""}],""Binary"":""63-00-6C-00-72-00-5F-00-6F-00-70-00-74-00-69-00-6D-00-69-00-7A-00-61-00-74-00-69-00-6F-00-6E-00-5F-00-76-00-32-00-2E-00-30-00-2E-00-35-00-30-00-37-00-32-00-37-00-5F-00-33-00-32-00-2F-00-31-00-00-00""}}",,,,,,,,,,
2025-01-14 14:22:40.027714400+00:00,Evtx,Service started or stopped,575.0,7036.0,Info,Service Control Manager,System,432.0,1868.0,WIN-3M6ADARIMNH,,,,,False,"{""EventData"":{""Data"":[{""@Name"":""param1"",""#text"":""Microsoft .NET Framework NGEN v2.0.50727_X64""},{""@Name"":""param2"",""#text"":""stopped""}],""Binary"":""63-00-6C-00-72-00-5F-00-6F-00-70-00-74-00-69-00-6D-00-69-00-7A-00-61-00-74-00-69-00-6F-00-6E-00-5F-00-76-00-32-00-2E-00-30-00-2E-00-35-00-30-00-37-00-32-00-37-00-5F-00-36-00-34-00-2F-00-31-00-00-00""}}",,,,,,,,,,
2025-01-14 14:22:40.027714400+00:00,Evtx,Start type of a service has changed,574.0,7040.0,Info,Service Control Manager,System,432.0,1868.0,WIN-3M6ADARIMNH,S-1-5-18,,,clr_optimization_v2.0.50727_64,False,"{""EventData"":{""Data"":[{""@Name"":""param1"",""#text"":""Microsoft .NET Framework NGEN v2.0.50727_X64""},{""@Name"":""param2"",""#text"":""auto start""},{""@Name"":""param3"",""#text"":""demand start""},{""@Name"":""param4"",""#text"":""clr_optimization_v2.0.50727_64""}]}}",,,,,,,,,,
2025-01-14 14:22:43.880921200+00:00,Evtx,Service started or stopped,576.0,7036.0,Info,Service Control Manager,System,432.0,1868.0,WIN-3M6ADARIMNH,,,,,False,"{""EventData"":{""Data"":[{""@Name"":""param1"",""#text"":""Portable Device Enumerator Service""},{""@Name"":""param2"",""#text"":""stopped""}],""Binary"":""57-00-50-00-44-00-42-00-75-00-73-00-45-00-6E-00-75-00-6D-00-2F-00-31-00-00-00""}}",,,,,,,,,,
2025-01-14 14:23:26.780996500+00:00,Evtx,,2.0,42.0,Info,Microsoft-Windows-WindowsUpdateClient,Microsoft-Windows-WindowsUpdateClient/Operational,904.0,1516.0,WIN-3M6ADARIMNH,S-1-5-18,,,,False,"{""EventData"":{""Data"":[{""@Name"":""hc_stateid"",""#text"":""0""},{""@Name"":""restartDate""},{""@Name"":""restartTime""}]}}",,,,,,,,,,
2025-01-14 14:23:26.780996500+00:00,Evtx,,1.0,42.0,Info,Microsoft-Windows-WindowsUpdateClient,Microsoft-Windows-WindowsUpdateClient/Operational,904.0,1516.0,WIN-3M6ADARIMNH,S-1-5-18,,,,False,"{""EventData"":{""Data"":[{""@Name"":""hc_stateid"",""#text"":""0""},{""@Name"":""restartDate""},{""@Name"":""restartTime""}]}}",,,,,,,,,,
2025-01-14 14:23:26.780996500+00:00,Evtx,,3.0,30.0,Info,Microsoft-Windows-WindowsUpdateClient,Microsoft-Windows-WindowsUpdateClient/Operational,904.0,1516.0,WIN-3M6ADARIMNH,S-1-5-18,,,,False,"{""EventData"":""""}",,,,,,,,,,
2025-01-14 14:23:26.780996500+00:00,Evtx,,1.0,42.0,Info,Microsoft-Windows-WindowsUpdateClient,Microsoft-Windows-WindowsUpdateClient/Operational,904.0,1516.0,WIN-3M6ADARIMNH,S-1-5-18,,,,False,"{""EventData"":{""Data"":[{""@Name"":""hc_stateid"",""#text"":""0""},{""@Name"":""restartDate""},{""@Name"":""restartTime""}]}}",,,,,,,,,,
2025-01-14 14:23:26.780996500+00:00,Evtx,,2.0,42.0,Info,Microsoft-Windows-WindowsUpdateClient,Microsoft-Windows-WindowsUpdateClient/Operational,904.0,1516.0,WIN-3M6ADARIMNH,S-1-5-18,,,,False,"{""EventData"":{""Data"":[{""@Name"":""hc_stateid"",""#text"":""0""},{""@Name"":""restartDate""},{""@Name"":""restartTime""}]}}",,,,,,,,,,
2025-01-14 14:23:26.780996500+00:00,Evtx,,3.0,30.0,Info,Microsoft-Windows-WindowsUpdateClient,Microsoft-Windows-WindowsUpdateClient/Operational,904.0,1516.0,WIN-3M6ADARIMNH,S-1-5-18,,,,False,"{""EventData"":""""}",,,,,,,,,,
2025-01-14 14:23:52.115441+00:00,Evtx,,5.0,1002.0,Warning,Microsoft-Windows-KnownFolders,Microsoft-Windows-Known Folders API Service,1184.0,792.0,WIN-3M6ADARIMNH,S-1-5-18,,,,False,"{""EventData"":{""Data"":[{""@Name"":""hrError"",""#text"":""0x80070002""},{""@Name"":""FolderId"",""#text"":""b4bfcc3a-db2c-424c-b029-7fe99a87c641""},{""@Name"":""Path"",""#text"":""C:\\Windows\\system32\\config\\systemprofile\\Desktop""}]}}",,,,,,,,,,
2025-01-14 14:23:52.115441+00:00,Evtx,,5.0,1002.0,Warning,Microsoft-Windows-KnownFolders,Microsoft-Windows-Known Folders API Service,1184.0,792.0,WIN-3M6ADARIMNH,S-1-5-18,,,,False,"{""EventData"":{""Data"":[{""@Name"":""hrError"",""#text"":""0x80070002""},{""@Name"":""FolderId"",""#text"":""b4bfcc3a-db2c-424c-b029-7fe99a87c641""},{""@Name"":""Path"",""#text"":""C:\\Windows\\system32\\config\\systemprofile\\Desktop""}]}}",,,,,,,,,,
2025-01-14 14:23:52.271441300+00:00,Evtx,,6.0,1002.0,Warning,Microsoft-Windows-KnownFolders,Microsoft-Windows-Known Folders API Service,1184.0,792.0,WIN-3M6ADARIMNH,S-1-5-18,,,,False,"{""EventData"":{""Data"":[{""@Name"":""hrError"",""#text"":""0x80070002""},{""@Name"":""FolderId"",""#text"":""ae50c081-ebd2-438a-8655-8a092e34987a""},{""@Name"":""Path"",""#text"":""C:\\Windows\\system32\\config\\systemprofile\\AppData\\Roaming\\Microsoft\\Windows\\Recent""}]}}",,,,,,,,,,
2025-01-14 14:23:52.271441300+00:00,Evtx,,6.0,1002.0,Warning,Microsoft-Windows-KnownFolders,Microsoft-Windows-Known Folders API Service,1184.0,792.0,WIN-3M6ADARIMNH,S-1-5-18,,,,False,"{""EventData"":{""Data"":[{""@Name"":""hrError"",""#text"":""0x80070002""},{""@Name"":""FolderId"",""#text"":""ae50c081-ebd2-438a-8655-8a092e34987a""},{""@Name"":""Path"",""#text"":""C:\\Windows\\system32\\config\\systemprofile\\AppData\\Roaming\\Microsoft\\Windows\\Recent""}]}}",,,,,,,,,,
2025-01-14 14:23:53.706643800+00:00,Evtx,,7.0,1002.0,Warning,Microsoft-Windows-KnownFolders,Microsoft-Windows-Known Folders API Service,1184.0,1612.0,WIN-3M6ADARIMNH,S-1-5-18,,,,False,"{""EventData"":{""Data"":[{""@Name"":""hrError"",""#text"":""0x80070002""},{""@Name"":""FolderId"",""#text"":""4c5c32ff-bb9d-43b0-b5b4-2d72e54eaaa4""},{""@Name"":""Path"",""#text"":""C:\\Windows\\system32\\config\\systemprofile\\Saved Games""}]}}",,,,,,,,,,
2025-01-14 14:23:53.706643800+00:00,Evtx,,7.0,1002.0,Warning,Microsoft-Windows-KnownFolders,Microsoft-Windows-Known Folders API Service,1184.0,1612.0,WIN-3M6ADARIMNH,S-1-5-18,,,,False,"{""EventData"":{""Data"":[{""@Name"":""hrError"",""#text"":""0x80070002""},{""@Name"":""FolderId"",""#text"":""4c5c32ff-bb9d-43b0-b5b4-2d72e54eaaa4""},{""@Name"":""Path"",""#text"":""C:\\Windows\\system32\\config\\systemprofile\\Saved Games""}]}}",,,,,,,,,,
2025-01-14 15:03:01.609200200+00:00,Evtx,OS was started,581.0,12.0,Info,Microsoft-Windows-Kernel-General,System,4.0,8.0,WIN-3M6ADARIMNH,S-1-5-18,,,,False,"{""EventData"":{""Data"":[{""@Name"":""MajorVersion"",""#text"":""6""},{""@Name"":""MinorVersion"",""#text"":""1""},{""@Name"":""BuildVersion"",""#text"":""7601""},{""@Name"":""QfeVersion"",""#text"":""17514""},{""@Name"":""ServiceVersion"",""#text"":""1""},{""@Name"":""BootMode"",""#text"":""0""},{""@Name"":""StartTime"",""#text"":""2025-01-14 15:03:01.5000000""}]}}",,,,,,,,,,
2025-01-14 15:03:06.726009200+00:00,Evtx,,582.0,6.0,Info,Microsoft-Windows-FilterManager,System,4.0,8.0,WIN-3M6ADARIMNH,S-1-5-18,,,,False,"{""EventData"":{""Data"":[{""@Name"":""FinalStatus"",""#text"":""0x0""},{""@Name"":""DeviceVersionMajor"",""#text"":""6""},{""@Name"":""DeviceVersionMinor"",""#text"":""1""},{""@Name"":""DeviceNameLength"",""#text"":""8""},{""@Name"":""DeviceName"",""#text"":""FileInfo""},{""@Name"":""DeviceTime"",""#text"":""2009-07-14 07:34:25.0000000""}]}}",,,,,,,,,,
