2025-01-15 06:18:13.236083900+00:00,Evtx,Service installation,174.0,20003.0,Info,Microsoft-Windows-UserPnp,System,1572.0,1628.0,37L4247F27-25,S-1-5-18,,,system32\DRIVERS\pci.sys,False,"{""UserData"":{""AddServiceID"":{""ServiceName"":""pci"",""DriverFileName"":""system32\\DRIVERS\\pci.sys"",""DeviceInstanceID"":""ACPI\\PNP0A03\\2&amp;DABA3FF&amp;2"",""PrimaryService"":""True"",""UpdateService"":""True"",""AddServiceStatus"":""0""}}}",,,,,,,,,,
2025-01-15 06:18:13.470084300+00:00,Evtx,Device installation,175.0,20001.0,Info,Microsoft-Windows-UserPnp,System,1572.0,1628.0,37L4247F27-25,S-1-5-18,,,FileRepository\machine.inf_amd64_neutral_a2f120466549d68b\machine.inf,False,"{""UserData"":{""InstallDeviceID"":{""DriverName"":""FileRepository\\machine.inf_amd64_neutral_a2f120466549d68b\\machine.inf"",""DriverVersion"":""6.1.7601.17514"",""DriverProvider"":""Microsoft"",""DeviceInstanceID"":""ACPI\\PNP0A03\\2&amp;DABA3FF&amp;2"",""SetupClass"":""4d36e97d-e325-11ce-bfc1-08002be10318"",""RebootOption"":""True"",""UpgradeDevice"":""False"",""IsDriverOEM"":""False"",""InstallStatus"":""0x0"",""DriverDescription"":""PCI bus""}}}",,,,,,,,,,
2025-01-15 06:18:13.610484500+00:00,Evtx,Device installation,176.0,20001.0,Info,Microsoft-Windows-UserPnp,System,1600.0,1672.0,37L4247F27-25,S-1-5-18,,,FileRepository\machine.inf_amd64_neutral_a2f120466549d68b\machine.inf,False,"{""UserData"":{""InstallDeviceID"":{""DriverName"":""FileRepository\\machine.inf_amd64_neutral_a2f120466549d68b\\machine.inf"",""DriverVersion"":""6.1.7601.17514"",""DriverProvider"":""Microsoft"",""DeviceInstanceID"":""ACPI\\PNP0A05\\10"",""SetupClass"":""4d36e97d-e325-11ce-bfc1-08002be10318"",""RebootOption"":""False"",""UpgradeDevice"":""False"",""IsDriverOEM"":""False"",""InstallStatus"":""0x0"",""DriverDescription"":""Generic Bus""}}}",,,,,,,,,,
2025-01-15 06:18:13.797684900+00:00,Evtx,Device installation,177.0,20001.0,Info,Microsoft-Windows-UserPnp,System,1656.0,1516.0,37L4247F27-25,S-1-5-18,,,FileRepository\machine.inf_amd64_neutral_a2f120466549d68b\machine.inf,False,"{""UserData"":{""InstallDeviceID"":{""DriverName"":""FileRepository\\machine.inf_amd64_neutral_a2f120466549d68b\\machine.inf"",""DriverVersion"":""6.1.7601.17514"",""DriverProvider"":""Microsoft"",""DeviceInstanceID"":""ACPI\\PNP0A05\\50"",""SetupClass"":""4d36e97d-e325-11ce-bfc1-08002be10318"",""RebootOption"":""False"",""UpgradeDevice"":""False"",""IsDriverOEM"":""False"",""InstallStatus"":""0x0"",""DriverDescription"":""Generic Bus""}}}",,,,,,,,,,
2025-01-15 06:18:14.047285300+00:00,Evtx,Device installation,178.0,20001.0,Info,Microsoft-Windows-UserPnp,System,1512.0,1692.0,37L4247F27-25,S-1-5-18,,,FileRepository\machine.inf_amd64_neutral_a2f120466549d68b\machine.inf,False,"{""UserData"":{""InstallDeviceID"":{""DriverName"":""FileRepository\\machine.inf_amd64_neutral_a2f120466549d68b\\machine.inf"",""DriverVersion"":""6.1.7601.17514"",""DriverProvider"":""Microsoft"",""DeviceInstanceID"":""ACPI\\PNP0A05\\35"",""SetupClass"":""4d36e97d-e325-11ce-bfc1-08002be10318"",""RebootOption"":""False"",""UpgradeDevice"":""False"",""IsDriverOEM"":""False"",""InstallStatus"":""0x0"",""DriverDescription"":""Generic Bus""}}}",,,,,,,,,,
2025-01-15 06:18:14.265685700+00:00,Evtx,Device installation,179.0,20001.0,Info,Microsoft-Windows-UserPnp,System,1720.0,1736.0,37L4247F27-25,S-1-5-18,,,FileRepository\machine.inf_amd64_neutral_a2f120466549d68b\machine.inf,False,"{""UserData"":{""InstallDeviceID"":{""DriverName"":""FileRepository\\machine.inf_amd64_neutral_a2f120466549d68b\\machine.inf"",""DriverVersion"":""6.1.7601.17514"",""DriverProvider"":""Microsoft"",""DeviceInstanceID"":""ACPI\\PNP0A05\\36"",""SetupClass"":""4d36e97d-e325-11ce-bfc1-08002be10318"",""RebootOption"":""False"",""UpgradeDevice"":""False"",""IsDriverOEM"":""False"",""InstallStatus"":""0x0"",""DriverDescription"":""Generic Bus""}}}",,,,,,,,,,
2025-01-15 06:18:15.076887100+00:00,Evtx,Device installation,180.0,20001.0,Info,Microsoft-Windows-UserPnp,System,1772.0,1752.0,37L4247F27-25,S-1-5-18,,,FileRepository\machine.inf_amd64_neutral_a2f120466549d68b\machine.inf,False,"{""UserData"":{""InstallDeviceID"":{""DriverName"":""FileRepository\\machine.inf_amd64_neutral_a2f120466549d68b\\machine.inf"",""DriverVersion"":""6.1.7601.17514"",""DriverProvider"":""Microsoft"",""DeviceInstanceID"":""ACPI\\PNP0A05\\51"",""SetupClass"":""4d36e97d-e325-11ce-bfc1-08002be10318"",""RebootOption"":""False"",""UpgradeDevice"":""False"",""IsDriverOEM"":""False"",""InstallStatus"":""0x0"",""DriverDescription"":""Generic Bus""}}}",,,,,,,,,,
2025-01-15 06:18:15.123687200+00:00,Evtx,Service installation,181.0,20003.0,Info,Microsoft-Windows-UserPnp,System,1900.0,1840.0,37L4247F27-25,S-1-5-18,,,system32\DRIVERS\pci.sys,False,"{""UserData"":{""AddServiceID"":{""ServiceName"":""pci"",""DriverFileName"":""system32\\DRIVERS\\pci.sys"",""DeviceInstanceID"":""PCI\\VEN_15AD&amp;DEV_0790&amp;SUBSYS_079015AD&amp;REV_02\\3&amp;2B8E0B4B&amp;0&amp;88"",""PrimaryService"":""True"",""UpdateService"":""True"",""AddServiceStatus"":""0""}}}",,,,,,,,,,
2025-01-15 06:18:17.370091100+00:00,Evtx,Device installation,182.0,20001.0,Info,Microsoft-Windows-UserPnp,System,1900.0,1840.0,37L4247F27-25,S-1-5-18,,,FileRepository\machine.inf_amd64_neutral_a2f120466549d68b\machine.inf,False,"{""UserData"":{""InstallDeviceID"":{""DriverName"":""FileRepository\\machine.inf_amd64_neutral_a2f120466549d68b\\machine.inf"",""DriverVersion"":""6.1.7601.17514"",""DriverProvider"":""Microsoft"",""DeviceInstanceID"":""PCI\\VEN_15AD&amp;DEV_0790&amp;SUBSYS_079015AD&amp;REV_02\\3&amp;2B8E0B4B&amp;0&amp;88"",""SetupClass"":""4d36e97d-e325-11ce-bfc1-08002be10318"",""RebootOption"":""False"",""UpgradeDevice"":""False"",""IsDriverOEM"":""False"",""InstallStatus"":""0x0"",""DriverDescription"":""PCI standard PCI-to-PCI bridge""}}}",,,,,,,,,,
2025-01-15 06:18:17.432491200+00:00,Evtx,Service installation,183.0,20003.0,Info,Microsoft-Windows-UserPnp,System,1820.0,1800.0,37L4247F27-25,S-1-5-18,,,system32\DRIVERS\pci.sys,False,"{""UserData"":{""AddServiceID"":{""ServiceName"":""pci"",""DriverFileName"":""system32\\DRIVERS\\pci.sys"",""DeviceInstanceID"":""PCI\\VEN_15AD&amp;DEV_07A0&amp;SUBSYS_07A015AD&amp;REV_01\\3&amp;2B8E0B4B&amp;0&amp;B7"",""PrimaryService"":""True"",""UpdateService"":""True"",""AddServiceStatus"":""0""}}}",,,,,,,,,,
2025-01-15 06:18:17.650891600+00:00,Evtx,Device installation,184.0,20001.0,Info,Microsoft-Windows-UserPnp,System,1820.0,1800.0,37L4247F27-25,S-1-5-18,,,FileRepository\machine.inf_amd64_neutral_a2f120466549d68b\machine.inf,False,"{""UserData"":{""InstallDeviceID"":{""DriverName"":""FileRepository\\machine.inf_amd64_neutral_a2f120466549d68b\\machine.inf"",""DriverVersion"":""6.1.7601.17514"",""DriverProvider"":""Microsoft"",""DeviceInstanceID"":""PCI\\VEN_15AD&amp;DEV_07A0&amp;SUBSYS_07A015AD&amp;REV_01\\3&amp;2B8E0B4B&amp;0&amp;B7"",""SetupClass"":""4d36e97d-e325-11ce-bfc1-08002be10318"",""RebootOption"":""False"",""UpgradeDevice"":""False"",""IsDriverOEM"":""False"",""InstallStatus"":""0x0"",""DriverDescription"":""PCI Express standard Root Port""}}}",,,,,,,,,,
2025-01-15 06:18:17.697691700+00:00,Evtx,Service installation,185.0,20003.0,Info,Microsoft-Windows-UserPnp,System,1856.0,1804.0,37L4247F27-25,S-1-5-18,,,system32\DRIVERS\pci.sys,False,"{""UserData"":{""AddServiceID"":{""ServiceName"":""pci"",""DriverFileName"":""system32\\DRIVERS\\pci.sys"",""DeviceInstanceID"":""PCI\\VEN_15AD&amp;DEV_07A0&amp;SUBSYS_07A015AD&amp;REV_01\\3&amp;2B8E0B4B&amp;0&amp;AF"",""PrimaryService"":""True"",""UpdateService"":""True"",""AddServiceStatus"":""0""}}}",,,,,,,,,,
2025-01-15 06:18:17.962892200+00:00,Evtx,Device installation,186.0,20001.0,Info,Microsoft-Windows-UserPnp,System,1856.0,1804.0,37L4247F27-25,S-1-5-18,,,FileRepository\machine.inf_amd64_neutral_a2f120466549d68b\machine.inf,False,"{""UserData"":{""InstallDeviceID"":{""DriverName"":""FileRepository\\machine.inf_amd64_neutral_a2f120466549d68b\\machine.inf"",""DriverVersion"":""6.1.7601.17514"",""DriverProvider"":""Microsoft"",""DeviceInstanceID"":""PCI\\VEN_15AD&amp;DEV_07A0&amp;SUBSYS_07A015AD&amp;REV_01\\3&amp;2B8E0B4B&amp;0&amp;AF"",""SetupClass"":""4d36e97d-e325-11ce-bfc1-08002be10318"",""RebootOption"":""False"",""UpgradeDevice"":""False"",""IsDriverOEM"":""False"",""InstallStatus"":""0x0"",""DriverDescription"":""PCI Express standard Root Port""}}}",,,,,,,,,,
2025-01-15 06:18:18.025292300+00:00,Evtx,Service installation,187.0,20003.0,Info,Microsoft-Windows-UserPnp,System,1924.0,1868.0,37L4247F27-25,S-1-5-18,,,system32\DRIVERS\pci.sys,False,"{""UserData"":{""AddServiceID"":{""ServiceName"":""pci"",""DriverFileName"":""system32\\DRIVERS\\pci.sys"",""DeviceInstanceID"":""PCI\\VEN_15AD&amp;DEV_07A0&amp;SUBSYS_07A015AD&amp;REV_01\\3&amp;2B8E0B4B&amp;0&amp;BF"",""PrimaryService"":""True"",""UpdateService"":""True"",""AddServiceStatus"":""0""}}}",,,,,,,,,,
2025-01-15 06:18:18.945693900+00:00,Evtx,Device installation,188.0,20001.0,Info,Microsoft-Windows-UserPnp,System,1924.0,1868.0,37L4247F27-25,S-1-5-18,,,FileRepository\machine.inf_amd64_neutral_a2f120466549d68b\machine.inf,False,"{""UserData"":{""InstallDeviceID"":{""DriverName"":""FileRepository\\machine.inf_amd64_neutral_a2f120466549d68b\\machine.inf"",""DriverVersion"":""6.1.7601.17514"",""DriverProvider"":""Microsoft"",""DeviceInstanceID"":""PCI\\VEN_15AD&amp;DEV_07A0&amp;SUBSYS_07A015AD&amp;REV_01\\3&amp;2B8E0B4B&amp;0&amp;BF"",""SetupClass"":""4d36e97d-e325-11ce-bfc1-08002be10318"",""RebootOption"":""False"",""UpgradeDevice"":""False"",""IsDriverOEM"":""False"",""InstallStatus"":""0x0"",""DriverDescription"":""PCI Express standard Root Port""}}}",,,,,,,,,,
2025-01-15 06:18:19.148494300+00:00,Evtx,Device installation,189.0,20001.0,Info,Microsoft-Windows-UserPnp,System,1936.0,1904.0,37L4247F27-25,S-1-5-18,,,FileRepository\machine.inf_amd64_neutral_a2f120466549d68b\machine.inf,False,"{""UserData"":{""InstallDeviceID"":{""DriverName"":""FileRepository\\machine.inf_amd64_neutral_a2f120466549d68b\\machine.inf"",""DriverVersion"":""6.1.7601.17514"",""DriverProvider"":""Microsoft"",""DeviceInstanceID"":""ACPI\\PNP0A05\\37"",""SetupClass"":""4d36e97d-e325-11ce-bfc1-08002be10318"",""RebootOption"":""False"",""UpgradeDevice"":""False"",""IsDriverOEM"":""False"",""InstallStatus"":""0x0"",""DriverDescription"":""Generic Bus""}}}",,,,,,,,,,
2025-01-15 06:18:19.195294300+00:00,Evtx,Service installation,190.0,20003.0,Info,Microsoft-Windows-UserPnp,System,1988.0,1928.0,37L4247F27-25,S-1-5-18,,,system32\DRIVERS\pci.sys,False,"{""UserData"":{""AddServiceID"":{""ServiceName"":""pci"",""DriverFileName"":""system32\\DRIVERS\\pci.sys"",""DeviceInstanceID"":""PCI\\VEN_15AD&amp;DEV_07A0&amp;SUBSYS_07A015AD&amp;REV_01\\3&amp;2B8E0B4B&amp;0&amp;C7"",""PrimaryService"":""True"",""UpdateService"":""True"",""AddServiceStatus"":""0""}}}",,,,,,,,,,
2025-01-15 06:18:19.413694700+00:00,Evtx,Device installation,191.0,20001.0,Info,Microsoft-Windows-UserPnp,System,1988.0,1928.0,37L4247F27-25,S-1-5-18,,,FileRepository\machine.inf_amd64_neutral_a2f120466549d68b\machine.inf,False,"{""UserData"":{""InstallDeviceID"":{""DriverName"":""FileRepository\\machine.inf_amd64_neutral_a2f120466549d68b\\machine.inf"",""DriverVersion"":""6.1.7601.17514"",""DriverProvider"":""Microsoft"",""DeviceInstanceID"":""PCI\\VEN_15AD&amp;DEV_07A0&amp;SUBSYS_07A015AD&amp;REV_01\\3&amp;2B8E0B4B&amp;0&amp;C7"",""SetupClass"":""4d36e97d-e325-11ce-bfc1-08002be10318"",""RebootOption"":""False"",""UpgradeDevice"":""False"",""IsDriverOEM"":""False"",""InstallStatus"":""0x0"",""DriverDescription"":""PCI Express standard Root Port""}}}",,,,,,,,,,
2025-01-15 06:18:19.616495100+00:00,Evtx,Device installation,192.0,20001.0,Info,Microsoft-Windows-UserPnp,System,2000.0,1916.0,37L4247F27-25,S-1-5-18,,,FileRepository\machine.inf_amd64_neutral_a2f120466549d68b\machine.inf,False,"{""UserData"":{""InstallDeviceID"":{""DriverName"":""FileRepository\\machine.inf_amd64_neutral_a2f120466549d68b\\machine.inf"",""DriverVersion"":""6.1.7601.17514"",""DriverProvider"":""Microsoft"",""DeviceInstanceID"":""ACPI\\PNP0A05\\52"",""SetupClass"":""4d36e97d-e325-11ce-bfc1-08002be10318"",""RebootOption"":""False"",""UpgradeDevice"":""False"",""IsDriverOEM"":""False"",""InstallStatus"":""0x0"",""DriverDescription"":""Generic Bus""}}}",,,,,,,,,,
2025-01-15 06:18:20.224896200+00:00,Evtx,Device installation,193.0,20001.0,Info,Microsoft-Windows-UserPnp,System,1968.0,868.0,37L4247F27-25,S-1-5-18,,,FileRepository\machine.inf_amd64_neutral_a2f120466549d68b\machine.inf,False,"{""UserData"":{""InstallDeviceID"":{""DriverName"":""FileRepository\\machine.inf_amd64_neutral_a2f120466549d68b\\machine.inf"",""DriverVersion"":""6.1.7601.17514"",""DriverProvider"":""Microsoft"",""DeviceInstanceID"":""ACPI\\PNP0A05\\53"",""SetupClass"":""4d36e97d-e325-11ce-bfc1-08002be10318"",""RebootOption"":""False"",""UpgradeDevice"":""False"",""IsDriverOEM"":""False"",""InstallStatus"":""0x0"",""DriverDescription"":""Generic Bus""}}}",,,,,,,,,,
2025-01-15 06:18:20.474496600+00:00,Evtx,Device installation,194.0,20001.0,Info,Microsoft-Windows-UserPnp,System,1992.0,2020.0,37L4247F27-25,S-1-5-18,,,FileRepository\machine.inf_amd64_neutral_a2f120466549d68b\machine.inf,False,"{""UserData"":{""InstallDeviceID"":{""DriverName"":""FileRepository\\machine.inf_amd64_neutral_a2f120466549d68b\\machine.inf"",""DriverVersion"":""6.1.7601.17514"",""DriverProvider"":""Microsoft"",""DeviceInstanceID"":""ACPI\\PNP0A05\\38"",""SetupClass"":""4d36e97d-e325-11ce-bfc1-08002be10318"",""RebootOption"":""False"",""UpgradeDevice"":""False"",""IsDriverOEM"":""False"",""InstallStatus"":""0x0"",""DriverDescription"":""Generic Bus""}}}",,,,,,,,,,
2025-01-15 06:18:20.692897+00:00,Evtx,Device installation,195.0,20001.0,Info,Microsoft-Windows-UserPnp,System,1100.0,2036.0,37L4247F27-25,S-1-5-18,,,FileRepository\machine.inf_amd64_neutral_a2f120466549d68b\machine.inf,False,"{""UserData"":{""InstallDeviceID"":{""DriverName"":""FileRepository\\machine.inf_amd64_neutral_a2f120466549d68b\\machine.inf"",""DriverVersion"":""6.1.7601.17514"",""DriverProvider"":""Microsoft"",""DeviceInstanceID"":""ACPI\\PNP0A05\\39"",""SetupClass"":""4d36e97d-e325-11ce-bfc1-08002be10318"",""RebootOption"":""False"",""UpgradeDevice"":""False"",""IsDriverOEM"":""False"",""InstallStatus"":""0x0"",""DriverDescription"":""Generic Bus""}}}",,,,,,,,,,
2025-01-15 06:18:21.582098500+00:00,Evtx,Device installation,196.0,20001.0,Info,Microsoft-Windows-UserPnp,System,1108.0,992.0,37L4247F27-25,S-1-5-18,,,FileRepository\machine.inf_amd64_neutral_a2f120466549d68b\machine.inf,False,"{""UserData"":{""InstallDeviceID"":{""DriverName"":""FileRepository\\machine.inf_amd64_neutral_a2f120466549d68b\\machine.inf"",""DriverVersion"":""6.1.7601.17514"",""DriverProvider"":""Microsoft"",""DeviceInstanceID"":""ACPI\\PNP0A05\\54"",""SetupClass"":""4d36e97d-e325-11ce-bfc1-08002be10318"",""RebootOption"":""False"",""UpgradeDevice"":""False"",""IsDriverOEM"":""False"",""InstallStatus"":""0x0"",""DriverDescription"":""Generic Bus""}}}",,,,,,,,,,
2025-01-15 06:18:21.660098700+00:00,Evtx,Service installation,197.0,20003.0,Info,Microsoft-Windows-UserPnp,System,1400.0,1044.0,37L4247F27-25,S-1-5-18,,,system32\DRIVERS\pci.sys,False,"{""UserData"":{""AddServiceID"":{""ServiceName"":""pci"",""DriverFileName"":""system32\\DRIVERS\\pci.sys"",""DeviceInstanceID"":""PCI\\VEN_15AD&amp;DEV_07A0&amp;SUBSYS_07A015AD&amp;REV_01\\3&amp;2B8E0B4B&amp;0&amp;B0"",""PrimaryService"":""True"",""UpdateService"":""True"",""AddServiceStatus"":""0""}}}",,,,,,,,,,
2025-01-15 06:18:21.956499200+00:00,Evtx,Device installation,198.0,20001.0,Info,Microsoft-Windows-UserPnp,System,1400.0,1044.0,37L4247F27-25,S-1-5-18,,,FileRepository\machine.inf_amd64_neutral_a2f120466549d68b\machine.inf,False,"{""UserData"":{""InstallDeviceID"":{""DriverName"":""FileRepository\\machine.inf_amd64_neutral_a2f120466549d68b\\machine.inf"",""DriverVersion"":""6.1.7601.17514"",""DriverProvider"":""Microsoft"",""DeviceInstanceID"":""PCI\\VEN_15AD&amp;DEV_07A0&amp;SUBSYS_07A015AD&amp;REV_01\\3&amp;2B8E0B4B&amp;0&amp;B0"",""SetupClass"":""4d36e97d-e325-11ce-bfc1-08002be10318"",""RebootOption"":""False"",""UpgradeDevice"":""False"",""IsDriverOEM"":""False"",""InstallStatus"":""0x0"",""DriverDescription"":""PCI Express standard Root Port""}}}",,,,,,,,,,
2025-01-15 06:18:22.268499700+00:00,Evtx,Service installation,199.0,20003.0,Info,Microsoft-Windows-UserPnp,System,1300.0,1060.0,37L4247F27-25,S-1-5-18,,,system32\DRIVERS\pci.sys,False,"{""UserData"":{""AddServiceID"":{""ServiceName"":""pci"",""DriverFileName"":""system32\\DRIVERS\\pci.sys"",""DeviceInstanceID"":""PCI\\VEN_15AD&amp;DEV_07A0&amp;SUBSYS_07A015AD&amp;REV_01\\3&amp;2B8E0B4B&amp;0&amp;A8"",""PrimaryService"":""True"",""UpdateService"":""True"",""AddServiceStatus"":""0""}}}",,,,,,,,,,
2025-01-15 06:18:22.908100900+00:00,Evtx,Device installation,200.0,20001.0,Info,Microsoft-Windows-UserPnp,System,1300.0,1060.0,37L4247F27-25,S-1-5-18,,,FileRepository\machine.inf_amd64_neutral_a2f120466549d68b\machine.inf,False,"{""UserData"":{""InstallDeviceID"":{""DriverName"":""FileRepository\\machine.inf_amd64_neutral_a2f120466549d68b\\machine.inf"",""DriverVersion"":""6.1.7601.17514"",""DriverProvider"":""Microsoft"",""DeviceInstanceID"":""PCI\\VEN_15AD&amp;DEV_07A0&amp;SUBSYS_07A015AD&amp;REV_01\\3&amp;2B8E0B4B&amp;0&amp;A8"",""SetupClass"":""4d36e97d-e325-11ce-bfc1-08002be10318"",""RebootOption"":""True"",""UpgradeDevice"":""False"",""IsDriverOEM"":""False"",""InstallStatus"":""0x0"",""DriverDescription"":""PCI Express standard Root Port""}}}",,,,,,,,,,
2025-01-15 06:18:23.048501100+00:00,Evtx,Device installation,201.0,20001.0,Info,Microsoft-Windows-UserPnp,System,1344.0,1556.0,37L4247F27-25,S-1-5-18,,,FileRepository\machine.inf_amd64_neutral_a2f120466549d68b\machine.inf,False,"{""UserData"":{""InstallDeviceID"":{""DriverName"":""FileRepository\\machine.inf_amd64_neutral_a2f120466549d68b\\machine.inf"",""DriverVersion"":""6.1.7601.17514"",""DriverProvider"":""Microsoft"",""DeviceInstanceID"":""ACPI\\PNP0A05\\3A"",""SetupClass"":""4d36e97d-e325-11ce-bfc1-08002be10318"",""RebootOption"":""False"",""UpgradeDevice"":""False"",""IsDriverOEM"":""False"",""InstallStatus"":""0x0"",""DriverDescription"":""Generic Bus""}}}",,,,,,,,,,
2025-01-15 06:18:23.095301200+00:00,Evtx,Service installation,202.0,20003.0,Info,Microsoft-Windows-UserPnp,System,1312.0,1360.0,37L4247F27-25,S-1-5-18,,,system32\DRIVERS\pci.sys,False,"{""UserData"":{""AddServiceID"":{""ServiceName"":""pci"",""DriverFileName"":""system32\\DRIVERS\\pci.sys"",""DeviceInstanceID"":""PCI\\VEN_15AD&amp;DEV_07A0&amp;SUBSYS_07A015AD&amp;REV_01\\3&amp;2B8E0B4B&amp;0&amp;B8"",""PrimaryService"":""True"",""UpdateService"":""True"",""AddServiceStatus"":""0""}}}",,,,,,,,,,
2025-01-15 06:18:23.407301700+00:00,Evtx,Device installation,203.0,20001.0,Info,Microsoft-Windows-UserPnp,System,1312.0,1360.0,37L4247F27-25,S-1-5-18,,,FileRepository\machine.inf_amd64_neutral_a2f120466549d68b\machine.inf,False,"{""UserData"":{""InstallDeviceID"":{""DriverName"":""FileRepository\\machine.inf_amd64_neutral_a2f120466549d68b\\machine.inf"",""DriverVersion"":""6.1.7601.17514"",""DriverProvider"":""Microsoft"",""DeviceInstanceID"":""PCI\\VEN_15AD&amp;DEV_07A0&amp;SUBSYS_07A015AD&amp;REV_01\\3&amp;2B8E0B4B&amp;0&amp;B8"",""SetupClass"":""4d36e97d-e325-11ce-bfc1-08002be10318"",""RebootOption"":""False"",""UpgradeDevice"":""False"",""IsDriverOEM"":""False"",""InstallStatus"":""0x0"",""DriverDescription"":""PCI Express standard Root Port""}}}",,,,,,,,,,
2025-01-15 06:18:23.500901900+00:00,Evtx,Service installation,204.0,20003.0,Info,Microsoft-Windows-UserPnp,System,1548.0,1520.0,37L4247F27-25,S-1-5-18,,,system32\DRIVERS\pci.sys,False,"{""UserData"":{""AddServiceID"":{""ServiceName"":""pci"",""DriverFileName"":""system32\\DRIVERS\\pci.sys"",""DeviceInstanceID"":""PCI\\VEN_15AD&amp;DEV_07A0&amp;SUBSYS_07A015AD&amp;REV_01\\3&amp;2B8E0B4B&amp;0&amp;C0"",""PrimaryService"":""True"",""UpdateService"":""True"",""AddServiceStatus"":""0""}}}",,,,,,,,,,
2025-01-15 06:18:23.797302400+00:00,Evtx,Device installation,205.0,20001.0,Info,Microsoft-Windows-UserPnp,System,1548.0,1520.0,37L4247F27-25,S-1-5-18,,,FileRepository\machine.inf_amd64_neutral_a2f120466549d68b\machine.inf,False,"{""UserData"":{""InstallDeviceID"":{""DriverName"":""FileRepository\\machine.inf_amd64_neutral_a2f120466549d68b\\machine.inf"",""DriverVersion"":""6.1.7601.17514"",""DriverProvider"":""Microsoft"",""DeviceInstanceID"":""PCI\\VEN_15AD&amp;DEV_07A0&amp;SUBSYS_07A015AD&amp;REV_01\\3&amp;2B8E0B4B&amp;0&amp;C0"",""SetupClass"":""4d36e97d-e325-11ce-bfc1-08002be10318"",""RebootOption"":""False"",""UpgradeDevice"":""False"",""IsDriverOEM"":""False"",""InstallStatus"":""0x0"",""DriverDescription"":""PCI Express standard Root Port""}}}",,,,,,,,,,
2025-01-15 06:18:24.202903100+00:00,Evtx,Device installation,206.0,20001.0,Info,Microsoft-Windows-UserPnp,System,1336.0,1608.0,37L4247F27-25,S-1-5-18,,,FileRepository\machine.inf_amd64_neutral_a2f120466549d68b\machine.inf,False,"{""UserData"":{""InstallDeviceID"":{""DriverName"":""FileRepository\\machine.inf_amd64_neutral_a2f120466549d68b\\machine.inf"",""DriverVersion"":""6.1.7601.17514"",""DriverProvider"":""Microsoft"",""DeviceInstanceID"":""ACPI\\PNP0A05\\55"",""SetupClass"":""4d36e97d-e325-11ce-bfc1-08002be10318"",""RebootOption"":""False"",""UpgradeDevice"":""False"",""IsDriverOEM"":""False"",""InstallStatus"":""0x0"",""DriverDescription"":""Generic Bus""}}}",,,,,,,,,,
2025-01-15 06:18:24.405703500+00:00,Evtx,Device installation,207.0,20001.0,Info,Microsoft-Windows-UserPnp,System,1660.0,1584.0,37L4247F27-25,S-1-5-18,,,FileRepository\machine.inf_amd64_neutral_a2f120466549d68b\machine.inf,False,"{""UserData"":{""InstallDeviceID"":{""DriverName"":""FileRepository\\machine.inf_amd64_neutral_a2f120466549d68b\\machine.inf"",""DriverVersion"":""6.1.7601.17514"",""DriverProvider"":""Microsoft"",""DeviceInstanceID"":""ACPI\\PNP0A05\\56"",""SetupClass"":""4d36e97d-e325-11ce-bfc1-08002be10318"",""RebootOption"":""False"",""UpgradeDevice"":""False"",""IsDriverOEM"":""False"",""InstallStatus"":""0x0"",""DriverDescription"":""Generic Bus""}}}",,,,,,,,,,
2025-01-15 06:18:24.998504500+00:00,Evtx,Device installation,208.0,20001.0,Info,Microsoft-Windows-UserPnp,System,1496.0,1696.0,37L4247F27-25,S-1-5-18,,,FileRepository\machine.inf_amd64_neutral_a2f120466549d68b\machine.inf,False,"{""UserData"":{""InstallDeviceID"":{""DriverName"":""FileRepository\\machine.inf_amd64_neutral_a2f120466549d68b\\machine.inf"",""DriverVersion"":""6.1.7601.17514"",""DriverProvider"":""Microsoft"",""DeviceInstanceID"":""ACPI\\PNP0A05\\3B"",""SetupClass"":""4d36e97d-e325-11ce-bfc1-08002be10318"",""RebootOption"":""False"",""UpgradeDevice"":""False"",""IsDriverOEM"":""False"",""InstallStatus"":""0x0"",""DriverDescription"":""Generic Bus""}}}",,,,,,,,,,
2025-01-15 06:18:25.310505100+00:00,Evtx,Device installation,209.0,20001.0,Info,Microsoft-Windows-UserPnp,System,1604.0,1672.0,37L4247F27-25,S-1-5-18,,,FileRepository\machine.inf_amd64_neutral_a2f120466549d68b\machine.inf,False,"{""UserData"":{""InstallDeviceID"":{""DriverName"":""FileRepository\\machine.inf_amd64_neutral_a2f120466549d68b\\machine.inf"",""DriverVersion"":""6.1.7601.17514"",""DriverProvider"":""Microsoft"",""DeviceInstanceID"":""ACPI\\PNP0A05\\3C"",""SetupClass"":""4d36e97d-e325-11ce-bfc1-08002be10318"",""RebootOption"":""False"",""UpgradeDevice"":""False"",""IsDriverOEM"":""False"",""InstallStatus"":""0x0"",""DriverDescription"":""Generic Bus""}}}",,,,,,,,,,
2025-01-15 06:18:25.638105700+00:00,Evtx,Device installation,210.0,20001.0,Info,Microsoft-Windows-UserPnp,System,1628.0,1532.0,37L4247F27-25,S-1-5-18,,,FileRepository\machine.inf_amd64_neutral_a2f120466549d68b\machine.inf,False,"{""UserData"":{""InstallDeviceID"":{""DriverName"":""FileRepository\\machine.inf_amd64_neutral_a2f120466549d68b\\machine.inf"",""DriverVersion"":""6.1.7601.17514"",""DriverProvider"":""Microsoft"",""DeviceInstanceID"":""ACPI\\PNP0A05\\57"",""SetupClass"":""4d36e97d-e325-11ce-bfc1-08002be10318"",""RebootOption"":""False"",""UpgradeDevice"":""False"",""IsDriverOEM"":""False"",""InstallStatus"":""0x0"",""DriverDescription"":""Generic Bus""}}}",,,,,,,,,,
2025-01-15 06:18:26.262106800+00:00,Evtx,Device installation,211.0,20001.0,Info,Microsoft-Windows-UserPnp,System,1684.0,1600.0,37L4247F27-25,S-1-5-18,,,FileRepository\machine.inf_amd64_neutral_a2f120466549d68b\machine.inf,False,"{""UserData"":{""InstallDeviceID"":{""DriverName"":""FileRepository\\machine.inf_amd64_neutral_a2f120466549d68b\\machine.inf"",""DriverVersion"":""6.1.7601.17514"",""DriverProvider"":""Microsoft"",""DeviceInstanceID"":""ACPI\\PNP0A05\\20"",""SetupClass"":""4d36e97d-e325-11ce-bfc1-08002be10318"",""RebootOption"":""False"",""UpgradeDevice"":""False"",""IsDriverOEM"":""False"",""InstallStatus"":""0x0"",""DriverDescription"":""Generic Bus""}}}",,,,,,,,,,
2025-01-15 06:18:26.418107+00:00,Evtx,Device installation,212.0,20001.0,Info,Microsoft-Windows-UserPnp,System,1744.0,1692.0,37L4247F27-25,S-1-5-18,,,FileRepository\machine.inf_amd64_neutral_a2f120466549d68b\machine.inf,False,"{""UserData"":{""InstallDeviceID"":{""DriverName"":""FileRepository\\machine.inf_amd64_neutral_a2f120466549d68b\\machine.inf"",""DriverVersion"":""6.1.7601.17514"",""DriverProvider"":""Microsoft"",""DeviceInstanceID"":""ACPI\\PNP0A05\\3D"",""SetupClass"":""4d36e97d-e325-11ce-bfc1-08002be10318"",""RebootOption"":""False"",""UpgradeDevice"":""False"",""IsDriverOEM"":""False"",""InstallStatus"":""0x0"",""DriverDescription"":""Generic Bus""}}}",,,,,,,,,,
2025-01-15 06:18:26.792507700+00:00,Evtx,Device installation,213.0,20001.0,Info,Microsoft-Windows-UserPnp,System,1508.0,1712.0,37L4247F27-25,S-1-5-18,,,FileRepository\machine.inf_amd64_neutral_a2f120466549d68b\machine.inf,False,"{""UserData"":{""InstallDeviceID"":{""DriverName"":""FileRepository\\machine.inf_amd64_neutral_a2f120466549d68b\\machine.inf"",""DriverVersion"":""6.1.7601.17514"",""DriverProvider"":""Microsoft"",""DeviceInstanceID"":""ACPI\\PNP0A05\\58"",""SetupClass"":""4d36e97d-e325-11ce-bfc1-08002be10318"",""RebootOption"":""False"",""UpgradeDevice"":""False"",""IsDriverOEM"":""False"",""InstallStatus"":""0x0"",""DriverDescription"":""Generic Bus""}}}",,,,,,,,,,
2025-01-15 06:18:27.042108100+00:00,Evtx,Service installation,214.0,20003.0,Info,Microsoft-Windows-UserPnp,System,1876.0,1808.0,37L4247F27-25,S-1-5-18,,,system32\DRIVERS\pci.sys,False,"{""UserData"":{""AddServiceID"":{""ServiceName"":""pci"",""DriverFileName"":""system32\\DRIVERS\\pci.sys"",""DeviceInstanceID"":""PCI\\VEN_15AD&amp;DEV_07A0&amp;SUBSYS_07A015AD&amp;REV_01\\3&amp;2B8E0B4B&amp;0&amp;A9"",""PrimaryService"":""True"",""UpdateService"":""True"",""AddServiceStatus"":""0""}}}",,,,,,,,,,
2025-01-15 06:18:27.276108500+00:00,Evtx,Device installation,215.0,20001.0,Info,Microsoft-Windows-UserPnp,System,1876.0,1808.0,37L4247F27-25,S-1-5-18,,,FileRepository\machine.inf_amd64_neutral_a2f120466549d68b\machine.inf,False,"{""UserData"":{""InstallDeviceID"":{""DriverName"":""FileRepository\\machine.inf_amd64_neutral_a2f120466549d68b\\machine.inf"",""DriverVersion"":""6.1.7601.17514"",""DriverProvider"":""Microsoft"",""DeviceInstanceID"":""PCI\\VEN_15AD&amp;DEV_07A0&amp;SUBSYS_07A015AD&amp;REV_01\\3&amp;2B8E0B4B&amp;0&amp;A9"",""SetupClass"":""4d36e97d-e325-11ce-bfc1-08002be10318"",""RebootOption"":""False"",""UpgradeDevice"":""False"",""IsDriverOEM"":""False"",""InstallStatus"":""0x0"",""DriverDescription"":""PCI Express standard Root Port""}}}",,,,,,,,,,
2025-01-15 06:18:27.494508900+00:00,Evtx,Device installation,216.0,20001.0,Info,Microsoft-Windows-UserPnp,System,1768.0,1792.0,37L4247F27-25,S-1-5-18,,,FileRepository\machine.inf_amd64_neutral_a2f120466549d68b\machine.inf,False,"{""UserData"":{""InstallDeviceID"":{""DriverName"":""FileRepository\\machine.inf_amd64_neutral_a2f120466549d68b\\machine.inf"",""DriverVersion"":""6.1.7601.17514"",""DriverProvider"":""Microsoft"",""DeviceInstanceID"":""ACPI\\PNP0A05\\21"",""SetupClass"":""4d36e97d-e325-11ce-bfc1-08002be10318"",""RebootOption"":""False"",""UpgradeDevice"":""False"",""IsDriverOEM"":""False"",""InstallStatus"":""0x0"",""DriverDescription"":""Generic Bus""}}}",,,,,,,,,,
2025-01-15 06:18:27.666109200+00:00,Evtx,Service installation,217.0,20003.0,Info,Microsoft-Windows-UserPnp,System,1784.0,1960.0,37L4247F27-25,S-1-5-18,,,system32\DRIVERS\pci.sys,False,"{""UserData"":{""AddServiceID"":{""ServiceName"":""pci"",""DriverFileName"":""system32\\DRIVERS\\pci.sys"",""DeviceInstanceID"":""PCI\\VEN_15AD&amp;DEV_07A0&amp;SUBSYS_07A015AD&amp;REV_01\\3&amp;2B8E0B4B&amp;0&amp;B9"",""PrimaryService"":""True"",""UpdateService"":""True"",""AddServiceStatus"":""0""}}}",,,,,,,,,,
2025-01-15 06:18:27.900109600+00:00,Evtx,Device installation,218.0,20001.0,Info,Microsoft-Windows-UserPnp,System,1784.0,1960.0,37L4247F27-25,S-1-5-18,,,FileRepository\machine.inf_amd64_neutral_a2f120466549d68b\machine.inf,False,"{""UserData"":{""InstallDeviceID"":{""DriverName"":""FileRepository\\machine.inf_amd64_neutral_a2f120466549d68b\\machine.inf"",""DriverVersion"":""6.1.7601.17514"",""DriverProvider"":""Microsoft"",""DeviceInstanceID"":""PCI\\VEN_15AD&amp;DEV_07A0&amp;SUBSYS_07A015AD&amp;REV_01\\3&amp;2B8E0B4B&amp;0&amp;B9"",""SetupClass"":""4d36e97d-e325-11ce-bfc1-08002be10318"",""RebootOption"":""False"",""UpgradeDevice"":""False"",""IsDriverOEM"":""False"",""InstallStatus"":""0x0"",""DriverDescription"":""PCI Express standard Root Port""}}}",,,,,,,,,,
2025-01-15 06:18:28.118510+00:00,Evtx,Service installation,219.0,20003.0,Info,Microsoft-Windows-UserPnp,System,1824.0,1912.0,37L4247F27-25,S-1-5-18,,,system32\DRIVERS\pci.sys,False,"{""UserData"":{""AddServiceID"":{""ServiceName"":""pci"",""DriverFileName"":""system32\\DRIVERS\\pci.sys"",""DeviceInstanceID"":""PCI\\VEN_15AD&amp;DEV_07A0&amp;SUBSYS_07A015AD&amp;REV_01\\3&amp;2B8E0B4B&amp;0&amp;B1"",""PrimaryService"":""True"",""UpdateService"":""True"",""AddServiceStatus"":""0""}}}",,,,,,,,,,
2025-01-15 06:18:28.352510400+00:00,Evtx,Device installation,220.0,20001.0,Info,Microsoft-Windows-UserPnp,System,1824.0,1912.0,37L4247F27-25,S-1-5-18,,,FileRepository\machine.inf_amd64_neutral_a2f120466549d68b\machine.inf,False,"{""UserData"":{""InstallDeviceID"":{""DriverName"":""FileRepository\\machine.inf_amd64_neutral_a2f120466549d68b\\machine.inf"",""DriverVersion"":""6.1.7601.17514"",""DriverProvider"":""Microsoft"",""DeviceInstanceID"":""PCI\\VEN_15AD&amp;DEV_07A0&amp;SUBSYS_07A015AD&amp;REV_01\\3&amp;2B8E0B4B&amp;0&amp;B1"",""SetupClass"":""4d36e97d-e325-11ce-bfc1-08002be10318"",""RebootOption"":""False"",""UpgradeDevice"":""False"",""IsDriverOEM"":""False"",""InstallStatus"":""0x0"",""DriverDescription"":""PCI Express standard Root Port""}}}",,,,,,,,,,
2025-01-15 06:18:28.492910700+00:00,Evtx,Service installation,221.0,20003.0,Info,Microsoft-Windows-UserPnp,System,1868.0,1892.0,37L4247F27-25,S-1-5-18,,,system32\DRIVERS\pci.sys,False,"{""UserData"":{""AddServiceID"":{""ServiceName"":""pci"",""DriverFileName"":""system32\\DRIVERS\\pci.sys"",""DeviceInstanceID"":""PCI\\VEN_15AD&amp;DEV_07A0&amp;SUBSYS_07A015AD&amp;REV_01\\3&amp;2B8E0B4B&amp;0&amp;C1"",""PrimaryService"":""True"",""UpdateService"":""True"",""AddServiceStatus"":""0""}}}",,,,,,,,,,
2025-01-15 06:18:28.711311100+00:00,Evtx,Device installation,222.0,20001.0,Info,Microsoft-Windows-UserPnp,System,1868.0,1892.0,37L4247F27-25,S-1-5-18,,,FileRepository\machine.inf_amd64_neutral_a2f120466549d68b\machine.inf,False,"{""UserData"":{""InstallDeviceID"":{""DriverName"":""FileRepository\\machine.inf_amd64_neutral_a2f120466549d68b\\machine.inf"",""DriverVersion"":""6.1.7601.17514"",""DriverProvider"":""Microsoft"",""DeviceInstanceID"":""PCI\\VEN_15AD&amp;DEV_07A0&amp;SUBSYS_07A015AD&amp;REV_01\\3&amp;2B8E0B4B&amp;0&amp;C1"",""SetupClass"":""4d36e97d-e325-11ce-bfc1-08002be10318"",""RebootOption"":""False"",""UpgradeDevice"":""False"",""IsDriverOEM"":""False"",""InstallStatus"":""0x0"",""DriverDescription"":""PCI Express standard Root Port""}}}",,,,,,,,,,
2025-01-15 06:18:29.070111700+00:00,Evtx,Device installation,223.0,20001.0,Info,Microsoft-Windows-UserPnp,System,1984.0,1996.0,37L4247F27-25,S-1-5-18,,,FileRepository\machine.inf_amd64_neutral_a2f120466549d68b\machine.inf,False,"{""UserData"":{""InstallDeviceID"":{""DriverName"":""FileRepository\\machine.inf_amd64_neutral_a2f120466549d68b\\machine.inf"",""DriverVersion"":""6.1.7601.17514"",""DriverProvider"":""Microsoft"",""DeviceInstanceID"":""ACPI\\PNP0A05\\3E"",""SetupClass"":""4d36e97d-e325-11ce-bfc1-08002be10318"",""RebootOption"":""False"",""UpgradeDevice"":""False"",""IsDriverOEM"":""False"",""InstallStatus"":""0x0"",""DriverDescription"":""Generic Bus""}}}",,,,,,,,,,
2025-01-15 06:18:29.538112500+00:00,Evtx,Device installation,224.0,20001.0,Info,Microsoft-Windows-UserPnp,System,1924.0,1964.0,37L4247F27-25,S-1-5-18,,,FileRepository\machine.inf_amd64_neutral_a2f120466549d68b\machine.inf,False,"{""UserData"":{""InstallDeviceID"":{""DriverName"":""FileRepository\\machine.inf_amd64_neutral_a2f120466549d68b\\machine.inf"",""DriverVersion"":""6.1.7601.17514"",""DriverProvider"":""Microsoft"",""DeviceInstanceID"":""ACPI\\PNP0A05\\59"",""SetupClass"":""4d36e97d-e325-11ce-bfc1-08002be10318"",""RebootOption"":""False"",""UpgradeDevice"":""False"",""IsDriverOEM"":""False"",""InstallStatus"":""0x0"",""DriverDescription"":""Generic Bus""}}}",,,,,,,,,,
2025-01-15 06:18:29.740912900+00:00,Evtx,Device installation,225.0,20001.0,Info,Microsoft-Windows-UserPnp,System,588.0,2024.0,37L4247F27-25,S-1-5-18,,,FileRepository\machine.inf_amd64_neutral_a2f120466549d68b\machine.inf,False,"{""UserData"":{""InstallDeviceID"":{""DriverName"":""FileRepository\\machine.inf_amd64_neutral_a2f120466549d68b\\machine.inf"",""DriverVersion"":""6.1.7601.17514"",""DriverProvider"":""Microsoft"",""DeviceInstanceID"":""ACPI\\PNP0A05\\3F"",""SetupClass"":""4d36e97d-e325-11ce-bfc1-08002be10318"",""RebootOption"":""False"",""UpgradeDevice"":""False"",""IsDriverOEM"":""False"",""InstallStatus"":""0x0"",""DriverDescription"":""Generic Bus""}}}",,,,,,,,,,
2025-01-15 06:18:29.943713200+00:00,Evtx,Device installation,226.0,20001.0,Info,Microsoft-Windows-UserPnp,System,1980.0,860.0,37L4247F27-25,S-1-5-18,,,FileRepository\machine.inf_amd64_neutral_a2f120466549d68b\machine.inf,False,"{""UserData"":{""InstallDeviceID"":{""DriverName"":""FileRepository\\machine.inf_amd64_neutral_a2f120466549d68b\\machine.inf"",""DriverVersion"":""6.1.7601.17514"",""DriverProvider"":""Microsoft"",""DeviceInstanceID"":""ACPI\\PNP0A05\\22"",""SetupClass"":""4d36e97d-e325-11ce-bfc1-08002be10318"",""RebootOption"":""False"",""UpgradeDevice"":""False"",""IsDriverOEM"":""False"",""InstallStatus"":""0x0"",""DriverDescription"":""Generic Bus""}}}",,,,,,,,,,
2025-01-15 06:18:30.177713600+00:00,Evtx,Device installation,227.0,20001.0,Info,Microsoft-Windows-UserPnp,System,1096.0,1992.0,37L4247F27-25,S-1-5-18,,,FileRepository\machine.inf_amd64_neutral_a2f120466549d68b\machine.inf,False,"{""UserData"":{""InstallDeviceID"":{""DriverName"":""FileRepository\\machine.inf_amd64_neutral_a2f120466549d68b\\machine.inf"",""DriverVersion"":""6.1.7601.17514"",""DriverProvider"":""Microsoft"",""DeviceInstanceID"":""ACPI\\PNP0A05\\5A"",""SetupClass"":""4d36e97d-e325-11ce-bfc1-08002be10318"",""RebootOption"":""False"",""UpgradeDevice"":""False"",""IsDriverOEM"":""False"",""InstallStatus"":""0x0"",""DriverDescription"":""Generic Bus""}}}",,,,,,,,,,
2025-01-15 06:18:30.614514400+00:00,Evtx,Device installation,228.0,20001.0,Info,Microsoft-Windows-UserPnp,System,1036.0,300.0,37L4247F27-25,S-1-5-18,,,FileRepository\machine.inf_amd64_neutral_a2f120466549d68b\machine.inf,False,"{""UserData"":{""InstallDeviceID"":{""DriverName"":""FileRepository\\machine.inf_amd64_neutral_a2f120466549d68b\\machine.inf"",""DriverVersion"":""6.1.7601.17514"",""DriverProvider"":""Microsoft"",""DeviceInstanceID"":""ACPI\\PNP0A05\\23"",""SetupClass"":""4d36e97d-e325-11ce-bfc1-08002be10318"",""RebootOption"":""False"",""UpgradeDevice"":""False"",""IsDriverOEM"":""False"",""InstallStatus"":""0x0"",""DriverDescription"":""Generic Bus""}}}",,,,,,,,,,
2025-01-15 06:18:30.910914900+00:00,Evtx,Device installation,229.0,20001.0,Info,Microsoft-Windows-UserPnp,System,1352.0,1400.0,37L4247F27-25,S-1-5-18,,,FileRepository\machine.inf_amd64_neutral_a2f120466549d68b\machine.inf,False,"{""UserData"":{""InstallDeviceID"":{""DriverName"":""FileRepository\\machine.inf_amd64_neutral_a2f120466549d68b\\machine.inf"",""DriverVersion"":""6.1.7601.17514"",""DriverProvider"":""Microsoft"",""DeviceInstanceID"":""ACPI\\PNP0A05\\24"",""SetupClass"":""4d36e97d-e325-11ce-bfc1-08002be10318"",""RebootOption"":""False"",""UpgradeDevice"":""False"",""IsDriverOEM"":""False"",""InstallStatus"":""0x0"",""DriverDescription"":""Generic Bus""}}}",,,,,,,,,,
2025-01-15 06:18:31.254115500+00:00,Evtx,Device installation,230.0,20001.0,Info,Microsoft-Windows-UserPnp,System,1324.0,1108.0,37L4247F27-25,S-1-5-18,,,FileRepository\machine.inf_amd64_neutral_a2f120466549d68b\machine.inf,False,"{""UserData"":{""InstallDeviceID"":{""DriverName"":""FileRepository\\machine.inf_amd64_neutral_a2f120466549d68b\\machine.inf"",""DriverVersion"":""6.1.7601.17514"",""DriverProvider"":""Microsoft"",""DeviceInstanceID"":""ACPI\\PNP0A05\\5B"",""SetupClass"":""4d36e97d-e325-11ce-bfc1-08002be10318"",""RebootOption"":""False"",""UpgradeDevice"":""False"",""IsDriverOEM"":""False"",""InstallStatus"":""0x0"",""DriverDescription"":""Generic Bus""}}}",,,,,,,,,,
2025-01-15 06:18:31.347715700+00:00,Evtx,Service installation,231.0,20003.0,Info,Microsoft-Windows-UserPnp,System,1620.0,1284.0,37L4247F27-25,S-1-5-18,,,system32\DRIVERS\pci.sys,False,"{""UserData"":{""AddServiceID"":{""ServiceName"":""pci"",""DriverFileName"":""system32\\DRIVERS\\pci.sys"",""DeviceInstanceID"":""PCI\\VEN_15AD&amp;DEV_07A0&amp;SUBSYS_07A015AD&amp;REV_01\\3&amp;2B8E0B4B&amp;0&amp;AA"",""PrimaryService"":""True"",""UpdateService"":""True"",""AddServiceStatus"":""0""}}}",,,,,,,,,,
2025-01-15 06:18:31.628516200+00:00,Evtx,Device installation,232.0,20001.0,Info,Microsoft-Windows-UserPnp,System,1620.0,1284.0,37L4247F27-25,S-1-5-18,,,FileRepository\machine.inf_amd64_neutral_a2f120466549d68b\machine.inf,False,"{""UserData"":{""InstallDeviceID"":{""DriverName"":""FileRepository\\machine.inf_amd64_neutral_a2f120466549d68b\\machine.inf"",""DriverVersion"":""6.1.7601.17514"",""DriverProvider"":""Microsoft"",""DeviceInstanceID"":""PCI\\VEN_15AD&amp;DEV_07A0&amp;SUBSYS_07A015AD&amp;REV_01\\3&amp;2B8E0B4B&amp;0&amp;AA"",""SetupClass"":""4d36e97d-e325-11ce-bfc1-08002be10318"",""RebootOption"":""False"",""UpgradeDevice"":""False"",""IsDriverOEM"":""False"",""InstallStatus"":""0x0"",""DriverDescription"":""PCI Express standard Root Port""}}}",,,,,,,,,,
2025-01-15 06:18:31.690916300+00:00,Evtx,Service installation,233.0,20003.0,Info,Microsoft-Windows-UserPnp,System,1616.0,1308.0,37L4247F27-25,S-1-5-18,,,system32\DRIVERS\pci.sys,False,"{""UserData"":{""AddServiceID"":{""ServiceName"":""pci"",""DriverFileName"":""system32\\DRIVERS\\pci.sys"",""DeviceInstanceID"":""PCI\\VEN_15AD&amp;DEV_07A0&amp;SUBSYS_07A015AD&amp;REV_01\\3&amp;2B8E0B4B&amp;0&amp;B2"",""PrimaryService"":""True"",""UpdateService"":""True"",""AddServiceStatus"":""0""}}}",,,,,,,,,,
2025-01-15 06:18:31.971716800+00:00,Evtx,Device installation,234.0,20001.0,Info,Microsoft-Windows-UserPnp,System,1616.0,1308.0,37L4247F27-25,S-1-5-18,,,FileRepository\machine.inf_amd64_neutral_a2f120466549d68b\machine.inf,False,"{""UserData"":{""InstallDeviceID"":{""DriverName"":""FileRepository\\machine.inf_amd64_neutral_a2f120466549d68b\\machine.inf"",""DriverVersion"":""6.1.7601.17514"",""DriverProvider"":""Microsoft"",""DeviceInstanceID"":""PCI\\VEN_15AD&amp;DEV_07A0&amp;SUBSYS_07A015AD&amp;REV_01\\3&amp;2B8E0B4B&amp;0&amp;B2"",""SetupClass"":""4d36e97d-e325-11ce-bfc1-08002be10318"",""RebootOption"":""False"",""UpgradeDevice"":""False"",""IsDriverOEM"":""False"",""InstallStatus"":""0x0"",""DriverDescription"":""PCI Express standard Root Port""}}}",,,,,,,,,,
2025-01-15 06:18:32.236917300+00:00,Evtx,Device installation,235.0,20001.0,Info,Microsoft-Windows-UserPnp,System,1640.0,1548.0,37L4247F27-25,S-1-5-18,,,FileRepository\machine.inf_amd64_neutral_a2f120466549d68b\machine.inf,False,"{""UserData"":{""InstallDeviceID"":{""DriverName"":""FileRepository\\machine.inf_amd64_neutral_a2f120466549d68b\\machine.inf"",""DriverVersion"":""6.1.7601.17514"",""DriverProvider"":""Microsoft"",""DeviceInstanceID"":""ACPI\\PNP0A05\\5C"",""SetupClass"":""4d36e97d-e325-11ce-bfc1-08002be10318"",""RebootOption"":""False"",""UpgradeDevice"":""False"",""IsDriverOEM"":""False"",""InstallStatus"":""0x0"",""DriverDescription"":""Generic Bus""}}}",,,,,,,,,,
2025-01-15 06:18:32.377317500+00:00,Evtx,Service installation,236.0,20003.0,Info,Microsoft-Windows-UserPnp,System,1360.0,1376.0,37L4247F27-25,S-1-5-18,,,system32\DRIVERS\pci.sys,False,"{""UserData"":{""AddServiceID"":{""ServiceName"":""pci"",""DriverFileName"":""system32\\DRIVERS\\pci.sys"",""DeviceInstanceID"":""PCI\\VEN_15AD&amp;DEV_07A0&amp;SUBSYS_07A015AD&amp;REV_01\\3&amp;2B8E0B4B&amp;0&amp;BA"",""PrimaryService"":""True"",""UpdateService"":""True"",""AddServiceStatus"":""0""}}}",,,,,,,,,,
2025-01-15 06:18:32.642518+00:00,Evtx,Device installation,237.0,20001.0,Info,Microsoft-Windows-UserPnp,System,1360.0,1376.0,37L4247F27-25,S-1-5-18,,,FileRepository\machine.inf_amd64_neutral_a2f120466549d68b\machine.inf,False,"{""UserData"":{""InstallDeviceID"":{""DriverName"":""FileRepository\\machine.inf_amd64_neutral_a2f120466549d68b\\machine.inf"",""DriverVersion"":""6.1.7601.17514"",""DriverProvider"":""Microsoft"",""DeviceInstanceID"":""PCI\\VEN_15AD&amp;DEV_07A0&amp;SUBSYS_07A015AD&amp;REV_01\\3&amp;2B8E0B4B&amp;0&amp;BA"",""SetupClass"":""4d36e97d-e325-11ce-bfc1-08002be10318"",""RebootOption"":""False"",""UpgradeDevice"":""False"",""IsDriverOEM"":""False"",""InstallStatus"":""0x0"",""DriverDescription"":""PCI Express standard Root Port""}}}",,,,,,,,,,
2025-01-15 06:18:32.829718300+00:00,Evtx,Device installation,238.0,20001.0,Info,Microsoft-Windows-UserPnp,System,1700.0,1660.0,37L4247F27-25,S-1-5-18,,,FileRepository\machine.inf_amd64_neutral_a2f120466549d68b\machine.inf,False,"{""UserData"":{""InstallDeviceID"":{""DriverName"":""FileRepository\\machine.inf_amd64_neutral_a2f120466549d68b\\machine.inf"",""DriverVersion"":""6.1.7601.17514"",""DriverProvider"":""Microsoft"",""DeviceInstanceID"":""ACPI\\PNP0A05\\25"",""SetupClass"":""4d36e97d-e325-11ce-bfc1-08002be10318"",""RebootOption"":""False"",""UpgradeDevice"":""False"",""IsDriverOEM"":""False"",""InstallStatus"":""0x0"",""DriverDescription"":""Generic Bus""}}}",,,,,,,,,,
2025-01-15 06:18:32.923318500+00:00,Evtx,Service installation,239.0,20003.0,Info,Microsoft-Windows-UserPnp,System,1592.0,1336.0,37L4247F27-25,S-1-5-18,,,system32\DRIVERS\pci.sys,False,"{""UserData"":{""AddServiceID"":{""ServiceName"":""pci"",""DriverFileName"":""system32\\DRIVERS\\pci.sys"",""DeviceInstanceID"":""PCI\\VEN_15AD&amp;DEV_07A0&amp;SUBSYS_07A015AD&amp;REV_01\\3&amp;2B8E0B4B&amp;0&amp;C2"",""PrimaryService"":""True"",""UpdateService"":""True"",""AddServiceStatus"":""0""}}}",,,,,,,,,,
2025-01-15 06:18:33.188518900+00:00,Evtx,Device installation,240.0,20001.0,Info,Microsoft-Windows-UserPnp,System,1592.0,1336.0,37L4247F27-25,S-1-5-18,,,FileRepository\machine.inf_amd64_neutral_a2f120466549d68b\machine.inf,False,"{""UserData"":{""InstallDeviceID"":{""DriverName"":""FileRepository\\machine.inf_amd64_neutral_a2f120466549d68b\\machine.inf"",""DriverVersion"":""6.1.7601.17514"",""DriverProvider"":""Microsoft"",""DeviceInstanceID"":""PCI\\VEN_15AD&amp;DEV_07A0&amp;SUBSYS_07A015AD&amp;REV_01\\3&amp;2B8E0B4B&amp;0&amp;C2"",""SetupClass"":""4d36e97d-e325-11ce-bfc1-08002be10318"",""RebootOption"":""False"",""UpgradeDevice"":""False"",""IsDriverOEM"":""False"",""InstallStatus"":""0x0"",""DriverDescription"":""PCI Express standard Root Port""}}}",,,,,,,,,,
2025-01-15 06:18:34.249320800+00:00,Evtx,Device installation,241.0,20001.0,Info,Microsoft-Windows-UserPnp,System,1496.0,1672.0,37L4247F27-25,S-1-5-18,,,FileRepository\machine.inf_amd64_neutral_a2f120466549d68b\machine.inf,False,"{""UserData"":{""InstallDeviceID"":{""DriverName"":""FileRepository\\machine.inf_amd64_neutral_a2f120466549d68b\\machine.inf"",""DriverVersion"":""6.1.7601.17514"",""DriverProvider"":""Microsoft"",""DeviceInstanceID"":""ACPI\\PNP0A05\\40"",""SetupClass"":""4d36e97d-e325-11ce-bfc1-08002be10318"",""RebootOption"":""False"",""UpgradeDevice"":""False"",""IsDriverOEM"":""False"",""InstallStatus"":""0x0"",""DriverDescription"":""Generic Bus""}}}",,,,,,,,,,
2025-01-15 06:18:34.483321200+00:00,Evtx,Device installation,242.0,20001.0,Info,Microsoft-Windows-UserPnp,System,1664.0,1716.0,37L4247F27-25,S-1-5-18,,,FileRepository\machine.inf_amd64_neutral_a2f120466549d68b\machine.inf,False,"{""UserData"":{""InstallDeviceID"":{""DriverName"":""FileRepository\\machine.inf_amd64_neutral_a2f120466549d68b\\machine.inf"",""DriverVersion"":""6.1.7601.17514"",""DriverProvider"":""Microsoft"",""DeviceInstanceID"":""ACPI\\PNP0A05\\26"",""SetupClass"":""4d36e97d-e325-11ce-bfc1-08002be10318"",""RebootOption"":""False"",""UpgradeDevice"":""False"",""IsDriverOEM"":""False"",""InstallStatus"":""0x0"",""DriverDescription"":""Generic Bus""}}}",,,,,,,,,,
2025-01-15 06:18:34.670521500+00:00,Evtx,Device installation,243.0,20001.0,Info,Microsoft-Windows-UserPnp,System,1752.0,1852.0,37L4247F27-25,S-1-5-18,,,FileRepository\machine.inf_amd64_neutral_a2f120466549d68b\machine.inf,False,"{""UserData"":{""InstallDeviceID"":{""DriverName"":""FileRepository\\machine.inf_amd64_neutral_a2f120466549d68b\\machine.inf"",""DriverVersion"":""6.1.7601.17514"",""DriverProvider"":""Microsoft"",""DeviceInstanceID"":""ACPI\\PNP0A05\\41"",""SetupClass"":""4d36e97d-e325-11ce-bfc1-08002be10318"",""RebootOption"":""False"",""UpgradeDevice"":""False"",""IsDriverOEM"":""False"",""InstallStatus"":""0x0"",""DriverDescription"":""Generic Bus""}}}",,,,,,,,,,
2025-01-15 06:18:34.873321900+00:00,Evtx,Device installation,244.0,20001.0,Info,Microsoft-Windows-UserPnp,System,1756.0,1572.0,37L4247F27-25,S-1-5-18,,,FileRepository\machine.inf_amd64_neutral_a2f120466549d68b\machine.inf,False,"{""UserData"":{""InstallDeviceID"":{""DriverName"":""FileRepository\\machine.inf_amd64_neutral_a2f120466549d68b\\machine.inf"",""DriverVersion"":""6.1.7601.17514"",""DriverProvider"":""Microsoft"",""DeviceInstanceID"":""ACPI\\PNP0A05\\5D"",""SetupClass"":""4d36e97d-e325-11ce-bfc1-08002be10318"",""RebootOption"":""False"",""UpgradeDevice"":""False"",""IsDriverOEM"":""False"",""InstallStatus"":""0x0"",""DriverDescription"":""Generic Bus""}}}",,,,,,,,,,
2025-01-15 06:18:35.356922700+00:00,Evtx,Device installation,245.0,20001.0,Info,Microsoft-Windows-UserPnp,System,1884.0,1804.0,37L4247F27-25,S-1-5-18,,,FileRepository\machine.inf_amd64_neutral_a2f120466549d68b\machine.inf,False,"{""UserData"":{""InstallDeviceID"":{""DriverName"":""FileRepository\\machine.inf_amd64_neutral_a2f120466549d68b\\machine.inf"",""DriverVersion"":""6.1.7601.17514"",""DriverProvider"":""Microsoft"",""DeviceInstanceID"":""ACPI\\PNP0A05\\42"",""SetupClass"":""4d36e97d-e325-11ce-bfc1-08002be10318"",""RebootOption"":""False"",""UpgradeDevice"":""False"",""IsDriverOEM"":""False"",""InstallStatus"":""0x0"",""DriverDescription"":""Generic Bus""}}}",,,,,,,,,,
2025-01-15 06:18:35.622123200+00:00,Evtx,Service installation,246.0,20003.0,Info,Microsoft-Windows-UserPnp,System,1876.0,1940.0,37L4247F27-25,S-1-5-18,,,system32\DRIVERS\vgapnp.sys,False,"{""UserData"":{""AddServiceID"":{""ServiceName"":""vga"",""DriverFileName"":""system32\\DRIVERS\\vgapnp.sys"",""DeviceInstanceID"":""PCI\\VEN_15AD&amp;DEV_0405&amp;SUBSYS_040515AD&amp;REV_00\\3&amp;2B8E0B4B&amp;0&amp;78"",""PrimaryService"":""True"",""UpdateService"":""True"",""AddServiceStatus"":""0""}}}",,,,,,,,,,
2025-01-15 06:18:35.996523900+00:00,Evtx,Device installation,247.0,20001.0,Info,Microsoft-Windows-UserPnp,System,1876.0,1940.0,37L4247F27-25,S-1-5-18,,,FileRepository\display.inf_amd64_neutral_ea1c8215e52777a6\display.inf,False,"{""UserData"":{""InstallDeviceID"":{""DriverName"":""FileRepository\\display.inf_amd64_neutral_ea1c8215e52777a6\\display.inf"",""DriverVersion"":""6.1.7600.16385"",""DriverProvider"":""Microsoft"",""DeviceInstanceID"":""PCI\\VEN_15AD&amp;DEV_0405&amp;SUBSYS_040515AD&amp;REV_00\\3&amp;2B8E0B4B&amp;0&amp;78"",""SetupClass"":""4d36e968-e325-11ce-bfc1-08002be10318"",""RebootOption"":""False"",""UpgradeDevice"":""False"",""IsDriverOEM"":""False"",""InstallStatus"":""0x0"",""DriverDescription"":""Standard VGA Graphics Adapter""}}}",,,,,,,,,,
2025-01-15 06:18:36.246124300+00:00,Evtx,Device installation,248.0,20001.0,Info,Microsoft-Windows-UserPnp,System,1900.0,1828.0,37L4247F27-25,S-1-5-18,,,FileRepository\machine.inf_amd64_neutral_a2f120466549d68b\machine.inf,False,"{""UserData"":{""InstallDeviceID"":{""DriverName"":""FileRepository\\machine.inf_amd64_neutral_a2f120466549d68b\\machine.inf"",""DriverVersion"":""6.1.7601.17514"",""DriverProvider"":""Microsoft"",""DeviceInstanceID"":""ACPI\\PNP0A05\\27"",""SetupClass"":""4d36e97d-e325-11ce-bfc1-08002be10318"",""RebootOption"":""False"",""UpgradeDevice"":""False"",""IsDriverOEM"":""False"",""InstallStatus"":""0x0"",""DriverDescription"":""Generic Bus""}}}",,,,,,,,,,
