2025-01-14 15:03:13.449621+00:00,Evtx,,46.0,5313.0,Info,Microsoft-Windows-GroupPolicy,Microsoft-Windows-GroupPolicy/Operational,820.0,868.0,WIN-3M6ADARIMNH,S-1-5-18,,,,False,"{""EventData"":{""Data"":[{""@Name"":""DescriptionString"",""#text"":""Local Group Policy, Not Applied (Empty), ""},{""@Name"":""GPOInfoList"",""#text"":""&lt;GPO ID=\""Local Group Policy\""&gt;&lt;Name&gt;Local Group Policy&lt;/Name&gt;&lt;Version&gt;0&lt;/Version&gt;&lt;SOM&gt;Local&lt;/SOM&gt;&lt;FSPath&gt;C:\\Windows\\System32\\GroupPolicy\\User&lt;/FSPath&gt;&lt;Reason&gt;NOTAPPLIED-EMPTY&lt;/Reason&gt;&lt;/GPO&gt;""}]}}",,,,,,,,,,
2025-01-14 15:03:13.449621+00:00,Evtx,Remote Desktop Services: Session logon succeeded,3.0,21.0,Info,Microsoft-Windows-TerminalServices-LocalSessionManager,Microsoft-Windows-TerminalServices-LocalSessionManager/Operational,436.0,716.0,WIN-3M6ADARIMNH,S-1-5-18,WIN-3M6ADARIMNH\victim machine,LOCAL,,False,"{""UserData"":{""EventXML"":{""User"":""WIN-3M6ADARIMNH\\victim machine"",""SessionID"":""1"",""Address"":""LOCAL""}}}",,,,,,,,,,
2025-01-14 15:03:13.449621+00:00,Evtx,An account was logged on,8.0,2.0,Info,Microsoft-Windows-User Profiles Service,Microsoft-Windows-User Profile Service/Operational,820.0,924.0,WIN-3M6ADARIMNH,S-1-5-21-1074993871-1730380631-692495208-1000,,,,False,"{""EventData"":{""Data"":{""@Name"":""Session"",""#text"":""1""}}}",,,,,,,,,,
2025-01-14 15:03:13.512021100+00:00,Evtx,Remote Desktop Services: Shell start notification received,4.0,22.0,Info,Microsoft-Windows-TerminalServices-LocalSessionManager,Microsoft-Windows-TerminalServices-LocalSessionManager/Operational,436.0,716.0,WIN-3M6ADARIMNH,S-1-5-18,WIN-3M6ADARIMNH\victim machine,LOCAL,,False,"{""UserData"":{""EventXML"":{""User"":""WIN-3M6ADARIMNH\\victim machine"",""SessionID"":""1"",""Address"":""LOCAL""}}}",,,,,,,,,,
2025-01-14 15:03:13.512021100+00:00,Evtx,,47.0,5324.0,Info,Microsoft-Windows-GroupPolicy,Microsoft-Windows-GroupPolicy/Operational,820.0,856.0,WIN-3M6ADARIMNH,S-1-5-18,,,,False,"{""EventData"":{""Data"":[{""@Name"":""NotificationType"",""#text"":""3""},{""@Name"":""SessionId"",""#text"":""1""}]}}",,,,,,,,,,
2025-01-14 15:03:13.558821200+00:00,Evtx,Service started or stopped,611.0,7036.0,Info,Service Control Manager,System,420.0,516.0,WIN-3M6ADARIMNH,,,,,False,"{""EventData"":{""Data"":[{""@Name"":""param1"",""#text"":""Task Scheduler""},{""@Name"":""param2"",""#text"":""running""}],""Binary"":""53-00-63-00-68-00-65-00-64-00-75-00-6C-00-65-00-2F-00-34-00-00-00""}}",,,,,,,,,,
2025-01-14 15:03:13.574421200+00:00,Evtx,Administrative logon,114.0,4672.0,LogAlways,Microsoft-Windows-Security-Auditing,Security,428.0,776.0,WIN-3M6ADARIMNH,,NT AUTHORITY\SYSTEM (S-1-5-18),,,False,"{""EventData"":{""Data"":[{""@Name"":""SubjectUserSid"",""#text"":""S-1-5-18""},{""@Name"":""SubjectUserName"",""#text"":""SYSTEM""},{""@Name"":""SubjectDomainName"",""#text"":""NT AUTHORITY""},{""@Name"":""SubjectLogonId"",""#text"":""0x3E7""},{""@Name"":""PrivilegeList"",""#text"":""SeAssignPrimaryTokenPrivilege, SeTcbPrivilege, SeSecurityPrivilege, SeTakeOwnershipPrivilege, SeLoadDriverPrivilege, SeBackupPrivilege, SeRestorePrivilege, SeDebugPrivilege, SeAuditPrivilege, SeSystemEnvironmentPrivilege, SeImpersonatePrivilege""}]}}",,,,,,,,,,
2025-01-14 15:03:13.574421200+00:00,Evtx,Successful logon,113.0,4624.0,LogAlways,Microsoft-Windows-Security-Auditing,Security,428.0,776.0,WIN-3M6ADARIMNH,,WORKGROUP\WIN-3M6ADARIMNH$, (-),C:\Windows\System32\services.exe,False,"{""EventData"":{""Data"":[{""@Name"":""SubjectUserSid"",""#text"":""S-1-5-18""},{""@Name"":""SubjectUserName"",""#text"":""WIN-3M6ADARIMNH$""},{""@Name"":""SubjectDomainName"",""#text"":""WORKGROUP""},{""@Name"":""SubjectLogonId"",""#text"":""0x3E7""},{""@Name"":""TargetUserSid"",""#text"":""S-1-5-18""},{""@Name"":""TargetUserName"",""#text"":""SYSTEM""},{""@Name"":""TargetDomainName"",""#text"":""NT AUTHORITY""},{""@Name"":""TargetLogonId"",""#text"":""0x3E7""},{""@Name"":""LogonType"",""#text"":""5""},{""@Name"":""LogonProcessName"",""#text"":""Advapi  ""},{""@Name"":""AuthenticationPackageName"",""#text"":""Negotiate""},{""@Name"":""WorkstationName""},{""@Name"":""LogonGuid"",""#text"":""00000000-0000-0000-0000-000000000000""},{""@Name"":""TransmittedServices"",""#text"":""-""},{""@Name"":""LmPackageName"",""#text"":""-""},{""@Name"":""KeyLength"",""#text"":""0""},{""@Name"":""ProcessId"",""#text"":""0x1A4""},{""@Name"":""ProcessName"",""#text"":""C:\\Windows\\System32\\services.exe""},{""@Name"":""IpAddress"",""#text"":""-""},{""@Name"":""IpPort"",""#text"":""-""}]}}",,,,,,,,,,
2025-01-14 15:03:13.605621300+00:00,Evtx,Service started or stopped,612.0,7036.0,Info,Service Control Manager,System,420.0,536.0,WIN-3M6ADARIMNH,,,,,False,"{""EventData"":{""Data"":[{""@Name"":""param1"",""#text"":""Print Spooler""},{""@Name"":""param2"",""#text"":""running""}],""Binary"":""53-00-70-00-6F-00-6F-00-6C-00-65-00-72-00-2F-00-34-00-00-00""}}",,,,,,,,,,
2025-01-14 15:03:13.668021400+00:00,Evtx,Service started or stopped,613.0,7036.0,Info,Service Control Manager,System,420.0,536.0,WIN-3M6ADARIMNH,,,,,False,"{""EventData"":{""Data"":[{""@Name"":""param1"",""#text"":""Base Filtering Engine""},{""@Name"":""param2"",""#text"":""running""}],""Binary"":""42-00-46-00-45-00-2F-00-34-00-00-00""}}",,,,,,,,,,
2025-01-14 15:03:13.668021400+00:00,Evtx,,115.0,5033.0,LogAlways,Microsoft-Windows-Security-Auditing,Security,4.0,44.0,WIN-3M6ADARIMNH,,,,,False,"{""EventData"":""""}",,,,,,,,,,
2025-01-14 15:03:13.683621400+00:00,Evtx,Service started or stopped,614.0,7036.0,Info,Service Control Manager,System,420.0,536.0,WIN-3M6ADARIMNH,,,,,False,"{""EventData"":{""Data"":[{""@Name"":""param1"",""#text"":""Windows Firewall""},{""@Name"":""param2"",""#text"":""running""}],""Binary"":""4D-00-70-00-73-00-53-00-76-00-63-00-2F-00-34-00-00-00""}}",,,,,,,,,,
2025-01-14 15:03:13.761621600+00:00,Evtx,Service started or stopped,615.0,7036.0,Info,Service Control Manager,System,420.0,536.0,WIN-3M6ADARIMNH,,,,,False,"{""EventData"":{""Data"":[{""@Name"":""param1"",""#text"":""Workstation""},{""@Name"":""param2"",""#text"":""running""}],""Binary"":""4C-00-61-00-6E-00-6D-00-61-00-6E-00-57-00-6F-00-72-00-6B-00-73-00-74-00-61-00-74-00-69-00-6F-00-6E-00-2F-00-34-00-00-00""}}",,,,,,,,,,
2025-01-14 15:03:13.808421600+00:00,Evtx,Service started or stopped,616.0,7036.0,Info,Service Control Manager,System,420.0,536.0,WIN-3M6ADARIMNH,,,,,False,"{""EventData"":{""Data"":[{""@Name"":""param1"",""#text"":""Cryptographic Services""},{""@Name"":""param2"",""#text"":""running""}],""Binary"":""43-00-72-00-79-00-70-00-74-00-53-00-76-00-63-00-2F-00-34-00-00-00""}}",,,,,,,,,,
2025-01-14 15:03:13.824021700+00:00,Evtx,Service started or stopped,617.0,7036.0,Info,Service Control Manager,System,420.0,516.0,WIN-3M6ADARIMNH,,,,,False,"{""EventData"":{""Data"":[{""@Name"":""param1"",""#text"":""Diagnostic Policy Service""},{""@Name"":""param2"",""#text"":""running""}],""Binary"":""44-00-50-00-53-00-2F-00-34-00-00-00""}}",,,,,,,,,,
2025-01-14 15:03:13.839621700+00:00,Evtx,Service started or stopped,619.0,7036.0,Info,Service Control Manager,System,420.0,536.0,WIN-3M6ADARIMNH,,,,,False,"{""EventData"":{""Data"":[{""@Name"":""param1"",""#text"":""Program Compatibility Assistant Service""},{""@Name"":""param2"",""#text"":""running""}],""Binary"":""50-00-63-00-61-00-53-00-76-00-63-00-2F-00-34-00-00-00""}}",,,,,,,,,,
2025-01-14 15:03:13.839621700+00:00,Evtx,,618.0,201.0,Info,Microsoft-Windows-Application-Experience,System,784.0,1236.0,WIN-3M6ADARIMNH,S-1-5-18,,,,False,"{""EventData"":""""}",,,,,,,,,,
2025-01-14 15:03:13.839621700+00:00,Evtx,Service started or stopped,620.0,7036.0,Info,Service Control Manager,System,420.0,520.0,WIN-3M6ADARIMNH,,,,,False,"{""EventData"":{""Data"":[{""@Name"":""param1"",""#text"":""Superfetch""},{""@Name"":""param2"",""#text"":""running""}],""Binary"":""53-00-79-00-73-00-4D-00-61-00-69-00-6E-00-2F-00-34-00-00-00""}}",,,,,,,,,,
2025-01-14 15:03:13.855221700+00:00,Evtx,Service started or stopped,622.0,7036.0,Info,Service Control Manager,System,420.0,536.0,WIN-3M6ADARIMNH,,,,,False,"{""EventData"":{""Data"":[{""@Name"":""param1"",""#text"":""Windows Management Instrumentation""},{""@Name"":""param2"",""#text"":""running""}],""Binary"":""57-00-69-00-6E-00-6D-00-67-00-6D-00-74-00-2F-00-34-00-00-00""}}",,,,,,,,,,
2025-01-14 15:03:13.855221700+00:00,Evtx,Service started or stopped,621.0,7036.0,Info,Service Control Manager,System,420.0,516.0,WIN-3M6ADARIMNH,,,,,False,"{""EventData"":{""Data"":[{""@Name"":""param1"",""#text"":""Distributed Link Tracking Client""},{""@Name"":""param2"",""#text"":""running""}],""Binary"":""54-00-72-00-6B-00-57-00-6B-00-73-00-2F-00-34-00-00-00""}}",,,,,,,,,,
2025-01-14 15:03:13.886421800+00:00,Evtx,Service started or stopped,623.0,7036.0,Info,Service Control Manager,System,420.0,512.0,WIN-3M6ADARIMNH,,,,,False,"{""EventData"":{""Data"":[{""@Name"":""param1"",""#text"":""IP Helper""},{""@Name"":""param2"",""#text"":""running""}],""Binary"":""69-00-70-00-68-00-6C-00-70-00-73-00-76-00-63-00-2F-00-34-00-00-00""}}",,,,,,,,,,
2025-01-14 15:03:13.933221900+00:00,Evtx,Service started or stopped,624.0,7036.0,Info,Service Control Manager,System,420.0,512.0,WIN-3M6ADARIMNH,,,,,False,"{""EventData"":{""Data"":[{""@Name"":""param1"",""#text"":""Network Location Awareness""},{""@Name"":""param2"",""#text"":""running""}],""Binary"":""4E-00-6C-00-61-00-53-00-76-00-63-00-2F-00-34-00-00-00""}}",,,,,,,,,,
2025-01-14 15:03:14.042422100+00:00,Evtx,Successful logon,117.0,4624.0,LogAlways,Microsoft-Windows-Security-Auditing,Security,428.0,776.0,WIN-3M6ADARIMNH,,-\-, (-),-,False,"{""EventData"":{""Data"":[{""@Name"":""SubjectUserSid"",""#text"":""S-1-0-0""},{""@Name"":""SubjectUserName"",""#text"":""-""},{""@Name"":""SubjectDomainName"",""#text"":""-""},{""@Name"":""SubjectLogonId"",""#text"":""0x0""},{""@Name"":""TargetUserSid"",""#text"":""S-1-5-7""},{""@Name"":""TargetUserName"",""#text"":""ANONYMOUS LOGON""},{""@Name"":""TargetDomainName"",""#text"":""NT AUTHORITY""},{""@Name"":""TargetLogonId"",""#text"":""0x1AE0F""},{""@Name"":""LogonType"",""#text"":""3""},{""@Name"":""LogonProcessName"",""#text"":""NtLmSsp ""},{""@Name"":""AuthenticationPackageName"",""#text"":""NTLM""},{""@Name"":""WorkstationName""},{""@Name"":""LogonGuid"",""#text"":""00000000-0000-0000-0000-000000000000""},{""@Name"":""TransmittedServices"",""#text"":""-""},{""@Name"":""LmPackageName"",""#text"":""NTLM V1""},{""@Name"":""KeyLength"",""#text"":""0""},{""@Name"":""ProcessId"",""#text"":""0x0""},{""@Name"":""ProcessName"",""#text"":""-""},{""@Name"":""IpAddress"",""#text"":""-""},{""@Name"":""IpPort"",""#text"":""-""}]}}",,,,,,,,,,
2025-01-14 15:03:14.042422100+00:00,Evtx,,116.0,5024.0,LogAlways,Microsoft-Windows-Security-Auditing,Security,428.0,476.0,WIN-3M6ADARIMNH,,,,,False,"{""EventData"":""""}",,,,,,,,,,
2025-01-14 15:03:14.058022100+00:00,Evtx,Service started or stopped,625.0,7036.0,Info,Service Control Manager,System,420.0,536.0,WIN-3M6ADARIMNH,,,,,False,"{""EventData"":{""Data"":[{""@Name"":""param1"",""#text"":""Server""},{""@Name"":""param2"",""#text"":""running""}],""Binary"":""4C-00-61-00-6E-00-6D-00-61-00-6E-00-53-00-65-00-72-00-76-00-65-00-72-00-2F-00-34-00-00-00""}}",,,,,,,,,,
2025-01-14 15:03:14.214022400+00:00,Evtx,Service started or stopped,627.0,7036.0,Info,Service Control Manager,System,420.0,524.0,WIN-3M6ADARIMNH,,,,,False,"{""EventData"":{""Data"":[{""@Name"":""param1"",""#text"":""Diagnostic Service Host""},{""@Name"":""param2"",""#text"":""running""}],""Binary"":""57-00-64-00-69-00-53-00-65-00-72-00-76-00-69-00-63-00-65-00-48-00-6F-00-73-00-74-00-2F-00-34-00-00-00""}}",,,,,,,,,,
2025-01-14 15:03:14.214022400+00:00,Evtx,Service started or stopped,626.0,7036.0,Info,Service Control Manager,System,420.0,536.0,WIN-3M6ADARIMNH,,,,,False,"{""EventData"":{""Data"":[{""@Name"":""param1"",""#text"":""Application Experience""},{""@Name"":""param2"",""#text"":""running""}],""Binary"":""41-00-65-00-4C-00-6F-00-6F-00-6B-00-75-00-70-00-53-00-76-00-63-00-2F-00-34-00-00-00""}}",,,,,,,,,,
2025-01-14 15:03:14.260822400+00:00,Evtx,Service started or stopped,628.0,7036.0,Info,Service Control Manager,System,420.0,520.0,WIN-3M6ADARIMNH,,,,,False,"{""EventData"":{""Data"":[{""@Name"":""param1"",""#text"":""Network List Service""},{""@Name"":""param2"",""#text"":""running""}],""Binary"":""6E-00-65-00-74-00-70-00-72-00-6F-00-66-00-6D-00-2F-00-34-00-00-00""}}",,,,,,,,,,
2025-01-14 15:03:14.292022500+00:00,Evtx,Service started or stopped,630.0,7036.0,Info,Service Control Manager,System,420.0,532.0,WIN-3M6ADARIMNH,,,,,False,"{""EventData"":{""Data"":[{""@Name"":""param1"",""#text"":""Application Information""},{""@Name"":""param2"",""#text"":""running""}],""Binary"":""41-00-70-00-70-00-69-00-6E-00-66-00-6F-00-2F-00-34-00-00-00""}}",,,,,,,,,,
2025-01-14 15:03:14.292022500+00:00,Evtx,Service started or stopped,629.0,7036.0,Info,Service Control Manager,System,420.0,520.0,WIN-3M6ADARIMNH,,,,,False,"{""EventData"":{""Data"":[{""@Name"":""param1"",""#text"":""Diagnostic System Host""},{""@Name"":""param2"",""#text"":""running""}],""Binary"":""57-00-64-00-69-00-53-00-79-00-73-00-74-00-65-00-6D-00-48-00-6F-00-73-00-74-00-2F-00-34-00-00-00""}}",,,,,,,,,,
2025-01-14 15:03:14.307622500+00:00,Evtx,Service started or stopped,631.0,7036.0,Info,Service Control Manager,System,420.0,512.0,WIN-3M6ADARIMNH,,,,,False,"{""EventData"":{""Data"":[{""@Name"":""param1"",""#text"":""Portable Device Enumerator Service""},{""@Name"":""param2"",""#text"":""running""}],""Binary"":""57-00-50-00-44-00-42-00-75-00-73-00-45-00-6E-00-75-00-6D-00-2F-00-34-00-00-00""}}",,,,,,,,,,
2025-01-14 15:03:14.448022800+00:00,Evtx,,9.0,4001.0,Info,Microsoft-Windows-NetworkProfile,Microsoft-Windows-NetworkProfile/Operational,928.0,1516.0,WIN-3M6ADARIMNH,S-1-5-19,,,,False,"{""EventData"":{""Data"":[{""@Name"":""InterfaceGuid"",""#text"":""8bb69fec-b855-4671-87eb-eb5a9e000564""},{""@Name"":""CurrentOrNextState"",""#text"":""0""}]}}",,,,,,,,,,
2025-01-14 15:03:14.494822900+00:00,Evtx,Connect to the Internet,10.0,10000.0,Info,Microsoft-Windows-NetworkProfile,Microsoft-Windows-NetworkProfile/Operational,928.0,1520.0,WIN-3M6ADARIMNH,S-1-5-19,,,,False,"{""EventData"":{""Data"":[{""@Name"":""Name"",""#text"":""Identifying...""},{""@Name"":""Description"",""#text"":""Identifying...""},{""@Name"":""Guid"",""#text"":""18c5a094-0d87-4ced-bafe-cde538f86ec4""},{""@Name"":""Type"",""#text"":""0""},{""@Name"":""State"",""#text"":""1""},{""@Name"":""Category"",""#text"":""0""}]}}",,,,,,,,,,
2025-01-14 15:03:15.103223900+00:00,Evtx,,49.0,5320.0,Info,Microsoft-Windows-GroupPolicy,Microsoft-Windows-GroupPolicy/Operational,820.0,868.0,WIN-3M6ADARIMNH,S-1-5-18,,,,False,"{""EventData"":{""Data"":{""@Name"":""InfoDescription"",""#text"":""%%4163""}}}",,,,,,,,,,
2025-01-14 15:03:15.103223900+00:00,Evtx,,50.0,5320.0,Info,Microsoft-Windows-GroupPolicy,Microsoft-Windows-GroupPolicy/Operational,820.0,868.0,WIN-3M6ADARIMNH,S-1-5-18,,,,False,"{""EventData"":{""Data"":{""@Name"":""InfoDescription"",""#text"":""%%4165""}}}",,,,,,,,,,
2025-01-14 15:03:15.103223900+00:00,Evtx,,48.0,5320.0,Info,Microsoft-Windows-GroupPolicy,Microsoft-Windows-GroupPolicy/Operational,820.0,868.0,WIN-3M6ADARIMNH,S-1-5-18,,,,False,"{""EventData"":{""Data"":{""@Name"":""InfoDescription"",""#text"":""%%4161""}}}",,,,,,,,,,
2025-01-14 15:03:15.103223900+00:00,Evtx,,51.0,8001.0,Info,Microsoft-Windows-GroupPolicy,Microsoft-Windows-GroupPolicy/Operational,820.0,868.0,WIN-3M6ADARIMNH,S-1-5-18,,,,False,"{""EventData"":{""Data"":[{""@Name"":""PolicyElaspedTimeInSeconds"",""#text"":""1""},{""@Name"":""ErrorCode"",""#text"":""0""},{""@Name"":""PrincipalSamName"",""#text"":""WIN-3M6ADARIMNH\\victim machine""},{""@Name"":""IsMachine"",""#text"":""0""},{""@Name"":""IsConnectivityFailure"",""#text"":""False""}]}}",,,,,,,,,,
2025-01-14 15:03:15.384024400+00:00,Evtx,Connect to the Internet,12.0,10000.0,Info,Microsoft-Windows-NetworkProfile,Microsoft-Windows-NetworkProfile/Operational,928.0,1520.0,WIN-3M6ADARIMNH,S-1-5-19,,,,False,"{""EventData"":{""Data"":[{""@Name"":""Name"",""#text"":""Network""},{""@Name"":""Description"",""#text"":""Network""},{""@Name"":""Guid"",""#text"":""b992d343-7f0c-4551-ab6b-1d3b8514b4c4""},{""@Name"":""Type"",""#text"":""0""},{""@Name"":""State"",""#text"":""1""},{""@Name"":""Category"",""#text"":""0""}]}}",,,,,,,,,,
2025-01-14 15:03:15.384024400+00:00,Evtx,,11.0,4002.0,Info,Microsoft-Windows-NetworkProfile,Microsoft-Windows-NetworkProfile/Operational,928.0,1516.0,WIN-3M6ADARIMNH,S-1-5-19,,,,False,"{""EventData"":{""Data"":[{""@Name"":""InterfaceGuid"",""#text"":""8bb69fec-b855-4671-87eb-eb5a9e000564""},{""@Name"":""CurrentOrNextState"",""#text"":""1""}]}}",,,,,,,,,,
2025-01-14 15:03:15.384024400+00:00,Evtx,Service started or stopped,632.0,7036.0,Info,Service Control Manager,System,420.0,532.0,WIN-3M6ADARIMNH,,,,,False,"{""EventData"":{""Data"":[{""@Name"":""param1"",""#text"":""WinHTTP Web Proxy Auto-Discovery Service""},{""@Name"":""param2"",""#text"":""running""}],""Binary"":""57-00-69-00-6E-00-48-00-74-00-74-00-70-00-41-00-75-00-74-00-6F-00-50-00-72-00-6F-00-78-00-79-00-53-00-76-00-63-00-2F-00-34-00-00-00""}}",,,,,,,,,,
2025-01-14 15:03:15.508824600+00:00,Evtx,,3.0,1001.0,Info,Microsoft-Windows-Resource-Exhaustion-Detector,Microsoft-Windows-Resource-Exhaustion-Detector/Operational,1096.0,1548.0,WIN-3M6ADARIMNH,S-1-5-19,,,,False,"{""EventData"":""""}",,,,,,,,,,
2025-01-14 15:03:16.039225600+00:00,Evtx,,119.0,4739.0,LogAlways,Microsoft-Windows-Security-Auditing,Security,428.0,476.0,WIN-3M6ADARIMNH,,,,,False,"{""EventData"":{""Data"":[{""@Name"":""DomainPolicyChanged"",""#text"":""Logoff Policy""},{""@Name"":""DomainName"",""#text"":""WIN-3M6ADARIMNH""},{""@Name"":""DomainSid"",""#text"":""S-1-5-21-1074993871-1730380631-692495208""},{""@Name"":""SubjectUserSid"",""#text"":""S-1-5-21-1074993871-1730380631-692495208-1000""},{""@Name"":""SubjectUserName"",""#text"":""victim machine""},{""@Name"":""SubjectDomainName"",""#text"":""WIN-3M6ADARIMNH""},{""@Name"":""SubjectLogonId"",""#text"":""0x14106""},{""@Name"":""PrivilegeList"",""#text"":""-""},{""@Name"":""MinPasswordAge"",""#text"":""-""},{""@Name"":""MaxPasswordAge"",""#text"":""-""},{""@Name"":""ForceLogoff"",""#text"":""-""},{""@Name"":""LockoutThreshold"",""#text"":""-""},{""@Name"":""LockoutObservationWindow"",""#text"":""-""},{""@Name"":""LockoutDuration"",""#text"":""-""},{""@Name"":""PasswordProperties"",""#text"":""-""},{""@Name"":""MinPasswordLength"",""#text"":""-""},{""@Name"":""PasswordHistoryLength"",""#text"":""-""},{""@Name"":""MachineAccountQuota"",""#text"":""-""},{""@Name"":""MixedDomainMode"",""#text"":""-""},{""@Name"":""DomainBehaviorVersion"",""#text"":""-""},{""@Name"":""OemInformation"",""#text"":""-""}]}}",,,,,,,,,,
2025-01-14 15:03:16.039225600+00:00,Evtx,,118.0,4739.0,LogAlways,Microsoft-Windows-Security-Auditing,Security,428.0,776.0,WIN-3M6ADARIMNH,,,,,False,"{""EventData"":{""Data"":[{""@Name"":""DomainPolicyChanged"",""#text"":""Password Policy""},{""@Name"":""DomainName"",""#text"":""WIN-3M6ADARIMNH""},{""@Name"":""DomainSid"",""#text"":""S-1-5-21-1074993871-1730380631-692495208""},{""@Name"":""SubjectUserSid"",""#text"":""S-1-5-21-1074993871-1730380631-692495208-1000""},{""@Name"":""SubjectUserName"",""#text"":""victim machine""},{""@Name"":""SubjectDomainName"",""#text"":""WIN-3M6ADARIMNH""},{""@Name"":""SubjectLogonId"",""#text"":""0x14106""},{""@Name"":""PrivilegeList"",""#text"":""-""},{""@Name"":""MinPasswordAge"",""#text"":"", ""},{""@Name"":""MaxPasswordAge""},{""@Name"":""ForceLogoff""},{""@Name"":""LockoutThreshold"",""#text"":""-""},{""@Name"":""LockoutObservationWindow"",""#text"":""-""},{""@Name"":""LockoutDuration"",""#text"":""-""},{""@Name"":""PasswordProperties"",""#text"":""-""},{""@Name"":""MinPasswordLength"",""#text"":""-""},{""@Name"":""PasswordHistoryLength"",""#text"":""0""},{""@Name"":""MachineAccountQuota"",""#text"":""0""},{""@Name"":""MixedDomainMode"",""#text"":""0""},{""@Name"":""DomainBehaviorVersion"",""#text"":""-""},{""@Name"":""OemInformation"",""#text"":""-""}]}}",,,,,,,,,,
2025-01-14 15:03:17.536828200+00:00,Evtx,Service started or stopped,633.0,7036.0,Info,Service Control Manager,System,420.0,532.0,WIN-3M6ADARIMNH,,,,,False,"{""EventData"":{""Data"":[{""@Name"":""param1"",""#text"":""Protected Storage""},{""@Name"":""param2"",""#text"":""running""}],""Binary"":""50-00-72-00-6F-00-74-00-65-00-63-00-74-00-65-00-64-00-53-00-74-00-6F-00-72-00-61-00-67-00-65-00-2F-00-34-00-00-00""}}",,,,,,,,,,
2025-01-14 15:03:23.418038500+00:00,Evtx,Administrative logon,121.0,4672.0,LogAlways,Microsoft-Windows-Security-Auditing,Security,428.0,472.0,WIN-3M6ADARIMNH,,NT AUTHORITY\SYSTEM (S-1-5-18),,,False,"{""EventData"":{""Data"":[{""@Name"":""SubjectUserSid"",""#text"":""S-1-5-18""},{""@Name"":""SubjectUserName"",""#text"":""SYSTEM""},{""@Name"":""SubjectDomainName"",""#text"":""NT AUTHORITY""},{""@Name"":""SubjectLogonId"",""#text"":""0x3E7""},{""@Name"":""PrivilegeList"",""#text"":""SeAssignPrimaryTokenPrivilege, SeTcbPrivilege, SeSecurityPrivilege, SeTakeOwnershipPrivilege, SeLoadDriverPrivilege, SeBackupPrivilege, SeRestorePrivilege, SeDebugPrivilege, SeAuditPrivilege, SeSystemEnvironmentPrivilege, SeImpersonatePrivilege""}]}}",,,,,,,,,,
2025-01-14 15:03:23.418038500+00:00,Evtx,Successful logon,120.0,4624.0,LogAlways,Microsoft-Windows-Security-Auditing,Security,428.0,472.0,WIN-3M6ADARIMNH,,WORKGROUP\WIN-3M6ADARIMNH$, (-),C:\Windows\System32\services.exe,False,"{""EventData"":{""Data"":[{""@Name"":""SubjectUserSid"",""#text"":""S-1-5-18""},{""@Name"":""SubjectUserName"",""#text"":""WIN-3M6ADARIMNH$""},{""@Name"":""SubjectDomainName"",""#text"":""WORKGROUP""},{""@Name"":""SubjectLogonId"",""#text"":""0x3E7""},{""@Name"":""TargetUserSid"",""#text"":""S-1-5-18""},{""@Name"":""TargetUserName"",""#text"":""SYSTEM""},{""@Name"":""TargetDomainName"",""#text"":""NT AUTHORITY""},{""@Name"":""TargetLogonId"",""#text"":""0x3E7""},{""@Name"":""LogonType"",""#text"":""5""},{""@Name"":""LogonProcessName"",""#text"":""Advapi  ""},{""@Name"":""AuthenticationPackageName"",""#text"":""Negotiate""},{""@Name"":""WorkstationName""},{""@Name"":""LogonGuid"",""#text"":""00000000-0000-0000-0000-000000000000""},{""@Name"":""TransmittedServices"",""#text"":""-""},{""@Name"":""LmPackageName"",""#text"":""-""},{""@Name"":""KeyLength"",""#text"":""0""},{""@Name"":""ProcessId"",""#text"":""0x1A4""},{""@Name"":""ProcessName"",""#text"":""C:\\Windows\\System32\\services.exe""},{""@Name"":""IpAddress"",""#text"":""-""},{""@Name"":""IpPort"",""#text"":""-""}]}}",,,,,,,,,,
2025-01-14 15:03:23.652038900+00:00,Evtx,Service started or stopped,634.0,7036.0,Info,Service Control Manager,System,420.0,532.0,WIN-3M6ADARIMNH,,,,,False,"{""EventData"":{""Data"":[{""@Name"":""param1"",""#text"":""Windows Search""},{""@Name"":""param2"",""#text"":""running""}],""Binary"":""57-00-53-00-65-00-61-00-72-00-63-00-68-00-2F-00-34-00-00-00""}}",,,,,,,,,,
2025-01-14 15:03:24.369640200+00:00,Evtx,,2.0,1006.0,Info,Microsoft-Windows-DHCPv6-Client,Microsoft-Windows-Dhcpv6-Client/Admin,660.0,1568.0,WIN-3M6ADARIMNH,S-1-5-19,,,,False,"{""EventData"":{""Data"":[{""@Name"":""InterfaceId"",""#text"":""11""},{""@Name"":""Flag1"",""#text"":""True""},{""@Name"":""Flag2"",""#text"":""True""}]}}",,,,,,,,,,
2025-01-14 15:03:32.433257200+00:00,Evtx,Service started or stopped,635.0,7036.0,Info,Service Control Manager,System,420.0,500.0,WIN-3M6ADARIMNH,,,,,False,"{""EventData"":{""Data"":[{""@Name"":""param1"",""#text"":""Network Connections""},{""@Name"":""param2"",""#text"":""running""}],""Binary"":""4E-00-65-00-74-00-6D-00-61-00-6E-00-2F-00-34-00-00-00""}}",,,,,,,,,,
2025-01-14 15:04:04.335313300+00:00,Evtx,,4.0,1015.0,Info,Microsoft-Windows-ReadyBoost,Microsoft-Windows-ReadyBoost/Operational,784.0,1896.0,WIN-3M6ADARIMNH,S-1-5-18,,,,False,"{""EventData"":{""Data"":[{""@Name"":""RB_IoReadBytes"",""#text"":""286318592""},{""@Name"":""RB_CacheHitBytes"",""#text"":""207631360""},{""@Name"":""RB_PrefetchBytes"",""#text"":""602300416""},{""@Name"":""RB_CacheHitPercentage"",""#text"":""0.823551148611197""},{""@Name"":""RB_IoReadCount"",""#text"":""16237""},{""@Name"":""RB_CacheHitCount"",""#text"":""13372""},{""@Name"":""RB_PrefetchReadCount"",""#text"":""12277""},{""@Name"":""RB_PrefetchDiskTimeUs"",""#text"":""5616255""}]}}",,,,,,,,,,
2025-01-14 15:04:04.335313300+00:00,Evtx,,4.0,1015.0,Info,Microsoft-Windows-ReadyBoost,Microsoft-Windows-ReadyBoost/Operational,784.0,1896.0,WIN-3M6ADARIMNH,S-1-5-18,,,,False,"{""EventData"":{""Data"":[{""@Name"":""RB_IoReadBytes"",""#text"":""286318592""},{""@Name"":""RB_CacheHitBytes"",""#text"":""207631360""},{""@Name"":""RB_PrefetchBytes"",""#text"":""602300416""},{""@Name"":""RB_CacheHitPercentage"",""#text"":""0.823551148611197""},{""@Name"":""RB_IoReadCount"",""#text"":""16237""},{""@Name"":""RB_CacheHitCount"",""#text"":""13372""},{""@Name"":""RB_PrefetchReadCount"",""#text"":""12277""},{""@Name"":""RB_PrefetchDiskTimeUs"",""#text"":""5616255""}]}}",,,,,,,,,,
2025-01-14 15:04:04.506913600+00:00,Evtx,,5.0,1016.0,Info,Microsoft-Windows-ReadyBoost,Microsoft-Windows-ReadyBoost/Operational,784.0,1896.0,WIN-3M6ADARIMNH,S-1-5-18,,,,False,"{""EventData"":{""Data"":[{""@Name"":""BootPlanTimestamp"",""#text"":""2025-01-14 23:04:04.0701128""},{""@Name"":""ErrorCode"",""#text"":""0""},{""@Name"":""Duration (ms)"",""#text"":""436""},{""@Name"":""Reason"",""#text"":""0""}]}}",,,,,,,,,,
2025-01-14 15:04:04.506913600+00:00,Evtx,,5.0,1016.0,Info,Microsoft-Windows-ReadyBoost,Microsoft-Windows-ReadyBoost/Operational,784.0,1896.0,WIN-3M6ADARIMNH,S-1-5-18,,,,False,"{""EventData"":{""Data"":[{""@Name"":""BootPlanTimestamp"",""#text"":""2025-01-14 23:04:04.0701128""},{""@Name"":""ErrorCode"",""#text"":""0""},{""@Name"":""Duration (ms)"",""#text"":""436""},{""@Name"":""Reason"",""#text"":""0""}]}}",,,,,,,,,,
2025-01-14 15:04:47.488190400+00:00,Evtx,,9.0,100.0,Info,Microsoft-Windows-Diagnosis-DPS,Microsoft-Windows-Diagnosis-DPS/Operational,1096.0,1524.0,WIN-3M6ADARIMNH,S-1-5-19,,,,False,"{""EventData"":{""Data"":[{""@Name"":""ScenarioId"",""#text"":""86432a0b-3c7d-4ddf-a89c-172faa90485d""},{""@Name"":""InstanceId"",""#text"":""2def4e9a-11b1-4d33-855a-20f11db0802e""},{""@Name"":""OriginalActivityId"",""#text"":""86432a0b-3c7d-4ddf-a89c-172faa90485d""},{""@Name"":""DiagnosticModuleImageName"",""#text"":""%SystemRoot%\\system32\\diagperf.dll""},{""@Name"":""DiagnosticModuleId"",""#text"":""c8544339-5be9-4f25-862e-485f1b1a6935""}]}}",,,,,,,,,,
2025-01-14 15:04:47.488190400+00:00,Evtx,,10.0,105.0,Info,Microsoft-Windows-Diagnosis-DPS,Microsoft-Windows-Diagnosis-DPS/Operational,1096.0,1524.0,WIN-3M6ADARIMNH,S-1-5-19,,,,False,"{""EventData"":{""Data"":[{""@Name"":""ScenarioId"",""#text"":""86432a0b-3c7d-4ddf-a89c-172faa90485d""},{""@Name"":""InstanceId"",""#text"":""2def4e9a-11b1-4d33-855a-20f11db0802e""},{""@Name"":""OriginalActivityId"",""#text"":""86432a0b-3c7d-4ddf-a89c-172faa90485d""},{""@Name"":""DiagnosticModuleImageName"",""#text"":""%SystemRoot%\\system32\\diagperf.dll""},{""@Name"":""DiagnosticModuleId"",""#text"":""c8544339-5be9-4f25-862e-485f1b1a6935""}]}}",,,,,,,,,,
2025-01-14 15:04:47.644190700+00:00,Evtx,,11.0,110.0,Info,Microsoft-Windows-Diagnosis-DPS,Microsoft-Windows-Diagnosis-DPS/Operational,1096.0,1524.0,WIN-3M6ADARIMNH,S-1-5-19,,,,False,"{""EventData"":{""Data"":[{""@Name"":""ScenarioId"",""#text"":""86432a0b-3c7d-4ddf-a89c-172faa90485d""},{""@Name"":""InstanceId"",""#text"":""2def4e9a-11b1-4d33-855a-20f11db0802e""},{""@Name"":""OriginalActivityId"",""#text"":""86432a0b-3c7d-4ddf-a89c-172faa90485d""},{""@Name"":""DiagnosticModuleImageName"",""#text"":""%SystemRoot%\\system32\\diagperf.dll""},{""@Name"":""DiagnosticModuleId"",""#text"":""c8544339-5be9-4f25-862e-485f1b1a6935""}]}}",,,,,,,,,,
2025-01-14 15:04:47.644190700+00:00,Evtx,Windows System was started,1.0,100.0,Warning,Microsoft-Windows-Diagnostics-Performance,Microsoft-Windows-Diagnostics-Performance/Operational,1096.0,1524.0,WIN-3M6ADARIMNH,S-1-5-19,,,,False,"{""EventData"":{""Data"":[{""@Name"":""BootTsVersion"",""#text"":""2""},{""@Name"":""BootStartTime"",""#text"":""2025-01-14 15:03:01.6092002""},{""@Name"":""BootEndTime"",""#text"":""2025-01-14 15:04:45.5141858""},{""@Name"":""SystemBootInstance"",""#text"":""6""},{""@Name"":""UserBootInstance"",""#text"":""1""},{""@Name"":""BootTime"",""#text"":""35523""},{""@Name"":""MainPathBootTime"",""#text"":""24923""},{""@Name"":""BootKernelInitTime"",""#text"":""15""},{""@Name"":""BootDriverInitTime"",""#text"":""784""},{""@Name"":""BootDevicesInitTime"",""#text"":""5112""},{""@Name"":""BootPrefetchInitTime"",""#text"":""5616""},{""@Name"":""BootPrefetchBytes"",""#text"":""602300416""},{""@Name"":""BootAutoChkTime"",""#text"":""0""},{""@Name"":""BootSmssInitTime"",""#text"":""839""},{""@Name"":""BootCriticalServicesInitTime"",""#text"":""382""},{""@Name"":""BootUserProfileProcessingTime"",""#text"":""141""},{""@Name"":""BootMachineProfileProcessingTime"",""#text"":""176""},{""@Name"":""BootExplorerInitTime"",""#text"":""13170""},{""@Name"":""BootNumStartupApps"",""#text"":""22""},{""@Name"":""BootPostBootTime"",""#text"":""10600""},{""@Name"":""BootIsRebootAfterInstall"",""#text"":""False""},{""@Name"":""BootRootCauseStepImprovementBits"",""#text"":""0""},{""@Name"":""BootRootCauseGradualImprovementBits"",""#text"":""0""},{""@Name"":""BootRootCauseStepDegradationBits"",""#text"":""0""},{""@Name"":""BootRootCauseGradualDegradationBits"",""#text"":""0""},{""@Name"":""BootIsDegradation"",""#text"":""False""},{""@Name"":""BootIsStepDegradation"",""#text"":""False""},{""@Name"":""BootIsGradualDegradation"",""#text"":""False""},{""@Name"":""BootImprovementDelta"",""#text"":""0""},{""@Name"":""BootDegradationDelta"",""#text"":""0""},{""@Name"":""BootIsRootCauseIdentified"",""#text"":""False""},{""@Name"":""OSLoaderDuration"",""#text"":""847""},{""@Name"":""BootPNPInitStartTimeMS"",""#text"":""15""},{""@Name"":""BootPNPInitDuration"",""#text"":""5124""},{""@Name"":""OtherKernelInitDuration"",""#text"":""4156""},{""@Name"":""SystemPNPInitStartTimeMS"",""#text"":""9277""},{""@Name"":""SystemPNPInitDuration"",""#text"":""771""},{""@Name"":""SessionInitStartTimeMS"",""#text"":""10052""},{""@Name"":""Session0InitDuration"",""#text"":""82""},{""@Name"":""Session1InitDuration"",""#text"":""65""},{""@Name"":""SessionInitOtherDuration"",""#text"":""692""},{""@Name"":""WinLogonStartTimeMS"",""#text"":""10892""},{""@Name"":""OtherLogonInitActivityDuration"",""#text"":""542""},{""@Name"":""UserLogonWaitDuration"",""#text"":""156""}]}}",,,,,,,,,,
2025-01-14 15:04:47.644190700+00:00,Evtx,,2.0,109.0,Warning,Microsoft-Windows-Diagnostics-Performance,Microsoft-Windows-Diagnostics-Performance/Operational,1096.0,1524.0,WIN-3M6ADARIMNH,S-1-5-19,,,,False,"{""EventData"":{""Data"":[{""@Name"":""StartTime"",""#text"":""2025-01-14 15:03:01.6092002""},{""@Name"":""NameLength"",""#text"":""32""},{""@Name"":""Name"",""#text"":""PCIIDE\\IDEChannel\\4&amp;c5d1198&amp;0&amp;0""},{""@Name"":""FriendlyNameLength"",""#text"":""12""},{""@Name"":""FriendlyName"",""#text"":""IDE Channel""},{""@Name"":""VersionLength"",""#text"":""0""},{""@Name"":""Version""},{""@Name"":""TotalTime"",""#text"":""2513""},{""@Name"":""DegradationTime"",""#text"":""13""},{""@Name"":""PathLength"",""#text"":""0""},{""@Name"":""Path""},{""@Name"":""ProductNameLength"",""#text"":""0""},{""@Name"":""ProductName""},{""@Name"":""CompanyNameLength"",""#text"":""0""},{""@Name"":""CompanyName""}]}}",,,,,,,,,,
2025-01-14 15:04:47.644190700+00:00,Evtx,,3.0,109.0,Warning,Microsoft-Windows-Diagnostics-Performance,Microsoft-Windows-Diagnostics-Performance/Operational,1096.0,1524.0,WIN-3M6ADARIMNH,S-1-5-19,,,,False,"{""EventData"":{""Data"":[{""@Name"":""StartTime"",""#text"":""2025-01-14 15:03:01.6092002""},{""@Name"":""NameLength"",""#text"":""32""},{""@Name"":""Name"",""#text"":""PCIIDE\\IDEChannel\\4&amp;c5d1198&amp;0&amp;1""},{""@Name"":""FriendlyNameLength"",""#text"":""12""},{""@Name"":""FriendlyName"",""#text"":""IDE Channel""},{""@Name"":""VersionLength"",""#text"":""0""},{""@Name"":""Version""},{""@Name"":""TotalTime"",""#text"":""2511""},{""@Name"":""DegradationTime"",""#text"":""11""},{""@Name"":""PathLength"",""#text"":""0""},{""@Name"":""Path""},{""@Name"":""ProductNameLength"",""#text"":""0""},{""@Name"":""ProductName""},{""@Name"":""CompanyNameLength"",""#text"":""0""},{""@Name"":""CompanyName""}]}}",,,,,,,,,,
2025-01-14 15:04:47.644190700+00:00,Evtx,,2.0,109.0,Warning,Microsoft-Windows-Diagnostics-Performance,Microsoft-Windows-Diagnostics-Performance/Operational,1096.0,1524.0,WIN-3M6ADARIMNH,S-1-5-19,,,,False,"{""EventData"":{""Data"":[{""@Name"":""StartTime"",""#text"":""2025-01-14 15:03:01.6092002""},{""@Name"":""NameLength"",""#text"":""32""},{""@Name"":""Name"",""#text"":""PCIIDE\\IDEChannel\\4&amp;c5d1198&amp;0&amp;0""},{""@Name"":""FriendlyNameLength"",""#text"":""12""},{""@Name"":""FriendlyName"",""#text"":""IDE Channel""},{""@Name"":""VersionLength"",""#text"":""0""},{""@Name"":""Version""},{""@Name"":""TotalTime"",""#text"":""2513""},{""@Name"":""DegradationTime"",""#text"":""13""},{""@Name"":""PathLength"",""#text"":""0""},{""@Name"":""Path""},{""@Name"":""ProductNameLength"",""#text"":""0""},{""@Name"":""ProductName""},{""@Name"":""CompanyNameLength"",""#text"":""0""},{""@Name"":""CompanyName""}]}}",,,,,,,,,,
2025-01-14 15:04:47.644190700+00:00,Evtx,,3.0,109.0,Warning,Microsoft-Windows-Diagnostics-Performance,Microsoft-Windows-Diagnostics-Performance/Operational,1096.0,1524.0,WIN-3M6ADARIMNH,S-1-5-19,,,,False,"{""EventData"":{""Data"":[{""@Name"":""StartTime"",""#text"":""2025-01-14 15:03:01.6092002""},{""@Name"":""NameLength"",""#text"":""32""},{""@Name"":""Name"",""#text"":""PCIIDE\\IDEChannel\\4&amp;c5d1198&amp;0&amp;1""},{""@Name"":""FriendlyNameLength"",""#text"":""12""},{""@Name"":""FriendlyName"",""#text"":""IDE Channel""},{""@Name"":""VersionLength"",""#text"":""0""},{""@Name"":""Version""},{""@Name"":""TotalTime"",""#text"":""2511""},{""@Name"":""DegradationTime"",""#text"":""11""},{""@Name"":""PathLength"",""#text"":""0""},{""@Name"":""Path""},{""@Name"":""ProductNameLength"",""#text"":""0""},{""@Name"":""ProductName""},{""@Name"":""CompanyNameLength"",""#text"":""0""},{""@Name"":""CompanyName""}]}}",,,,,,,,,,
2025-01-14 15:04:47.644190700+00:00,Evtx,Windows System was started,1.0,100.0,Warning,Microsoft-Windows-Diagnostics-Performance,Microsoft-Windows-Diagnostics-Performance/Operational,1096.0,1524.0,WIN-3M6ADARIMNH,S-1-5-19,,,,False,"{""EventData"":{""Data"":[{""@Name"":""BootTsVersion"",""#text"":""2""},{""@Name"":""BootStartTime"",""#text"":""2025-01-14 15:03:01.6092002""},{""@Name"":""BootEndTime"",""#text"":""2025-01-14 15:04:45.5141858""},{""@Name"":""SystemBootInstance"",""#text"":""6""},{""@Name"":""UserBootInstance"",""#text"":""1""},{""@Name"":""BootTime"",""#text"":""35523""},{""@Name"":""MainPathBootTime"",""#text"":""24923""},{""@Name"":""BootKernelInitTime"",""#text"":""15""},{""@Name"":""BootDriverInitTime"",""#text"":""784""},{""@Name"":""BootDevicesInitTime"",""#text"":""5112""},{""@Name"":""BootPrefetchInitTime"",""#text"":""5616""},{""@Name"":""BootPrefetchBytes"",""#text"":""602300416""},{""@Name"":""BootAutoChkTime"",""#text"":""0""},{""@Name"":""BootSmssInitTime"",""#text"":""839""},{""@Name"":""BootCriticalServicesInitTime"",""#text"":""382""},{""@Name"":""BootUserProfileProcessingTime"",""#text"":""141""},{""@Name"":""BootMachineProfileProcessingTime"",""#text"":""176""},{""@Name"":""BootExplorerInitTime"",""#text"":""13170""},{""@Name"":""BootNumStartupApps"",""#text"":""22""},{""@Name"":""BootPostBootTime"",""#text"":""10600""},{""@Name"":""BootIsRebootAfterInstall"",""#text"":""False""},{""@Name"":""BootRootCauseStepImprovementBits"",""#text"":""0""},{""@Name"":""BootRootCauseGradualImprovementBits"",""#text"":""0""},{""@Name"":""BootRootCauseStepDegradationBits"",""#text"":""0""},{""@Name"":""BootRootCauseGradualDegradationBits"",""#text"":""0""},{""@Name"":""BootIsDegradation"",""#text"":""False""},{""@Name"":""BootIsStepDegradation"",""#text"":""False""},{""@Name"":""BootIsGradualDegradation"",""#text"":""False""},{""@Name"":""BootImprovementDelta"",""#text"":""0""},{""@Name"":""BootDegradationDelta"",""#text"":""0""},{""@Name"":""BootIsRootCauseIdentified"",""#text"":""False""},{""@Name"":""OSLoaderDuration"",""#text"":""847""},{""@Name"":""BootPNPInitStartTimeMS"",""#text"":""15""},{""@Name"":""BootPNPInitDuration"",""#text"":""5124""},{""@Name"":""OtherKernelInitDuration"",""#text"":""4156""},{""@Name"":""SystemPNPInitStartTimeMS"",""#text"":""9277""},{""@Name"":""SystemPNPInitDuration"",""#text"":""771""},{""@Name"":""SessionInitStartTimeMS"",""#text"":""10052""},{""@Name"":""Session0InitDuration"",""#text"":""82""},{""@Name"":""Session1InitDuration"",""#text"":""65""},{""@Name"":""SessionInitOtherDuration"",""#text"":""692""},{""@Name"":""WinLogonStartTimeMS"",""#text"":""10892""},{""@Name"":""OtherLogonInitActivityDuration"",""#text"":""542""},{""@Name"":""UserLogonWaitDuration"",""#text"":""156""}]}}",,,,,,,,,,
2025-01-14 15:04:53.431800900+00:00,Evtx,Service started or stopped,636.0,7036.0,Info,Service Control Manager,System,420.0,1548.0,WIN-3M6ADARIMNH,,,,,False,"{""EventData"":{""Data"":[{""@Name"":""param1"",""#text"":""Computer Browser""},{""@Name"":""param2"",""#text"":""running""}],""Binary"":""42-00-72-00-6F-00-77-00-73-00-65-00-72-00-2F-00-34-00-00-00""}}",,,,,,,,,,
2025-01-14 15:04:53.668202300+00:00,Evtx,Start type of a service has changed,637.0,7040.0,Info,Service Control Manager,System,420.0,948.0,WIN-3M6ADARIMNH,S-1-5-18,,,IKEEXT,False,"{""EventData"":{""Data"":[{""@Name"":""param1"",""#text"":""IKE and AuthIP IPsec Keying Modules""},{""@Name"":""param2"",""#text"":""demand start""},{""@Name"":""param3"",""#text"":""auto start""},{""@Name"":""param4"",""#text"":""IKEEXT""}]}}",,,,,,,,,,
2025-01-14 15:04:53.675202700+00:00,Evtx,Service started or stopped,638.0,7036.0,Info,Service Control Manager,System,420.0,948.0,WIN-3M6ADARIMNH,,,,,False,"{""EventData"":{""Data"":[{""@Name"":""param1"",""#text"":""IKE and AuthIP IPsec Keying Modules""},{""@Name"":""param2"",""#text"":""running""}],""Binary"":""49-00-4B-00-45-00-45-00-58-00-54-00-2F-00-34-00-00-00""}}",,,,,,,,,,
2025-01-14 15:04:53.719205200+00:00,Evtx,Service started or stopped,639.0,7036.0,Info,Service Control Manager,System,420.0,948.0,WIN-3M6ADARIMNH,,,,,False,"{""EventData"":{""Data"":[{""@Name"":""param1"",""#text"":""IPsec Policy Agent""},{""@Name"":""param2"",""#text"":""running""}],""Binary"":""50-00-6F-00-6C-00-69-00-63-00-79-00-41-00-67-00-65-00-6E-00-74-00-2F-00-34-00-00-00""}}",,,,,,,,,,
2025-01-14 15:05:14.190441400+00:00,Evtx,Service started or stopped,640.0,7036.0,Info,Service Control Manager,System,420.0,500.0,WIN-3M6ADARIMNH,,,,,False,"{""EventData"":{""Data"":[{""@Name"":""param1"",""#text"":""Background Intelligent Transfer Service""},{""@Name"":""param2"",""#text"":""running""}],""Binary"":""42-00-49-00-54-00-53-00-2F-00-34-00-00-00""}}",,,,,,,,,,
2025-01-14 15:05:14.315241600+00:00,Evtx,Service started or stopped,641.0,7036.0,Info,Service Control Manager,System,420.0,500.0,WIN-3M6ADARIMNH,,,,,False,"{""EventData"":{""Data"":[{""@Name"":""param1"",""#text"":""Portable Device Enumerator Service""},{""@Name"":""param2"",""#text"":""stopped""}],""Binary"":""57-00-50-00-44-00-42-00-75-00-73-00-45-00-6E-00-75-00-6D-00-2F-00-31-00-00-00""}}",,,,,,,,,,
2025-01-14 15:05:14.393241700+00:00,Evtx,Service started or stopped,642.0,7036.0,Info,Service Control Manager,System,420.0,500.0,WIN-3M6ADARIMNH,,,,,False,"{""EventData"":{""Data"":[{""@Name"":""param1"",""#text"":""SSDP Discovery""},{""@Name"":""param2"",""#text"":""running""}],""Binary"":""53-00-53-00-44-00-50-00-53-00-52-00-56-00-2F-00-34-00-00-00""}}",,,,,,,,,,
2025-01-14 15:05:14.424441800+00:00,Evtx,Service started or stopped,643.0,7036.0,Info,Service Control Manager,System,420.0,500.0,WIN-3M6ADARIMNH,,,,,False,"{""EventData"":{""Data"":[{""@Name"":""param1"",""#text"":""Windows Font Cache Service""},{""@Name"":""param2"",""#text"":""running""}],""Binary"":""46-00-6F-00-6E-00-74-00-43-00-61-00-63-00-68-00-65-00-2F-00-34-00-00-00""}}",,,,,,,,,,
2025-01-14 15:05:14.518042+00:00,Evtx,Service started or stopped,644.0,7036.0,Info,Service Control Manager,System,420.0,500.0,WIN-3M6ADARIMNH,,,,,False,"{""EventData"":{""Data"":[{""@Name"":""param1"",""#text"":""Software Protection""},{""@Name"":""param2"",""#text"":""running""}],""Binary"":""73-00-70-00-70-00-73-00-76-00-63-00-2F-00-34-00-00-00""}}",,,,,,,,,,
2025-01-14 15:05:14.658442200+00:00,Evtx,Service started or stopped,645.0,7036.0,Info,Service Control Manager,System,420.0,500.0,WIN-3M6ADARIMNH,,,,,False,"{""EventData"":{""Data"":[{""@Name"":""param1"",""#text"":""Windows Defender""},{""@Name"":""param2"",""#text"":""running""}],""Binary"":""57-00-69-00-6E-00-44-00-65-00-66-00-65-00-6E-00-64-00-2F-00-34-00-00-00""}}",,,,,,,,,,
2025-01-14 15:05:14.861242600+00:00,Evtx,Service started or stopped,646.0,7036.0,Info,Service Control Manager,System,420.0,500.0,WIN-3M6ADARIMNH,,,,,False,"{""EventData"":{""Data"":[{""@Name"":""param1"",""#text"":""Security Center""},{""@Name"":""param2"",""#text"":""running""}],""Binary"":""77-00-73-00-63-00-73-00-76-00-63-00-2F-00-34-00-00-00""}}",,,,,,,,,,
2025-01-14 15:05:15.859644300+00:00,Evtx,Service started or stopped,647.0,7036.0,Info,Service Control Manager,System,420.0,500.0,WIN-3M6ADARIMNH,,,,,False,"{""EventData"":{""Data"":[{""@Name"":""param1"",""#text"":""Windows Update""},{""@Name"":""param2"",""#text"":""running""}],""Binary"":""77-00-75-00-61-00-75-00-73-00-65-00-72-00-76-00-2F-00-34-00-00-00""}}",,,,,,,,,,
2025-01-15 06:16:46.466602300+00:00,Registry,RunOnce (NTUSER) | Program execution upon successful user logon,,,,,,,,,,,,,,,NtUser,Autoruns,CMI-CreateHive{D43B12B8-09B5-40DB-B4F6-F6DFEB78DAEC}\Software\Microsoft\Windows\CurrentVersion\RunOnce,mctadmin,RegSz,C:\Windows\System32\mctadmin.exe,,,False,False
2025-01-15 06:16:46.482202400+00:00,Registry,RunOnce (NTUSER) | Program execution upon successful user logon,,,,,,,,,,,,,,,NtUser,Autoruns,CMI-CreateHive{D43B12B8-09B5-40DB-B4F6-F6DFEB78DAEC}\Software\Microsoft\Windows\CurrentVersion\RunOnce,mctadmin,RegSz,C:\Windows\System32\mctadmin.exe,,,False,False
2025-01-15 06:17:25.546800100+00:00,Evtx,OS was started,29.0,12.0,Info,Microsoft-Windows-Kernel-General,System,4.0,8.0,37L4247F27-25,S-1-5-18,,,,False,"{""EventData"":{""Data"":[{""@Name"":""MajorVersion"",""#text"":""6""},{""@Name"":""MinorVersion"",""#text"":""1""},{""@Name"":""BuildVersion"",""#text"":""7601""},{""@Name"":""QfeVersion"",""#text"":""17514""},{""@Name"":""ServiceVersion"",""#text"":""1""},{""@Name"":""BootMode"",""#text"":""0""},{""@Name"":""StartTime"",""#text"":""2025-01-15 06:17:25.4532000""}]}}",,,,,,,,,,
2025-01-15 06:17:41.942428900+00:00,Evtx,,30.0,6.0,Info,Microsoft-Windows-FilterManager,System,4.0,8.0,37L4247F27-25,S-1-5-18,,,,False,"{""EventData"":{""Data"":[{""@Name"":""FinalStatus"",""#text"":""0x0""},{""@Name"":""DeviceVersionMajor"",""#text"":""6""},{""@Name"":""DeviceVersionMinor"",""#text"":""1""},{""@Name"":""DeviceNameLength"",""#text"":""8""},{""@Name"":""DeviceName"",""#text"":""FileInfo""},{""@Name"":""DeviceTime"",""#text"":""2009-07-13 15:34:25.0000000""}]}}",,,,,,,,,,
