2025-01-14 15:03:10.875616500+00:00,Evtx,,3.0,5.0,Info,Microsoft-Windows-Kernel-WHEA,Microsoft-Windows-Kernel-WHEA/Operational,4.0,8.0,WIN-3M6ADARIMNH,S-1-5-18,,,,False,"{""EventData"":{""Data"":[{""@Name"":""ErrorSourceCount"",""#text"":""4""},{""@Name"":""ErrorRecordFormat"",""#text"":""10""},{""@Name"":""ErrorSourceTableLength"",""#text"":""4256""},{""@Name"":""ErrorSourceTable"",""#text"":""D0-BB-07-0B-80-FA-FF-FF-A8-2B-A5-02-00-F8-FF-FF-00-00-00-00-00-00-00-80-00-00-00-00-01-00-00-00-28-07-00-00-57-68-65-61-00-00-00-00-00-00-00-00-60-A4-35-04-80-FA-FF-FF-00-00-00-00-00-00-00-00-04-00-00-00-58-01-00-00-00-00-00-00-00-00-00-00-00-00-00-00-00-00-00-00-00-CC-03-00-00-0A-00-00-00-00-00-00-00-02-00-00-00-41-01-00-00-01-00-00-00-04-00-00-00-00-00-00-00-00-00-00-80-00-00-00-00-00-00-01-06-00-00-00-00-00-00-00-00-00-00-00-00-FF-FF-FF-FF-FF-FF-FF-FF-00-01-00-00-00-04-00-00-01-04-00-00-02-04-00-00-03-04-00-00-FF-FF-FF-FF-FF-FF-FF-FF-01-01-00-00-04-04-00-00-05-04-00-00-06-04-00-00-07-04-00-00-FF-FF-FF-FF-FF-FF-FF-FF-02-01-00-00-08-04-00-00-09-04-00-00-0A-04-00-00-0B-04-00-00-FF-FF-FF-FF-FF-FF-FF-FF-03-01-00-00-0C-04-00-00-0D-04-00-00-0E-04-00-00-0F-04-00-00-FF-FF-FF-FF-FF-FF-FF-FF-04-01-00-00-10-04-00-00-11-04-00-00-12-04-00-00-13-04-00-00-FF-FF-FF-FF-FF-FF-FF-FF-05-01-00-00-14-04-00-00-15-04-00-00-16-04-00-00-17-04-00-00-FF-FF-FF-FF-FF-FF-FF-FF-06-01-00-00-18-04-00-00-19-04-00-00-1A-04-00-00-1B-04-00-00-FF-FF-FF-FF-FF-FF-FF-FF-07-01-00-00-1C-04-00-00-1D-04-00-00-1E-04-00-00-1F-04-00-00-FF-FF-FF-FF-FF-FF-FF-FF-08-01-00-00-20-04-00-00-21-04-00-00-22-04-00-00-23-04-00-00-FF-FF-FF-FF-FF-FF-FF-FF-09-01-00-00-24-04-00-00-25-04-00-00-26-04-00-00-27-04-00-00-FF-FF-FF-FF-FF-FF-FF-FF-0A-01-00-00-28-04-00-00-29-04-00-00-2A-04-00-00-2B-04-00-00-FF-FF-FF-FF-FF-FF-FF-FF-0B-01-00-00-2C-04-00-00-2D-04-00-00-2E-04-00-00-2F-04-00-00-FF-FF-FF-FF-FF-FF-FF-FF-0C-01-00-00-30-04-00-00-31-04-00-00-32-04-00-00-33-04-00-00-FF-FF-FF-FF-FF-FF-FF-FF-0D-01-00-00-34-04-00-00-35-04-00-00-36-04-00-00-37-04-00-00-FF-FF-FF-FF-FF-FF-FF-FF-0E-01-00-00-38-04-00-00-39-04-00-00-3A-04-00-00-3B-04-00-00-FF-FF-FF-FF-FF-FF-FF-FF-0F-01-00-00-3C-04-00-00-3D-04-00-00-3E-04-00-00-3F-04-00-00-FF-FF-FF-FF-FF-FF-FF-FF-00-00-00-00-00-00-00-00-00-00-00-00-00-00-00-00-00-00-00-00-00-00-00-00-00-00-00-00-00-00-00-00-00-00-00-00-00-00-00-00-00-00-00-00-00-00-00-00-00-00-00-00-00-00-00-00-00-00-00-00-00-00-00-00-00-00-00-00-00-00-00-00-00-00-00-00-00-00-00-00-00-00-00-00-00-00-00-00-00-00-00-00-00-00-00-00-00-00-00-00-00-00-00-00-00-00-00-00-00-00-00-00-00-00-00-00-00-00-00-00-00-00-00-00-00-00-00-00-00-00-00-00-00-00-00-00-00-00-00-00-00-00-00-00-00-00-00-00-00-00-00-00-00-00-00-00-00-00-00-00-00-00-00-00-00-00-00-00-00-00-00-00-00-00-00-00-00-00-00-00-00-00-00-00-00-00-00-00-00-00-00-00-00-00-00-00-00-00-00-00-00-00-00-00-00-00-00-00-00-00-00-00-00-00-00-00-00-00-00-00-00-00-00-00-00-00-00-00-00-00-00-00-00-00-00-00-00-00-00-00-00-00-00-00-00-00-00-00-00-00-00-00-00-00-00-00-00-00-00-00-00-00-00-00-00-00-00-00-00-00-00-00-00-00-00-00-00-00-00-00-00-00-00-00-00-00-00-00-00-00-00-00-00-00-00-00-00-00-00-00-00-00-00-00-00-00-00-00-00-00-00-00-00-00-00-00-00-00-00-00-00-00-00-00-00-00-00-00-00-00-00-00-00-00-00-00-00-00-00-00-00-00-00-00-00-00-00-00-00-00-00-00-00-00-00-00-00-00-00-00-00-00-00-00-00-00-00-00-00-00-00-00-00-00-00-00-00-00-00-00-00-00-00-00-00-00-00-00-00-00-00-00-00-00-00-00-00-00-00-00-00-00-00-00-00-00-00-00-00-00-00-00-00-00-00-00-00-00-00-00-00-00-00-00-00-00-00-00-00-00-00-00-00-00-00-00-00-00-00-00-00-00-00-00-00-00-00-00-00-00-00-00-00-00-00-00-00-00-00-00-00-00-00-10-C0-52-03-80-FA-FF-FF-D0-DB-90-0B-80-FA-FF-FF-00-00-00-00-00-00-00-80-00-00-00-00-03-00-00-00-28-07-00-00-57-68-65-61-01-00-00-00-00-00-00-00-00-20-2A-03-80-FA-FF-FF-00-00-00-00-00-00-00-00-04-00-00-00-58-01-00-00-00-00-00-00-00-00-00-00-00-00-00-00-00-00-00-00-00-CC-03-00-00-0A-00-00-00-01-00-00-00-02-00-00-00-41-01-00-00-03-00-00-00-04-00-00-00-01-00-00-00-00-00-00-80-00-00-00-00-01-00-01-06-00-00-00-00-00-1C-00-00-60-EA-00-00-00-00-00-00-00-00-00-00-00-00-00-00-00-00-00-00-00-00-00-00-00-01-00-00-00-04-00-00-01-04-00-00-02-04-00-00-03-04-00-00-FF-FF-FF-FF-FF-FF-FF-FF-01-01-00-00-04-04-00-00-05-04-00-00-06-04-00-00-07-04-00-00-FF-FF-FF-FF-FF-FF-FF-FF-02-01-00-00-08-04-00-00-09-04-00-00-0A-04-00-00-0B-04-00-00-FF-FF-FF-FF-FF-FF-FF-FF-03-01-00-00-0C-04-00-00-0D-04-00-00-0E-04-00-00-0F-04-00-00-FF-FF-FF-FF-FF-FF-FF-FF-04-01-00-00-10-04-00-00-11-04-00-00-12-04-00-00-13-04-00-00-FF-FF-FF-FF-FF-FF-FF-FF-05-01-00-00-14-04-00-00-15-04-00-00-16-04-00-00-17-04-00-00-FF-FF-FF-FF-FF-FF-FF-FF-06-01-00-00-18-04-00-00-19-04-00-00-1A-04-00-00-1B-04-00-00-FF-FF-FF-FF-FF-FF-FF-FF-07-01-00-00-1C-04-00-00-1D-04-00-00-1E-04-00-00-1F-04-00-00-FF-FF-FF-FF-FF-FF-FF-FF-08-01-00-00-20-04-00-00-21-04-00-00-22-04-00-00-23-04-00-00-FF-FF-FF-FF-FF-FF-FF-FF-09-01-00-00-24-04-00-00-25-04-00-00-26-04-00-00-27-04-00-00-FF-FF-FF-FF-FF-FF-FF-FF-0A-01-00-00-28-04-00-00-29-04-00-00-2A-04-00-00-2B-04-00-00-FF-FF-FF-FF-FF-FF-FF-FF-0B-01-00-00-2C-04-00-00-2D-04-00-00-2E-04-00-00-2F-04-00-00-FF-FF-FF-FF-FF-FF-FF-FF-0C-01-00-00-30-04-00-00-31-04-00-00-32-04-00-00-33-04-00-00-FF-FF-FF-FF-FF-FF-FF-FF-0D-01-00-00-34-04-00-00-35-04-00-00-36-04-00-00-37-04-00-00-FF-FF-FF-FF-FF-FF-FF-FF-0E-01-00-00-38-04-00-00-39-04-00-00-3A-04-00-00-3B-04-00-00-FF-FF-FF-FF-FF-FF-FF-FF-0F-01-00-00-3C-04-00-00-3D-04-00-00-3E-04-00-00-3F-04-00-00-FF-FF-FF-FF-FF-FF-FF-FF-00-00-00-00-00-00-00-00-00-00-00-00-00-00-00-00-00-00-00-00-00-00-00-00-00-00-00-00-00-00-00-00-00-00-00-00-00-00-00-00-00-00-00-00-00-00-00-00-00-00-00-00-00-00-00-00-00-00-00-00-00-00-00-00-00-00-00-00-00-00-00-00-00-00-00-00-00-00-00-00-00-00-00-00-00-00-00-00-00-00-00-00-00-00-00-00-00-00-00-00-00-00-00-00-00-00-00-00-00-00-00-00-00-00-00-00-00-00-00-00-00-00-00-00-00-00-00-00-00-00-00-00-00-00-00-00-00-00-00-00-00-00-00-00-00-00-00-00-00-00-00-00-00-00-00-00-00-00-00-00-00-00-00-00-00-00-00-00-00-00-00-00-00-00-00-00-00-00-00-00-00-00-00-00-00-00-00-00-00-00-00-00-00-00-00-00-00-00-00-00-00-00-00-00-00-00-00-00-00-00-00-00-00-00-00-00-00-00-00-00-00-00-00-00-00-00-00-00-00-00-00-00-00-00-00-00-00-00-00-00-00-00-00-00-00-00-00-00-00-00-00-00-00-00-00-00-00-00-00-00-00-00-00-00-00-00-00-00-00-00-00-00-00-00-00-00-00-00-00-00-00-00-00-00-00-00-00-00-00-00-00-00-00-00-00-00-00-00-00-00-00-00-00-00-00-00-00-00-00-00-00-00-00-00-00-00-00-00-00-00-00-00-00-00-00-00-00-00-00-00-00-00-00-00-00-00-00-00-00-00-00-00-00-00-00-00-00-00-00-00-00-00-00-00-00-00-00-00-00-00-00-00-00-00-00-00-00-00-00-00-00-00-00-00-00-00-00-00-00-00-00-00-00-00-00-00-00-00-00-00-00-00-00-00-00-00-00-00-00-00-00-00-00-00-00-00-00-00-00-00-00-00-00-00-00-00-00-00-00-00-00-00-00-00-00-00-00-00-00-00-00-00-00-00-00-00-00-00-00-00-00-00-00-00-00-00-00-00-00-00-00-40-37-39-0A-80-FA-FF-FF-D0-BB-07-0B-80-FA-FF-FF-00-00-00-00-00-00-00-80-00-00-00-00-01-00-00-00-C0-06-00-00-57-68-65-61-03-00-00-00-00-00-00-00-40-B9-43-08-80-FA-FF-FF-00-00-00-00-00-00-00-00-03-00-00-00-C0-01-00-00-00-00-00-00-00-00-00-00-00-00-00-00-00-00-00-00-00-CC-03-00-00-0A-00-00-00-03-00-00-00-02-00-00-00-00-01-00-00-01-00-00-00-03-00-00-00-02-00-00-00-00-00-00-80-00-00-00-00-02-00-01-00-00-00-00-00-00-00-00-00-00-00-00-00-00-00-00-00-00-00-00-00-00-00-00-00-00-00-00-00-00-00-00-00-00-00-00-00-00-00-00-00-00-00-00-00-00-00-00-00-00-00-00-00-00-00-00-00-00-00-00-00-00-00-00-00-00-00-00-00-00-00-00-00-00-00-00-00-00-00-00-00-00-00-00-00-00-00-00-00-00-00-00-00-00-00-00-00-00-00-00-00-00-00-00-00-00-00-00-00-00-00-00-00-00-00-00-00-00-00-00-00-00-00-00-00-00-00-00-00-00-00-00-00-00-00-00-00-00-00-00-00-00-00-00-00-00-00-00-00-00-00-00-00-00-00-00-00-00-00-00-00-00-00-00-00-00-00-00-00-00-00-00-00-00-00-00-00-00-00-00-00-00-00-00-00-00-00-00-00-00-00-00-00-00-00-00-00-00-00-00-00-00-00-00-00-00-00-00-00-00-00-00-00-00-00-00-00-00-00-00-00-00-00-00-00-00-00-00-00-00-00-00-00-00-00-00-00-00-00-00-00-00-00-00-00-00-00-00-00-00-00-00-00-00-00-00-00-00-00-00-00-00-00-00-00-00-00-00-00-00-00-00-00-00-00-00-00-00-00-00-00-00-00-00-00-00-00-00-00-00-00-00-00-00-00-00-00-00-00-00-00-00-00-00-00-00-00-00-00-00-00-00-00-00-00-00-00-00-00-00-00-00-00-00-00-00-00-00-00-00-00-00-00-00-00-00-00-00-00-00-00-00-00-00-00-00-00-00-00-00-00-00-00-00-00-00-00-00-00-00-00-00-00-00-00-00-00-00-00-00-00-00-00-00-00-00-00-00-00-00-00-00-00-00-00-00-00-00-00-00-00-00-00-00-00-00-00-00-00-00-00-00-00-00-00-00-00-00-00-00-00-00-00-00-00-00-00-00-00-00-00-00-00-00-00-00-00-00-00-00-00-00-00-00-00-00-00-00-00-00-00-00-00-00-00-00-00-00-00-00-00-00-00-00-00-00-00-00-00-00-00-00-00-00-00-00-00-00-00-00-00-00-00-00-00-00-00-00-00-00-00-00-00-00-00-00-00-00-00-00-00-00-00-00-00-00-00-00-00-00-00-00-00-00-00-00-00-00-00-00-00-00-00-00-00-00-00-00-00-00-00-00-00-00-00-00-00-00-00-00-00-00-00-00-00-00-00-00-00-00-00-00-00-00-00-00-00-00-00-00-00-00-00-00-00-00-00-00-00-00-00-00-00-00-00-00-00-00-00-00-00-00-00-00-00-00-00-00-00-00-00-00-00-00-00-00-00-00-00-00-00-00-00-00-00-00-00-00-00-00-00-00-00-00-00-00-00-00-00-00-00-00-00-00-00-00-00-00-00-00-00-00-00-00-00-00-00-00-00-00-00-00-00-00-00-00-00-00-00-00-00-00-00-00-00-00-00-00-00-00-00-00-00-00-00-00-00-00-00-00-00-00-00-00-00-00-00-00-00-00-00-00-00-00-00-00-00-00-00-00-00-00-00-00-00-00-00-00-00-00-00-00-00-00-00-00-00-00-00-00-00-00-00-00-00-00-00-00-00-00-00-00-00-00-00-00-00-00-00-00-00-00-00-00-00-00-00-00-00-00-00-00-00-00-00-00-00-00-00-00-00-00-00-00-00-00-00-00-00-00-00-00-00-00-00-00-00-00-00-00-00-00-00-00-00-00-00-00-00-00-00-00-00-00-00-00-00-00-00-00-00-00-00-00-00-00-00-00-00-00-00-00-00-00-00-00-00-00-00-00-00-00-00-00-00-00-00-00-00-00-00-00-00-00-00-00-00-00-00-00-00-00-00-00-00-00-00-00-00-00-00-00-00-00-00-00-00-00-00-00-00-00-00-00-00-00-00-00-00-00-00-00-00-00-00-00-00-00-00-00-00-00-00-00-00-00-00-00-00-00-00-00-00-00-00-00-00-00-00-00-00-00-00-00-00-00-00-00-00-00-00-00-00-00-00-00-00-00-00-00-00-00-00-00-00-00-00-00-00-00-00-00-00-00-00-00-00-00-00-00-00-00-00-00-00-00-00-00-00-00-00-00-A8-2B-A5-02-00-F8-FF-FF-10-C0-52-03-80-FA-FF-FF-00-00-00-00-00-00-00-00-00-00-00-00-00-00-00-00-00-00-00-00-00-00-00-00-07-00-00-00-00-00-00-00-00-00-00-00-00-00-00-00-00-00-00-00-00-00-00-00-00-00-00-00-00-00-00-00-00-00-00-00-00-00-00-00-00-00-00-00-00-00-00-00-01-CC-03-00-00-0A-00-00-00-07-00-00-00-02-00-00-00-00-04-00-00-01-00-00-00-01-00-00-00-03-00-00-00-00-00-00-80-00-00-00-00-00-00-00-00-00-00-00-00-00-00-00-00-00-00-00-00-00-00-00-00-00-00-00-00-00-00-00-00-00-00-00-00-00-00-00-00-00-00-00-00-00-00-00-00-00-00-00-00-00-00-00-00-00-00-00-00-00-00-00-00-00-00-00-00-00-00-00-00-00-00-00-00-00-00-00-00-00-00-00-00-00-00-00-00-00-00-00-00-00-00-00-00-00-00-00-00-00-00-00-00-00-00-00-00-00-00-00-00-00-00-00-00-00-00-00-00-00-00-00-00-00-00-00-00-00-00-00-00-00-00-00-00-00-00-00-00-00-00-00-00-00-00-00-00-00-00-00-00-00-00-00-00-00-00-00-00-00-00-00-00-00-00-00-00-00-00-00-00-00-00-00-00-00-00-00-00-00-00-00-00-00-00-00-00-00-00-00-00-00-00-00-00-00-00-00-00-00-00-00-00-00-00-00-00-00-00-00-00-00-00-00-00-00-00-00-00-00-00-00-00-00-00-00-00-00-00-00-00-00-00-00-00-00-00-00-00-00-00-00-00-00-00-00-00-00-00-00-00-00-00-00-00-00-00-00-00-00-00-00-00-00-00-00-00-00-00-00-00-00-00-00-00-00-00-00-00-00-00-00-00-00-00-00-00-00-00-00-00-00-00-00-00-00-00-00-00-00-00-00-00-00-00-00-00-00-00-00-00-00-00-00-00-00-00-00-00-00-00-00-00-00-00-00-00-00-00-00-00-00-00-00-00-00-00-00-00-00-00-00-00-00-00-00-00-00-00-00-00-00-00-00-00-00-00-00-00-00-00-00-00-00-00-00-00-00-00-00-00-00-00-00-00-00-00-00-00-00-00-00-00-00-00-00-00-00-00-00-00-00-00-00-00-00-00-00-00-00-00-00-00-00-00-00-00-00-00-00-00-00-00-00-00-00-00-00-00-00-00-00-00-00-00-00-00-00-00-00-00-00-00-00-00-00-00-00-00-00-00-00-00-00-00-00-00-00-00-00-00-00-00-00-00-00-00-00-00-00-00-00-00-00-00-00-00-00-00-00-00-00-00-00-00-00-00-00-00-00-00-00-00-00-00-00-00-00-00-00-00-00-00-00-00-00-00-00-00-00-00-00-00-00-00-00-00-00-00-00-00-00-00-00-00-00-00-00-00-00-00-00-00-00-00-00-00-00-00-00-00-00-00-00-00-00-00-00-00-00-00-00-00-00-00-00-00-00-00-00-00-00-00-00-00-00-00-00-00-00-00-00-00-00-00-00-00-00-00-00-00-00-00-00-00-00-00-00-00-00-00-00-00-00-00-00-00-00-00-00-00-00-00-00-00-00-00-00-00-00-00-00-00-00-00-00-00-00-00-00-00-00-00-00-00-00-00-00-00-00-00-00-00-00-00-00-00-00-00-00-00-00-00-00-00-00-00-00-00-00-00-00-00-00-00-00-00-00-00-00-00-00-00-00-00-00-00-00-00-00-00-00-00-00-00-00-00-00-00-00-00-00-00-00-00-00-00-00-00-00-00-00-00-00-00-00-00-00-00-00-00-00-00-00-00-00-00-00-00-00-00-00-00-00-00-00-00-00-00-00-00-00-00-00-00-00-00-00-00-00-00-00-00-00-00-00-00-00-00-00-00-00-00-00-00-00-00-00-00-00-00-00-00-00-00-00-00-00-00-00-00-00-00-00-00-00-00-00-00-00-00-00-00-00-00-00-00-00-00-00-00-00-00-00-00-00-00-00-00-00-00-00-00-00-00-00-00-00-00-00-00-00-00-00-00-00-00-00-00-00-00-00-00-00-00-00-00-00-00-00-00-00-00-00-00-00-00-00-00-00-00-00-00-00-00-00-00-00-00-00-00-00-00-00-00-00-00-00-00-00-00-00-00-00-00-00-00-00-00-00-00-00-00-00-00-00-00-00-00-00-00-00-00-00-00-00-00-00-00-00-00-00-00-00-00-00-00-00-00-00-00-00-00-00-00-00-00-00-00-00-00-00-00-00-00-00-00-00-00-00-00-00-00-00-00-00-00-00-00-00-00-00-00-00-00-00-00-00-00-00-00-00-00-00-00-00-00-00-00-00-00-00-00-00-00-00-00-00""}]}}",,,,,,,,,,
2025-01-14 15:03:11.655617900+00:00,Evtx,,583.0,41.0,Critical,Microsoft-Windows-Kernel-Power,System,4.0,8.0,WIN-3M6ADARIMNH,S-1-5-18,,,,False,"{""EventData"":{""Data"":[{""@Name"":""BugcheckCode"",""#text"":""0""},{""@Name"":""BugcheckParameter1"",""#text"":""0x0""},{""@Name"":""BugcheckParameter2"",""#text"":""0x0""},{""@Name"":""BugcheckParameter3"",""#text"":""0x0""},{""@Name"":""BugcheckParameter4"",""#text"":""0x0""},{""@Name"":""SleepInProgress"",""#text"":""False""},{""@Name"":""PowerButtonTimestamp"",""#text"":""0""}]}}",,,,,,,,,,
2025-01-14 15:03:12+00:00,Evtx,System uptime,580.0,6013.0,Info,EventLog,System,0.0,0.0,WIN-3M6ADARIMNH,,,,,False,"{""EventData"":{""Data"":""11, 60, -480 Malay Peninsula Standard Time"",""Binary"":""31-00-2E-00-31-00-00-00-30-00-00-00-57-00-69-00-6E-00-64-00-6F-00-77-00-73-00-20-00-37-00-20-00-48-00-6F-00-6D-00-65-00-20-00-42-00-61-00-73-00-69-00-63-00-00-00-36-00-2E-00-31-00-2E-00-37-00-36-00-30-00-31-00-20-00-42-00-75-00-69-00-6C-00-64-00-20-00-37-00-36-00-30-00-31-00-20-00-53-00-65-00-72-00-76-00-69-00-63-00-65-00-20-00-50-00-61-00-63-00-6B-00-20-00-31-00-00-00-4D-00-75-00-6C-00-74-00-69-00-70-00-72-00-6F-00-63-00-65-00-73-00-73-00-6F-00-72-00-20-00-46-00-72-00-65-00-65-00-00-00-37-00-36-00-30-00-31-00-2E-00-77-00-69-00-6E-00-37-00-73-00-70-00-31-00-5F-00-72-00-74-00-6D-00-2E-00-31-00-30-00-31-00-31-00-31-00-39-00-2D-00-31-00-38-00-35-00-30-00-00-00-36-00-37-00-38-00-36-00-37-00-32-00-62-00-37-00-00-00-4E-00-6F-00-74-00-20-00-41-00-76-00-61-00-69-00-6C-00-61-00-62-00-6C-00-65-00-00-00-4E-00-6F-00-74-00-20-00-41-00-76-00-61-00-69-00-6C-00-61-00-62-00-6C-00-65-00-00-00-39-00-00-00-31-00-00-00-32-00-30-00-34-00-38-00-00-00-34-00-30-00-39-00-00-00-57-00-49-00-4E-00-2D-00-33-00-4D-00-36-00-41-00-44-00-41-00-52-00-49-00-4D-00-4E-00-48-00-00-00-00-00""}}",,,,,,,,,,
2025-01-14 15:03:12+00:00,Evtx,The Event log service was started,579.0,6005.0,Info,EventLog,System,0.0,0.0,WIN-3M6ADARIMNH,,,,,False,"{""EventData"":{""Data"":"""",""Binary"":""E9-07-01-00-02-00-0E-00-0F-00-03-00-0C-00-58-03-00-00-00-00-00-00-00-00""}}",,,,,,,,,,
2025-01-14 15:03:12+00:00,Evtx,,578.0,6009.0,Info,EventLog,System,0.0,0.0,WIN-3M6ADARIMNH,,,,,False,"{""EventData"":{""Data"":""6.01., 7601, Service Pack 1, Multiprocessor Free, 17514"",""Binary"":""""}}",,,,,,,,,,
2025-01-14 15:03:12+00:00,Evtx,Unexpected system shutdown,577.0,6008.0,Error,EventLog,System,0.0,0.0,WIN-3M6ADARIMNH,,,,,False,"{""EventData"":{""Data"":""10:24:11 PM, 1/14/2025, 247"",""Binary"":""E9-07-01-00-02-00-0E-00-16-00-18-00-0B-00-F3-02-E9-07-01-00-02-00-0E-00-0E-00-18-00-0B-00-F3-02-60-09-00-00-3C-00-00-00-01-00-00-00-60-09-00-00-00-00-00-00-B0-04-00-00-01-00-00-00-00-00-00-00""}}",,,,,,,,,,
2025-01-14 15:03:12.076818600+00:00,Evtx,,584.0,26.0,Info,Microsoft-Windows-Kernel-Processor-Power,System,4.0,64.0,WIN-3M6ADARIMNH,S-1-5-18,,,,False,"{""EventData"":{""Data"":[{""@Name"":""Group"",""#text"":""0""},{""@Name"":""Number"",""#text"":""0""},{""@Name"":""IdleStateCount"",""#text"":""1""},{""@Name"":""PerfStateCount"",""#text"":""0""},{""@Name"":""ThrottleStateCount"",""#text"":""0""}],""ComplexData"":[{""@Name"":""IdleState"",""#text"":""01""},{""@Name"":""PerfState""}]}}",,,,,,,,,,
2025-01-14 15:03:12.654019600+00:00,Evtx,Windows is starting up,96.0,4608.0,LogAlways,Microsoft-Windows-Security-Auditing,Security,428.0,432.0,WIN-3M6ADARIMNH,,,,,False,"{""EventData"":""""}",,,,,,,,,,
2025-01-14 15:03:12.654019600+00:00,Evtx,Successful logon,97.0,4624.0,LogAlways,Microsoft-Windows-Security-Auditing,Security,428.0,432.0,WIN-3M6ADARIMNH,,-\-,- (-),,False,"{""EventData"":{""Data"":[{""@Name"":""SubjectUserSid"",""#text"":""S-1-0-0""},{""@Name"":""SubjectUserName"",""#text"":""-""},{""@Name"":""SubjectDomainName"",""#text"":""-""},{""@Name"":""SubjectLogonId"",""#text"":""0x0""},{""@Name"":""TargetUserSid"",""#text"":""S-1-5-18""},{""@Name"":""TargetUserName"",""#text"":""SYSTEM""},{""@Name"":""TargetDomainName"",""#text"":""NT AUTHORITY""},{""@Name"":""TargetLogonId"",""#text"":""0x3E7""},{""@Name"":""LogonType"",""#text"":""0""},{""@Name"":""LogonProcessName"",""#text"":""-""},{""@Name"":""AuthenticationPackageName"",""#text"":""-""},{""@Name"":""WorkstationName"",""#text"":""-""},{""@Name"":""LogonGuid"",""#text"":""00000000-0000-0000-0000-000000000000""},{""@Name"":""TransmittedServices"",""#text"":""-""},{""@Name"":""LmPackageName"",""#text"":""-""},{""@Name"":""KeyLength"",""#text"":""0""},{""@Name"":""ProcessId"",""#text"":""0x4""},{""@Name"":""ProcessName""},{""@Name"":""IpAddress"",""#text"":""-""},{""@Name"":""IpPort"",""#text"":""-""}]}}",,,,,,,,,,
2025-01-14 15:03:12.685219700+00:00,Evtx,,98.0,4902.0,LogAlways,Microsoft-Windows-Security-Auditing,Security,428.0,480.0,WIN-3M6ADARIMNH,,,,,False,"{""EventData"":{""Data"":[{""@Name"":""PuaCount"",""#text"":""0""},{""@Name"":""PuaPolicyId"",""#text"":""0xC1C8""}]}}",,,,,,,,,,
2025-01-14 15:03:12.732019800+00:00,Evtx,Successful logon,99.0,4624.0,LogAlways,Microsoft-Windows-Security-Auditing,Security,428.0,476.0,WIN-3M6ADARIMNH,,WORKGROUP\WIN-3M6ADARIMNH$, (-),C:\Windows\System32\services.exe,False,"{""EventData"":{""Data"":[{""@Name"":""SubjectUserSid"",""#text"":""S-1-5-18""},{""@Name"":""SubjectUserName"",""#text"":""WIN-3M6ADARIMNH$""},{""@Name"":""SubjectDomainName"",""#text"":""WORKGROUP""},{""@Name"":""SubjectLogonId"",""#text"":""0x3E7""},{""@Name"":""TargetUserSid"",""#text"":""S-1-5-18""},{""@Name"":""TargetUserName"",""#text"":""SYSTEM""},{""@Name"":""TargetDomainName"",""#text"":""NT AUTHORITY""},{""@Name"":""TargetLogonId"",""#text"":""0x3E7""},{""@Name"":""LogonType"",""#text"":""5""},{""@Name"":""LogonProcessName"",""#text"":""Advapi  ""},{""@Name"":""AuthenticationPackageName"",""#text"":""Negotiate""},{""@Name"":""WorkstationName""},{""@Name"":""LogonGuid"",""#text"":""00000000-0000-0000-0000-000000000000""},{""@Name"":""TransmittedServices"",""#text"":""-""},{""@Name"":""LmPackageName"",""#text"":""-""},{""@Name"":""KeyLength"",""#text"":""0""},{""@Name"":""ProcessId"",""#text"":""0x1A4""},{""@Name"":""ProcessName"",""#text"":""C:\\Windows\\System32\\services.exe""},{""@Name"":""IpAddress"",""#text"":""-""},{""@Name"":""IpPort"",""#text"":""-""}]}}",,,,,,,,,,
2025-01-14 15:03:12.732019800+00:00,Evtx,Administrative logon,100.0,4672.0,LogAlways,Microsoft-Windows-Security-Auditing,Security,428.0,476.0,WIN-3M6ADARIMNH,,NT AUTHORITY\SYSTEM (S-1-5-18),,,False,"{""EventData"":{""Data"":[{""@Name"":""SubjectUserSid"",""#text"":""S-1-5-18""},{""@Name"":""SubjectUserName"",""#text"":""SYSTEM""},{""@Name"":""SubjectDomainName"",""#text"":""NT AUTHORITY""},{""@Name"":""SubjectLogonId"",""#text"":""0x3E7""},{""@Name"":""PrivilegeList"",""#text"":""SeAssignPrimaryTokenPrivilege, SeTcbPrivilege, SeSecurityPrivilege, SeTakeOwnershipPrivilege, SeLoadDriverPrivilege, SeBackupPrivilege, SeRestorePrivilege, SeDebugPrivilege, SeAuditPrivilege, SeSystemEnvironmentPrivilege, SeImpersonatePrivilege""}]}}",,,,,,,,,,
2025-01-14 15:03:12.763219800+00:00,Evtx,,586.0,20010.0,Info,Microsoft-Windows-UserPnp,System,540.0,560.0,WIN-3M6ADARIMNH,S-1-5-18,,,,False,"{""UserData"":{""INFO_PNP_STATE"":{""InstallSubsystemState"":""True"",""CachingSubsystemState"":""True""}}}",,,,,,,,,,
2025-01-14 15:03:12.763219800+00:00,Evtx,Service started or stopped,585.0,7036.0,Info,Service Control Manager,System,420.0,536.0,WIN-3M6ADARIMNH,,,,,False,"{""EventData"":{""Data"":[{""@Name"":""param1"",""#text"":""Plug and Play""},{""@Name"":""param2"",""#text"":""running""}],""Binary"":""50-00-6C-00-75-00-67-00-50-00-6C-00-61-00-79-00-2F-00-34-00-00-00""}}",,,,,,,,,,
2025-01-14 15:03:12.794419900+00:00,Evtx,Service started or stopped,587.0,7036.0,Info,Service Control Manager,System,420.0,532.0,WIN-3M6ADARIMNH,,,,,False,"{""EventData"":{""Data"":[{""@Name"":""param1"",""#text"":""Power""},{""@Name"":""param2"",""#text"":""running""}],""Binary"":""50-00-6F-00-77-00-65-00-72-00-2F-00-34-00-00-00""}}",,,,,,,,,,
2025-01-14 15:03:12.810019900+00:00,Evtx,Administrative logon,102.0,4672.0,LogAlways,Microsoft-Windows-Security-Auditing,Security,428.0,476.0,WIN-3M6ADARIMNH,,NT AUTHORITY\NETWORK SERVICE (S-1-5-20),,,False,"{""EventData"":{""Data"":[{""@Name"":""SubjectUserSid"",""#text"":""S-1-5-20""},{""@Name"":""SubjectUserName"",""#text"":""NETWORK SERVICE""},{""@Name"":""SubjectDomainName"",""#text"":""NT AUTHORITY""},{""@Name"":""SubjectLogonId"",""#text"":""0x3E4""},{""@Name"":""PrivilegeList"",""#text"":""SeAssignPrimaryTokenPrivilege, SeAuditPrivilege, SeImpersonatePrivilege""}]}}",,,,,,,,,,
2025-01-14 15:03:12.810019900+00:00,Evtx,,588.0,6.0,Info,Microsoft-Windows-FilterManager,System,4.0,52.0,WIN-3M6ADARIMNH,S-1-5-18,,,,False,"{""EventData"":{""Data"":[{""@Name"":""FinalStatus"",""#text"":""0x0""},{""@Name"":""DeviceVersionMajor"",""#text"":""6""},{""@Name"":""DeviceVersionMinor"",""#text"":""1""},{""@Name"":""DeviceNameLength"",""#text"":""5""},{""@Name"":""DeviceName"",""#text"":""luafv""},{""@Name"":""DeviceTime"",""#text"":""2009-07-14 07:26:13.0000000""}]}}",,,,,,,,,,
2025-01-14 15:03:12.810019900+00:00,Evtx,Successful logon,101.0,4624.0,LogAlways,Microsoft-Windows-Security-Auditing,Security,428.0,476.0,WIN-3M6ADARIMNH,,WORKGROUP\WIN-3M6ADARIMNH$, (-),C:\Windows\System32\services.exe,False,"{""EventData"":{""Data"":[{""@Name"":""SubjectUserSid"",""#text"":""S-1-5-18""},{""@Name"":""SubjectUserName"",""#text"":""WIN-3M6ADARIMNH$""},{""@Name"":""SubjectDomainName"",""#text"":""WORKGROUP""},{""@Name"":""SubjectLogonId"",""#text"":""0x3E7""},{""@Name"":""TargetUserSid"",""#text"":""S-1-5-20""},{""@Name"":""TargetUserName"",""#text"":""NETWORK SERVICE""},{""@Name"":""TargetDomainName"",""#text"":""NT AUTHORITY""},{""@Name"":""TargetLogonId"",""#text"":""0x3E4""},{""@Name"":""LogonType"",""#text"":""5""},{""@Name"":""LogonProcessName"",""#text"":""Advapi  ""},{""@Name"":""AuthenticationPackageName"",""#text"":""Negotiate""},{""@Name"":""WorkstationName""},{""@Name"":""LogonGuid"",""#text"":""00000000-0000-0000-0000-000000000000""},{""@Name"":""TransmittedServices"",""#text"":""-""},{""@Name"":""LmPackageName"",""#text"":""-""},{""@Name"":""KeyLength"",""#text"":""0""},{""@Name"":""ProcessId"",""#text"":""0x1A4""},{""@Name"":""ProcessName"",""#text"":""C:\\Windows\\System32\\services.exe""},{""@Name"":""IpAddress"",""#text"":""-""},{""@Name"":""IpPort"",""#text"":""-""}]}}",,,,,,,,,,
2025-01-14 15:03:12.825619900+00:00,Evtx,Service started or stopped,591.0,7036.0,Info,Service Control Manager,System,420.0,532.0,WIN-3M6ADARIMNH,,,,,False,"{""EventData"":{""Data"":[{""@Name"":""param1"",""#text"":""Remote Procedure Call (RPC)""},{""@Name"":""param2"",""#text"":""running""}],""Binary"":""52-00-70-00-63-00-53-00-73-00-2F-00-34-00-00-00""}}",,,,,,,,,,
2025-01-14 15:03:12.825619900+00:00,Evtx,Service started or stopped,590.0,7036.0,Info,Service Control Manager,System,420.0,532.0,WIN-3M6ADARIMNH,,,,,False,"{""EventData"":{""Data"":[{""@Name"":""param1"",""#text"":""RPC Endpoint Mapper""},{""@Name"":""param2"",""#text"":""running""}],""Binary"":""52-00-70-00-63-00-45-00-70-00-74-00-4D-00-61-00-70-00-70-00-65-00-72-00-2F-00-34-00-00-00""}}",,,,,,,,,,
2025-01-14 15:03:12.825619900+00:00,Evtx,Service started or stopped,589.0,7036.0,Info,Service Control Manager,System,420.0,532.0,WIN-3M6ADARIMNH,,,,,False,"{""EventData"":{""Data"":[{""@Name"":""param1"",""#text"":""DCOM Server Process Launcher""},{""@Name"":""param2"",""#text"":""running""}],""Binary"":""44-00-63-00-6F-00-6D-00-4C-00-61-00-75-00-6E-00-63-00-68-00-2F-00-34-00-00-00""}}",,,,,,,,,,
2025-01-14 15:03:12.841219900+00:00,Evtx,Successful logon,103.0,4624.0,LogAlways,Microsoft-Windows-Security-Auditing,Security,428.0,476.0,WIN-3M6ADARIMNH,,WORKGROUP\WIN-3M6ADARIMNH$, (-),C:\Windows\System32\services.exe,False,"{""EventData"":{""Data"":[{""@Name"":""SubjectUserSid"",""#text"":""S-1-5-18""},{""@Name"":""SubjectUserName"",""#text"":""WIN-3M6ADARIMNH$""},{""@Name"":""SubjectDomainName"",""#text"":""WORKGROUP""},{""@Name"":""SubjectLogonId"",""#text"":""0x3E7""},{""@Name"":""TargetUserSid"",""#text"":""S-1-5-19""},{""@Name"":""TargetUserName"",""#text"":""LOCAL SERVICE""},{""@Name"":""TargetDomainName"",""#text"":""NT AUTHORITY""},{""@Name"":""TargetLogonId"",""#text"":""0x3E5""},{""@Name"":""LogonType"",""#text"":""5""},{""@Name"":""LogonProcessName"",""#text"":""Advapi  ""},{""@Name"":""AuthenticationPackageName"",""#text"":""Negotiate""},{""@Name"":""WorkstationName""},{""@Name"":""LogonGuid"",""#text"":""00000000-0000-0000-0000-000000000000""},{""@Name"":""TransmittedServices"",""#text"":""-""},{""@Name"":""LmPackageName"",""#text"":""-""},{""@Name"":""KeyLength"",""#text"":""0""},{""@Name"":""ProcessId"",""#text"":""0x1A4""},{""@Name"":""ProcessName"",""#text"":""C:\\Windows\\System32\\services.exe""},{""@Name"":""IpAddress"",""#text"":""-""},{""@Name"":""IpPort"",""#text"":""-""}]}}",,,,,,,,,,
2025-01-14 15:03:12.841219900+00:00,Evtx,Administrative logon,104.0,4672.0,LogAlways,Microsoft-Windows-Security-Auditing,Security,428.0,476.0,WIN-3M6ADARIMNH,,NT AUTHORITY\LOCAL SERVICE (S-1-5-19),,,False,"{""EventData"":{""Data"":[{""@Name"":""SubjectUserSid"",""#text"":""S-1-5-19""},{""@Name"":""SubjectUserName"",""#text"":""LOCAL SERVICE""},{""@Name"":""SubjectDomainName"",""#text"":""NT AUTHORITY""},{""@Name"":""SubjectLogonId"",""#text"":""0x3E5""},{""@Name"":""PrivilegeList"",""#text"":""SeAssignPrimaryTokenPrivilege, SeAuditPrivilege, SeImpersonatePrivilege""}]}}",,,,,,,,,,
2025-01-14 15:03:13.028420300+00:00,Evtx,Service started or stopped,592.0,7036.0,Info,Service Control Manager,System,420.0,532.0,WIN-3M6ADARIMNH,,,,,False,"{""EventData"":{""Data"":[{""@Name"":""param1"",""#text"":""Windows Event Log""},{""@Name"":""param2"",""#text"":""running""}],""Binary"":""65-00-76-00-65-00-6E-00-74-00-6C-00-6F-00-67-00-2F-00-34-00-00-00""}}",,,,,,,,,,
2025-01-14 15:03:13.044020300+00:00,Evtx,Successful logon,105.0,4624.0,LogAlways,Microsoft-Windows-Security-Auditing,Security,428.0,476.0,WIN-3M6ADARIMNH,,WORKGROUP\WIN-3M6ADARIMNH$, (-),C:\Windows\System32\services.exe,False,"{""EventData"":{""Data"":[{""@Name"":""SubjectUserSid"",""#text"":""S-1-5-18""},{""@Name"":""SubjectUserName"",""#text"":""WIN-3M6ADARIMNH$""},{""@Name"":""SubjectDomainName"",""#text"":""WORKGROUP""},{""@Name"":""SubjectLogonId"",""#text"":""0x3E7""},{""@Name"":""TargetUserSid"",""#text"":""S-1-5-18""},{""@Name"":""TargetUserName"",""#text"":""SYSTEM""},{""@Name"":""TargetDomainName"",""#text"":""NT AUTHORITY""},{""@Name"":""TargetLogonId"",""#text"":""0x3E7""},{""@Name"":""LogonType"",""#text"":""5""},{""@Name"":""LogonProcessName"",""#text"":""Advapi  ""},{""@Name"":""AuthenticationPackageName"",""#text"":""Negotiate""},{""@Name"":""WorkstationName""},{""@Name"":""LogonGuid"",""#text"":""00000000-0000-0000-0000-000000000000""},{""@Name"":""TransmittedServices"",""#text"":""-""},{""@Name"":""LmPackageName"",""#text"":""-""},{""@Name"":""KeyLength"",""#text"":""0""},{""@Name"":""ProcessId"",""#text"":""0x1A4""},{""@Name"":""ProcessName"",""#text"":""C:\\Windows\\System32\\services.exe""},{""@Name"":""IpAddress"",""#text"":""-""},{""@Name"":""IpPort"",""#text"":""-""}]}}",,,,,,,,,,
2025-01-14 15:03:13.044020300+00:00,Evtx,Administrative logon,106.0,4672.0,LogAlways,Microsoft-Windows-Security-Auditing,Security,428.0,476.0,WIN-3M6ADARIMNH,,NT AUTHORITY\SYSTEM (S-1-5-18),,,False,"{""EventData"":{""Data"":[{""@Name"":""SubjectUserSid"",""#text"":""S-1-5-18""},{""@Name"":""SubjectUserName"",""#text"":""SYSTEM""},{""@Name"":""SubjectDomainName"",""#text"":""NT AUTHORITY""},{""@Name"":""SubjectLogonId"",""#text"":""0x3E7""},{""@Name"":""PrivilegeList"",""#text"":""SeAssignPrimaryTokenPrivilege, SeTcbPrivilege, SeSecurityPrivilege, SeTakeOwnershipPrivilege, SeLoadDriverPrivilege, SeBackupPrivilege, SeRestorePrivilege, SeDebugPrivilege, SeAuditPrivilege, SeSystemEnvironmentPrivilege, SeImpersonatePrivilege""}]}}",,,,,,,,,,
2025-01-14 15:03:13.059620300+00:00,Evtx,,95.0,1101.0,Error,Microsoft-Windows-Eventlog,Security,660.0,804.0,WIN-3M6ADARIMNH,,,,,False,"{""UserData"":{""AuditEventsDropped"":{""Reason"":""0""}}}",,,,,,,,,,
2025-01-14 15:03:13.075220400+00:00,Evtx,Administrative logon,108.0,4672.0,LogAlways,Microsoft-Windows-Security-Auditing,Security,428.0,476.0,WIN-3M6ADARIMNH,,NT AUTHORITY\SYSTEM (S-1-5-18),,,False,"{""EventData"":{""Data"":[{""@Name"":""SubjectUserSid"",""#text"":""S-1-5-18""},{""@Name"":""SubjectUserName"",""#text"":""SYSTEM""},{""@Name"":""SubjectDomainName"",""#text"":""NT AUTHORITY""},{""@Name"":""SubjectLogonId"",""#text"":""0x3E7""},{""@Name"":""PrivilegeList"",""#text"":""SeAssignPrimaryTokenPrivilege, SeTcbPrivilege, SeSecurityPrivilege, SeTakeOwnershipPrivilege, SeLoadDriverPrivilege, SeBackupPrivilege, SeRestorePrivilege, SeDebugPrivilege, SeAuditPrivilege, SeSystemEnvironmentPrivilege, SeImpersonatePrivilege""}]}}",,,,,,,,,,
2025-01-14 15:03:13.075220400+00:00,Evtx,Successful logon,107.0,4624.0,LogAlways,Microsoft-Windows-Security-Auditing,Security,428.0,476.0,WIN-3M6ADARIMNH,,WORKGROUP\WIN-3M6ADARIMNH$, (-),C:\Windows\System32\services.exe,False,"{""EventData"":{""Data"":[{""@Name"":""SubjectUserSid"",""#text"":""S-1-5-18""},{""@Name"":""SubjectUserName"",""#text"":""WIN-3M6ADARIMNH$""},{""@Name"":""SubjectDomainName"",""#text"":""WORKGROUP""},{""@Name"":""SubjectLogonId"",""#text"":""0x3E7""},{""@Name"":""TargetUserSid"",""#text"":""S-1-5-18""},{""@Name"":""TargetUserName"",""#text"":""SYSTEM""},{""@Name"":""TargetDomainName"",""#text"":""NT AUTHORITY""},{""@Name"":""TargetLogonId"",""#text"":""0x3E7""},{""@Name"":""LogonType"",""#text"":""5""},{""@Name"":""LogonProcessName"",""#text"":""Advapi  ""},{""@Name"":""AuthenticationPackageName"",""#text"":""Negotiate""},{""@Name"":""WorkstationName""},{""@Name"":""LogonGuid"",""#text"":""00000000-0000-0000-0000-000000000000""},{""@Name"":""TransmittedServices"",""#text"":""-""},{""@Name"":""LmPackageName"",""#text"":""-""},{""@Name"":""KeyLength"",""#text"":""0""},{""@Name"":""ProcessId"",""#text"":""0x1A4""},{""@Name"":""ProcessName"",""#text"":""C:\\Windows\\System32\\services.exe""},{""@Name"":""IpAddress"",""#text"":""-""},{""@Name"":""IpPort"",""#text"":""-""}]}}",,,,,,,,,,
2025-01-14 15:03:13.090820400+00:00,Evtx,Service started or stopped,593.0,7036.0,Info,Service Control Manager,System,420.0,532.0,WIN-3M6ADARIMNH,,,,,False,"{""EventData"":{""Data"":[{""@Name"":""param1"",""#text"":""Windows Audio Endpoint Builder""},{""@Name"":""param2"",""#text"":""running""}],""Binary"":""41-00-75-00-64-00-69-00-6F-00-45-00-6E-00-64-00-70-00-6F-00-69-00-6E-00-74-00-42-00-75-00-69-00-6C-00-64-00-65-00-72-00-2F-00-34-00-00-00""}}",,,,,,,,,,
2025-01-14 15:03:13.106420400+00:00,Evtx,Service started or stopped,594.0,7036.0,Info,Service Control Manager,System,420.0,532.0,WIN-3M6ADARIMNH,,,,,False,"{""EventData"":{""Data"":[{""@Name"":""param1"",""#text"":""Multimedia Class Scheduler""},{""@Name"":""param2"",""#text"":""running""}],""Binary"":""4D-00-4D-00-43-00-53-00-53-00-2F-00-34-00-00-00""}}",,,,,,,,,,
2025-01-14 15:03:13.153220500+00:00,Evtx,Service started or stopped,595.0,7036.0,Info,Service Control Manager,System,420.0,532.0,WIN-3M6ADARIMNH,,,,,False,"{""EventData"":{""Data"":[{""@Name"":""param1"",""#text"":""Windows Audio""},{""@Name"":""param2"",""#text"":""running""}],""Binary"":""41-00-75-00-64-00-69-00-6F-00-53-00-72-00-76-00-2F-00-34-00-00-00""}}",,,,,,,,,,
2025-01-14 15:03:13.153220500+00:00,Evtx,Service started or stopped,596.0,7036.0,Info,Service Control Manager,System,420.0,536.0,WIN-3M6ADARIMNH,,,,,False,"{""EventData"":{""Data"":[{""@Name"":""param1"",""#text"":""Group Policy Client""},{""@Name"":""param2"",""#text"":""running""}],""Binary"":""67-00-70-00-73-00-76-00-63-00-2F-00-34-00-00-00""}}",,,,,,,,,,
2025-01-14 15:03:13.184420500+00:00,Evtx,,29.0,5320.0,Info,Microsoft-Windows-GroupPolicy,Microsoft-Windows-GroupPolicy/Operational,820.0,856.0,WIN-3M6ADARIMNH,S-1-5-18,,,,False,"{""EventData"":{""Data"":{""@Name"":""InfoDescription"",""#text"":""%%4168""}}}",,,,,,,,,,
2025-01-14 15:03:13.184420500+00:00,Evtx,,30.0,5320.0,Info,Microsoft-Windows-GroupPolicy,Microsoft-Windows-GroupPolicy/Operational,820.0,856.0,WIN-3M6ADARIMNH,S-1-5-18,,,,False,"{""EventData"":{""Data"":{""@Name"":""InfoDescription"",""#text"":""%%4160""}}}",,,,,,,,,,
2025-01-14 15:03:13.184420500+00:00,Evtx,Service started or stopped,597.0,7036.0,Info,Service Control Manager,System,420.0,536.0,WIN-3M6ADARIMNH,,,,,False,"{""EventData"":{""Data"":[{""@Name"":""param1"",""#text"":""Themes""},{""@Name"":""param2"",""#text"":""running""}],""Binary"":""54-00-68-00-65-00-6D-00-65-00-73-00-2F-00-34-00-00-00""}}",,,,,,,,,,
2025-01-14 15:03:13.184420500+00:00,Evtx,,31.0,5320.0,Info,Microsoft-Windows-GroupPolicy,Microsoft-Windows-GroupPolicy/Operational,820.0,856.0,WIN-3M6ADARIMNH,S-1-5-18,,,,False,"{""EventData"":{""Data"":{""@Name"":""InfoDescription"",""#text"":""%%4166""}}}",,,,,,,,,,
2025-01-14 15:03:13.184420500+00:00,Evtx,,32.0,5321.0,Info,Microsoft-Windows-GroupPolicy,Microsoft-Windows-GroupPolicy/Operational,820.0,856.0,WIN-3M6ADARIMNH,S-1-5-18,,,,False,"{""EventData"":{""Data"":[{""@Name"":""InfoDescription"",""#text"":""%%4167""},{""@Name"":""OperationParameter1"",""#text"":""a21ca75c-64ec-4dad-91f9-0de11f17b02e""}]}}",,,,,,,,,,
2025-01-14 15:03:13.184420500+00:00,Evtx,Service started or stopped,598.0,7036.0,Info,Service Control Manager,System,420.0,512.0,WIN-3M6ADARIMNH,,,,,False,"{""EventData"":{""Data"":[{""@Name"":""param1"",""#text"":""User Profile Service""},{""@Name"":""param2"",""#text"":""running""}],""Binary"":""50-00-72-00-6F-00-66-00-53-00-76-00-63-00-2F-00-34-00-00-00""}}",,,,,,,,,,
2025-01-14 15:03:13.200020600+00:00,Evtx,Service started or stopped,599.0,7036.0,Info,Service Control Manager,System,420.0,512.0,WIN-3M6ADARIMNH,,,,,False,"{""EventData"":{""Data"":[{""@Name"":""param1"",""#text"":""COM+ Event System""},{""@Name"":""param2"",""#text"":""running""}],""Binary"":""45-00-76-00-65-00-6E-00-74-00-53-00-79-00-73-00-74-00-65-00-6D-00-2F-00-34-00-00-00""}}",,,,,,,,,,
2025-01-14 15:03:13.200020600+00:00,Evtx,Service started or stopped,600.0,7036.0,Info,Service Control Manager,System,420.0,512.0,WIN-3M6ADARIMNH,,,,,False,"{""EventData"":{""Data"":[{""@Name"":""param1"",""#text"":""System Event Notification Service""},{""@Name"":""param2"",""#text"":""running""}],""Binary"":""53-00-45-00-4E-00-53-00-2F-00-34-00-00-00""}}",,,,,,,,,,
2025-01-14 15:03:13.200020600+00:00,Evtx,Service started or stopped,601.0,7036.0,Info,Service Control Manager,System,420.0,512.0,WIN-3M6ADARIMNH,,,,,False,"{""EventData"":{""Data"":[{""@Name"":""param1"",""#text"":""Desktop Window Manager Session Manager""},{""@Name"":""param2"",""#text"":""running""}],""Binary"":""55-00-78-00-53-00-6D-00-73-00-2F-00-34-00-00-00""}}",,,,,,,,,,
2025-01-14 15:03:13.200020600+00:00,Evtx,Service started or stopped,602.0,7036.0,Info,Service Control Manager,System,420.0,512.0,WIN-3M6ADARIMNH,,,,,False,"{""EventData"":{""Data"":[{""@Name"":""param1"",""#text"":""Security Accounts Manager""},{""@Name"":""param2"",""#text"":""running""}],""Binary"":""53-00-61-00-6D-00-53-00-73-00-2F-00-34-00-00-00""}}",,,,,,,,,,
2025-01-14 15:03:13.215620600+00:00,Evtx,,40.0,5320.0,Info,Microsoft-Windows-GroupPolicy,Microsoft-Windows-GroupPolicy/Operational,820.0,988.0,WIN-3M6ADARIMNH,S-1-5-18,,,,False,"{""EventData"":{""Data"":{""@Name"":""InfoDescription"",""#text"":""%%4165""}}}",,,,,,,,,,
2025-01-14 15:03:13.215620600+00:00,Evtx,,39.0,5320.0,Info,Microsoft-Windows-GroupPolicy,Microsoft-Windows-GroupPolicy/Operational,820.0,988.0,WIN-3M6ADARIMNH,S-1-5-18,,,,False,"{""EventData"":{""Data"":{""@Name"":""InfoDescription"",""#text"":""%%4163""}}}",,,,,,,,,,
2025-01-14 15:03:13.215620600+00:00,Evtx,,38.0,5320.0,Info,Microsoft-Windows-GroupPolicy,Microsoft-Windows-GroupPolicy/Operational,820.0,988.0,WIN-3M6ADARIMNH,S-1-5-18,,,,False,"{""EventData"":{""Data"":{""@Name"":""InfoDescription"",""#text"":""%%4161""}}}",,,,,,,,,,
2025-01-14 15:03:13.215620600+00:00,Evtx,,37.0,5313.0,Info,Microsoft-Windows-GroupPolicy,Microsoft-Windows-GroupPolicy/Operational,820.0,988.0,WIN-3M6ADARIMNH,S-1-5-18,,,,False,"{""EventData"":{""Data"":[{""@Name"":""DescriptionString"",""#text"":""Local Group Policy, Not Applied (Empty), ""},{""@Name"":""GPOInfoList"",""#text"":""&lt;GPO ID=\""Local Group Policy\""&gt;&lt;Name&gt;Local Group Policy&lt;/Name&gt;&lt;Version&gt;0&lt;/Version&gt;&lt;SOM&gt;Local&lt;/SOM&gt;&lt;FSPath&gt;C:\\Windows\\System32\\GroupPolicy\\Machine&lt;/FSPath&gt;&lt;Reason&gt;NOTAPPLIED-EMPTY&lt;/Reason&gt;&lt;/GPO&gt;""}]}}",,,,,,,,,,
2025-01-14 15:03:13.215620600+00:00,Evtx,,36.0,5312.0,Info,Microsoft-Windows-GroupPolicy,Microsoft-Windows-GroupPolicy/Operational,820.0,988.0,WIN-3M6ADARIMNH,S-1-5-18,,,,False,"{""EventData"":{""Data"":[{""@Name"":""DescriptionString"",""#text"":""None""},{""@Name"":""GPOInfoList""}]}}",,,,,,,,,,
2025-01-14 15:03:13.215620600+00:00,Evtx,,35.0,5311.0,Info,Microsoft-Windows-GroupPolicy,Microsoft-Windows-GroupPolicy/Operational,820.0,988.0,WIN-3M6ADARIMNH,S-1-5-18,,,,False,"{""EventData"":{""Data"":{""@Name"":""PolicyProcessingMode"",""#text"":""0""}}}",,,,,,,,,,
2025-01-14 15:03:13.215620600+00:00,Evtx,,34.0,4000.0,Info,Microsoft-Windows-GroupPolicy,Microsoft-Windows-GroupPolicy/Operational,820.0,988.0,WIN-3M6ADARIMNH,S-1-5-18,,,,False,"{""EventData"":{""Data"":[{""@Name"":""PolicyActivityId"",""#text"":""9db12c76-7b98-4648-9068-9ecf4da638f9""},{""@Name"":""PrincipalSamName"",""#text"":""WORKGROUP\\WIN-3M6ADARIMNH$""},{""@Name"":""IsMachine"",""#text"":""1""},{""@Name"":""IsDomainJoined"",""#text"":""False""},{""@Name"":""IsBackgroundProcessing"",""#text"":""False""},{""@Name"":""IsAsyncProcessing"",""#text"":""True""},{""@Name"":""IsServiceRestart"",""#text"":""False""},{""@Name"":""ReasonForSyncProcessing"",""#text"":""0""}]}}",,,,,,,,,,
2025-01-14 15:03:13.215620600+00:00,Evtx,,33.0,5324.0,Info,Microsoft-Windows-GroupPolicy,Microsoft-Windows-GroupPolicy/Operational,820.0,924.0,WIN-3M6ADARIMNH,S-1-5-18,,,,False,"{""EventData"":{""Data"":[{""@Name"":""NotificationType"",""#text"":""0""},{""@Name"":""SessionId"",""#text"":""1""}]}}",,,,,,,,,,
2025-01-14 15:03:13.215620600+00:00,Evtx,Service started or stopped,603.0,7036.0,Info,Service Control Manager,System,420.0,512.0,WIN-3M6ADARIMNH,,,,,False,"{""EventData"":{""Data"":[{""@Name"":""param1"",""#text"":""TCP/IP NetBIOS Helper""},{""@Name"":""param2"",""#text"":""running""}],""Binary"":""6C-00-6D-00-68-00-6F-00-73-00-74-00-73-00-2F-00-34-00-00-00""}}",,,,,,,,,,
2025-01-14 15:03:13.215620600+00:00,Evtx,,41.0,8000.0,Info,Microsoft-Windows-GroupPolicy,Microsoft-Windows-GroupPolicy/Operational,820.0,988.0,WIN-3M6ADARIMNH,S-1-5-18,,,,False,"{""EventData"":{""Data"":[{""@Name"":""PolicyElaspedTimeInSeconds"",""#text"":""0""},{""@Name"":""ErrorCode"",""#text"":""0""},{""@Name"":""PrincipalSamName"",""#text"":""WORKGROUP\\WIN-3M6ADARIMNH$""},{""@Name"":""IsMachine"",""#text"":""1""},{""@Name"":""IsConnectivityFailure"",""#text"":""False""}]}}",,,,,,,,,,
2025-01-14 15:03:13.324820800+00:00,Evtx,Service started or stopped,604.0,7036.0,Info,Service Control Manager,System,420.0,532.0,WIN-3M6ADARIMNH,,,,,False,"{""EventData"":{""Data"":[{""@Name"":""param1"",""#text"":""Network Store Interface Service""},{""@Name"":""param2"",""#text"":""running""}],""Binary"":""6E-00-73-00-69-00-2F-00-34-00-00-00""}}",,,,,,,,,,
2025-01-14 15:03:13.340420800+00:00,Evtx,,605.0,50036.0,Info,Microsoft-Windows-Dhcp-Client,System,660.0,1016.0,WIN-3M6ADARIMNH,S-1-5-19,,,,False,"{""EventData"":""""}",,,,,,,,,,
2025-01-14 15:03:13.340420800+00:00,Evtx,Successful logon,110.0,4624.0,LogAlways,Microsoft-Windows-Security-Auditing,Security,428.0,476.0,WIN-3M6ADARIMNH,,WORKGROUP\WIN-3M6ADARIMNH$,WIN-3M6ADARIMNH (127.0.0.1),C:\Windows\System32\winlogon.exe,False,"{""EventData"":{""Data"":[{""@Name"":""SubjectUserSid"",""#text"":""S-1-5-18""},{""@Name"":""SubjectUserName"",""#text"":""WIN-3M6ADARIMNH$""},{""@Name"":""SubjectDomainName"",""#text"":""WORKGROUP""},{""@Name"":""SubjectLogonId"",""#text"":""0x3E7""},{""@Name"":""TargetUserSid"",""#text"":""S-1-5-21-1074993871-1730380631-692495208-1000""},{""@Name"":""TargetUserName"",""#text"":""victim machine""},{""@Name"":""TargetDomainName"",""#text"":""WIN-3M6ADARIMNH""},{""@Name"":""TargetLogonId"",""#text"":""0x14106""},{""@Name"":""LogonType"",""#text"":""2""},{""@Name"":""LogonProcessName"",""#text"":""User32 ""},{""@Name"":""AuthenticationPackageName"",""#text"":""Negotiate""},{""@Name"":""WorkstationName"",""#text"":""WIN-3M6ADARIMNH""},{""@Name"":""LogonGuid"",""#text"":""00000000-0000-0000-0000-000000000000""},{""@Name"":""TransmittedServices"",""#text"":""-""},{""@Name"":""LmPackageName"",""#text"":""-""},{""@Name"":""KeyLength"",""#text"":""0""},{""@Name"":""ProcessId"",""#text"":""0x178""},{""@Name"":""ProcessName"",""#text"":""C:\\Windows\\System32\\winlogon.exe""},{""@Name"":""IpAddress"",""#text"":""127.0.0.1""},{""@Name"":""IpPort"",""#text"":""0""}]}}",,,,,,,,,,
2025-01-14 15:03:13.340420800+00:00,Evtx,A logon was attempted using explicit credentials,109.0,4648.0,LogAlways,Microsoft-Windows-Security-Auditing,Security,428.0,476.0,WIN-3M6ADARIMNH,,WORKGROUP\WIN-3M6ADARIMNH$,127.0.0.1:0,C:\Windows\System32\winlogon.exe,False,"{""EventData"":{""Data"":[{""@Name"":""SubjectUserSid"",""#text"":""S-1-5-18""},{""@Name"":""SubjectUserName"",""#text"":""WIN-3M6ADARIMNH$""},{""@Name"":""SubjectDomainName"",""#text"":""WORKGROUP""},{""@Name"":""SubjectLogonId"",""#text"":""0x3E7""},{""@Name"":""LogonGuid"",""#text"":""00000000-0000-0000-0000-000000000000""},{""@Name"":""TargetUserName"",""#text"":""victim machine""},{""@Name"":""TargetDomainName"",""#text"":""WIN-3M6ADARIMNH""},{""@Name"":""TargetLogonGuid"",""#text"":""00000000-0000-0000-0000-000000000000""},{""@Name"":""TargetServerName"",""#text"":""localhost""},{""@Name"":""TargetInfo"",""#text"":""localhost""},{""@Name"":""ProcessId"",""#text"":""0x178""},{""@Name"":""ProcessName"",""#text"":""C:\\Windows\\System32\\winlogon.exe""},{""@Name"":""IpAddress"",""#text"":""127.0.0.1""},{""@Name"":""IpPort"",""#text"":""0""}]}}",,,,,,,,,,
2025-01-14 15:03:13.340420800+00:00,Evtx,Administrative logon,112.0,4672.0,LogAlways,Microsoft-Windows-Security-Auditing,Security,428.0,476.0,WIN-3M6ADARIMNH,,WIN-3M6ADARIMNH\victim machine (S-1-5-21-1074993871-1730380631-692495208-1000),,,False,"{""EventData"":{""Data"":[{""@Name"":""SubjectUserSid"",""#text"":""S-1-5-21-1074993871-1730380631-692495208-1000""},{""@Name"":""SubjectUserName"",""#text"":""victim machine""},{""@Name"":""SubjectDomainName"",""#text"":""WIN-3M6ADARIMNH""},{""@Name"":""SubjectLogonId"",""#text"":""0x14106""},{""@Name"":""PrivilegeList"",""#text"":""SeSecurityPrivilege, SeTakeOwnershipPrivilege, SeLoadDriverPrivilege, SeBackupPrivilege, SeRestorePrivilege, SeDebugPrivilege, SeSystemEnvironmentPrivilege, SeImpersonatePrivilege""}]}}",,,,,,,,,,
2025-01-14 15:03:13.340420800+00:00,Evtx,Successful logon,111.0,4624.0,LogAlways,Microsoft-Windows-Security-Auditing,Security,428.0,476.0,WIN-3M6ADARIMNH,,WORKGROUP\WIN-3M6ADARIMNH$,WIN-3M6ADARIMNH (127.0.0.1),C:\Windows\System32\winlogon.exe,False,"{""EventData"":{""Data"":[{""@Name"":""SubjectUserSid"",""#text"":""S-1-5-18""},{""@Name"":""SubjectUserName"",""#text"":""WIN-3M6ADARIMNH$""},{""@Name"":""SubjectDomainName"",""#text"":""WORKGROUP""},{""@Name"":""SubjectLogonId"",""#text"":""0x3E7""},{""@Name"":""TargetUserSid"",""#text"":""S-1-5-21-1074993871-1730380631-692495208-1000""},{""@Name"":""TargetUserName"",""#text"":""victim machine""},{""@Name"":""TargetDomainName"",""#text"":""WIN-3M6ADARIMNH""},{""@Name"":""TargetLogonId"",""#text"":""0x1412E""},{""@Name"":""LogonType"",""#text"":""2""},{""@Name"":""LogonProcessName"",""#text"":""User32 ""},{""@Name"":""AuthenticationPackageName"",""#text"":""Negotiate""},{""@Name"":""WorkstationName"",""#text"":""WIN-3M6ADARIMNH""},{""@Name"":""LogonGuid"",""#text"":""00000000-0000-0000-0000-000000000000""},{""@Name"":""TransmittedServices"",""#text"":""-""},{""@Name"":""LmPackageName"",""#text"":""-""},{""@Name"":""KeyLength"",""#text"":""0""},{""@Name"":""ProcessId"",""#text"":""0x178""},{""@Name"":""ProcessName"",""#text"":""C:\\Windows\\System32\\winlogon.exe""},{""@Name"":""IpAddress"",""#text"":""127.0.0.1""},{""@Name"":""IpPort"",""#text"":""0""}]}}",,,,,,,,,,
2025-01-14 15:03:13.356020900+00:00,Evtx,User logon,606.0,7001.0,Info,Microsoft-Windows-Winlogon,System,376.0,400.0,WIN-3M6ADARIMNH,S-1-5-18,,,,False,"{""EventData"":{""Data"":[{""@Name"":""TSId"",""#text"":""1""},{""@Name"":""UserSid"",""#text"":""S-1-5-21-1074993871-1730380631-692495208-1000""}]}}",,,,,,,,,,
2025-01-14 15:03:13.371620900+00:00,Evtx,,607.0,51046.0,Info,Microsoft-Windows-DHCPv6-Client,System,660.0,236.0,WIN-3M6ADARIMNH,S-1-5-19,,,,False,"{""EventData"":""""}",,,,,,,,,,
2025-01-14 15:03:13.371620900+00:00,Evtx,,5.0,1.0,Info,Microsoft-Windows-User Profiles Service,Microsoft-Windows-User Profile Service/Operational,820.0,924.0,WIN-3M6ADARIMNH,S-1-5-21-1074993871-1730380631-692495208-1000,,,,False,"{""EventData"":{""Data"":{""@Name"":""Session"",""#text"":""1""}}}",,,,,,,,,,
2025-01-14 15:03:13.387220900+00:00,Evtx,,6.0,5.0,Info,Microsoft-Windows-User Profiles Service,Microsoft-Windows-User Profile Service/Operational,820.0,856.0,WIN-3M6ADARIMNH,S-1-5-18,,,,False,"{""EventData"":{""Data"":[{""@Name"":""File"",""#text"":""C:\\Users\\victim machine\\ntuser.dat""},{""@Name"":""Key"",""#text"":""S-1-5-21-1074993871-1730380631-692495208-1000""}]}}",,,,,,,,,,
2025-01-14 15:03:13.387220900+00:00,Evtx,,7.0,5.0,Info,Microsoft-Windows-User Profiles Service,Microsoft-Windows-User Profile Service/Operational,820.0,856.0,WIN-3M6ADARIMNH,S-1-5-18,,,,False,"{""EventData"":{""Data"":[{""@Name"":""File"",""#text"":""C:\\Users\\victim machine\\AppData\\Local\\Microsoft\\Windows\\\\UsrClass.dat""},{""@Name"":""Key"",""#text"":""S-1-5-21-1074993871-1730380631-692495208-1000_Classes""}]}}",,,,,,,,,,
2025-01-14 15:03:13.387220900+00:00,Evtx,Service started or stopped,608.0,7036.0,Info,Service Control Manager,System,420.0,512.0,WIN-3M6ADARIMNH,,,,,False,"{""EventData"":{""Data"":[{""@Name"":""param1"",""#text"":""DHCP Client""},{""@Name"":""param2"",""#text"":""running""}],""Binary"":""44-00-68-00-63-00-70-00-2F-00-34-00-00-00""}}",,,,,,,,,,
2025-01-14 15:03:13.402820900+00:00,Evtx,Service started or stopped,609.0,7036.0,Info,Service Control Manager,System,420.0,532.0,WIN-3M6ADARIMNH,,,,,False,"{""EventData"":{""Data"":[{""@Name"":""param1"",""#text"":""DNS Client""},{""@Name"":""param2"",""#text"":""running""}],""Binary"":""44-00-6E-00-73-00-63-00-61-00-63-00-68-00-65-00-2F-00-34-00-00-00""}}",,,,,,,,,,
2025-01-14 15:03:13.418421+00:00,Evtx,Service started or stopped,610.0,7036.0,Info,Service Control Manager,System,420.0,532.0,WIN-3M6ADARIMNH,,,,,False,"{""EventData"":{""Data"":[{""@Name"":""param1"",""#text"":""Shell Hardware Detection""},{""@Name"":""param2"",""#text"":""running""}],""Binary"":""53-00-68-00-65-00-6C-00-6C-00-48-00-57-00-44-00-65-00-74-00-65-00-63-00-74-00-69-00-6F-00-6E-00-2F-00-34-00-00-00""}}",,,,,,,,,,
2025-01-14 15:03:13.449621+00:00,Evtx,,42.0,5324.0,Info,Microsoft-Windows-GroupPolicy,Microsoft-Windows-GroupPolicy/Operational,820.0,924.0,WIN-3M6ADARIMNH,S-1-5-18,,,,False,"{""EventData"":{""Data"":[{""@Name"":""NotificationType"",""#text"":""1""},{""@Name"":""SessionId"",""#text"":""1""}]}}",,,,,,,,,,
2025-01-14 15:03:13.449621+00:00,Evtx,,43.0,4001.0,Info,Microsoft-Windows-GroupPolicy,Microsoft-Windows-GroupPolicy/Operational,820.0,868.0,WIN-3M6ADARIMNH,S-1-5-18,,,,False,"{""EventData"":{""Data"":[{""@Name"":""PolicyActivityId"",""#text"":""ac70fdf8-527c-4427-afa8-05d144b92fa6""},{""@Name"":""PrincipalSamName"",""#text"":""WIN-3M6ADARIMNH\\victim machine""},{""@Name"":""IsMachine"",""#text"":""0""},{""@Name"":""IsDomainJoined"",""#text"":""False""},{""@Name"":""IsBackgroundProcessing"",""#text"":""False""},{""@Name"":""IsAsyncProcessing"",""#text"":""True""},{""@Name"":""IsServiceRestart"",""#text"":""False""},{""@Name"":""ReasonForSyncProcessing"",""#text"":""0""}]}}",,,,,,,,,,
2025-01-14 15:03:13.449621+00:00,Evtx,,44.0,5311.0,Info,Microsoft-Windows-GroupPolicy,Microsoft-Windows-GroupPolicy/Operational,820.0,868.0,WIN-3M6ADARIMNH,S-1-5-21-1074993871-1730380631-692495208-1000,,,,False,"{""EventData"":{""Data"":{""@Name"":""PolicyProcessingMode"",""#text"":""0""}}}",,,,,,,,,,
2025-01-14 15:03:13.449621+00:00,Evtx,,45.0,5312.0,Info,Microsoft-Windows-GroupPolicy,Microsoft-Windows-GroupPolicy/Operational,820.0,868.0,WIN-3M6ADARIMNH,S-1-5-18,,,,False,"{""EventData"":{""Data"":[{""@Name"":""DescriptionString"",""#text"":""None""},{""@Name"":""GPOInfoList""}]}}",,,,,,,,,,
