2025-02-07 11:46:38.572272600+00:00,Evtx,Administrative logon,231.0,4672.0,LogAlways,Microsoft-Windows-Security-Auditing,Security,428.0,500.0,WIN-3M6ADARIMNH,,NT AUTHORITY\SYSTEM (S-1-5-18),,,False,"{""EventData"":{""Data"":[{""@Name"":""SubjectUserSid"",""#text"":""S-1-5-18""},{""@Name"":""SubjectUserName"",""#text"":""SYSTEM""},{""@Name"":""SubjectDomainName"",""#text"":""NT AUTHORITY""},{""@Name"":""SubjectLogonId"",""#text"":""0x3E7""},{""@Name"":""PrivilegeList"",""#text"":""SeAssignPrimaryTokenPrivilege, SeTcbPrivilege, SeSecurityPrivilege, SeTakeOwnershipPrivilege, SeLoadDriverPrivilege, SeBackupPrivilege, SeRestorePrivilege, SeDebugPrivilege, SeAuditPrivilege, SeSystemEnvironmentPrivilege, SeImpersonatePrivilege""}]}}",,,,,,,,,,
2025-02-07 11:46:38.572272600+00:00,Evtx,Successful logon,230.0,4624.0,LogAlways,Microsoft-Windows-Security-Auditing,Security,428.0,500.0,WIN-3M6ADARIMNH,,WORKGROUP\WIN-3M6ADARIMNH$, (-),C:\Windows\System32\services.exe,False,"{""EventData"":{""Data"":[{""@Name"":""SubjectUserSid"",""#text"":""S-1-5-18""},{""@Name"":""SubjectUserName"",""#text"":""WIN-3M6ADARIMNH$""},{""@Name"":""SubjectDomainName"",""#text"":""WORKGROUP""},{""@Name"":""SubjectLogonId"",""#text"":""0x3E7""},{""@Name"":""TargetUserSid"",""#text"":""S-1-5-18""},{""@Name"":""TargetUserName"",""#text"":""SYSTEM""},{""@Name"":""TargetDomainName"",""#text"":""NT AUTHORITY""},{""@Name"":""TargetLogonId"",""#text"":""0x3E7""},{""@Name"":""LogonType"",""#text"":""5""},{""@Name"":""LogonProcessName"",""#text"":""Advapi  ""},{""@Name"":""AuthenticationPackageName"",""#text"":""Negotiate""},{""@Name"":""WorkstationName""},{""@Name"":""LogonGuid"",""#text"":""00000000-0000-0000-0000-000000000000""},{""@Name"":""TransmittedServices"",""#text"":""-""},{""@Name"":""LmPackageName"",""#text"":""-""},{""@Name"":""KeyLength"",""#text"":""0""},{""@Name"":""ProcessId"",""#text"":""0x1A4""},{""@Name"":""ProcessName"",""#text"":""C:\\Windows\\System32\\services.exe""},{""@Name"":""IpAddress"",""#text"":""-""},{""@Name"":""IpPort"",""#text"":""-""}]}}",,,,,,,,,,
2025-02-07 11:46:38.603472700+00:00,Evtx,Service started or stopped,818.0,7036.0,Info,Service Control Manager,System,420.0,2052.0,WIN-3M6ADARIMNH,,,,,False,"{""EventData"":{""Data"":[{""@Name"":""param1"",""#text"":""Volume Shadow Copy""},{""@Name"":""param2"",""#text"":""running""}],""Binary"":""56-00-53-00-53-00-2F-00-34-00-00-00""}}",,,,,,,,,,
2025-02-07 11:46:38.650272800+00:00,Evtx,Administrative logon,233.0,4672.0,LogAlways,Microsoft-Windows-Security-Auditing,Security,428.0,500.0,WIN-3M6ADARIMNH,,NT AUTHORITY\SYSTEM (S-1-5-18),,,False,"{""EventData"":{""Data"":[{""@Name"":""SubjectUserSid"",""#text"":""S-1-5-18""},{""@Name"":""SubjectUserName"",""#text"":""SYSTEM""},{""@Name"":""SubjectDomainName"",""#text"":""NT AUTHORITY""},{""@Name"":""SubjectLogonId"",""#text"":""0x3E7""},{""@Name"":""PrivilegeList"",""#text"":""SeAssignPrimaryTokenPrivilege, SeTcbPrivilege, SeSecurityPrivilege, SeTakeOwnershipPrivilege, SeLoadDriverPrivilege, SeBackupPrivilege, SeRestorePrivilege, SeDebugPrivilege, SeAuditPrivilege, SeSystemEnvironmentPrivilege, SeImpersonatePrivilege""}]}}",,,,,,,,,,
2025-02-07 11:46:38.650272800+00:00,Evtx,Service started or stopped,819.0,7036.0,Info,Service Control Manager,System,420.0,2172.0,WIN-3M6ADARIMNH,,,,,False,"{""EventData"":{""Data"":[{""@Name"":""param1"",""#text"":""Microsoft Software Shadow Copy Provider""},{""@Name"":""param2"",""#text"":""running""}],""Binary"":""73-00-77-00-70-00-72-00-76-00-2F-00-34-00-00-00""}}",,,,,,,,,,
2025-02-07 11:46:38.650272800+00:00,Evtx,Successful logon,232.0,4624.0,LogAlways,Microsoft-Windows-Security-Auditing,Security,428.0,500.0,WIN-3M6ADARIMNH,,WORKGROUP\WIN-3M6ADARIMNH$, (-),C:\Windows\System32\services.exe,False,"{""EventData"":{""Data"":[{""@Name"":""SubjectUserSid"",""#text"":""S-1-5-18""},{""@Name"":""SubjectUserName"",""#text"":""WIN-3M6ADARIMNH$""},{""@Name"":""SubjectDomainName"",""#text"":""WORKGROUP""},{""@Name"":""SubjectLogonId"",""#text"":""0x3E7""},{""@Name"":""TargetUserSid"",""#text"":""S-1-5-18""},{""@Name"":""TargetUserName"",""#text"":""SYSTEM""},{""@Name"":""TargetDomainName"",""#text"":""NT AUTHORITY""},{""@Name"":""TargetLogonId"",""#text"":""0x3E7""},{""@Name"":""LogonType"",""#text"":""5""},{""@Name"":""LogonProcessName"",""#text"":""Advapi  ""},{""@Name"":""AuthenticationPackageName"",""#text"":""Negotiate""},{""@Name"":""WorkstationName""},{""@Name"":""LogonGuid"",""#text"":""00000000-0000-0000-0000-000000000000""},{""@Name"":""TransmittedServices"",""#text"":""-""},{""@Name"":""LmPackageName"",""#text"":""-""},{""@Name"":""KeyLength"",""#text"":""0""},{""@Name"":""ProcessId"",""#text"":""0x1A4""},{""@Name"":""ProcessName"",""#text"":""C:\\Windows\\System32\\services.exe""},{""@Name"":""IpAddress"",""#text"":""-""},{""@Name"":""IpPort"",""#text"":""-""}]}}",,,,,,,,,,
2025-02-07 11:46:43.665524400+00:00,Evtx,,820.0,33.0,Info,volsnap,System,0.0,0.0,WIN-3M6ADARIMNH,,,,,False,"{""EventData"":{""Data"":""\\Device\\HarddiskVolumeShadowCopy4, C:"",""Binary"":""00-00-00-00-02-00-30-00-00-00-00-00-21-00-06-40-02-00-00-00-00-00-00-00-03-00-00-00-00-00-00-00-00-00-00-00-00-00-00-00""}}",,,,,,,,,,
2025-02-07 11:46:47.191130600+00:00,Evtx,,234.0,4904.0,LogAlways,Microsoft-Windows-Security-Auditing,Security,428.0,500.0,WIN-3M6ADARIMNH,,,,,False,"{""EventData"":{""Data"":[{""@Name"":""SubjectUserSid"",""#text"":""S-1-5-18""},{""@Name"":""SubjectUserName"",""#text"":""WIN-3M6ADARIMNH$""},{""@Name"":""SubjectDomainName"",""#text"":""WORKGROUP""},{""@Name"":""SubjectLogonId"",""#text"":""0x3E7""},{""@Name"":""AuditSourceName"",""#text"":""VSSAudit""},{""@Name"":""EventSourceId"",""#text"":""0x1E4E39""},{""@Name"":""ProcessId"",""#text"":""0x820""},{""@Name"":""ProcessName"",""#text"":""C:\\Windows\\System32\\VSSVC.exe""}]}}",,,,,,,,,,
2025-02-07 11:46:47.191130600+00:00,Evtx,,235.0,4905.0,LogAlways,Microsoft-Windows-Security-Auditing,Security,428.0,500.0,WIN-3M6ADARIMNH,,,,,False,"{""EventData"":{""Data"":[{""@Name"":""SubjectUserSid"",""#text"":""S-1-5-18""},{""@Name"":""SubjectUserName"",""#text"":""WIN-3M6ADARIMNH$""},{""@Name"":""SubjectDomainName"",""#text"":""WORKGROUP""},{""@Name"":""SubjectLogonId"",""#text"":""0x3E7""},{""@Name"":""AuditSourceName"",""#text"":""VSSAudit""},{""@Name"":""EventSourceId"",""#text"":""0x1E4E39""},{""@Name"":""ProcessId"",""#text"":""0x820""},{""@Name"":""ProcessName"",""#text"":""C:\\Windows\\System32\\VSSVC.exe""}]}}",,,,,,,,,,
2025-02-07 11:46:55.022344300+00:00,Evtx,,16.0,1002.0,Warning,Microsoft-Windows-KnownFolders,Microsoft-Windows-Known Folders API Service,1760.0,1076.0,WIN-3M6ADARIMNH,S-1-5-18,,,,False,"{""EventData"":{""Data"":[{""@Name"":""hrError"",""#text"":""0x80070002""},{""@Name"":""FolderId"",""#text"":""fdd39ad0-238f-46af-adb4-6c85480369c7""},{""@Name"":""Path"",""#text"":""C:\\Windows\\system32\\config\\systemprofile\\Documents""}]}}",,,,,,,,,,
2025-02-07 11:46:55.022344300+00:00,Evtx,,15.0,1002.0,Warning,Microsoft-Windows-KnownFolders,Microsoft-Windows-Known Folders API Service,1760.0,1076.0,WIN-3M6ADARIMNH,S-1-5-18,,,,False,"{""EventData"":{""Data"":[{""@Name"":""hrError"",""#text"":""0x80070002""},{""@Name"":""FolderId"",""#text"":""625b53c3-ab48-4ec1-ba1f-a1ef4146fc19""},{""@Name"":""Path"",""#text"":""C:\\Windows\\system32\\config\\systemprofile\\AppData\\Roaming\\Microsoft\\Windows\\Start Menu""}]}}",,,,,,,,,,
2025-02-07 11:46:55.022344300+00:00,Evtx,,14.0,1002.0,Warning,Microsoft-Windows-KnownFolders,Microsoft-Windows-Known Folders API Service,1760.0,1076.0,WIN-3M6ADARIMNH,S-1-5-18,,,,False,"{""EventData"":{""Data"":[{""@Name"":""hrError"",""#text"":""0x80070002""},{""@Name"":""FolderId"",""#text"":""1777f761-68ad-4d8a-87bd-30b759fa33dd""},{""@Name"":""Path"",""#text"":""C:\\Windows\\system32\\config\\systemprofile\\Favorites""}]}}",,,,,,,,,,
2025-02-07 11:46:55.022344300+00:00,Evtx,,17.0,1002.0,Warning,Microsoft-Windows-KnownFolders,Microsoft-Windows-Known Folders API Service,1760.0,1076.0,WIN-3M6ADARIMNH,S-1-5-18,,,,False,"{""EventData"":{""Data"":[{""@Name"":""hrError"",""#text"":""0x80070002""},{""@Name"":""FolderId"",""#text"":""b4bfcc3a-db2c-424c-b029-7fe99a87c641""},{""@Name"":""Path"",""#text"":""C:\\Windows\\system32\\config\\systemprofile\\Desktop""}]}}",,,,,,,,,,
2025-02-07 11:46:55.022344300+00:00,Evtx,,17.0,1002.0,Warning,Microsoft-Windows-KnownFolders,Microsoft-Windows-Known Folders API Service,1760.0,1076.0,WIN-3M6ADARIMNH,S-1-5-18,,,,False,"{""EventData"":{""Data"":[{""@Name"":""hrError"",""#text"":""0x80070002""},{""@Name"":""FolderId"",""#text"":""b4bfcc3a-db2c-424c-b029-7fe99a87c641""},{""@Name"":""Path"",""#text"":""C:\\Windows\\system32\\config\\systemprofile\\Desktop""}]}}",,,,,,,,,,
2025-02-07 11:46:55.022344300+00:00,Evtx,,16.0,1002.0,Warning,Microsoft-Windows-KnownFolders,Microsoft-Windows-Known Folders API Service,1760.0,1076.0,WIN-3M6ADARIMNH,S-1-5-18,,,,False,"{""EventData"":{""Data"":[{""@Name"":""hrError"",""#text"":""0x80070002""},{""@Name"":""FolderId"",""#text"":""fdd39ad0-238f-46af-adb4-6c85480369c7""},{""@Name"":""Path"",""#text"":""C:\\Windows\\system32\\config\\systemprofile\\Documents""}]}}",,,,,,,,,,
2025-02-07 11:46:55.022344300+00:00,Evtx,,15.0,1002.0,Warning,Microsoft-Windows-KnownFolders,Microsoft-Windows-Known Folders API Service,1760.0,1076.0,WIN-3M6ADARIMNH,S-1-5-18,,,,False,"{""EventData"":{""Data"":[{""@Name"":""hrError"",""#text"":""0x80070002""},{""@Name"":""FolderId"",""#text"":""625b53c3-ab48-4ec1-ba1f-a1ef4146fc19""},{""@Name"":""Path"",""#text"":""C:\\Windows\\system32\\config\\systemprofile\\AppData\\Roaming\\Microsoft\\Windows\\Start Menu""}]}}",,,,,,,,,,
2025-02-07 11:46:55.022344300+00:00,Evtx,,14.0,1002.0,Warning,Microsoft-Windows-KnownFolders,Microsoft-Windows-Known Folders API Service,1760.0,1076.0,WIN-3M6ADARIMNH,S-1-5-18,,,,False,"{""EventData"":{""Data"":[{""@Name"":""hrError"",""#text"":""0x80070002""},{""@Name"":""FolderId"",""#text"":""1777f761-68ad-4d8a-87bd-30b759fa33dd""},{""@Name"":""Path"",""#text"":""C:\\Windows\\system32\\config\\systemprofile\\Favorites""}]}}",,,,,,,,,,
2025-02-07 11:47:22.493992600+00:00,Evtx,Successful logon,236.0,4624.0,LogAlways,Microsoft-Windows-Security-Auditing,Security,428.0,500.0,WIN-3M6ADARIMNH,,WORKGROUP\WIN-3M6ADARIMNH$, (-),C:\Windows\System32\services.exe,False,"{""EventData"":{""Data"":[{""@Name"":""SubjectUserSid"",""#text"":""S-1-5-18""},{""@Name"":""SubjectUserName"",""#text"":""WIN-3M6ADARIMNH$""},{""@Name"":""SubjectDomainName"",""#text"":""WORKGROUP""},{""@Name"":""SubjectLogonId"",""#text"":""0x3E7""},{""@Name"":""TargetUserSid"",""#text"":""S-1-5-18""},{""@Name"":""TargetUserName"",""#text"":""SYSTEM""},{""@Name"":""TargetDomainName"",""#text"":""NT AUTHORITY""},{""@Name"":""TargetLogonId"",""#text"":""0x3E7""},{""@Name"":""LogonType"",""#text"":""5""},{""@Name"":""LogonProcessName"",""#text"":""Advapi  ""},{""@Name"":""AuthenticationPackageName"",""#text"":""Negotiate""},{""@Name"":""WorkstationName""},{""@Name"":""LogonGuid"",""#text"":""00000000-0000-0000-0000-000000000000""},{""@Name"":""TransmittedServices"",""#text"":""-""},{""@Name"":""LmPackageName"",""#text"":""-""},{""@Name"":""KeyLength"",""#text"":""0""},{""@Name"":""ProcessId"",""#text"":""0x1A4""},{""@Name"":""ProcessName"",""#text"":""C:\\Windows\\System32\\services.exe""},{""@Name"":""IpAddress"",""#text"":""-""},{""@Name"":""IpPort"",""#text"":""-""}]}}",,,,,,,,,,
2025-02-07 11:47:22.493992600+00:00,Evtx,Administrative logon,237.0,4672.0,LogAlways,Microsoft-Windows-Security-Auditing,Security,428.0,500.0,WIN-3M6ADARIMNH,,NT AUTHORITY\SYSTEM (S-1-5-18),,,False,"{""EventData"":{""Data"":[{""@Name"":""SubjectUserSid"",""#text"":""S-1-5-18""},{""@Name"":""SubjectUserName"",""#text"":""SYSTEM""},{""@Name"":""SubjectDomainName"",""#text"":""NT AUTHORITY""},{""@Name"":""SubjectLogonId"",""#text"":""0x3E7""},{""@Name"":""PrivilegeList"",""#text"":""SeAssignPrimaryTokenPrivilege, SeTcbPrivilege, SeSecurityPrivilege, SeTakeOwnershipPrivilege, SeLoadDriverPrivilege, SeBackupPrivilege, SeRestorePrivilege, SeDebugPrivilege, SeAuditPrivilege, SeSystemEnvironmentPrivilege, SeImpersonatePrivilege""}]}}",,,,,,,,,,
2025-02-07 11:47:25.270797500+00:00,Evtx,Service started or stopped,821.0,7036.0,Info,Service Control Manager,System,420.0,2180.0,WIN-3M6ADARIMNH,,,,,False,"{""EventData"":{""Data"":[{""@Name"":""param1"",""#text"":""Windows Modules Installer""},{""@Name"":""param2"",""#text"":""running""}],""Binary"":""54-00-72-00-75-00-73-00-74-00-65-00-64-00-49-00-6E-00-73-00-74-00-61-00-6C-00-6C-00-65-00-72-00-2F-00-34-00-00-00""}}",,,,,,,,,,
2025-02-07 11:48:06.439269800+00:00,Evtx,Service started or stopped,822.0,7036.0,Info,Service Control Manager,System,420.0,2180.0,WIN-3M6ADARIMNH,,,,,False,"{""EventData"":{""Data"":[{""@Name"":""param1"",""#text"":""Windows Modules Installer""},{""@Name"":""param2"",""#text"":""stopped""}],""Binary"":""54-00-72-00-75-00-73-00-74-00-65-00-64-00-49-00-6E-00-73-00-74-00-61-00-6C-00-6C-00-65-00-72-00-2F-00-31-00-00-00""}}",,,,,,,,,,
2025-02-07 11:48:08.217672900+00:00,Evtx,Administrative logon,239.0,4672.0,LogAlways,Microsoft-Windows-Security-Auditing,Security,428.0,500.0,WIN-3M6ADARIMNH,,NT AUTHORITY\SYSTEM (S-1-5-18),,,False,"{""EventData"":{""Data"":[{""@Name"":""SubjectUserSid"",""#text"":""S-1-5-18""},{""@Name"":""SubjectUserName"",""#text"":""SYSTEM""},{""@Name"":""SubjectDomainName"",""#text"":""NT AUTHORITY""},{""@Name"":""SubjectLogonId"",""#text"":""0x3E7""},{""@Name"":""PrivilegeList"",""#text"":""SeAssignPrimaryTokenPrivilege, SeTcbPrivilege, SeSecurityPrivilege, SeTakeOwnershipPrivilege, SeLoadDriverPrivilege, SeBackupPrivilege, SeRestorePrivilege, SeDebugPrivilege, SeAuditPrivilege, SeSystemEnvironmentPrivilege, SeImpersonatePrivilege""}]}}",,,,,,,,,,
2025-02-07 11:48:08.217672900+00:00,Evtx,Successful logon,238.0,4624.0,LogAlways,Microsoft-Windows-Security-Auditing,Security,428.0,500.0,WIN-3M6ADARIMNH,,WORKGROUP\WIN-3M6ADARIMNH$, (-),C:\Windows\System32\services.exe,False,"{""EventData"":{""Data"":[{""@Name"":""SubjectUserSid"",""#text"":""S-1-5-18""},{""@Name"":""SubjectUserName"",""#text"":""WIN-3M6ADARIMNH$""},{""@Name"":""SubjectDomainName"",""#text"":""WORKGROUP""},{""@Name"":""SubjectLogonId"",""#text"":""0x3E7""},{""@Name"":""TargetUserSid"",""#text"":""S-1-5-18""},{""@Name"":""TargetUserName"",""#text"":""SYSTEM""},{""@Name"":""TargetDomainName"",""#text"":""NT AUTHORITY""},{""@Name"":""TargetLogonId"",""#text"":""0x3E7""},{""@Name"":""LogonType"",""#text"":""5""},{""@Name"":""LogonProcessName"",""#text"":""Advapi  ""},{""@Name"":""AuthenticationPackageName"",""#text"":""Negotiate""},{""@Name"":""WorkstationName""},{""@Name"":""LogonGuid"",""#text"":""00000000-0000-0000-0000-000000000000""},{""@Name"":""TransmittedServices"",""#text"":""-""},{""@Name"":""LmPackageName"",""#text"":""-""},{""@Name"":""KeyLength"",""#text"":""0""},{""@Name"":""ProcessId"",""#text"":""0x1A4""},{""@Name"":""ProcessName"",""#text"":""C:\\Windows\\System32\\services.exe""},{""@Name"":""IpAddress"",""#text"":""-""},{""@Name"":""IpPort"",""#text"":""-""}]}}",,,,,,,,,,
2025-02-07 11:48:09.075674400+00:00,Evtx,Service started or stopped,823.0,7036.0,Info,Service Control Manager,System,420.0,2180.0,WIN-3M6ADARIMNH,,,,,False,"{""EventData"":{""Data"":[{""@Name"":""param1"",""#text"":""Windows Modules Installer""},{""@Name"":""param2"",""#text"":""running""}],""Binary"":""54-00-72-00-75-00-73-00-74-00-65-00-64-00-49-00-6E-00-73-00-74-00-61-00-6C-00-6C-00-65-00-72-00-2F-00-34-00-00-00""}}",,,,,,,,,,
2025-02-07 11:48:19.012891900+00:00,Evtx,Start type of a service has changed,824.0,7040.0,Info,Service Control Manager,System,420.0,2180.0,WIN-3M6ADARIMNH,S-1-5-18,,,TrustedInstaller,False,"{""EventData"":{""Data"":[{""@Name"":""param1"",""#text"":""Windows Modules Installer""},{""@Name"":""param2"",""#text"":""demand start""},{""@Name"":""param3"",""#text"":""auto start""},{""@Name"":""param4"",""#text"":""TrustedInstaller""}]}}",,,,,,,,,,
2025-02-07 11:48:45.127337700+00:00,Evtx,,240.0,4907.0,LogAlways,Microsoft-Windows-Security-Auditing,Security,428.0,452.0,WIN-3M6ADARIMNH,,,,,False,"{""EventData"":{""Data"":[{""@Name"":""SubjectUserSid"",""#text"":""S-1-5-18""},{""@Name"":""SubjectUserName"",""#text"":""WIN-3M6ADARIMNH$""},{""@Name"":""SubjectDomainName"",""#text"":""WORKGROUP""},{""@Name"":""SubjectLogonId"",""#text"":""0x3E7""},{""@Name"":""ObjectServer"",""#text"":""Security""},{""@Name"":""ObjectType"",""#text"":""File""},{""@Name"":""ObjectName"",""#text"":""C:\\Windows\\winsxs\\Temp\\PendingRenames\\a17af63d5679db010f010000700b9c0a.desktop.ini""},{""@Name"":""HandleId"",""#text"":""0xB64""},{""@Name"":""OldSd""},{""@Name"":""NewSd"",""#text"":""S:ARAI""},{""@Name"":""ProcessId"",""#text"":""0xB70""},{""@Name"":""ProcessName"",""#text"":""C:\\Windows\\servicing\\TrustedInstaller.exe""}]}}",,,,,,,,,,
2025-02-07 11:48:45.220937900+00:00,Evtx,,241.0,4907.0,LogAlways,Microsoft-Windows-Security-Auditing,Security,428.0,452.0,WIN-3M6ADARIMNH,,,,,False,"{""EventData"":{""Data"":[{""@Name"":""SubjectUserSid"",""#text"":""S-1-5-18""},{""@Name"":""SubjectUserName"",""#text"":""WIN-3M6ADARIMNH$""},{""@Name"":""SubjectDomainName"",""#text"":""WORKGROUP""},{""@Name"":""SubjectLogonId"",""#text"":""0x3E7""},{""@Name"":""ObjectServer"",""#text"":""Security""},{""@Name"":""ObjectType"",""#text"":""File""},{""@Name"":""ObjectName"",""#text"":""C:\\Windows\\winsxs\\Temp\\PendingRenames\\a17af63d5679db0110010000700b9c0a.win7_scenic-demoshort_raw.wtv""},{""@Name"":""HandleId"",""#text"":""0xB6C""},{""@Name"":""OldSd""},{""@Name"":""NewSd"",""#text"":""S:ARAI""},{""@Name"":""ProcessId"",""#text"":""0xB70""},{""@Name"":""ProcessName"",""#text"":""C:\\Windows\\servicing\\TrustedInstaller.exe""}]}}",,,,,,,,,,
2025-02-07 11:48:45.220937900+00:00,Evtx,,242.0,4907.0,LogAlways,Microsoft-Windows-Security-Auditing,Security,428.0,452.0,WIN-3M6ADARIMNH,,,,,False,"{""EventData"":{""Data"":[{""@Name"":""SubjectUserSid"",""#text"":""S-1-5-18""},{""@Name"":""SubjectUserName"",""#text"":""WIN-3M6ADARIMNH$""},{""@Name"":""SubjectDomainName"",""#text"":""WORKGROUP""},{""@Name"":""SubjectLogonId"",""#text"":""0x3E7""},{""@Name"":""ObjectServer"",""#text"":""Security""},{""@Name"":""ObjectType"",""#text"":""File""},{""@Name"":""ObjectName"",""#text"":""C:\\Windows\\winsxs\\Temp\\PendingRenames\\e3c2043e5679db0111010000700b9c0a.desktop.ini""},{""@Name"":""HandleId"",""#text"":""0xB70""},{""@Name"":""OldSd""},{""@Name"":""NewSd"",""#text"":""S:ARAI""},{""@Name"":""ProcessId"",""#text"":""0xB70""},{""@Name"":""ProcessName"",""#text"":""C:\\Windows\\servicing\\TrustedInstaller.exe""}]}}",,,,,,,,,,
2025-02-07 11:48:45.236537900+00:00,Evtx,,247.0,4907.0,LogAlways,Microsoft-Windows-Security-Auditing,Security,428.0,452.0,WIN-3M6ADARIMNH,,,,,False,"{""EventData"":{""Data"":[{""@Name"":""SubjectUserSid"",""#text"":""S-1-5-18""},{""@Name"":""SubjectUserName"",""#text"":""WIN-3M6ADARIMNH$""},{""@Name"":""SubjectDomainName"",""#text"":""WORKGROUP""},{""@Name"":""SubjectLogonId"",""#text"":""0x3E7""},{""@Name"":""ObjectServer"",""#text"":""Security""},{""@Name"":""ObjectType"",""#text"":""File""},{""@Name"":""ObjectName"",""#text"":""C:\\Windows\\winsxs\\Temp\\PendingRenames\\4324073e5679db0116010000700b9c0a.Desktop.ini""},{""@Name"":""HandleId"",""#text"":""0xD18""},{""@Name"":""OldSd""},{""@Name"":""NewSd"",""#text"":""S:ARAI""},{""@Name"":""ProcessId"",""#text"":""0xB70""},{""@Name"":""ProcessName"",""#text"":""C:\\Windows\\servicing\\TrustedInstaller.exe""}]}}",,,,,,,,,,
2025-02-07 11:48:45.236537900+00:00,Evtx,,246.0,4907.0,LogAlways,Microsoft-Windows-Security-Auditing,Security,428.0,452.0,WIN-3M6ADARIMNH,,,,,False,"{""EventData"":{""Data"":[{""@Name"":""SubjectUserSid"",""#text"":""S-1-5-18""},{""@Name"":""SubjectUserName"",""#text"":""WIN-3M6ADARIMNH$""},{""@Name"":""SubjectDomainName"",""#text"":""WORKGROUP""},{""@Name"":""SubjectLogonId"",""#text"":""0x3E7""},{""@Name"":""ObjectServer"",""#text"":""Security""},{""@Name"":""ObjectType"",""#text"":""File""},{""@Name"":""ObjectName"",""#text"":""C:\\Windows\\winsxs\\Temp\\PendingRenames\\4324073e5679db0115010000700b9c0a.Desktop.ini""},{""@Name"":""HandleId"",""#text"":""0xCF8""},{""@Name"":""OldSd""},{""@Name"":""NewSd"",""#text"":""S:ARAI""},{""@Name"":""ProcessId"",""#text"":""0xB70""},{""@Name"":""ProcessName"",""#text"":""C:\\Windows\\servicing\\TrustedInstaller.exe""}]}}",,,,,,,,,,
2025-02-07 11:48:45.236537900+00:00,Evtx,,245.0,4907.0,LogAlways,Microsoft-Windows-Security-Auditing,Security,428.0,452.0,WIN-3M6ADARIMNH,,,,,False,"{""EventData"":{""Data"":[{""@Name"":""SubjectUserSid"",""#text"":""S-1-5-18""},{""@Name"":""SubjectUserName"",""#text"":""WIN-3M6ADARIMNH$""},{""@Name"":""SubjectDomainName"",""#text"":""WORKGROUP""},{""@Name"":""SubjectLogonId"",""#text"":""0x3E7""},{""@Name"":""ObjectServer"",""#text"":""Security""},{""@Name"":""ObjectType"",""#text"":""File""},{""@Name"":""ObjectName"",""#text"":""C:\\Windows\\winsxs\\Temp\\PendingRenames\\4324073e5679db0114010000700b9c0a.Desktop.ini""},{""@Name"":""HandleId"",""#text"":""0xCD8""},{""@Name"":""OldSd""},{""@Name"":""NewSd"",""#text"":""S:ARAI""},{""@Name"":""ProcessId"",""#text"":""0xB70""},{""@Name"":""ProcessName"",""#text"":""C:\\Windows\\servicing\\TrustedInstaller.exe""}]}}",,,,,,,,,,
2025-02-07 11:48:45.236537900+00:00,Evtx,,244.0,4907.0,LogAlways,Microsoft-Windows-Security-Auditing,Security,428.0,452.0,WIN-3M6ADARIMNH,,,,,False,"{""EventData"":{""Data"":[{""@Name"":""SubjectUserSid"",""#text"":""S-1-5-18""},{""@Name"":""SubjectUserName"",""#text"":""WIN-3M6ADARIMNH$""},{""@Name"":""SubjectDomainName"",""#text"":""WORKGROUP""},{""@Name"":""SubjectLogonId"",""#text"":""0x3E7""},{""@Name"":""ObjectServer"",""#text"":""Security""},{""@Name"":""ObjectType"",""#text"":""File""},{""@Name"":""ObjectName"",""#text"":""C:\\Windows\\winsxs\\Temp\\PendingRenames\\4324073e5679db0113010000700b9c0a.Desktop.ini""},{""@Name"":""HandleId"",""#text"":""0xCB4""},{""@Name"":""OldSd""},{""@Name"":""NewSd"",""#text"":""S:ARAI""},{""@Name"":""ProcessId"",""#text"":""0xB70""},{""@Name"":""ProcessName"",""#text"":""C:\\Windows\\servicing\\TrustedInstaller.exe""}]}}",,,,,,,,,,
2025-02-07 11:48:45.236537900+00:00,Evtx,,243.0,4907.0,LogAlways,Microsoft-Windows-Security-Auditing,Security,428.0,452.0,WIN-3M6ADARIMNH,,,,,False,"{""EventData"":{""Data"":[{""@Name"":""SubjectUserSid"",""#text"":""S-1-5-18""},{""@Name"":""SubjectUserName"",""#text"":""WIN-3M6ADARIMNH$""},{""@Name"":""SubjectDomainName"",""#text"":""WORKGROUP""},{""@Name"":""SubjectLogonId"",""#text"":""0x3E7""},{""@Name"":""ObjectServer"",""#text"":""Security""},{""@Name"":""ObjectType"",""#text"":""File""},{""@Name"":""ObjectName"",""#text"":""C:\\Windows\\winsxs\\Temp\\PendingRenames\\e3c2043e5679db0112010000700b9c0a.Desktop.ini""},{""@Name"":""HandleId"",""#text"":""0xB90""},{""@Name"":""OldSd""},{""@Name"":""NewSd"",""#text"":""S:ARAI""},{""@Name"":""ProcessId"",""#text"":""0xB70""},{""@Name"":""ProcessName"",""#text"":""C:\\Windows\\servicing\\TrustedInstaller.exe""}]}}",,,,,,,,,,
2025-02-07 11:48:45.298938+00:00,Evtx,,248.0,4907.0,LogAlways,Microsoft-Windows-Security-Auditing,Security,428.0,452.0,WIN-3M6ADARIMNH,,,,,False,"{""EventData"":{""Data"":[{""@Name"":""SubjectUserSid"",""#text"":""S-1-5-18""},{""@Name"":""SubjectUserName"",""#text"":""WIN-3M6ADARIMNH$""},{""@Name"":""SubjectDomainName"",""#text"":""WORKGROUP""},{""@Name"":""SubjectLogonId"",""#text"":""0x3E7""},{""@Name"":""ObjectServer"",""#text"":""Security""},{""@Name"":""ObjectType"",""#text"":""File""},{""@Name"":""ObjectName"",""#text"":""C:\\Windows\\winsxs\\Temp\\PendingRenames\\64480e3e5679db0117010000700b9c0a.AppIdPolicy.xsd""},{""@Name"":""HandleId"",""#text"":""0x1AFC""},{""@Name"":""OldSd""},{""@Name"":""NewSd"",""#text"":""S:ARAI""},{""@Name"":""ProcessId"",""#text"":""0xB70""},{""@Name"":""ProcessName"",""#text"":""C:\\Windows\\servicing\\TrustedInstaller.exe""}]}}",,,,,,,,,,
2025-02-07 11:48:45.392538200+00:00,Evtx,,249.0,4907.0,LogAlways,Microsoft-Windows-Security-Auditing,Security,428.0,452.0,WIN-3M6ADARIMNH,,,,,False,"{""EventData"":{""Data"":[{""@Name"":""SubjectUserSid"",""#text"":""S-1-5-18""},{""@Name"":""SubjectUserName"",""#text"":""WIN-3M6ADARIMNH$""},{""@Name"":""SubjectDomainName"",""#text"":""WORKGROUP""},{""@Name"":""SubjectLogonId"",""#text"":""0x3E7""},{""@Name"":""ObjectServer"",""#text"":""Security""},{""@Name"":""ObjectType"",""#text"":""File""},{""@Name"":""ObjectName"",""#text"":""C:\\Windows\\winsxs\\Temp\\PendingRenames\\c4a9103e5679db0118010000700b9c0a.XboxMCX-V.XEX""},{""@Name"":""HandleId"",""#text"":""0x1F88""},{""@Name"":""OldSd""},{""@Name"":""NewSd"",""#text"":""S:ARAI""},{""@Name"":""ProcessId"",""#text"":""0xB70""},{""@Name"":""ProcessName"",""#text"":""C:\\Windows\\servicing\\TrustedInstaller.exe""}]}}",,,,,,,,,,
2025-02-07 11:48:45.813738900+00:00,Evtx,,250.0,4907.0,LogAlways,Microsoft-Windows-Security-Auditing,Security,428.0,452.0,WIN-3M6ADARIMNH,,,,,False,"{""EventData"":{""Data"":[{""@Name"":""SubjectUserSid"",""#text"":""S-1-5-18""},{""@Name"":""SubjectUserName"",""#text"":""WIN-3M6ADARIMNH$""},{""@Name"":""SubjectDomainName"",""#text"":""WORKGROUP""},{""@Name"":""SubjectLogonId"",""#text"":""0x3E7""},{""@Name"":""ObjectServer"",""#text"":""Security""},{""@Name"":""ObjectType"",""#text"":""File""},{""@Name"":""ObjectName"",""#text"":""C:\\Windows\\winsxs\\Temp\\PendingRenames\\2d375f3e5679db0121010000700b9c0a.desktop.ini""},{""@Name"":""HandleId"",""#text"":""0x2B38""},{""@Name"":""OldSd""},{""@Name"":""NewSd"",""#text"":""S:ARAI""},{""@Name"":""ProcessId"",""#text"":""0xB70""},{""@Name"":""ProcessName"",""#text"":""C:\\Windows\\servicing\\TrustedInstaller.exe""}]}}",,,,,,,,,,
2025-02-07 11:49:07+00:00,Evtx,A user initiated a system restart,825.0,1074.0,Info,USER32,System,0.0,0.0,WIN-3M6ADARIMNH,S-1-5-21-1074993871-1730380631-692495208-1000,,,,False,"{""EventData"":{""Data"":""C:\\Windows\\system32\\wbem\\wmiprvse.exe (WIN-3M6ADARIMNH), WIN-3M6ADARIMNH, No title for this reason could be found, 0x80070015, restart, WIN-3M6ADARIMNH\\victim machine"",""Binary"":""15-00-07-80-00-00-00-00-00-00-00-00-00-00-00-00-00-00-00-00-00-00-00-00-00-00-00-00-00-00-00-00-00-00-00-00-00-00-00-00""}}",,,,,,,,,,
2025-02-07 11:49:08.137378100+00:00,Evtx,,11.0,1016.0,Info,Microsoft-Windows-ReadyBoost,Microsoft-Windows-ReadyBoost/Operational,768.0,1992.0,WIN-3M6ADARIMNH,S-1-5-18,,,,False,"{""EventData"":{""Data"":[{""@Name"":""BootPlanTimestamp"",""#text"":""2025-02-07 19:48:57.5761596""},{""@Name"":""ErrorCode"",""#text"":""0""},{""@Name"":""Duration (ms)"",""#text"":""10561""},{""@Name"":""Reason"",""#text"":""1""}]}}",,,,,,,,,,
2025-02-07 11:49:08.137378100+00:00,Evtx,,11.0,1016.0,Info,Microsoft-Windows-ReadyBoost,Microsoft-Windows-ReadyBoost/Operational,768.0,1992.0,WIN-3M6ADARIMNH,S-1-5-18,,,,False,"{""EventData"":{""Data"":[{""@Name"":""BootPlanTimestamp"",""#text"":""2025-02-07 19:48:57.5761596""},{""@Name"":""ErrorCode"",""#text"":""0""},{""@Name"":""Duration (ms)"",""#text"":""10561""},{""@Name"":""Reason"",""#text"":""1""}]}}",,,,,,,,,,
2025-02-07 11:49:10.711382700+00:00,Evtx,,75.0,5324.0,Info,Microsoft-Windows-GroupPolicy,Microsoft-Windows-GroupPolicy/Operational,816.0,2644.0,WIN-3M6ADARIMNH,S-1-5-18,,,,False,"{""EventData"":{""Data"":[{""@Name"":""NotificationType"",""#text"":""4""},{""@Name"":""SessionId"",""#text"":""1""}]}}",,,,,,,,,,
2025-02-07 11:49:11.350983800+00:00,Evtx,User initiated logoff,251.0,4647.0,LogAlways,Microsoft-Windows-Security-Auditing,Security,428.0,500.0,WIN-3M6ADARIMNH,,Target: WIN-3M6ADARIMNH\victim machine,,,False,"{""EventData"":{""Data"":[{""@Name"":""TargetUserSid"",""#text"":""S-1-5-21-1074993871-1730380631-692495208-1000""},{""@Name"":""TargetUserName"",""#text"":""victim machine""},{""@Name"":""TargetDomainName"",""#text"":""WIN-3M6ADARIMNH""},{""@Name"":""TargetLogonId"",""#text"":""0x1441F""}]}}",,,,,,,,,,
2025-02-07 11:49:11.366583800+00:00,Evtx,,76.0,5324.0,Info,Microsoft-Windows-GroupPolicy,Microsoft-Windows-GroupPolicy/Operational,816.0,2644.0,WIN-3M6ADARIMNH,S-1-5-18,,,,False,"{""EventData"":{""Data"":[{""@Name"":""NotificationType"",""#text"":""2""},{""@Name"":""SessionId"",""#text"":""1""}]}}",,,,,,,,,,
2025-02-07 11:49:11.366583800+00:00,Evtx,Remote Desktop Services: Session logoff succeeded,7.0,23.0,Info,Microsoft-Windows-TerminalServices-LocalSessionManager,Microsoft-Windows-TerminalServices-LocalSessionManager/Operational,436.0,2296.0,WIN-3M6ADARIMNH,S-1-5-18,WIN-3M6ADARIMNH\victim machine,,,False,"{""UserData"":{""EventXML"":{""User"":""WIN-3M6ADARIMNH\\victim machine"",""SessionID"":""1""}}}",,,,,,,,,,
2025-02-07 11:49:11.397783900+00:00,Evtx,,13.0,3.0,Info,Microsoft-Windows-User Profiles Service,Microsoft-Windows-User Profile Service/Operational,816.0,2644.0,WIN-3M6ADARIMNH,S-1-5-21-1074993871-1730380631-692495208-1000,,,,False,"{""EventData"":{""Data"":{""@Name"":""Session"",""#text"":""1""}}}",,,,,,,,,,
2025-02-07 11:49:11.460184+00:00,Evtx,An account was logged off,14.0,4.0,Info,Microsoft-Windows-User Profiles Service,Microsoft-Windows-User Profile Service/Operational,816.0,2644.0,WIN-3M6ADARIMNH,S-1-5-21-1074993871-1730380631-692495208-1000,,,,False,"{""EventData"":{""Data"":{""@Name"":""Session"",""#text"":""1""}}}",,,,,,,,,,
2025-02-07 11:49:11.475784+00:00,Evtx,User logoff,826.0,7002.0,Info,Microsoft-Windows-Winlogon,System,376.0,2480.0,WIN-3M6ADARIMNH,S-1-5-18,,,,False,"{""EventData"":{""Data"":[{""@Name"":""TSId"",""#text"":""1""},{""@Name"":""UserSid"",""#text"":""S-1-5-21-1074993871-1730380631-692495208-1000""}]}}",,,,,,,,,,
2025-02-07 11:49:11.584984200+00:00,Evtx,,9.0,39.0,Info,Microsoft-Windows-WindowsUpdateClient,Microsoft-Windows-WindowsUpdateClient/Operational,816.0,1204.0,WIN-3M6ADARIMNH,S-1-5-18,,,,False,"{""EventData"":""""}",,,,,,,,,,
2025-02-07 11:49:11.584984200+00:00,Evtx,,9.0,39.0,Info,Microsoft-Windows-WindowsUpdateClient,Microsoft-Windows-WindowsUpdateClient/Operational,816.0,1204.0,WIN-3M6ADARIMNH,S-1-5-18,,,,False,"{""EventData"":""""}",,,,,,,,,,
2025-02-07 11:49:11.600584200+00:00,Evtx,Service started or stopped,827.0,7036.0,Info,Service Control Manager,System,420.0,2172.0,WIN-3M6ADARIMNH,,,,,False,"{""EventData"":{""Data"":[{""@Name"":""param1"",""#text"":""Windows Update""},{""@Name"":""param2"",""#text"":""stopped""}],""Binary"":""77-00-75-00-61-00-75-00-73-00-65-00-72-00-76-00-2F-00-31-00-00-00""}}",,,,,,,,,,
2025-02-07 11:49:11.694184400+00:00,Evtx,,77.0,5325.0,Info,Microsoft-Windows-GroupPolicy,Microsoft-Windows-GroupPolicy/Operational,816.0,820.0,WIN-3M6ADARIMNH,S-1-5-18,,,,False,"{""EventData"":{""Data"":{""@Name"":""NotificationType"",""#text"":""0""}}}",,,,,,,,,,
2025-02-07 11:49:11.709784400+00:00,Evtx,Service started or stopped,828.0,7036.0,Info,Service Control Manager,System,420.0,2180.0,WIN-3M6ADARIMNH,,,,,False,"{""EventData"":{""Data"":[{""@Name"":""param1"",""#text"":""Group Policy Client""},{""@Name"":""param2"",""#text"":""stopped""}],""Binary"":""67-00-70-00-73-00-76-00-63-00-2F-00-31-00-00-00""}}",,,,,,,,,,
2025-02-07 11:49:11.803384600+00:00,Evtx,,829.0,20010.0,Info,Microsoft-Windows-UserPnp,System,540.0,2568.0,WIN-3M6ADARIMNH,S-1-5-18,,,,False,"{""UserData"":{""INFO_PNP_STATE"":{""InstallSubsystemState"":""False"",""CachingSubsystemState"":""True""}}}",,,,,,,,,,
2025-02-07 11:49:13.441387500+00:00,Evtx,,253.0,4907.0,LogAlways,Microsoft-Windows-Security-Auditing,Security,428.0,452.0,WIN-3M6ADARIMNH,,,,,False,"{""EventData"":{""Data"":[{""@Name"":""SubjectUserSid"",""#text"":""S-1-5-18""},{""@Name"":""SubjectUserName"",""#text"":""WIN-3M6ADARIMNH$""},{""@Name"":""SubjectDomainName"",""#text"":""WORKGROUP""},{""@Name"":""SubjectLogonId"",""#text"":""0x3E7""},{""@Name"":""ObjectServer"",""#text"":""Security""},{""@Name"":""ObjectType"",""#text"":""File""},{""@Name"":""ObjectName"",""#text"":""C:\\Users\\Public\\Recorded TV\\Sample Media\\win7_scenic-demoshort_raw.wtv""},{""@Name"":""HandleId"",""#text"":""0x18""},{""@Name"":""OldSd"",""#text"":""S:AI""},{""@Name"":""NewSd""},{""@Name"":""ProcessId"",""#text"":""0x41C""},{""@Name"":""ProcessName"",""#text"":""C:\\Windows\\System32\\poqexec.exe""}]}}",,,,,,,,,,
2025-02-07 11:49:13.441387500+00:00,Evtx,,254.0,4907.0,LogAlways,Microsoft-Windows-Security-Auditing,Security,428.0,452.0,WIN-3M6ADARIMNH,,,,,False,"{""EventData"":{""Data"":[{""@Name"":""SubjectUserSid"",""#text"":""S-1-5-18""},{""@Name"":""SubjectUserName"",""#text"":""WIN-3M6ADARIMNH$""},{""@Name"":""SubjectDomainName"",""#text"":""WORKGROUP""},{""@Name"":""SubjectLogonId"",""#text"":""0x3E7""},{""@Name"":""ObjectServer"",""#text"":""Security""},{""@Name"":""ObjectType"",""#text"":""File""},{""@Name"":""ObjectName"",""#text"":""C:\\Users\\Public\\Recorded TV\\Sample Media\\desktop.ini""},{""@Name"":""HandleId"",""#text"":""0x18""},{""@Name"":""OldSd"",""#text"":""S:AI""},{""@Name"":""NewSd""},{""@Name"":""ProcessId"",""#text"":""0x41C""},{""@Name"":""ProcessName"",""#text"":""C:\\Windows\\System32\\poqexec.exe""}]}}",,,,,,,,,,
2025-02-07 11:49:13.441387500+00:00,Evtx,,252.0,4907.0,LogAlways,Microsoft-Windows-Security-Auditing,Security,428.0,452.0,WIN-3M6ADARIMNH,,,,,False,"{""EventData"":{""Data"":[{""@Name"":""SubjectUserSid"",""#text"":""S-1-5-18""},{""@Name"":""SubjectUserName"",""#text"":""WIN-3M6ADARIMNH$""},{""@Name"":""SubjectDomainName"",""#text"":""WORKGROUP""},{""@Name"":""SubjectLogonId"",""#text"":""0x3E7""},{""@Name"":""ObjectServer"",""#text"":""Security""},{""@Name"":""ObjectType"",""#text"":""File""},{""@Name"":""ObjectName"",""#text"":""C:\\Users\\Public\\Recorded TV\\desktop.ini""},{""@Name"":""HandleId"",""#text"":""0x18""},{""@Name"":""OldSd"",""#text"":""S:AI""},{""@Name"":""NewSd""},{""@Name"":""ProcessId"",""#text"":""0x41C""},{""@Name"":""ProcessName"",""#text"":""C:\\Windows\\System32\\poqexec.exe""}]}}",,,,,,,,,,
2025-02-07 11:49:13.456987500+00:00,Evtx,,255.0,4907.0,LogAlways,Microsoft-Windows-Security-Auditing,Security,428.0,452.0,WIN-3M6ADARIMNH,,,,,False,"{""EventData"":{""Data"":[{""@Name"":""SubjectUserSid"",""#text"":""S-1-5-18""},{""@Name"":""SubjectUserName"",""#text"":""WIN-3M6ADARIMNH$""},{""@Name"":""SubjectDomainName"",""#text"":""WORKGROUP""},{""@Name"":""SubjectLogonId"",""#text"":""0x3E7""},{""@Name"":""ObjectServer"",""#text"":""Security""},{""@Name"":""ObjectType"",""#text"":""File""},{""@Name"":""ObjectName"",""#text"":""C:\\ProgramData\\Microsoft\\Windows\\Start Menu\\Programs\\Accessories\\Tablet PC\\Desktop.ini""},{""@Name"":""HandleId"",""#text"":""0x18""},{""@Name"":""OldSd"",""#text"":""S:AI""},{""@Name"":""NewSd""},{""@Name"":""ProcessId"",""#text"":""0x41C""},{""@Name"":""ProcessName"",""#text"":""C:\\Windows\\System32\\poqexec.exe""}]}}",,,,,,,,,,
2025-02-07 11:49:13.456987500+00:00,Evtx,,256.0,4907.0,LogAlways,Microsoft-Windows-Security-Auditing,Security,428.0,452.0,WIN-3M6ADARIMNH,,,,,False,"{""EventData"":{""Data"":[{""@Name"":""SubjectUserSid"",""#text"":""S-1-5-18""},{""@Name"":""SubjectUserName"",""#text"":""WIN-3M6ADARIMNH$""},{""@Name"":""SubjectDomainName"",""#text"":""WORKGROUP""},{""@Name"":""SubjectLogonId"",""#text"":""0x3E7""},{""@Name"":""ObjectServer"",""#text"":""Security""},{""@Name"":""ObjectType"",""#text"":""File""},{""@Name"":""ObjectName"",""#text"":""C:\\Windows\\Help\\mui\\0409\\scanmanagement.CHM""},{""@Name"":""HandleId"",""#text"":""0x18""},{""@Name"":""OldSd""},{""@Name"":""NewSd"",""#text"":""S:ARAI(AU;SAFA;DCLCRPCRSDWDWO;;;WD)""},{""@Name"":""ProcessId"",""#text"":""0x41C""},{""@Name"":""ProcessName"",""#text"":""C:\\Windows\\System32\\poqexec.exe""}]}}",,,,,,,,,,
2025-02-07 11:49:13.456987500+00:00,Evtx,,257.0,4907.0,LogAlways,Microsoft-Windows-Security-Auditing,Security,428.0,452.0,WIN-3M6ADARIMNH,,,,,False,"{""EventData"":{""Data"":[{""@Name"":""SubjectUserSid"",""#text"":""S-1-5-18""},{""@Name"":""SubjectUserName"",""#text"":""WIN-3M6ADARIMNH$""},{""@Name"":""SubjectDomainName"",""#text"":""WORKGROUP""},{""@Name"":""SubjectLogonId"",""#text"":""0x3E7""},{""@Name"":""ObjectServer"",""#text"":""Security""},{""@Name"":""ObjectType"",""#text"":""File""},{""@Name"":""ObjectName"",""#text"":""C:\\Windows\\Help\\Windows\\en-US\\secpol.h1s""},{""@Name"":""HandleId"",""#text"":""0x18""},{""@Name"":""OldSd""},{""@Name"":""NewSd"",""#text"":""S:ARAI(AU;SAFA;DCLCRPCRSDWDWO;;;WD)""},{""@Name"":""ProcessId"",""#text"":""0x41C""},{""@Name"":""ProcessName"",""#text"":""C:\\Windows\\System32\\poqexec.exe""}]}}",,,,,,,,,,
2025-02-07 11:49:13.456987500+00:00,Evtx,,258.0,4907.0,LogAlways,Microsoft-Windows-Security-Auditing,Security,428.0,452.0,WIN-3M6ADARIMNH,,,,,False,"{""EventData"":{""Data"":[{""@Name"":""SubjectUserSid"",""#text"":""S-1-5-18""},{""@Name"":""SubjectUserName"",""#text"":""WIN-3M6ADARIMNH$""},{""@Name"":""SubjectDomainName"",""#text"":""WORKGROUP""},{""@Name"":""SubjectLogonId"",""#text"":""0x3E7""},{""@Name"":""ObjectServer"",""#text"":""Security""},{""@Name"":""ObjectType"",""#text"":""File""},{""@Name"":""ObjectName"",""#text"":""C:\\Windows\\Help\\Windows\\en-US\\hgroupp.h1s""},{""@Name"":""HandleId"",""#text"":""0x18""},{""@Name"":""OldSd""},{""@Name"":""NewSd"",""#text"":""S:ARAI(AU;SAFA;DCLCRPCRSDWDWO;;;WD)""},{""@Name"":""ProcessId"",""#text"":""0x41C""},{""@Name"":""ProcessName"",""#text"":""C:\\Windows\\System32\\poqexec.exe""}]}}",,,,,,,,,,
2025-02-07 11:49:13.472587500+00:00,Evtx,,266.0,4907.0,LogAlways,Microsoft-Windows-Security-Auditing,Security,428.0,452.0,WIN-3M6ADARIMNH,,,,,False,"{""EventData"":{""Data"":[{""@Name"":""SubjectUserSid"",""#text"":""S-1-5-18""},{""@Name"":""SubjectUserName"",""#text"":""WIN-3M6ADARIMNH$""},{""@Name"":""SubjectDomainName"",""#text"":""WORKGROUP""},{""@Name"":""SubjectLogonId"",""#text"":""0x3E7""},{""@Name"":""ObjectServer"",""#text"":""Security""},{""@Name"":""ObjectType"",""#text"":""File""},{""@Name"":""ObjectName"",""#text"":""C:\\Windows\\Help\\Windows\\en-US\\touch.h1s""},{""@Name"":""HandleId"",""#text"":""0x18""},{""@Name"":""OldSd""},{""@Name"":""NewSd"",""#text"":""S:ARAI(AU;SAFA;DCLCRPCRSDWDWO;;;WD)""},{""@Name"":""ProcessId"",""#text"":""0x41C""},{""@Name"":""ProcessName"",""#text"":""C:\\Windows\\System32\\poqexec.exe""}]}}",,,,,,,,,,
2025-02-07 11:49:13.472587500+00:00,Evtx,,264.0,4907.0,LogAlways,Microsoft-Windows-Security-Auditing,Security,428.0,452.0,WIN-3M6ADARIMNH,,,,,False,"{""EventData"":{""Data"":[{""@Name"":""SubjectUserSid"",""#text"":""S-1-5-18""},{""@Name"":""SubjectUserName"",""#text"":""WIN-3M6ADARIMNH$""},{""@Name"":""SubjectDomainName"",""#text"":""WORKGROUP""},{""@Name"":""SubjectLogonId"",""#text"":""0x3E7""},{""@Name"":""ObjectServer"",""#text"":""Security""},{""@Name"":""ObjectType"",""#text"":""File""},{""@Name"":""ObjectName"",""#text"":""C:\\Windows\\Help\\Windows\\en-US\\dvdburn.h1s""},{""@Name"":""HandleId"",""#text"":""0x18""},{""@Name"":""OldSd""},{""@Name"":""NewSd"",""#text"":""S:ARAI(AU;SAFA;DCLCRPCRSDWDWO;;;WD)""},{""@Name"":""ProcessId"",""#text"":""0x41C""},{""@Name"":""ProcessName"",""#text"":""C:\\Windows\\System32\\poqexec.exe""}]}}",,,,,,,,,,
2025-02-07 11:49:13.472587500+00:00,Evtx,,263.0,4907.0,LogAlways,Microsoft-Windows-Security-Auditing,Security,428.0,452.0,WIN-3M6ADARIMNH,,,,,False,"{""EventData"":{""Data"":[{""@Name"":""SubjectUserSid"",""#text"":""S-1-5-18""},{""@Name"":""SubjectUserName"",""#text"":""WIN-3M6ADARIMNH$""},{""@Name"":""SubjectDomainName"",""#text"":""WORKGROUP""},{""@Name"":""SubjectLogonId"",""#text"":""0x3E7""},{""@Name"":""ObjectServer"",""#text"":""Security""},{""@Name"":""ObjectType"",""#text"":""File""},{""@Name"":""ObjectName"",""#text"":""C:\\Windows\\Help\\Windows\\en-US\\itpro.h1s""},{""@Name"":""HandleId"",""#text"":""0x18""},{""@Name"":""OldSd""},{""@Name"":""NewSd"",""#text"":""S:ARAI(AU;SAFA;DCLCRPCRSDWDWO;;;WD)""},{""@Name"":""ProcessId"",""#text"":""0x41C""},{""@Name"":""ProcessName"",""#text"":""C:\\Windows\\System32\\poqexec.exe""}]}}",,,,,,,,,,
2025-02-07 11:49:13.472587500+00:00,Evtx,,265.0,4907.0,LogAlways,Microsoft-Windows-Security-Auditing,Security,428.0,452.0,WIN-3M6ADARIMNH,,,,,False,"{""EventData"":{""Data"":[{""@Name"":""SubjectUserSid"",""#text"":""S-1-5-18""},{""@Name"":""SubjectUserName"",""#text"":""WIN-3M6ADARIMNH$""},{""@Name"":""SubjectDomainName"",""#text"":""WORKGROUP""},{""@Name"":""SubjectLogonId"",""#text"":""0x3E7""},{""@Name"":""ObjectServer"",""#text"":""Security""},{""@Name"":""ObjectType"",""#text"":""File""},{""@Name"":""ObjectName"",""#text"":""C:\\Windows\\Help\\Windows\\en-US\\Stknote.h1s""},{""@Name"":""HandleId"",""#text"":""0x18""},{""@Name"":""OldSd""},{""@Name"":""NewSd"",""#text"":""S:ARAI(AU;SAFA;DCLCRPCRSDWDWO;;;WD)""},{""@Name"":""ProcessId"",""#text"":""0x41C""},{""@Name"":""ProcessName"",""#text"":""C:\\Windows\\System32\\poqexec.exe""}]}}",,,,,,,,,,
2025-02-07 11:49:13.472587500+00:00,Evtx,,261.0,4907.0,LogAlways,Microsoft-Windows-Security-Auditing,Security,428.0,452.0,WIN-3M6ADARIMNH,,,,,False,"{""EventData"":{""Data"":[{""@Name"":""SubjectUserSid"",""#text"":""S-1-5-18""},{""@Name"":""SubjectUserName"",""#text"":""WIN-3M6ADARIMNH$""},{""@Name"":""SubjectDomainName"",""#text"":""WORKGROUP""},{""@Name"":""SubjectLogonId"",""#text"":""0x3E7""},{""@Name"":""ObjectServer"",""#text"":""Security""},{""@Name"":""ObjectType"",""#text"":""File""},{""@Name"":""ObjectName"",""#text"":""C:\\Windows\\Help\\Windows\\en-US\\deskpr.h1s""},{""@Name"":""HandleId"",""#text"":""0x18""},{""@Name"":""OldSd""},{""@Name"":""NewSd"",""#text"":""S:ARAI(AU;SAFA;DCLCRPCRSDWDWO;;;WD)""},{""@Name"":""ProcessId"",""#text"":""0x41C""},{""@Name"":""ProcessName"",""#text"":""C:\\Windows\\System32\\poqexec.exe""}]}}",,,,,,,,,,
2025-02-07 11:49:13.472587500+00:00,Evtx,,262.0,4907.0,LogAlways,Microsoft-Windows-Security-Auditing,Security,428.0,452.0,WIN-3M6ADARIMNH,,,,,False,"{""EventData"":{""Data"":[{""@Name"":""SubjectUserSid"",""#text"":""S-1-5-18""},{""@Name"":""SubjectUserName"",""#text"":""WIN-3M6ADARIMNH$""},{""@Name"":""SubjectDomainName"",""#text"":""WORKGROUP""},{""@Name"":""SubjectLogonId"",""#text"":""0x3E7""},{""@Name"":""ObjectServer"",""#text"":""Security""},{""@Name"":""ObjectType"",""#text"":""File""},{""@Name"":""ObjectName"",""#text"":""C:\\Windows\\Help\\Windows\\en-US\\domain.h1s""},{""@Name"":""HandleId"",""#text"":""0x18""},{""@Name"":""OldSd""},{""@Name"":""NewSd"",""#text"":""S:ARAI(AU;SAFA;DCLCRPCRSDWDWO;;;WD)""},{""@Name"":""ProcessId"",""#text"":""0x41C""},{""@Name"":""ProcessName"",""#text"":""C:\\Windows\\System32\\poqexec.exe""}]}}",,,,,,,,,,
2025-02-07 11:49:13.472587500+00:00,Evtx,,260.0,4907.0,LogAlways,Microsoft-Windows-Security-Auditing,Security,428.0,452.0,WIN-3M6ADARIMNH,,,,,False,"{""EventData"":{""Data"":[{""@Name"":""SubjectUserSid"",""#text"":""S-1-5-18""},{""@Name"":""SubjectUserName"",""#text"":""WIN-3M6ADARIMNH$""},{""@Name"":""SubjectDomainName"",""#text"":""WORKGROUP""},{""@Name"":""SubjectLogonId"",""#text"":""0x3E7""},{""@Name"":""ObjectServer"",""#text"":""Security""},{""@Name"":""ObjectType"",""#text"":""File""},{""@Name"":""ObjectName"",""#text"":""C:\\Windows\\Help\\Windows\\en-US\\presset.h1s""},{""@Name"":""HandleId"",""#text"":""0x18""},{""@Name"":""OldSd""},{""@Name"":""NewSd"",""#text"":""S:ARAI(AU;SAFA;DCLCRPCRSDWDWO;;;WD)""},{""@Name"":""ProcessId"",""#text"":""0x41C""},{""@Name"":""ProcessName"",""#text"":""C:\\Windows\\System32\\poqexec.exe""}]}}",,,,,,,,,,
2025-02-07 11:49:13.472587500+00:00,Evtx,,259.0,4907.0,LogAlways,Microsoft-Windows-Security-Auditing,Security,428.0,452.0,WIN-3M6ADARIMNH,,,,,False,"{""EventData"":{""Data"":[{""@Name"":""SubjectUserSid"",""#text"":""S-1-5-18""},{""@Name"":""SubjectUserName"",""#text"":""WIN-3M6ADARIMNH$""},{""@Name"":""SubjectDomainName"",""#text"":""WORKGROUP""},{""@Name"":""SubjectLogonId"",""#text"":""0x3E7""},{""@Name"":""ObjectServer"",""#text"":""Security""},{""@Name"":""ObjectType"",""#text"":""File""},{""@Name"":""ObjectName"",""#text"":""C:\\Windows\\Help\\Windows\\en-US\\Windows.H1T""},{""@Name"":""HandleId"",""#text"":""0x18""},{""@Name"":""OldSd""},{""@Name"":""NewSd"",""#text"":""S:ARAI(AU;SAFA;DCLCRPCRSDWDWO;;;WD)""},{""@Name"":""ProcessId"",""#text"":""0x41C""},{""@Name"":""ProcessName"",""#text"":""C:\\Windows\\System32\\poqexec.exe""}]}}",,,,,,,,,,
2025-02-07 11:49:13.488187500+00:00,Evtx,,274.0,4907.0,LogAlways,Microsoft-Windows-Security-Auditing,Security,428.0,452.0,WIN-3M6ADARIMNH,,,,,False,"{""EventData"":{""Data"":[{""@Name"":""SubjectUserSid"",""#text"":""S-1-5-18""},{""@Name"":""SubjectUserName"",""#text"":""WIN-3M6ADARIMNH$""},{""@Name"":""SubjectDomainName"",""#text"":""WORKGROUP""},{""@Name"":""SubjectLogonId"",""#text"":""0x3E7""},{""@Name"":""ObjectServer"",""#text"":""Security""},{""@Name"":""ObjectType"",""#text"":""File""},{""@Name"":""ObjectName"",""#text"":""C:\\Windows\\Help\\Windows\\en-US\\journal.h1s""},{""@Name"":""HandleId"",""#text"":""0x18""},{""@Name"":""OldSd""},{""@Name"":""NewSd"",""#text"":""S:ARAI(AU;SAFA;DCLCRPCRSDWDWO;;;WD)""},{""@Name"":""ProcessId"",""#text"":""0x41C""},{""@Name"":""ProcessName"",""#text"":""C:\\Windows\\System32\\poqexec.exe""}]}}",,,,,,,,,,
2025-02-07 11:49:13.488187500+00:00,Evtx,,273.0,4907.0,LogAlways,Microsoft-Windows-Security-Auditing,Security,428.0,452.0,WIN-3M6ADARIMNH,,,,,False,"{""EventData"":{""Data"":[{""@Name"":""SubjectUserSid"",""#text"":""S-1-5-18""},{""@Name"":""SubjectUserName"",""#text"":""WIN-3M6ADARIMNH$""},{""@Name"":""SubjectDomainName"",""#text"":""WORKGROUP""},{""@Name"":""SubjectLogonId"",""#text"":""0x3E7""},{""@Name"":""ObjectServer"",""#text"":""Security""},{""@Name"":""ObjectType"",""#text"":""File""},{""@Name"":""ObjectName"",""#text"":""C:\\Windows\\Help\\Windows\\en-US\\printp.h1s""},{""@Name"":""HandleId"",""#text"":""0x18""},{""@Name"":""OldSd""},{""@Name"":""NewSd"",""#text"":""S:ARAI(AU;SAFA;DCLCRPCRSDWDWO;;;WD)""},{""@Name"":""ProcessId"",""#text"":""0x41C""},{""@Name"":""ProcessName"",""#text"":""C:\\Windows\\System32\\poqexec.exe""}]}}",,,,,,,,,,
2025-02-07 11:49:13.488187500+00:00,Evtx,,272.0,4907.0,LogAlways,Microsoft-Windows-Security-Auditing,Security,428.0,452.0,WIN-3M6ADARIMNH,,,,,False,"{""EventData"":{""Data"":[{""@Name"":""SubjectUserSid"",""#text"":""S-1-5-18""},{""@Name"":""SubjectUserName"",""#text"":""WIN-3M6ADARIMNH$""},{""@Name"":""SubjectDomainName"",""#text"":""WORKGROUP""},{""@Name"":""SubjectLogonId"",""#text"":""0x3E7""},{""@Name"":""ObjectServer"",""#text"":""Security""},{""@Name"":""ObjectType"",""#text"":""File""},{""@Name"":""ObjectName"",""#text"":""C:\\Windows\\Help\\Windows\\en-US\\sniptoo.h1s""},{""@Name"":""HandleId"",""#text"":""0x18""},{""@Name"":""OldSd""},{""@Name"":""NewSd"",""#text"":""S:ARAI(AU;SAFA;DCLCRPCRSDWDWO;;;WD)""},{""@Name"":""ProcessId"",""#text"":""0x41C""},{""@Name"":""ProcessName"",""#text"":""C:\\Windows\\System32\\poqexec.exe""}]}}",,,,,,,,,,
2025-02-07 11:49:13.488187500+00:00,Evtx,,270.0,4907.0,LogAlways,Microsoft-Windows-Security-Auditing,Security,428.0,452.0,WIN-3M6ADARIMNH,,,,,False,"{""EventData"":{""Data"":[{""@Name"":""SubjectUserSid"",""#text"":""S-1-5-18""},{""@Name"":""SubjectUserName"",""#text"":""WIN-3M6ADARIMNH$""},{""@Name"":""SubjectDomainName"",""#text"":""WORKGROUP""},{""@Name"":""SubjectLogonId"",""#text"":""0x3E7""},{""@Name"":""ObjectServer"",""#text"":""Security""},{""@Name"":""ObjectType"",""#text"":""File""},{""@Name"":""ObjectName"",""#text"":""C:\\Windows\\Help\\Windows\\en-US\\efsfull.h1s""},{""@Name"":""HandleId"",""#text"":""0x18""},{""@Name"":""OldSd""},{""@Name"":""NewSd"",""#text"":""S:ARAI(AU;SAFA;DCLCRPCRSDWDWO;;;WD)""},{""@Name"":""ProcessId"",""#text"":""0x41C""},{""@Name"":""ProcessName"",""#text"":""C:\\Windows\\System32\\poqexec.exe""}]}}",,,,,,,,,,
2025-02-07 11:49:13.488187500+00:00,Evtx,,269.0,4907.0,LogAlways,Microsoft-Windows-Security-Auditing,Security,428.0,452.0,WIN-3M6ADARIMNH,,,,,False,"{""EventData"":{""Data"":[{""@Name"":""SubjectUserSid"",""#text"":""S-1-5-18""},{""@Name"":""SubjectUserName"",""#text"":""WIN-3M6ADARIMNH$""},{""@Name"":""SubjectDomainName"",""#text"":""WORKGROUP""},{""@Name"":""SubjectLogonId"",""#text"":""0x3E7""},{""@Name"":""ObjectServer"",""#text"":""Security""},{""@Name"":""ObjectType"",""#text"":""File""},{""@Name"":""ObjectName"",""#text"":""C:\\Windows\\Help\\Windows\\en-US\\auxdisp.h1s""},{""@Name"":""HandleId"",""#text"":""0x18""},{""@Name"":""OldSd""},{""@Name"":""NewSd"",""#text"":""S:ARAI(AU;SAFA;DCLCRPCRSDWDWO;;;WD)""},{""@Name"":""ProcessId"",""#text"":""0x41C""},{""@Name"":""ProcessName"",""#text"":""C:\\Windows\\System32\\poqexec.exe""}]}}",,,,,,,,,,
2025-02-07 11:49:13.488187500+00:00,Evtx,,268.0,4907.0,LogAlways,Microsoft-Windows-Security-Auditing,Security,428.0,452.0,WIN-3M6ADARIMNH,,,,,False,"{""EventData"":{""Data"":[{""@Name"":""SubjectUserSid"",""#text"":""S-1-5-18""},{""@Name"":""SubjectUserName"",""#text"":""WIN-3M6ADARIMNH$""},{""@Name"":""SubjectDomainName"",""#text"":""WORKGROUP""},{""@Name"":""SubjectLogonId"",""#text"":""0x3E7""},{""@Name"":""ObjectServer"",""#text"":""Security""},{""@Name"":""ObjectType"",""#text"":""File""},{""@Name"":""ObjectName"",""#text"":""C:\\Windows\\Help\\Windows\\en-US\\tablet.h1s""},{""@Name"":""HandleId"",""#text"":""0x18""},{""@Name"":""OldSd""},{""@Name"":""NewSd"",""#text"":""S:ARAI(AU;SAFA;DCLCRPCRSDWDWO;;;WD)""},{""@Name"":""ProcessId"",""#text"":""0x41C""},{""@Name"":""ProcessName"",""#text"":""C:\\Windows\\System32\\poqexec.exe""}]}}",,,,,,,,,,
