2025-01-15 06:19:00.831767500+00:00,Evtx,Device installation,324.0,20001.0,Info,Microsoft-Windows-UserPnp,System,1876.0,1948.0,37L4247F27-25,S-1-5-18,,,FileRepository\mshdc.inf_amd64_neutral_aad30bdeec04ea5e\mshdc.inf,False,"{""UserData"":{""InstallDeviceID"":{""DriverName"":""FileRepository\\mshdc.inf_amd64_neutral_aad30bdeec04ea5e\\mshdc.inf"",""DriverVersion"":""6.1.7601.17514"",""DriverProvider"":""Microsoft"",""DeviceInstanceID"":""PCIIDE\\IDECHANNEL\\4&amp;C5D1198&amp;0&amp;0"",""SetupClass"":""4d36e96a-e325-11ce-bfc1-08002be10318"",""RebootOption"":""False"",""UpgradeDevice"":""False"",""IsDriverOEM"":""False"",""InstallStatus"":""0x0"",""DriverDescription"":""IDE Channel""}}}",,,,,,,,,,
2025-01-15 06:19:00.925367600+00:00,Evtx,Service installation,325.0,20003.0,Info,Microsoft-Windows-UserPnp,System,1400.0,1364.0,37L4247F27-25,S-1-5-18,,,system32\DRIVERS\HDAudBus.sys,False,"{""UserData"":{""AddServiceID"":{""ServiceName"":""HDAudBus"",""DriverFileName"":""system32\\DRIVERS\\HDAudBus.sys"",""DeviceInstanceID"":""PCI\\VEN_15AD&amp;DEV_1977&amp;SUBSYS_197715AD&amp;REV_09\\4&amp;3AD87E0A&amp;0&amp;1088"",""PrimaryService"":""True"",""UpdateService"":""True"",""AddServiceStatus"":""0""}}}",,,,,,,,,,
2025-01-15 06:19:01.096967900+00:00,Evtx,Device installation,326.0,20001.0,Info,Microsoft-Windows-UserPnp,System,1400.0,1364.0,37L4247F27-25,S-1-5-18,,,FileRepository\hdaudbus.inf_amd64_neutral_4b99fffee061ff26\hdaudbus.inf,False,"{""UserData"":{""InstallDeviceID"":{""DriverName"":""FileRepository\\hdaudbus.inf_amd64_neutral_4b99fffee061ff26\\hdaudbus.inf"",""DriverVersion"":""6.1.7601.17514"",""DriverProvider"":""Microsoft"",""DeviceInstanceID"":""PCI\\VEN_15AD&amp;DEV_1977&amp;SUBSYS_197715AD&amp;REV_09\\4&amp;3AD87E0A&amp;0&amp;1088"",""SetupClass"":""4d36e97d-e325-11ce-bfc1-08002be10318"",""RebootOption"":""False"",""UpgradeDevice"":""False"",""IsDriverOEM"":""False"",""InstallStatus"":""0x0"",""DriverDescription"":""High Definition Audio Controller""}}}",,,,,,,,,,
2025-01-15 06:19:01.315368300+00:00,Evtx,Device installation,327.0,20001.0,Info,Microsoft-Windows-UserPnp,System,1060.0,1620.0,37L4247F27-25,S-1-5-18,,,FileRepository\machine.inf_amd64_neutral_a2f120466549d68b\machine.inf,False,"{""UserData"":{""InstallDeviceID"":{""DriverName"":""FileRepository\\machine.inf_amd64_neutral_a2f120466549d68b\\machine.inf"",""DriverVersion"":""6.1.7601.17514"",""DriverProvider"":""Microsoft"",""DeviceInstanceID"":""ACPI\\PNP0A05\\4&amp;205AD762&amp;0"",""SetupClass"":""4d36e97d-e325-11ce-bfc1-08002be10318"",""RebootOption"":""False"",""UpgradeDevice"":""False"",""IsDriverOEM"":""False"",""InstallStatus"":""0x0"",""DriverDescription"":""Generic Bus""}}}",,,,,,,,,,
2025-01-15 06:19:01.471368600+00:00,Evtx,Service installation,328.0,20003.0,Info,Microsoft-Windows-UserPnp,System,1668.0,1616.0,37L4247F27-25,S-1-5-18,,,system32\DRIVERS\lsi_sas.sys,False,"{""UserData"":{""AddServiceID"":{""ServiceName"":""LSI_SAS"",""DriverFileName"":""system32\\DRIVERS\\lsi_sas.sys"",""DeviceInstanceID"":""PCI\\VEN_1000&amp;DEV_0054&amp;SUBSYS_197615AD&amp;REV_01\\4&amp;1F16FEF7&amp;0&amp;00A8"",""PrimaryService"":""True"",""UpdateService"":""True"",""AddServiceStatus"":""0""}}}",,,,,,,,,,
2025-01-15 06:19:01.642968900+00:00,Evtx,Device installation,329.0,20001.0,Info,Microsoft-Windows-UserPnp,System,1668.0,1616.0,37L4247F27-25,S-1-5-18,,,FileRepository\lsi_sas.inf_amd64_neutral_a4d6780f72cbd5b4\lsi_sas.inf,False,"{""UserData"":{""InstallDeviceID"":{""DriverName"":""FileRepository\\lsi_sas.inf_amd64_neutral_a4d6780f72cbd5b4\\lsi_sas.inf"",""DriverVersion"":""1.28.3.52"",""DriverProvider"":""LSI"",""DeviceInstanceID"":""PCI\\VEN_1000&amp;DEV_0054&amp;SUBSYS_197615AD&amp;REV_01\\4&amp;1F16FEF7&amp;0&amp;00A8"",""SetupClass"":""4d36e97b-e325-11ce-bfc1-08002be10318"",""RebootOption"":""True"",""UpgradeDevice"":""False"",""IsDriverOEM"":""False"",""InstallStatus"":""0x0"",""DriverDescription"":""LSI Adapter, SAS 3000 series, 8-port with 1068""}}}",,,,,,,,,,
2025-01-15 06:19:01.705369+00:00,Evtx,,1.0,1002.0,Warning,Microsoft-Windows-KnownFolders,Microsoft-Windows-Known Folders API Service,1388.0,1268.0,37L4247F27-25,S-1-5-18,,,,False,"{""EventData"":{""Data"":[{""@Name"":""hrError"",""#text"":""0x80070002""},{""@Name"":""FolderId"",""#text"":""fdd39ad0-238f-46af-adb4-6c85480369c7""},{""@Name"":""Path"",""#text"":""C:\\Windows\\system32\\config\\systemprofile\\Documents""}]}}",,,,,,,,,,
2025-01-15 06:19:01.705369+00:00,Evtx,,1.0,1002.0,Warning,Microsoft-Windows-KnownFolders,Microsoft-Windows-Known Folders API Service,1388.0,1268.0,37L4247F27-25,S-1-5-18,,,,False,"{""EventData"":{""Data"":[{""@Name"":""hrError"",""#text"":""0x80070002""},{""@Name"":""FolderId"",""#text"":""fdd39ad0-238f-46af-adb4-6c85480369c7""},{""@Name"":""Path"",""#text"":""C:\\Windows\\system32\\config\\systemprofile\\Documents""}]}}",,,,,,,,,,
2025-01-15 06:19:01.861369300+00:00,Evtx,A new service was installed in the system,330.0,7045.0,Info,Service Control Manager,System,436.0,524.0,37L4247F27-25,S-1-5-18,,,system32\DRIVERS\E1G6032E.sys,False,"{""EventData"":{""Data"":[{""@Name"":""ServiceName"",""#text"":""Intel(R) PRO/1000 NDIS 6 Adapter Driver""},{""@Name"":""ImagePath"",""#text"":""system32\\DRIVERS\\E1G6032E.sys""},{""@Name"":""ServiceType"",""#text"":""kernel mode driver""},{""@Name"":""StartType"",""#text"":""demand start""},{""@Name"":""AccountName""}]}}",,,,,,,,,,
2025-01-15 06:19:01.876969300+00:00,Evtx,Service installation,331.0,20003.0,Info,Microsoft-Windows-UserPnp,System,1388.0,1268.0,37L4247F27-25,S-1-5-18,,,system32\DRIVERS\E1G6032E.sys,False,"{""UserData"":{""AddServiceID"":{""ServiceName"":""E1G60"",""DriverFileName"":""system32\\DRIVERS\\E1G6032E.sys"",""DeviceInstanceID"":""PCI\\VEN_8086&amp;DEV_100F&amp;SUBSYS_075015AD&amp;REV_01\\4&amp;3AD87E0A&amp;0&amp;0888"",""PrimaryService"":""True"",""UpdateService"":""False"",""AddServiceStatus"":""0""}}}",,,,,,,,,,
2025-01-15 06:19:02.922171100+00:00,Evtx,Device installation,332.0,20001.0,Info,Microsoft-Windows-UserPnp,System,1388.0,1268.0,37L4247F27-25,S-1-5-18,,,FileRepository\nete1g3e.inf_amd64_neutral_7f08406e40c6ede2\nete1g3e.inf,False,"{""UserData"":{""InstallDeviceID"":{""DriverName"":""FileRepository\\nete1g3e.inf_amd64_neutral_7f08406e40c6ede2\\nete1g3e.inf"",""DriverVersion"":""8.4.1.0"",""DriverProvider"":""Microsoft"",""DeviceInstanceID"":""PCI\\VEN_8086&amp;DEV_100F&amp;SUBSYS_075015AD&amp;REV_01\\4&amp;3AD87E0A&amp;0&amp;0888"",""SetupClass"":""4d36e972-e325-11ce-bfc1-08002be10318"",""RebootOption"":""False"",""UpgradeDevice"":""False"",""IsDriverOEM"":""False"",""InstallStatus"":""0x0"",""DriverDescription"":""Intel(R) PRO/1000 MT Network Connection""}}}",,,,,,,,,,
2025-01-15 06:19:03.062571400+00:00,Evtx,Device installation,333.0,20001.0,Info,Microsoft-Windows-UserPnp,System,148.0,1380.0,37L4247F27-25,S-1-5-18,,,FileRepository\machine.inf_amd64_neutral_a2f120466549d68b\machine.inf,False,"{""UserData"":{""InstallDeviceID"":{""DriverName"":""FileRepository\\machine.inf_amd64_neutral_a2f120466549d68b\\machine.inf"",""DriverVersion"":""6.1.7601.17514"",""DriverProvider"":""Microsoft"",""DeviceInstanceID"":""ACPI\\PNP0B00\\4&amp;205AD762&amp;0"",""SetupClass"":""4d36e97d-e325-11ce-bfc1-08002be10318"",""RebootOption"":""True"",""UpgradeDevice"":""False"",""IsDriverOEM"":""False"",""InstallStatus"":""0x0"",""DriverDescription"":""System CMOS/real time clock""}}}",,,,,,,,,,
2025-01-15 06:19:03.171771600+00:00,Evtx,Service installation,334.0,20003.0,Info,Microsoft-Windows-UserPnp,System,852.0,1604.0,37L4247F27-25,S-1-5-18,,,system32\DRIVERS\tunnel.sys,False,"{""UserData"":{""AddServiceID"":{""ServiceName"":""tunnel"",""DriverFileName"":""system32\\DRIVERS\\tunnel.sys"",""DeviceInstanceID"":""ROOT\\*ISATAP\\0000"",""PrimaryService"":""True"",""UpdateService"":""True"",""AddServiceStatus"":""0""}}}",,,,,,,,,,
2025-01-15 06:19:03.202971600+00:00,Evtx,Device installation,335.0,20001.0,Info,Microsoft-Windows-UserPnp,System,1612.0,1288.0,37L4247F27-25,S-1-5-18,,,FileRepository\machine.inf_amd64_neutral_a2f120466549d68b\machine.inf,False,"{""UserData"":{""InstallDeviceID"":{""DriverName"":""FileRepository\\machine.inf_amd64_neutral_a2f120466549d68b\\machine.inf"",""DriverVersion"":""6.1.7601.17514"",""DriverProvider"":""Microsoft"",""DeviceInstanceID"":""ACPI\\PNP0001\\4&amp;205AD762&amp;0"",""SetupClass"":""4d36e97d-e325-11ce-bfc1-08002be10318"",""RebootOption"":""False"",""UpgradeDevice"":""False"",""IsDriverOEM"":""False"",""InstallStatus"":""0x0"",""DriverDescription"":""EISA programmable interrupt controller""}}}",,,,,,,,,,
2025-01-15 06:19:03.280971800+00:00,Evtx,Connect to the Internet,2.0,10000.0,Info,Microsoft-Windows-NetworkProfile,Microsoft-Windows-NetworkProfile/Operational,960.0,1396.0,37L4247F27-25,S-1-5-19,,,,False,"{""EventData"":{""Data"":[{""@Name"":""Name"",""#text"":""Identifying...""},{""@Name"":""Description"",""#text"":""Identifying...""},{""@Name"":""Guid"",""#text"":""f07e0e49-919d-49b5-8678-d7273accf439""},{""@Name"":""Type"",""#text"":""0""},{""@Name"":""State"",""#text"":""1""},{""@Name"":""Category"",""#text"":""0""}]}}",,,,,,,,,,
2025-01-15 06:19:03.280971800+00:00,Evtx,,1.0,4001.0,Info,Microsoft-Windows-NetworkProfile,Microsoft-Windows-NetworkProfile/Operational,960.0,1404.0,37L4247F27-25,S-1-5-19,,,,False,"{""EventData"":{""Data"":[{""@Name"":""InterfaceGuid"",""#text"":""8bb69fec-b855-4671-87eb-eb5a9e000564""},{""@Name"":""CurrentOrNextState"",""#text"":""0""}]}}",,,,,,,,,,
2025-01-15 06:19:03.312171800+00:00,Evtx,Device installation,336.0,20001.0,Info,Microsoft-Windows-UserPnp,System,1096.0,1368.0,37L4247F27-25,S-1-5-18,,,FileRepository\machine.inf_amd64_neutral_a2f120466549d68b\machine.inf,False,"{""UserData"":{""InstallDeviceID"":{""DriverName"":""FileRepository\\machine.inf_amd64_neutral_a2f120466549d68b\\machine.inf"",""DriverVersion"":""6.1.7601.17514"",""DriverProvider"":""Microsoft"",""DeviceInstanceID"":""ACPI\\PNP0100\\4&amp;205AD762&amp;0"",""SetupClass"":""4d36e97d-e325-11ce-bfc1-08002be10318"",""RebootOption"":""False"",""UpgradeDevice"":""False"",""IsDriverOEM"":""False"",""InstallStatus"":""0x0"",""DriverDescription"":""System timer""}}}",,,,,,,,,,
2025-01-15 06:19:03.624172400+00:00,Evtx,Device installation,337.0,20001.0,Info,Microsoft-Windows-UserPnp,System,1508.0,1628.0,37L4247F27-25,S-1-5-18,,,FileRepository\machine.inf_amd64_neutral_a2f120466549d68b\machine.inf,False,"{""UserData"":{""InstallDeviceID"":{""DriverName"":""FileRepository\\machine.inf_amd64_neutral_a2f120466549d68b\\machine.inf"",""DriverVersion"":""6.1.7601.17514"",""DriverProvider"":""Microsoft"",""DeviceInstanceID"":""ACPI\\PNP0C02\\1F"",""SetupClass"":""4d36e97d-e325-11ce-bfc1-08002be10318"",""RebootOption"":""False"",""UpgradeDevice"":""False"",""IsDriverOEM"":""False"",""InstallStatus"":""0x0"",""DriverDescription"":""Motherboard resources""}}}",,,,,,,,,,
2025-01-15 06:19:03.764572600+00:00,Evtx,Service started or stopped,338.0,7036.0,Info,Service Control Manager,System,436.0,524.0,37L4247F27-25,,,,,False,"{""EventData"":{""Data"":[{""@Name"":""param1"",""#text"":""WinHTTP Web Proxy Auto-Discovery Service""},{""@Name"":""param2"",""#text"":""running""}],""Binary"":""57-00-69-00-6E-00-48-00-74-00-74-00-70-00-41-00-75-00-74-00-6F-00-50-00-72-00-6F-00-78-00-79-00-53-00-76-00-63-00-2F-00-34-00-00-00""}}",,,,,,,,,,
2025-01-15 06:19:03.936172900+00:00,Evtx,Device installation,339.0,20001.0,Info,Microsoft-Windows-UserPnp,System,1816.0,2012.0,37L4247F27-25,S-1-5-18,,,FileRepository\machine.inf_amd64_neutral_a2f120466549d68b\machine.inf,False,"{""UserData"":{""InstallDeviceID"":{""DriverName"":""FileRepository\\machine.inf_amd64_neutral_a2f120466549d68b\\machine.inf"",""DriverVersion"":""6.1.7601.17514"",""DriverProvider"":""Microsoft"",""DeviceInstanceID"":""ACPI\\PNP0103\\4&amp;205AD762&amp;0"",""SetupClass"":""4d36e97d-e325-11ce-bfc1-08002be10318"",""RebootOption"":""False"",""UpgradeDevice"":""False"",""IsDriverOEM"":""False"",""InstallStatus"":""0x0"",""DriverDescription"":""High precision event timer""}}}",,,,,,,,,,
2025-01-15 06:19:04.014173100+00:00,Evtx,Service installation,341.0,20003.0,Info,Microsoft-Windows-UserPnp,System,1756.0,1832.0,37L4247F27-25,S-1-5-18,,,system32\DRIVERS\kbdclass.sys,False,"{""UserData"":{""AddServiceID"":{""ServiceName"":""kbdclass"",""DriverFileName"":""system32\\DRIVERS\\kbdclass.sys"",""DeviceInstanceID"":""ACPI\\PNP0303\\4&amp;205AD762&amp;0"",""PrimaryService"":""False"",""UpdateService"":""True"",""AddServiceStatus"":""0""}}}",,,,,,,,,,
2025-01-15 06:19:04.014173100+00:00,Evtx,Service installation,340.0,20003.0,Info,Microsoft-Windows-UserPnp,System,1756.0,1832.0,37L4247F27-25,S-1-5-18,,,system32\DRIVERS\i8042prt.sys,False,"{""UserData"":{""AddServiceID"":{""ServiceName"":""i8042prt"",""DriverFileName"":""system32\\DRIVERS\\i8042prt.sys"",""DeviceInstanceID"":""ACPI\\PNP0303\\4&amp;205AD762&amp;0"",""PrimaryService"":""True"",""UpdateService"":""True"",""AddServiceStatus"":""0""}}}",,,,,,,,,,
2025-01-15 06:19:04.138973300+00:00,Evtx,Device installation,342.0,20001.0,Info,Microsoft-Windows-UserPnp,System,1756.0,1832.0,37L4247F27-25,S-1-5-18,,,FileRepository\keyboard.inf_amd64_neutral_0684fdc43059f486\keyboard.inf,False,"{""UserData"":{""InstallDeviceID"":{""DriverName"":""FileRepository\\keyboard.inf_amd64_neutral_0684fdc43059f486\\keyboard.inf"",""DriverVersion"":""6.1.7601.17514"",""DriverProvider"":""Microsoft"",""DeviceInstanceID"":""ACPI\\PNP0303\\4&amp;205AD762&amp;0"",""SetupClass"":""4d36e96b-e325-11ce-bfc1-08002be10318"",""RebootOption"":""True"",""UpgradeDevice"":""False"",""IsDriverOEM"":""False"",""InstallStatus"":""0x0"",""DriverDescription"":""Standard PS/2 Keyboard""}}}",,,,,,,,,,
2025-01-15 06:19:04.372973700+00:00,Evtx,Device installation,343.0,20001.0,Info,Microsoft-Windows-UserPnp,System,1888.0,1728.0,37L4247F27-25,S-1-5-18,,,FileRepository\machine.inf_amd64_neutral_a2f120466549d68b\machine.inf,False,"{""UserData"":{""InstallDeviceID"":{""DriverName"":""FileRepository\\machine.inf_amd64_neutral_a2f120466549d68b\\machine.inf"",""DriverVersion"":""6.1.7601.17514"",""DriverProvider"":""Microsoft"",""DeviceInstanceID"":""ACPI\\PNP0200\\4&amp;205AD762&amp;0"",""SetupClass"":""4d36e97d-e325-11ce-bfc1-08002be10318"",""RebootOption"":""False"",""UpgradeDevice"":""False"",""IsDriverOEM"":""False"",""InstallStatus"":""0x0"",""DriverDescription"":""Direct memory access controller""}}}",,,,,,,,,,
2025-01-15 06:19:04.482173900+00:00,Evtx,Service installation,345.0,20003.0,Info,Microsoft-Windows-UserPnp,System,1896.0,1720.0,37L4247F27-25,S-1-5-18,,,system32\DRIVERS\mouclass.sys,False,"{""UserData"":{""AddServiceID"":{""ServiceName"":""mouclass"",""DriverFileName"":""system32\\DRIVERS\\mouclass.sys"",""DeviceInstanceID"":""ACPI\\VMW0003\\4&amp;205AD762&amp;0"",""PrimaryService"":""False"",""UpdateService"":""True"",""AddServiceStatus"":""0""}}}",,,,,,,,,,
2025-01-15 06:19:04.482173900+00:00,Evtx,Service installation,344.0,20003.0,Info,Microsoft-Windows-UserPnp,System,1896.0,1720.0,37L4247F27-25,S-1-5-18,,,system32\DRIVERS\i8042prt.sys,False,"{""UserData"":{""AddServiceID"":{""ServiceName"":""i8042prt"",""DriverFileName"":""system32\\DRIVERS\\i8042prt.sys"",""DeviceInstanceID"":""ACPI\\VMW0003\\4&amp;205AD762&amp;0"",""PrimaryService"":""True"",""UpdateService"":""True"",""AddServiceStatus"":""0""}}}",,,,,,,,,,
2025-01-15 06:19:04.591374100+00:00,Evtx,Device installation,346.0,20001.0,Info,Microsoft-Windows-UserPnp,System,1896.0,1720.0,37L4247F27-25,S-1-5-18,,,FileRepository\msmouse.inf_amd64_neutral_7a5f47d3150cc0eb\msmouse.inf,False,"{""UserData"":{""InstallDeviceID"":{""DriverName"":""FileRepository\\msmouse.inf_amd64_neutral_7a5f47d3150cc0eb\\msmouse.inf"",""DriverVersion"":""6.1.7600.16385"",""DriverProvider"":""Microsoft"",""DeviceInstanceID"":""ACPI\\VMW0003\\4&amp;205AD762&amp;0"",""SetupClass"":""4d36e96f-e325-11ce-bfc1-08002be10318"",""RebootOption"":""True"",""UpgradeDevice"":""False"",""IsDriverOEM"":""False"",""InstallStatus"":""0x0"",""DriverDescription"":""PS/2 Compatible Mouse""}}}",,,,,,,,,,
2025-01-15 06:19:04.872174600+00:00,Evtx,Service installation,347.0,20003.0,Info,Microsoft-Windows-UserPnp,System,2008.0,1736.0,37L4247F27-25,S-1-5-18,,,system32\DRIVERS\usbehci.sys,False,"{""UserData"":{""AddServiceID"":{""ServiceName"":""usbehci"",""DriverFileName"":""system32\\DRIVERS\\usbehci.sys"",""DeviceInstanceID"":""PCI\\VEN_15AD&amp;DEV_0770&amp;SUBSYS_077015AD&amp;REV_00\\4&amp;3AD87E0A&amp;0&amp;1888"",""PrimaryService"":""True"",""UpdateService"":""True"",""AddServiceStatus"":""0""}}}",,,,,,,,,,
2025-01-15 06:19:05.043774900+00:00,Evtx,,3.0,4002.0,Info,Microsoft-Windows-NetworkProfile,Microsoft-Windows-NetworkProfile/Operational,960.0,1404.0,37L4247F27-25,S-1-5-19,,,,False,"{""EventData"":{""Data"":[{""@Name"":""InterfaceGuid"",""#text"":""8bb69fec-b855-4671-87eb-eb5a9e000564""},{""@Name"":""CurrentOrNextState"",""#text"":""1""}]}}",,,,,,,,,,
2025-01-15 06:19:05.043774900+00:00,Evtx,Device installation,348.0,20001.0,Info,Microsoft-Windows-UserPnp,System,2008.0,1736.0,37L4247F27-25,S-1-5-18,,,FileRepository\usbport.inf_amd64_neutral_f935002f367d5bb0\usbport.inf,False,"{""UserData"":{""InstallDeviceID"":{""DriverName"":""FileRepository\\usbport.inf_amd64_neutral_f935002f367d5bb0\\usbport.inf"",""DriverVersion"":""6.1.7601.17514"",""DriverProvider"":""Microsoft"",""DeviceInstanceID"":""PCI\\VEN_15AD&amp;DEV_0770&amp;SUBSYS_077015AD&amp;REV_00\\4&amp;3AD87E0A&amp;0&amp;1888"",""SetupClass"":""36fc9e60-c465-11cf-8056-444553540000"",""RebootOption"":""False"",""UpgradeDevice"":""False"",""IsDriverOEM"":""False"",""InstallStatus"":""0x0"",""DriverDescription"":""Standard Enhanced PCI to USB Host Controller""}}}",,,,,,,,,,
2025-01-15 06:19:05.090575+00:00,Registry,Network Connections | Displays list of network connections,,,,,,,,,,,,,,,Software,System Info,CMI-CreateHive{199DAFC2-6F16-4946-BF90-5A3FC3A60902}\Microsoft\Windows NT\CurrentVersion\NetworkList,Multiple,(plugin),Name: Network  2 Type: Wired,First Connect LOCAL: 2025-02-07 19:22:10.4980000 Last Connect LOCAL: 2025-02-07 20:13:57.2200000,Gateway MAC: 00-50-56-F7-E3-1A,False,False
2025-01-15 06:19:05.090575+00:00,Evtx,Connect to the Internet,4.0,10000.0,Info,Microsoft-Windows-NetworkProfile,Microsoft-Windows-NetworkProfile/Operational,960.0,1396.0,37L4247F27-25,S-1-5-19,,,,False,"{""EventData"":{""Data"":[{""@Name"":""Name"",""#text"":""Network""},{""@Name"":""Description"",""#text"":""Network""},{""@Name"":""Guid"",""#text"":""b992d343-7f0c-4551-ab6b-1d3b8514b4c4""},{""@Name"":""Type"",""#text"":""0""},{""@Name"":""State"",""#text"":""9""},{""@Name"":""Category"",""#text"":""0""}]}}",,,,,,,,,,
2025-01-15 06:19:05.090575+00:00,Registry,Network Connections | Displays list of network connections,,,,,,,,,,,,,,,Software,System Info,CMI-CreateHive{199DAFC2-6F16-4946-BF90-5A3FC3A60902}\Microsoft\Windows NT\CurrentVersion\NetworkList,Multiple,(plugin),Name: Network Type: Wired,First Connect LOCAL: 2025-01-14 22:19:05.0900000 Last Connect LOCAL: 2025-01-14 22:20:36.8220000,Gateway MAC: 00-50-56-E2-A5-12,False,False
2025-01-15 06:19:05.215375200+00:00,Evtx,Device installation,349.0,20001.0,Info,Microsoft-Windows-UserPnp,System,1856.0,1980.0,37L4247F27-25,S-1-5-18,,,FileRepository\machine.inf_amd64_neutral_a2f120466549d68b\machine.inf,False,"{""UserData"":{""InstallDeviceID"":{""DriverName"":""FileRepository\\machine.inf_amd64_neutral_a2f120466549d68b\\machine.inf"",""DriverVersion"":""6.1.7601.17514"",""DriverProvider"":""Microsoft"",""DeviceInstanceID"":""ACPI\\PNP0800\\4&amp;205AD762&amp;0"",""SetupClass"":""4d36e97d-e325-11ce-bfc1-08002be10318"",""RebootOption"":""False"",""UpgradeDevice"":""False"",""IsDriverOEM"":""False"",""InstallStatus"":""0x0"",""DriverDescription"":""System speaker""}}}",,,,,,,,,,
2025-01-15 06:19:05.340175400+00:00,Evtx,Service installation,350.0,20003.0,Info,Microsoft-Windows-UserPnp,System,1860.0,1908.0,37L4247F27-25,S-1-5-18,,,system32\DRIVERS\usbuhci.sys,False,"{""UserData"":{""AddServiceID"":{""ServiceName"":""usbuhci"",""DriverFileName"":""system32\\DRIVERS\\usbuhci.sys"",""DeviceInstanceID"":""PCI\\VEN_15AD&amp;DEV_0774&amp;SUBSYS_197615AD&amp;REV_00\\4&amp;3AD87E0A&amp;0&amp;0088"",""PrimaryService"":""True"",""UpdateService"":""True"",""AddServiceStatus"":""0""}}}",,,,,,,,,,
2025-01-15 06:19:07.087378500+00:00,Evtx,Device installation,351.0,20001.0,Info,Microsoft-Windows-UserPnp,System,1860.0,1908.0,37L4247F27-25,S-1-5-18,,,FileRepository\usbport.inf_amd64_neutral_f935002f367d5bb0\usbport.inf,False,"{""UserData"":{""InstallDeviceID"":{""DriverName"":""FileRepository\\usbport.inf_amd64_neutral_f935002f367d5bb0\\usbport.inf"",""DriverVersion"":""6.1.7601.17514"",""DriverProvider"":""Microsoft"",""DeviceInstanceID"":""PCI\\VEN_15AD&amp;DEV_0774&amp;SUBSYS_197615AD&amp;REV_00\\4&amp;3AD87E0A&amp;0&amp;0088"",""SetupClass"":""36fc9e60-c465-11cf-8056-444553540000"",""RebootOption"":""False"",""UpgradeDevice"":""False"",""IsDriverOEM"":""False"",""InstallStatus"":""0x0"",""DriverDescription"":""Standard Universal PCI to USB Host Controller""}}}",,,,,,,,,,
2025-01-15 06:19:07.414979+00:00,Evtx,Service installation,352.0,20003.0,Info,Microsoft-Windows-UserPnp,System,1824.0,1936.0,37L4247F27-25,S-1-5-18,,,system32\DRIVERS\monitor.sys,False,"{""UserData"":{""AddServiceID"":{""ServiceName"":""monitor"",""DriverFileName"":""system32\\DRIVERS\\monitor.sys"",""DeviceInstanceID"":""DISPLAY\\DEFAULT_MONITOR\\4&amp;10C2E2D6&amp;0&amp;12345678&amp;00&amp;0F"",""PrimaryService"":""True"",""UpdateService"":""True"",""AddServiceStatus"":""0""}}}",,,,,,,,,,
2025-01-15 06:19:07.586579300+00:00,Evtx,Device installation,353.0,20001.0,Info,Microsoft-Windows-UserPnp,System,1824.0,1936.0,37L4247F27-25,S-1-5-18,,,FileRepository\monitor.inf_amd64_neutral_ab477c4d805d044f\monitor.inf,False,"{""UserData"":{""InstallDeviceID"":{""DriverName"":""FileRepository\\monitor.inf_amd64_neutral_ab477c4d805d044f\\monitor.inf"",""DriverVersion"":""6.1.7600.16385"",""DriverProvider"":""Microsoft"",""DeviceInstanceID"":""DISPLAY\\DEFAULT_MONITOR\\4&amp;10C2E2D6&amp;0&amp;12345678&amp;00&amp;0F"",""SetupClass"":""4d36e96e-e325-11ce-bfc1-08002be10318"",""RebootOption"":""False"",""UpgradeDevice"":""False"",""IsDriverOEM"":""False"",""InstallStatus"":""0x0"",""DriverDescription"":""Generic Non-PnP Monitor""}}}",,,,,,,,,,
2025-01-15 06:19:07.648979400+00:00,Evtx,Service installation,354.0,20003.0,Info,Microsoft-Windows-UserPnp,System,1992.0,1348.0,37L4247F27-25,S-1-5-18,,,system32\DRIVERS\atapi.sys,False,"{""UserData"":{""AddServiceID"":{""ServiceName"":""atapi"",""DriverFileName"":""system32\\DRIVERS\\atapi.sys"",""DeviceInstanceID"":""PCIIDE\\IDECHANNEL\\5&amp;12368B4A&amp;0&amp;2"",""PrimaryService"":""True"",""UpdateService"":""True"",""AddServiceStatus"":""0""}}}",,,,,,,,,,
2025-01-15 06:19:07.882979900+00:00,Evtx,Device installation,355.0,20001.0,Info,Microsoft-Windows-UserPnp,System,1992.0,1348.0,37L4247F27-25,S-1-5-18,,,FileRepository\mshdc.inf_amd64_neutral_aad30bdeec04ea5e\mshdc.inf,False,"{""UserData"":{""InstallDeviceID"":{""DriverName"":""FileRepository\\mshdc.inf_amd64_neutral_aad30bdeec04ea5e\\mshdc.inf"",""DriverVersion"":""6.1.7601.17514"",""DriverProvider"":""Microsoft"",""DeviceInstanceID"":""PCIIDE\\IDECHANNEL\\5&amp;12368B4A&amp;0&amp;2"",""SetupClass"":""4d36e96a-e325-11ce-bfc1-08002be10318"",""RebootOption"":""False"",""UpgradeDevice"":""False"",""IsDriverOEM"":""False"",""InstallStatus"":""0x0"",""DriverDescription"":""IDE Channel""}}}",,,,,,,,,,
2025-01-15 06:19:08.085780200+00:00,Evtx,Service installation,356.0,20003.0,Info,Microsoft-Windows-UserPnp,System,1384.0,1972.0,37L4247F27-25,S-1-5-18,,,system32\DRIVERS\atapi.sys,False,"{""UserData"":{""AddServiceID"":{""ServiceName"":""atapi"",""DriverFileName"":""system32\\DRIVERS\\atapi.sys"",""DeviceInstanceID"":""PCIIDE\\IDECHANNEL\\5&amp;12368B4A&amp;0&amp;6"",""PrimaryService"":""True"",""UpdateService"":""True"",""AddServiceStatus"":""0""}}}",,,,,,,,,,
2025-01-15 06:19:08.491380900+00:00,Evtx,Device installation,357.0,20001.0,Info,Microsoft-Windows-UserPnp,System,1384.0,1972.0,37L4247F27-25,S-1-5-18,,,FileRepository\mshdc.inf_amd64_neutral_aad30bdeec04ea5e\mshdc.inf,False,"{""UserData"":{""InstallDeviceID"":{""DriverName"":""FileRepository\\mshdc.inf_amd64_neutral_aad30bdeec04ea5e\\mshdc.inf"",""DriverVersion"":""6.1.7601.17514"",""DriverProvider"":""Microsoft"",""DeviceInstanceID"":""PCIIDE\\IDECHANNEL\\5&amp;12368B4A&amp;0&amp;6"",""SetupClass"":""4d36e96a-e325-11ce-bfc1-08002be10318"",""RebootOption"":""False"",""UpgradeDevice"":""False"",""IsDriverOEM"":""False"",""InstallStatus"":""0x0"",""DriverDescription"":""IDE Channel""}}}",,,,,,,,,,
2025-01-15 06:19:08.647381200+00:00,Evtx,Service installation,358.0,20003.0,Info,Microsoft-Windows-UserPnp,System,1948.0,2032.0,37L4247F27-25,S-1-5-18,,,system32\DRIVERS\disk.sys,False,"{""UserData"":{""AddServiceID"":{""ServiceName"":""disk"",""DriverFileName"":""system32\\DRIVERS\\disk.sys"",""DeviceInstanceID"":""SCSI\\DISK&amp;VEN_VMWARE_&amp;PROD_VMWARE_VIRTUAL_S\\5&amp;22BE343F&amp;0&amp;000000"",""PrimaryService"":""True"",""UpdateService"":""True"",""AddServiceStatus"":""0""}}}",,,,,,,,,,
2025-01-15 06:19:08.756581400+00:00,Evtx,Device installation,359.0,20001.0,Info,Microsoft-Windows-UserPnp,System,1948.0,2032.0,37L4247F27-25,S-1-5-18,,,FileRepository\disk.inf_amd64_neutral_10ce25bbc5a9cc43\disk.inf,False,"{""UserData"":{""InstallDeviceID"":{""DriverName"":""FileRepository\\disk.inf_amd64_neutral_10ce25bbc5a9cc43\\disk.inf"",""DriverVersion"":""6.1.7600.16385"",""DriverProvider"":""Microsoft"",""DeviceInstanceID"":""SCSI\\DISK&amp;VEN_VMWARE_&amp;PROD_VMWARE_VIRTUAL_S\\5&amp;22BE343F&amp;0&amp;000000"",""SetupClass"":""4d36e967-e325-11ce-bfc1-08002be10318"",""RebootOption"":""False"",""UpgradeDevice"":""False"",""IsDriverOEM"":""False"",""InstallStatus"":""0x0"",""DriverDescription"":""Disk drive""}}}",,,,,,,,,,
2025-01-15 06:19:08.818981500+00:00,Evtx,Service installation,360.0,20003.0,Info,Microsoft-Windows-UserPnp,System,860.0,560.0,37L4247F27-25,S-1-5-18,,,system32\DRIVERS\atapi.sys,False,"{""UserData"":{""AddServiceID"":{""ServiceName"":""atapi"",""DriverFileName"":""system32\\DRIVERS\\atapi.sys"",""DeviceInstanceID"":""PCIIDE\\IDECHANNEL\\5&amp;12368B4A&amp;0&amp;20"",""PrimaryService"":""True"",""UpdateService"":""True"",""AddServiceStatus"":""0""}}}",,,,,,,,,,
2025-01-15 06:19:09.052981900+00:00,Evtx,Device installation,361.0,20001.0,Info,Microsoft-Windows-UserPnp,System,860.0,560.0,37L4247F27-25,S-1-5-18,,,FileRepository\mshdc.inf_amd64_neutral_aad30bdeec04ea5e\mshdc.inf,False,"{""UserData"":{""InstallDeviceID"":{""DriverName"":""FileRepository\\mshdc.inf_amd64_neutral_aad30bdeec04ea5e\\mshdc.inf"",""DriverVersion"":""6.1.7601.17514"",""DriverProvider"":""Microsoft"",""DeviceInstanceID"":""PCIIDE\\IDECHANNEL\\5&amp;12368B4A&amp;0&amp;20"",""SetupClass"":""4d36e96a-e325-11ce-bfc1-08002be10318"",""RebootOption"":""False"",""UpgradeDevice"":""False"",""IsDriverOEM"":""False"",""InstallStatus"":""0x0"",""DriverDescription"":""IDE Channel""}}}",,,,,,,,,,
2025-01-15 06:19:09.162182100+00:00,Evtx,Service installation,362.0,20003.0,Info,Microsoft-Windows-UserPnp,System,1524.0,1620.0,37L4247F27-25,S-1-5-18,,,system32\DRIVERS\atapi.sys,False,"{""UserData"":{""AddServiceID"":{""ServiceName"":""atapi"",""DriverFileName"":""system32\\DRIVERS\\atapi.sys"",""DeviceInstanceID"":""PCIIDE\\IDECHANNEL\\5&amp;12368B4A&amp;0&amp;7"",""PrimaryService"":""True"",""UpdateService"":""True"",""AddServiceStatus"":""0""}}}",,,,,,,,,,
2025-01-15 06:19:09.411782500+00:00,Evtx,Device installation,363.0,20001.0,Info,Microsoft-Windows-UserPnp,System,1524.0,1620.0,37L4247F27-25,S-1-5-18,,,FileRepository\mshdc.inf_amd64_neutral_aad30bdeec04ea5e\mshdc.inf,False,"{""UserData"":{""InstallDeviceID"":{""DriverName"":""FileRepository\\mshdc.inf_amd64_neutral_aad30bdeec04ea5e\\mshdc.inf"",""DriverVersion"":""6.1.7601.17514"",""DriverProvider"":""Microsoft"",""DeviceInstanceID"":""PCIIDE\\IDECHANNEL\\5&amp;12368B4A&amp;0&amp;7"",""SetupClass"":""4d36e96a-e325-11ce-bfc1-08002be10318"",""RebootOption"":""False"",""UpgradeDevice"":""False"",""IsDriverOEM"":""False"",""InstallStatus"":""0x0"",""DriverDescription"":""IDE Channel""}}}",,,,,,,,,,
2025-01-15 06:19:09.520982700+00:00,Evtx,Service installation,364.0,20003.0,Info,Microsoft-Windows-UserPnp,System,648.0,1636.0,37L4247F27-25,S-1-5-18,,,system32\DRIVERS\atapi.sys,False,"{""UserData"":{""AddServiceID"":{""ServiceName"":""atapi"",""DriverFileName"":""system32\\DRIVERS\\atapi.sys"",""DeviceInstanceID"":""PCIIDE\\IDECHANNEL\\5&amp;12368B4A&amp;0&amp;8"",""PrimaryService"":""True"",""UpdateService"":""True"",""AddServiceStatus"":""0""}}}",,,,,,,,,,
2025-01-15 06:19:09.770583200+00:00,Evtx,Device installation,365.0,20001.0,Info,Microsoft-Windows-UserPnp,System,648.0,1636.0,37L4247F27-25,S-1-5-18,,,FileRepository\mshdc.inf_amd64_neutral_aad30bdeec04ea5e\mshdc.inf,False,"{""UserData"":{""InstallDeviceID"":{""DriverName"":""FileRepository\\mshdc.inf_amd64_neutral_aad30bdeec04ea5e\\mshdc.inf"",""DriverVersion"":""6.1.7601.17514"",""DriverProvider"":""Microsoft"",""DeviceInstanceID"":""PCIIDE\\IDECHANNEL\\5&amp;12368B4A&amp;0&amp;8"",""SetupClass"":""4d36e96a-e325-11ce-bfc1-08002be10318"",""RebootOption"":""False"",""UpgradeDevice"":""False"",""IsDriverOEM"":""False"",""InstallStatus"":""0x0"",""DriverDescription"":""IDE Channel""}}}",,,,,,,,,,
2025-01-15 06:19:09.895383400+00:00,Evtx,Service installation,366.0,20003.0,Info,Microsoft-Windows-UserPnp,System,1640.0,704.0,37L4247F27-25,S-1-5-18,,,system32\DRIVERS\atapi.sys,False,"{""UserData"":{""AddServiceID"":{""ServiceName"":""atapi"",""DriverFileName"":""system32\\DRIVERS\\atapi.sys"",""DeviceInstanceID"":""PCIIDE\\IDECHANNEL\\5&amp;12368B4A&amp;0&amp;21"",""PrimaryService"":""True"",""UpdateService"":""True"",""AddServiceStatus"":""0""}}}",,,,,,,,,,
2025-01-15 06:19:10.160583900+00:00,Evtx,Device installation,367.0,20001.0,Info,Microsoft-Windows-UserPnp,System,1640.0,704.0,37L4247F27-25,S-1-5-18,,,FileRepository\mshdc.inf_amd64_neutral_aad30bdeec04ea5e\mshdc.inf,False,"{""UserData"":{""InstallDeviceID"":{""DriverName"":""FileRepository\\mshdc.inf_amd64_neutral_aad30bdeec04ea5e\\mshdc.inf"",""DriverVersion"":""6.1.7601.17514"",""DriverProvider"":""Microsoft"",""DeviceInstanceID"":""PCIIDE\\IDECHANNEL\\5&amp;12368B4A&amp;0&amp;21"",""SetupClass"":""4d36e96a-e325-11ce-bfc1-08002be10318"",""RebootOption"":""False"",""UpgradeDevice"":""False"",""IsDriverOEM"":""False"",""InstallStatus"":""0x0"",""DriverDescription"":""IDE Channel""}}}",,,,,,,,,,
2025-01-15 06:19:10.238584+00:00,Evtx,Service installation,368.0,20003.0,Info,Microsoft-Windows-UserPnp,System,1360.0,1696.0,37L4247F27-25,S-1-5-18,,,system32\DRIVERS\atapi.sys,False,"{""UserData"":{""AddServiceID"":{""ServiceName"":""atapi"",""DriverFileName"":""system32\\DRIVERS\\atapi.sys"",""DeviceInstanceID"":""PCIIDE\\IDECHANNEL\\5&amp;12368B4A&amp;0&amp;0"",""PrimaryService"":""True"",""UpdateService"":""True"",""AddServiceStatus"":""0""}}}",,,,,,,,,,
2025-01-15 06:19:10.550584500+00:00,Evtx,Device installation,369.0,20001.0,Info,Microsoft-Windows-UserPnp,System,1360.0,1696.0,37L4247F27-25,S-1-5-18,,,FileRepository\mshdc.inf_amd64_neutral_aad30bdeec04ea5e\mshdc.inf,False,"{""UserData"":{""InstallDeviceID"":{""DriverName"":""FileRepository\\mshdc.inf_amd64_neutral_aad30bdeec04ea5e\\mshdc.inf"",""DriverVersion"":""6.1.7601.17514"",""DriverProvider"":""Microsoft"",""DeviceInstanceID"":""PCIIDE\\IDECHANNEL\\5&amp;12368B4A&amp;0&amp;0"",""SetupClass"":""4d36e96a-e325-11ce-bfc1-08002be10318"",""RebootOption"":""False"",""UpgradeDevice"":""False"",""IsDriverOEM"":""False"",""InstallStatus"":""0x0"",""DriverDescription"":""IDE Channel""}}}",,,,,,,,,,
2025-01-15 06:19:10.628584700+00:00,Evtx,Service installation,370.0,20003.0,Info,Microsoft-Windows-UserPnp,System,1352.0,1308.0,37L4247F27-25,S-1-5-18,,,system32\DRIVERS\atapi.sys,False,"{""UserData"":{""AddServiceID"":{""ServiceName"":""atapi"",""DriverFileName"":""system32\\DRIVERS\\atapi.sys"",""DeviceInstanceID"":""PCIIDE\\IDECHANNEL\\5&amp;12368B4A&amp;0&amp;9"",""PrimaryService"":""True"",""UpdateService"":""True"",""AddServiceStatus"":""0""}}}",,,,,,,,,,
2025-01-15 06:19:10.862585100+00:00,Evtx,Device installation,371.0,20001.0,Info,Microsoft-Windows-UserPnp,System,1352.0,1308.0,37L4247F27-25,S-1-5-18,,,FileRepository\mshdc.inf_amd64_neutral_aad30bdeec04ea5e\mshdc.inf,False,"{""UserData"":{""InstallDeviceID"":{""DriverName"":""FileRepository\\mshdc.inf_amd64_neutral_aad30bdeec04ea5e\\mshdc.inf"",""DriverVersion"":""6.1.7601.17514"",""DriverProvider"":""Microsoft"",""DeviceInstanceID"":""PCIIDE\\IDECHANNEL\\5&amp;12368B4A&amp;0&amp;9"",""SetupClass"":""4d36e96a-e325-11ce-bfc1-08002be10318"",""RebootOption"":""False"",""UpgradeDevice"":""False"",""IsDriverOEM"":""False"",""InstallStatus"":""0x0"",""DriverDescription"":""IDE Channel""}}}",,,,,,,,,,
2025-01-15 06:19:10.956185300+00:00,Evtx,Service installation,372.0,20003.0,Info,Microsoft-Windows-UserPnp,System,236.0,148.0,37L4247F27-25,S-1-5-18,,,system32\DRIVERS\atapi.sys,False,"{""UserData"":{""AddServiceID"":{""ServiceName"":""atapi"",""DriverFileName"":""system32\\DRIVERS\\atapi.sys"",""DeviceInstanceID"":""PCIIDE\\IDECHANNEL\\5&amp;12368B4A&amp;0&amp;22"",""PrimaryService"":""True"",""UpdateService"":""True"",""AddServiceStatus"":""0""}}}",,,,,,,,,,
2025-01-15 06:19:11.252585800+00:00,Evtx,Device installation,373.0,20001.0,Info,Microsoft-Windows-UserPnp,System,236.0,148.0,37L4247F27-25,S-1-5-18,,,FileRepository\mshdc.inf_amd64_neutral_aad30bdeec04ea5e\mshdc.inf,False,"{""UserData"":{""InstallDeviceID"":{""DriverName"":""FileRepository\\mshdc.inf_amd64_neutral_aad30bdeec04ea5e\\mshdc.inf"",""DriverVersion"":""6.1.7601.17514"",""DriverProvider"":""Microsoft"",""DeviceInstanceID"":""PCIIDE\\IDECHANNEL\\5&amp;12368B4A&amp;0&amp;22"",""SetupClass"":""4d36e96a-e325-11ce-bfc1-08002be10318"",""RebootOption"":""False"",""UpgradeDevice"":""False"",""IsDriverOEM"":""False"",""InstallStatus"":""0x0"",""DriverDescription"":""IDE Channel""}}}",,,,,,,,,,
2025-01-15 06:19:11.299385900+00:00,Evtx,Service installation,374.0,20003.0,Info,Microsoft-Windows-UserPnp,System,1660.0,1692.0,37L4247F27-25,S-1-5-18,,,system32\DRIVERS\atapi.sys,False,"{""UserData"":{""AddServiceID"":{""ServiceName"":""atapi"",""DriverFileName"":""system32\\DRIVERS\\atapi.sys"",""DeviceInstanceID"":""PCIIDE\\IDECHANNEL\\5&amp;12368B4A&amp;0&amp;1"",""PrimaryService"":""True"",""UpdateService"":""True"",""AddServiceStatus"":""0""}}}",,,,,,,,,,
2025-01-15 06:19:11.517786200+00:00,Evtx,Device installation,375.0,20001.0,Info,Microsoft-Windows-UserPnp,System,1660.0,1692.0,37L4247F27-25,S-1-5-18,,,FileRepository\mshdc.inf_amd64_neutral_aad30bdeec04ea5e\mshdc.inf,False,"{""UserData"":{""InstallDeviceID"":{""DriverName"":""FileRepository\\mshdc.inf_amd64_neutral_aad30bdeec04ea5e\\mshdc.inf"",""DriverVersion"":""6.1.7601.17514"",""DriverProvider"":""Microsoft"",""DeviceInstanceID"":""PCIIDE\\IDECHANNEL\\5&amp;12368B4A&amp;0&amp;1"",""SetupClass"":""4d36e96a-e325-11ce-bfc1-08002be10318"",""RebootOption"":""False"",""UpgradeDevice"":""False"",""IsDriverOEM"":""False"",""InstallStatus"":""0x0"",""DriverDescription"":""IDE Channel""}}}",,,,,,,,,,
2025-01-15 06:19:11.595786400+00:00,Evtx,Service installation,376.0,20003.0,Info,Microsoft-Windows-UserPnp,System,1724.0,1840.0,37L4247F27-25,S-1-5-18,,,system32\DRIVERS\atapi.sys,False,"{""UserData"":{""AddServiceID"":{""ServiceName"":""atapi"",""DriverFileName"":""system32\\DRIVERS\\atapi.sys"",""DeviceInstanceID"":""PCIIDE\\IDECHANNEL\\5&amp;12368B4A&amp;0&amp;23"",""PrimaryService"":""True"",""UpdateService"":""True"",""AddServiceStatus"":""0""}}}",,,,,,,,,,
2025-01-15 06:19:11.814186800+00:00,Evtx,Device installation,377.0,20001.0,Info,Microsoft-Windows-UserPnp,System,1724.0,1840.0,37L4247F27-25,S-1-5-18,,,FileRepository\mshdc.inf_amd64_neutral_aad30bdeec04ea5e\mshdc.inf,False,"{""UserData"":{""InstallDeviceID"":{""DriverName"":""FileRepository\\mshdc.inf_amd64_neutral_aad30bdeec04ea5e\\mshdc.inf"",""DriverVersion"":""6.1.7601.17514"",""DriverProvider"":""Microsoft"",""DeviceInstanceID"":""PCIIDE\\IDECHANNEL\\5&amp;12368B4A&amp;0&amp;23"",""SetupClass"":""4d36e96a-e325-11ce-bfc1-08002be10318"",""RebootOption"":""False"",""UpgradeDevice"":""False"",""IsDriverOEM"":""False"",""InstallStatus"":""0x0"",""DriverDescription"":""IDE Channel""}}}",,,,,,,,,,
2025-01-15 06:19:11.923387+00:00,Evtx,Service installation,378.0,20003.0,Info,Microsoft-Windows-UserPnp,System,1628.0,1596.0,37L4247F27-25,S-1-5-18,,,system32\DRIVERS\atapi.sys,False,"{""UserData"":{""AddServiceID"":{""ServiceName"":""atapi"",""DriverFileName"":""system32\\DRIVERS\\atapi.sys"",""DeviceInstanceID"":""PCIIDE\\IDECHANNEL\\5&amp;12368B4A&amp;0&amp;10"",""PrimaryService"":""True"",""UpdateService"":""True"",""AddServiceStatus"":""0""}}}",,,,,,,,,,
2025-01-15 06:19:12.219787500+00:00,Evtx,Device installation,379.0,20001.0,Info,Microsoft-Windows-UserPnp,System,1628.0,1596.0,37L4247F27-25,S-1-5-18,,,FileRepository\mshdc.inf_amd64_neutral_aad30bdeec04ea5e\mshdc.inf,False,"{""UserData"":{""InstallDeviceID"":{""DriverName"":""FileRepository\\mshdc.inf_amd64_neutral_aad30bdeec04ea5e\\mshdc.inf"",""DriverVersion"":""6.1.7601.17514"",""DriverProvider"":""Microsoft"",""DeviceInstanceID"":""PCIIDE\\IDECHANNEL\\5&amp;12368B4A&amp;0&amp;10"",""SetupClass"":""4d36e96a-e325-11ce-bfc1-08002be10318"",""RebootOption"":""False"",""UpgradeDevice"":""False"",""IsDriverOEM"":""False"",""InstallStatus"":""0x0"",""DriverDescription"":""IDE Channel""}}}",,,,,,,,,,
2025-01-15 06:19:12.282187600+00:00,Evtx,Service installation,380.0,20003.0,Info,Microsoft-Windows-UserPnp,System,1944.0,2012.0,37L4247F27-25,S-1-5-18,,,system32\DRIVERS\atapi.sys,False,"{""UserData"":{""AddServiceID"":{""ServiceName"":""atapi"",""DriverFileName"":""system32\\DRIVERS\\atapi.sys"",""DeviceInstanceID"":""PCIIDE\\IDECHANNEL\\5&amp;12368B4A&amp;0&amp;24"",""PrimaryService"":""True"",""UpdateService"":""True"",""AddServiceStatus"":""0""}}}",,,,,,,,,,
2025-01-15 06:19:12.578588100+00:00,Evtx,Device installation,381.0,20001.0,Info,Microsoft-Windows-UserPnp,System,1944.0,2012.0,37L4247F27-25,S-1-5-18,,,FileRepository\mshdc.inf_amd64_neutral_aad30bdeec04ea5e\mshdc.inf,False,"{""UserData"":{""InstallDeviceID"":{""DriverName"":""FileRepository\\mshdc.inf_amd64_neutral_aad30bdeec04ea5e\\mshdc.inf"",""DriverVersion"":""6.1.7601.17514"",""DriverProvider"":""Microsoft"",""DeviceInstanceID"":""PCIIDE\\IDECHANNEL\\5&amp;12368B4A&amp;0&amp;24"",""SetupClass"":""4d36e96a-e325-11ce-bfc1-08002be10318"",""RebootOption"":""False"",""UpgradeDevice"":""False"",""IsDriverOEM"":""False"",""InstallStatus"":""0x0"",""DriverDescription"":""IDE Channel""}}}",,,,,,,,,,
2025-01-15 06:19:12.625388200+00:00,Evtx,Service installation,382.0,20003.0,Info,Microsoft-Windows-UserPnp,System,1816.0,1832.0,37L4247F27-25,S-1-5-18,,,system32\DRIVERS\atapi.sys,False,"{""UserData"":{""AddServiceID"":{""ServiceName"":""atapi"",""DriverFileName"":""system32\\DRIVERS\\atapi.sys"",""DeviceInstanceID"":""PCIIDE\\IDECHANNEL\\5&amp;12368B4A&amp;0&amp;11"",""PrimaryService"":""True"",""UpdateService"":""True"",""AddServiceStatus"":""0""}}}",,,,,,,,,,
2025-01-15 06:19:12.921788700+00:00,Evtx,Device installation,383.0,20001.0,Info,Microsoft-Windows-UserPnp,System,1816.0,1832.0,37L4247F27-25,S-1-5-18,,,FileRepository\mshdc.inf_amd64_neutral_aad30bdeec04ea5e\mshdc.inf,False,"{""UserData"":{""InstallDeviceID"":{""DriverName"":""FileRepository\\mshdc.inf_amd64_neutral_aad30bdeec04ea5e\\mshdc.inf"",""DriverVersion"":""6.1.7601.17514"",""DriverProvider"":""Microsoft"",""DeviceInstanceID"":""PCIIDE\\IDECHANNEL\\5&amp;12368B4A&amp;0&amp;11"",""SetupClass"":""4d36e96a-e325-11ce-bfc1-08002be10318"",""RebootOption"":""False"",""UpgradeDevice"":""False"",""IsDriverOEM"":""False"",""InstallStatus"":""0x0"",""DriverDescription"":""IDE Channel""}}}",,,,,,,,,,
2025-01-15 06:19:12.984188800+00:00,Evtx,Service installation,384.0,20003.0,Info,Microsoft-Windows-UserPnp,System,2004.0,1728.0,37L4247F27-25,S-1-5-18,,,system32\DRIVERS\usbhub.sys,False,"{""UserData"":{""AddServiceID"":{""ServiceName"":""usbhub"",""DriverFileName"":""system32\\DRIVERS\\usbhub.sys"",""DeviceInstanceID"":""USB\\ROOT_HUB\\5&amp;3BB57B&amp;0"",""PrimaryService"":""True"",""UpdateService"":""True"",""AddServiceStatus"":""0""}}}",,,,,,,,,,
2025-01-15 06:19:14.949792300+00:00,Evtx,,1.0,1006.0,Info,Microsoft-Windows-DHCPv6-Client,Microsoft-Windows-Dhcpv6-Client/Admin,792.0,804.0,37L4247F27-25,S-1-5-19,,,,False,"{""EventData"":{""Data"":[{""@Name"":""InterfaceId"",""#text"":""14""},{""@Name"":""Flag1"",""#text"":""True""},{""@Name"":""Flag2"",""#text"":""True""}]}}",,,,,,,,,,
2025-01-15 06:19:15.417793100+00:00,Evtx,Device installation,385.0,20001.0,Info,Microsoft-Windows-UserPnp,System,2004.0,1728.0,37L4247F27-25,S-1-5-18,,,FileRepository\usbport.inf_amd64_neutral_f935002f367d5bb0\usbport.inf,False,"{""UserData"":{""InstallDeviceID"":{""DriverName"":""FileRepository\\usbport.inf_amd64_neutral_f935002f367d5bb0\\usbport.inf"",""DriverVersion"":""6.1.7601.17514"",""DriverProvider"":""Microsoft"",""DeviceInstanceID"":""USB\\ROOT_HUB\\5&amp;3BB57B&amp;0"",""SetupClass"":""36fc9e60-c465-11cf-8056-444553540000"",""RebootOption"":""False"",""UpgradeDevice"":""False"",""IsDriverOEM"":""False"",""InstallStatus"":""0x0"",""DriverDescription"":""USB Root Hub""}}}",,,,,,,,,,
2025-01-15 06:19:15.480193200+00:00,Evtx,Service installation,386.0,20003.0,Info,Microsoft-Windows-UserPnp,System,2000.0,1888.0,37L4247F27-25,S-1-5-18,,,system32\DRIVERS\atapi.sys,False,"{""UserData"":{""AddServiceID"":{""ServiceName"":""atapi"",""DriverFileName"":""system32\\DRIVERS\\atapi.sys"",""DeviceInstanceID"":""PCIIDE\\IDECHANNEL\\5&amp;12368B4A&amp;0&amp;25"",""PrimaryService"":""True"",""UpdateService"":""True"",""AddServiceStatus"":""0""}}}",,,,,,,,,,
2025-01-15 06:19:15.714193600+00:00,Evtx,Device installation,387.0,20001.0,Info,Microsoft-Windows-UserPnp,System,2000.0,1888.0,37L4247F27-25,S-1-5-18,,,FileRepository\mshdc.inf_amd64_neutral_aad30bdeec04ea5e\mshdc.inf,False,"{""UserData"":{""InstallDeviceID"":{""DriverName"":""FileRepository\\mshdc.inf_amd64_neutral_aad30bdeec04ea5e\\mshdc.inf"",""DriverVersion"":""6.1.7601.17514"",""DriverProvider"":""Microsoft"",""DeviceInstanceID"":""PCIIDE\\IDECHANNEL\\5&amp;12368B4A&amp;0&amp;25"",""SetupClass"":""4d36e96a-e325-11ce-bfc1-08002be10318"",""RebootOption"":""False"",""UpgradeDevice"":""False"",""IsDriverOEM"":""False"",""InstallStatus"":""0x0"",""DriverDescription"":""IDE Channel""}}}",,,,,,,,,,
2025-01-15 06:19:15.854593900+00:00,Evtx,Service installation,388.0,20003.0,Info,Microsoft-Windows-UserPnp,System,992.0,1896.0,37L4247F27-25,S-1-5-18,,,system32\DRIVERS\atapi.sys,False,"{""UserData"":{""AddServiceID"":{""ServiceName"":""atapi"",""DriverFileName"":""system32\\DRIVERS\\atapi.sys"",""DeviceInstanceID"":""PCIIDE\\IDECHANNEL\\5&amp;12368B4A&amp;0&amp;12"",""PrimaryService"":""True"",""UpdateService"":""True"",""AddServiceStatus"":""0""}}}",,,,,,,,,,
2025-01-15 06:19:16.088594300+00:00,Evtx,Device installation,389.0,20001.0,Info,Microsoft-Windows-UserPnp,System,992.0,1896.0,37L4247F27-25,S-1-5-18,,,FileRepository\mshdc.inf_amd64_neutral_aad30bdeec04ea5e\mshdc.inf,False,"{""UserData"":{""InstallDeviceID"":{""DriverName"":""FileRepository\\mshdc.inf_amd64_neutral_aad30bdeec04ea5e\\mshdc.inf"",""DriverVersion"":""6.1.7601.17514"",""DriverProvider"":""Microsoft"",""DeviceInstanceID"":""PCIIDE\\IDECHANNEL\\5&amp;12368B4A&amp;0&amp;12"",""SetupClass"":""4d36e96a-e325-11ce-bfc1-08002be10318"",""RebootOption"":""False"",""UpgradeDevice"":""False"",""IsDriverOEM"":""False"",""InstallStatus"":""0x0"",""DriverDescription"":""IDE Channel""}}}",,,,,,,,,,
2025-01-15 06:19:16.150994400+00:00,Evtx,Service installation,390.0,20003.0,Info,Microsoft-Windows-UserPnp,System,1928.0,1104.0,37L4247F27-25,S-1-5-18,,,system32\DRIVERS\usbhub.sys,False,"{""UserData"":{""AddServiceID"":{""ServiceName"":""usbhub"",""DriverFileName"":""system32\\DRIVERS\\usbhub.sys"",""DeviceInstanceID"":""USB\\ROOT_HUB20\\5&amp;299E1C9F&amp;0"",""PrimaryService"":""True"",""UpdateService"":""True"",""AddServiceStatus"":""0""}}}",,,,,,,,,,
2025-01-15 06:19:16.306994700+00:00,Evtx,Device installation,391.0,20001.0,Info,Microsoft-Windows-UserPnp,System,1928.0,1104.0,37L4247F27-25,S-1-5-18,,,FileRepository\usbport.inf_amd64_neutral_f935002f367d5bb0\usbport.inf,False,"{""UserData"":{""InstallDeviceID"":{""DriverName"":""FileRepository\\usbport.inf_amd64_neutral_f935002f367d5bb0\\usbport.inf"",""DriverVersion"":""6.1.7601.17514"",""DriverProvider"":""Microsoft"",""DeviceInstanceID"":""USB\\ROOT_HUB20\\5&amp;299E1C9F&amp;0"",""SetupClass"":""36fc9e60-c465-11cf-8056-444553540000"",""RebootOption"":""False"",""UpgradeDevice"":""False"",""IsDriverOEM"":""False"",""InstallStatus"":""0x0"",""DriverDescription"":""USB Root Hub""}}}",,,,,,,,,,
2025-01-15 06:19:16.353794700+00:00,Evtx,Service installation,392.0,20003.0,Info,Microsoft-Windows-UserPnp,System,1764.0,1956.0,37L4247F27-25,S-1-5-18,,,system32\DRIVERS\atapi.sys,False,"{""UserData"":{""AddServiceID"":{""ServiceName"":""atapi"",""DriverFileName"":""system32\\DRIVERS\\atapi.sys"",""DeviceInstanceID"":""PCIIDE\\IDECHANNEL\\5&amp;12368B4A&amp;0&amp;13"",""PrimaryService"":""True"",""UpdateService"":""True"",""AddServiceStatus"":""0""}}}",,,,,,,,,,
2025-01-15 06:19:16.821795600+00:00,Evtx,Device installation,393.0,20001.0,Info,Microsoft-Windows-UserPnp,System,1764.0,1956.0,37L4247F27-25,S-1-5-18,,,FileRepository\mshdc.inf_amd64_neutral_aad30bdeec04ea5e\mshdc.inf,False,"{""UserData"":{""InstallDeviceID"":{""DriverName"":""FileRepository\\mshdc.inf_amd64_neutral_aad30bdeec04ea5e\\mshdc.inf"",""DriverVersion"":""6.1.7601.17514"",""DriverProvider"":""Microsoft"",""DeviceInstanceID"":""PCIIDE\\IDECHANNEL\\5&amp;12368B4A&amp;0&amp;13"",""SetupClass"":""4d36e96a-e325-11ce-bfc1-08002be10318"",""RebootOption"":""False"",""UpgradeDevice"":""False"",""IsDriverOEM"":""False"",""InstallStatus"":""0x0"",""DriverDescription"":""IDE Channel""}}}",,,,,,,,,,
2025-01-15 06:19:16.930995800+00:00,Evtx,Service installation,394.0,20003.0,Info,Microsoft-Windows-UserPnp,System,300.0,1872.0,37L4247F27-25,S-1-5-18,,,system32\DRIVERS\atapi.sys,False,"{""UserData"":{""AddServiceID"":{""ServiceName"":""atapi"",""DriverFileName"":""system32\\DRIVERS\\atapi.sys"",""DeviceInstanceID"":""PCIIDE\\IDECHANNEL\\5&amp;12368B4A&amp;0&amp;26"",""PrimaryService"":""True"",""UpdateService"":""True"",""AddServiceStatus"":""0""}}}",,,,,,,,,,
2025-01-15 06:19:17.149396100+00:00,Evtx,Device installation,395.0,20001.0,Info,Microsoft-Windows-UserPnp,System,300.0,1872.0,37L4247F27-25,S-1-5-18,,,FileRepository\mshdc.inf_amd64_neutral_aad30bdeec04ea5e\mshdc.inf,False,"{""UserData"":{""InstallDeviceID"":{""DriverName"":""FileRepository\\mshdc.inf_amd64_neutral_aad30bdeec04ea5e\\mshdc.inf"",""DriverVersion"":""6.1.7601.17514"",""DriverProvider"":""Microsoft"",""DeviceInstanceID"":""PCIIDE\\IDECHANNEL\\5&amp;12368B4A&amp;0&amp;26"",""SetupClass"":""4d36e96a-e325-11ce-bfc1-08002be10318"",""RebootOption"":""False"",""UpgradeDevice"":""False"",""IsDriverOEM"":""False"",""InstallStatus"":""0x0"",""DriverDescription"":""IDE Channel""}}}",,,,,,,,,,
2025-01-15 06:19:17.289796400+00:00,Evtx,Service installation,396.0,20003.0,Info,Microsoft-Windows-UserPnp,System,1908.0,1044.0,37L4247F27-25,S-1-5-18,,,system32\DRIVERS\atapi.sys,False,"{""UserData"":{""AddServiceID"":{""ServiceName"":""atapi"",""DriverFileName"":""system32\\DRIVERS\\atapi.sys"",""DeviceInstanceID"":""PCIIDE\\IDECHANNEL\\5&amp;12368B4A&amp;0&amp;14"",""PrimaryService"":""True"",""UpdateService"":""True"",""AddServiceStatus"":""0""}}}",,,,,,,,,,
2025-01-15 06:19:17.570596900+00:00,Evtx,Device installation,397.0,20001.0,Info,Microsoft-Windows-UserPnp,System,1908.0,1044.0,37L4247F27-25,S-1-5-18,,,FileRepository\mshdc.inf_amd64_neutral_aad30bdeec04ea5e\mshdc.inf,False,"{""UserData"":{""InstallDeviceID"":{""DriverName"":""FileRepository\\mshdc.inf_amd64_neutral_aad30bdeec04ea5e\\mshdc.inf"",""DriverVersion"":""6.1.7601.17514"",""DriverProvider"":""Microsoft"",""DeviceInstanceID"":""PCIIDE\\IDECHANNEL\\5&amp;12368B4A&amp;0&amp;14"",""SetupClass"":""4d36e96a-e325-11ce-bfc1-08002be10318"",""RebootOption"":""False"",""UpgradeDevice"":""False"",""IsDriverOEM"":""False"",""InstallStatus"":""0x0"",""DriverDescription"":""IDE Channel""}}}",,,,,,,,,,
2025-01-15 06:19:17.695397100+00:00,Evtx,Service installation,398.0,20003.0,Info,Microsoft-Windows-UserPnp,System,1168.0,1920.0,37L4247F27-25,S-1-5-18,,,system32\DRIVERS\atapi.sys,False,"{""UserData"":{""AddServiceID"":{""ServiceName"":""atapi"",""DriverFileName"":""system32\\DRIVERS\\atapi.sys"",""DeviceInstanceID"":""PCIIDE\\IDECHANNEL\\5&amp;12368B4A&amp;0&amp;27"",""PrimaryService"":""True"",""UpdateService"":""True"",""AddServiceStatus"":""0""}}}",,,,,,,,,,
2025-01-15 06:19:17.913797500+00:00,Evtx,Device installation,399.0,20001.0,Info,Microsoft-Windows-UserPnp,System,1168.0,1920.0,37L4247F27-25,S-1-5-18,,,FileRepository\mshdc.inf_amd64_neutral_aad30bdeec04ea5e\mshdc.inf,False,"{""UserData"":{""InstallDeviceID"":{""DriverName"":""FileRepository\\mshdc.inf_amd64_neutral_aad30bdeec04ea5e\\mshdc.inf"",""DriverVersion"":""6.1.7601.17514"",""DriverProvider"":""Microsoft"",""DeviceInstanceID"":""PCIIDE\\IDECHANNEL\\5&amp;12368B4A&amp;0&amp;27"",""SetupClass"":""4d36e96a-e325-11ce-bfc1-08002be10318"",""RebootOption"":""False"",""UpgradeDevice"":""False"",""IsDriverOEM"":""False"",""InstallStatus"":""0x0"",""DriverDescription"":""IDE Channel""}}}",,,,,,,,,,
