2025-01-15 06:19:50.970255500+00:00,Evtx,,5.0,5325.0,Info,Microsoft-Windows-GroupPolicy,Microsoft-Windows-GroupPolicy/Operational,852.0,856.0,37L4247F27-25,S-1-5-18,,,,False,"{""EventData"":{""Data"":{""@Name"":""NotificationType"",""#text"":""0""}}}",,,,,,,,,,
2025-01-15 06:19:51+00:00,Evtx,The Event log service was stopped,467.0,6006.0,Info,EventLog,System,0.0,0.0,37L4247F27-25,,,,,False,"{""EventData"":{""Data"":"""",""Binary"":""01-00-00-00-00-00-00-00""}}",,,,,,,,,,
2025-01-15 06:19:51.001455600+00:00,Evtx,Service started or stopped,472.0,7036.0,Info,Service Control Manager,System,436.0,532.0,37L4247F27-25,,,,,False,"{""EventData"":{""Data"":[{""@Name"":""param1"",""#text"":""Group Policy Client""},{""@Name"":""param2"",""#text"":""stopped""}],""Binary"":""67-00-70-00-73-00-76-00-63-00-2F-00-31-00-00-00""}}",,,,,,,,,,
2025-01-15 06:19:51.095055800+00:00,Evtx,Service started or stopped,474.0,7036.0,Info,Service Control Manager,System,436.0,1128.0,37L4247F27-25,,,,,False,"{""EventData"":{""Data"":[{""@Name"":""param1"",""#text"":""Microsoft .NET Framework NGEN v2.0.50727_X64""},{""@Name"":""param2"",""#text"":""stopped""}],""Binary"":""63-00-6C-00-72-00-5F-00-6F-00-70-00-74-00-69-00-6D-00-69-00-7A-00-61-00-74-00-69-00-6F-00-6E-00-5F-00-76-00-32-00-2E-00-30-00-2E-00-35-00-30-00-37-00-32-00-37-00-5F-00-36-00-34-00-2F-00-31-00-00-00""}}",,,,,,,,,,
2025-01-15 06:19:51.095055800+00:00,Evtx,Service started or stopped,473.0,7036.0,Info,Service Control Manager,System,436.0,1128.0,37L4247F27-25,,,,,False,"{""EventData"":{""Data"":[{""@Name"":""param1"",""#text"":""Microsoft .NET Framework NGEN v2.0.50727_X86""},{""@Name"":""param2"",""#text"":""stopped""}],""Binary"":""63-00-6C-00-72-00-5F-00-6F-00-70-00-74-00-69-00-6D-00-69-00-7A-00-61-00-74-00-69-00-6F-00-6E-00-5F-00-76-00-32-00-2E-00-30-00-2E-00-35-00-30-00-37-00-32-00-37-00-5F-00-33-00-32-00-2F-00-31-00-00-00""}}",,,,,,,,,,
2025-01-15 06:19:51.126255800+00:00,Evtx,Service started or stopped,475.0,7036.0,Info,Service Control Manager,System,436.0,1128.0,37L4247F27-25,,,,,False,"{""EventData"":{""Data"":[{""@Name"":""param1"",""#text"":""Power""},{""@Name"":""param2"",""#text"":""stopped""}],""Binary"":""50-00-6F-00-77-00-65-00-72-00-2F-00-31-00-00-00""}}",,,,,,,,,,
2025-01-15 06:19:51.157455900+00:00,Evtx,,477.0,51047.0,Info,Microsoft-Windows-DHCPv6-Client,System,792.0,268.0,37L4247F27-25,S-1-5-19,,,,False,"{""EventData"":{""Data"":{""@Name"":""DwordVal"",""#text"":""1""}}}",,,,,,,,,,
2025-01-15 06:19:51.157455900+00:00,Evtx,Service started or stopped,476.0,7036.0,Info,Service Control Manager,System,436.0,1128.0,37L4247F27-25,,,,,False,"{""EventData"":{""Data"":[{""@Name"":""param1"",""#text"":""User Profile Service""},{""@Name"":""param2"",""#text"":""stopped""}],""Binary"":""50-00-72-00-6F-00-66-00-53-00-76-00-63-00-2F-00-31-00-00-00""}}",,,,,,,,,,
2025-01-15 06:19:51.157455900+00:00,Evtx,The event logging service has shut down,22.0,1100.0,Info,Microsoft-Windows-Eventlog,Security,792.0,804.0,37L4247F27-25,,,,,False,"{""UserData"":{""ServiceShutdown"":""""}}",,,,,,,,,,
2025-01-15 06:19:51.173055900+00:00,Evtx,,478.0,50037.0,Info,Microsoft-Windows-Dhcp-Client,System,792.0,100.0,37L4247F27-25,S-1-5-19,,,,False,"{""EventData"":{""Data"":{""@Name"":""DwordVal"",""#text"":""1""}}}",,,,,,,,,,
2025-01-15 06:19:51.188655900+00:00,Evtx,Service started or stopped,481.0,7036.0,Info,Service Control Manager,System,436.0,1128.0,37L4247F27-25,,,,,False,"{""EventData"":{""Data"":[{""@Name"":""param1"",""#text"":""Diagnostic System Host""},{""@Name"":""param2"",""#text"":""stopped""}],""Binary"":""57-00-64-00-69-00-53-00-79-00-73-00-74-00-65-00-6D-00-48-00-6F-00-73-00-74-00-2F-00-31-00-00-00""}}",,,,,,,,,,
2025-01-15 06:19:51.188655900+00:00,Evtx,Service started or stopped,480.0,7036.0,Info,Service Control Manager,System,436.0,1128.0,37L4247F27-25,,,,,False,"{""EventData"":{""Data"":[{""@Name"":""param1"",""#text"":""Diagnostic Service Host""},{""@Name"":""param2"",""#text"":""stopped""}],""Binary"":""57-00-64-00-69-00-53-00-65-00-72-00-76-00-69-00-63-00-65-00-48-00-6F-00-73-00-74-00-2F-00-31-00-00-00""}}",,,,,,,,,,
2025-01-15 06:19:51.188655900+00:00,Evtx,Service started or stopped,479.0,7036.0,Info,Service Control Manager,System,436.0,1128.0,37L4247F27-25,,,,,False,"{""EventData"":{""Data"":[{""@Name"":""param1"",""#text"":""DHCP Client""},{""@Name"":""param2"",""#text"":""stopped""}],""Binary"":""44-00-68-00-63-00-70-00-2F-00-31-00-00-00""}}",,,,,,,,,,
2025-01-15 06:19:51.344656200+00:00,Evtx,Service started or stopped,483.0,7036.0,Info,Service Control Manager,System,436.0,1128.0,37L4247F27-25,,,,,False,"{""EventData"":{""Data"":[{""@Name"":""param1"",""#text"":""Desktop Window Manager Session Manager""},{""@Name"":""param2"",""#text"":""stopped""}],""Binary"":""55-00-78-00-53-00-6D-00-73-00-2F-00-31-00-00-00""}}",,,,,,,,,,
2025-01-15 06:19:51.344656200+00:00,Evtx,Service started or stopped,482.0,7036.0,Info,Service Control Manager,System,436.0,1128.0,37L4247F27-25,,,,,False,"{""EventData"":{""Data"":[{""@Name"":""param1"",""#text"":""Cryptographic Services""},{""@Name"":""param2"",""#text"":""stopped""}],""Binary"":""43-00-72-00-79-00-70-00-74-00-53-00-76-00-63-00-2F-00-31-00-00-00""}}",,,,,,,,,,
2025-01-15 06:19:51.360256200+00:00,Evtx,Service started or stopped,484.0,7036.0,Info,Service Control Manager,System,436.0,1128.0,37L4247F27-25,,,,,False,"{""EventData"":{""Data"":[{""@Name"":""param1"",""#text"":""Software Protection""},{""@Name"":""param2"",""#text"":""stopped""}],""Binary"":""73-00-70-00-70-00-73-00-76-00-63-00-2F-00-31-00-00-00""}}",,,,,,,,,,
2025-01-15 06:19:51.360256200+00:00,Evtx,Service started or stopped,486.0,7036.0,Info,Service Control Manager,System,436.0,1128.0,37L4247F27-25,,,,,False,"{""EventData"":{""Data"":[{""@Name"":""param1"",""#text"":""Windows Modules Installer""},{""@Name"":""param2"",""#text"":""stopped""}],""Binary"":""54-00-72-00-75-00-73-00-74-00-65-00-64-00-49-00-6E-00-73-00-74-00-61-00-6C-00-6C-00-65-00-72-00-2F-00-31-00-00-00""}}",,,,,,,,,,
2025-01-15 06:19:51.360256200+00:00,Evtx,Service started or stopped,485.0,7036.0,Info,Service Control Manager,System,436.0,1128.0,37L4247F27-25,,,,,False,"{""EventData"":{""Data"":[{""@Name"":""param1"",""#text"":""Microsoft Software Shadow Copy Provider""},{""@Name"":""param2"",""#text"":""stopped""}],""Binary"":""73-00-77-00-70-00-72-00-76-00-2F-00-31-00-00-00""}}",,,,,,,,,,
2025-01-15 06:19:51.375856300+00:00,Evtx,Service started or stopped,490.0,7036.0,Info,Service Control Manager,System,436.0,1128.0,WIN-3M6ADARIMNH,,,,,False,"{""EventData"":{""Data"":[{""@Name"":""param1"",""#text"":""Windows Management Instrumentation""},{""@Name"":""param2"",""#text"":""stopped""}],""Binary"":""57-00-69-00-6E-00-6D-00-67-00-6D-00-74-00-2F-00-31-00-00-00""}}",,,,,,,,,,
2025-01-15 06:19:51.391456300+00:00,Evtx,Service started or stopped,491.0,7036.0,Info,Service Control Manager,System,436.0,1128.0,WIN-3M6ADARIMNH,,,,,False,"{""EventData"":{""Data"":[{""@Name"":""param1"",""#text"":""Diagnostic Policy Service""},{""@Name"":""param2"",""#text"":""stopped""}],""Binary"":""44-00-50-00-53-00-2F-00-31-00-00-00""}}",,,,,,,,,,
2025-01-15 06:19:51.391456300+00:00,Evtx,Service started or stopped,492.0,7036.0,Info,Service Control Manager,System,436.0,1128.0,WIN-3M6ADARIMNH,,,,,False,"{""EventData"":{""Data"":[{""@Name"":""param1"",""#text"":""Distributed Link Tracking Client""},{""@Name"":""param2"",""#text"":""stopped""}],""Binary"":""54-00-72-00-6B-00-57-00-6B-00-73-00-2F-00-31-00-00-00""}}",,,,,,,,,,
2025-01-15 06:19:51.485056400+00:00,Evtx,Service started or stopped,493.0,7036.0,Info,Service Control Manager,System,436.0,1128.0,WIN-3M6ADARIMNH,,,,,False,"{""EventData"":{""Data"":[{""@Name"":""param1"",""#text"":""Volume Shadow Copy""},{""@Name"":""param2"",""#text"":""stopped""}],""Binary"":""56-00-53-00-53-00-2F-00-31-00-00-00""}}",,,,,,,,,,
2025-01-15 06:19:51.563056600+00:00,Evtx,Service started or stopped,494.0,7036.0,Info,Service Control Manager,System,436.0,1128.0,WIN-3M6ADARIMNH,,,,,False,"{""EventData"":{""Data"":[{""@Name"":""param1"",""#text"":""Windows Event Log""},{""@Name"":""param2"",""#text"":""stopped""}],""Binary"":""65-00-76-00-65-00-6E-00-74-00-6C-00-6F-00-67-00-2F-00-31-00-00-00""}}",,,,,,,,,,
2025-01-15 06:19:51.594256600+00:00,Evtx,Service started or stopped,495.0,7036.0,Info,Service Control Manager,System,436.0,1128.0,WIN-3M6ADARIMNH,,,,,False,"{""EventData"":{""Data"":[{""@Name"":""param1"",""#text"":""Superfetch""},{""@Name"":""param2"",""#text"":""stopped""}],""Binary"":""53-00-79-00-73-00-4D-00-61-00-69-00-6E-00-2F-00-31-00-00-00""}}",,,,,,,,,,
2025-01-15 06:19:51.703456800+00:00,Evtx,,496.0,20010.0,Info,Microsoft-Windows-UserPnp,System,564.0,1296.0,WIN-3M6ADARIMNH,S-1-5-18,,,,False,"{""UserData"":{""INFO_PNP_STATE"":{""InstallSubsystemState"":""False"",""CachingSubsystemState"":""False""}}}",,,,,,,,,,
2025-01-15 06:19:51.703456800+00:00,Evtx,Service started or stopped,497.0,7036.0,Info,Service Control Manager,System,436.0,1128.0,WIN-3M6ADARIMNH,,,,,False,"{""EventData"":{""Data"":[{""@Name"":""param1"",""#text"":""Plug and Play""},{""@Name"":""param2"",""#text"":""stopped""}],""Binary"":""50-00-6C-00-75-00-67-00-50-00-6C-00-61-00-79-00-2F-00-31-00-00-00""}}",,,,,,,,,,
2025-01-15 06:19:51.953057300+00:00,Evtx,,498.0,109.0,Info,Microsoft-Windows-Kernel-Power,System,336.0,340.0,WIN-3M6ADARIMNH,,,,,False,"{""EventData"":{""Data"":[{""@Name"":""ShutdownActionType"",""#text"":""5""},{""@Name"":""ShutdownEventCode"",""#text"":""0""},{""@Name"":""ShutdownReason"",""#text"":""0""}]}}",,,,,,,,,,
2025-01-15 06:19:52.077857500+00:00,Evtx,OS was shutdown,499.0,13.0,Info,Microsoft-Windows-Kernel-General,System,4.0,40.0,WIN-3M6ADARIMNH,,,,,False,"{""EventData"":{""Data"":{""@Name"":""StopTime"",""#text"":""2025-01-15 06:19:52.0778575""}}}",,,,,,,,,,
2025-01-15 06:20:04.609200200+00:00,Evtx,OS was started,500.0,12.0,Info,Microsoft-Windows-Kernel-General,System,4.0,8.0,WIN-3M6ADARIMNH,S-1-5-18,,,,False,"{""EventData"":{""Data"":[{""@Name"":""MajorVersion"",""#text"":""6""},{""@Name"":""MinorVersion"",""#text"":""1""},{""@Name"":""BuildVersion"",""#text"":""7601""},{""@Name"":""QfeVersion"",""#text"":""17514""},{""@Name"":""ServiceVersion"",""#text"":""1""},{""@Name"":""BootMode"",""#text"":""0""},{""@Name"":""StartTime"",""#text"":""2025-01-15 06:20:04.5000000""}]}}",,,,,,,,,,
2025-01-15 06:20:09.928809600+00:00,Evtx,,501.0,6.0,Info,Microsoft-Windows-FilterManager,System,4.0,8.0,WIN-3M6ADARIMNH,S-1-5-18,,,,False,"{""EventData"":{""Data"":[{""@Name"":""FinalStatus"",""#text"":""0x0""},{""@Name"":""DeviceVersionMajor"",""#text"":""6""},{""@Name"":""DeviceVersionMinor"",""#text"":""1""},{""@Name"":""DeviceNameLength"",""#text"":""8""},{""@Name"":""DeviceName"",""#text"":""FileInfo""},{""@Name"":""DeviceTime"",""#text"":""2009-07-13 15:34:25.0000000""}]}}",,,,,,,,,,
2025-01-15 06:20:10.116009900+00:00,Evtx,,2.0,5.0,Info,Microsoft-Windows-Kernel-WHEA,Microsoft-Windows-Kernel-WHEA/Operational,4.0,8.0,WIN-3M6ADARIMNH,S-1-5-18,,,,False,"{""EventData"":{""Data"":[{""@Name"":""ErrorSourceCount"",""#text"":""4""},{""@Name"":""ErrorRecordFormat"",""#text"":""10""},{""@Name"":""ErrorSourceTableLength"",""#text"":""4256""},{""@Name"":""ErrorSourceTable"",""#text"":""90-14-76-02-80-FA-FF-FF-A8-EB-85-02-00-F8-FF-FF-00-00-00-00-00-00-00-80-00-00-00-00-01-00-00-00-28-07-00-00-57-68-65-61-00-00-00-00-00-00-00-00-D0-18-76-02-80-FA-FF-FF-00-00-00-00-00-00-00-00-04-00-00-00-58-01-00-00-00-00-00-00-00-00-00-00-00-00-00-00-00-00-00-00-00-CC-03-00-00-0A-00-00-00-00-00-00-00-02-00-00-00-41-01-00-00-01-00-00-00-04-00-00-00-00-00-00-00-00-00-00-80-00-00-00-00-00-00-01-06-00-00-00-00-00-00-00-00-00-00-00-00-FF-FF-FF-FF-FF-FF-FF-FF-00-01-00-00-00-04-00-00-01-04-00-00-02-04-00-00-03-04-00-00-FF-FF-FF-FF-FF-FF-FF-FF-01-01-00-00-04-04-00-00-05-04-00-00-06-04-00-00-07-04-00-00-FF-FF-FF-FF-FF-FF-FF-FF-02-01-00-00-08-04-00-00-09-04-00-00-0A-04-00-00-0B-04-00-00-FF-FF-FF-FF-FF-FF-FF-FF-03-01-00-00-0C-04-00-00-0D-04-00-00-0E-04-00-00-0F-04-00-00-FF-FF-FF-FF-FF-FF-FF-FF-04-01-00-00-10-04-00-00-11-04-00-00-12-04-00-00-13-04-00-00-FF-FF-FF-FF-FF-FF-FF-FF-05-01-00-00-14-04-00-00-15-04-00-00-16-04-00-00-17-04-00-00-FF-FF-FF-FF-FF-FF-FF-FF-06-01-00-00-18-04-00-00-19-04-00-00-1A-04-00-00-1B-04-00-00-FF-FF-FF-FF-FF-FF-FF-FF-07-01-00-00-1C-04-00-00-1D-04-00-00-1E-04-00-00-1F-04-00-00-FF-FF-FF-FF-FF-FF-FF-FF-08-01-00-00-20-04-00-00-21-04-00-00-22-04-00-00-23-04-00-00-FF-FF-FF-FF-FF-FF-FF-FF-09-01-00-00-24-04-00-00-25-04-00-00-26-04-00-00-27-04-00-00-FF-FF-FF-FF-FF-FF-FF-FF-0A-01-00-00-28-04-00-00-29-04-00-00-2A-04-00-00-2B-04-00-00-FF-FF-FF-FF-FF-FF-FF-FF-0B-01-00-00-2C-04-00-00-2D-04-00-00-2E-04-00-00-2F-04-00-00-FF-FF-FF-FF-FF-FF-FF-FF-0C-01-00-00-30-04-00-00-31-04-00-00-32-04-00-00-33-04-00-00-FF-FF-FF-FF-FF-FF-FF-FF-0D-01-00-00-34-04-00-00-35-04-00-00-36-04-00-00-37-04-00-00-FF-FF-FF-FF-FF-FF-FF-FF-0E-01-00-00-38-04-00-00-39-04-00-00-3A-04-00-00-3B-04-00-00-FF-FF-FF-FF-FF-FF-FF-FF-0F-01-00-00-3C-04-00-00-3D-04-00-00-3E-04-00-00-3F-04-00-00-FF-FF-FF-FF-FF-FF-FF-FF-00-00-00-00-00-00-00-00-00-00-00-00-00-00-00-00-00-00-00-00-00-00-00-00-00-00-00-00-00-00-00-00-00-00-00-00-00-00-00-00-00-00-00-00-00-00-00-00-00-00-00-00-00-00-00-00-00-00-00-00-00-00-00-00-00-00-00-00-00-00-00-00-00-00-00-00-00-00-00-00-00-00-00-00-00-00-00-00-00-00-00-00-00-00-00-00-00-00-00-00-00-00-00-00-00-00-00-00-00-00-00-00-00-00-00-00-00-00-00-00-00-00-00-00-00-00-00-00-00-00-00-00-00-00-00-00-00-00-00-00-00-00-00-00-00-00-00-00-00-00-00-00-00-00-00-00-00-00-00-00-00-00-00-00-00-00-00-00-00-00-00-00-00-00-00-00-00-00-00-00-00-00-00-00-00-00-00-00-00-00-00-00-00-00-00-00-00-00-00-00-00-00-00-00-00-00-00-00-00-00-00-00-00-00-00-00-00-00-00-00-00-00-00-00-00-00-00-00-00-00-00-00-00-00-00-00-00-00-00-00-00-00-00-00-00-00-00-00-00-00-00-00-00-00-00-00-00-00-00-00-00-00-00-00-00-00-00-00-00-00-00-00-00-00-00-00-00-00-00-00-00-00-00-00-00-00-00-00-00-00-00-00-00-00-00-00-00-00-00-00-00-00-00-00-00-00-00-00-00-00-00-00-00-00-00-00-00-00-00-00-00-00-00-00-00-00-00-00-00-00-00-00-00-00-00-00-00-00-00-00-00-00-00-00-00-00-00-00-00-00-00-00-00-00-00-00-00-00-00-00-00-00-00-00-00-00-00-00-00-00-00-00-00-00-00-00-00-00-00-00-00-00-00-00-00-00-00-00-00-00-00-00-00-00-00-00-00-00-00-00-00-00-00-00-00-00-00-00-00-00-00-00-00-00-00-00-00-00-00-00-00-00-00-00-00-00-00-00-00-00-00-00-00-00-00-00-00-00-00-00-00-00-00-00-00-00-00-00-00-00-00-00-00-00-00-00-00-00-00-00-00-00-00-D0-7B-B7-02-80-FA-FF-FF-B0-95-76-02-80-FA-FF-FF-00-00-00-00-00-00-00-80-00-00-00-00-03-00-00-00-28-07-00-00-57-68-65-61-01-00-00-00-00-00-00-00-00-60-B7-02-80-FA-FF-FF-00-00-00-00-00-00-00-00-04-00-00-00-58-01-00-00-00-00-00-00-00-00-00-00-00-00-00-00-00-00-00-00-00-CC-03-00-00-0A-00-00-00-01-00-00-00-02-00-00-00-41-01-00-00-03-00-00-00-04-00-00-00-01-00-00-00-00-00-00-80-00-00-00-00-01-00-01-06-00-00-00-00-00-1C-00-00-60-EA-00-00-00-00-00-00-00-00-00-00-00-00-00-00-00-00-00-00-00-00-00-00-00-01-00-00-00-04-00-00-01-04-00-00-02-04-00-00-03-04-00-00-FF-FF-FF-FF-FF-FF-FF-FF-01-01-00-00-04-04-00-00-05-04-00-00-06-04-00-00-07-04-00-00-FF-FF-FF-FF-FF-FF-FF-FF-02-01-00-00-08-04-00-00-09-04-00-00-0A-04-00-00-0B-04-00-00-FF-FF-FF-FF-FF-FF-FF-FF-03-01-00-00-0C-04-00-00-0D-04-00-00-0E-04-00-00-0F-04-00-00-FF-FF-FF-FF-FF-FF-FF-FF-04-01-00-00-10-04-00-00-11-04-00-00-12-04-00-00-13-04-00-00-FF-FF-FF-FF-FF-FF-FF-FF-05-01-00-00-14-04-00-00-15-04-00-00-16-04-00-00-17-04-00-00-FF-FF-FF-FF-FF-FF-FF-FF-06-01-00-00-18-04-00-00-19-04-00-00-1A-04-00-00-1B-04-00-00-FF-FF-FF-FF-FF-FF-FF-FF-07-01-00-00-1C-04-00-00-1D-04-00-00-1E-04-00-00-1F-04-00-00-FF-FF-FF-FF-FF-FF-FF-FF-08-01-00-00-20-04-00-00-21-04-00-00-22-04-00-00-23-04-00-00-FF-FF-FF-FF-FF-FF-FF-FF-09-01-00-00-24-04-00-00-25-04-00-00-26-04-00-00-27-04-00-00-FF-FF-FF-FF-FF-FF-FF-FF-0A-01-00-00-28-04-00-00-29-04-00-00-2A-04-00-00-2B-04-00-00-FF-FF-FF-FF-FF-FF-FF-FF-0B-01-00-00-2C-04-00-00-2D-04-00-00-2E-04-00-00-2F-04-00-00-FF-FF-FF-FF-FF-FF-FF-FF-0C-01-00-00-30-04-00-00-31-04-00-00-32-04-00-00-33-04-00-00-FF-FF-FF-FF-FF-FF-FF-FF-0D-01-00-00-34-04-00-00-35-04-00-00-36-04-00-00-37-04-00-00-FF-FF-FF-FF-FF-FF-FF-FF-0E-01-00-00-38-04-00-00-39-04-00-00-3A-04-00-00-3B-04-00-00-FF-FF-FF-FF-FF-FF-FF-FF-0F-01-00-00-3C-04-00-00-3D-04-00-00-3E-04-00-00-3F-04-00-00-FF-FF-FF-FF-FF-FF-FF-FF-00-00-00-00-00-00-00-00-00-00-00-00-00-00-00-00-00-00-00-00-00-00-00-00-00-00-00-00-00-00-00-00-00-00-00-00-00-00-00-00-00-00-00-00-00-00-00-00-00-00-00-00-00-00-00-00-00-00-00-00-00-00-00-00-00-00-00-00-00-00-00-00-00-00-00-00-00-00-00-00-00-00-00-00-00-00-00-00-00-00-00-00-00-00-00-00-00-00-00-00-00-00-00-00-00-00-00-00-00-00-00-00-00-00-00-00-00-00-00-00-00-00-00-00-00-00-00-00-00-00-00-00-00-00-00-00-00-00-00-00-00-00-00-00-00-00-00-00-00-00-00-00-00-00-00-00-00-00-00-00-00-00-00-00-00-00-00-00-00-00-00-00-00-00-00-00-00-00-00-00-00-00-00-00-00-00-00-00-00-00-00-00-00-00-00-00-00-00-00-00-00-00-00-00-00-00-00-00-00-00-00-00-00-00-00-00-00-00-00-00-00-00-00-00-00-00-00-00-00-00-00-00-00-00-00-00-00-00-00-00-00-00-00-00-00-00-00-00-00-00-00-00-00-00-00-00-00-00-00-00-00-00-00-00-00-00-00-00-00-00-00-00-00-00-00-00-00-00-00-00-00-00-00-00-00-00-00-00-00-00-00-00-00-00-00-00-00-00-00-00-00-00-00-00-00-00-00-00-00-00-00-00-00-00-00-00-00-00-00-00-00-00-00-00-00-00-00-00-00-00-00-00-00-00-00-00-00-00-00-00-00-00-00-00-00-00-00-00-00-00-00-00-00-00-00-00-00-00-00-00-00-00-00-00-00-00-00-00-00-00-00-00-00-00-00-00-00-00-00-00-00-00-00-00-00-00-00-00-00-00-00-00-00-00-00-00-00-00-00-00-00-00-00-00-00-00-00-00-00-00-00-00-00-00-00-00-00-00-00-00-00-00-00-00-00-00-00-00-00-00-00-00-00-00-00-00-00-00-00-00-00-00-00-00-00-00-00-00-00-00-00-90-77-B7-02-80-FA-FF-FF-90-14-76-02-80-FA-FF-FF-00-00-00-00-00-00-00-80-00-00-00-00-01-00-00-00-C0-06-00-00-57-68-65-61-03-00-00-00-00-00-00-00-40-59-76-02-80-FA-FF-FF-00-00-00-00-00-00-00-00-03-00-00-00-C0-01-00-00-00-00-00-00-00-00-00-00-00-00-00-00-00-00-00-00-00-CC-03-00-00-0A-00-00-00-03-00-00-00-02-00-00-00-00-01-00-00-01-00-00-00-03-00-00-00-02-00-00-00-00-00-00-80-00-00-00-00-02-00-01-00-00-00-00-00-00-00-00-00-00-00-00-00-00-00-00-00-00-00-00-00-00-00-00-00-00-00-00-00-00-00-00-00-00-00-00-00-00-00-00-00-00-00-00-00-00-00-00-00-00-00-00-00-00-00-00-00-00-00-00-00-00-00-00-00-00-00-00-00-00-00-00-00-00-00-00-00-00-00-00-00-00-00-00-00-00-00-00-00-00-00-00-00-00-00-00-00-00-00-00-00-00-00-00-00-00-00-00-00-00-00-00-00-00-00-00-00-00-00-00-00-00-00-00-00-00-00-00-00-00-00-00-00-00-00-00-00-00-00-00-00-00-00-00-00-00-00-00-00-00-00-00-00-00-00-00-00-00-00-00-00-00-00-00-00-00-00-00-00-00-00-00-00-00-00-00-00-00-00-00-00-00-00-00-00-00-00-00-00-00-00-00-00-00-00-00-00-00-00-00-00-00-00-00-00-00-00-00-00-00-00-00-00-00-00-00-00-00-00-00-00-00-00-00-00-00-00-00-00-00-00-00-00-00-00-00-00-00-00-00-00-00-00-00-00-00-00-00-00-00-00-00-00-00-00-00-00-00-00-00-00-00-00-00-00-00-00-00-00-00-00-00-00-00-00-00-00-00-00-00-00-00-00-00-00-00-00-00-00-00-00-00-00-00-00-00-00-00-00-00-00-00-00-00-00-00-00-00-00-00-00-00-00-00-00-00-00-00-00-00-00-00-00-00-00-00-00-00-00-00-00-00-00-00-00-00-00-00-00-00-00-00-00-00-00-00-00-00-00-00-00-00-00-00-00-00-00-00-00-00-00-00-00-00-00-00-00-00-00-00-00-00-00-00-00-00-00-00-00-00-00-00-00-00-00-00-00-00-00-00-00-00-00-00-00-00-00-00-00-00-00-00-00-00-00-00-00-00-00-00-00-00-00-00-00-00-00-00-00-00-00-00-00-00-00-00-00-00-00-00-00-00-00-00-00-00-00-00-00-00-00-00-00-00-00-00-00-00-00-00-00-00-00-00-00-00-00-00-00-00-00-00-00-00-00-00-00-00-00-00-00-00-00-00-00-00-00-00-00-00-00-00-00-00-00-00-00-00-00-00-00-00-00-00-00-00-00-00-00-00-00-00-00-00-00-00-00-00-00-00-00-00-00-00-00-00-00-00-00-00-00-00-00-00-00-00-00-00-00-00-00-00-00-00-00-00-00-00-00-00-00-00-00-00-00-00-00-00-00-00-00-00-00-00-00-00-00-00-00-00-00-00-00-00-00-00-00-00-00-00-00-00-00-00-00-00-00-00-00-00-00-00-00-00-00-00-00-00-00-00-00-00-00-00-00-00-00-00-00-00-00-00-00-00-00-00-00-00-00-00-00-00-00-00-00-00-00-00-00-00-00-00-00-00-00-00-00-00-00-00-00-00-00-00-00-00-00-00-00-00-00-00-00-00-00-00-00-00-00-00-00-00-00-00-00-00-00-00-00-00-00-00-00-00-00-00-00-00-00-00-00-00-00-00-00-00-00-00-00-00-00-00-00-00-00-00-00-00-00-00-00-00-00-00-00-00-00-00-00-00-00-00-00-00-00-00-00-00-00-00-00-00-00-00-00-00-00-00-00-00-00-00-00-00-00-00-00-00-00-00-00-00-00-00-00-00-00-00-00-00-00-00-00-00-00-00-00-00-00-00-00-00-00-00-00-00-00-00-00-00-00-00-00-00-00-00-00-00-00-00-00-00-00-00-00-00-00-00-00-00-00-00-00-00-00-00-00-00-00-00-00-00-00-00-00-00-00-00-00-00-00-00-00-00-00-00-00-00-00-00-00-00-00-00-00-00-00-00-00-00-00-00-00-00-00-00-00-00-00-00-00-00-00-00-00-00-00-00-00-00-00-00-00-00-00-00-00-00-00-00-00-00-00-00-00-00-00-00-00-00-00-00-00-00-00-00-00-00-00-00-00-00-00-00-00-00-00-00-00-00-00-00-00-00-00-00-00-00-00-00-00-00-00-00-00-00-00-00-00-00-00-00-00-00-00-00-00-00-00-00-00-00-00-00-00-00-00-00-00-00-00-00-00-00-00-00-00-00-00-00-00-00-A8-EB-85-02-00-F8-FF-FF-D0-7B-B7-02-80-FA-FF-FF-00-00-00-00-00-00-00-00-00-00-00-00-00-00-00-00-00-00-00-00-00-00-00-00-07-00-00-00-00-00-00-00-00-00-00-00-00-00-00-00-00-00-00-00-00-00-00-00-00-00-00-00-00-00-00-00-00-00-00-00-00-00-00-00-00-00-00-00-00-00-00-00-01-CC-03-00-00-0A-00-00-00-07-00-00-00-02-00-00-00-00-04-00-00-01-00-00-00-01-00-00-00-03-00-00-00-00-00-00-80-00-00-00-00-00-00-00-00-00-00-00-00-00-00-00-00-00-00-00-00-00-00-00-00-00-00-00-00-00-00-00-00-00-00-00-00-00-00-00-00-00-00-00-00-00-00-00-00-00-00-00-00-00-00-00-00-00-00-00-00-00-00-00-00-00-00-00-00-00-00-00-00-00-00-00-00-00-00-00-00-00-00-00-00-00-00-00-00-00-00-00-00-00-00-00-00-00-00-00-00-00-00-00-00-00-00-00-00-00-00-00-00-00-00-00-00-00-00-00-00-00-00-00-00-00-00-00-00-00-00-00-00-00-00-00-00-00-00-00-00-00-00-00-00-00-00-00-00-00-00-00-00-00-00-00-00-00-00-00-00-00-00-00-00-00-00-00-00-00-00-00-00-00-00-00-00-00-00-00-00-00-00-00-00-00-00-00-00-00-00-00-00-00-00-00-00-00-00-00-00-00-00-00-00-00-00-00-00-00-00-00-00-00-00-00-00-00-00-00-00-00-00-00-00-00-00-00-00-00-00-00-00-00-00-00-00-00-00-00-00-00-00-00-00-00-00-00-00-00-00-00-00-00-00-00-00-00-00-00-00-00-00-00-00-00-00-00-00-00-00-00-00-00-00-00-00-00-00-00-00-00-00-00-00-00-00-00-00-00-00-00-00-00-00-00-00-00-00-00-00-00-00-00-00-00-00-00-00-00-00-00-00-00-00-00-00-00-00-00-00-00-00-00-00-00-00-00-00-00-00-00-00-00-00-00-00-00-00-00-00-00-00-00-00-00-00-00-00-00-00-00-00-00-00-00-00-00-00-00-00-00-00-00-00-00-00-00-00-00-00-00-00-00-00-00-00-00-00-00-00-00-00-00-00-00-00-00-00-00-00-00-00-00-00-00-00-00-00-00-00-00-00-00-00-00-00-00-00-00-00-00-00-00-00-00-00-00-00-00-00-00-00-00-00-00-00-00-00-00-00-00-00-00-00-00-00-00-00-00-00-00-00-00-00-00-00-00-00-00-00-00-00-00-00-00-00-00-00-00-00-00-00-00-00-00-00-00-00-00-00-00-00-00-00-00-00-00-00-00-00-00-00-00-00-00-00-00-00-00-00-00-00-00-00-00-00-00-00-00-00-00-00-00-00-00-00-00-00-00-00-00-00-00-00-00-00-00-00-00-00-00-00-00-00-00-00-00-00-00-00-00-00-00-00-00-00-00-00-00-00-00-00-00-00-00-00-00-00-00-00-00-00-00-00-00-00-00-00-00-00-00-00-00-00-00-00-00-00-00-00-00-00-00-00-00-00-00-00-00-00-00-00-00-00-00-00-00-00-00-00-00-00-00-00-00-00-00-00-00-00-00-00-00-00-00-00-00-00-00-00-00-00-00-00-00-00-00-00-00-00-00-00-00-00-00-00-00-00-00-00-00-00-00-00-00-00-00-00-00-00-00-00-00-00-00-00-00-00-00-00-00-00-00-00-00-00-00-00-00-00-00-00-00-00-00-00-00-00-00-00-00-00-00-00-00-00-00-00-00-00-00-00-00-00-00-00-00-00-00-00-00-00-00-00-00-00-00-00-00-00-00-00-00-00-00-00-00-00-00-00-00-00-00-00-00-00-00-00-00-00-00-00-00-00-00-00-00-00-00-00-00-00-00-00-00-00-00-00-00-00-00-00-00-00-00-00-00-00-00-00-00-00-00-00-00-00-00-00-00-00-00-00-00-00-00-00-00-00-00-00-00-00-00-00-00-00-00-00-00-00-00-00-00-00-00-00-00-00-00-00-00-00-00-00-00-00-00-00-00-00-00-00-00-00-00-00-00-00-00-00-00-00-00-00-00-00-00-00-00-00-00-00-00-00-00-00-00-00-00-00-00-00-00-00-00-00-00-00-00-00-00-00-00-00-00-00-00-00-00-00-00-00-00-00-00-00-00-00-00-00-00-00-00-00-00-00-00-00-00-00-00-00-00-00-00-00-00-00-00-00-00-00-00-00-00-00-00-00-00-00-00-00-00-00-00-00-00-00-00-00-00-00-00-00-00-00-00-00-00-00-00-00-00-00-00-00-00-00-00-00-00-00-00-00-00-00-00-00-00-00-00-00-00-00-00-00-00-00-00""}]}}",,,,,,,,,,
2025-01-15 06:20:12.097213400+00:00,Evtx,,502.0,26.0,Info,Microsoft-Windows-Kernel-Processor-Power,System,4.0,52.0,WIN-3M6ADARIMNH,S-1-5-18,,,,False,"{""EventData"":{""Data"":[{""@Name"":""Group"",""#text"":""0""},{""@Name"":""Number"",""#text"":""0""},{""@Name"":""IdleStateCount"",""#text"":""1""},{""@Name"":""PerfStateCount"",""#text"":""0""},{""@Name"":""ThrottleStateCount"",""#text"":""0""}],""ComplexData"":[{""@Name"":""IdleState"",""#text"":""01""},{""@Name"":""PerfState""}]}}",,,,,,,,,,
2025-01-15 06:20:22.034430800+00:00,Evtx,Windows is starting up,27.0,4608.0,LogAlways,Microsoft-Windows-Security-Auditing,Security,452.0,456.0,WIN-3M6ADARIMNH,,,,,False,"{""EventData"":""""}",,,,,,,,,,
2025-01-15 06:20:22.034430800+00:00,Evtx,Successful logon,28.0,4624.0,LogAlways,Microsoft-Windows-Security-Auditing,Security,452.0,456.0,WIN-3M6ADARIMNH,,-\-,- (-),,False,"{""EventData"":{""Data"":[{""@Name"":""SubjectUserSid"",""#text"":""S-1-0-0""},{""@Name"":""SubjectUserName"",""#text"":""-""},{""@Name"":""SubjectDomainName"",""#text"":""-""},{""@Name"":""SubjectLogonId"",""#text"":""0x0""},{""@Name"":""TargetUserSid"",""#text"":""S-1-5-18""},{""@Name"":""TargetUserName"",""#text"":""SYSTEM""},{""@Name"":""TargetDomainName"",""#text"":""NT AUTHORITY""},{""@Name"":""TargetLogonId"",""#text"":""0x3E7""},{""@Name"":""LogonType"",""#text"":""0""},{""@Name"":""LogonProcessName"",""#text"":""-""},{""@Name"":""AuthenticationPackageName"",""#text"":""-""},{""@Name"":""WorkstationName"",""#text"":""-""},{""@Name"":""LogonGuid"",""#text"":""00000000-0000-0000-0000-000000000000""},{""@Name"":""TransmittedServices"",""#text"":""-""},{""@Name"":""LmPackageName"",""#text"":""-""},{""@Name"":""KeyLength"",""#text"":""0""},{""@Name"":""ProcessId"",""#text"":""0x4""},{""@Name"":""ProcessName""},{""@Name"":""IpAddress"",""#text"":""-""},{""@Name"":""IpPort"",""#text"":""-""}]}}",,,,,,,,,,
2025-01-15 06:20:22.206031100+00:00,Evtx,,29.0,4902.0,LogAlways,Microsoft-Windows-Security-Auditing,Security,452.0,508.0,WIN-3M6ADARIMNH,,,,,False,"{""EventData"":{""Data"":[{""@Name"":""PuaCount"",""#text"":""0""},{""@Name"":""PuaPolicyId"",""#text"":""0xC7B6""}]}}",,,,,,,,,,
2025-01-15 06:20:22.393231500+00:00,Evtx,Successful logon,30.0,4624.0,LogAlways,Microsoft-Windows-Security-Auditing,Security,452.0,488.0,WIN-3M6ADARIMNH,,WORKGROUP\WIN-3M6ADARIMNH$, (-),C:\Windows\System32\services.exe,False,"{""EventData"":{""Data"":[{""@Name"":""SubjectUserSid"",""#text"":""S-1-5-18""},{""@Name"":""SubjectUserName"",""#text"":""WIN-3M6ADARIMNH$""},{""@Name"":""SubjectDomainName"",""#text"":""WORKGROUP""},{""@Name"":""SubjectLogonId"",""#text"":""0x3E7""},{""@Name"":""TargetUserSid"",""#text"":""S-1-5-18""},{""@Name"":""TargetUserName"",""#text"":""SYSTEM""},{""@Name"":""TargetDomainName"",""#text"":""NT AUTHORITY""},{""@Name"":""TargetLogonId"",""#text"":""0x3E7""},{""@Name"":""LogonType"",""#text"":""5""},{""@Name"":""LogonProcessName"",""#text"":""Advapi  ""},{""@Name"":""AuthenticationPackageName"",""#text"":""Negotiate""},{""@Name"":""WorkstationName""},{""@Name"":""LogonGuid"",""#text"":""00000000-0000-0000-0000-000000000000""},{""@Name"":""TransmittedServices"",""#text"":""-""},{""@Name"":""LmPackageName"",""#text"":""-""},{""@Name"":""KeyLength"",""#text"":""0""},{""@Name"":""ProcessId"",""#text"":""0x1B0""},{""@Name"":""ProcessName"",""#text"":""C:\\Windows\\System32\\services.exe""},{""@Name"":""IpAddress"",""#text"":""-""},{""@Name"":""IpPort"",""#text"":""-""}]}}",,,,,,,,,,
2025-01-15 06:20:22.393231500+00:00,Evtx,Administrative logon,31.0,4672.0,LogAlways,Microsoft-Windows-Security-Auditing,Security,452.0,488.0,WIN-3M6ADARIMNH,,NT AUTHORITY\SYSTEM (S-1-5-18),,,False,"{""EventData"":{""Data"":[{""@Name"":""SubjectUserSid"",""#text"":""S-1-5-18""},{""@Name"":""SubjectUserName"",""#text"":""SYSTEM""},{""@Name"":""SubjectDomainName"",""#text"":""NT AUTHORITY""},{""@Name"":""SubjectLogonId"",""#text"":""0x3E7""},{""@Name"":""PrivilegeList"",""#text"":""SeAssignPrimaryTokenPrivilege, SeTcbPrivilege, SeSecurityPrivilege, SeTakeOwnershipPrivilege, SeLoadDriverPrivilege, SeBackupPrivilege, SeRestorePrivilege, SeDebugPrivilege, SeAuditPrivilege, SeSystemEnvironmentPrivilege, SeImpersonatePrivilege""}]}}",,,,,,,,,,
2025-01-15 06:20:22.674031900+00:00,Evtx,Service started or stopped,503.0,7036.0,Info,Service Control Manager,System,432.0,532.0,WIN-3M6ADARIMNH,,,,,False,"{""EventData"":{""Data"":[{""@Name"":""param1"",""#text"":""Plug and Play""},{""@Name"":""param2"",""#text"":""running""}],""Binary"":""50-00-6C-00-75-00-67-00-50-00-6C-00-61-00-79-00-2F-00-34-00-00-00""}}",,,,,,,,,,
2025-01-15 06:20:22.674031900+00:00,Evtx,,504.0,20010.0,Info,Microsoft-Windows-UserPnp,System,556.0,572.0,WIN-3M6ADARIMNH,S-1-5-18,,,,False,"{""UserData"":{""INFO_PNP_STATE"":{""InstallSubsystemState"":""True"",""CachingSubsystemState"":""True""}}}",,,,,,,,,,
2025-01-15 06:20:22.830032200+00:00,Evtx,Service started or stopped,505.0,7036.0,Info,Service Control Manager,System,432.0,532.0,WIN-3M6ADARIMNH,,,,,False,"{""EventData"":{""Data"":[{""@Name"":""param1"",""#text"":""Power""},{""@Name"":""param2"",""#text"":""running""}],""Binary"":""50-00-6F-00-77-00-65-00-72-00-2F-00-34-00-00-00""}}",,,,,,,,,,
2025-01-15 06:20:22.845632300+00:00,Evtx,Administrative logon,33.0,4672.0,LogAlways,Microsoft-Windows-Security-Auditing,Security,452.0,488.0,WIN-3M6ADARIMNH,,NT AUTHORITY\NETWORK SERVICE (S-1-5-20),,,False,"{""EventData"":{""Data"":[{""@Name"":""SubjectUserSid"",""#text"":""S-1-5-20""},{""@Name"":""SubjectUserName"",""#text"":""NETWORK SERVICE""},{""@Name"":""SubjectDomainName"",""#text"":""NT AUTHORITY""},{""@Name"":""SubjectLogonId"",""#text"":""0x3E4""},{""@Name"":""PrivilegeList"",""#text"":""SeAssignPrimaryTokenPrivilege, SeAuditPrivilege, SeImpersonatePrivilege""}]}}",,,,,,,,,,
2025-01-15 06:20:22.845632300+00:00,Evtx,Successful logon,32.0,4624.0,LogAlways,Microsoft-Windows-Security-Auditing,Security,452.0,488.0,WIN-3M6ADARIMNH,,WORKGROUP\WIN-3M6ADARIMNH$, (-),C:\Windows\System32\services.exe,False,"{""EventData"":{""Data"":[{""@Name"":""SubjectUserSid"",""#text"":""S-1-5-18""},{""@Name"":""SubjectUserName"",""#text"":""WIN-3M6ADARIMNH$""},{""@Name"":""SubjectDomainName"",""#text"":""WORKGROUP""},{""@Name"":""SubjectLogonId"",""#text"":""0x3E7""},{""@Name"":""TargetUserSid"",""#text"":""S-1-5-20""},{""@Name"":""TargetUserName"",""#text"":""NETWORK SERVICE""},{""@Name"":""TargetDomainName"",""#text"":""NT AUTHORITY""},{""@Name"":""TargetLogonId"",""#text"":""0x3E4""},{""@Name"":""LogonType"",""#text"":""5""},{""@Name"":""LogonProcessName"",""#text"":""Advapi  ""},{""@Name"":""AuthenticationPackageName"",""#text"":""Negotiate""},{""@Name"":""WorkstationName""},{""@Name"":""LogonGuid"",""#text"":""00000000-0000-0000-0000-000000000000""},{""@Name"":""TransmittedServices"",""#text"":""-""},{""@Name"":""LmPackageName"",""#text"":""-""},{""@Name"":""KeyLength"",""#text"":""0""},{""@Name"":""ProcessId"",""#text"":""0x1B0""},{""@Name"":""ProcessName"",""#text"":""C:\\Windows\\System32\\services.exe""},{""@Name"":""IpAddress"",""#text"":""-""},{""@Name"":""IpPort"",""#text"":""-""}]}}",,,,,,,,,,
2025-01-15 06:20:22.876832300+00:00,Evtx,Service started or stopped,506.0,7036.0,Info,Service Control Manager,System,432.0,532.0,WIN-3M6ADARIMNH,,,,,False,"{""EventData"":{""Data"":[{""@Name"":""param1"",""#text"":""DCOM Server Process Launcher""},{""@Name"":""param2"",""#text"":""running""}],""Binary"":""44-00-63-00-6F-00-6D-00-4C-00-61-00-75-00-6E-00-63-00-68-00-2F-00-34-00-00-00""}}",,,,,,,,,,
2025-01-15 06:20:22.908032400+00:00,Evtx,Service started or stopped,507.0,7036.0,Info,Service Control Manager,System,432.0,532.0,WIN-3M6ADARIMNH,,,,,False,"{""EventData"":{""Data"":[{""@Name"":""param1"",""#text"":""RPC Endpoint Mapper""},{""@Name"":""param2"",""#text"":""running""}],""Binary"":""52-00-70-00-63-00-45-00-70-00-74-00-4D-00-61-00-70-00-70-00-65-00-72-00-2F-00-34-00-00-00""}}",,,,,,,,,,
2025-01-15 06:20:22.939232400+00:00,Evtx,Service started or stopped,508.0,7036.0,Info,Service Control Manager,System,432.0,532.0,WIN-3M6ADARIMNH,,,,,False,"{""EventData"":{""Data"":[{""@Name"":""param1"",""#text"":""Remote Procedure Call (RPC)""},{""@Name"":""param2"",""#text"":""running""}],""Binary"":""52-00-70-00-63-00-53-00-73-00-2F-00-34-00-00-00""}}",,,,,,,,,,
2025-01-15 06:20:27.400840300+00:00,Evtx,The system time was changed,509.0,1.0,Info,Microsoft-Windows-Kernel-General,System,804.0,808.0,WIN-3M6ADARIMNH,S-1-5-18,,,,False,"{""EventData"":{""Data"":[{""@Name"":""NewTime"",""#text"":""2025-01-15 06:20:27.4008403""},{""@Name"":""OldTime"",""#text"":""2025-01-15 06:20:27.4008403""}]}}",,,,,,,,,,
2025-02-07 11:21:59.578000200+00:00,Evtx,OS was started,652.0,12.0,Info,Microsoft-Windows-Kernel-General,System,4.0,8.0,WIN-3M6ADARIMNH,S-1-5-18,,,,False,"{""EventData"":{""Data"":[{""@Name"":""MajorVersion"",""#text"":""6""},{""@Name"":""MinorVersion"",""#text"":""1""},{""@Name"":""BuildVersion"",""#text"":""7601""},{""@Name"":""QfeVersion"",""#text"":""17514""},{""@Name"":""ServiceVersion"",""#text"":""1""},{""@Name"":""BootMode"",""#text"":""0""},{""@Name"":""StartTime"",""#text"":""2025-02-07 11:21:59.5000000""}]}}",,,,,,,,,,
2025-02-07 11:22:04.960009600+00:00,Evtx,,653.0,6.0,Info,Microsoft-Windows-FilterManager,System,4.0,8.0,WIN-3M6ADARIMNH,S-1-5-18,,,,False,"{""EventData"":{""Data"":[{""@Name"":""FinalStatus"",""#text"":""0x0""},{""@Name"":""DeviceVersionMajor"",""#text"":""6""},{""@Name"":""DeviceVersionMinor"",""#text"":""1""},{""@Name"":""DeviceNameLength"",""#text"":""8""},{""@Name"":""DeviceName"",""#text"":""FileInfo""},{""@Name"":""DeviceTime"",""#text"":""2009-07-14 07:34:25.0000000""}]}}",,,,,,,,,,
2025-02-07 11:22:05.272010200+00:00,Evtx,,4.0,5.0,Info,Microsoft-Windows-Kernel-WHEA,Microsoft-Windows-Kernel-WHEA/Operational,4.0,8.0,WIN-3M6ADARIMNH,S-1-5-18,,,,False,"{""EventData"":{""Data"":[{""@Name"":""ErrorSourceCount"",""#text"":""4""},{""@Name"":""ErrorRecordFormat"",""#text"":""10""},{""@Name"":""ErrorSourceTableLength"",""#text"":""4256""},{""@Name"":""ErrorSourceTable"",""#text"":""20-D6-59-02-80-FA-FF-FF-A8-4B-A6-02-00-F8-FF-FF-00-00-00-00-00-00-00-80-00-00-00-00-01-00-00-00-28-07-00-00-57-68-65-61-00-00-00-00-00-00-00-00-D0-B8-5F-02-80-FA-FF-FF-00-00-00-00-00-00-00-00-04-00-00-00-58-01-00-00-00-00-00-00-00-00-00-00-00-00-00-00-00-00-00-00-00-CC-03-00-00-0A-00-00-00-00-00-00-00-02-00-00-00-41-01-00-00-01-00-00-00-04-00-00-00-00-00-00-00-00-00-00-80-00-00-00-00-00-00-01-06-00-00-00-00-00-00-00-00-00-00-00-00-FF-FF-FF-FF-FF-FF-FF-FF-00-01-00-00-00-04-00-00-01-04-00-00-02-04-00-00-03-04-00-00-FF-FF-FF-FF-FF-FF-FF-FF-01-01-00-00-04-04-00-00-05-04-00-00-06-04-00-00-07-04-00-00-FF-FF-FF-FF-FF-FF-FF-FF-02-01-00-00-08-04-00-00-09-04-00-00-0A-04-00-00-0B-04-00-00-FF-FF-FF-FF-FF-FF-FF-FF-03-01-00-00-0C-04-00-00-0D-04-00-00-0E-04-00-00-0F-04-00-00-FF-FF-FF-FF-FF-FF-FF-FF-04-01-00-00-10-04-00-00-11-04-00-00-12-04-00-00-13-04-00-00-FF-FF-FF-FF-FF-FF-FF-FF-05-01-00-00-14-04-00-00-15-04-00-00-16-04-00-00-17-04-00-00-FF-FF-FF-FF-FF-FF-FF-FF-06-01-00-00-18-04-00-00-19-04-00-00-1A-04-00-00-1B-04-00-00-FF-FF-FF-FF-FF-FF-FF-FF-07-01-00-00-1C-04-00-00-1D-04-00-00-1E-04-00-00-1F-04-00-00-FF-FF-FF-FF-FF-FF-FF-FF-08-01-00-00-20-04-00-00-21-04-00-00-22-04-00-00-23-04-00-00-FF-FF-FF-FF-FF-FF-FF-FF-09-01-00-00-24-04-00-00-25-04-00-00-26-04-00-00-27-04-00-00-FF-FF-FF-FF-FF-FF-FF-FF-0A-01-00-00-28-04-00-00-29-04-00-00-2A-04-00-00-2B-04-00-00-FF-FF-FF-FF-FF-FF-FF-FF-0B-01-00-00-2C-04-00-00-2D-04-00-00-2E-04-00-00-2F-04-00-00-FF-FF-FF-FF-FF-FF-FF-FF-0C-01-00-00-30-04-00-00-31-04-00-00-32-04-00-00-33-04-00-00-FF-FF-FF-FF-FF-FF-FF-FF-0D-01-00-00-34-04-00-00-35-04-00-00-36-04-00-00-37-04-00-00-FF-FF-FF-FF-FF-FF-FF-FF-0E-01-00-00-38-04-00-00-39-04-00-00-3A-04-00-00-3B-04-00-00-FF-FF-FF-FF-FF-FF-FF-FF-0F-01-00-00-3C-04-00-00-3D-04-00-00-3E-04-00-00-3F-04-00-00-FF-FF-FF-FF-FF-FF-FF-FF-00-00-00-00-00-00-00-00-00-00-00-00-00-00-00-00-00-00-00-00-00-00-00-00-00-00-00-00-00-00-00-00-00-00-00-00-00-00-00-00-00-00-00-00-00-00-00-00-00-00-00-00-00-00-00-00-00-00-00-00-00-00-00-00-00-00-00-00-00-00-00-00-00-00-00-00-00-00-00-00-00-00-00-00-00-00-00-00-00-00-00-00-00-00-00-00-00-00-00-00-00-00-00-00-00-00-00-00-00-00-00-00-00-00-00-00-00-00-00-00-00-00-00-00-00-00-00-00-00-00-00-00-00-00-00-00-00-00-00-00-00-00-00-00-00-00-00-00-00-00-00-00-00-00-00-00-00-00-00-00-00-00-00-00-00-00-00-00-00-00-00-00-00-00-00-00-00-00-00-00-00-00-00-00-00-00-00-00-00-00-00-00-00-00-00-00-00-00-00-00-00-00-00-00-00-00-00-00-00-00-00-00-00-00-00-00-00-00-00-00-00-00-00-00-00-00-00-00-00-00-00-00-00-00-00-00-00-00-00-00-00-00-00-00-00-00-00-00-00-00-00-00-00-00-00-00-00-00-00-00-00-00-00-00-00-00-00-00-00-00-00-00-00-00-00-00-00-00-00-00-00-00-00-00-00-00-00-00-00-00-00-00-00-00-00-00-00-00-00-00-00-00-00-00-00-00-00-00-00-00-00-00-00-00-00-00-00-00-00-00-00-00-00-00-00-00-00-00-00-00-00-00-00-00-00-00-00-00-00-00-00-00-00-00-00-00-00-00-00-00-00-00-00-00-00-00-00-00-00-00-00-00-00-00-00-00-00-00-00-00-00-00-00-00-00-00-00-00-00-00-00-00-00-00-00-00-00-00-00-00-00-00-00-00-00-00-00-00-00-00-00-00-00-00-00-00-00-00-00-00-00-00-00-00-00-00-00-00-00-00-00-00-00-00-00-00-00-00-00-00-00-00-00-00-00-00-00-00-00-00-00-00-00-00-00-00-00-00-00-00-00-00-00-00-00-00-00-00-00-00-00-00-00-90-B4-5F-02-80-FA-FF-FF-D0-BB-5B-02-80-FA-FF-FF-00-00-00-00-00-00-00-80-00-00-00-00-03-00-00-00-28-07-00-00-57-68-65-61-01-00-00-00-00-00-00-00-00-80-A1-02-80-FA-FF-FF-00-00-00-00-00-00-00-00-04-00-00-00-58-01-00-00-00-00-00-00-00-00-00-00-00-00-00-00-00-00-00-00-00-CC-03-00-00-0A-00-00-00-01-00-00-00-02-00-00-00-41-01-00-00-03-00-00-00-04-00-00-00-01-00-00-00-00-00-00-80-00-00-00-00-01-00-01-06-00-00-00-00-00-1C-00-00-60-EA-00-00-00-00-00-00-00-00-00-00-00-00-00-00-00-00-00-00-00-00-00-00-00-01-00-00-00-04-00-00-01-04-00-00-02-04-00-00-03-04-00-00-FF-FF-FF-FF-FF-FF-FF-FF-01-01-00-00-04-04-00-00-05-04-00-00-06-04-00-00-07-04-00-00-FF-FF-FF-FF-FF-FF-FF-FF-02-01-00-00-08-04-00-00-09-04-00-00-0A-04-00-00-0B-04-00-00-FF-FF-FF-FF-FF-FF-FF-FF-03-01-00-00-0C-04-00-00-0D-04-00-00-0E-04-00-00-0F-04-00-00-FF-FF-FF-FF-FF-FF-FF-FF-04-01-00-00-10-04-00-00-11-04-00-00-12-04-00-00-13-04-00-00-FF-FF-FF-FF-FF-FF-FF-FF-05-01-00-00-14-04-00-00-15-04-00-00-16-04-00-00-17-04-00-00-FF-FF-FF-FF-FF-FF-FF-FF-06-01-00-00-18-04-00-00-19-04-00-00-1A-04-00-00-1B-04-00-00-FF-FF-FF-FF-FF-FF-FF-FF-07-01-00-00-1C-04-00-00-1D-04-00-00-1E-04-00-00-1F-04-00-00-FF-FF-FF-FF-FF-FF-FF-FF-08-01-00-00-20-04-00-00-21-04-00-00-22-04-00-00-23-04-00-00-FF-FF-FF-FF-FF-FF-FF-FF-09-01-00-00-24-04-00-00-25-04-00-00-26-04-00-00-27-04-00-00-FF-FF-FF-FF-FF-FF-FF-FF-0A-01-00-00-28-04-00-00-29-04-00-00-2A-04-00-00-2B-04-00-00-FF-FF-FF-FF-FF-FF-FF-FF-0B-01-00-00-2C-04-00-00-2D-04-00-00-2E-04-00-00-2F-04-00-00-FF-FF-FF-FF-FF-FF-FF-FF-0C-01-00-00-30-04-00-00-31-04-00-00-32-04-00-00-33-04-00-00-FF-FF-FF-FF-FF-FF-FF-FF-0D-01-00-00-34-04-00-00-35-04-00-00-36-04-00-00-37-04-00-00-FF-FF-FF-FF-FF-FF-FF-FF-0E-01-00-00-38-04-00-00-39-04-00-00-3A-04-00-00-3B-04-00-00-FF-FF-FF-FF-FF-FF-FF-FF-0F-01-00-00-3C-04-00-00-3D-04-00-00-3E-04-00-00-3F-04-00-00-FF-FF-FF-FF-FF-FF-FF-FF-00-00-00-00-00-00-00-00-00-00-00-00-00-00-00-00-00-00-00-00-00-00-00-00-00-00-00-00-00-00-00-00-00-00-00-00-00-00-00-00-00-00-00-00-00-00-00-00-00-00-00-00-00-00-00-00-00-00-00-00-00-00-00-00-00-00-00-00-00-00-00-00-00-00-00-00-00-00-00-00-00-00-00-00-00-00-00-00-00-00-00-00-00-00-00-00-00-00-00-00-00-00-00-00-00-00-00-00-00-00-00-00-00-00-00-00-00-00-00-00-00-00-00-00-00-00-00-00-00-00-00-00-00-00-00-00-00-00-00-00-00-00-00-00-00-00-00-00-00-00-00-00-00-00-00-00-00-00-00-00-00-00-00-00-00-00-00-00-00-00-00-00-00-00-00-00-00-00-00-00-00-00-00-00-00-00-00-00-00-00-00-00-00-00-00-00-00-00-00-00-00-00-00-00-00-00-00-00-00-00-00-00-00-00-00-00-00-00-00-00-00-00-00-00-00-00-00-00-00-00-00-00-00-00-00-00-00-00-00-00-00-00-00-00-00-00-00-00-00-00-00-00-00-00-00-00-00-00-00-00-00-00-00-00-00-00-00-00-00-00-00-00-00-00-00-00-00-00-00-00-00-00-00-00-00-00-00-00-00-00-00-00-00-00-00-00-00-00-00-00-00-00-00-00-00-00-00-00-00-00-00-00-00-00-00-00-00-00-00-00-00-00-00-00-00-00-00-00-00-00-00-00-00-00-00-00-00-00-00-00-00-00-00-00-00-00-00-00-00-00-00-00-00-00-00-00-00-00-00-00-00-00-00-00-00-00-00-00-00-00-00-00-00-00-00-00-00-00-00-00-00-00-00-00-00-00-00-00-00-00-00-00-00-00-00-00-00-00-00-00-00-00-00-00-00-00-00-00-00-00-00-00-00-00-00-00-00-00-00-00-00-00-00-00-00-00-00-00-00-00-00-00-00-00-00-00-00-00-00-00-00-00-00-00-00-00-00-00-00-00-00-D0-9B-5F-02-80-FA-FF-FF-20-D6-59-02-80-FA-FF-FF-00-00-00-00-00-00-00-80-00-00-00-00-01-00-00-00-C0-06-00-00-57-68-65-61-03-00-00-00-00-00-00-00-40-99-A1-02-80-FA-FF-FF-00-00-00-00-00-00-00-00-03-00-00-00-C0-01-00-00-00-00-00-00-00-00-00-00-00-00-00-00-00-00-00-00-00-CC-03-00-00-0A-00-00-00-03-00-00-00-02-00-00-00-00-01-00-00-01-00-00-00-03-00-00-00-02-00-00-00-00-00-00-80-00-00-00-00-02-00-01-00-00-00-00-00-00-00-00-00-00-00-00-00-00-00-00-00-00-00-00-00-00-00-00-00-00-00-00-00-00-00-00-00-00-00-00-00-00-00-00-00-00-00-00-00-00-00-00-00-00-00-00-00-00-00-00-00-00-00-00-00-00-00-00-00-00-00-00-00-00-00-00-00-00-00-00-00-00-00-00-00-00-00-00-00-00-00-00-00-00-00-00-00-00-00-00-00-00-00-00-00-00-00-00-00-00-00-00-00-00-00-00-00-00-00-00-00-00-00-00-00-00-00-00-00-00-00-00-00-00-00-00-00-00-00-00-00-00-00-00-00-00-00-00-00-00-00-00-00-00-00-00-00-00-00-00-00-00-00-00-00-00-00-00-00-00-00-00-00-00-00-00-00-00-00-00-00-00-00-00-00-00-00-00-00-00-00-00-00-00-00-00-00-00-00-00-00-00-00-00-00-00-00-00-00-00-00-00-00-00-00-00-00-00-00-00-00-00-00-00-00-00-00-00-00-00-00-00-00-00-00-00-00-00-00-00-00-00-00-00-00-00-00-00-00-00-00-00-00-00-00-00-00-00-00-00-00-00-00-00-00-00-00-00-00-00-00-00-00-00-00-00-00-00-00-00-00-00-00-00-00-00-00-00-00-00-00-00-00-00-00-00-00-00-00-00-00-00-00-00-00-00-00-00-00-00-00-00-00-00-00-00-00-00-00-00-00-00-00-00-00-00-00-00-00-00-00-00-00-00-00-00-00-00-00-00-00-00-00-00-00-00-00-00-00-00-00-00-00-00-00-00-00-00-00-00-00-00-00-00-00-00-00-00-00-00-00-00-00-00-00-00-00-00-00-00-00-00-00-00-00-00-00-00-00-00-00-00-00-00-00-00-00-00-00-00-00-00-00-00-00-00-00-00-00-00-00-00-00-00-00-00-00-00-00-00-00-00-00-00-00-00-00-00-00-00-00-00-00-00-00-00-00-00-00-00-00-00-00-00-00-00-00-00-00-00-00-00-00-00-00-00-00-00-00-00-00-00-00-00-00-00-00-00-00-00-00-00-00-00-00-00-00-00-00-00-00-00-00-00-00-00-00-00-00-00-00-00-00-00-00-00-00-00-00-00-00-00-00-00-00-00-00-00-00-00-00-00-00-00-00-00-00-00-00-00-00-00-00-00-00-00-00-00-00-00-00-00-00-00-00-00-00-00-00-00-00-00-00-00-00-00-00-00-00-00-00-00-00-00-00-00-00-00-00-00-00-00-00-00-00-00-00-00-00-00-00-00-00-00-00-00-00-00-00-00-00-00-00-00-00-00-00-00-00-00-00-00-00-00-00-00-00-00-00-00-00-00-00-00-00-00-00-00-00-00-00-00-00-00-00-00-00-00-00-00-00-00-00-00-00-00-00-00-00-00-00-00-00-00-00-00-00-00-00-00-00-00-00-00-00-00-00-00-00-00-00-00-00-00-00-00-00-00-00-00-00-00-00-00-00-00-00-00-00-00-00-00-00-00-00-00-00-00-00-00-00-00-00-00-00-00-00-00-00-00-00-00-00-00-00-00-00-00-00-00-00-00-00-00-00-00-00-00-00-00-00-00-00-00-00-00-00-00-00-00-00-00-00-00-00-00-00-00-00-00-00-00-00-00-00-00-00-00-00-00-00-00-00-00-00-00-00-00-00-00-00-00-00-00-00-00-00-00-00-00-00-00-00-00-00-00-00-00-00-00-00-00-00-00-00-00-00-00-00-00-00-00-00-00-00-00-00-00-00-00-00-00-00-00-00-00-00-00-00-00-00-00-00-00-00-00-00-00-00-00-00-00-00-00-00-00-00-00-00-00-00-00-00-00-00-00-00-00-00-00-00-00-00-00-00-00-00-00-00-00-00-00-00-00-00-00-00-00-00-00-00-00-00-00-00-00-00-00-00-00-00-00-00-00-00-00-00-00-00-00-00-00-00-00-00-00-00-00-00-00-00-00-00-00-00-00-00-00-00-00-00-00-00-00-00-00-00-00-00-00-00-00-00-00-00-00-00-00-00-00-00-00-00-00-00-00-00-00-00-00-00-00-00-00-00-00-00-00-00-00-00-00-00-00-00-00-A8-4B-A6-02-00-F8-FF-FF-90-B4-5F-02-80-FA-FF-FF-00-00-00-00-00-00-00-00-00-00-00-00-00-00-00-00-00-00-00-00-00-00-00-00-07-00-00-00-00-00-00-00-00-00-00-00-00-00-00-00-00-00-00-00-00-00-00-00-00-00-00-00-00-00-00-00-00-00-00-00-00-00-00-00-00-00-00-00-00-00-00-00-01-CC-03-00-00-0A-00-00-00-07-00-00-00-02-00-00-00-00-04-00-00-01-00-00-00-01-00-00-00-03-00-00-00-00-00-00-80-00-00-00-00-00-00-00-00-00-00-00-00-00-00-00-00-00-00-00-00-00-00-00-00-00-00-00-00-00-00-00-00-00-00-00-00-00-00-00-00-00-00-00-00-00-00-00-00-00-00-00-00-00-00-00-00-00-00-00-00-00-00-00-00-00-00-00-00-00-00-00-00-00-00-00-00-00-00-00-00-00-00-00-00-00-00-00-00-00-00-00-00-00-00-00-00-00-00-00-00-00-00-00-00-00-00-00-00-00-00-00-00-00-00-00-00-00-00-00-00-00-00-00-00-00-00-00-00-00-00-00-00-00-00-00-00-00-00-00-00-00-00-00-00-00-00-00-00-00-00-00-00-00-00-00-00-00-00-00-00-00-00-00-00-00-00-00-00-00-00-00-00-00-00-00-00-00-00-00-00-00-00-00-00-00-00-00-00-00-00-00-00-00-00-00-00-00-00-00-00-00-00-00-00-00-00-00-00-00-00-00-00-00-00-00-00-00-00-00-00-00-00-00-00-00-00-00-00-00-00-00-00-00-00-00-00-00-00-00-00-00-00-00-00-00-00-00-00-00-00-00-00-00-00-00-00-00-00-00-00-00-00-00-00-00-00-00-00-00-00-00-00-00-00-00-00-00-00-00-00-00-00-00-00-00-00-00-00-00-00-00-00-00-00-00-00-00-00-00-00-00-00-00-00-00-00-00-00-00-00-00-00-00-00-00-00-00-00-00-00-00-00-00-00-00-00-00-00-00-00-00-00-00-00-00-00-00-00-00-00-00-00-00-00-00-00-00-00-00-00-00-00-00-00-00-00-00-00-00-00-00-00-00-00-00-00-00-00-00-00-00-00-00-00-00-00-00-00-00-00-00-00-00-00-00-00-00-00-00-00-00-00-00-00-00-00-00-00-00-00-00-00-00-00-00-00-00-00-00-00-00-00-00-00-00-00-00-00-00-00-00-00-00-00-00-00-00-00-00-00-00-00-00-00-00-00-00-00-00-00-00-00-00-00-00-00-00-00-00-00-00-00-00-00-00-00-00-00-00-00-00-00-00-00-00-00-00-00-00-00-00-00-00-00-00-00-00-00-00-00-00-00-00-00-00-00-00-00-00-00-00-00-00-00-00-00-00-00-00-00-00-00-00-00-00-00-00-00-00-00-00-00-00-00-00-00-00-00-00-00-00-00-00-00-00-00-00-00-00-00-00-00-00-00-00-00-00-00-00-00-00-00-00-00-00-00-00-00-00-00-00-00-00-00-00-00-00-00-00-00-00-00-00-00-00-00-00-00-00-00-00-00-00-00-00-00-00-00-00-00-00-00-00-00-00-00-00-00-00-00-00-00-00-00-00-00-00-00-00-00-00-00-00-00-00-00-00-00-00-00-00-00-00-00-00-00-00-00-00-00-00-00-00-00-00-00-00-00-00-00-00-00-00-00-00-00-00-00-00-00-00-00-00-00-00-00-00-00-00-00-00-00-00-00-00-00-00-00-00-00-00-00-00-00-00-00-00-00-00-00-00-00-00-00-00-00-00-00-00-00-00-00-00-00-00-00-00-00-00-00-00-00-00-00-00-00-00-00-00-00-00-00-00-00-00-00-00-00-00-00-00-00-00-00-00-00-00-00-00-00-00-00-00-00-00-00-00-00-00-00-00-00-00-00-00-00-00-00-00-00-00-00-00-00-00-00-00-00-00-00-00-00-00-00-00-00-00-00-00-00-00-00-00-00-00-00-00-00-00-00-00-00-00-00-00-00-00-00-00-00-00-00-00-00-00-00-00-00-00-00-00-00-00-00-00-00-00-00-00-00-00-00-00-00-00-00-00-00-00-00-00-00-00-00-00-00-00-00-00-00-00-00-00-00-00-00-00-00-00-00-00-00-00-00-00-00-00-00-00-00-00-00-00-00-00-00-00-00-00-00-00-00-00-00-00-00-00-00-00-00-00-00-00-00-00-00-00-00-00-00-00-00-00-00-00-00-00-00-00-00-00-00-00-00-00-00-00-00-00-00-00-00-00-00-00-00-00-00-00-00-00-00-00-00-00-00-00-00-00-00-00-00-00-00-00-00-00-00-00-00-00-00-00-00-00-00-00-00-00-00-00-00-00-00-00-00-00-00-00""}]}}",,,,,,,,,,
2025-02-07 11:22:06.410812200+00:00,Evtx,,654.0,41.0,Critical,Microsoft-Windows-Kernel-Power,System,4.0,8.0,WIN-3M6ADARIMNH,S-1-5-18,,,,False,"{""EventData"":{""Data"":[{""@Name"":""BugcheckCode"",""#text"":""0""},{""@Name"":""BugcheckParameter1"",""#text"":""0x0""},{""@Name"":""BugcheckParameter2"",""#text"":""0x0""},{""@Name"":""BugcheckParameter3"",""#text"":""0x0""},{""@Name"":""BugcheckParameter4"",""#text"":""0x0""},{""@Name"":""SleepInProgress"",""#text"":""False""},{""@Name"":""PowerButtonTimestamp"",""#text"":""0""}]}}",,,,,,,,,,
