2025-02-07 11:22:09.515217600+00:00,Evtx,,144.0,5024.0,LogAlways,Microsoft-Windows-Security-Auditing,Security,428.0,764.0,WIN-3M6ADARIMNH,,,,,False,"{""EventData"":""""}",,,,,,,,,,
2025-02-07 11:22:09.546417700+00:00,Evtx,Service started or stopped,698.0,7036.0,Info,Service Control Manager,System,420.0,1592.0,WIN-3M6ADARIMNH,,,,,False,"{""EventData"":{""Data"":[{""@Name"":""param1"",""#text"":""Application Information""},{""@Name"":""param2"",""#text"":""running""}],""Binary"":""41-00-70-00-70-00-69-00-6E-00-66-00-6F-00-2F-00-34-00-00-00""}}",,,,,,,,,,
2025-02-07 11:22:09.608817800+00:00,Evtx,Service started or stopped,700.0,7036.0,Info,Service Control Manager,System,420.0,1624.0,WIN-3M6ADARIMNH,,,,,False,"{""EventData"":{""Data"":[{""@Name"":""param1"",""#text"":""Diagnostic Service Host""},{""@Name"":""param2"",""#text"":""running""}],""Binary"":""57-00-64-00-69-00-53-00-65-00-72-00-76-00-69-00-63-00-65-00-48-00-6F-00-73-00-74-00-2F-00-34-00-00-00""}}",,,,,,,,,,
2025-02-07 11:22:09.608817800+00:00,Evtx,Service started or stopped,699.0,7036.0,Info,Service Control Manager,System,420.0,516.0,WIN-3M6ADARIMNH,,,,,False,"{""EventData"":{""Data"":[{""@Name"":""param1"",""#text"":""Application Experience""},{""@Name"":""param2"",""#text"":""running""}],""Binary"":""41-00-65-00-4C-00-6F-00-6F-00-6B-00-75-00-70-00-53-00-76-00-63-00-2F-00-34-00-00-00""}}",,,,,,,,,,
2025-02-07 11:22:09.624417800+00:00,Evtx,Service started or stopped,701.0,7036.0,Info,Service Control Manager,System,420.0,532.0,WIN-3M6ADARIMNH,,,,,False,"{""EventData"":{""Data"":[{""@Name"":""param1"",""#text"":""Computer Browser""},{""@Name"":""param2"",""#text"":""running""}],""Binary"":""42-00-72-00-6F-00-77-00-73-00-65-00-72-00-2F-00-34-00-00-00""}}",,,,,,,,,,
2025-02-07 11:22:09.624417800+00:00,Evtx,Service started or stopped,702.0,7036.0,Info,Service Control Manager,System,420.0,1592.0,WIN-3M6ADARIMNH,,,,,False,"{""EventData"":{""Data"":[{""@Name"":""param1"",""#text"":""Network List Service""},{""@Name"":""param2"",""#text"":""running""}],""Binary"":""6E-00-65-00-74-00-70-00-72-00-6F-00-66-00-6D-00-2F-00-34-00-00-00""}}",,,,,,,,,,
2025-02-07 11:22:09.702417900+00:00,Evtx,Service started or stopped,704.0,7036.0,Info,Service Control Manager,System,420.0,532.0,WIN-3M6ADARIMNH,,,,,False,"{""EventData"":{""Data"":[{""@Name"":""param1"",""#text"":""Diagnostic System Host""},{""@Name"":""param2"",""#text"":""running""}],""Binary"":""57-00-64-00-69-00-53-00-79-00-73-00-74-00-65-00-6D-00-48-00-6F-00-73-00-74-00-2F-00-34-00-00-00""}}",,,,,,,,,,
2025-02-07 11:22:09.702417900+00:00,Evtx,Service started or stopped,703.0,7036.0,Info,Service Control Manager,System,420.0,512.0,WIN-3M6ADARIMNH,,,,,False,"{""EventData"":{""Data"":[{""@Name"":""param1"",""#text"":""Portable Device Enumerator Service""},{""@Name"":""param2"",""#text"":""running""}],""Binary"":""57-00-50-00-44-00-42-00-75-00-73-00-45-00-6E-00-75-00-6D-00-2F-00-34-00-00-00""}}",,,,,,,,,,
2025-02-07 11:22:09.749218+00:00,Evtx,Service installation,705.0,20003.0,Info,Microsoft-Windows-UserPnp,System,1628.0,1644.0,WIN-3M6ADARIMNH,S-1-5-18,,,system32\DRIVERS\amdppm.sys,False,"{""UserData"":{""AddServiceID"":{""ServiceName"":""AmdPPM"",""DriverFileName"":""system32\\DRIVERS\\amdppm.sys"",""DeviceInstanceID"":""ACPI\\AUTHENTICAMD_-_AMD64_FAMILY_25_MODEL_80_-_AMD_RYZEN_7_5700G_WITH_RADEON_GRAPHICS_________\\_0"",""PrimaryService"":""True"",""UpdateService"":""True"",""AddServiceStatus"":""0""}}}",,,,,,,,,,
2025-02-07 11:22:09.749218+00:00,Evtx,,13.0,4001.0,Info,Microsoft-Windows-NetworkProfile,Microsoft-Windows-NetworkProfile/Operational,924.0,1660.0,WIN-3M6ADARIMNH,S-1-5-19,,,,False,"{""EventData"":{""Data"":[{""@Name"":""InterfaceGuid"",""#text"":""8bb69fec-b855-4671-87eb-eb5a9e000564""},{""@Name"":""CurrentOrNextState"",""#text"":""0""}]}}",,,,,,,,,,
2025-02-07 11:22:09.764818100+00:00,Evtx,Device installation,706.0,20001.0,Info,Microsoft-Windows-UserPnp,System,1628.0,1644.0,WIN-3M6ADARIMNH,S-1-5-18,,,FileRepository\cpu.inf_amd64_neutral_ae5de2e1bf2793c3\cpu.inf,False,"{""UserData"":{""InstallDeviceID"":{""DriverName"":""FileRepository\\cpu.inf_amd64_neutral_ae5de2e1bf2793c3\\cpu.inf"",""DriverVersion"":""6.1.7600.16385"",""DriverProvider"":""Microsoft"",""DeviceInstanceID"":""ACPI\\AUTHENTICAMD_-_AMD64_FAMILY_25_MODEL_80_-_AMD_RYZEN_7_5700G_WITH_RADEON_GRAPHICS_________\\_0"",""SetupClass"":""50127dc3-0f36-415e-a6cc-4cb3be910b65"",""RebootOption"":""True"",""UpgradeDevice"":""False"",""IsDriverOEM"":""False"",""InstallStatus"":""0x0"",""DriverDescription"":""AMD Processor""}}}",,,,,,,,,,
2025-02-07 11:22:09.796018100+00:00,Evtx,Connect to the Internet,14.0,10000.0,Info,Microsoft-Windows-NetworkProfile,Microsoft-Windows-NetworkProfile/Operational,924.0,1744.0,WIN-3M6ADARIMNH,S-1-5-19,,,,False,"{""EventData"":{""Data"":[{""@Name"":""Name"",""#text"":""Identifying...""},{""@Name"":""Description"",""#text"":""Identifying...""},{""@Name"":""Guid"",""#text"":""4f763b42-bef6-49ff-a73f-6e3064bb918a""},{""@Name"":""Type"",""#text"":""0""},{""@Name"":""State"",""#text"":""1""},{""@Name"":""Category"",""#text"":""0""}]}}",,,,,,,,,,
2025-02-07 11:22:09.936418400+00:00,Evtx,Service started or stopped,707.0,7036.0,Info,Service Control Manager,System,420.0,536.0,WIN-3M6ADARIMNH,,,,,False,"{""EventData"":{""Data"":[{""@Name"":""param1"",""#text"":""IPsec Policy Agent""},{""@Name"":""param2"",""#text"":""running""}],""Binary"":""50-00-6F-00-6C-00-69-00-63-00-79-00-41-00-67-00-65-00-6E-00-74-00-2F-00-34-00-00-00""}}",,,,,,,,,,
2025-02-07 11:22:10.170418800+00:00,Evtx,,4.0,1001.0,Info,Microsoft-Windows-Resource-Exhaustion-Detector,Microsoft-Windows-Resource-Exhaustion-Detector/Operational,1016.0,1044.0,WIN-3M6ADARIMNH,S-1-5-19,,,,False,"{""EventData"":""""}",,,,,,,,,,
2025-02-07 11:22:10.498019300+00:00,Evtx,Connect to the Internet,16.0,10000.0,Info,Microsoft-Windows-NetworkProfile,Microsoft-Windows-NetworkProfile/Operational,924.0,1744.0,WIN-3M6ADARIMNH,S-1-5-19,,,,False,"{""EventData"":{""Data"":[{""@Name"":""Name"",""#text"":""Network  2""},{""@Name"":""Description"",""#text"":""Network""},{""@Name"":""Guid"",""#text"":""d9924b3a-c80c-4681-b155-8760addc5445""},{""@Name"":""Type"",""#text"":""0""},{""@Name"":""State"",""#text"":""1""},{""@Name"":""Category"",""#text"":""0""}]}}",,,,,,,,,,
2025-02-07 11:22:10.498019300+00:00,Evtx,,15.0,4002.0,Info,Microsoft-Windows-NetworkProfile,Microsoft-Windows-NetworkProfile/Operational,924.0,1300.0,WIN-3M6ADARIMNH,S-1-5-19,,,,False,"{""EventData"":{""Data"":[{""@Name"":""InterfaceGuid"",""#text"":""8bb69fec-b855-4671-87eb-eb5a9e000564""},{""@Name"":""CurrentOrNextState"",""#text"":""1""}]}}",,,,,,,,,,
2025-02-07 11:22:11.044020300+00:00,Evtx,Service started or stopped,708.0,7036.0,Info,Service Control Manager,System,420.0,532.0,WIN-3M6ADARIMNH,,,,,False,"{""EventData"":{""Data"":[{""@Name"":""param1"",""#text"":""WinHTTP Web Proxy Auto-Discovery Service""},{""@Name"":""param2"",""#text"":""running""}],""Binary"":""57-00-69-00-6E-00-48-00-74-00-74-00-70-00-41-00-75-00-74-00-6F-00-50-00-72-00-6F-00-78-00-79-00-53-00-76-00-63-00-2F-00-34-00-00-00""}}",,,,,,,,,,
2025-02-07 11:22:11.122020400+00:00,Registry,RunOnce (SYSTEM) | Program execution upon successful user logon,,,,,,,,,,,,,,,Software,Autoruns,CMI-CreateHive{199DAFC2-6F16-4946-BF90-5A3FC3A60902}\Microsoft\Windows\CurrentVersion\RunOnce,,,,,,False,False
2025-02-07 11:22:11.137620500+00:00,Evtx,,146.0,4739.0,LogAlways,Microsoft-Windows-Security-Auditing,Security,428.0,492.0,WIN-3M6ADARIMNH,,,,,False,"{""EventData"":{""Data"":[{""@Name"":""DomainPolicyChanged"",""#text"":""Logoff Policy""},{""@Name"":""DomainName"",""#text"":""WIN-3M6ADARIMNH""},{""@Name"":""DomainSid"",""#text"":""S-1-5-21-1074993871-1730380631-692495208""},{""@Name"":""SubjectUserSid"",""#text"":""S-1-5-21-1074993871-1730380631-692495208-1000""},{""@Name"":""SubjectUserName"",""#text"":""victim machine""},{""@Name"":""SubjectDomainName"",""#text"":""WIN-3M6ADARIMNH""},{""@Name"":""SubjectLogonId"",""#text"":""0x143F7""},{""@Name"":""PrivilegeList"",""#text"":""-""},{""@Name"":""MinPasswordAge"",""#text"":""-""},{""@Name"":""MaxPasswordAge"",""#text"":""-""},{""@Name"":""ForceLogoff"",""#text"":""-""},{""@Name"":""LockoutThreshold"",""#text"":""-""},{""@Name"":""LockoutObservationWindow"",""#text"":""-""},{""@Name"":""LockoutDuration"",""#text"":""-""},{""@Name"":""PasswordProperties"",""#text"":""-""},{""@Name"":""MinPasswordLength"",""#text"":""-""},{""@Name"":""PasswordHistoryLength"",""#text"":""-""},{""@Name"":""MachineAccountQuota"",""#text"":""-""},{""@Name"":""MixedDomainMode"",""#text"":""-""},{""@Name"":""DomainBehaviorVersion"",""#text"":""-""},{""@Name"":""OemInformation"",""#text"":""-""}]}}",,,,,,,,,,
2025-02-07 11:22:11.137620500+00:00,Evtx,,145.0,4739.0,LogAlways,Microsoft-Windows-Security-Auditing,Security,428.0,764.0,WIN-3M6ADARIMNH,,,,,False,"{""EventData"":{""Data"":[{""@Name"":""DomainPolicyChanged"",""#text"":""Password Policy""},{""@Name"":""DomainName"",""#text"":""WIN-3M6ADARIMNH""},{""@Name"":""DomainSid"",""#text"":""S-1-5-21-1074993871-1730380631-692495208""},{""@Name"":""SubjectUserSid"",""#text"":""S-1-5-21-1074993871-1730380631-692495208-1000""},{""@Name"":""SubjectUserName"",""#text"":""victim machine""},{""@Name"":""SubjectDomainName"",""#text"":""WIN-3M6ADARIMNH""},{""@Name"":""SubjectLogonId"",""#text"":""0x143F7""},{""@Name"":""PrivilegeList"",""#text"":""-""},{""@Name"":""MinPasswordAge"",""#text"":"", ""},{""@Name"":""MaxPasswordAge""},{""@Name"":""ForceLogoff""},{""@Name"":""LockoutThreshold"",""#text"":""-""},{""@Name"":""LockoutObservationWindow"",""#text"":""-""},{""@Name"":""LockoutDuration"",""#text"":""-""},{""@Name"":""PasswordProperties"",""#text"":""-""},{""@Name"":""MinPasswordLength"",""#text"":""-""},{""@Name"":""PasswordHistoryLength"",""#text"":""0""},{""@Name"":""MachineAccountQuota"",""#text"":""0""},{""@Name"":""MixedDomainMode"",""#text"":""0""},{""@Name"":""DomainBehaviorVersion"",""#text"":""-""},{""@Name"":""OemInformation"",""#text"":""-""}]}}",,,,,,,,,,
2025-02-07 11:22:11.153220500+00:00,Registry,MountPoints2 | Mount Points - NTUSER,,,,,,,,,,,,,,,NtUser,Devices,CMI-CreateHive{D43B12B8-09B5-40DB-B4F6-F6DFEB78DAEC}\Software\Microsoft\Windows\CurrentVersion\Explorer\MountPoints2\CPC,,,,,,True,False
2025-02-07 11:22:11.200020600+00:00,Registry,TypedURLs | Internet Explorer/Edge Typed URLs,,,,,,,,,,,,,,,NtUser,User Activity,CMI-CreateHive{D43B12B8-09B5-40DB-B4F6-F6DFEB78DAEC}\Software\Microsoft\Internet Explorer\TypedURLs,url1,(plugin),http://go.microsoft.com/fwlink/?LinkId=69157,Timestamp: ,Slack: ,False,False
2025-02-07 11:22:11.293620700+00:00,Registry,Internet Explorer | Internet Explorer Registry artifacts,,,,,,,,,,,,,,,NtUser,Web Browsers,CMI-CreateHive{D43B12B8-09B5-40DB-B4F6-F6DFEB78DAEC}\Software\Microsoft\Internet Explorer\Main,Disable Script Debugger,RegSz,yes,,,False,False
2025-02-07 11:22:11.293620700+00:00,Registry,Internet Explorer | Internet Explorer Registry artifacts,,,,,,,,,,,,,,,NtUser,Web Browsers,CMI-CreateHive{D43B12B8-09B5-40DB-B4F6-F6DFEB78DAEC}\Software\Microsoft\Internet Explorer\Main,Anchor Underline,RegSz,yes,,,False,False
2025-02-07 11:22:11.293620700+00:00,Registry,Internet Explorer | Internet Explorer Registry artifacts,,,,,,,,,,,,,,,NtUser,Web Browsers,CMI-CreateHive{D43B12B8-09B5-40DB-B4F6-F6DFEB78DAEC}\Software\Microsoft\Internet Explorer\Main,Display Inline Images,RegSz,yes,,,False,False
2025-02-07 11:22:11.293620700+00:00,Registry,Internet Explorer | Internet Explorer Registry artifacts,,,,,,,,,,,,,,,NtUser,Web Browsers,CMI-CreateHive{D43B12B8-09B5-40DB-B4F6-F6DFEB78DAEC}\Software\Microsoft\Internet Explorer\Main,Do404Search,RegBinary,01-00-00-00,,,False,False
2025-02-07 11:22:11.293620700+00:00,Registry,Internet Explorer | Internet Explorer Registry artifacts,,,,,,,,,,,,,,,NtUser,Web Browsers,CMI-CreateHive{D43B12B8-09B5-40DB-B4F6-F6DFEB78DAEC}\Software\Microsoft\Internet Explorer\Main,Local Page,RegSz,C:\Windows\system32\blank.htm,,,False,False
2025-02-07 11:22:11.293620700+00:00,Registry,Internet Explorer | Internet Explorer Registry artifacts,,,,,,,,,,,,,,,NtUser,Web Browsers,CMI-CreateHive{D43B12B8-09B5-40DB-B4F6-F6DFEB78DAEC}\Software\Microsoft\Internet Explorer\Main,Save_Session_History_On_Exit,RegSz,no,,,False,False
2025-02-07 11:22:11.293620700+00:00,Registry,Internet Explorer | Internet Explorer Registry artifacts,,,,,,,,,,,,,,,NtUser,Web Browsers,CMI-CreateHive{D43B12B8-09B5-40DB-B4F6-F6DFEB78DAEC}\Software\Microsoft\Internet Explorer\Main,Show_FullURL,RegSz,no,,,False,False
2025-02-07 11:22:11.293620700+00:00,Registry,Internet Explorer | Internet Explorer Registry artifacts,,,,,,,,,,,,,,,NtUser,Web Browsers,CMI-CreateHive{D43B12B8-09B5-40DB-B4F6-F6DFEB78DAEC}\Software\Microsoft\Internet Explorer\Main,Show_StatusBar,RegSz,yes,,,False,False
2025-02-07 11:22:11.293620700+00:00,Registry,Internet Explorer | Internet Explorer Registry artifacts,,,,,,,,,,,,,,,NtUser,Web Browsers,CMI-CreateHive{D43B12B8-09B5-40DB-B4F6-F6DFEB78DAEC}\Software\Microsoft\Internet Explorer\Main,Cache_Update_Frequency,RegSz,Once_Per_Session,,,False,False
2025-02-07 11:22:11.293620700+00:00,Registry,Internet Explorer | Internet Explorer Registry artifacts,,,,,,,,,,,,,,,NtUser,Web Browsers,CMI-CreateHive{D43B12B8-09B5-40DB-B4F6-F6DFEB78DAEC}\Software\Microsoft\Internet Explorer\Main,Show_URLToolBar,RegSz,yes,,,False,False
2025-02-07 11:22:11.293620700+00:00,Registry,Internet Explorer | Internet Explorer Registry artifacts,,,,,,,,,,,,,,,NtUser,Web Browsers,CMI-CreateHive{D43B12B8-09B5-40DB-B4F6-F6DFEB78DAEC}\Software\Microsoft\Internet Explorer\Main,Show_ToolBar,RegSz,yes,,,False,False
2025-02-07 11:22:11.293620700+00:00,Registry,Internet Explorer | Internet Explorer Registry artifacts,,,,,,,,,,,,,,,NtUser,Web Browsers,CMI-CreateHive{D43B12B8-09B5-40DB-B4F6-F6DFEB78DAEC}\Software\Microsoft\Internet Explorer\Main,Play_Animations,RegSz,yes,,,False,False
2025-02-07 11:22:11.293620700+00:00,Registry,Internet Explorer | Internet Explorer Registry artifacts,,,,,,,,,,,,,,,NtUser,Web Browsers,CMI-CreateHive{D43B12B8-09B5-40DB-B4F6-F6DFEB78DAEC}\Software\Microsoft\Internet Explorer\Main,Play_Background_Sounds,RegSz,yes,,,False,False
2025-02-07 11:22:11.293620700+00:00,Registry,Internet Explorer | Internet Explorer Registry artifacts,,,,,,,,,,,,,,,NtUser,Web Browsers,CMI-CreateHive{D43B12B8-09B5-40DB-B4F6-F6DFEB78DAEC}\Software\Microsoft\Internet Explorer\Main,Enable Browser Extensions,RegSz,yes,,,False,False
2025-02-07 11:22:11.293620700+00:00,Registry,Internet Explorer | Internet Explorer Registry artifacts,,,,,,,,,,,,,,,NtUser,Web Browsers,CMI-CreateHive{D43B12B8-09B5-40DB-B4F6-F6DFEB78DAEC}\Software\Microsoft\Internet Explorer\Main,Start Page,RegSz,http://go.microsoft.com/fwlink/?LinkId=69157,,,False,False
2025-02-07 11:22:11.293620700+00:00,Registry,Internet Explorer | Internet Explorer Registry artifacts,,,,,,,,,,,,,,,NtUser,Web Browsers,CMI-CreateHive{D43B12B8-09B5-40DB-B4F6-F6DFEB78DAEC}\Software\Microsoft\Internet Explorer\Main,NoUpdateCheck,RegDword,1,,,False,False
2025-02-07 11:22:11.293620700+00:00,Registry,Internet Explorer | Internet Explorer Registry artifacts,,,,,,,,,,,,,,,NtUser,Web Browsers,CMI-CreateHive{D43B12B8-09B5-40DB-B4F6-F6DFEB78DAEC}\Software\Microsoft\Internet Explorer\Main,UseClearType,RegSz,no,,,False,False
2025-02-07 11:22:11.293620700+00:00,Registry,Internet Explorer | Internet Explorer Registry artifacts,,,,,,,,,,,,,,,NtUser,Web Browsers,CMI-CreateHive{D43B12B8-09B5-40DB-B4F6-F6DFEB78DAEC}\Software\Microsoft\Internet Explorer\Main,Use_DlgBox_Colors,RegSz,yes,,,False,False
2025-02-07 11:22:11.293620700+00:00,Registry,Internet Explorer | Internet Explorer Registry artifacts,,,,,,,,,,,,,,,NtUser,Web Browsers,CMI-CreateHive{D43B12B8-09B5-40DB-B4F6-F6DFEB78DAEC}\Software\Microsoft\Internet Explorer\Main,Search Page,RegSz,http://go.microsoft.com/fwlink/?LinkId=54896,,,False,False
2025-02-07 11:22:11.293620700+00:00,Registry,Internet Explorer | Internet Explorer Registry artifacts,,,,,,,,,,,,,,,NtUser,Web Browsers,CMI-CreateHive{D43B12B8-09B5-40DB-B4F6-F6DFEB78DAEC}\Software\Microsoft\Internet Explorer\Main,Show_URLinStatusBar,RegSz,yes,,,False,False
2025-02-07 11:22:11.293620700+00:00,Registry,Internet Explorer | Internet Explorer Registry artifacts,,,,,,,,,,,,,,,NtUser,Web Browsers,CMI-CreateHive{D43B12B8-09B5-40DB-B4F6-F6DFEB78DAEC}\Software\Microsoft\Internet Explorer\Main,XMLHTTP,RegDword,1,,,False,False
2025-02-07 11:22:12.260822400+00:00,Evtx,Service started or stopped,709.0,7036.0,Info,Service Control Manager,System,420.0,532.0,WIN-3M6ADARIMNH,,,,,False,"{""EventData"":{""Data"":[{""@Name"":""param1"",""#text"":""Protected Storage""},{""@Name"":""param2"",""#text"":""running""}],""Binary"":""50-00-72-00-6F-00-74-00-65-00-63-00-74-00-65-00-64-00-53-00-74-00-6F-00-72-00-61-00-67-00-65-00-2F-00-34-00-00-00""}}",,,,,,,,,,
2025-02-07 11:22:17.315231300+00:00,Registry,System Info (Current) | Name of computer used by the user,,,,,,,,,,,,,,,NtUser,System Info,CMI-CreateHive{D43B12B8-09B5-40DB-B4F6-F6DFEB78DAEC}\Software\Microsoft\Windows Media\WMSDK\General,ComputerName,RegSz,WIN-3M6ADARIMNH,,,False,False
2025-02-07 11:22:17.908032400+00:00,Evtx,Successful logon,147.0,4624.0,LogAlways,Microsoft-Windows-Security-Auditing,Security,428.0,492.0,WIN-3M6ADARIMNH,,WORKGROUP\WIN-3M6ADARIMNH$, (-),C:\Windows\System32\services.exe,False,"{""EventData"":{""Data"":[{""@Name"":""SubjectUserSid"",""#text"":""S-1-5-18""},{""@Name"":""SubjectUserName"",""#text"":""WIN-3M6ADARIMNH$""},{""@Name"":""SubjectDomainName"",""#text"":""WORKGROUP""},{""@Name"":""SubjectLogonId"",""#text"":""0x3E7""},{""@Name"":""TargetUserSid"",""#text"":""S-1-5-18""},{""@Name"":""TargetUserName"",""#text"":""SYSTEM""},{""@Name"":""TargetDomainName"",""#text"":""NT AUTHORITY""},{""@Name"":""TargetLogonId"",""#text"":""0x3E7""},{""@Name"":""LogonType"",""#text"":""5""},{""@Name"":""LogonProcessName"",""#text"":""Advapi  ""},{""@Name"":""AuthenticationPackageName"",""#text"":""Negotiate""},{""@Name"":""WorkstationName""},{""@Name"":""LogonGuid"",""#text"":""00000000-0000-0000-0000-000000000000""},{""@Name"":""TransmittedServices"",""#text"":""-""},{""@Name"":""LmPackageName"",""#text"":""-""},{""@Name"":""KeyLength"",""#text"":""0""},{""@Name"":""ProcessId"",""#text"":""0x1A4""},{""@Name"":""ProcessName"",""#text"":""C:\\Windows\\System32\\services.exe""},{""@Name"":""IpAddress"",""#text"":""-""},{""@Name"":""IpPort"",""#text"":""-""}]}}",,,,,,,,,,
2025-02-07 11:22:17.908032400+00:00,Evtx,Administrative logon,148.0,4672.0,LogAlways,Microsoft-Windows-Security-Auditing,Security,428.0,492.0,WIN-3M6ADARIMNH,,NT AUTHORITY\SYSTEM (S-1-5-18),,,False,"{""EventData"":{""Data"":[{""@Name"":""SubjectUserSid"",""#text"":""S-1-5-18""},{""@Name"":""SubjectUserName"",""#text"":""SYSTEM""},{""@Name"":""SubjectDomainName"",""#text"":""NT AUTHORITY""},{""@Name"":""SubjectLogonId"",""#text"":""0x3E7""},{""@Name"":""PrivilegeList"",""#text"":""SeAssignPrimaryTokenPrivilege, SeTcbPrivilege, SeSecurityPrivilege, SeTakeOwnershipPrivilege, SeLoadDriverPrivilege, SeBackupPrivilege, SeRestorePrivilege, SeDebugPrivilege, SeAuditPrivilege, SeSystemEnvironmentPrivilege, SeImpersonatePrivilege""}]}}",,,,,,,,,,
2025-02-07 11:22:18.032832600+00:00,Evtx,Service started or stopped,710.0,7036.0,Info,Service Control Manager,System,420.0,500.0,WIN-3M6ADARIMNH,,,,,False,"{""EventData"":{""Data"":[{""@Name"":""param1"",""#text"":""Windows Search""},{""@Name"":""param2"",""#text"":""running""}],""Binary"":""57-00-53-00-65-00-61-00-72-00-63-00-68-00-2F-00-34-00-00-00""}}",,,,,,,,,,
2025-02-07 11:22:19.982836+00:00,Evtx,,3.0,1006.0,Info,Microsoft-Windows-DHCPv6-Client,Microsoft-Windows-Dhcpv6-Client/Admin,660.0,692.0,WIN-3M6ADARIMNH,S-1-5-19,,,,False,"{""EventData"":{""Data"":[{""@Name"":""InterfaceId"",""#text"":""11""},{""@Name"":""Flag1"",""#text"":""True""},{""@Name"":""Flag2"",""#text"":""True""}]}}",,,,,,,,,,
2025-02-07 11:22:20.029636100+00:00,Evtx,,711.0,1014.0,Warning,Microsoft-Windows-DNS-Client,System,992.0,1008.0,WIN-3M6ADARIMNH,S-1-5-20,,,,False,"{""EventData"":{""Data"":[{""@Name"":""QueryName"",""#text"":""wpad.localdomain""},{""@Name"":""AddressLength"",""#text"":""16""},{""@Name"":""Address"",""#text"":""02-00-00-35-C0-A8-BA-02-00-00-00-00-00-00-00-00""}]}}",,,,,,,,,,
2025-02-07 11:22:20.372836700+00:00,Registry,RunOnce (NTUSER) | Program execution upon successful user logon,,,,,,,,,,,,,,,NtUser,Autoruns,CMI-CreateHive{D43B12B8-09B5-40DB-B4F6-F6DFEB78DAEC}\Software\Microsoft\Windows\CurrentVersion\RunOnce,,,,,,False,False
2025-02-07 11:22:20.466436900+00:00,Registry,Run (NTUSER) | Program execution upon successful user logon,,,,,,,,,,,,,,,NtUser,Autoruns,CMI-CreateHive{D43B12B8-09B5-40DB-B4F6-F6DFEB78DAEC}\Software\Microsoft\Windows\CurrentVersion\Run,,,,,,False,False
2025-02-07 11:22:26.319649200+00:00,Evtx,Service started or stopped,712.0,7036.0,Info,Service Control Manager,System,420.0,536.0,WIN-3M6ADARIMNH,,,,,False,"{""EventData"":{""Data"":[{""@Name"":""param1"",""#text"":""Network Connections""},{""@Name"":""param2"",""#text"":""running""}],""Binary"":""4E-00-65-00-74-00-6D-00-61-00-6E-00-2F-00-34-00-00-00""}}",,,,,,,,,,
2025-02-07 11:22:59.469707400+00:00,Evtx,,6.0,1015.0,Info,Microsoft-Windows-ReadyBoost,Microsoft-Windows-ReadyBoost/Operational,768.0,1512.0,WIN-3M6ADARIMNH,S-1-5-18,,,,False,"{""EventData"":{""Data"":[{""@Name"":""RB_IoReadBytes"",""#text"":""295218688""},{""@Name"":""RB_CacheHitBytes"",""#text"":""243499520""},{""@Name"":""RB_PrefetchBytes"",""#text"":""635412480""},{""@Name"":""RB_CacheHitPercentage"",""#text"":""0.963285992103247""},{""@Name"":""RB_IoReadCount"",""#text"":""16969""},{""@Name"":""RB_CacheHitCount"",""#text"":""16346""},{""@Name"":""RB_PrefetchReadCount"",""#text"":""12924""},{""@Name"":""RB_PrefetchDiskTimeUs"",""#text"":""5446054""}]}}",,,,,,,,,,
2025-02-07 11:22:59.469707400+00:00,Evtx,,6.0,1015.0,Info,Microsoft-Windows-ReadyBoost,Microsoft-Windows-ReadyBoost/Operational,768.0,1512.0,WIN-3M6ADARIMNH,S-1-5-18,,,,False,"{""EventData"":{""Data"":[{""@Name"":""RB_IoReadBytes"",""#text"":""295218688""},{""@Name"":""RB_CacheHitBytes"",""#text"":""243499520""},{""@Name"":""RB_PrefetchBytes"",""#text"":""635412480""},{""@Name"":""RB_CacheHitPercentage"",""#text"":""0.963285992103247""},{""@Name"":""RB_IoReadCount"",""#text"":""16969""},{""@Name"":""RB_CacheHitCount"",""#text"":""16346""},{""@Name"":""RB_PrefetchReadCount"",""#text"":""12924""},{""@Name"":""RB_PrefetchDiskTimeUs"",""#text"":""5446054""}]}}",,,,,,,,,,
2025-02-07 11:22:59.610107700+00:00,Evtx,,7.0,1016.0,Info,Microsoft-Windows-ReadyBoost,Microsoft-Windows-ReadyBoost/Operational,768.0,1512.0,WIN-3M6ADARIMNH,S-1-5-18,,,,False,"{""EventData"":{""Data"":[{""@Name"":""BootPlanTimestamp"",""#text"":""2025-02-07 19:22:59.2513071""},{""@Name"":""ErrorCode"",""#text"":""0""},{""@Name"":""Duration (ms)"",""#text"":""359""},{""@Name"":""Reason"",""#text"":""0""}]}}",,,,,,,,,,
2025-02-07 11:22:59.610107700+00:00,Evtx,,7.0,1016.0,Info,Microsoft-Windows-ReadyBoost,Microsoft-Windows-ReadyBoost/Operational,768.0,1512.0,WIN-3M6ADARIMNH,S-1-5-18,,,,False,"{""EventData"":{""Data"":[{""@Name"":""BootPlanTimestamp"",""#text"":""2025-02-07 19:22:59.2513071""},{""@Name"":""ErrorCode"",""#text"":""0""},{""@Name"":""Duration (ms)"",""#text"":""359""},{""@Name"":""Reason"",""#text"":""0""}]}}",,,,,,,,,,
2025-02-07 11:23:17.271746400+00:00,Evtx,Service installation,713.0,20003.0,Info,Microsoft-Windows-UserPnp,System,964.0,1464.0,WIN-3M6ADARIMNH,S-1-5-18,,,system32\DRIVERS\USBSTOR.SYS,False,"{""UserData"":{""AddServiceID"":{""ServiceName"":""USBSTOR"",""DriverFileName"":""system32\\DRIVERS\\USBSTOR.SYS"",""DeviceInstanceID"":""USB\\VID_ABCD&amp;PID_1234\\6&amp;103465E1&amp;0&amp;1"",""PrimaryService"":""True"",""UpdateService"":""True"",""AddServiceStatus"":""0""}}}",,,,,,,,,,
2025-02-07 11:23:17.444749200+00:00,Evtx,Device installation,714.0,20001.0,Info,Microsoft-Windows-UserPnp,System,964.0,1464.0,WIN-3M6ADARIMNH,S-1-5-18,,,FileRepository\usbstor.inf_amd64_neutral_0725c2806a159a9d\usbstor.inf,False,"{""UserData"":{""InstallDeviceID"":{""DriverName"":""FileRepository\\usbstor.inf_amd64_neutral_0725c2806a159a9d\\usbstor.inf"",""DriverVersion"":""6.1.7601.17514"",""DriverProvider"":""Microsoft"",""DeviceInstanceID"":""USB\\VID_ABCD&amp;PID_1234\\6&amp;103465E1&amp;0&amp;1"",""SetupClass"":""36fc9e60-c465-11cf-8056-444553540000"",""RebootOption"":""False"",""UpgradeDevice"":""False"",""IsDriverOEM"":""False"",""InstallStatus"":""0x0"",""DriverDescription"":""USB Mass Storage Device""}}}",,,,,,,,,,
2025-02-07 11:23:17.593754900+00:00,Evtx,Service installation,715.0,20003.0,Info,Microsoft-Windows-UserPnp,System,444.0,396.0,WIN-3M6ADARIMNH,S-1-5-18,,,system32\DRIVERS\disk.sys,False,"{""UserData"":{""AddServiceID"":{""ServiceName"":""disk"",""DriverFileName"":""system32\\DRIVERS\\disk.sys"",""DeviceInstanceID"":""USBSTOR\\DISK&amp;VEN_GENERAL&amp;PROD_UDISK&amp;REV_5.00\\7&amp;B84678D&amp;0&amp;_&amp;0"",""PrimaryService"":""True"",""UpdateService"":""True"",""AddServiceStatus"":""0""}}}",,,,,,,,,,
2025-02-07 11:23:17.686756300+00:00,Evtx,Device installation,716.0,20001.0,Info,Microsoft-Windows-UserPnp,System,444.0,396.0,WIN-3M6ADARIMNH,S-1-5-18,,,FileRepository\disk.inf_amd64_neutral_10ce25bbc5a9cc43\disk.inf,False,"{""UserData"":{""InstallDeviceID"":{""DriverName"":""FileRepository\\disk.inf_amd64_neutral_10ce25bbc5a9cc43\\disk.inf"",""DriverVersion"":""6.1.7600.16385"",""DriverProvider"":""Microsoft"",""DeviceInstanceID"":""USBSTOR\\DISK&amp;VEN_GENERAL&amp;PROD_UDISK&amp;REV_5.00\\7&amp;B84678D&amp;0&amp;_&amp;0"",""SetupClass"":""4d36e967-e325-11ce-bfc1-08002be10318"",""RebootOption"":""False"",""UpgradeDevice"":""False"",""IsDriverOEM"":""False"",""InstallStatus"":""0x0"",""DriverDescription"":""Disk drive""}}}",,,,,,,,,,
2025-02-07 11:23:17.829762300+00:00,Evtx,Service installation,717.0,20003.0,Info,Microsoft-Windows-UserPnp,System,504.0,1616.0,WIN-3M6ADARIMNH,S-1-5-18,,,system32\DRIVERS\volsnap.sys,False,"{""UserData"":{""AddServiceID"":{""ServiceName"":""volsnap"",""DriverFileName"":""system32\\DRIVERS\\volsnap.sys"",""DeviceInstanceID"":""STORAGE\\VOLUME\\_??_USBSTOR#DISK&amp;VEN_GENERAL&amp;PROD_UDISK&amp;REV_5.00#7&amp;B84678D&amp;0&amp;_&amp;0#{53F56307-B6BF-11D0-94F2-00A0C91EFB8B}"",""PrimaryService"":""True"",""UpdateService"":""True"",""AddServiceStatus"":""0""}}}",,,,,,,,,,
2025-02-07 11:23:17.888763400+00:00,Evtx,Device installation,718.0,20001.0,Info,Microsoft-Windows-UserPnp,System,504.0,1616.0,WIN-3M6ADARIMNH,S-1-5-18,,,FileRepository\volume.inf_amd64_neutral_df8bea40ac96ca21\volume.inf,False,"{""UserData"":{""InstallDeviceID"":{""DriverName"":""FileRepository\\volume.inf_amd64_neutral_df8bea40ac96ca21\\volume.inf"",""DriverVersion"":""6.1.7601.17514"",""DriverProvider"":""Microsoft"",""DeviceInstanceID"":""STORAGE\\VOLUME\\_??_USBSTOR#DISK&amp;VEN_GENERAL&amp;PROD_UDISK&amp;REV_5.00#7&amp;B84678D&amp;0&amp;_&amp;0#{53F56307-B6BF-11D0-94F2-00A0C91EFB8B}"",""SetupClass"":""71a27cdd-812a-11d0-bec7-08002be2092f"",""RebootOption"":""False"",""UpgradeDevice"":""False"",""IsDriverOEM"":""False"",""InstallStatus"":""0x0"",""DriverDescription"":""Generic volume""}}}",,,,,,,,,,
2025-02-07 11:23:18+00:00,Evtx,,720.0,24576.0,Info,Microsoft-Windows-WPDClassInstaller,System,0.0,0.0,WIN-3M6ADARIMNH,,,,,False,"{""EventData"":{""Data"":"""",""Binary"":""""}}",,,,,,,,,,
2025-02-07 11:23:18.135963800+00:00,Evtx,Service installation,719.0,20003.0,Info,Microsoft-Windows-UserPnp,System,1204.0,1184.0,WIN-3M6ADARIMNH,S-1-5-18,,,system32\DRIVERS\umbus.sys,False,"{""UserData"":{""AddServiceID"":{""ServiceName"":""umbus"",""DriverFileName"":""system32\\DRIVERS\\umbus.sys"",""DeviceInstanceID"":""UMB\\UMB\\1&amp;841921D&amp;0&amp;WPDBUSENUMROOT"",""PrimaryService"":""True"",""UpdateService"":""True"",""AddServiceStatus"":""0""}}}",,,,,,,,,,
2025-02-07 11:23:18.213964+00:00,Evtx,Device installation,723.0,20001.0,Info,Microsoft-Windows-UserPnp,System,1204.0,1184.0,WIN-3M6ADARIMNH,S-1-5-18,,,FileRepository\umbus.inf_amd64_neutral_2d4257afa2e35253\umbus.inf,False,"{""UserData"":{""InstallDeviceID"":{""DriverName"":""FileRepository\\umbus.inf_amd64_neutral_2d4257afa2e35253\\umbus.inf"",""DriverVersion"":""6.1.7601.17514"",""DriverProvider"":""Microsoft"",""DeviceInstanceID"":""UMB\\UMB\\1&amp;841921D&amp;0&amp;WPDBUSENUMROOT"",""SetupClass"":""4d36e97d-e325-11ce-bfc1-08002be10318"",""RebootOption"":""False"",""UpgradeDevice"":""False"",""IsDriverOEM"":""False"",""InstallStatus"":""0x0"",""DriverDescription"":""UMBus Enumerator""}}}",,,,,,,,,,
2025-02-07 11:23:18.323164200+00:00,Evtx,,8.0,1002.0,Warning,Microsoft-Windows-KnownFolders,Microsoft-Windows-Known Folders API Service,1860.0,1872.0,WIN-3M6ADARIMNH,S-1-5-18,,,,False,"{""EventData"":{""Data"":[{""@Name"":""hrError"",""#text"":""0x80070002""},{""@Name"":""FolderId"",""#text"":""fdd39ad0-238f-46af-adb4-6c85480369c7""},{""@Name"":""Path"",""#text"":""C:\\Windows\\system32\\config\\systemprofile\\Documents""}]}}",,,,,,,,,,
2025-02-07 11:23:18.323164200+00:00,Evtx,,8.0,1002.0,Warning,Microsoft-Windows-KnownFolders,Microsoft-Windows-Known Folders API Service,1860.0,1872.0,WIN-3M6ADARIMNH,S-1-5-18,,,,False,"{""EventData"":{""Data"":[{""@Name"":""hrError"",""#text"":""0x80070002""},{""@Name"":""FolderId"",""#text"":""fdd39ad0-238f-46af-adb4-6c85480369c7""},{""@Name"":""Path"",""#text"":""C:\\Windows\\system32\\config\\systemprofile\\Documents""}]}}",,,,,,,,,,
2025-02-07 11:23:18.354364200+00:00,Evtx,Device driver installations begins (Device connection),724.0,10000.0,Info,Microsoft-Windows-DriverFrameworks-UserMode,System,1860.0,1872.0,WIN-3M6ADARIMNH,S-1-5-18,,,,False,"{""UserData"":{""UMDFDeviceInstallBegin"":{""@version"":""1.9.0"",""DeviceId"":""WPDBUSENUMROOT\\UMB\\2&amp;37C186B&amp;0&amp;STORAGE#VOLUME#_??_USBSTOR#DISK&amp;VEN_GENERAL&amp;PROD_UDISK&amp;REV_5.00#7&amp;B84678D&amp;0&amp;_&amp;0#""}}}",,,,,,,,,,
2025-02-07 11:23:18.369964200+00:00,Evtx,Start type of a service has changed,726.0,7040.0,Info,Service Control Manager,System,420.0,500.0,WIN-3M6ADARIMNH,S-1-5-18,,,wudfsvc,False,"{""EventData"":{""Data"":[{""@Name"":""param1"",""#text"":""Windows Driver Foundation - User-mode Driver Framework""},{""@Name"":""param2"",""#text"":""demand start""},{""@Name"":""param3"",""#text"":""auto start""},{""@Name"":""param4"",""#text"":""wudfsvc""}]}}",,,,,,,,,,
2025-02-07 11:23:18.369964200+00:00,Evtx,,725.0,10001.0,Info,Microsoft-Windows-DriverFrameworks-UserMode,System,1860.0,1872.0,WIN-3M6ADARIMNH,S-1-5-18,,,,False,"{""UserData"":{""UMDFServiceInstall"":{""@upgrade"":""False"",""Service"":{""@clsid"":""112de495-ac4c-46f8-b663-6a4266c53313"",""@name"":""WpdFs""},""MinimumFxVersion"":""1.9.0""}}}",,,,,,,,,,
2025-02-07 11:23:18.369964200+00:00,Registry,MountPoints2 | Mount Points - NTUSER,,,,,,,,,,,,,,,NtUser,Devices,CMI-CreateHive{D43B12B8-09B5-40DB-B4F6-F6DFEB78DAEC}\Software\Microsoft\Windows\CurrentVersion\Explorer\MountPoints2\{c1da7c05-e545-11ef-b9e2-000c29d90af3}\shell\Autoplay\DropTarget,CLSID,RegSz,{F26A669A-BCBB-4E37-ABF9-7325DA15F931},,,True,False
2025-02-07 11:23:18.369964200+00:00,Registry,MountPoints2 | Mount Points - NTUSER,,,,,,,,,,,,,,,NtUser,Devices,CMI-CreateHive{D43B12B8-09B5-40DB-B4F6-F6DFEB78DAEC}\Software\Microsoft\Windows\CurrentVersion\Explorer\MountPoints2\{c1da7c05-e545-11ef-b9e2-000c29d90af3}\shell\Autoplay,MUIVerb,RegSz,"@shell32.dll,-8507",,,True,False
2025-02-07 11:23:18.369964200+00:00,Registry,MountPoints2 | Mount Points - NTUSER,,,,,,,,,,,,,,,NtUser,Devices,CMI-CreateHive{D43B12B8-09B5-40DB-B4F6-F6DFEB78DAEC}\Software\Microsoft\Windows\CurrentVersion\Explorer\MountPoints2\{c1da7c05-e545-11ef-b9e2-000c29d90af3}\shell,(default),RegSz,,,,True,False
2025-02-07 11:23:18.369964200+00:00,Registry,MountPoints2 | Mount Points - NTUSER,,,,,,,,,,,,,,,NtUser,Devices,CMI-CreateHive{D43B12B8-09B5-40DB-B4F6-F6DFEB78DAEC}\Software\Microsoft\Windows\CurrentVersion\Explorer\MountPoints2\{c1da7c05-e545-11ef-b9e2-000c29d90af3},,,,,,True,False
2025-02-07 11:23:18.416764300+00:00,Evtx,,1.0,1000.0,Info,Microsoft-Windows-DriverFrameworks-UserMode,Microsoft-Windows-DriverFrameworks-UserMode/Operational,768.0,1572.0,WIN-3M6ADARIMNH,S-1-5-18,,,,False,"{""UserData"":{""UMDFDriverManagerStart"":{""Version"":""6.1.7601.17514. (win7sp1_rtm.101119-1850)""}}}",,,,,,,,,,
2025-02-07 11:23:18.432364400+00:00,Evtx,Service started or stopped,727.0,7036.0,Info,Service Control Manager,System,420.0,500.0,WIN-3M6ADARIMNH,,,,,False,"{""EventData"":{""Data"":[{""@Name"":""param1"",""#text"":""Windows Driver Foundation - User-mode Driver Framework""},{""@Name"":""param2"",""#text"":""running""}],""Binary"":""77-00-75-00-64-00-66-00-73-00-76-00-63-00-2F-00-34-00-00-00""}}",,,,,,,,,,
2025-02-07 11:23:18.494764500+00:00,Evtx,,728.0,10100.0,Info,Microsoft-Windows-DriverFrameworks-UserMode,System,1860.0,1872.0,WIN-3M6ADARIMNH,S-1-5-18,,,,False,"{""UserData"":{""UMDFDeviceInstallEnd"":{""FinalStatus"":""0""}}}",,,,,,,,,,
2025-02-07 11:23:18.510364500+00:00,Evtx,A new service was installed in the system,729.0,7045.0,Info,Service Control Manager,System,420.0,500.0,WIN-3M6ADARIMNH,S-1-5-18,,,system32\DRIVERS\WUDFRd.sys,False,"{""EventData"":{""Data"":[{""@Name"":""ServiceName"",""#text"":""WUDFRd""},{""@Name"":""ImagePath"",""#text"":""system32\\DRIVERS\\WUDFRd.sys""},{""@Name"":""ServiceType"",""#text"":""kernel mode driver""},{""@Name"":""StartType"",""#text"":""demand start""},{""@Name"":""AccountName""}]}}",,,,,,,,,,
2025-02-07 11:23:18.525964500+00:00,Evtx,Service installation,730.0,20003.0,Info,Microsoft-Windows-UserPnp,System,1860.0,1872.0,WIN-3M6ADARIMNH,S-1-5-18,,,system32\DRIVERS\WUDFRd.sys,False,"{""UserData"":{""AddServiceID"":{""ServiceName"":""WUDFRd"",""DriverFileName"":""system32\\DRIVERS\\WUDFRd.sys"",""DeviceInstanceID"":""WPDBUSENUMROOT\\UMB\\2&amp;37C186B&amp;0&amp;STORAGE#VOLUME#_??_USBSTOR#DISK&amp;VEN_GENERAL&amp;PROD_UDISK&amp;REV_5.00#7&amp;B84678D&amp;0&amp;_&amp;0#"",""PrimaryService"":""True"",""UpdateService"":""False"",""AddServiceStatus"":""0""}}}",,,,,,,,,,
2025-02-07 11:23:18.619564700+00:00,Evtx,,2.0,1003.0,Info,Microsoft-Windows-DriverFrameworks-UserMode,Microsoft-Windows-DriverFrameworks-UserMode/Operational,768.0,1044.0,WIN-3M6ADARIMNH,S-1-5-18,,,,False,"{""UserData"":{""UMDFDriverManagerHostCreateStart"":{""@lifetime"":""0c06be96-6cf6-43a2-ab24-5e25d128fc86"",""HostGuid"":""{193a1820-d9ac-4997-8c55-be817523f6aa}"",""DeviceInstanceId"":""WPDBUSENUMROOT.UMB.2&amp;37C186B&amp;0&amp;STORAGE#VOLUME#_??_USBSTOR#DISK&amp;VEN_GENERAL&amp;PROD_UDISK&amp;REV_5.00#7&amp;B84678D&amp;0&amp;_&amp;0#""}}}",,,,,,,,,,
2025-02-07 11:23:18.635164700+00:00,Evtx,,3.0,2000.0,Info,Microsoft-Windows-DriverFrameworks-UserMode,Microsoft-Windows-DriverFrameworks-UserMode/Operational,1780.0,1432.0,WIN-3M6ADARIMNH,S-1-5-19,,,,False,"{""UserData"":{""UMDFHostStartupBegin"":{""@lifetime"":""0c06be96-6cf6-43a2-ab24-5e25d128fc86""}}}",,,,,,,,,,
2025-02-07 11:23:18.635164700+00:00,Evtx,,4.0,2001.0,Info,Microsoft-Windows-DriverFrameworks-UserMode,Microsoft-Windows-DriverFrameworks-UserMode/Operational,1780.0,1432.0,WIN-3M6ADARIMNH,S-1-5-19,,,,False,"{""UserData"":{""UMDFHostStartupEnd"":{""@lifetime"":""0c06be96-6cf6-43a2-ab24-5e25d128fc86"",""FinalStatus"":""0""}}}",,,,,,,,,,
2025-02-07 11:23:18.666364800+00:00,Evtx,,8.0,2004.0,Verbose,Microsoft-Windows-DriverFrameworks-UserMode,Microsoft-Windows-DriverFrameworks-UserMode/Operational,1780.0,1984.0,WIN-3M6ADARIMNH,S-1-5-19,,,,False,"{""UserData"":{""UMDFHostAddDeviceBegin"":{""@instance"":""WPDBUSENUMROOT\\UMB\\2&37C186B&0&STORAGE#VOLUME#_??_USBSTOR#DISK&VEN_GENERAL&PROD_UDISK&REV_5.00#7&B84678D&0&_&0#"",""@lifetime"":""0c06be96-6cf6-43a2-ab24-5e25d128fc86"",""Level"":""0"",""Service"":""WpdFs"",""DriverClsid"":""112de495-ac4c-46f8-b663-6a4266c53313""}}}",,,,,,,,,,
2025-02-07 11:23:18.666364800+00:00,Evtx,,6.0,2003.0,Info,Microsoft-Windows-DriverFrameworks-UserMode,Microsoft-Windows-DriverFrameworks-UserMode/Operational,1780.0,1984.0,WIN-3M6ADARIMNH,S-1-5-19,,,,False,"{""UserData"":{""UMDFHostDeviceArrivalBegin"":{""@instance"":""WPDBUSENUMROOT\\UMB\\2&37C186B&0&STORAGE#VOLUME#_??_USBSTOR#DISK&VEN_GENERAL&PROD_UDISK&REV_5.00#7&B84678D&0&_&0#"",""@lifetime"":""0c06be96-6cf6-43a2-ab24-5e25d128fc86""}}}",,,,,,,,,,
2025-02-07 11:23:18.666364800+00:00,Evtx,,7.0,2010.0,Info,Microsoft-Windows-DriverFrameworks-UserMode,Microsoft-Windows-DriverFrameworks-UserMode/Operational,1780.0,1984.0,WIN-3M6ADARIMNH,S-1-5-19,,,,False,"{""UserData"":{""UMDFHostDeviceArrivalEnd"":{""@instance"":""WPDBUSENUMROOT\\UMB\\2&37C186B&0&STORAGE#VOLUME#_??_USBSTOR#DISK&VEN_GENERAL&PROD_UDISK&REV_5.00#7&B84678D&0&_&0#"",""@lifetime"":""0c06be96-6cf6-43a2-ab24-5e25d128fc86"",""FinalStatus"":""0""}}}",,,,,,,,,,
2025-02-07 11:23:18.666364800+00:00,Evtx,,5.0,1004.0,Info,Microsoft-Windows-DriverFrameworks-UserMode,Microsoft-Windows-DriverFrameworks-UserMode/Operational,768.0,1044.0,WIN-3M6ADARIMNH,S-1-5-18,,,,False,"{""UserData"":{""UMDFDriverManagerHostCreateEnd"":{""@lifetime"":""0c06be96-6cf6-43a2-ab24-5e25d128fc86"",""FinalStatus"":""0""}}}",,,,,,,,,,
2025-02-07 11:23:18.681964800+00:00,Evtx,,11.0,2005.0,Verbose,Microsoft-Windows-DriverFrameworks-UserMode,Microsoft-Windows-DriverFrameworks-UserMode/Operational,1780.0,1984.0,WIN-3M6ADARIMNH,S-1-5-19,,,,False,"{""UserData"":{""UMDFHostModuleLoad"":{""@instance"":""WPDBUSENUMROOT\\UMB\\2&37C186B&0&STORAGE#VOLUME#_??_USBSTOR#DISK&VEN_GENERAL&PROD_UDISK&REV_5.00#7&B84678D&0&_&0#"",""@lifetime"":""0c06be96-6cf6-43a2-ab24-5e25d128fc86"",""ModulePath"":""C:\\Windows\\system32\\wmvcore.dll"",""CompanyName"":""Microsoft Corporation"",""FileDescription"":""Windows Media Playback/Authoring DLL"",""FileVersion"":""12.0.7601.17514 (win7sp1_rtm.101119-1850)""}}}",,,,,,,,,,
2025-02-07 11:23:18.681964800+00:00,Evtx,,10.0,2005.0,Verbose,Microsoft-Windows-DriverFrameworks-UserMode,Microsoft-Windows-DriverFrameworks-UserMode/Operational,1780.0,1984.0,WIN-3M6ADARIMNH,S-1-5-19,,,,False,"{""UserData"":{""UMDFHostModuleLoad"":{""@instance"":""WPDBUSENUMROOT\\UMB\\2&37C186B&0&STORAGE#VOLUME#_??_USBSTOR#DISK&VEN_GENERAL&PROD_UDISK&REV_5.00#7&B84678D&0&_&0#"",""@lifetime"":""0c06be96-6cf6-43a2-ab24-5e25d128fc86"",""ModulePath"":""C:\\Windows\\System32\\drivers\\UMDF\\WpdFs.dll"",""CompanyName"":""Microsoft Corporation"",""FileDescription"":""Windows Portable Device File System Driver"",""FileVersion"":""6.1.7600.16385 (win7_rtm.090713-1255)""}}}",,,,,,,,,,
2025-02-07 11:23:18.681964800+00:00,Evtx,,9.0,2005.0,Verbose,Microsoft-Windows-DriverFrameworks-UserMode,Microsoft-Windows-DriverFrameworks-UserMode/Operational,1780.0,1984.0,WIN-3M6ADARIMNH,S-1-5-19,,,,False,"{""UserData"":{""UMDFHostModuleLoad"":{""@instance"":""WPDBUSENUMROOT\\UMB\\2&37C186B&0&STORAGE#VOLUME#_??_USBSTOR#DISK&VEN_GENERAL&PROD_UDISK&REV_5.00#7&B84678D&0&_&0#"",""@lifetime"":""0c06be96-6cf6-43a2-ab24-5e25d128fc86"",""ModulePath"":""C:\\Windows\\system32\\WUDFx.dll"",""CompanyName"":""Microsoft Corporation"",""FileDescription"":""WDF:UMDF Framework Library"",""FileVersion"":""6.1.7601.17514 (win7sp1_rtm.101119-1850)""}}}",,,,,,,,,,
2025-02-07 11:23:18.681964800+00:00,Evtx,,14.0,2006.0,Verbose,Microsoft-Windows-DriverFrameworks-UserMode,Microsoft-Windows-DriverFrameworks-UserMode/Operational,1780.0,1984.0,WIN-3M6ADARIMNH,S-1-5-19,,,,False,"{""UserData"":{""UMDFHostAddDeviceEnd"":{""@instance"":""WPDBUSENUMROOT\\UMB\\2&37C186B&0&STORAGE#VOLUME#_??_USBSTOR#DISK&VEN_GENERAL&PROD_UDISK&REV_5.00#7&B84678D&0&_&0#"",""@lifetime"":""0c06be96-6cf6-43a2-ab24-5e25d128fc86"",""Level"":""0"",""FinalStatus"":""0""}}}",,,,,,,,,,
2025-02-07 11:23:18.681964800+00:00,Evtx,USB Connection,15.0,2100.0,Info,Microsoft-Windows-DriverFrameworks-UserMode,Microsoft-Windows-DriverFrameworks-UserMode/Operational,1780.0,1984.0,WIN-3M6ADARIMNH,S-1-5-19,,,,False,"{""UserData"":{""UMDFHostDeviceRequest"":{""@instance"":""WPDBUSENUMROOT\\UMB\\2&37C186B&0&STORAGE#VOLUME#_??_USBSTOR#DISK&VEN_GENERAL&PROD_UDISK&REV_5.00#7&B84678D&0&_&0#"",""@lifetime"":""0c06be96-6cf6-43a2-ab24-5e25d128fc86"",""Request"":{""@major"":""27"",""@minor"":""0"",""Argument"":[""0x0"",""0x0"",""0x0"",""0x0""]},""Status"":""3221225659""}}}",,,,,,,,,,
2025-02-07 11:23:18.681964800+00:00,Evtx,,16.0,2105.0,Info,Microsoft-Windows-DriverFrameworks-UserMode,Microsoft-Windows-DriverFrameworks-UserMode/Operational,1780.0,1984.0,WIN-3M6ADARIMNH,S-1-5-19,,,,False,"{""UserData"":{""UMDFHostDeviceRequest"":{""@instance"":""WPDBUSENUMROOT\\UMB\\2&37C186B&0&STORAGE#VOLUME#_??_USBSTOR#DISK&VEN_GENERAL&PROD_UDISK&REV_5.00#7&B84678D&0&_&0#"",""@lifetime"":""0c06be96-6cf6-43a2-ab24-5e25d128fc86"",""Request"":{""@major"":""27"",""@minor"":""0"",""Argument"":[""0x0"",""0x0"",""0x0"",""0x0""]},""Status"":""3221225659""}}}",,,,,,,,,,
2025-02-07 11:23:18.681964800+00:00,Evtx,,17.0,2106.0,Info,Microsoft-Windows-DriverFrameworks-UserMode,Microsoft-Windows-DriverFrameworks-UserMode/Operational,1780.0,1984.0,WIN-3M6ADARIMNH,S-1-5-19,,,,False,"{""UserData"":{""UMDFHostDeviceRequest"":{""@instance"":""WPDBUSENUMROOT\\UMB\\2&37C186B&0&STORAGE#VOLUME#_??_USBSTOR#DISK&VEN_GENERAL&PROD_UDISK&REV_5.00#7&B84678D&0&_&0#"",""@lifetime"":""0c06be96-6cf6-43a2-ab24-5e25d128fc86"",""Request"":{""@major"":""27"",""@minor"":""0"",""Argument"":[""0x0"",""0x0"",""0x0"",""0x0""]},""Status"":""0""}}}",,,,,,,,,,
2025-02-07 11:23:18.681964800+00:00,Evtx,,12.0,2005.0,Verbose,Microsoft-Windows-DriverFrameworks-UserMode,Microsoft-Windows-DriverFrameworks-UserMode/Operational,1780.0,1984.0,WIN-3M6ADARIMNH,S-1-5-19,,,,False,"{""UserData"":{""UMDFHostModuleLoad"":{""@instance"":""WPDBUSENUMROOT\\UMB\\2&37C186B&0&STORAGE#VOLUME#_??_USBSTOR#DISK&VEN_GENERAL&PROD_UDISK&REV_5.00#7&B84678D&0&_&0#"",""@lifetime"":""0c06be96-6cf6-43a2-ab24-5e25d128fc86"",""ModulePath"":""C:\\Windows\\system32\\WMASF.DLL"",""CompanyName"":""Microsoft Corporation"",""FileDescription"":""Windows Media ASF DLL"",""FileVersion"":""12.0.7600.16385 (win7_rtm.090713-1255)""}}}",,,,,,,,,,
2025-02-07 11:23:18.681964800+00:00,Evtx,,13.0,2005.0,Verbose,Microsoft-Windows-DriverFrameworks-UserMode,Microsoft-Windows-DriverFrameworks-UserMode/Operational,1780.0,1984.0,WIN-3M6ADARIMNH,S-1-5-19,,,,False,"{""UserData"":{""UMDFHostModuleLoad"":{""@instance"":""WPDBUSENUMROOT\\UMB\\2&37C186B&0&STORAGE#VOLUME#_??_USBSTOR#DISK&VEN_GENERAL&PROD_UDISK&REV_5.00#7&B84678D&0&_&0#"",""@lifetime"":""0c06be96-6cf6-43a2-ab24-5e25d128fc86"",""ModulePath"":""C:\\Windows\\WinSxS\\amd64_microsoft.windows.gdiplus_6595b64144ccf1df_1.1.7601.17514_none_2b24536c71ed437a\\gdiplus.dll"",""CompanyName"":""Microsoft Corporation"",""FileDescription"":""Microsoft GDI+"",""FileVersion"":""6.1.7601.17514 (win7sp1_rtm.101119-1850)""}}}",,,,,,,,,,
2025-02-07 11:23:18.900365200+00:00,Evtx,,22.0,2101.0,Info,Microsoft-Windows-DriverFrameworks-UserMode,Microsoft-Windows-DriverFrameworks-UserMode/Operational,1780.0,1368.0,WIN-3M6ADARIMNH,S-1-5-19,,,,False,"{""UserData"":{""UMDFHostDeviceRequest"":{""@instance"":""WPDBUSENUMROOT\\UMB\\2&37C186B&0&STORAGE#VOLUME#_??_USBSTOR#DISK&VEN_GENERAL&PROD_UDISK&REV_5.00#7&B84678D&0&_&0#"",""@lifetime"":""0c06be96-6cf6-43a2-ab24-5e25d128fc86"",""Request"":{""@major"":""27"",""@minor"":""9"",""Argument"":[""0xA9100010040"",""0xFFFFFFFFFFFFFFFF"",""0x200000000"",""0x300000002""]},""Status"":""0""}}}",,,,,,,,,,
2025-02-07 11:23:18.900365200+00:00,Evtx,USB Connection,23.0,2100.0,Info,Microsoft-Windows-DriverFrameworks-UserMode,Microsoft-Windows-DriverFrameworks-UserMode/Operational,1780.0,1984.0,WIN-3M6ADARIMNH,S-1-5-19,,,,False,"{""UserData"":{""UMDFHostDeviceRequest"":{""@instance"":""WPDBUSENUMROOT\\UMB\\2&37C186B&0&STORAGE#VOLUME#_??_USBSTOR#DISK&VEN_GENERAL&PROD_UDISK&REV_5.00#7&B84678D&0&_&0#"",""@lifetime"":""0c06be96-6cf6-43a2-ab24-5e25d128fc86"",""Request"":{""@major"":""27"",""@minor"":""20"",""Argument"":[""0x0"",""0x0"",""0x0"",""0x0""]},""Status"":""3221225659""}}}",,,,,,,,,,
2025-02-07 11:23:18.900365200+00:00,Evtx,,20.0,2105.0,Info,Microsoft-Windows-DriverFrameworks-UserMode,Microsoft-Windows-DriverFrameworks-UserMode/Operational,1780.0,1368.0,WIN-3M6ADARIMNH,S-1-5-19,,,,False,"{""UserData"":{""UMDFHostDeviceRequest"":{""@instance"":""WPDBUSENUMROOT\\UMB\\2&37C186B&0&STORAGE#VOLUME#_??_USBSTOR#DISK&VEN_GENERAL&PROD_UDISK&REV_5.00#7&B84678D&0&_&0#"",""@lifetime"":""0c06be96-6cf6-43a2-ab24-5e25d128fc86"",""Request"":{""@major"":""27"",""@minor"":""9"",""Argument"":[""0x10040"",""0xFFFFFFFFFFFFFFFF"",""0x0"",""0x0""]},""Status"":""3221225659""}}}",,,,,,,,,,
2025-02-07 11:23:18.900365200+00:00,Evtx,USB Connection,19.0,2100.0,Info,Microsoft-Windows-DriverFrameworks-UserMode,Microsoft-Windows-DriverFrameworks-UserMode/Operational,1780.0,1368.0,WIN-3M6ADARIMNH,S-1-5-19,,,,False,"{""UserData"":{""UMDFHostDeviceRequest"":{""@instance"":""WPDBUSENUMROOT\\UMB\\2&37C186B&0&STORAGE#VOLUME#_??_USBSTOR#DISK&VEN_GENERAL&PROD_UDISK&REV_5.00#7&B84678D&0&_&0#"",""@lifetime"":""0c06be96-6cf6-43a2-ab24-5e25d128fc86"",""Request"":{""@major"":""27"",""@minor"":""9"",""Argument"":[""0x10040"",""0xFFFFFFFFFFFFFFFF"",""0x0"",""0x0""]},""Status"":""3221225659""}}}",,,,,,,,,,
2025-02-07 11:23:18.900365200+00:00,Evtx,,18.0,2101.0,Info,Microsoft-Windows-DriverFrameworks-UserMode,Microsoft-Windows-DriverFrameworks-UserMode/Operational,1780.0,1984.0,WIN-3M6ADARIMNH,S-1-5-19,,,,False,"{""UserData"":{""UMDFHostDeviceRequest"":{""@instance"":""WPDBUSENUMROOT\\UMB\\2&37C186B&0&STORAGE#VOLUME#_??_USBSTOR#DISK&VEN_GENERAL&PROD_UDISK&REV_5.00#7&B84678D&0&_&0#"",""@lifetime"":""0c06be96-6cf6-43a2-ab24-5e25d128fc86"",""Request"":{""@major"":""27"",""@minor"":""0"",""Argument"":[""0x0"",""0x1B"",""0x0"",""0x0""]},""Status"":""0""}}}",,,,,,,,,,
2025-02-07 11:23:18.900365200+00:00,Evtx,,24.0,2105.0,Info,Microsoft-Windows-DriverFrameworks-UserMode,Microsoft-Windows-DriverFrameworks-UserMode/Operational,1780.0,1984.0,WIN-3M6ADARIMNH,S-1-5-19,,,,False,"{""UserData"":{""UMDFHostDeviceRequest"":{""@instance"":""WPDBUSENUMROOT\\UMB\\2&37C186B&0&STORAGE#VOLUME#_??_USBSTOR#DISK&VEN_GENERAL&PROD_UDISK&REV_5.00#7&B84678D&0&_&0#"",""@lifetime"":""0c06be96-6cf6-43a2-ab24-5e25d128fc86"",""Request"":{""@major"":""27"",""@minor"":""20"",""Argument"":[""0x0"",""0x0"",""0x0"",""0x0""]},""Status"":""3221225659""}}}",,,,,,,,,,
2025-02-07 11:23:18.900365200+00:00,Evtx,,25.0,2106.0,Info,Microsoft-Windows-DriverFrameworks-UserMode,Microsoft-Windows-DriverFrameworks-UserMode/Operational,1780.0,1984.0,WIN-3M6ADARIMNH,S-1-5-19,,,,False,"{""UserData"":{""UMDFHostDeviceRequest"":{""@instance"":""WPDBUSENUMROOT\\UMB\\2&37C186B&0&STORAGE#VOLUME#_??_USBSTOR#DISK&VEN_GENERAL&PROD_UDISK&REV_5.00#7&B84678D&0&_&0#"",""@lifetime"":""0c06be96-6cf6-43a2-ab24-5e25d128fc86"",""Request"":{""@major"":""27"",""@minor"":""20"",""Argument"":[""0x0"",""0x0"",""0x0"",""0x0""]},""Status"":""0""}}}",,,,,,,,,,
2025-02-07 11:23:18.900365200+00:00,Evtx,,26.0,2101.0,Info,Microsoft-Windows-DriverFrameworks-UserMode,Microsoft-Windows-DriverFrameworks-UserMode/Operational,1780.0,1984.0,WIN-3M6ADARIMNH,S-1-5-19,,,,False,"{""UserData"":{""UMDFHostDeviceRequest"":{""@instance"":""WPDBUSENUMROOT\\UMB\\2&37C186B&0&STORAGE#VOLUME#_??_USBSTOR#DISK&VEN_GENERAL&PROD_UDISK&REV_5.00#7&B84678D&0&_&0#"",""@lifetime"":""0c06be96-6cf6-43a2-ab24-5e25d128fc86"",""Request"":{""@major"":""27"",""@minor"":""20"",""Argument"":[""0x0"",""0x141B"",""0x0"",""0x0""]},""Status"":""0""}}}",,,,,,,,,,
2025-02-07 11:23:18.900365200+00:00,Evtx,,21.0,2106.0,Info,Microsoft-Windows-DriverFrameworks-UserMode,Microsoft-Windows-DriverFrameworks-UserMode/Operational,1780.0,1368.0,WIN-3M6ADARIMNH,S-1-5-19,,,,False,"{""UserData"":{""UMDFHostDeviceRequest"":{""@instance"":""WPDBUSENUMROOT\\UMB\\2&37C186B&0&STORAGE#VOLUME#_??_USBSTOR#DISK&VEN_GENERAL&PROD_UDISK&REV_5.00#7&B84678D&0&_&0#"",""@lifetime"":""0c06be96-6cf6-43a2-ab24-5e25d128fc86"",""Request"":{""@major"":""27"",""@minor"":""9"",""Argument"":[""0x10040"",""0xFFFFFFFFFFFFFFFF"",""0x0"",""0x0""]},""Status"":""0""}}}",,,,,,,,,,
2025-02-07 11:23:19+00:00,Evtx,,722.0,24579.0,Info,Microsoft-Windows-WPDClassInstaller,System,0.0,0.0,WIN-3M6ADARIMNH,,,,,False,"{""EventData"":{""Data"":"""",""Binary"":""""}}",,,,,,,,,,
2025-02-07 11:23:19+00:00,Evtx,,721.0,24577.0,Info,Microsoft-Windows-WPDClassInstaller,System,0.0,0.0,WIN-3M6ADARIMNH,,,,,False,"{""EventData"":{""Data"":""0x00000002, 0x00000002"",""Binary"":""""}}",,,,,,,,,,
2025-02-07 11:23:19.758366700+00:00,Evtx,Device installation,731.0,20001.0,Info,Microsoft-Windows-UserPnp,System,1860.0,1872.0,WIN-3M6ADARIMNH,S-1-5-18,,,FileRepository\wpdfs.inf_amd64_neutral_fc4ebadff3a40ae4\wpdfs.inf,False,"{""UserData"":{""InstallDeviceID"":{""DriverName"":""FileRepository\\wpdfs.inf_amd64_neutral_fc4ebadff3a40ae4\\wpdfs.inf"",""DriverVersion"":""6.1.7600.16385"",""DriverProvider"":""Microsoft"",""DeviceInstanceID"":""WPDBUSENUMROOT\\UMB\\2&amp;37C186B&amp;0&amp;STORAGE#VOLUME#_??_USBSTOR#DISK&amp;VEN_GENERAL&amp;PROD_UDISK&amp;REV_5.00#7&amp;B84678D&amp;0&amp;_&amp;0#"",""SetupClass"":""eec5ad98-8080-425f-922a-dabf3de3f69a"",""RebootOption"":""False"",""UpgradeDevice"":""False"",""IsDriverOEM"":""False"",""InstallStatus"":""0x0"",""DriverDescription"":""WPD FileSystem Volume Driver""}}}",,,,,,,,,,
2025-02-07 11:23:42.175606100+00:00,Evtx,,13.0,105.0,Info,Microsoft-Windows-Diagnosis-DPS,Microsoft-Windows-Diagnosis-DPS/Operational,1016.0,2020.0,WIN-3M6ADARIMNH,S-1-5-19,,,,False,"{""EventData"":{""Data"":[{""@Name"":""ScenarioId"",""#text"":""86432a0b-3c7d-4ddf-a89c-172faa90485d""},{""@Name"":""InstanceId"",""#text"":""6a73abea-1e6c-40a2-b84f-19d967150ef9""},{""@Name"":""OriginalActivityId"",""#text"":""86432a0b-3c7d-4ddf-a89c-172faa90485d""},{""@Name"":""DiagnosticModuleImageName"",""#text"":""%SystemRoot%\\system32\\diagperf.dll""},{""@Name"":""DiagnosticModuleId"",""#text"":""c8544339-5be9-4f25-862e-485f1b1a6935""}]}}",,,,,,,,,,
