2025-02-07 11:28:22.106919900+00:00,Evtx,,171.0,4907.0,LogAlways,Microsoft-Windows-Security-Auditing,Security,428.0,452.0,WIN-3M6ADARIMNH,,,,,False,"{""EventData"":{""Data"":[{""@Name"":""SubjectUserSid"",""#text"":""S-1-5-18""},{""@Name"":""SubjectUserName"",""#text"":""WIN-3M6ADARIMNH$""},{""@Name"":""SubjectDomainName"",""#text"":""WORKGROUP""},{""@Name"":""SubjectLogonId"",""#text"":""0x3E7""},{""@Name"":""ObjectServer"",""#text"":""Security""},{""@Name"":""ObjectType"",""#text"":""File""},{""@Name"":""ObjectName"",""#text"":""C:\\Windows\\System32\\api-ms-win-crt-process-l1-1-0.dll""},{""@Name"":""HandleId"",""#text"":""0x67C""},{""@Name"":""OldSd""},{""@Name"":""NewSd"",""#text"":""S:ARAI(AU;SAFA;DCLCRPCRSDWDWO;;;WD)""},{""@Name"":""ProcessId"",""#text"":""0x90C""},{""@Name"":""ProcessName"",""#text"":""C:\\Windows\\servicing\\TrustedInstaller.exe""}]}}",,,,,,,,,,
2025-02-07 11:28:22.106919900+00:00,Evtx,,172.0,4907.0,LogAlways,Microsoft-Windows-Security-Auditing,Security,428.0,452.0,WIN-3M6ADARIMNH,,,,,False,"{""EventData"":{""Data"":[{""@Name"":""SubjectUserSid"",""#text"":""S-1-5-18""},{""@Name"":""SubjectUserName"",""#text"":""WIN-3M6ADARIMNH$""},{""@Name"":""SubjectDomainName"",""#text"":""WORKGROUP""},{""@Name"":""SubjectLogonId"",""#text"":""0x3E7""},{""@Name"":""ObjectServer"",""#text"":""Security""},{""@Name"":""ObjectType"",""#text"":""File""},{""@Name"":""ObjectName"",""#text"":""C:\\Windows\\System32\\api-ms-win-core-localization-l1-2-0.dll""},{""@Name"":""HandleId"",""#text"":""0x664""},{""@Name"":""OldSd""},{""@Name"":""NewSd"",""#text"":""S:ARAI(AU;SAFA;DCLCRPCRSDWDWO;;;WD)""},{""@Name"":""ProcessId"",""#text"":""0x90C""},{""@Name"":""ProcessName"",""#text"":""C:\\Windows\\servicing\\TrustedInstaller.exe""}]}}",,,,,,,,,,
2025-02-07 11:28:22.106919900+00:00,Evtx,,176.0,4907.0,LogAlways,Microsoft-Windows-Security-Auditing,Security,428.0,452.0,WIN-3M6ADARIMNH,,,,,False,"{""EventData"":{""Data"":[{""@Name"":""SubjectUserSid"",""#text"":""S-1-5-18""},{""@Name"":""SubjectUserName"",""#text"":""WIN-3M6ADARIMNH$""},{""@Name"":""SubjectDomainName"",""#text"":""WORKGROUP""},{""@Name"":""SubjectLogonId"",""#text"":""0x3E7""},{""@Name"":""ObjectServer"",""#text"":""Security""},{""@Name"":""ObjectType"",""#text"":""File""},{""@Name"":""ObjectName"",""#text"":""C:\\Windows\\System32\\api-ms-win-crt-conio-l1-1-0.dll""},{""@Name"":""HandleId"",""#text"":""0x664""},{""@Name"":""OldSd""},{""@Name"":""NewSd"",""#text"":""S:ARAI(AU;SAFA;DCLCRPCRSDWDWO;;;WD)""},{""@Name"":""ProcessId"",""#text"":""0x90C""},{""@Name"":""ProcessName"",""#text"":""C:\\Windows\\servicing\\TrustedInstaller.exe""}]}}",,,,,,,,,,
2025-02-07 11:28:22.122519900+00:00,Evtx,,178.0,4907.0,LogAlways,Microsoft-Windows-Security-Auditing,Security,428.0,452.0,WIN-3M6ADARIMNH,,,,,False,"{""EventData"":{""Data"":[{""@Name"":""SubjectUserSid"",""#text"":""S-1-5-18""},{""@Name"":""SubjectUserName"",""#text"":""WIN-3M6ADARIMNH$""},{""@Name"":""SubjectDomainName"",""#text"":""WORKGROUP""},{""@Name"":""SubjectLogonId"",""#text"":""0x3E7""},{""@Name"":""ObjectServer"",""#text"":""Security""},{""@Name"":""ObjectType"",""#text"":""File""},{""@Name"":""ObjectName"",""#text"":""C:\\Windows\\System32\\api-ms-win-crt-multibyte-l1-1-0.dll""},{""@Name"":""HandleId"",""#text"":""0x650""},{""@Name"":""OldSd""},{""@Name"":""NewSd"",""#text"":""S:ARAI(AU;SAFA;DCLCRPCRSDWDWO;;;WD)""},{""@Name"":""ProcessId"",""#text"":""0x90C""},{""@Name"":""ProcessName"",""#text"":""C:\\Windows\\servicing\\TrustedInstaller.exe""}]}}",,,,,,,,,,
2025-02-07 11:28:22.122519900+00:00,Evtx,,181.0,4907.0,LogAlways,Microsoft-Windows-Security-Auditing,Security,428.0,452.0,WIN-3M6ADARIMNH,,,,,False,"{""EventData"":{""Data"":[{""@Name"":""SubjectUserSid"",""#text"":""S-1-5-18""},{""@Name"":""SubjectUserName"",""#text"":""WIN-3M6ADARIMNH$""},{""@Name"":""SubjectDomainName"",""#text"":""WORKGROUP""},{""@Name"":""SubjectLogonId"",""#text"":""0x3E7""},{""@Name"":""ObjectServer"",""#text"":""Security""},{""@Name"":""ObjectType"",""#text"":""File""},{""@Name"":""ObjectName"",""#text"":""C:\\Windows\\System32\\api-ms-win-eventing-provider-l1-1-0.dll""},{""@Name"":""HandleId"",""#text"":""0x63C""},{""@Name"":""OldSd""},{""@Name"":""NewSd"",""#text"":""S:ARAI(AU;SAFA;DCLCRPCRSDWDWO;;;WD)""},{""@Name"":""ProcessId"",""#text"":""0x90C""},{""@Name"":""ProcessName"",""#text"":""C:\\Windows\\servicing\\TrustedInstaller.exe""}]}}",,,,,,,,,,
2025-02-07 11:28:22.122519900+00:00,Evtx,,180.0,4907.0,LogAlways,Microsoft-Windows-Security-Auditing,Security,428.0,452.0,WIN-3M6ADARIMNH,,,,,False,"{""EventData"":{""Data"":[{""@Name"":""SubjectUserSid"",""#text"":""S-1-5-18""},{""@Name"":""SubjectUserName"",""#text"":""WIN-3M6ADARIMNH$""},{""@Name"":""SubjectDomainName"",""#text"":""WORKGROUP""},{""@Name"":""SubjectLogonId"",""#text"":""0x3E7""},{""@Name"":""ObjectServer"",""#text"":""Security""},{""@Name"":""ObjectType"",""#text"":""File""},{""@Name"":""ObjectName"",""#text"":""C:\\Windows\\System32\\api-ms-win-core-timezone-l1-1-0.dll""},{""@Name"":""HandleId"",""#text"":""0x664""},{""@Name"":""OldSd""},{""@Name"":""NewSd"",""#text"":""S:ARAI(AU;SAFA;DCLCRPCRSDWDWO;;;WD)""},{""@Name"":""ProcessId"",""#text"":""0x90C""},{""@Name"":""ProcessName"",""#text"":""C:\\Windows\\servicing\\TrustedInstaller.exe""}]}}",,,,,,,,,,
2025-02-07 11:28:22.122519900+00:00,Evtx,,179.0,4907.0,LogAlways,Microsoft-Windows-Security-Auditing,Security,428.0,452.0,WIN-3M6ADARIMNH,,,,,False,"{""EventData"":{""Data"":[{""@Name"":""SubjectUserSid"",""#text"":""S-1-5-18""},{""@Name"":""SubjectUserName"",""#text"":""WIN-3M6ADARIMNH$""},{""@Name"":""SubjectDomainName"",""#text"":""WORKGROUP""},{""@Name"":""SubjectLogonId"",""#text"":""0x3E7""},{""@Name"":""ObjectServer"",""#text"":""Security""},{""@Name"":""ObjectType"",""#text"":""File""},{""@Name"":""ObjectName"",""#text"":""C:\\Windows\\System32\\ucrtbase.dll""},{""@Name"":""HandleId"",""#text"":""0x67C""},{""@Name"":""OldSd""},{""@Name"":""NewSd"",""#text"":""S:ARAI(AU;SAFA;DCLCRPCRSDWDWO;;;WD)""},{""@Name"":""ProcessId"",""#text"":""0x90C""},{""@Name"":""ProcessName"",""#text"":""C:\\Windows\\servicing\\TrustedInstaller.exe""}]}}",,,,,,,,,,
2025-02-07 11:28:22.122519900+00:00,Evtx,,182.0,4907.0,LogAlways,Microsoft-Windows-Security-Auditing,Security,428.0,452.0,WIN-3M6ADARIMNH,,,,,False,"{""EventData"":{""Data"":[{""@Name"":""SubjectUserSid"",""#text"":""S-1-5-18""},{""@Name"":""SubjectUserName"",""#text"":""WIN-3M6ADARIMNH$""},{""@Name"":""SubjectDomainName"",""#text"":""WORKGROUP""},{""@Name"":""SubjectLogonId"",""#text"":""0x3E7""},{""@Name"":""ObjectServer"",""#text"":""Security""},{""@Name"":""ObjectType"",""#text"":""File""},{""@Name"":""ObjectName"",""#text"":""C:\\Windows\\System32\\api-ms-win-crt-convert-l1-1-0.dll""},{""@Name"":""HandleId"",""#text"":""0x650""},{""@Name"":""OldSd""},{""@Name"":""NewSd"",""#text"":""S:ARAI(AU;SAFA;DCLCRPCRSDWDWO;;;WD)""},{""@Name"":""ProcessId"",""#text"":""0x90C""},{""@Name"":""ProcessName"",""#text"":""C:\\Windows\\servicing\\TrustedInstaller.exe""}]}}",,,,,,,,,,
2025-02-07 11:28:22.122519900+00:00,Evtx,,177.0,4907.0,LogAlways,Microsoft-Windows-Security-Auditing,Security,428.0,452.0,WIN-3M6ADARIMNH,,,,,False,"{""EventData"":{""Data"":[{""@Name"":""SubjectUserSid"",""#text"":""S-1-5-18""},{""@Name"":""SubjectUserName"",""#text"":""WIN-3M6ADARIMNH$""},{""@Name"":""SubjectDomainName"",""#text"":""WORKGROUP""},{""@Name"":""SubjectLogonId"",""#text"":""0x3E7""},{""@Name"":""ObjectServer"",""#text"":""Security""},{""@Name"":""ObjectType"",""#text"":""File""},{""@Name"":""ObjectName"",""#text"":""C:\\Windows\\System32\\api-ms-win-core-file-l2-1-0.dll""},{""@Name"":""HandleId"",""#text"":""0x63C""},{""@Name"":""OldSd""},{""@Name"":""NewSd"",""#text"":""S:ARAI(AU;SAFA;DCLCRPCRSDWDWO;;;WD)""},{""@Name"":""ProcessId"",""#text"":""0x90C""},{""@Name"":""ProcessName"",""#text"":""C:\\Windows\\servicing\\TrustedInstaller.exe""}]}}",,,,,,,,,,
2025-02-07 11:28:22.138120+00:00,Evtx,,183.0,4907.0,LogAlways,Microsoft-Windows-Security-Auditing,Security,428.0,452.0,WIN-3M6ADARIMNH,,,,,False,"{""EventData"":{""Data"":[{""@Name"":""SubjectUserSid"",""#text"":""S-1-5-18""},{""@Name"":""SubjectUserName"",""#text"":""WIN-3M6ADARIMNH$""},{""@Name"":""SubjectDomainName"",""#text"":""WORKGROUP""},{""@Name"":""SubjectLogonId"",""#text"":""0x3E7""},{""@Name"":""ObjectServer"",""#text"":""Security""},{""@Name"":""ObjectType"",""#text"":""File""},{""@Name"":""ObjectName"",""#text"":""C:\\Windows\\System32\\api-ms-win-core-file-l1-2-0.dll""},{""@Name"":""HandleId"",""#text"":""0x67C""},{""@Name"":""OldSd""},{""@Name"":""NewSd"",""#text"":""S:ARAI(AU;SAFA;DCLCRPCRSDWDWO;;;WD)""},{""@Name"":""ProcessId"",""#text"":""0x90C""},{""@Name"":""ProcessName"",""#text"":""C:\\Windows\\servicing\\TrustedInstaller.exe""}]}}",,,,,,,,,,
2025-02-07 11:28:22.138120+00:00,Evtx,,186.0,4907.0,LogAlways,Microsoft-Windows-Security-Auditing,Security,428.0,452.0,WIN-3M6ADARIMNH,,,,,False,"{""EventData"":{""Data"":[{""@Name"":""SubjectUserSid"",""#text"":""S-1-5-18""},{""@Name"":""SubjectUserName"",""#text"":""WIN-3M6ADARIMNH$""},{""@Name"":""SubjectDomainName"",""#text"":""WORKGROUP""},{""@Name"":""SubjectLogonId"",""#text"":""0x3E7""},{""@Name"":""ObjectServer"",""#text"":""Security""},{""@Name"":""ObjectType"",""#text"":""File""},{""@Name"":""ObjectName"",""#text"":""C:\\Windows\\SysWOW64\\api-ms-win-crt-math-l1-1-0.dll""},{""@Name"":""HandleId"",""#text"":""0x650""},{""@Name"":""OldSd""},{""@Name"":""NewSd"",""#text"":""S:ARAI(AU;SAFA;DCLCRPCRSDWDWO;;;WD)""},{""@Name"":""ProcessId"",""#text"":""0x90C""},{""@Name"":""ProcessName"",""#text"":""C:\\Windows\\servicing\\TrustedInstaller.exe""}]}}",,,,,,,,,,
2025-02-07 11:28:22.138120+00:00,Evtx,,189.0,4907.0,LogAlways,Microsoft-Windows-Security-Auditing,Security,428.0,452.0,WIN-3M6ADARIMNH,,,,,False,"{""EventData"":{""Data"":[{""@Name"":""SubjectUserSid"",""#text"":""S-1-5-18""},{""@Name"":""SubjectUserName"",""#text"":""WIN-3M6ADARIMNH$""},{""@Name"":""SubjectDomainName"",""#text"":""WORKGROUP""},{""@Name"":""SubjectLogonId"",""#text"":""0x3E7""},{""@Name"":""ObjectServer"",""#text"":""Security""},{""@Name"":""ObjectType"",""#text"":""File""},{""@Name"":""ObjectName"",""#text"":""C:\\Windows\\SysWOW64\\api-ms-win-crt-filesystem-l1-1-0.dll""},{""@Name"":""HandleId"",""#text"":""0x63C""},{""@Name"":""OldSd""},{""@Name"":""NewSd"",""#text"":""S:ARAI(AU;SAFA;DCLCRPCRSDWDWO;;;WD)""},{""@Name"":""ProcessId"",""#text"":""0x90C""},{""@Name"":""ProcessName"",""#text"":""C:\\Windows\\servicing\\TrustedInstaller.exe""}]}}",,,,,,,,,,
2025-02-07 11:28:22.138120+00:00,Evtx,,188.0,4907.0,LogAlways,Microsoft-Windows-Security-Auditing,Security,428.0,452.0,WIN-3M6ADARIMNH,,,,,False,"{""EventData"":{""Data"":[{""@Name"":""SubjectUserSid"",""#text"":""S-1-5-18""},{""@Name"":""SubjectUserName"",""#text"":""WIN-3M6ADARIMNH$""},{""@Name"":""SubjectDomainName"",""#text"":""WORKGROUP""},{""@Name"":""SubjectLogonId"",""#text"":""0x3E7""},{""@Name"":""ObjectServer"",""#text"":""Security""},{""@Name"":""ObjectType"",""#text"":""File""},{""@Name"":""ObjectName"",""#text"":""C:\\Windows\\SysWOW64\\api-ms-win-crt-runtime-l1-1-0.dll""},{""@Name"":""HandleId"",""#text"":""0x664""},{""@Name"":""OldSd""},{""@Name"":""NewSd"",""#text"":""S:ARAI(AU;SAFA;DCLCRPCRSDWDWO;;;WD)""},{""@Name"":""ProcessId"",""#text"":""0x90C""},{""@Name"":""ProcessName"",""#text"":""C:\\Windows\\servicing\\TrustedInstaller.exe""}]}}",,,,,,,,,,
2025-02-07 11:28:22.138120+00:00,Evtx,,185.0,4907.0,LogAlways,Microsoft-Windows-Security-Auditing,Security,428.0,452.0,WIN-3M6ADARIMNH,,,,,False,"{""EventData"":{""Data"":[{""@Name"":""SubjectUserSid"",""#text"":""S-1-5-18""},{""@Name"":""SubjectUserName"",""#text"":""WIN-3M6ADARIMNH$""},{""@Name"":""SubjectDomainName"",""#text"":""WORKGROUP""},{""@Name"":""SubjectLogonId"",""#text"":""0x3E7""},{""@Name"":""ObjectServer"",""#text"":""Security""},{""@Name"":""ObjectType"",""#text"":""File""},{""@Name"":""ObjectName"",""#text"":""C:\\Windows\\SysWOW64\\api-ms-win-crt-locale-l1-1-0.dll""},{""@Name"":""HandleId"",""#text"":""0x63C""},{""@Name"":""OldSd""},{""@Name"":""NewSd"",""#text"":""S:ARAI(AU;SAFA;DCLCRPCRSDWDWO;;;WD)""},{""@Name"":""ProcessId"",""#text"":""0x90C""},{""@Name"":""ProcessName"",""#text"":""C:\\Windows\\servicing\\TrustedInstaller.exe""}]}}",,,,,,,,,,
2025-02-07 11:28:22.138120+00:00,Evtx,,187.0,4907.0,LogAlways,Microsoft-Windows-Security-Auditing,Security,428.0,452.0,WIN-3M6ADARIMNH,,,,,False,"{""EventData"":{""Data"":[{""@Name"":""SubjectUserSid"",""#text"":""S-1-5-18""},{""@Name"":""SubjectUserName"",""#text"":""WIN-3M6ADARIMNH$""},{""@Name"":""SubjectDomainName"",""#text"":""WORKGROUP""},{""@Name"":""SubjectLogonId"",""#text"":""0x3E7""},{""@Name"":""ObjectServer"",""#text"":""Security""},{""@Name"":""ObjectType"",""#text"":""File""},{""@Name"":""ObjectName"",""#text"":""C:\\Windows\\SysWOW64\\api-ms-win-crt-heap-l1-1-0.dll""},{""@Name"":""HandleId"",""#text"":""0x67C""},{""@Name"":""OldSd""},{""@Name"":""NewSd"",""#text"":""S:ARAI(AU;SAFA;DCLCRPCRSDWDWO;;;WD)""},{""@Name"":""ProcessId"",""#text"":""0x90C""},{""@Name"":""ProcessName"",""#text"":""C:\\Windows\\servicing\\TrustedInstaller.exe""}]}}",,,,,,,,,,
2025-02-07 11:28:22.138120+00:00,Evtx,,184.0,4907.0,LogAlways,Microsoft-Windows-Security-Auditing,Security,428.0,452.0,WIN-3M6ADARIMNH,,,,,False,"{""EventData"":{""Data"":[{""@Name"":""SubjectUserSid"",""#text"":""S-1-5-18""},{""@Name"":""SubjectUserName"",""#text"":""WIN-3M6ADARIMNH$""},{""@Name"":""SubjectDomainName"",""#text"":""WORKGROUP""},{""@Name"":""SubjectLogonId"",""#text"":""0x3E7""},{""@Name"":""ObjectServer"",""#text"":""Security""},{""@Name"":""ObjectType"",""#text"":""File""},{""@Name"":""ObjectName"",""#text"":""C:\\Windows\\System32\\api-ms-win-crt-private-l1-1-0.dll""},{""@Name"":""HandleId"",""#text"":""0x664""},{""@Name"":""OldSd""},{""@Name"":""NewSd"",""#text"":""S:ARAI(AU;SAFA;DCLCRPCRSDWDWO;;;WD)""},{""@Name"":""ProcessId"",""#text"":""0x90C""},{""@Name"":""ProcessName"",""#text"":""C:\\Windows\\servicing\\TrustedInstaller.exe""}]}}",,,,,,,,,,
2025-02-07 11:28:22.153720+00:00,Evtx,,194.0,4907.0,LogAlways,Microsoft-Windows-Security-Auditing,Security,428.0,452.0,WIN-3M6ADARIMNH,,,,,False,"{""EventData"":{""Data"":[{""@Name"":""SubjectUserSid"",""#text"":""S-1-5-18""},{""@Name"":""SubjectUserName"",""#text"":""WIN-3M6ADARIMNH$""},{""@Name"":""SubjectDomainName"",""#text"":""WORKGROUP""},{""@Name"":""SubjectLogonId"",""#text"":""0x3E7""},{""@Name"":""ObjectServer"",""#text"":""Security""},{""@Name"":""ObjectType"",""#text"":""File""},{""@Name"":""ObjectName"",""#text"":""C:\\Windows\\SysWOW64\\api-ms-win-crt-time-l1-1-0.dll""},{""@Name"":""HandleId"",""#text"":""0x650""},{""@Name"":""OldSd""},{""@Name"":""NewSd"",""#text"":""S:ARAI(AU;SAFA;DCLCRPCRSDWDWO;;;WD)""},{""@Name"":""ProcessId"",""#text"":""0x90C""},{""@Name"":""ProcessName"",""#text"":""C:\\Windows\\servicing\\TrustedInstaller.exe""}]}}",,,,,,,,,,
2025-02-07 11:28:22.153720+00:00,Evtx,,193.0,4907.0,LogAlways,Microsoft-Windows-Security-Auditing,Security,428.0,452.0,WIN-3M6ADARIMNH,,,,,False,"{""EventData"":{""Data"":[{""@Name"":""SubjectUserSid"",""#text"":""S-1-5-18""},{""@Name"":""SubjectUserName"",""#text"":""WIN-3M6ADARIMNH$""},{""@Name"":""SubjectDomainName"",""#text"":""WORKGROUP""},{""@Name"":""SubjectLogonId"",""#text"":""0x3E7""},{""@Name"":""ObjectServer"",""#text"":""Security""},{""@Name"":""ObjectType"",""#text"":""File""},{""@Name"":""ObjectName"",""#text"":""C:\\Windows\\SysWOW64\\api-ms-win-crt-string-l1-1-0.dll""},{""@Name"":""HandleId"",""#text"":""0x63C""},{""@Name"":""OldSd""},{""@Name"":""NewSd"",""#text"":""S:ARAI(AU;SAFA;DCLCRPCRSDWDWO;;;WD)""},{""@Name"":""ProcessId"",""#text"":""0x90C""},{""@Name"":""ProcessName"",""#text"":""C:\\Windows\\servicing\\TrustedInstaller.exe""}]}}",,,,,,,,,,
2025-02-07 11:28:22.153720+00:00,Evtx,,192.0,4907.0,LogAlways,Microsoft-Windows-Security-Auditing,Security,428.0,452.0,WIN-3M6ADARIMNH,,,,,False,"{""EventData"":{""Data"":[{""@Name"":""SubjectUserSid"",""#text"":""S-1-5-18""},{""@Name"":""SubjectUserName"",""#text"":""WIN-3M6ADARIMNH$""},{""@Name"":""SubjectDomainName"",""#text"":""WORKGROUP""},{""@Name"":""SubjectLogonId"",""#text"":""0x3E7""},{""@Name"":""ObjectServer"",""#text"":""Security""},{""@Name"":""ObjectType"",""#text"":""File""},{""@Name"":""ObjectName"",""#text"":""C:\\Windows\\SysWOW64\\api-ms-win-core-xstate-l2-1-0.dll""},{""@Name"":""HandleId"",""#text"":""0x664""},{""@Name"":""OldSd""},{""@Name"":""NewSd"",""#text"":""S:ARAI(AU;SAFA;DCLCRPCRSDWDWO;;;WD)""},{""@Name"":""ProcessId"",""#text"":""0x90C""},{""@Name"":""ProcessName"",""#text"":""C:\\Windows\\servicing\\TrustedInstaller.exe""}]}}",,,,,,,,,,
2025-02-07 11:28:22.153720+00:00,Evtx,,191.0,4907.0,LogAlways,Microsoft-Windows-Security-Auditing,Security,428.0,452.0,WIN-3M6ADARIMNH,,,,,False,"{""EventData"":{""Data"":[{""@Name"":""SubjectUserSid"",""#text"":""S-1-5-18""},{""@Name"":""SubjectUserName"",""#text"":""WIN-3M6ADARIMNH$""},{""@Name"":""SubjectDomainName"",""#text"":""WORKGROUP""},{""@Name"":""SubjectLogonId"",""#text"":""0x3E7""},{""@Name"":""ObjectServer"",""#text"":""Security""},{""@Name"":""ObjectType"",""#text"":""File""},{""@Name"":""ObjectName"",""#text"":""C:\\Windows\\SysWOW64\\api-ms-win-crt-utility-l1-1-0.dll""},{""@Name"":""HandleId"",""#text"":""0x67C""},{""@Name"":""OldSd""},{""@Name"":""NewSd"",""#text"":""S:ARAI(AU;SAFA;DCLCRPCRSDWDWO;;;WD)""},{""@Name"":""ProcessId"",""#text"":""0x90C""},{""@Name"":""ProcessName"",""#text"":""C:\\Windows\\servicing\\TrustedInstaller.exe""}]}}",,,,,,,,,,
2025-02-07 11:28:22.153720+00:00,Evtx,,190.0,4907.0,LogAlways,Microsoft-Windows-Security-Auditing,Security,428.0,452.0,WIN-3M6ADARIMNH,,,,,False,"{""EventData"":{""Data"":[{""@Name"":""SubjectUserSid"",""#text"":""S-1-5-18""},{""@Name"":""SubjectUserName"",""#text"":""WIN-3M6ADARIMNH$""},{""@Name"":""SubjectDomainName"",""#text"":""WORKGROUP""},{""@Name"":""SubjectLogonId"",""#text"":""0x3E7""},{""@Name"":""ObjectServer"",""#text"":""Security""},{""@Name"":""ObjectType"",""#text"":""File""},{""@Name"":""ObjectName"",""#text"":""C:\\Windows\\SysWOW64\\api-ms-win-crt-stdio-l1-1-0.dll""},{""@Name"":""HandleId"",""#text"":""0x650""},{""@Name"":""OldSd""},{""@Name"":""NewSd"",""#text"":""S:ARAI(AU;SAFA;DCLCRPCRSDWDWO;;;WD)""},{""@Name"":""ProcessId"",""#text"":""0x90C""},{""@Name"":""ProcessName"",""#text"":""C:\\Windows\\servicing\\TrustedInstaller.exe""}]}}",,,,,,,,,,
2025-02-07 11:28:22.153720+00:00,Evtx,,196.0,4907.0,LogAlways,Microsoft-Windows-Security-Auditing,Security,428.0,452.0,WIN-3M6ADARIMNH,,,,,False,"{""EventData"":{""Data"":[{""@Name"":""SubjectUserSid"",""#text"":""S-1-5-18""},{""@Name"":""SubjectUserName"",""#text"":""WIN-3M6ADARIMNH$""},{""@Name"":""SubjectDomainName"",""#text"":""WORKGROUP""},{""@Name"":""SubjectLogonId"",""#text"":""0x3E7""},{""@Name"":""ObjectServer"",""#text"":""Security""},{""@Name"":""ObjectType"",""#text"":""File""},{""@Name"":""ObjectName"",""#text"":""C:\\Windows\\SysWOW64\\api-ms-win-core-localization-l1-2-0.dll""},{""@Name"":""HandleId"",""#text"":""0x664""},{""@Name"":""OldSd""},{""@Name"":""NewSd"",""#text"":""S:ARAI(AU;SAFA;DCLCRPCRSDWDWO;;;WD)""},{""@Name"":""ProcessId"",""#text"":""0x90C""},{""@Name"":""ProcessName"",""#text"":""C:\\Windows\\servicing\\TrustedInstaller.exe""}]}}",,,,,,,,,,
2025-02-07 11:28:22.153720+00:00,Evtx,,197.0,4907.0,LogAlways,Microsoft-Windows-Security-Auditing,Security,428.0,452.0,WIN-3M6ADARIMNH,,,,,False,"{""EventData"":{""Data"":[{""@Name"":""SubjectUserSid"",""#text"":""S-1-5-18""},{""@Name"":""SubjectUserName"",""#text"":""WIN-3M6ADARIMNH$""},{""@Name"":""SubjectDomainName"",""#text"":""WORKGROUP""},{""@Name"":""SubjectLogonId"",""#text"":""0x3E7""},{""@Name"":""ObjectServer"",""#text"":""Security""},{""@Name"":""ObjectType"",""#text"":""File""},{""@Name"":""ObjectName"",""#text"":""C:\\Windows\\SysWOW64\\api-ms-win-core-processthreads-l1-1-1.dll""},{""@Name"":""HandleId"",""#text"":""0x63C""},{""@Name"":""OldSd""},{""@Name"":""NewSd"",""#text"":""S:ARAI(AU;SAFA;DCLCRPCRSDWDWO;;;WD)""},{""@Name"":""ProcessId"",""#text"":""0x90C""},{""@Name"":""ProcessName"",""#text"":""C:\\Windows\\servicing\\TrustedInstaller.exe""}]}}",,,,,,,,,,
2025-02-07 11:28:22.153720+00:00,Evtx,,195.0,4907.0,LogAlways,Microsoft-Windows-Security-Auditing,Security,428.0,452.0,WIN-3M6ADARIMNH,,,,,False,"{""EventData"":{""Data"":[{""@Name"":""SubjectUserSid"",""#text"":""S-1-5-18""},{""@Name"":""SubjectUserName"",""#text"":""WIN-3M6ADARIMNH$""},{""@Name"":""SubjectDomainName"",""#text"":""WORKGROUP""},{""@Name"":""SubjectLogonId"",""#text"":""0x3E7""},{""@Name"":""ObjectServer"",""#text"":""Security""},{""@Name"":""ObjectType"",""#text"":""File""},{""@Name"":""ObjectName"",""#text"":""C:\\Windows\\SysWOW64\\api-ms-win-crt-process-l1-1-0.dll""},{""@Name"":""HandleId"",""#text"":""0x67C""},{""@Name"":""OldSd""},{""@Name"":""NewSd"",""#text"":""S:ARAI(AU;SAFA;DCLCRPCRSDWDWO;;;WD)""},{""@Name"":""ProcessId"",""#text"":""0x90C""},{""@Name"":""ProcessName"",""#text"":""C:\\Windows\\servicing\\TrustedInstaller.exe""}]}}",,,,,,,,,,
2025-02-07 11:28:22.169320+00:00,Evtx,,199.0,4907.0,LogAlways,Microsoft-Windows-Security-Auditing,Security,428.0,452.0,WIN-3M6ADARIMNH,,,,,False,"{""EventData"":{""Data"":[{""@Name"":""SubjectUserSid"",""#text"":""S-1-5-18""},{""@Name"":""SubjectUserName"",""#text"":""WIN-3M6ADARIMNH$""},{""@Name"":""SubjectDomainName"",""#text"":""WORKGROUP""},{""@Name"":""SubjectLogonId"",""#text"":""0x3E7""},{""@Name"":""ObjectServer"",""#text"":""Security""},{""@Name"":""ObjectType"",""#text"":""File""},{""@Name"":""ObjectName"",""#text"":""C:\\Windows\\SysWOW64\\api-ms-win-crt-environment-l1-1-0.dll""},{""@Name"":""HandleId"",""#text"":""0x67C""},{""@Name"":""OldSd""},{""@Name"":""NewSd"",""#text"":""S:ARAI(AU;SAFA;DCLCRPCRSDWDWO;;;WD)""},{""@Name"":""ProcessId"",""#text"":""0x90C""},{""@Name"":""ProcessName"",""#text"":""C:\\Windows\\servicing\\TrustedInstaller.exe""}]}}",,,,,,,,,,
2025-02-07 11:28:22.169320+00:00,Evtx,,198.0,4907.0,LogAlways,Microsoft-Windows-Security-Auditing,Security,428.0,452.0,WIN-3M6ADARIMNH,,,,,False,"{""EventData"":{""Data"":[{""@Name"":""SubjectUserSid"",""#text"":""S-1-5-18""},{""@Name"":""SubjectUserName"",""#text"":""WIN-3M6ADARIMNH$""},{""@Name"":""SubjectDomainName"",""#text"":""WORKGROUP""},{""@Name"":""SubjectLogonId"",""#text"":""0x3E7""},{""@Name"":""ObjectServer"",""#text"":""Security""},{""@Name"":""ObjectType"",""#text"":""File""},{""@Name"":""ObjectName"",""#text"":""C:\\Windows\\SysWOW64\\api-ms-win-core-synch-l1-2-0.dll""},{""@Name"":""HandleId"",""#text"":""0x650""},{""@Name"":""OldSd""},{""@Name"":""NewSd"",""#text"":""S:ARAI(AU;SAFA;DCLCRPCRSDWDWO;;;WD)""},{""@Name"":""ProcessId"",""#text"":""0x90C""},{""@Name"":""ProcessName"",""#text"":""C:\\Windows\\servicing\\TrustedInstaller.exe""}]}}",,,,,,,,,,
2025-02-07 11:28:22.184920+00:00,Evtx,,203.0,4907.0,LogAlways,Microsoft-Windows-Security-Auditing,Security,428.0,452.0,WIN-3M6ADARIMNH,,,,,False,"{""EventData"":{""Data"":[{""@Name"":""SubjectUserSid"",""#text"":""S-1-5-18""},{""@Name"":""SubjectUserName"",""#text"":""WIN-3M6ADARIMNH$""},{""@Name"":""SubjectDomainName"",""#text"":""WORKGROUP""},{""@Name"":""SubjectLogonId"",""#text"":""0x3E7""},{""@Name"":""ObjectServer"",""#text"":""Security""},{""@Name"":""ObjectType"",""#text"":""File""},{""@Name"":""ObjectName"",""#text"":""C:\\Windows\\SysWOW64\\ucrtbase.dll""},{""@Name"":""HandleId"",""#text"":""0x67C""},{""@Name"":""OldSd""},{""@Name"":""NewSd"",""#text"":""S:ARAI(AU;SAFA;DCLCRPCRSDWDWO;;;WD)""},{""@Name"":""ProcessId"",""#text"":""0x90C""},{""@Name"":""ProcessName"",""#text"":""C:\\Windows\\servicing\\TrustedInstaller.exe""}]}}",,,,,,,,,,
2025-02-07 11:28:22.184920+00:00,Evtx,,207.0,4907.0,LogAlways,Microsoft-Windows-Security-Auditing,Security,428.0,452.0,WIN-3M6ADARIMNH,,,,,False,"{""EventData"":{""Data"":[{""@Name"":""SubjectUserSid"",""#text"":""S-1-5-18""},{""@Name"":""SubjectUserName"",""#text"":""WIN-3M6ADARIMNH$""},{""@Name"":""SubjectDomainName"",""#text"":""WORKGROUP""},{""@Name"":""SubjectLogonId"",""#text"":""0x3E7""},{""@Name"":""ObjectServer"",""#text"":""Security""},{""@Name"":""ObjectType"",""#text"":""File""},{""@Name"":""ObjectName"",""#text"":""C:\\Windows\\SysWOW64\\api-ms-win-core-file-l1-2-0.dll""},{""@Name"":""HandleId"",""#text"":""0x67C""},{""@Name"":""OldSd""},{""@Name"":""NewSd"",""#text"":""S:ARAI(AU;SAFA;DCLCRPCRSDWDWO;;;WD)""},{""@Name"":""ProcessId"",""#text"":""0x90C""},{""@Name"":""ProcessName"",""#text"":""C:\\Windows\\servicing\\TrustedInstaller.exe""}]}}",,,,,,,,,,
2025-02-07 11:28:22.184920+00:00,Evtx,,208.0,4907.0,LogAlways,Microsoft-Windows-Security-Auditing,Security,428.0,452.0,WIN-3M6ADARIMNH,,,,,False,"{""EventData"":{""Data"":[{""@Name"":""SubjectUserSid"",""#text"":""S-1-5-18""},{""@Name"":""SubjectUserName"",""#text"":""WIN-3M6ADARIMNH$""},{""@Name"":""SubjectDomainName"",""#text"":""WORKGROUP""},{""@Name"":""SubjectLogonId"",""#text"":""0x3E7""},{""@Name"":""ObjectServer"",""#text"":""Security""},{""@Name"":""ObjectType"",""#text"":""File""},{""@Name"":""ObjectName"",""#text"":""C:\\Windows\\SysWOW64\\api-ms-win-crt-private-l1-1-0.dll""},{""@Name"":""HandleId"",""#text"":""0x664""},{""@Name"":""OldSd""},{""@Name"":""NewSd"",""#text"":""S:ARAI(AU;SAFA;DCLCRPCRSDWDWO;;;WD)""},{""@Name"":""ProcessId"",""#text"":""0x90C""},{""@Name"":""ProcessName"",""#text"":""C:\\Windows\\servicing\\TrustedInstaller.exe""}]}}",,,,,,,,,,
2025-02-07 11:28:22.184920+00:00,Evtx,,200.0,4907.0,LogAlways,Microsoft-Windows-Security-Auditing,Security,428.0,452.0,WIN-3M6ADARIMNH,,,,,False,"{""EventData"":{""Data"":[{""@Name"":""SubjectUserSid"",""#text"":""S-1-5-18""},{""@Name"":""SubjectUserName"",""#text"":""WIN-3M6ADARIMNH$""},{""@Name"":""SubjectDomainName"",""#text"":""WORKGROUP""},{""@Name"":""SubjectLogonId"",""#text"":""0x3E7""},{""@Name"":""ObjectServer"",""#text"":""Security""},{""@Name"":""ObjectType"",""#text"":""File""},{""@Name"":""ObjectName"",""#text"":""C:\\Windows\\SysWOW64\\api-ms-win-crt-conio-l1-1-0.dll""},{""@Name"":""HandleId"",""#text"":""0x664""},{""@Name"":""OldSd""},{""@Name"":""NewSd"",""#text"":""S:ARAI(AU;SAFA;DCLCRPCRSDWDWO;;;WD)""},{""@Name"":""ProcessId"",""#text"":""0x90C""},{""@Name"":""ProcessName"",""#text"":""C:\\Windows\\servicing\\TrustedInstaller.exe""}]}}",,,,,,,,,,
2025-02-07 11:28:22.184920+00:00,Evtx,,201.0,4907.0,LogAlways,Microsoft-Windows-Security-Auditing,Security,428.0,452.0,WIN-3M6ADARIMNH,,,,,False,"{""EventData"":{""Data"":[{""@Name"":""SubjectUserSid"",""#text"":""S-1-5-18""},{""@Name"":""SubjectUserName"",""#text"":""WIN-3M6ADARIMNH$""},{""@Name"":""SubjectDomainName"",""#text"":""WORKGROUP""},{""@Name"":""SubjectLogonId"",""#text"":""0x3E7""},{""@Name"":""ObjectServer"",""#text"":""Security""},{""@Name"":""ObjectType"",""#text"":""File""},{""@Name"":""ObjectName"",""#text"":""C:\\Windows\\SysWOW64\\api-ms-win-core-file-l2-1-0.dll""},{""@Name"":""HandleId"",""#text"":""0x63C""},{""@Name"":""OldSd""},{""@Name"":""NewSd"",""#text"":""S:ARAI(AU;SAFA;DCLCRPCRSDWDWO;;;WD)""},{""@Name"":""ProcessId"",""#text"":""0x90C""},{""@Name"":""ProcessName"",""#text"":""C:\\Windows\\servicing\\TrustedInstaller.exe""}]}}",,,,,,,,,,
2025-02-07 11:28:22.184920+00:00,Evtx,,206.0,4907.0,LogAlways,Microsoft-Windows-Security-Auditing,Security,428.0,452.0,WIN-3M6ADARIMNH,,,,,False,"{""EventData"":{""Data"":[{""@Name"":""SubjectUserSid"",""#text"":""S-1-5-18""},{""@Name"":""SubjectUserName"",""#text"":""WIN-3M6ADARIMNH$""},{""@Name"":""SubjectDomainName"",""#text"":""WORKGROUP""},{""@Name"":""SubjectLogonId"",""#text"":""0x3E7""},{""@Name"":""ObjectServer"",""#text"":""Security""},{""@Name"":""ObjectType"",""#text"":""File""},{""@Name"":""ObjectName"",""#text"":""C:\\Windows\\SysWOW64\\api-ms-win-crt-convert-l1-1-0.dll""},{""@Name"":""HandleId"",""#text"":""0x650""},{""@Name"":""OldSd""},{""@Name"":""NewSd"",""#text"":""S:ARAI(AU;SAFA;DCLCRPCRSDWDWO;;;WD)""},{""@Name"":""ProcessId"",""#text"":""0x90C""},{""@Name"":""ProcessName"",""#text"":""C:\\Windows\\servicing\\TrustedInstaller.exe""}]}}",,,,,,,,,,
2025-02-07 11:28:22.184920+00:00,Evtx,,205.0,4907.0,LogAlways,Microsoft-Windows-Security-Auditing,Security,428.0,452.0,WIN-3M6ADARIMNH,,,,,False,"{""EventData"":{""Data"":[{""@Name"":""SubjectUserSid"",""#text"":""S-1-5-18""},{""@Name"":""SubjectUserName"",""#text"":""WIN-3M6ADARIMNH$""},{""@Name"":""SubjectDomainName"",""#text"":""WORKGROUP""},{""@Name"":""SubjectLogonId"",""#text"":""0x3E7""},{""@Name"":""ObjectServer"",""#text"":""Security""},{""@Name"":""ObjectType"",""#text"":""File""},{""@Name"":""ObjectName"",""#text"":""C:\\Windows\\SysWOW64\\api-ms-win-eventing-provider-l1-1-0.dll""},{""@Name"":""HandleId"",""#text"":""0x63C""},{""@Name"":""OldSd""},{""@Name"":""NewSd"",""#text"":""S:ARAI(AU;SAFA;DCLCRPCRSDWDWO;;;WD)""},{""@Name"":""ProcessId"",""#text"":""0x90C""},{""@Name"":""ProcessName"",""#text"":""C:\\Windows\\servicing\\TrustedInstaller.exe""}]}}",,,,,,,,,,
2025-02-07 11:28:22.184920+00:00,Evtx,,202.0,4907.0,LogAlways,Microsoft-Windows-Security-Auditing,Security,428.0,452.0,WIN-3M6ADARIMNH,,,,,False,"{""EventData"":{""Data"":[{""@Name"":""SubjectUserSid"",""#text"":""S-1-5-18""},{""@Name"":""SubjectUserName"",""#text"":""WIN-3M6ADARIMNH$""},{""@Name"":""SubjectDomainName"",""#text"":""WORKGROUP""},{""@Name"":""SubjectLogonId"",""#text"":""0x3E7""},{""@Name"":""ObjectServer"",""#text"":""Security""},{""@Name"":""ObjectType"",""#text"":""File""},{""@Name"":""ObjectName"",""#text"":""C:\\Windows\\SysWOW64\\api-ms-win-crt-multibyte-l1-1-0.dll""},{""@Name"":""HandleId"",""#text"":""0x650""},{""@Name"":""OldSd""},{""@Name"":""NewSd"",""#text"":""S:ARAI(AU;SAFA;DCLCRPCRSDWDWO;;;WD)""},{""@Name"":""ProcessId"",""#text"":""0x90C""},{""@Name"":""ProcessName"",""#text"":""C:\\Windows\\servicing\\TrustedInstaller.exe""}]}}",,,,,,,,,,
2025-02-07 11:28:22.184920+00:00,Evtx,,204.0,4907.0,LogAlways,Microsoft-Windows-Security-Auditing,Security,428.0,452.0,WIN-3M6ADARIMNH,,,,,False,"{""EventData"":{""Data"":[{""@Name"":""SubjectUserSid"",""#text"":""S-1-5-18""},{""@Name"":""SubjectUserName"",""#text"":""WIN-3M6ADARIMNH$""},{""@Name"":""SubjectDomainName"",""#text"":""WORKGROUP""},{""@Name"":""SubjectLogonId"",""#text"":""0x3E7""},{""@Name"":""ObjectServer"",""#text"":""Security""},{""@Name"":""ObjectType"",""#text"":""File""},{""@Name"":""ObjectName"",""#text"":""C:\\Windows\\SysWOW64\\api-ms-win-core-timezone-l1-1-0.dll""},{""@Name"":""HandleId"",""#text"":""0x664""},{""@Name"":""OldSd""},{""@Name"":""NewSd"",""#text"":""S:ARAI(AU;SAFA;DCLCRPCRSDWDWO;;;WD)""},{""@Name"":""ProcessId"",""#text"":""0x90C""},{""@Name"":""ProcessName"",""#text"":""C:\\Windows\\servicing\\TrustedInstaller.exe""}]}}",,,,,,,,,,
2025-02-07 11:28:22.278520200+00:00,Evtx,Start type of a service has changed,750.0,7040.0,Info,Service Control Manager,System,420.0,1788.0,WIN-3M6ADARIMNH,S-1-5-18,,,TrustedInstaller,False,"{""EventData"":{""Data"":[{""@Name"":""param1"",""#text"":""Windows Modules Installer""},{""@Name"":""param2"",""#text"":""auto start""},{""@Name"":""param3"",""#text"":""demand start""},{""@Name"":""param4"",""#text"":""TrustedInstaller""}]}}",,,,,,,,,,
2025-02-07 11:28:22.372120400+00:00,Evtx,Successful logon,209.0,4624.0,LogAlways,Microsoft-Windows-Security-Auditing,Security,428.0,492.0,WIN-3M6ADARIMNH,,WORKGROUP\WIN-3M6ADARIMNH$, (-),C:\Windows\System32\services.exe,False,"{""EventData"":{""Data"":[{""@Name"":""SubjectUserSid"",""#text"":""S-1-5-18""},{""@Name"":""SubjectUserName"",""#text"":""WIN-3M6ADARIMNH$""},{""@Name"":""SubjectDomainName"",""#text"":""WORKGROUP""},{""@Name"":""SubjectLogonId"",""#text"":""0x3E7""},{""@Name"":""TargetUserSid"",""#text"":""S-1-5-18""},{""@Name"":""TargetUserName"",""#text"":""SYSTEM""},{""@Name"":""TargetDomainName"",""#text"":""NT AUTHORITY""},{""@Name"":""TargetLogonId"",""#text"":""0x3E7""},{""@Name"":""LogonType"",""#text"":""5""},{""@Name"":""LogonProcessName"",""#text"":""Advapi  ""},{""@Name"":""AuthenticationPackageName"",""#text"":""Negotiate""},{""@Name"":""WorkstationName""},{""@Name"":""LogonGuid"",""#text"":""00000000-0000-0000-0000-000000000000""},{""@Name"":""TransmittedServices"",""#text"":""-""},{""@Name"":""LmPackageName"",""#text"":""-""},{""@Name"":""KeyLength"",""#text"":""0""},{""@Name"":""ProcessId"",""#text"":""0x1A4""},{""@Name"":""ProcessName"",""#text"":""C:\\Windows\\System32\\services.exe""},{""@Name"":""IpAddress"",""#text"":""-""},{""@Name"":""IpPort"",""#text"":""-""}]}}",,,,,,,,,,
2025-02-07 11:28:22.372120400+00:00,Evtx,Administrative logon,210.0,4672.0,LogAlways,Microsoft-Windows-Security-Auditing,Security,428.0,492.0,WIN-3M6ADARIMNH,,NT AUTHORITY\SYSTEM (S-1-5-18),,,False,"{""EventData"":{""Data"":[{""@Name"":""SubjectUserSid"",""#text"":""S-1-5-18""},{""@Name"":""SubjectUserName"",""#text"":""SYSTEM""},{""@Name"":""SubjectDomainName"",""#text"":""NT AUTHORITY""},{""@Name"":""SubjectLogonId"",""#text"":""0x3E7""},{""@Name"":""PrivilegeList"",""#text"":""SeAssignPrimaryTokenPrivilege, SeTcbPrivilege, SeSecurityPrivilege, SeTakeOwnershipPrivilege, SeLoadDriverPrivilege, SeBackupPrivilege, SeRestorePrivilege, SeDebugPrivilege, SeAuditPrivilege, SeSystemEnvironmentPrivilege, SeImpersonatePrivilege""}]}}",,,,,,,,,,
2025-02-07 11:28:22.418920500+00:00,Evtx,Service started or stopped,751.0,7036.0,Info,Service Control Manager,System,420.0,2620.0,WIN-3M6ADARIMNH,,,,,False,"{""EventData"":{""Data"":[{""@Name"":""param1"",""#text"":""Windows Installer""},{""@Name"":""param2"",""#text"":""running""}],""Binary"":""6D-00-73-00-69-00-73-00-65-00-72-00-76-00-65-00-72-00-2F-00-34-00-00-00""}}",,,,,,,,,,
2025-02-07 11:28:27.317329100+00:00,Evtx,,752.0,19.0,Info,Microsoft-Windows-WindowsUpdateClient,System,816.0,1636.0,WIN-3M6ADARIMNH,S-1-5-18,,,,False,"{""EventData"":{""Data"":[{""@Name"":""updateTitle"",""#text"":""Update for Windows (KB2999226)""},{""@Name"":""updateGuid"",""#text"":""c325619b-2c11-4527-b602-431b918e8fb0""},{""@Name"":""updateRevisionNumber"",""#text"":""501""}]}}",,,,,,,,,,
2025-02-07 11:29:26.035832200+00:00,Registry,Add/Remove Programs Entries | Displays installed software,,,,,,,,,,,,,,,Software,Installed Software,CMI-CreateHive{199DAFC2-6F16-4946-BF90-5A3FC3A60902}\Wow6432Node\Microsoft\Windows\CurrentVersion\Uninstall,Multiple,(plugin),KeyName: AddressBook DisplayName:  DisplayVersion:  Publisher:  InstallDate: ,Timestamp: 2009-07-14 04:53:25.7960181,InstallSource:  InstallLocation:  UninstallString: ,False,False
2025-02-07 11:29:26.035832200+00:00,Registry,Add/Remove Programs Entries | Displays installed software,,,,,,,,,,,,,,,Software,Installed Software,CMI-CreateHive{199DAFC2-6F16-4946-BF90-5A3FC3A60902}\Wow6432Node\Microsoft\Windows\CurrentVersion\Uninstall,Multiple,(plugin),KeyName: IE40 DisplayName:  DisplayVersion:  Publisher:  InstallDate: ,Timestamp: 2009-07-14 04:53:25.7960181,InstallSource:  InstallLocation:  UninstallString: ,False,False
2025-02-07 11:29:26.035832200+00:00,Registry,Add/Remove Programs Entries | Displays installed software,,,,,,,,,,,,,,,Software,Installed Software,CMI-CreateHive{199DAFC2-6F16-4946-BF90-5A3FC3A60902}\Wow6432Node\Microsoft\Windows\CurrentVersion\Uninstall,Multiple,(plugin),KeyName: Fontcore DisplayName:  DisplayVersion:  Publisher:  InstallDate: ,Timestamp: 2009-07-14 04:53:25.7960181,InstallSource:  InstallLocation:  UninstallString: ,False,False
2025-02-07 11:29:26.035832200+00:00,Registry,Add/Remove Programs Entries | Displays installed software,,,,,,,,,,,,,,,Software,Installed Software,CMI-CreateHive{199DAFC2-6F16-4946-BF90-5A3FC3A60902}\Wow6432Node\Microsoft\Windows\CurrentVersion\Uninstall,Multiple,(plugin),KeyName: DirectDrawEx DisplayName:  DisplayVersion:  Publisher:  InstallDate: ,Timestamp: 2009-07-14 04:53:25.7960181,InstallSource:  InstallLocation:  UninstallString: ,False,False
2025-02-07 11:29:26.035832200+00:00,Registry,Add/Remove Programs Entries | Displays installed software,,,,,,,,,,,,,,,Software,Installed Software,CMI-CreateHive{199DAFC2-6F16-4946-BF90-5A3FC3A60902}\Wow6432Node\Microsoft\Windows\CurrentVersion\Uninstall,Multiple,(plugin),KeyName: Connection Manager DisplayName:  DisplayVersion:  Publisher:  InstallDate: ,Timestamp: 2009-07-14 04:53:25.7960181,InstallSource:  InstallLocation:  UninstallString: ,False,False
2025-02-07 11:29:26.035832200+00:00,Registry,Add/Remove Programs Entries | Displays installed software,,,,,,,,,,,,,,,Software,Installed Software,CMI-CreateHive{199DAFC2-6F16-4946-BF90-5A3FC3A60902}\Wow6432Node\Microsoft\Windows\CurrentVersion\Uninstall,Multiple,(plugin),KeyName: IE5BAKEX DisplayName:  DisplayVersion:  Publisher:  InstallDate: ,Timestamp: 2009-07-14 04:53:25.7960181,InstallSource:  InstallLocation:  UninstallString: ,False,False
2025-02-07 11:29:26.035832200+00:00,Evtx,,753.0,33.0,Info,volsnap,System,0.0,0.0,WIN-3M6ADARIMNH,,,,,False,"{""EventData"":{""Data"":""\\Device\\HarddiskVolumeShadowCopy2, C:"",""Binary"":""00-00-00-00-02-00-30-00-00-00-00-00-21-00-06-40-02-00-00-00-00-00-00-00-01-00-00-00-00-00-00-00-00-00-00-00-00-00-00-00""}}",,,,,,,,,,
2025-02-07 11:29:26.035832200+00:00,Registry,Add/Remove Programs Entries | Displays installed software,,,,,,,,,,,,,,,Software,Installed Software,CMI-CreateHive{199DAFC2-6F16-4946-BF90-5A3FC3A60902}\Wow6432Node\Microsoft\Windows\CurrentVersion\Uninstall,Multiple,(plugin),KeyName: IEData DisplayName:  DisplayVersion:  Publisher:  InstallDate: ,Timestamp: 2009-07-14 04:53:25.7960181,InstallSource:  InstallLocation:  UninstallString: ,False,False
2025-02-07 11:29:26.035832200+00:00,Registry,Add/Remove Programs Entries | Displays installed software,,,,,,,,,,,,,,,Software,Installed Software,CMI-CreateHive{199DAFC2-6F16-4946-BF90-5A3FC3A60902}\Wow6432Node\Microsoft\Windows\CurrentVersion\Uninstall,Multiple,(plugin),KeyName: MobileOptionPack DisplayName:  DisplayVersion:  Publisher:  InstallDate: ,Timestamp: 2009-07-14 04:53:25.7960181,InstallSource:  InstallLocation:  UninstallString: ,False,False
2025-02-07 11:29:26.035832200+00:00,Registry,Add/Remove Programs Entries | Displays installed software,,,,,,,,,,,,,,,Software,Installed Software,CMI-CreateHive{199DAFC2-6F16-4946-BF90-5A3FC3A60902}\Wow6432Node\Microsoft\Windows\CurrentVersion\Uninstall,Multiple,(plugin),KeyName: SchedulingAgent DisplayName:  DisplayVersion:  Publisher:  InstallDate: ,Timestamp: 2009-07-14 04:53:25.7960181,InstallSource:  InstallLocation:  UninstallString: ,False,False
2025-02-07 11:29:26.035832200+00:00,Registry,Add/Remove Programs Entries | Displays installed software,,,,,,,,,,,,,,,Software,Installed Software,CMI-CreateHive{199DAFC2-6F16-4946-BF90-5A3FC3A60902}\Wow6432Node\Microsoft\Windows\CurrentVersion\Uninstall,Multiple,(plugin),KeyName: WIC DisplayName:  DisplayVersion:  Publisher:  InstallDate: ,Timestamp: 2009-07-14 04:53:25.7960181,InstallSource:  InstallLocation:  UninstallString: ,False,False
2025-02-07 11:29:26.035832200+00:00,Registry,Add/Remove Programs Entries | Displays installed software,,,,,,,,,,,,,,,Software,Installed Software,CMI-CreateHive{199DAFC2-6F16-4946-BF90-5A3FC3A60902}\Wow6432Node\Microsoft\Windows\CurrentVersion\Uninstall,Multiple,(plugin),KeyName: {410c0ee1-00bb-41b6-9772-e12c2828b02f} DisplayName: Microsoft Visual C++ 2015-2022 Redistributable (x86) - 14.36.32532 DisplayVersion: 14.36.32532.0 Publisher: Microsoft Corporation InstallDate: ,Timestamp: 2025-02-07 11:29:23.0874270,"InstallSource:  InstallLocation:  UninstallString: ""C:\ProgramData\Package Cache\{410c0ee1-00bb-41b6-9772-e12c2828b02f}\VC_redist.x86.exe""  /uninstall",False,False
2025-02-07 11:29:26.035832200+00:00,Registry,Add/Remove Programs Entries | Displays installed software,,,,,,,,,,,,,,,Software,Installed Software,CMI-CreateHive{199DAFC2-6F16-4946-BF90-5A3FC3A60902}\Wow6432Node\Microsoft\Windows\CurrentVersion\Uninstall,Multiple,(plugin),KeyName: {73F77E4E-5A17-46E5-A5FC-8A061047725F} DisplayName: Microsoft Visual C++ 2022 X86 Minimum Runtime - 14.36.32532 DisplayVersion: 14.36.32532 Publisher: Microsoft Corporation InstallDate: 20250207,Timestamp: 2025-02-07 11:29:22.6506262,InstallSource: C:\ProgramData\Package Cache\{73F77E4E-5A17-46E5-A5FC-8A061047725F}v14.36.32532\packages\vcRuntimeMinimum_x86\ InstallLocation:  UninstallString: MsiExec.exe /I{73F77E4E-5A17-46E5-A5FC-8A061047725F},False,False
2025-02-07 11:29:26.035832200+00:00,Registry,Add/Remove Programs Entries | Displays installed software,,,,,,,,,,,,,,,Software,Installed Software,CMI-CreateHive{199DAFC2-6F16-4946-BF90-5A3FC3A60902}\Wow6432Node\Microsoft\Windows\CurrentVersion\Uninstall,Multiple,(plugin),KeyName: {8bdfe669-9705-4184-9368-db9ce581e0e7} DisplayName: Microsoft Visual C++ 2015-2022 Redistributable (x64) - 14.36.32532 DisplayVersion: 14.36.32532.0 Publisher: Microsoft Corporation InstallDate: ,Timestamp: 2025-02-07 11:29:26.7846335,"InstallSource:  InstallLocation:  UninstallString: ""C:\ProgramData\Package Cache\{8bdfe669-9705-4184-9368-db9ce581e0e7}\VC_redist.x64.exe""  /uninstall",False,False
2025-02-07 11:29:26.035832200+00:00,Registry,Add/Remove Programs Entries | Displays installed software,,,,,,,,,,,,,,,Software,Installed Software,CMI-CreateHive{199DAFC2-6F16-4946-BF90-5A3FC3A60902}\Wow6432Node\Microsoft\Windows\CurrentVersion\Uninstall,Multiple,(plugin),KeyName: {C2C59CAB-8766-4ABD-A8EF-1151A36C41E5} DisplayName: Microsoft Visual C++ 2022 X86 Additional Runtime - 14.36.32532 DisplayVersion: 14.36.32532 Publisher: Microsoft Corporation InstallDate: 20250207,Timestamp: 2025-02-07 11:29:23.0406269,InstallSource: C:\ProgramData\Package Cache\{C2C59CAB-8766-4ABD-A8EF-1151A36C41E5}v14.36.32532\packages\vcRuntimeAdditional_x86\ InstallLocation:  UninstallString: MsiExec.exe /I{C2C59CAB-8766-4ABD-A8EF-1151A36C41E5},False,False
2025-02-07 11:29:26.035832200+00:00,Registry,Add/Remove Programs Entries | Displays installed software,,,,,,,,,,,,,,,Software,Installed Software,CMI-CreateHive{199DAFC2-6F16-4946-BF90-5A3FC3A60902}\Wow6432Node\Microsoft\Windows\CurrentVersion\Uninstall,Multiple,(plugin),KeyName: IE4Data DisplayName:  DisplayVersion:  Publisher:  InstallDate: ,Timestamp: 2009-07-14 04:53:25.7960181,InstallSource:  InstallLocation:  UninstallString: ,False,False
2025-02-07 11:29:26.644233300+00:00,Evtx,,211.0,4904.0,LogAlways,Microsoft-Windows-Security-Auditing,Security,428.0,492.0,WIN-3M6ADARIMNH,,,,,False,"{""EventData"":{""Data"":[{""@Name"":""SubjectUserSid"",""#text"":""S-1-5-18""},{""@Name"":""SubjectUserName"",""#text"":""WIN-3M6ADARIMNH$""},{""@Name"":""SubjectDomainName"",""#text"":""WORKGROUP""},{""@Name"":""SubjectLogonId"",""#text"":""0x3E7""},{""@Name"":""AuditSourceName"",""#text"":""VSSAudit""},{""@Name"":""EventSourceId"",""#text"":""0xE13ED""},{""@Name"":""ProcessId"",""#text"":""0xB20""},{""@Name"":""ProcessName"",""#text"":""C:\\Windows\\System32\\VSSVC.exe""}]}}",,,,,,,,,,
2025-02-07 11:29:26.644233300+00:00,Evtx,,212.0,4905.0,LogAlways,Microsoft-Windows-Security-Auditing,Security,428.0,492.0,WIN-3M6ADARIMNH,,,,,False,"{""EventData"":{""Data"":[{""@Name"":""SubjectUserSid"",""#text"":""S-1-5-18""},{""@Name"":""SubjectUserName"",""#text"":""WIN-3M6ADARIMNH$""},{""@Name"":""SubjectDomainName"",""#text"":""WORKGROUP""},{""@Name"":""SubjectLogonId"",""#text"":""0x3E7""},{""@Name"":""AuditSourceName"",""#text"":""VSSAudit""},{""@Name"":""EventSourceId"",""#text"":""0xE13ED""},{""@Name"":""ProcessId"",""#text"":""0xB20""},{""@Name"":""ProcessName"",""#text"":""C:\\Windows\\System32\\VSSVC.exe""}]}}",,,,,,,,,,
2025-02-07 11:29:28.110635800+00:00,Evtx,,8.0,42.0,Info,Microsoft-Windows-WindowsUpdateClient,Microsoft-Windows-WindowsUpdateClient/Operational,816.0,1636.0,WIN-3M6ADARIMNH,S-1-5-18,,,,False,"{""EventData"":{""Data"":[{""@Name"":""hc_stateid"",""#text"":""0""},{""@Name"":""restartDate""},{""@Name"":""restartTime""}]}}",,,,,,,,,,
2025-02-07 11:29:28.110635800+00:00,Evtx,,8.0,42.0,Info,Microsoft-Windows-WindowsUpdateClient,Microsoft-Windows-WindowsUpdateClient/Operational,816.0,1636.0,WIN-3M6ADARIMNH,S-1-5-18,,,,False,"{""EventData"":{""Data"":[{""@Name"":""hc_stateid"",""#text"":""0""},{""@Name"":""restartDate""},{""@Name"":""restartTime""}]}}",,,,,,,,,,
2025-02-07 11:29:28.110635800+00:00,Evtx,,754.0,28.0,Info,Microsoft-Windows-WindowsUpdateClient,System,816.0,1636.0,WIN-3M6ADARIMNH,S-1-5-18,,,,False,"{""EventData"":""""}",,,,,,,,,,
2025-02-07 11:29:28.110635800+00:00,Evtx,,755.0,27.0,Info,Microsoft-Windows-WindowsUpdateClient,System,816.0,1636.0,WIN-3M6ADARIMNH,S-1-5-18,,,,False,"{""EventData"":""""}",,,,,,,,,,
2025-02-07 11:29:28.110635800+00:00,Evtx,,756.0,28.0,Info,Microsoft-Windows-WindowsUpdateClient,System,816.0,1636.0,WIN-3M6ADARIMNH,S-1-5-18,,,,False,"{""EventData"":""""}",,,,,,,,,,
2025-02-07 11:30:08.873507400+00:00,Evtx,Service started or stopped,757.0,7036.0,Info,Service Control Manager,System,420.0,1788.0,WIN-3M6ADARIMNH,,,,,False,"{""EventData"":{""Data"":[{""@Name"":""param1"",""#text"":""Windows Time""},{""@Name"":""param2"",""#text"":""running""}],""Binary"":""57-00-33-00-32-00-54-00-69-00-6D-00-65-00-2F-00-34-00-00-00""}}",,,,,,,,,,
2025-02-07 11:30:09.279108100+00:00,Evtx,,1.0,100.0,Info,Microsoft-Windows-WindowsBackup,Microsoft-Windows-WindowsBackup/ActionCenter,532.0,2148.0,WIN-3M6ADARIMNH,S-1-5-19,,,,False,"{""EventData"":{""Data"":[{""@Name"":""hc_stateid"",""#text"":""1""},{""@Name"":""pwszTimeStamp""}]}}",,,,,,,,,,
2025-02-07 11:30:09.279108100+00:00,Evtx,,1.0,100.0,Info,Microsoft-Windows-WindowsBackup,Microsoft-Windows-WindowsBackup/ActionCenter,532.0,2148.0,WIN-3M6ADARIMNH,S-1-5-19,,,,False,"{""EventData"":{""Data"":[{""@Name"":""hc_stateid"",""#text"":""1""},{""@Name"":""pwszTimeStamp""}]}}",,,,,,,,,,
2025-02-07 11:30:10.449110200+00:00,Evtx,Synchronizing system time from time service,758.0,37.0,Info,Microsoft-Windows-Time-Service,System,924.0,2332.0,WIN-3M6ADARIMNH,S-1-5-19,,,,False,"{""EventData"":{""@Name"":""TMP_EVENT_TIME_SOURCE_REACHABLE"",""Data"":{""@Name"":""TimeSource"",""#text"":""time.windows.com,0x9 (ntp.m|0x9|0.0.0.0:123-&gt;20.189.79.72:123)""}}}",,,,,,,,,,
2025-02-07 11:30:24.910000+00:00,Evtx,The system time was changed,213.0,4616.0,LogAlways,Microsoft-Windows-Security-Auditing,Security,4.0,56.0,WIN-3M6ADARIMNH,,NT AUTHORITY\LOCAL SERVICE (S-1-5-19),,C:\Windows\System32\svchost.exe,False,"{""EventData"":{""Data"":[{""@Name"":""SubjectUserSid"",""#text"":""S-1-5-19""},{""@Name"":""SubjectUserName"",""#text"":""LOCAL SERVICE""},{""@Name"":""SubjectDomainName"",""#text"":""NT AUTHORITY""},{""@Name"":""SubjectLogonId"",""#text"":""0x3E5""},{""@Name"":""PreviousTime"",""#text"":""2025-02-07 11:30:24.9103356""},{""@Name"":""NewTime"",""#text"":""2025-02-07 11:30:24.9100000""},{""@Name"":""ProcessId"",""#text"":""0x39C""},{""@Name"":""ProcessName"",""#text"":""C:\\Windows\\System32\\svchost.exe""}]}}",,,,,,,,,,
2025-02-07 11:30:24.910000+00:00,Evtx,Service started or stopped,761.0,7036.0,Info,Service Control Manager,System,420.0,1788.0,WIN-3M6ADARIMNH,,,,,False,"{""EventData"":{""Data"":[{""@Name"":""param1"",""#text"":""Windows Time""},{""@Name"":""param2"",""#text"":""stopped""}],""Binary"":""57-00-33-00-32-00-54-00-69-00-6D-00-65-00-2F-00-31-00-00-00""}}",,,,,,,,,,
2025-02-07 11:30:24.910000+00:00,Evtx,The system time was changed,760.0,1.0,Info,Microsoft-Windows-Kernel-General,System,924.0,512.0,WIN-3M6ADARIMNH,S-1-5-19,,,,False,"{""EventData"":{""Data"":[{""@Name"":""NewTime"",""#text"":""2025-02-07 11:30:24.9100000""},{""@Name"":""OldTime"",""#text"":""2025-02-07 11:30:24.9103356""}]}}",,,,,,,,,,
2025-02-07 11:30:24.910335600+00:00,Evtx,Synchronizing system time from time service,759.0,35.0,Info,Microsoft-Windows-Time-Service,System,924.0,2332.0,WIN-3M6ADARIMNH,S-1-5-19,,,,False,"{""EventData"":{""@Name"":""TMP_EVENT_TIME_SOURCE_CHOSEN"",""Data"":{""@Name"":""TimeSource"",""#text"":""time.windows.com,0x9 (ntp.m|0x9|0.0.0.0:123-&gt;20.189.79.72:123)""}}}",,,,,,,,,,
2025-02-07 11:31:30.336514900+00:00,Evtx,,8.0,1016.0,Info,Microsoft-Windows-ReadyBoost,Microsoft-Windows-ReadyBoost/Operational,768.0,2804.0,WIN-3M6ADARIMNH,S-1-5-18,,,,False,"{""EventData"":{""Data"":[{""@Name"":""BootPlanTimestamp"",""#text"":""2025-02-07 19:31:30.1805146""},{""@Name"":""ErrorCode"",""#text"":""0""},{""@Name"":""Duration (ms)"",""#text"":""156""},{""@Name"":""Reason"",""#text"":""1""}]}}",,,,,,,,,,
