2025-02-07 11:23:42.175606100+00:00,Evtx,,12.0,100.0,Info,Microsoft-Windows-Diagnosis-DPS,Microsoft-Windows-Diagnosis-DPS/Operational,1016.0,2020.0,WIN-3M6ADARIMNH,S-1-5-19,,,,False,"{""EventData"":{""Data"":[{""@Name"":""ScenarioId"",""#text"":""86432a0b-3c7d-4ddf-a89c-172faa90485d""},{""@Name"":""InstanceId"",""#text"":""6a73abea-1e6c-40a2-b84f-19d967150ef9""},{""@Name"":""OriginalActivityId"",""#text"":""86432a0b-3c7d-4ddf-a89c-172faa90485d""},{""@Name"":""DiagnosticModuleImageName"",""#text"":""%SystemRoot%\\system32\\diagperf.dll""},{""@Name"":""DiagnosticModuleId"",""#text"":""c8544339-5be9-4f25-862e-485f1b1a6935""}]}}",,,,,,,,,,
2025-02-07 11:23:42.253606200+00:00,Evtx,Windows System was started,4.0,100.0,Warning,Microsoft-Windows-Diagnostics-Performance,Microsoft-Windows-Diagnostics-Performance/Operational,1016.0,2020.0,WIN-3M6ADARIMNH,S-1-5-19,,,,False,"{""EventData"":{""Data"":[{""@Name"":""BootTsVersion"",""#text"":""2""},{""@Name"":""BootStartTime"",""#text"":""2025-02-07 11:21:59.5624001""},{""@Name"":""BootEndTime"",""#text"":""2025-02-07 11:23:40.1944026""},{""@Name"":""SystemBootInstance"",""#text"":""7""},{""@Name"":""UserBootInstance"",""#text"":""2""},{""@Name"":""BootTime"",""#text"":""31308""},{""@Name"":""MainPathBootTime"",""#text"":""20808""},{""@Name"":""BootKernelInitTime"",""#text"":""10""},{""@Name"":""BootDriverInitTime"",""#text"":""1151""},{""@Name"":""BootDevicesInitTime"",""#text"":""5386""},{""@Name"":""BootPrefetchInitTime"",""#text"":""5446""},{""@Name"":""BootPrefetchBytes"",""#text"":""635412480""},{""@Name"":""BootAutoChkTime"",""#text"":""0""},{""@Name"":""BootSmssInitTime"",""#text"":""1486""},{""@Name"":""BootCriticalServicesInitTime"",""#text"":""218""},{""@Name"":""BootUserProfileProcessingTime"",""#text"":""288""},{""@Name"":""BootMachineProfileProcessingTime"",""#text"":""169""},{""@Name"":""BootExplorerInitTime"",""#text"":""11386""},{""@Name"":""BootNumStartupApps"",""#text"":""22""},{""@Name"":""BootPostBootTime"",""#text"":""10500""},{""@Name"":""BootIsRebootAfterInstall"",""#text"":""False""},{""@Name"":""BootRootCauseStepImprovementBits"",""#text"":""0""},{""@Name"":""BootRootCauseGradualImprovementBits"",""#text"":""0""},{""@Name"":""BootRootCauseStepDegradationBits"",""#text"":""4194304""},{""@Name"":""BootRootCauseGradualDegradationBits"",""#text"":""4194304""},{""@Name"":""BootIsDegradation"",""#text"":""False""},{""@Name"":""BootIsStepDegradation"",""#text"":""False""},{""@Name"":""BootIsGradualDegradation"",""#text"":""False""},{""@Name"":""BootImprovementDelta"",""#text"":""0""},{""@Name"":""BootDegradationDelta"",""#text"":""0""},{""@Name"":""BootIsRootCauseIdentified"",""#text"":""True""},{""@Name"":""OSLoaderDuration"",""#text"":""1295""},{""@Name"":""BootPNPInitStartTimeMS"",""#text"":""10""},{""@Name"":""BootPNPInitDuration"",""#text"":""5394""},{""@Name"":""OtherKernelInitDuration"",""#text"":""319""},{""@Name"":""SystemPNPInitStartTimeMS"",""#text"":""5709""},{""@Name"":""SystemPNPInitDuration"",""#text"":""1143""},{""@Name"":""SessionInitStartTimeMS"",""#text"":""6858""},{""@Name"":""Session0InitDuration"",""#text"":""642""},{""@Name"":""Session1InitDuration"",""#text"":""64""},{""@Name"":""SessionInitOtherDuration"",""#text"":""780""},{""@Name"":""WinLogonStartTimeMS"",""#text"":""8345""},{""@Name"":""OtherLogonInitActivityDuration"",""#text"":""620""},{""@Name"":""UserLogonWaitDuration"",""#text"":""101""}]}}",,,,,,,,,,
2025-02-07 11:23:42.253606200+00:00,Evtx,,6.0,109.0,Warning,Microsoft-Windows-Diagnostics-Performance,Microsoft-Windows-Diagnostics-Performance/Operational,1016.0,2020.0,WIN-3M6ADARIMNH,S-1-5-19,,,,False,"{""EventData"":{""Data"":[{""@Name"":""StartTime"",""#text"":""2025-02-07 11:21:59.5624001""},{""@Name"":""NameLength"",""#text"":""32""},{""@Name"":""Name"",""#text"":""PCIIDE\\IDEChannel\\4&amp;c5d1198&amp;0&amp;1""},{""@Name"":""FriendlyNameLength"",""#text"":""12""},{""@Name"":""FriendlyName"",""#text"":""IDE Channel""},{""@Name"":""VersionLength"",""#text"":""0""},{""@Name"":""Version""},{""@Name"":""TotalTime"",""#text"":""2516""},{""@Name"":""DegradationTime"",""#text"":""16""},{""@Name"":""PathLength"",""#text"":""0""},{""@Name"":""Path""},{""@Name"":""ProductNameLength"",""#text"":""0""},{""@Name"":""ProductName""},{""@Name"":""CompanyNameLength"",""#text"":""0""},{""@Name"":""CompanyName""}]}}",,,,,,,,,,
2025-02-07 11:23:42.253606200+00:00,Evtx,,14.0,110.0,Info,Microsoft-Windows-Diagnosis-DPS,Microsoft-Windows-Diagnosis-DPS/Operational,1016.0,2020.0,WIN-3M6ADARIMNH,S-1-5-19,,,,False,"{""EventData"":{""Data"":[{""@Name"":""ScenarioId"",""#text"":""86432a0b-3c7d-4ddf-a89c-172faa90485d""},{""@Name"":""InstanceId"",""#text"":""6a73abea-1e6c-40a2-b84f-19d967150ef9""},{""@Name"":""OriginalActivityId"",""#text"":""86432a0b-3c7d-4ddf-a89c-172faa90485d""},{""@Name"":""DiagnosticModuleImageName"",""#text"":""%SystemRoot%\\system32\\diagperf.dll""},{""@Name"":""DiagnosticModuleId"",""#text"":""c8544339-5be9-4f25-862e-485f1b1a6935""}]}}",,,,,,,,,,
2025-02-07 11:23:42.253606200+00:00,Evtx,,6.0,109.0,Warning,Microsoft-Windows-Diagnostics-Performance,Microsoft-Windows-Diagnostics-Performance/Operational,1016.0,2020.0,WIN-3M6ADARIMNH,S-1-5-19,,,,False,"{""EventData"":{""Data"":[{""@Name"":""StartTime"",""#text"":""2025-02-07 11:21:59.5624001""},{""@Name"":""NameLength"",""#text"":""32""},{""@Name"":""Name"",""#text"":""PCIIDE\\IDEChannel\\4&amp;c5d1198&amp;0&amp;1""},{""@Name"":""FriendlyNameLength"",""#text"":""12""},{""@Name"":""FriendlyName"",""#text"":""IDE Channel""},{""@Name"":""VersionLength"",""#text"":""0""},{""@Name"":""Version""},{""@Name"":""TotalTime"",""#text"":""2516""},{""@Name"":""DegradationTime"",""#text"":""16""},{""@Name"":""PathLength"",""#text"":""0""},{""@Name"":""Path""},{""@Name"":""ProductNameLength"",""#text"":""0""},{""@Name"":""ProductName""},{""@Name"":""CompanyNameLength"",""#text"":""0""},{""@Name"":""CompanyName""}]}}",,,,,,,,,,
2025-02-07 11:23:42.253606200+00:00,Evtx,,5.0,109.0,Warning,Microsoft-Windows-Diagnostics-Performance,Microsoft-Windows-Diagnostics-Performance/Operational,1016.0,2020.0,WIN-3M6ADARIMNH,S-1-5-19,,,,False,"{""EventData"":{""Data"":[{""@Name"":""StartTime"",""#text"":""2025-02-07 11:21:59.5624001""},{""@Name"":""NameLength"",""#text"":""32""},{""@Name"":""Name"",""#text"":""PCIIDE\\IDEChannel\\4&amp;c5d1198&amp;0&amp;0""},{""@Name"":""FriendlyNameLength"",""#text"":""12""},{""@Name"":""FriendlyName"",""#text"":""IDE Channel""},{""@Name"":""VersionLength"",""#text"":""0""},{""@Name"":""Version""},{""@Name"":""TotalTime"",""#text"":""2516""},{""@Name"":""DegradationTime"",""#text"":""16""},{""@Name"":""PathLength"",""#text"":""0""},{""@Name"":""Path""},{""@Name"":""ProductNameLength"",""#text"":""0""},{""@Name"":""ProductName""},{""@Name"":""CompanyNameLength"",""#text"":""0""},{""@Name"":""CompanyName""}]}}",,,,,,,,,,
2025-02-07 11:23:42.253606200+00:00,Evtx,Windows System was started,4.0,100.0,Warning,Microsoft-Windows-Diagnostics-Performance,Microsoft-Windows-Diagnostics-Performance/Operational,1016.0,2020.0,WIN-3M6ADARIMNH,S-1-5-19,,,,False,"{""EventData"":{""Data"":[{""@Name"":""BootTsVersion"",""#text"":""2""},{""@Name"":""BootStartTime"",""#text"":""2025-02-07 11:21:59.5624001""},{""@Name"":""BootEndTime"",""#text"":""2025-02-07 11:23:40.1944026""},{""@Name"":""SystemBootInstance"",""#text"":""7""},{""@Name"":""UserBootInstance"",""#text"":""2""},{""@Name"":""BootTime"",""#text"":""31308""},{""@Name"":""MainPathBootTime"",""#text"":""20808""},{""@Name"":""BootKernelInitTime"",""#text"":""10""},{""@Name"":""BootDriverInitTime"",""#text"":""1151""},{""@Name"":""BootDevicesInitTime"",""#text"":""5386""},{""@Name"":""BootPrefetchInitTime"",""#text"":""5446""},{""@Name"":""BootPrefetchBytes"",""#text"":""635412480""},{""@Name"":""BootAutoChkTime"",""#text"":""0""},{""@Name"":""BootSmssInitTime"",""#text"":""1486""},{""@Name"":""BootCriticalServicesInitTime"",""#text"":""218""},{""@Name"":""BootUserProfileProcessingTime"",""#text"":""288""},{""@Name"":""BootMachineProfileProcessingTime"",""#text"":""169""},{""@Name"":""BootExplorerInitTime"",""#text"":""11386""},{""@Name"":""BootNumStartupApps"",""#text"":""22""},{""@Name"":""BootPostBootTime"",""#text"":""10500""},{""@Name"":""BootIsRebootAfterInstall"",""#text"":""False""},{""@Name"":""BootRootCauseStepImprovementBits"",""#text"":""0""},{""@Name"":""BootRootCauseGradualImprovementBits"",""#text"":""0""},{""@Name"":""BootRootCauseStepDegradationBits"",""#text"":""4194304""},{""@Name"":""BootRootCauseGradualDegradationBits"",""#text"":""4194304""},{""@Name"":""BootIsDegradation"",""#text"":""False""},{""@Name"":""BootIsStepDegradation"",""#text"":""False""},{""@Name"":""BootIsGradualDegradation"",""#text"":""False""},{""@Name"":""BootImprovementDelta"",""#text"":""0""},{""@Name"":""BootDegradationDelta"",""#text"":""0""},{""@Name"":""BootIsRootCauseIdentified"",""#text"":""True""},{""@Name"":""OSLoaderDuration"",""#text"":""1295""},{""@Name"":""BootPNPInitStartTimeMS"",""#text"":""10""},{""@Name"":""BootPNPInitDuration"",""#text"":""5394""},{""@Name"":""OtherKernelInitDuration"",""#text"":""319""},{""@Name"":""SystemPNPInitStartTimeMS"",""#text"":""5709""},{""@Name"":""SystemPNPInitDuration"",""#text"":""1143""},{""@Name"":""SessionInitStartTimeMS"",""#text"":""6858""},{""@Name"":""Session0InitDuration"",""#text"":""642""},{""@Name"":""Session1InitDuration"",""#text"":""64""},{""@Name"":""SessionInitOtherDuration"",""#text"":""780""},{""@Name"":""WinLogonStartTimeMS"",""#text"":""8345""},{""@Name"":""OtherLogonInitActivityDuration"",""#text"":""620""},{""@Name"":""UserLogonWaitDuration"",""#text"":""101""}]}}",,,,,,,,,,
2025-02-07 11:23:42.253606200+00:00,Evtx,,5.0,109.0,Warning,Microsoft-Windows-Diagnostics-Performance,Microsoft-Windows-Diagnostics-Performance/Operational,1016.0,2020.0,WIN-3M6ADARIMNH,S-1-5-19,,,,False,"{""EventData"":{""Data"":[{""@Name"":""StartTime"",""#text"":""2025-02-07 11:21:59.5624001""},{""@Name"":""NameLength"",""#text"":""32""},{""@Name"":""Name"",""#text"":""PCIIDE\\IDEChannel\\4&amp;c5d1198&amp;0&amp;0""},{""@Name"":""FriendlyNameLength"",""#text"":""12""},{""@Name"":""FriendlyName"",""#text"":""IDE Channel""},{""@Name"":""VersionLength"",""#text"":""0""},{""@Name"":""Version""},{""@Name"":""TotalTime"",""#text"":""2516""},{""@Name"":""DegradationTime"",""#text"":""16""},{""@Name"":""PathLength"",""#text"":""0""},{""@Name"":""Path""},{""@Name"":""ProductNameLength"",""#text"":""0""},{""@Name"":""ProductName""},{""@Name"":""CompanyNameLength"",""#text"":""0""},{""@Name"":""CompanyName""}]}}",,,,,,,,,,
2025-02-07 11:23:51.894423100+00:00,Evtx,USB Connection,27.0,2100.0,Info,Microsoft-Windows-DriverFrameworks-UserMode,Microsoft-Windows-DriverFrameworks-UserMode/Operational,1780.0,1984.0,WIN-3M6ADARIMNH,S-1-5-19,,,,False,"{""UserData"":{""UMDFHostDeviceRequest"":{""@instance"":""WPDBUSENUMROOT\\UMB\\2&37C186B&0&STORAGE#VOLUME#_??_USBSTOR#DISK&VEN_GENERAL&PROD_UDISK&REV_5.00#7&B84678D&0&_&0#"",""@lifetime"":""0c06be96-6cf6-43a2-ab24-5e25d128fc86"",""Request"":{""@major"":""27"",""@minor"":""23"",""Argument"":[""0x0"",""0x0"",""0x0"",""0x0""]},""Status"":""3221225659""}}}",,,,,,,,,,
2025-02-07 11:23:51.910023200+00:00,Evtx,,28.0,2102.0,Info,Microsoft-Windows-DriverFrameworks-UserMode,Microsoft-Windows-DriverFrameworks-UserMode/Operational,1780.0,1984.0,WIN-3M6ADARIMNH,S-1-5-19,,,,False,"{""UserData"":{""UMDFHostDeviceRequest"":{""@instance"":""WPDBUSENUMROOT\\UMB\\2&37C186B&0&STORAGE#VOLUME#_??_USBSTOR#DISK&VEN_GENERAL&PROD_UDISK&REV_5.00#7&B84678D&0&_&0#"",""@lifetime"":""0c06be96-6cf6-43a2-ab24-5e25d128fc86"",""Request"":{""@major"":""27"",""@minor"":""23"",""Argument"":[""0x0"",""0x0"",""0x0"",""0x0""]},""Status"":""3221225659""}}}",,,,,,,,,,
2025-02-07 11:23:51.956823200+00:00,Evtx,,33.0,2901.0,Info,Microsoft-Windows-DriverFrameworks-UserMode,Microsoft-Windows-DriverFrameworks-UserMode/Operational,1780.0,1432.0,WIN-3M6ADARIMNH,S-1-5-19,,,,False,"{""UserData"":{""UMDFHostShutdown"":{""@lifetime"":""0c06be96-6cf6-43a2-ab24-5e25d128fc86""}}}",,,,,,,,,,
2025-02-07 11:23:51.956823200+00:00,Evtx,,34.0,1008.0,Info,Microsoft-Windows-DriverFrameworks-UserMode,Microsoft-Windows-DriverFrameworks-UserMode/Operational,768.0,1044.0,WIN-3M6ADARIMNH,S-1-5-18,,,,False,"{""UserData"":{""UMDFDriverManagerHostShutdown"":{""@lifetime"":""0c06be96-6cf6-43a2-ab24-5e25d128fc86"",""TerminateStatus"":""0"",""ExitCode"":""0""}}}",,,,,,,,,,
2025-02-07 11:23:51.956823200+00:00,Evtx,,30.0,2102.0,Info,Microsoft-Windows-DriverFrameworks-UserMode,Microsoft-Windows-DriverFrameworks-UserMode/Operational,1780.0,1984.0,WIN-3M6ADARIMNH,S-1-5-19,,,,False,"{""UserData"":{""UMDFHostDeviceRequest"":{""@instance"":""WPDBUSENUMROOT\\UMB\\2&37C186B&0&STORAGE#VOLUME#_??_USBSTOR#DISK&VEN_GENERAL&PROD_UDISK&REV_5.00#7&B84678D&0&_&0#"",""@lifetime"":""0c06be96-6cf6-43a2-ab24-5e25d128fc86"",""Request"":{""@major"":""27"",""@minor"":""2"",""Argument"":[""0x0"",""0x0"",""0x0"",""0x0""]},""Status"":""3221225659""}}}",,,,,,,,,,
2025-02-07 11:23:51.956823200+00:00,Evtx,USB Connection,29.0,2100.0,Info,Microsoft-Windows-DriverFrameworks-UserMode,Microsoft-Windows-DriverFrameworks-UserMode/Operational,1780.0,1984.0,WIN-3M6ADARIMNH,S-1-5-19,,,,False,"{""UserData"":{""UMDFHostDeviceRequest"":{""@instance"":""WPDBUSENUMROOT\\UMB\\2&37C186B&0&STORAGE#VOLUME#_??_USBSTOR#DISK&VEN_GENERAL&PROD_UDISK&REV_5.00#7&B84678D&0&_&0#"",""@lifetime"":""0c06be96-6cf6-43a2-ab24-5e25d128fc86"",""Request"":{""@major"":""27"",""@minor"":""2"",""Argument"":[""0x0"",""0x0"",""0x0"",""0x0""]},""Status"":""3221225659""}}}",,,,,,,,,,
2025-02-07 11:23:51.956823200+00:00,Evtx,,31.0,1006.0,Info,Microsoft-Windows-DriverFrameworks-UserMode,Microsoft-Windows-DriverFrameworks-UserMode/Operational,768.0,1044.0,WIN-3M6ADARIMNH,S-1-5-18,,,,False,"{""UserData"":{""UMDFDriverManagerHostShutdown"":{""@lifetime"":""0c06be96-6cf6-43a2-ab24-5e25d128fc86""}}}",,,,,,,,,,
2025-02-07 11:23:51.956823200+00:00,Evtx,,32.0,2900.0,Info,Microsoft-Windows-DriverFrameworks-UserMode,Microsoft-Windows-DriverFrameworks-UserMode/Operational,1780.0,1984.0,WIN-3M6ADARIMNH,S-1-5-19,,,,False,"{""UserData"":{""UMDFHostShutdown"":{""@lifetime"":""0c06be96-6cf6-43a2-ab24-5e25d128fc86""}}}",,,,,,,,,,
2025-02-07 11:24:09.632455200+00:00,Evtx,Service started or stopped,732.0,7036.0,Info,Service Control Manager,System,420.0,536.0,WIN-3M6ADARIMNH,,,,,False,"{""EventData"":{""Data"":[{""@Name"":""param1"",""#text"":""Background Intelligent Transfer Service""},{""@Name"":""param2"",""#text"":""running""}],""Binary"":""42-00-49-00-54-00-53-00-2F-00-34-00-00-00""}}",,,,,,,,,,
2025-02-07 11:24:09.772855500+00:00,Evtx,Service started or stopped,733.0,7036.0,Info,Service Control Manager,System,420.0,720.0,WIN-3M6ADARIMNH,,,,,False,"{""EventData"":{""Data"":[{""@Name"":""param1"",""#text"":""Windows Font Cache Service""},{""@Name"":""param2"",""#text"":""running""}],""Binary"":""46-00-6F-00-6E-00-74-00-43-00-61-00-63-00-68-00-65-00-2F-00-34-00-00-00""}}",,,,,,,,,,
2025-02-07 11:24:09.819655500+00:00,Evtx,Service started or stopped,734.0,7036.0,Info,Service Control Manager,System,420.0,720.0,WIN-3M6ADARIMNH,,,,,False,"{""EventData"":{""Data"":[{""@Name"":""param1"",""#text"":""SSDP Discovery""},{""@Name"":""param2"",""#text"":""running""}],""Binary"":""53-00-53-00-44-00-50-00-53-00-52-00-56-00-2F-00-34-00-00-00""}}",,,,,,,,,,
2025-02-07 11:24:09.897655700+00:00,Evtx,Service started or stopped,735.0,7036.0,Info,Service Control Manager,System,420.0,720.0,WIN-3M6ADARIMNH,,,,,False,"{""EventData"":{""Data"":[{""@Name"":""param1"",""#text"":""Software Protection""},{""@Name"":""param2"",""#text"":""running""}],""Binary"":""73-00-70-00-70-00-73-00-76-00-63-00-2F-00-34-00-00-00""}}",,,,,,,,,,
2025-02-07 11:24:10.022455900+00:00,Evtx,Administrative logon,150.0,4672.0,LogAlways,Microsoft-Windows-Security-Auditing,Security,428.0,472.0,WIN-3M6ADARIMNH,,NT AUTHORITY\SYSTEM (S-1-5-18),,,False,"{""EventData"":{""Data"":[{""@Name"":""SubjectUserSid"",""#text"":""S-1-5-18""},{""@Name"":""SubjectUserName"",""#text"":""SYSTEM""},{""@Name"":""SubjectDomainName"",""#text"":""NT AUTHORITY""},{""@Name"":""SubjectLogonId"",""#text"":""0x3E7""},{""@Name"":""PrivilegeList"",""#text"":""SeAssignPrimaryTokenPrivilege, SeTcbPrivilege, SeSecurityPrivilege, SeTakeOwnershipPrivilege, SeLoadDriverPrivilege, SeBackupPrivilege, SeRestorePrivilege, SeDebugPrivilege, SeAuditPrivilege, SeSystemEnvironmentPrivilege, SeImpersonatePrivilege""}]}}",,,,,,,,,,
2025-02-07 11:24:10.022455900+00:00,Evtx,Successful logon,149.0,4624.0,LogAlways,Microsoft-Windows-Security-Auditing,Security,428.0,472.0,WIN-3M6ADARIMNH,,WORKGROUP\WIN-3M6ADARIMNH$, (-),C:\Windows\System32\services.exe,False,"{""EventData"":{""Data"":[{""@Name"":""SubjectUserSid"",""#text"":""S-1-5-18""},{""@Name"":""SubjectUserName"",""#text"":""WIN-3M6ADARIMNH$""},{""@Name"":""SubjectDomainName"",""#text"":""WORKGROUP""},{""@Name"":""SubjectLogonId"",""#text"":""0x3E7""},{""@Name"":""TargetUserSid"",""#text"":""S-1-5-18""},{""@Name"":""TargetUserName"",""#text"":""SYSTEM""},{""@Name"":""TargetDomainName"",""#text"":""NT AUTHORITY""},{""@Name"":""TargetLogonId"",""#text"":""0x3E7""},{""@Name"":""LogonType"",""#text"":""5""},{""@Name"":""LogonProcessName"",""#text"":""Advapi  ""},{""@Name"":""AuthenticationPackageName"",""#text"":""Negotiate""},{""@Name"":""WorkstationName""},{""@Name"":""LogonGuid"",""#text"":""00000000-0000-0000-0000-000000000000""},{""@Name"":""TransmittedServices"",""#text"":""-""},{""@Name"":""LmPackageName"",""#text"":""-""},{""@Name"":""KeyLength"",""#text"":""0""},{""@Name"":""ProcessId"",""#text"":""0x1A4""},{""@Name"":""ProcessName"",""#text"":""C:\\Windows\\System32\\services.exe""},{""@Name"":""IpAddress"",""#text"":""-""},{""@Name"":""IpPort"",""#text"":""-""}]}}",,,,,,,,,,
2025-02-07 11:24:10.084856+00:00,Registry,"Windows Defender Status | Displays the status of whether Windows Defender AntiSpyware is enabled or not. 0 = Enabled (AntiSpyware On), 1 = Disabled",,,,,,,,,,,,,,,Software,Threat Hunting,CMI-CreateHive{199DAFC2-6F16-4946-BF90-5A3FC3A60902}\Microsoft\Windows Defender,DisableAntiSpyware,RegDword,0,,,False,False
2025-02-07 11:24:10.084856+00:00,Registry,"Windows Defender | Microsoft Defender will automatically take action on all detected threats Status, 0 = Enabled (RoutinelyTakingAction On), 1 = Disabled",,,,,,,,,,,,,,,Software,Threat Hunting,CMI-CreateHive{199DAFC2-6F16-4946-BF90-5A3FC3A60902}\Microsoft\Windows Defender,DisableRoutinelyTakingAction,RegDword,1,,,False,False
2025-02-07 11:24:10.100456+00:00,Evtx,,4.0,101.0,LogAlways,Microsoft-Windows-Windows Defender,Microsoft-Windows-Windows Defender/WHC,1300.0,804.0,WIN-3M6ADARIMNH,S-1-5-18,,,,False,"{""EventData"":{""Data"":{""@Name"":""hc_stateid"",""#text"":""10""}}}",,,,,,,,,,
2025-02-07 11:24:10.100456+00:00,Evtx,Service started or stopped,736.0,7036.0,Info,Service Control Manager,System,420.0,720.0,WIN-3M6ADARIMNH,,,,,False,"{""EventData"":{""Data"":[{""@Name"":""param1"",""#text"":""Windows Defender""},{""@Name"":""param2"",""#text"":""running""}],""Binary"":""57-00-69-00-6E-00-44-00-65-00-66-00-65-00-6E-00-64-00-2F-00-34-00-00-00""}}",,,,,,,,,,
2025-02-07 11:24:10.162856200+00:00,Evtx,,2.0,306.0,Verbose,Microsoft-Windows-Bits-Client,Microsoft-Windows-Bits-Client/Operational,816.0,1684.0,WIN-3M6ADARIMNH,S-1-5-18,,,,False,"{""EventData"":""""}",,,,,,,,,,
2025-02-07 11:24:10.162856200+00:00,Evtx,,2.0,306.0,Verbose,Microsoft-Windows-Bits-Client,Microsoft-Windows-Bits-Client/Operational,816.0,1684.0,WIN-3M6ADARIMNH,S-1-5-18,,,,False,"{""EventData"":""""}",,,,,,,,,,
2025-02-07 11:24:10.350056500+00:00,Evtx,Service started or stopped,737.0,7036.0,Info,Service Control Manager,System,420.0,720.0,WIN-3M6ADARIMNH,,,,,False,"{""EventData"":{""Data"":[{""@Name"":""param1"",""#text"":""Security Center""},{""@Name"":""param2"",""#text"":""running""}],""Binary"":""77-00-73-00-63-00-73-00-76-00-63-00-2F-00-34-00-00-00""}}",,,,,,,,,,
2025-02-07 11:24:10.880457400+00:00,Evtx,Service started or stopped,738.0,7036.0,Info,Service Control Manager,System,420.0,720.0,WIN-3M6ADARIMNH,,,,,False,"{""EventData"":{""Data"":[{""@Name"":""param1"",""#text"":""Windows Update""},{""@Name"":""param2"",""#text"":""running""}],""Binary"":""77-00-75-00-61-00-75-00-73-00-65-00-72-00-76-00-2F-00-34-00-00-00""}}",,,,,,,,,,
2025-02-07 11:24:11.317258200+00:00,Evtx,,5.0,101.0,LogAlways,Microsoft-Windows-Windows Defender,Microsoft-Windows-Windows Defender/WHC,1300.0,1840.0,WIN-3M6ADARIMNH,S-1-5-18,,,,False,"{""EventData"":{""Data"":{""@Name"":""hc_stateid"",""#text"":""10""}}}",,,,,,,,,,
2025-02-07 11:25:00.972145400+00:00,Evtx,,4.0,42.0,Info,Microsoft-Windows-WindowsUpdateClient,Microsoft-Windows-WindowsUpdateClient/Operational,816.0,1636.0,WIN-3M6ADARIMNH,S-1-5-18,,,,False,"{""EventData"":{""Data"":[{""@Name"":""hc_stateid"",""#text"":""0""},{""@Name"":""restartDate""},{""@Name"":""restartTime""}]}}",,,,,,,,,,
2025-02-07 11:25:00.972145400+00:00,Evtx,,5.0,42.0,Info,Microsoft-Windows-WindowsUpdateClient,Microsoft-Windows-WindowsUpdateClient/Operational,816.0,1636.0,WIN-3M6ADARIMNH,S-1-5-18,,,,False,"{""EventData"":{""Data"":[{""@Name"":""hc_stateid"",""#text"":""0""},{""@Name"":""restartDate""},{""@Name"":""restartTime""}]}}",,,,,,,,,,
2025-02-07 11:25:00.972145400+00:00,Evtx,,4.0,42.0,Info,Microsoft-Windows-WindowsUpdateClient,Microsoft-Windows-WindowsUpdateClient/Operational,816.0,1636.0,WIN-3M6ADARIMNH,S-1-5-18,,,,False,"{""EventData"":{""Data"":[{""@Name"":""hc_stateid"",""#text"":""0""},{""@Name"":""restartDate""},{""@Name"":""restartTime""}]}}",,,,,,,,,,
2025-02-07 11:25:00.972145400+00:00,Evtx,,5.0,42.0,Info,Microsoft-Windows-WindowsUpdateClient,Microsoft-Windows-WindowsUpdateClient/Operational,816.0,1636.0,WIN-3M6ADARIMNH,S-1-5-18,,,,False,"{""EventData"":{""Data"":[{""@Name"":""hc_stateid"",""#text"":""0""},{""@Name"":""restartDate""},{""@Name"":""restartTime""}]}}",,,,,,,,,,
2025-02-07 11:25:00.972145400+00:00,Evtx,,6.0,30.0,Info,Microsoft-Windows-WindowsUpdateClient,Microsoft-Windows-WindowsUpdateClient/Operational,816.0,1636.0,WIN-3M6ADARIMNH,S-1-5-18,,,,False,"{""EventData"":""""}",,,,,,,,,,
2025-02-07 11:25:00.972145400+00:00,Evtx,,6.0,30.0,Info,Microsoft-Windows-WindowsUpdateClient,Microsoft-Windows-WindowsUpdateClient/Operational,816.0,1636.0,WIN-3M6ADARIMNH,S-1-5-18,,,,False,"{""EventData"":""""}",,,,,,,,,,
2025-02-07 11:25:23.498585+00:00,Evtx,,9.0,1002.0,Warning,Microsoft-Windows-KnownFolders,Microsoft-Windows-Known Folders API Service,1964.0,1900.0,WIN-3M6ADARIMNH,S-1-5-18,,,,False,"{""EventData"":{""Data"":[{""@Name"":""hrError"",""#text"":""0x80070002""},{""@Name"":""FolderId"",""#text"":""b4bfcc3a-db2c-424c-b029-7fe99a87c641""},{""@Name"":""Path"",""#text"":""C:\\Windows\\system32\\config\\systemprofile\\Desktop""}]}}",,,,,,,,,,
2025-02-07 11:25:23.498585+00:00,Evtx,,9.0,1002.0,Warning,Microsoft-Windows-KnownFolders,Microsoft-Windows-Known Folders API Service,1964.0,1900.0,WIN-3M6ADARIMNH,S-1-5-18,,,,False,"{""EventData"":{""Data"":[{""@Name"":""hrError"",""#text"":""0x80070002""},{""@Name"":""FolderId"",""#text"":""b4bfcc3a-db2c-424c-b029-7fe99a87c641""},{""@Name"":""Path"",""#text"":""C:\\Windows\\system32\\config\\systemprofile\\Desktop""}]}}",,,,,,,,,,
2025-02-07 11:25:23.529785+00:00,Evtx,,10.0,1002.0,Warning,Microsoft-Windows-KnownFolders,Microsoft-Windows-Known Folders API Service,1964.0,1900.0,WIN-3M6ADARIMNH,S-1-5-18,,,,False,"{""EventData"":{""Data"":[{""@Name"":""hrError"",""#text"":""0x80070002""},{""@Name"":""FolderId"",""#text"":""ae50c081-ebd2-438a-8655-8a092e34987a""},{""@Name"":""Path"",""#text"":""C:\\Windows\\system32\\config\\systemprofile\\AppData\\Roaming\\Microsoft\\Windows\\Recent""}]}}",,,,,,,,,,
2025-02-07 11:25:23.529785+00:00,Evtx,,10.0,1002.0,Warning,Microsoft-Windows-KnownFolders,Microsoft-Windows-Known Folders API Service,1964.0,1900.0,WIN-3M6ADARIMNH,S-1-5-18,,,,False,"{""EventData"":{""Data"":[{""@Name"":""hrError"",""#text"":""0x80070002""},{""@Name"":""FolderId"",""#text"":""ae50c081-ebd2-438a-8655-8a092e34987a""},{""@Name"":""Path"",""#text"":""C:\\Windows\\system32\\config\\systemprofile\\AppData\\Roaming\\Microsoft\\Windows\\Recent""}]}}",,,,,,,,,,
2025-02-07 11:25:52.077835200+00:00,Evtx,Service started or stopped,739.0,7036.0,Info,Service Control Manager,System,420.0,1788.0,WIN-3M6ADARIMNH,,,,,False,"{""EventData"":{""Data"":[{""@Name"":""param1"",""#text"":""Portable Device Enumerator Service""},{""@Name"":""param2"",""#text"":""stopped""}],""Binary"":""57-00-50-00-44-00-42-00-75-00-73-00-45-00-6E-00-75-00-6D-00-2F-00-31-00-00-00""}}",,,,,,,,,,
2025-02-07 11:26:20.959886+00:00,Evtx,Service started or stopped,740.0,7036.0,Info,Service Control Manager,System,420.0,2056.0,WIN-3M6ADARIMNH,,,,,False,"{""EventData"":{""Data"":[{""@Name"":""param1"",""#text"":""Function Discovery Provider Host""},{""@Name"":""param2"",""#text"":""running""}],""Binary"":""66-00-64-00-50-00-48-00-6F-00-73-00-74-00-2F-00-34-00-00-00""}}",,,,,,,,,,
2025-02-07 11:26:20.979886+00:00,Evtx,Service started or stopped,741.0,7036.0,Info,Service Control Manager,System,420.0,2056.0,WIN-3M6ADARIMNH,,,,,False,"{""EventData"":{""Data"":[{""@Name"":""param1"",""#text"":""Windows Connect Now - Config Registrar""},{""@Name"":""param2"",""#text"":""running""}],""Binary"":""77-00-63-00-6E-00-63-00-73-00-76-00-63-00-2F-00-34-00-00-00""}}",,,,,,,,,,
2025-02-07 11:28:09.268097400+00:00,Evtx,Administrative logon,152.0,4672.0,LogAlways,Microsoft-Windows-Security-Auditing,Security,428.0,492.0,WIN-3M6ADARIMNH,,NT AUTHORITY\SYSTEM (S-1-5-18),,,False,"{""EventData"":{""Data"":[{""@Name"":""SubjectUserSid"",""#text"":""S-1-5-18""},{""@Name"":""SubjectUserName"",""#text"":""SYSTEM""},{""@Name"":""SubjectDomainName"",""#text"":""NT AUTHORITY""},{""@Name"":""SubjectLogonId"",""#text"":""0x3E7""},{""@Name"":""PrivilegeList"",""#text"":""SeAssignPrimaryTokenPrivilege, SeTcbPrivilege, SeSecurityPrivilege, SeTakeOwnershipPrivilege, SeLoadDriverPrivilege, SeBackupPrivilege, SeRestorePrivilege, SeDebugPrivilege, SeAuditPrivilege, SeSystemEnvironmentPrivilege, SeImpersonatePrivilege""}]}}",,,,,,,,,,
2025-02-07 11:28:09.268097400+00:00,Evtx,Successful logon,151.0,4624.0,LogAlways,Microsoft-Windows-Security-Auditing,Security,428.0,492.0,WIN-3M6ADARIMNH,,WORKGROUP\WIN-3M6ADARIMNH$, (-),C:\Windows\System32\services.exe,False,"{""EventData"":{""Data"":[{""@Name"":""SubjectUserSid"",""#text"":""S-1-5-18""},{""@Name"":""SubjectUserName"",""#text"":""WIN-3M6ADARIMNH$""},{""@Name"":""SubjectDomainName"",""#text"":""WORKGROUP""},{""@Name"":""SubjectLogonId"",""#text"":""0x3E7""},{""@Name"":""TargetUserSid"",""#text"":""S-1-5-18""},{""@Name"":""TargetUserName"",""#text"":""SYSTEM""},{""@Name"":""TargetDomainName"",""#text"":""NT AUTHORITY""},{""@Name"":""TargetLogonId"",""#text"":""0x3E7""},{""@Name"":""LogonType"",""#text"":""5""},{""@Name"":""LogonProcessName"",""#text"":""Advapi  ""},{""@Name"":""AuthenticationPackageName"",""#text"":""Negotiate""},{""@Name"":""WorkstationName""},{""@Name"":""LogonGuid"",""#text"":""00000000-0000-0000-0000-000000000000""},{""@Name"":""TransmittedServices"",""#text"":""-""},{""@Name"":""LmPackageName"",""#text"":""-""},{""@Name"":""KeyLength"",""#text"":""0""},{""@Name"":""ProcessId"",""#text"":""0x1A4""},{""@Name"":""ProcessName"",""#text"":""C:\\Windows\\System32\\services.exe""},{""@Name"":""IpAddress"",""#text"":""-""},{""@Name"":""IpPort"",""#text"":""-""}]}}",,,,,,,,,,
2025-02-07 11:28:09.314897400+00:00,Evtx,Service started or stopped,742.0,7036.0,Info,Service Control Manager,System,420.0,1788.0,WIN-3M6ADARIMNH,,,,,False,"{""EventData"":{""Data"":[{""@Name"":""param1"",""#text"":""Volume Shadow Copy""},{""@Name"":""param2"",""#text"":""running""}],""Binary"":""56-00-53-00-53-00-2F-00-34-00-00-00""}}",,,,,,,,,,
2025-02-07 11:28:09.346097500+00:00,Evtx,Successful logon,153.0,4624.0,LogAlways,Microsoft-Windows-Security-Auditing,Security,428.0,492.0,WIN-3M6ADARIMNH,,WORKGROUP\WIN-3M6ADARIMNH$, (-),C:\Windows\System32\services.exe,False,"{""EventData"":{""Data"":[{""@Name"":""SubjectUserSid"",""#text"":""S-1-5-18""},{""@Name"":""SubjectUserName"",""#text"":""WIN-3M6ADARIMNH$""},{""@Name"":""SubjectDomainName"",""#text"":""WORKGROUP""},{""@Name"":""SubjectLogonId"",""#text"":""0x3E7""},{""@Name"":""TargetUserSid"",""#text"":""S-1-5-18""},{""@Name"":""TargetUserName"",""#text"":""SYSTEM""},{""@Name"":""TargetDomainName"",""#text"":""NT AUTHORITY""},{""@Name"":""TargetLogonId"",""#text"":""0x3E7""},{""@Name"":""LogonType"",""#text"":""5""},{""@Name"":""LogonProcessName"",""#text"":""Advapi  ""},{""@Name"":""AuthenticationPackageName"",""#text"":""Negotiate""},{""@Name"":""WorkstationName""},{""@Name"":""LogonGuid"",""#text"":""00000000-0000-0000-0000-000000000000""},{""@Name"":""TransmittedServices"",""#text"":""-""},{""@Name"":""LmPackageName"",""#text"":""-""},{""@Name"":""KeyLength"",""#text"":""0""},{""@Name"":""ProcessId"",""#text"":""0x1A4""},{""@Name"":""ProcessName"",""#text"":""C:\\Windows\\System32\\services.exe""},{""@Name"":""IpAddress"",""#text"":""-""},{""@Name"":""IpPort"",""#text"":""-""}]}}",,,,,,,,,,
2025-02-07 11:28:09.346097500+00:00,Evtx,Administrative logon,154.0,4672.0,LogAlways,Microsoft-Windows-Security-Auditing,Security,428.0,492.0,WIN-3M6ADARIMNH,,NT AUTHORITY\SYSTEM (S-1-5-18),,,False,"{""EventData"":{""Data"":[{""@Name"":""SubjectUserSid"",""#text"":""S-1-5-18""},{""@Name"":""SubjectUserName"",""#text"":""SYSTEM""},{""@Name"":""SubjectDomainName"",""#text"":""NT AUTHORITY""},{""@Name"":""SubjectLogonId"",""#text"":""0x3E7""},{""@Name"":""PrivilegeList"",""#text"":""SeAssignPrimaryTokenPrivilege, SeTcbPrivilege, SeSecurityPrivilege, SeTakeOwnershipPrivilege, SeLoadDriverPrivilege, SeBackupPrivilege, SeRestorePrivilege, SeDebugPrivilege, SeAuditPrivilege, SeSystemEnvironmentPrivilege, SeImpersonatePrivilege""}]}}",,,,,,,,,,
2025-02-07 11:28:09.392897600+00:00,Evtx,Service started or stopped,743.0,7036.0,Info,Service Control Manager,System,420.0,2620.0,WIN-3M6ADARIMNH,,,,,False,"{""EventData"":{""Data"":[{""@Name"":""param1"",""#text"":""Microsoft Software Shadow Copy Provider""},{""@Name"":""param2"",""#text"":""running""}],""Binary"":""73-00-77-00-70-00-72-00-76-00-2F-00-34-00-00-00""}}",,,,,,,,,,
2025-02-07 11:28:12.778103500+00:00,Evtx,Device installation,744.0,20001.0,Info,Microsoft-Windows-UserPnp,System,3056.0,3064.0,WIN-3M6ADARIMNH,S-1-5-18,,,FileRepository\volsnap.inf_amd64_neutral_7499a4fac85b39fc\volsnap.inf,False,"{""UserData"":{""InstallDeviceID"":{""DriverName"":""FileRepository\\volsnap.inf_amd64_neutral_7499a4fac85b39fc\\volsnap.inf"",""DriverVersion"":""6.1.7600.16385"",""DriverProvider"":""Microsoft"",""DeviceInstanceID"":""STORAGE\\VOLUMESNAPSHOT\\HARDDISKVOLUMESNAPSHOT1"",""SetupClass"":""533c5b84-ec70-11d2-9505-00c04f79deaf"",""RebootOption"":""False"",""UpgradeDevice"":""False"",""IsDriverOEM"":""False"",""InstallStatus"":""0x0"",""DriverDescription"":""Generic volume shadow copy""}}}",,,,,,,,,,
2025-02-07 11:28:14.244506100+00:00,Evtx,,745.0,27.0,Info,Microsoft-Windows-WindowsUpdateClient,System,816.0,1636.0,WIN-3M6ADARIMNH,S-1-5-18,,,,False,"{""EventData"":""""}",,,,,,,,,,
2025-02-07 11:28:14.244506100+00:00,Evtx,,7.0,42.0,Info,Microsoft-Windows-WindowsUpdateClient,Microsoft-Windows-WindowsUpdateClient/Operational,816.0,1636.0,WIN-3M6ADARIMNH,S-1-5-18,,,,False,"{""EventData"":{""Data"":[{""@Name"":""hc_stateid"",""#text"":""0""},{""@Name"":""restartDate""},{""@Name"":""restartTime""}]}}",,,,,,,,,,
2025-02-07 11:28:14.244506100+00:00,Evtx,,7.0,42.0,Info,Microsoft-Windows-WindowsUpdateClient,Microsoft-Windows-WindowsUpdateClient/Operational,816.0,1636.0,WIN-3M6ADARIMNH,S-1-5-18,,,,False,"{""EventData"":{""Data"":[{""@Name"":""hc_stateid"",""#text"":""0""},{""@Name"":""restartDate""},{""@Name"":""restartTime""}]}}",,,,,,,,,,
2025-02-07 11:28:14.696906900+00:00,Evtx,,155.0,4904.0,LogAlways,Microsoft-Windows-Security-Auditing,Security,428.0,492.0,WIN-3M6ADARIMNH,,,,,False,"{""EventData"":{""Data"":[{""@Name"":""SubjectUserSid"",""#text"":""S-1-5-18""},{""@Name"":""SubjectUserName"",""#text"":""WIN-3M6ADARIMNH$""},{""@Name"":""SubjectDomainName"",""#text"":""WORKGROUP""},{""@Name"":""SubjectLogonId"",""#text"":""0x3E7""},{""@Name"":""AuditSourceName"",""#text"":""VSSAudit""},{""@Name"":""EventSourceId"",""#text"":""0xA11DD""},{""@Name"":""ProcessId"",""#text"":""0xB20""},{""@Name"":""ProcessName"",""#text"":""C:\\Windows\\System32\\VSSVC.exe""}]}}",,,,,,,,,,
2025-02-07 11:28:14.696906900+00:00,Evtx,,156.0,4905.0,LogAlways,Microsoft-Windows-Security-Auditing,Security,428.0,492.0,WIN-3M6ADARIMNH,,,,,False,"{""EventData"":{""Data"":[{""@Name"":""SubjectUserSid"",""#text"":""S-1-5-18""},{""@Name"":""SubjectUserName"",""#text"":""WIN-3M6ADARIMNH$""},{""@Name"":""SubjectDomainName"",""#text"":""WORKGROUP""},{""@Name"":""SubjectLogonId"",""#text"":""0x3E7""},{""@Name"":""AuditSourceName"",""#text"":""VSSAudit""},{""@Name"":""EventSourceId"",""#text"":""0xA11DD""},{""@Name"":""ProcessId"",""#text"":""0xB20""},{""@Name"":""ProcessName"",""#text"":""C:\\Windows\\System32\\VSSVC.exe""}]}}",,,,,,,,,,
2025-02-07 11:28:15.726508700+00:00,Evtx,Successful logon,157.0,4624.0,LogAlways,Microsoft-Windows-Security-Auditing,Security,428.0,492.0,WIN-3M6ADARIMNH,,WORKGROUP\WIN-3M6ADARIMNH$, (-),C:\Windows\System32\services.exe,False,"{""EventData"":{""Data"":[{""@Name"":""SubjectUserSid"",""#text"":""S-1-5-18""},{""@Name"":""SubjectUserName"",""#text"":""WIN-3M6ADARIMNH$""},{""@Name"":""SubjectDomainName"",""#text"":""WORKGROUP""},{""@Name"":""SubjectLogonId"",""#text"":""0x3E7""},{""@Name"":""TargetUserSid"",""#text"":""S-1-5-18""},{""@Name"":""TargetUserName"",""#text"":""SYSTEM""},{""@Name"":""TargetDomainName"",""#text"":""NT AUTHORITY""},{""@Name"":""TargetLogonId"",""#text"":""0x3E7""},{""@Name"":""LogonType"",""#text"":""5""},{""@Name"":""LogonProcessName"",""#text"":""Advapi  ""},{""@Name"":""AuthenticationPackageName"",""#text"":""Negotiate""},{""@Name"":""WorkstationName""},{""@Name"":""LogonGuid"",""#text"":""00000000-0000-0000-0000-000000000000""},{""@Name"":""TransmittedServices"",""#text"":""-""},{""@Name"":""LmPackageName"",""#text"":""-""},{""@Name"":""KeyLength"",""#text"":""0""},{""@Name"":""ProcessId"",""#text"":""0x1A4""},{""@Name"":""ProcessName"",""#text"":""C:\\Windows\\System32\\services.exe""},{""@Name"":""IpAddress"",""#text"":""-""},{""@Name"":""IpPort"",""#text"":""-""}]}}",,,,,,,,,,
2025-02-07 11:28:15.726508700+00:00,Evtx,Administrative logon,158.0,4672.0,LogAlways,Microsoft-Windows-Security-Auditing,Security,428.0,492.0,WIN-3M6ADARIMNH,,NT AUTHORITY\SYSTEM (S-1-5-18),,,False,"{""EventData"":{""Data"":[{""@Name"":""SubjectUserSid"",""#text"":""S-1-5-18""},{""@Name"":""SubjectUserName"",""#text"":""SYSTEM""},{""@Name"":""SubjectDomainName"",""#text"":""NT AUTHORITY""},{""@Name"":""SubjectLogonId"",""#text"":""0x3E7""},{""@Name"":""PrivilegeList"",""#text"":""SeAssignPrimaryTokenPrivilege, SeTcbPrivilege, SeSecurityPrivilege, SeTakeOwnershipPrivilege, SeLoadDriverPrivilege, SeBackupPrivilege, SeRestorePrivilege, SeDebugPrivilege, SeAuditPrivilege, SeSystemEnvironmentPrivilege, SeImpersonatePrivilege""}]}}",,,,,,,,,,
2025-02-07 11:28:16.350509800+00:00,Evtx,Service started or stopped,746.0,7036.0,Info,Service Control Manager,System,420.0,1788.0,WIN-3M6ADARIMNH,,,,,False,"{""EventData"":{""Data"":[{""@Name"":""param1"",""#text"":""Windows Modules Installer""},{""@Name"":""param2"",""#text"":""running""}],""Binary"":""54-00-72-00-75-00-73-00-74-00-65-00-64-00-49-00-6E-00-73-00-74-00-61-00-6C-00-6C-00-65-00-72-00-2F-00-34-00-00-00""}}",,,,,,,,,,
2025-02-07 11:28:19.002514500+00:00,Evtx,Device installation,747.0,20001.0,Info,Microsoft-Windows-UserPnp,System,1616.0,2176.0,WIN-3M6ADARIMNH,S-1-5-18,,,FileRepository\volsnap.inf_amd64_neutral_7499a4fac85b39fc\volsnap.inf,False,"{""UserData"":{""InstallDeviceID"":{""DriverName"":""FileRepository\\volsnap.inf_amd64_neutral_7499a4fac85b39fc\\volsnap.inf"",""DriverVersion"":""6.1.7600.16385"",""DriverProvider"":""Microsoft"",""DeviceInstanceID"":""STORAGE\\VOLUMESNAPSHOT\\HARDDISKVOLUMESNAPSHOT2"",""SetupClass"":""533c5b84-ec70-11d2-9505-00c04f79deaf"",""RebootOption"":""False"",""UpgradeDevice"":""False"",""IsDriverOEM"":""False"",""InstallStatus"":""0x0"",""DriverDescription"":""Generic volume shadow copy""}}}",,,,,,,,,,
2025-02-07 11:28:20.032116300+00:00,Evtx,,748.0,33.0,Info,volsnap,System,0.0,0.0,WIN-3M6ADARIMNH,,,,,False,"{""EventData"":{""Data"":""\\Device\\HarddiskVolumeShadowCopy1, C:"",""Binary"":""00-00-00-00-02-00-30-00-00-00-00-00-21-00-06-40-02-00-00-00-00-00-00-00-00-00-00-00-00-00-00-00-00-00-00-00-00-00-00-00""}}",,,,,,,,,,
2025-02-07 11:28:20.172516500+00:00,Evtx,Start type of a service has changed,749.0,7040.0,Info,Service Control Manager,System,420.0,1788.0,WIN-3M6ADARIMNH,S-1-5-18,,,TrustedInstaller,False,"{""EventData"":{""Data"":[{""@Name"":""param1"",""#text"":""Windows Modules Installer""},{""@Name"":""param2"",""#text"":""demand start""},{""@Name"":""param3"",""#text"":""auto start""},{""@Name"":""param4"",""#text"":""TrustedInstaller""}]}}",,,,,,,,,,
2025-02-07 11:28:20.812117600+00:00,Evtx,,160.0,4905.0,LogAlways,Microsoft-Windows-Security-Auditing,Security,428.0,492.0,WIN-3M6ADARIMNH,,,,,False,"{""EventData"":{""Data"":[{""@Name"":""SubjectUserSid"",""#text"":""S-1-5-18""},{""@Name"":""SubjectUserName"",""#text"":""WIN-3M6ADARIMNH$""},{""@Name"":""SubjectDomainName"",""#text"":""WORKGROUP""},{""@Name"":""SubjectLogonId"",""#text"":""0x3E7""},{""@Name"":""AuditSourceName"",""#text"":""VSSAudit""},{""@Name"":""EventSourceId"",""#text"":""0xC058B""},{""@Name"":""ProcessId"",""#text"":""0xB20""},{""@Name"":""ProcessName"",""#text"":""C:\\Windows\\System32\\VSSVC.exe""}]}}",,,,,,,,,,
2025-02-07 11:28:20.812117600+00:00,Evtx,,159.0,4904.0,LogAlways,Microsoft-Windows-Security-Auditing,Security,428.0,492.0,WIN-3M6ADARIMNH,,,,,False,"{""EventData"":{""Data"":[{""@Name"":""SubjectUserSid"",""#text"":""S-1-5-18""},{""@Name"":""SubjectUserName"",""#text"":""WIN-3M6ADARIMNH$""},{""@Name"":""SubjectDomainName"",""#text"":""WORKGROUP""},{""@Name"":""SubjectLogonId"",""#text"":""0x3E7""},{""@Name"":""AuditSourceName"",""#text"":""VSSAudit""},{""@Name"":""EventSourceId"",""#text"":""0xC058B""},{""@Name"":""ProcessId"",""#text"":""0xB20""},{""@Name"":""ProcessName"",""#text"":""C:\\Windows\\System32\\VSSVC.exe""}]}}",,,,,,,,,,
2025-02-07 11:28:22.075719800+00:00,Evtx,,161.0,4907.0,LogAlways,Microsoft-Windows-Security-Auditing,Security,428.0,452.0,WIN-3M6ADARIMNH,,,,,False,"{""EventData"":{""Data"":[{""@Name"":""SubjectUserSid"",""#text"":""S-1-5-18""},{""@Name"":""SubjectUserName"",""#text"":""WIN-3M6ADARIMNH$""},{""@Name"":""SubjectDomainName"",""#text"":""WORKGROUP""},{""@Name"":""SubjectLogonId"",""#text"":""0x3E7""},{""@Name"":""ObjectServer"",""#text"":""Security""},{""@Name"":""ObjectType"",""#text"":""File""},{""@Name"":""ObjectName"",""#text"":""C:\\Windows\\System32\\api-ms-win-crt-locale-l1-1-0.dll""},{""@Name"":""HandleId"",""#text"":""0x63C""},{""@Name"":""OldSd""},{""@Name"":""NewSd"",""#text"":""S:ARAI(AU;SAFA;DCLCRPCRSDWDWO;;;WD)""},{""@Name"":""ProcessId"",""#text"":""0x90C""},{""@Name"":""ProcessName"",""#text"":""C:\\Windows\\servicing\\TrustedInstaller.exe""}]}}",,,,,,,,,,
2025-02-07 11:28:22.091319900+00:00,Evtx,,162.0,4907.0,LogAlways,Microsoft-Windows-Security-Auditing,Security,428.0,452.0,WIN-3M6ADARIMNH,,,,,False,"{""EventData"":{""Data"":[{""@Name"":""SubjectUserSid"",""#text"":""S-1-5-18""},{""@Name"":""SubjectUserName"",""#text"":""WIN-3M6ADARIMNH$""},{""@Name"":""SubjectDomainName"",""#text"":""WORKGROUP""},{""@Name"":""SubjectLogonId"",""#text"":""0x3E7""},{""@Name"":""ObjectServer"",""#text"":""Security""},{""@Name"":""ObjectType"",""#text"":""File""},{""@Name"":""ObjectName"",""#text"":""C:\\Windows\\System32\\api-ms-win-crt-math-l1-1-0.dll""},{""@Name"":""HandleId"",""#text"":""0x650""},{""@Name"":""OldSd""},{""@Name"":""NewSd"",""#text"":""S:ARAI(AU;SAFA;DCLCRPCRSDWDWO;;;WD)""},{""@Name"":""ProcessId"",""#text"":""0x90C""},{""@Name"":""ProcessName"",""#text"":""C:\\Windows\\servicing\\TrustedInstaller.exe""}]}}",,,,,,,,,,
2025-02-07 11:28:22.091319900+00:00,Evtx,,168.0,4907.0,LogAlways,Microsoft-Windows-Security-Auditing,Security,428.0,452.0,WIN-3M6ADARIMNH,,,,,False,"{""EventData"":{""Data"":[{""@Name"":""SubjectUserSid"",""#text"":""S-1-5-18""},{""@Name"":""SubjectUserName"",""#text"":""WIN-3M6ADARIMNH$""},{""@Name"":""SubjectDomainName"",""#text"":""WORKGROUP""},{""@Name"":""SubjectLogonId"",""#text"":""0x3E7""},{""@Name"":""ObjectServer"",""#text"":""Security""},{""@Name"":""ObjectType"",""#text"":""File""},{""@Name"":""ObjectName"",""#text"":""C:\\Windows\\System32\\api-ms-win-core-xstate-l2-1-0.dll""},{""@Name"":""HandleId"",""#text"":""0x664""},{""@Name"":""OldSd""},{""@Name"":""NewSd"",""#text"":""S:ARAI(AU;SAFA;DCLCRPCRSDWDWO;;;WD)""},{""@Name"":""ProcessId"",""#text"":""0x90C""},{""@Name"":""ProcessName"",""#text"":""C:\\Windows\\servicing\\TrustedInstaller.exe""}]}}",,,,,,,,,,
2025-02-07 11:28:22.091319900+00:00,Evtx,,167.0,4907.0,LogAlways,Microsoft-Windows-Security-Auditing,Security,428.0,452.0,WIN-3M6ADARIMNH,,,,,False,"{""EventData"":{""Data"":[{""@Name"":""SubjectUserSid"",""#text"":""S-1-5-18""},{""@Name"":""SubjectUserName"",""#text"":""WIN-3M6ADARIMNH$""},{""@Name"":""SubjectDomainName"",""#text"":""WORKGROUP""},{""@Name"":""SubjectLogonId"",""#text"":""0x3E7""},{""@Name"":""ObjectServer"",""#text"":""Security""},{""@Name"":""ObjectType"",""#text"":""File""},{""@Name"":""ObjectName"",""#text"":""C:\\Windows\\System32\\api-ms-win-crt-utility-l1-1-0.dll""},{""@Name"":""HandleId"",""#text"":""0x67C""},{""@Name"":""OldSd""},{""@Name"":""NewSd"",""#text"":""S:ARAI(AU;SAFA;DCLCRPCRSDWDWO;;;WD)""},{""@Name"":""ProcessId"",""#text"":""0x90C""},{""@Name"":""ProcessName"",""#text"":""C:\\Windows\\servicing\\TrustedInstaller.exe""}]}}",,,,,,,,,,
2025-02-07 11:28:22.091319900+00:00,Evtx,,166.0,4907.0,LogAlways,Microsoft-Windows-Security-Auditing,Security,428.0,452.0,WIN-3M6ADARIMNH,,,,,False,"{""EventData"":{""Data"":[{""@Name"":""SubjectUserSid"",""#text"":""S-1-5-18""},{""@Name"":""SubjectUserName"",""#text"":""WIN-3M6ADARIMNH$""},{""@Name"":""SubjectDomainName"",""#text"":""WORKGROUP""},{""@Name"":""SubjectLogonId"",""#text"":""0x3E7""},{""@Name"":""ObjectServer"",""#text"":""Security""},{""@Name"":""ObjectType"",""#text"":""File""},{""@Name"":""ObjectName"",""#text"":""C:\\Windows\\System32\\api-ms-win-crt-stdio-l1-1-0.dll""},{""@Name"":""HandleId"",""#text"":""0x650""},{""@Name"":""OldSd""},{""@Name"":""NewSd"",""#text"":""S:ARAI(AU;SAFA;DCLCRPCRSDWDWO;;;WD)""},{""@Name"":""ProcessId"",""#text"":""0x90C""},{""@Name"":""ProcessName"",""#text"":""C:\\Windows\\servicing\\TrustedInstaller.exe""}]}}",,,,,,,,,,
2025-02-07 11:28:22.091319900+00:00,Evtx,,163.0,4907.0,LogAlways,Microsoft-Windows-Security-Auditing,Security,428.0,452.0,WIN-3M6ADARIMNH,,,,,False,"{""EventData"":{""Data"":[{""@Name"":""SubjectUserSid"",""#text"":""S-1-5-18""},{""@Name"":""SubjectUserName"",""#text"":""WIN-3M6ADARIMNH$""},{""@Name"":""SubjectDomainName"",""#text"":""WORKGROUP""},{""@Name"":""SubjectLogonId"",""#text"":""0x3E7""},{""@Name"":""ObjectServer"",""#text"":""Security""},{""@Name"":""ObjectType"",""#text"":""File""},{""@Name"":""ObjectName"",""#text"":""C:\\Windows\\System32\\api-ms-win-crt-heap-l1-1-0.dll""},{""@Name"":""HandleId"",""#text"":""0x67C""},{""@Name"":""OldSd""},{""@Name"":""NewSd"",""#text"":""S:ARAI(AU;SAFA;DCLCRPCRSDWDWO;;;WD)""},{""@Name"":""ProcessId"",""#text"":""0x90C""},{""@Name"":""ProcessName"",""#text"":""C:\\Windows\\servicing\\TrustedInstaller.exe""}]}}",,,,,,,,,,
2025-02-07 11:28:22.091319900+00:00,Evtx,,164.0,4907.0,LogAlways,Microsoft-Windows-Security-Auditing,Security,428.0,452.0,WIN-3M6ADARIMNH,,,,,False,"{""EventData"":{""Data"":[{""@Name"":""SubjectUserSid"",""#text"":""S-1-5-18""},{""@Name"":""SubjectUserName"",""#text"":""WIN-3M6ADARIMNH$""},{""@Name"":""SubjectDomainName"",""#text"":""WORKGROUP""},{""@Name"":""SubjectLogonId"",""#text"":""0x3E7""},{""@Name"":""ObjectServer"",""#text"":""Security""},{""@Name"":""ObjectType"",""#text"":""File""},{""@Name"":""ObjectName"",""#text"":""C:\\Windows\\System32\\api-ms-win-crt-runtime-l1-1-0.dll""},{""@Name"":""HandleId"",""#text"":""0x664""},{""@Name"":""OldSd""},{""@Name"":""NewSd"",""#text"":""S:ARAI(AU;SAFA;DCLCRPCRSDWDWO;;;WD)""},{""@Name"":""ProcessId"",""#text"":""0x90C""},{""@Name"":""ProcessName"",""#text"":""C:\\Windows\\servicing\\TrustedInstaller.exe""}]}}",,,,,,,,,,
2025-02-07 11:28:22.091319900+00:00,Evtx,,165.0,4907.0,LogAlways,Microsoft-Windows-Security-Auditing,Security,428.0,452.0,WIN-3M6ADARIMNH,,,,,False,"{""EventData"":{""Data"":[{""@Name"":""SubjectUserSid"",""#text"":""S-1-5-18""},{""@Name"":""SubjectUserName"",""#text"":""WIN-3M6ADARIMNH$""},{""@Name"":""SubjectDomainName"",""#text"":""WORKGROUP""},{""@Name"":""SubjectLogonId"",""#text"":""0x3E7""},{""@Name"":""ObjectServer"",""#text"":""Security""},{""@Name"":""ObjectType"",""#text"":""File""},{""@Name"":""ObjectName"",""#text"":""C:\\Windows\\System32\\api-ms-win-crt-filesystem-l1-1-0.dll""},{""@Name"":""HandleId"",""#text"":""0x63C""},{""@Name"":""OldSd""},{""@Name"":""NewSd"",""#text"":""S:ARAI(AU;SAFA;DCLCRPCRSDWDWO;;;WD)""},{""@Name"":""ProcessId"",""#text"":""0x90C""},{""@Name"":""ProcessName"",""#text"":""C:\\Windows\\servicing\\TrustedInstaller.exe""}]}}",,,,,,,,,,
2025-02-07 11:28:22.106919900+00:00,Evtx,,174.0,4907.0,LogAlways,Microsoft-Windows-Security-Auditing,Security,428.0,452.0,WIN-3M6ADARIMNH,,,,,False,"{""EventData"":{""Data"":[{""@Name"":""SubjectUserSid"",""#text"":""S-1-5-18""},{""@Name"":""SubjectUserName"",""#text"":""WIN-3M6ADARIMNH$""},{""@Name"":""SubjectDomainName"",""#text"":""WORKGROUP""},{""@Name"":""SubjectLogonId"",""#text"":""0x3E7""},{""@Name"":""ObjectServer"",""#text"":""Security""},{""@Name"":""ObjectType"",""#text"":""File""},{""@Name"":""ObjectName"",""#text"":""C:\\Windows\\System32\\api-ms-win-core-synch-l1-2-0.dll""},{""@Name"":""HandleId"",""#text"":""0x650""},{""@Name"":""OldSd""},{""@Name"":""NewSd"",""#text"":""S:ARAI(AU;SAFA;DCLCRPCRSDWDWO;;;WD)""},{""@Name"":""ProcessId"",""#text"":""0x90C""},{""@Name"":""ProcessName"",""#text"":""C:\\Windows\\servicing\\TrustedInstaller.exe""}]}}",,,,,,,,,,
2025-02-07 11:28:22.106919900+00:00,Evtx,,169.0,4907.0,LogAlways,Microsoft-Windows-Security-Auditing,Security,428.0,452.0,WIN-3M6ADARIMNH,,,,,False,"{""EventData"":{""Data"":[{""@Name"":""SubjectUserSid"",""#text"":""S-1-5-18""},{""@Name"":""SubjectUserName"",""#text"":""WIN-3M6ADARIMNH$""},{""@Name"":""SubjectDomainName"",""#text"":""WORKGROUP""},{""@Name"":""SubjectLogonId"",""#text"":""0x3E7""},{""@Name"":""ObjectServer"",""#text"":""Security""},{""@Name"":""ObjectType"",""#text"":""File""},{""@Name"":""ObjectName"",""#text"":""C:\\Windows\\System32\\api-ms-win-crt-string-l1-1-0.dll""},{""@Name"":""HandleId"",""#text"":""0x63C""},{""@Name"":""OldSd""},{""@Name"":""NewSd"",""#text"":""S:ARAI(AU;SAFA;DCLCRPCRSDWDWO;;;WD)""},{""@Name"":""ProcessId"",""#text"":""0x90C""},{""@Name"":""ProcessName"",""#text"":""C:\\Windows\\servicing\\TrustedInstaller.exe""}]}}",,,,,,,,,,
2025-02-07 11:28:22.106919900+00:00,Evtx,,170.0,4907.0,LogAlways,Microsoft-Windows-Security-Auditing,Security,428.0,452.0,WIN-3M6ADARIMNH,,,,,False,"{""EventData"":{""Data"":[{""@Name"":""SubjectUserSid"",""#text"":""S-1-5-18""},{""@Name"":""SubjectUserName"",""#text"":""WIN-3M6ADARIMNH$""},{""@Name"":""SubjectDomainName"",""#text"":""WORKGROUP""},{""@Name"":""SubjectLogonId"",""#text"":""0x3E7""},{""@Name"":""ObjectServer"",""#text"":""Security""},{""@Name"":""ObjectType"",""#text"":""File""},{""@Name"":""ObjectName"",""#text"":""C:\\Windows\\System32\\api-ms-win-crt-time-l1-1-0.dll""},{""@Name"":""HandleId"",""#text"":""0x650""},{""@Name"":""OldSd""},{""@Name"":""NewSd"",""#text"":""S:ARAI(AU;SAFA;DCLCRPCRSDWDWO;;;WD)""},{""@Name"":""ProcessId"",""#text"":""0x90C""},{""@Name"":""ProcessName"",""#text"":""C:\\Windows\\servicing\\TrustedInstaller.exe""}]}}",,,,,,,,,,
2025-02-07 11:28:22.106919900+00:00,Evtx,,175.0,4907.0,LogAlways,Microsoft-Windows-Security-Auditing,Security,428.0,452.0,WIN-3M6ADARIMNH,,,,,False,"{""EventData"":{""Data"":[{""@Name"":""SubjectUserSid"",""#text"":""S-1-5-18""},{""@Name"":""SubjectUserName"",""#text"":""WIN-3M6ADARIMNH$""},{""@Name"":""SubjectDomainName"",""#text"":""WORKGROUP""},{""@Name"":""SubjectLogonId"",""#text"":""0x3E7""},{""@Name"":""ObjectServer"",""#text"":""Security""},{""@Name"":""ObjectType"",""#text"":""File""},{""@Name"":""ObjectName"",""#text"":""C:\\Windows\\System32\\api-ms-win-crt-environment-l1-1-0.dll""},{""@Name"":""HandleId"",""#text"":""0x67C""},{""@Name"":""OldSd""},{""@Name"":""NewSd"",""#text"":""S:ARAI(AU;SAFA;DCLCRPCRSDWDWO;;;WD)""},{""@Name"":""ProcessId"",""#text"":""0x90C""},{""@Name"":""ProcessName"",""#text"":""C:\\Windows\\servicing\\TrustedInstaller.exe""}]}}",,,,,,,,,,
2025-02-07 11:28:22.106919900+00:00,Evtx,,173.0,4907.0,LogAlways,Microsoft-Windows-Security-Auditing,Security,428.0,452.0,WIN-3M6ADARIMNH,,,,,False,"{""EventData"":{""Data"":[{""@Name"":""SubjectUserSid"",""#text"":""S-1-5-18""},{""@Name"":""SubjectUserName"",""#text"":""WIN-3M6ADARIMNH$""},{""@Name"":""SubjectDomainName"",""#text"":""WORKGROUP""},{""@Name"":""SubjectLogonId"",""#text"":""0x3E7""},{""@Name"":""ObjectServer"",""#text"":""Security""},{""@Name"":""ObjectType"",""#text"":""File""},{""@Name"":""ObjectName"",""#text"":""C:\\Windows\\System32\\api-ms-win-core-processthreads-l1-1-1.dll""},{""@Name"":""HandleId"",""#text"":""0x63C""},{""@Name"":""OldSd""},{""@Name"":""NewSd"",""#text"":""S:ARAI(AU;SAFA;DCLCRPCRSDWDWO;;;WD)""},{""@Name"":""ProcessId"",""#text"":""0x90C""},{""@Name"":""ProcessName"",""#text"":""C:\\Windows\\servicing\\TrustedInstaller.exe""}]}}",,,,,,,,,,
